wandb: Currently logged in as: quantumiracle. Use `wandb login --relogin` to force relogin
wandb: wandb version 0.13.3 is available!  To upgrade, please run:
wandb:  $ pip install wandb --upgrade
wandb: Tracking run with wandb version 0.13.0
wandb: Run data is saved locally in /home/zihan/research/MARS/wandb/run-20220920_023012-3mlwkqjy
wandb: Run `wandb offline` to turn off syncing.
wandb: Syncing run pettingzoo_tennis_v3_nash_dqn_202209200230
wandb: ⭐️ View project at https://wandb.ai/quantumiracle/Pettingzoo_MARS
wandb: 🚀 View run at https://wandb.ai/quantumiracle/Pettingzoo_MARS/runs/3mlwkqjy
wandb: 429 encountered (Filestream rate limit exceeded, retrying in 2.1878428757480806 seconds), retrying request
wandb: 429 encountered (Filestream rate limit exceeded, retrying in 4.256181460810811 seconds), retrying request
wandb: 429 encountered (Filestream rate limit exceeded, retrying in 2.429617051894708 seconds), retrying request
wandb: 429 encountered (Filestream rate limit exceeded, retrying in 2.089764619517884 seconds), retrying request
wandb: 429 encountered (Filestream rate limit exceeded, retrying in 2.398301700679352 seconds), retrying request
wandb: 429 encountered (Filestream rate limit exceeded, retrying in 4.09599120280531 seconds), retrying request
wandb: 429 encountered (Filestream rate limit exceeded, retrying in 8.10093485505327 seconds), retrying request
wandb: 429 encountered (Filestream rate limit exceeded, retrying in 19.774442106812437 seconds), retrying request
wandb: 429 encountered (Filestream rate limit exceeded, retrying in 33.135515355279665 seconds), retrying request
wandb: 429 encountered (Filestream rate limit exceeded, retrying in 2.382916874632188 seconds), retrying request
wandb: 429 encountered (Filestream rate limit exceeded, retrying in 4.473992800122298 seconds), retrying request
wandb: 429 encountered (Filestream rate limit exceeded, retrying in 9.051797981794767 seconds), retrying request
wandb: 429 encountered (Filestream rate limit exceeded, retrying in 17.01973708614064 seconds), retrying request
wandb: 429 encountered (Filestream rate limit exceeded, retrying in 32.74808936552137 seconds), retrying request
wandb: 429 encountered (Filestream rate limit exceeded, retrying in 2.4484793964719516 seconds), retrying request
wandb: 429 encountered (Filestream rate limit exceeded, retrying in 4.982072033482203 seconds), retrying request
wandb: 429 encountered (Filestream rate limit exceeded, retrying in 2.23128638243317 seconds), retrying request
wandb: 429 encountered (Filestream rate limit exceeded, retrying in 2.3584618384973544 seconds), retrying request
wandb: 429 encountered (Filestream rate limit exceeded, retrying in 4.956936351283163 seconds), retrying request
wandb: 429 encountered (Filestream rate limit exceeded, retrying in 2.032974372715663 seconds), retrying request
wandb: 429 encountered (Filestream rate limit exceeded, retrying in 4.966955590115751 seconds), retrying request
wandb: 429 encountered (Filestream rate limit exceeded, retrying in 2.1140989783202246 seconds), retrying request
wandb: 429 encountered (Filestream rate limit exceeded, retrying in 4.475976070602245 seconds), retrying request
wandb: 429 encountered (Filestream rate limit exceeded, retrying in 2.4191881842176692 seconds), retrying request
wandb: 429 encountered (Filestream rate limit exceeded, retrying in 2.2090919809334375 seconds), retrying request
wandb: 429 encountered (Filestream rate limit exceeded, retrying in 33.871935766625825 seconds), retrying request
wandb: 429 encountered (Filestream rate limit exceeded, retrying in 67.91711835875327 seconds), retrying request
wandb: 429 encountered (Filestream rate limit exceeded, retrying in 2.4949034978076026 seconds), retrying request
wandb: 429 encountered (Filestream rate limit exceeded, retrying in 2.2827441293876882 seconds), retrying request
wandb: 429 encountered (Filestream rate limit exceeded, retrying in 4.645758954714209 seconds), retrying request
wandb: 429 encountered (Filestream rate limit exceeded, retrying in 2.342217463397499 seconds), retrying request
wandb: 429 encountered (Filestream rate limit exceeded, retrying in 4.65867919590413 seconds), retrying request
wandb: 429 encountered (Filestream rate limit exceeded, retrying in 2.285696295515236 seconds), retrying request
wandb: 429 encountered (Filestream rate limit exceeded, retrying in 4.030412466552958 seconds), retrying request
wandb: 429 encountered (Filestream rate limit exceeded, retrying in 2.2626192616770004 seconds), retrying request
wandb: 429 encountered (Filestream rate limit exceeded, retrying in 4.873194107191705 seconds), retrying request
wandb: 429 encountered (Filestream rate limit exceeded, retrying in 2.433931017266864 seconds), retrying request
wandb: 429 encountered (Filestream rate limit exceeded, retrying in 4.800186875957021 seconds), retrying request
wandb: 429 encountered (Filestream rate limit exceeded, retrying in 2.1359892988107703 seconds), retrying request
wandb: 429 encountered (Filestream rate limit exceeded, retrying in 4.586943700916901 seconds), retrying request
wandb: 429 encountered (Filestream rate limit exceeded, retrying in 2.0030283942075173 seconds), retrying request
wandb: 429 encountered (Filestream rate limit exceeded, retrying in 4.870446046491384 seconds), retrying request
wandb: 429 encountered (Filestream rate limit exceeded, retrying in 2.3673485326437436 seconds), retrying request
wandb: 429 encountered (Filestream rate limit exceeded, retrying in 2.182666401091764 seconds), retrying request
wandb: 429 encountered (Filestream rate limit exceeded, retrying in 4.990652837752354 seconds), retrying request
wandb: 429 encountered (Filestream rate limit exceeded, retrying in 9.546224893871575 seconds), retrying request
wandb: 429 encountered (Filestream rate limit exceeded, retrying in 17.185609247227305 seconds), retrying request
wandb: 429 encountered (Filestream rate limit exceeded, retrying in 32.49929183699778 seconds), retrying request
wandb: 429 encountered (Filestream rate limit exceeded, retrying in 68.93569056427935 seconds), retrying request
wandb: 429 encountered (Filestream rate limit exceeded, retrying in 137.47913753358202 seconds), retrying request
wandb: 429 encountered (Filestream rate limit exceeded, retrying in 280.8313718742309 seconds), retrying request
wandb: 429 encountered (Filestream rate limit exceeded, retrying in 359.8815281348451 seconds), retrying request
wandb: 429 encountered (Filestream rate limit exceeded, retrying in 365.08693277148 seconds), retrying request
wandb: 429 encountered (Filestream rate limit exceeded, retrying in 2.184508280640665 seconds), retrying request
wandb: 429 encountered (Filestream rate limit exceeded, retrying in 4.8753115840729455 seconds), retrying request
wandb: 429 encountered (Filestream rate limit exceeded, retrying in 2.1440818051553387 seconds), retrying request
wandb: 429 encountered (Filestream rate limit exceeded, retrying in 4.411710837499371 seconds), retrying request
wandb: 429 encountered (Filestream rate limit exceeded, retrying in 2.0903129283571618 seconds), retrying request
wandb: 429 encountered (Filestream rate limit exceeded, retrying in 4.067364734774449 seconds), retrying request
wandb: 429 encountered (Filestream rate limit exceeded, retrying in 2.2602909665055266 seconds), retrying request
wandb: 429 encountered (Filestream rate limit exceeded, retrying in 2.2173380605586965 seconds), retrying request
wandb: 429 encountered (Filestream rate limit exceeded, retrying in 4.6714797900414675 seconds), retrying request
wandb: 429 encountered (Filestream rate limit exceeded, retrying in 2.319096009942375 seconds), retrying request
wandb: 429 encountered (Filestream rate limit exceeded, retrying in 2.0436595876837336 seconds), retrying request
wandb: 429 encountered (Filestream rate limit exceeded, retrying in 2.240275915918451 seconds), retrying request
wandb: 429 encountered (Filestream rate limit exceeded, retrying in 4.751118694025104 seconds), retrying request
wandb: 429 encountered (Filestream rate limit exceeded, retrying in 2.455132457956839 seconds), retrying request
wandb: 429 encountered (Filestream rate limit exceeded, retrying in 2.2292538474536463 seconds), retrying request
wandb: 429 encountered (Filestream rate limit exceeded, retrying in 2.4738560933221825 seconds), retrying request
wandb: 429 encountered (Filestream rate limit exceeded, retrying in 4.415962694161989 seconds), retrying request
wandb: 429 encountered (Filestream rate limit exceeded, retrying in 2.2702106003681353 seconds), retrying request
wandb: 429 encountered (Filestream rate limit exceeded, retrying in 4.720602107414982 seconds), retrying request
wandb: 429 encountered (Filestream rate limit exceeded, retrying in 2.1177087049838983 seconds), retrying request
wandb: 429 encountered (Filestream rate limit exceeded, retrying in 4.213296615121411 seconds), retrying request
wandb: 429 encountered (Filestream rate limit exceeded, retrying in 4.352495789183269 seconds), retrying request
wandb: 429 encountered (Filestream rate limit exceeded, retrying in 8.444892272979208 seconds), retrying request
wandb: 429 encountered (Filestream rate limit exceeded, retrying in 2.1456937513113012 seconds), retrying request
wandb: 429 encountered (Filestream rate limit exceeded, retrying in 4.774843475277203 seconds), retrying request
wandb: 429 encountered (Filestream rate limit exceeded, retrying in 2.021218596708569 seconds), retrying request
wandb: 429 encountered (Filestream rate limit exceeded, retrying in 2.0573591970060194 seconds), retrying request
wandb: 429 encountered (Filestream rate limit exceeded, retrying in 4.640413084928843 seconds), retrying request
wandb: 429 encountered (Filestream rate limit exceeded, retrying in 2.2942661358146785 seconds), retrying request
wandb: 429 encountered (Filestream rate limit exceeded, retrying in 2.492009369382095 seconds), retrying request
wandb: 429 encountered (Filestream rate limit exceeded, retrying in 2.440363573512983 seconds), retrying request
wandb: 429 encountered (Filestream rate limit exceeded, retrying in 4.8928085964656685 seconds), retrying request
wandb: 429 encountered (Filestream rate limit exceeded, retrying in 2.4208574515138808 seconds), retrying request
wandb: 429 encountered (Filestream rate limit exceeded, retrying in 4.01916371604115 seconds), retrying request
wandb: 429 encountered (Filestream rate limit exceeded, retrying in 2.018450182093944 seconds), retrying request
wandb: 429 encountered (Filestream rate limit exceeded, retrying in 4.752551314045752 seconds), retrying request
wandb: 429 encountered (Filestream rate limit exceeded, retrying in 2.078475309741538 seconds), retrying request
wandb: 429 encountered (Filestream rate limit exceeded, retrying in 4.658165075793139 seconds), retrying request
wandb: 429 encountered (Filestream rate limit exceeded, retrying in 2.363866273866535 seconds), retrying request
wandb: 429 encountered (Filestream rate limit exceeded, retrying in 4.886554789866726 seconds), retrying request
wandb: 429 encountered (Filestream rate limit exceeded, retrying in 2.034441687362854 seconds), retrying request
wandb: 429 encountered (Filestream rate limit exceeded, retrying in 2.35585872310115 seconds), retrying request
wandb: 429 encountered (Filestream rate limit exceeded, retrying in 4.349920605894677 seconds), retrying request
wandb: 429 encountered (Filestream rate limit exceeded, retrying in 2.2239588557256575 seconds), retrying request
wandb: 429 encountered (Filestream rate limit exceeded, retrying in 4.047000741549378 seconds), retrying request
wandb: 429 encountered (Filestream rate limit exceeded, retrying in 2.032252445948692 seconds), retrying request
wandb: 429 encountered (Filestream rate limit exceeded, retrying in 4.9924700649372795 seconds), retrying request
wandb: 429 encountered (Filestream rate limit exceeded, retrying in 2.28235911698125 seconds), retrying request
wandb: 429 encountered (Filestream rate limit exceeded, retrying in 2.4233360897361527 seconds), retrying request
wandb: 429 encountered (Filestream rate limit exceeded, retrying in 4.888922782495245 seconds), retrying request
wandb: 429 encountered (Filestream rate limit exceeded, retrying in 9.884814219849563 seconds), retrying request
wandb: 429 encountered (Filestream rate limit exceeded, retrying in 37.77287191721138 seconds), retrying request
wandb: 429 encountered (Filestream rate limit exceeded, retrying in 65.09438852896638 seconds), retrying request
wandb: 429 encountered (Filestream rate limit exceeded, retrying in 2.3453204876287947 seconds), retrying request
wandb: 429 encountered (Filestream rate limit exceeded, retrying in 2.2347840459801147 seconds), retrying request
wandb: 429 encountered (Filestream rate limit exceeded, retrying in 2.253395974329105 seconds), retrying request
wandb: 429 encountered (Filestream rate limit exceeded, retrying in 4.058063522627963 seconds), retrying request
wandb: 429 encountered (Filestream rate limit exceeded, retrying in 2.0110673909907195 seconds), retrying request
wandb: 429 encountered (Filestream rate limit exceeded, retrying in 4.957776577132502 seconds), retrying request
wandb: 429 encountered (Filestream rate limit exceeded, retrying in 2.017685223591327 seconds), retrying request
wandb: 429 encountered (Filestream rate limit exceeded, retrying in 4.132271855085956 seconds), retrying request
wandb: 429 encountered (Filestream rate limit exceeded, retrying in 2.3884238291343416 seconds), retrying request
wandb: 429 encountered (Filestream rate limit exceeded, retrying in 4.334955363455162 seconds), retrying request
wandb: 429 encountered (Filestream rate limit exceeded, retrying in 2.3359050104069192 seconds), retrying request
wandb: 429 encountered (Filestream rate limit exceeded, retrying in 4.771230497392026 seconds), retrying request
wandb: 429 encountered (Filestream rate limit exceeded, retrying in 2.2302858147495006 seconds), retrying request
wandb: 429 encountered (Filestream rate limit exceeded, retrying in 2.0194271719271915 seconds), retrying request
wandb: 429 encountered (Filestream rate limit exceeded, retrying in 2.244990903736247 seconds), retrying request
wandb: 429 encountered (Filestream rate limit exceeded, retrying in 2.4259190221253233 seconds), retrying request
wandb: 429 encountered (Filestream rate limit exceeded, retrying in 2.364942329839372 seconds), retrying request
wandb: 429 encountered (Filestream rate limit exceeded, retrying in 4.404942460567104 seconds), retrying request
wandb: 429 encountered (Filestream rate limit exceeded, retrying in 8.790935598655244 seconds), retrying request
wandb: 429 encountered (Filestream rate limit exceeded, retrying in 19.269808922629487 seconds), retrying request
wandb: 429 encountered (Filestream rate limit exceeded, retrying in 34.84215936390843 seconds), retrying request
wandb: 429 encountered (Filestream rate limit exceeded, retrying in 2.0256253410437113 seconds), retrying request
wandb: 429 encountered (Filestream rate limit exceeded, retrying in 4.821480326525521 seconds), retrying request
wandb: 429 encountered (Filestream rate limit exceeded, retrying in 2.023134813190839 seconds), retrying request
wandb: 429 encountered (Filestream rate limit exceeded, retrying in 2.3861350954531892 seconds), retrying request
wandb: 429 encountered (Filestream rate limit exceeded, retrying in 4.339338641702527 seconds), retrying request
wandb: 429 encountered (Filestream rate limit exceeded, retrying in 2.098942140903479 seconds), retrying request
wandb: 429 encountered (Filestream rate limit exceeded, retrying in 4.3561330659328545 seconds), retrying request
wandb: 429 encountered (Filestream rate limit exceeded, retrying in 2.099595237351027 seconds), retrying request
wandb: 429 encountered (Filestream rate limit exceeded, retrying in 2.0404336643976277 seconds), retrying request
wandb: 429 encountered (Filestream rate limit exceeded, retrying in 4.255187236642372 seconds), retrying request
wandb: 429 encountered (Filestream rate limit exceeded, retrying in 8.622888955262939 seconds), retrying request
wandb: 429 encountered (Filestream rate limit exceeded, retrying in 16.264824888993168 seconds), retrying request
wandb: 429 encountered (Filestream rate limit exceeded, retrying in 35.54945474131017 seconds), retrying request
wandb: 429 encountered (Filestream rate limit exceeded, retrying in 2.4198909471251904 seconds), retrying request
wandb: 429 encountered (Filestream rate limit exceeded, retrying in 4.163423816006731 seconds), retrying request
wandb: 429 encountered (Filestream rate limit exceeded, retrying in 4.960128629132363 seconds), retrying request
wandb: 429 encountered (Filestream rate limit exceeded, retrying in 2.432507217833396 seconds), retrying request
wandb: 429 encountered (Filestream rate limit exceeded, retrying in 2.174568253334373 seconds), retrying request
wandb: 429 encountered (Filestream rate limit exceeded, retrying in 2.150107407334745 seconds), retrying request
wandb: 429 encountered (Filestream rate limit exceeded, retrying in 2.46114157091599 seconds), retrying request
wandb: 429 encountered (Filestream rate limit exceeded, retrying in 4.563811497230738 seconds), retrying request
pettingzoo_tennis_v3
default:  {'env_name': 'tennis_v3', 'env_type': 'pettingzoo', 'num_envs': 5, 'ram': True, 'seed': 'random', 'record_video': False, 'algorithm': 'NashDQN', 'algorithm_spec': {'episodic_update': False, 'dueling': False, 'replay_buffer_size': '1e5', 'gamma': 0.99, 'multi_step': 1, 'target_update_interval': 1000, 'eps_start': 1.0, 'eps_final': 0.001, 'eps_decay': 1000000}, 'num_process': 1, 'batch_size': 128, 'max_episodes': 10000, 'max_steps_per_episode': 300, 'train_start_frame': 0, 'save_id': 0, 'optimizer': 'adam', 'learning_rate': '1e-4', 'device': 'gpu', 'update_itr': 1, 'log_avg_window': 20, 'log_interval': 20, 'render': False, 'test': False, 'exploit': False, 'load_model_idx': False, 'load_model_full_path': False, 'multiprocess': False, 'eval_models': False, 'save_path': '', 'save_interval': 2000, 'wandb_activate': False, 'wandb_entity': '', 'wandb_project': '', 'wandb_group': '', 'wandb_name': '', 'net_architecture': {'hidden_dim_list': [128, 128, 128, 128], 'hidden_activation': 'ReLU', 'output_activation': False}, 'marl_method': 'nash_dqn', 'marl_spec': {'min_update_interval': 20, 'score_avg_window': 10, 'global_state': False}}
{'env_name': 'tennis_v3', 'env_type': 'pettingzoo', 'num_envs': 5, 'ram': True, 'seed': 'random', 'record_video': True, 'algorithm': 'NashDQN', 'algorithm_spec': {'episodic_update': False, 'dueling': False, 'replay_buffer_size': '1e5', 'gamma': 0.99, 'multi_step': 1, 'target_update_interval': 1000, 'eps_start': 1.0, 'eps_final': 0.001, 'eps_decay': 1000000}, 'num_process': 1, 'batch_size': 128, 'max_episodes': 10000, 'max_steps_per_episode': 300, 'train_start_frame': 0, 'save_id': 202209200230, 'optimizer': 'adam', 'learning_rate': '1e-4', 'device': 'gpu', 'update_itr': 1, 'log_avg_window': 20, 'log_interval': 20, 'render': False, 'test': False, 'exploit': False, 'load_model_idx': False, 'load_model_full_path': False, 'multiprocess': False, 'eval_models': False, 'save_path': '', 'save_interval': 2000, 'wandb_activate': True, 'wandb_entity': 'quantumiracle', 'wandb_project': '', 'wandb_group': '', 'wandb_name': '', 'net_architecture': {'hidden_dim_list': [128, 128, 128, 128], 'hidden_activation': 'ReLU', 'output_activation': False}, 'marl_method': 'nash_dqn', 'marl_spec': {'min_update_interval': 20, 'score_avg_window': 10, 'global_state': False}, 'record_video_interval': 1000}
args:  {'env_name': 'tennis_v3', 'env_type': 'pettingzoo', 'num_envs': 5, 'ram': True, 'seed': 'random', 'record_video': True, 'algorithm': 'NashDQN', 'algorithm_spec': {'episodic_update': False, 'dueling': False, 'replay_buffer_size': '1e5', 'gamma': 0.99, 'multi_step': 1, 'target_update_interval': 1000, 'eps_start': 1.0, 'eps_final': 0.001, 'eps_decay': 1000000}, 'num_process': 1, 'batch_size': 128, 'max_episodes': 10000, 'max_steps_per_episode': 300, 'train_start_frame': 0, 'save_id': 202209200230, 'optimizer': 'adam', 'learning_rate': '1e-4', 'device': 'gpu', 'update_itr': 1, 'log_avg_window': 20, 'log_interval': 20, 'render': False, 'test': False, 'exploit': False, 'load_model_idx': False, 'load_model_full_path': False, 'multiprocess': False, 'eval_models': False, 'save_path': '', 'save_interval': 2000, 'wandb_activate': True, 'wandb_entity': 'quantumiracle', 'wandb_project': 'Pettingzoo_MARS', 'wandb_group': '202209200230', 'wandb_name': 'pettingzoo_tennis_v3_nash_dqn_202209200230', 'net_architecture': {'hidden_dim_list': [128, 128, 128, 128], 'hidden_activation': 'ReLU', 'output_activation': False}, 'marl_method': 'nash_dqn', 'marl_spec': {'min_update_interval': 20, 'score_avg_window': 10, 'global_state': False}, 'record_video_interval': 1000}
tennis_v3 pettingzoo
record video: interval 1000, length 300
Load tennis_v3 environment in type pettingzoo.
Env observation space: <bound method aec_to_parallel_wrapper.observation_space of <pettingzoo.utils.conversions.aec_to_parallel_wrapper object at 0x7f5515a2e898>> action space: <bound method aec_to_parallel_wrapper.action_space of <pettingzoo.utils.conversions.aec_to_parallel_wrapper object at 0x7f5515a2e898>>
random seed: [400, 881, 623, 871, 790]
<mars.env.wrappers.mars_wrappers.SSVecWrapper object at 0x7f5515a4d5f8>
discrete_policy 18 Discrete(18)
discrete_policy 18 Discrete(18)
discrete_policy 18 Discrete(18)
Agents No. [1] (index starting from 0) are not learnable.
Arguments:  {'env_name': 'tennis_v3', 'env_type': 'pettingzoo', 'num_envs': 5, 'ram': True, 'seed': 'random', 'record_video': True, 'algorithm': 'NashDQN', 'algorithm_spec': {'episodic_update': False, 'dueling': False, 'replay_buffer_size': '1e5', 'gamma': 0.99, 'multi_step': 1, 'target_update_interval': 1000, 'eps_start': 1.0, 'eps_final': 0.001, 'eps_decay': 1000000}, 'num_process': 1, 'batch_size': 128, 'max_episodes': 10000, 'max_steps_per_episode': 300, 'train_start_frame': 0, 'save_id': 202209200230, 'optimizer': 'adam', 'learning_rate': '1e-4', 'device': 'gpu', 'update_itr': 1, 'log_avg_window': 20, 'log_interval': 20, 'render': False, 'test': False, 'exploit': False, 'load_model_idx': False, 'load_model_full_path': False, 'multiprocess': False, 'eval_models': False, 'save_path': '', 'save_interval': 2000, 'wandb_activate': True, 'wandb_entity': 'quantumiracle', 'wandb_project': 'Pettingzoo_MARS', 'wandb_group': '202209200230', 'wandb_name': 'pettingzoo_tennis_v3_nash_dqn_202209200230', 'net_architecture': {'hidden_dim_list': [128, 128, 128, 128], 'hidden_activation': 'ReLU', 'output_activation': False}, 'marl_method': 'nash_dqn', 'marl_spec': {'min_update_interval': 20, 'score_avg_window': 10, 'global_state': False}, 'record_video_interval': 1000}
Save models to : /home/zihan/research/MARS/data/model/202209200230/pettingzoo_tennis_v3_nash_dqn. 
 Save logs to: /home/zihan/research/MARS/data/log/202209200230/pettingzoo_tennis_v3_nash_dqn.
Episode: 1/10000 (0.0100%),                 avg. length: 299.0,                last time consumption/overall running time: 34.00s / 34.00 s
first_0:                 episode reward: 2.0000,                 loss: 0.0166
second_0:                 episode reward: -2.0000,                 loss: nan
Episode: 21/10000 (0.2100%),                 avg. length: 299.0,                last time consumption/overall running time: 963.84s / 997.84 s
first_0:                 episode reward: 2.5500,                 loss: 0.0086
second_0:                 episode reward: -2.5500,                 loss: nan
Episode: 41/10000 (0.4100%),                 avg. length: 299.0,                last time consumption/overall running time: 1148.14s / 2145.98 s
first_0:                 episode reward: 2.5000,                 loss: 0.0106
second_0:                 episode reward: -2.5000,                 loss: nan
Episode: 61/10000 (0.6100%),                 avg. length: 299.0,                last time consumption/overall running time: 1204.33s / 3350.31 s
first_0:                 episode reward: 2.1000,                 loss: 0.0056
second_0:                 episode reward: -2.1000,                 loss: nan
Episode: 81/10000 (0.8100%),                 avg. length: 299.0,                last time consumption/overall running time: 1223.11s / 4573.42 s
first_0:                 episode reward: 2.3500,                 loss: 0.0047
second_0:                 episode reward: -2.3500,                 loss: nan
Episode: 101/10000 (1.0100%),                 avg. length: 299.0,                last time consumption/overall running time: 1215.57s / 5788.99 s
first_0:                 episode reward: 2.2000,                 loss: 0.0058
second_0:                 episode reward: -2.2000,                 loss: nan
Episode: 121/10000 (1.2100%),                 avg. length: 299.0,                last time consumption/overall running time: 1222.67s / 7011.65 s
first_0:                 episode reward: 2.5000,                 loss: 0.0065
second_0:                 episode reward: -2.5000,                 loss: nan
Episode: 141/10000 (1.4100%),                 avg. length: 299.0,                last time consumption/overall running time: 1226.09s / 8237.74 s
first_0:                 episode reward: 2.3500,                 loss: 0.0067
second_0:                 episode reward: -2.3500,                 loss: nan
Episode: 161/10000 (1.6100%),                 avg. length: 299.0,                last time consumption/overall running time: 1216.39s / 9454.13 swandb: 429 encountered (Filestream rate limit exceeded, retrying in 2.2686258795535585 seconds), retrying request
wandb: 429 encountered (Filestream rate limit exceeded, retrying in 4.132658618359953 seconds), retrying request
wandb: 429 encountered (Filestream rate limit exceeded, retrying in 2.4653357676342504 seconds), retrying request
wandb: 429 encountered (Filestream rate limit exceeded, retrying in 2.4182092555835384 seconds), retrying request
wandb: 429 encountered (Filestream rate limit exceeded, retrying in 4.838313669004453 seconds), retrying request
wandb: 429 encountered (Filestream rate limit exceeded, retrying in 2.2318248060397283 seconds), retrying request
wandb: 429 encountered (Filestream rate limit exceeded, retrying in 4.634816520304081 seconds), retrying request
wandb: 429 encountered (Filestream rate limit exceeded, retrying in 2.299557309717883 seconds), retrying request
wandb: 429 encountered (Filestream rate limit exceeded, retrying in 4.38344114636105 seconds), retrying request
wandb: 429 encountered (Filestream rate limit exceeded, retrying in 2.1659808557120703 seconds), retrying request
wandb: 429 encountered (Filestream rate limit exceeded, retrying in 4.013970850077571 seconds), retrying request
wandb: 429 encountered (Filestream rate limit exceeded, retrying in 2.1116933071201385 seconds), retrying request
wandb: 429 encountered (Filestream rate limit exceeded, retrying in 2.3990924377538096 seconds), retrying request
wandb: 429 encountered (Filestream rate limit exceeded, retrying in 4.371393811042211 seconds), retrying request
wandb: 429 encountered (Filestream rate limit exceeded, retrying in 2.124284966245043 seconds), retrying request
wandb: 429 encountered (Filestream rate limit exceeded, retrying in 4.159161013472666 seconds), retrying request
wandb: 429 encountered (Filestream rate limit exceeded, retrying in 2.195967446407757 seconds), retrying request
wandb: 429 encountered (Filestream rate limit exceeded, retrying in 4.527307540038882 seconds), retrying request
wandb: 429 encountered (Filestream rate limit exceeded, retrying in 2.253218810637 seconds), retrying request
wandb: 429 encountered (Filestream rate limit exceeded, retrying in 4.786122882750755 seconds), retrying request
wandb: 429 encountered (Filestream rate limit exceeded, retrying in 2.188406239664384 seconds), retrying request
wandb: 429 encountered (Filestream rate limit exceeded, retrying in 4.68817201142919 seconds), retrying request
wandb: 429 encountered (Filestream rate limit exceeded, retrying in 2.4142741595064923 seconds), retrying request
wandb: 429 encountered (Filestream rate limit exceeded, retrying in 4.973996301360772 seconds), retrying request
wandb: 429 encountered (Filestream rate limit exceeded, retrying in 2.0366131343185585 seconds), retrying request
wandb: 429 encountered (Filestream rate limit exceeded, retrying in 2.405226853248184 seconds), retrying request
wandb: 429 encountered (Filestream rate limit exceeded, retrying in 4.275659308916129 seconds), retrying request
wandb: 429 encountered (Filestream rate limit exceeded, retrying in 2.377836348399797 seconds), retrying request
wandb: 429 encountered (Filestream rate limit exceeded, retrying in 2.355996835905894 seconds), retrying request
wandb: 429 encountered (Filestream rate limit exceeded, retrying in 2.3843039825068124 seconds), retrying request
wandb: 429 encountered (Filestream rate limit exceeded, retrying in 4.06167379693035 seconds), retrying request
wandb: 429 encountered (Filestream rate limit exceeded, retrying in 4.470881835267388 seconds), retrying request
wandb: 429 encountered (Filestream rate limit exceeded, retrying in 4.686166443227194 seconds), retrying request
wandb: 429 encountered (Filestream rate limit exceeded, retrying in 2.2641308491088825 seconds), retrying request
wandb: 429 encountered (Filestream rate limit exceeded, retrying in 4.976508475100862 seconds), retrying request
wandb: 429 encountered (Filestream rate limit exceeded, retrying in 2.251689428986417 seconds), retrying request
wandb: 429 encountered (Filestream rate limit exceeded, retrying in 2.4431736988720343 seconds), retrying request
wandb: 429 encountered (Filestream rate limit exceeded, retrying in 2.355974816856672 seconds), retrying request
wandb: 429 encountered (Filestream rate limit exceeded, retrying in 4.71354023394536 seconds), retrying request
wandb: 429 encountered (Filestream rate limit exceeded, retrying in 2.371999737990876 seconds), retrying request
wandb: 429 encountered (Filestream rate limit exceeded, retrying in 4.8955752689336896 seconds), retrying request
wandb: 429 encountered (Filestream rate limit exceeded, retrying in 2.271768834753636 seconds), retrying request
wandb: 429 encountered (Filestream rate limit exceeded, retrying in 4.571312118148227 seconds), retrying request
wandb: 429 encountered (Filestream rate limit exceeded, retrying in 2.3320245972986706 seconds), retrying request
wandb: 429 encountered (Filestream rate limit exceeded, retrying in 2.1387765914029706 seconds), retrying request
wandb: 429 encountered (Filestream rate limit exceeded, retrying in 2.3082605118660924 seconds), retrying request
wandb: 429 encountered (Filestream rate limit exceeded, retrying in 4.430078143533393 seconds), retrying request
wandb: 429 encountered (Filestream rate limit exceeded, retrying in 2.1246220670557787 seconds), retrying request
wandb: 429 encountered (Filestream rate limit exceeded, retrying in 4.566186820107823 seconds), retrying request
wandb: 429 encountered (Filestream rate limit exceeded, retrying in 2.4689325183798845 seconds), retrying request
wandb: 429 encountered (Filestream rate limit exceeded, retrying in 2.1591397651509894 seconds), retrying request
wandb: 429 encountered (Filestream rate limit exceeded, retrying in 4.2774942882344265 seconds), retrying request
wandb: 429 encountered (Filestream rate limit exceeded, retrying in 2.496350918689033 seconds), retrying request
wandb: 429 encountered (Filestream rate limit exceeded, retrying in 4.709745169968144 seconds), retrying request
wandb: 429 encountered (Filestream rate limit exceeded, retrying in 2.2186749585610683 seconds), retrying request
wandb: 429 encountered (Filestream rate limit exceeded, retrying in 4.208046156791651 seconds), retrying request
wandb: 429 encountered (Filestream rate limit exceeded, retrying in 2.115746634449056 seconds), retrying request
wandb: 429 encountered (Filestream rate limit exceeded, retrying in 4.450039221372188 seconds), retrying request
wandb: 429 encountered (Filestream rate limit exceeded, retrying in 2.1413099645045026 seconds), retrying request
wandb: 429 encountered (Filestream rate limit exceeded, retrying in 2.1470530305355573 seconds), retrying request
wandb: 429 encountered (Filestream rate limit exceeded, retrying in 4.394806087317267 seconds), retrying request
wandb: 429 encountered (Filestream rate limit exceeded, retrying in 8.771393091696188 seconds), retrying request
wandb: 429 encountered (Filestream rate limit exceeded, retrying in 2.329727741332708 seconds), retrying request
wandb: 429 encountered (Filestream rate limit exceeded, retrying in 4.072405500052515 seconds), retrying request
wandb: 429 encountered (Filestream rate limit exceeded, retrying in 8.879231478716331 seconds), retrying request
wandb: 429 encountered (Filestream rate limit exceeded, retrying in 2.4600441837718448 seconds), retrying request
wandb: 429 encountered (Filestream rate limit exceeded, retrying in 2.308954403508566 seconds), retrying request
wandb: 429 encountered (Filestream rate limit exceeded, retrying in 4.543125570223955 seconds), retrying request
wandb: 429 encountered (Filestream rate limit exceeded, retrying in 2.367835732695546 seconds), retrying request
wandb: 429 encountered (Filestream rate limit exceeded, retrying in 4.167239384825139 seconds), retrying request
wandb: 429 encountered (Filestream rate limit exceeded, retrying in 8.013570070830907 seconds), retrying request
wandb: 429 encountered (Filestream rate limit exceeded, retrying in 2.3303238235957373 seconds), retrying request
wandb: 429 encountered (Filestream rate limit exceeded, retrying in 4.4071748683727465 seconds), retrying request
wandb: 429 encountered (Filestream rate limit exceeded, retrying in 2.4750305234244583 seconds), retrying request
wandb: 429 encountered (Filestream rate limit exceeded, retrying in 4.874367609441663 seconds), retrying request
wandb: 429 encountered (Filestream rate limit exceeded, retrying in 2.231401604937594 seconds), retrying request
wandb: 429 encountered (Filestream rate limit exceeded, retrying in 2.235863211859801 seconds), retrying request
wandb: 429 encountered (Filestream rate limit exceeded, retrying in 4.297767608144838 seconds), retrying request
wandb: 429 encountered (Filestream rate limit exceeded, retrying in 2.197732188145862 seconds), retrying request
wandb: 429 encountered (Filestream rate limit exceeded, retrying in 4.337239462815796 seconds), retrying request
wandb: 429 encountered (Filestream rate limit exceeded, retrying in 2.012602890550787 seconds), retrying request
wandb: 429 encountered (Filestream rate limit exceeded, retrying in 2.223848534467442 seconds), retrying request
wandb: 429 encountered (Filestream rate limit exceeded, retrying in 4.31327834677885 seconds), retrying request
wandb: 429 encountered (Filestream rate limit exceeded, retrying in 2.3111148719491155 seconds), retrying request
wandb: 429 encountered (Filestream rate limit exceeded, retrying in 4.808417465375187 seconds), retrying request
wandb: 429 encountered (Filestream rate limit exceeded, retrying in 2.4433888768693093 seconds), retrying request
wandb: 429 encountered (Filestream rate limit exceeded, retrying in 4.1610502373162435 seconds), retrying request
wandb: 429 encountered (Filestream rate limit exceeded, retrying in 2.491555798287608 seconds), retrying request
wandb: 429 encountered (Filestream rate limit exceeded, retrying in 2.0859309412743876 seconds), retrying request
wandb: 429 encountered (Filestream rate limit exceeded, retrying in 4.731362032299985 seconds), retrying request
wandb: 429 encountered (Filestream rate limit exceeded, retrying in 2.2612031111574176 seconds), retrying request
wandb: 429 encountered (Filestream rate limit exceeded, retrying in 4.697410915066021 seconds), retrying request
wandb: 429 encountered (Filestream rate limit exceeded, retrying in 2.3170841837545613 seconds), retrying request
wandb: 429 encountered (Filestream rate limit exceeded, retrying in 4.159227542915758 seconds), retrying request
wandb: 429 encountered (Filestream rate limit exceeded, retrying in 2.4209738977268604 seconds), retrying request
wandb: 429 encountered (Filestream rate limit exceeded, retrying in 4.188258978415632 seconds), retrying request
wandb: 429 encountered (Filestream rate limit exceeded, retrying in 9.976275500949264 seconds), retrying request
wandb: 429 encountered (Filestream rate limit exceeded, retrying in 16.33005708805599 seconds), retrying request
wandb: 429 encountered (Filestream rate limit exceeded, retrying in 2.2428990442260006 seconds), retrying request
wandb: 429 encountered (Filestream rate limit exceeded, retrying in 2.3980509587759933 seconds), retrying request
wandb: 429 encountered (Filestream rate limit exceeded, retrying in 4.374041271190679 seconds), retrying request
wandb: 429 encountered (Filestream rate limit exceeded, retrying in 9.946094101133715 seconds), retrying request
wandb: 429 encountered (Filestream rate limit exceeded, retrying in 16.914293720995897 seconds), retrying request
wandb: 429 encountered (Filestream rate limit exceeded, retrying in 37.72163497689762 seconds), retrying request
wandb: 429 encountered (Filestream rate limit exceeded, retrying in 2.0613533088043554 seconds), retrying request
wandb: 429 encountered (Filestream rate limit exceeded, retrying in 4.171371318836969 seconds), retrying request
wandb: 429 encountered (Filestream rate limit exceeded, retrying in 8.880508544181266 seconds), retrying request
wandb: 429 encountered (Filestream rate limit exceeded, retrying in 2.350435595987241 seconds), retrying request
wandb: 429 encountered (Filestream rate limit exceeded, retrying in 4.934096017119956 seconds), retrying request
wandb: 429 encountered (Filestream rate limit exceeded, retrying in 2.140675651178906 seconds), retrying request
wandb: 429 encountered (Filestream rate limit exceeded, retrying in 2.0787729226675102 seconds), retrying request
wandb: 429 encountered (Filestream rate limit exceeded, retrying in 4.911077633124193 seconds), retrying request
wandb: 429 encountered (Filestream rate limit exceeded, retrying in 2.2214967375377217 seconds), retrying request
wandb: 429 encountered (Filestream rate limit exceeded, retrying in 4.909466626789947 seconds), retrying request
wandb: 429 encountered (Filestream rate limit exceeded, retrying in 2.2870145263250565 seconds), retrying request
wandb: 429 encountered (Filestream rate limit exceeded, retrying in 4.874593384023414 seconds), retrying request
wandb: 429 encountered (Filestream rate limit exceeded, retrying in 2.0241572687358698 seconds), retrying request
wandb: 429 encountered (Filestream rate limit exceeded, retrying in 2.468761086517975 seconds), retrying request
wandb: 429 encountered (Filestream rate limit exceeded, retrying in 4.281434018560553 seconds), retrying request
wandb: 429 encountered (Filestream rate limit exceeded, retrying in 2.046917826968134 seconds), retrying request
wandb: 429 encountered (Filestream rate limit exceeded, retrying in 4.301066059803973 seconds), retrying request
wandb: 429 encountered (Filestream rate limit exceeded, retrying in 2.0479623730160337 seconds), retrying request
wandb: 429 encountered (Filestream rate limit exceeded, retrying in 4.120825285514453 seconds), retrying request
wandb: 429 encountered (Filestream rate limit exceeded, retrying in 2.446181911938954 seconds), retrying request
wandb: 429 encountered (Filestream rate limit exceeded, retrying in 4.543351451786709 seconds), retrying request
wandb: 429 encountered (Filestream rate limit exceeded, retrying in 8.247229805705153 seconds), retrying request
wandb: 429 encountered (Filestream rate limit exceeded, retrying in 17.83728507738691 seconds), retrying request
wandb: 429 encountered (Filestream rate limit exceeded, retrying in 2.270148817814654 seconds), retrying request
wandb: 429 encountered (Filestream rate limit exceeded, retrying in 4.27290309689837 seconds), retrying request
wandb: 429 encountered (Filestream rate limit exceeded, retrying in 8.855772155246171 seconds), retrying request
wandb: 429 encountered (Filestream rate limit exceeded, retrying in 17.833084302861845 seconds), retrying request
wandb: 429 encountered (Filestream rate limit exceeded, retrying in 33.880728418057 seconds), retrying request
wandb: 429 encountered (Filestream rate limit exceeded, retrying in 2.2798330862282676 seconds), retrying request
wandb: 429 encountered (Filestream rate limit exceeded, retrying in 4.803434660344956 seconds), retrying request
wandb: 429 encountered (Filestream rate limit exceeded, retrying in 8.609545731239255 seconds), retrying request
wandb: 429 encountered (Filestream rate limit exceeded, retrying in 2.476204410395526 seconds), retrying request
wandb: 429 encountered (Filestream rate limit exceeded, retrying in 4.587866707277296 seconds), retrying request
wandb: 429 encountered (Filestream rate limit exceeded, retrying in 2.207232820672788 seconds), retrying request
wandb: 429 encountered (Filestream rate limit exceeded, retrying in 2.354104470933351 seconds), retrying request
wandb: 429 encountered (Filestream rate limit exceeded, retrying in 4.835209664836381 seconds), retrying request
wandb: 429 encountered (Filestream rate limit exceeded, retrying in 2.224133840228721 seconds), retrying request
wandb: 429 encountered (Filestream rate limit exceeded, retrying in 2.2271900775270934 seconds), retrying request
wandb: 429 encountered (Filestream rate limit exceeded, retrying in 4.230424618327292 seconds), retrying request
wandb: 429 encountered (Filestream rate limit exceeded, retrying in 2.43539405316031 seconds), retrying request
wandb: 429 encountered (Filestream rate limit exceeded, retrying in 4.151845119326361 seconds), retrying request
wandb: 429 encountered (Filestream rate limit exceeded, retrying in 2.1071901185809283 seconds), retrying request
wandb: 429 encountered (Filestream rate limit exceeded, retrying in 2.0108210853612527 seconds), retrying request
wandb: 429 encountered (Filestream rate limit exceeded, retrying in 2.250137296979633 seconds), retrying request
wandb: 429 encountered (Filestream rate limit exceeded, retrying in 2.344424318624562 seconds), retrying request
wandb: 429 encountered (Filestream rate limit exceeded, retrying in 4.594491703190076 seconds), retrying request
wandb: 429 encountered (Filestream rate limit exceeded, retrying in 2.3211157850054023 seconds), retrying request
wandb: 429 encountered (Filestream rate limit exceeded, retrying in 4.272236888101125 seconds), retrying request
wandb: 429 encountered (Filestream rate limit exceeded, retrying in 2.3893478366645517 seconds), retrying request
wandb: 429 encountered (Filestream rate limit exceeded, retrying in 4.740271060879619 seconds), retrying request
wandb: 429 encountered (Filestream rate limit exceeded, retrying in 2.385284522919281 seconds), retrying request
wandb: 429 encountered (Filestream rate limit exceeded, retrying in 2.122034783201321 seconds), retrying request
wandb: 429 encountered (Filestream rate limit exceeded, retrying in 4.102911024492352 seconds), retrying request
wandb: 429 encountered (Filestream rate limit exceeded, retrying in 9.708936585803022 seconds), retrying request
wandb: 429 encountered (Filestream rate limit exceeded, retrying in 2.1925766549747197 seconds), retrying request
wandb: 429 encountered (Filestream rate limit exceeded, retrying in 4.402206960123398 seconds), retrying request
wandb: 429 encountered (Filestream rate limit exceeded, retrying in 9.494776481836695 seconds), retrying request
wandb: 429 encountered (Filestream rate limit exceeded, retrying in 39.80417926978207 seconds), retrying request
wandb: 429 encountered (Filestream rate limit exceeded, retrying in 69.00611601184897 seconds), retrying request
wandb: 429 encountered (Filestream rate limit exceeded, retrying in 2.461622849522393 seconds), retrying request
wandb: 429 encountered (Filestream rate limit exceeded, retrying in 2.291768443293606 seconds), retrying request
wandb: 429 encountered (Filestream rate limit exceeded, retrying in 4.5570028472641635 seconds), retrying request
wandb: 429 encountered (Filestream rate limit exceeded, retrying in 2.363993828497467 seconds), retrying request
wandb: 429 encountered (Filestream rate limit exceeded, retrying in 2.349078073201948 seconds), retrying request
wandb: 429 encountered (Filestream rate limit exceeded, retrying in 2.0156389560755485 seconds), retrying request
wandb: 429 encountered (Filestream rate limit exceeded, retrying in 4.193088197164561 seconds), retrying request
wandb: 429 encountered (Filestream rate limit exceeded, retrying in 2.475322805382304 seconds), retrying request
wandb: 429 encountered (Filestream rate limit exceeded, retrying in 2.4490895542602984 seconds), retrying request
wandb: 429 encountered (Filestream rate limit exceeded, retrying in 4.668687642194511 seconds), retrying request
wandb: 429 encountered (Filestream rate limit exceeded, retrying in 2.059128253771723 seconds), retrying request
wandb: 429 encountered (Filestream rate limit exceeded, retrying in 4.173784566656336 seconds), retrying request
wandb: 429 encountered (Filestream rate limit exceeded, retrying in 2.2655041814089465 seconds), retrying request
wandb: 429 encountered (Filestream rate limit exceeded, retrying in 4.6369612216644995 seconds), retrying request
wandb: 429 encountered (Filestream rate limit exceeded, retrying in 2.2930426683599516 seconds), retrying request
wandb: 429 encountered (Filestream rate limit exceeded, retrying in 4.3433831100039155 seconds), retrying request
wandb: 429 encountered (Filestream rate limit exceeded, retrying in 2.084307059714751 seconds), retrying request
wandb: 429 encountered (Filestream rate limit exceeded, retrying in 4.905250375940961 seconds), retrying request
wandb: 429 encountered (Filestream rate limit exceeded, retrying in 2.2278790667600137 seconds), retrying request
wandb: 429 encountered (Filestream rate limit exceeded, retrying in 4.423623599583031 seconds), retrying request
wandb: 429 encountered (Filestream rate limit exceeded, retrying in 2.2106791114434876 seconds), retrying request
wandb: 429 encountered (Filestream rate limit exceeded, retrying in 4.769717834116012 seconds), retrying request
wandb: 429 encountered (Filestream rate limit exceeded, retrying in 2.305977444314046 seconds), retrying request
wandb: 429 encountered (Filestream rate limit exceeded, retrying in 4.0236076294502094 seconds), retrying request
wandb: 429 encountered (Filestream rate limit exceeded, retrying in 2.43441565944406 seconds), retrying request
wandb: 429 encountered (Filestream rate limit exceeded, retrying in 2.0310823304769805 seconds), retrying request
wandb: 429 encountered (Filestream rate limit exceeded, retrying in 2.4579928955005492 seconds), retrying request
wandb: 429 encountered (Filestream rate limit exceeded, retrying in 4.398483959734118 seconds), retrying request
wandb: 429 encountered (Filestream rate limit exceeded, retrying in 2.318641803253997 seconds), retrying request
wandb: 429 encountered (Filestream rate limit exceeded, retrying in 2.4248075461177003 seconds), retrying request
wandb: 429 encountered (Filestream rate limit exceeded, retrying in 2.2423393801130507 seconds), retrying request
wandb: 429 encountered (Filestream rate limit exceeded, retrying in 4.122043970468542 seconds), retrying request
wandb: 429 encountered (Filestream rate limit exceeded, retrying in 2.354194965357369 seconds), retrying request
wandb: 429 encountered (Filestream rate limit exceeded, retrying in 2.1271943888724034 seconds), retrying request
wandb: 429 encountered (Filestream rate limit exceeded, retrying in 2.1289896971374183 seconds), retrying request
wandb: 429 encountered (Filestream rate limit exceeded, retrying in 4.279172184008943 seconds), retrying request
wandb: 429 encountered (Filestream rate limit exceeded, retrying in 2.4686441022776022 seconds), retrying request
wandb: 429 encountered (Filestream rate limit exceeded, retrying in 4.446971156939022 seconds), retrying request
wandb: 429 encountered (Filestream rate limit exceeded, retrying in 2.4666560635036983 seconds), retrying request
wandb: 429 encountered (Filestream rate limit exceeded, retrying in 4.54816695911069 seconds), retrying request
wandb: 429 encountered (Filestream rate limit exceeded, retrying in 2.1049408183321785 seconds), retrying request
wandb: 429 encountered (Filestream rate limit exceeded, retrying in 2.0472214340163974 seconds), retrying request
wandb: 429 encountered (Filestream rate limit exceeded, retrying in 4.756551026560502 seconds), retrying request
wandb: 429 encountered (Filestream rate limit exceeded, retrying in 4.102913343421175 seconds), retrying request
wandb: 429 encountered (Filestream rate limit exceeded, retrying in 2.311907653928877 seconds), retrying request
wandb: 429 encountered (Filestream rate limit exceeded, retrying in 2.364871268380419 seconds), retrying request
wandb: 429 encountered (Filestream rate limit exceeded, retrying in 2.31570281309563 seconds), retrying request
wandb: 429 encountered (Filestream rate limit exceeded, retrying in 2.2766336476362596 seconds), retrying request
wandb: 429 encountered (Filestream rate limit exceeded, retrying in 4.023431132022476 seconds), retrying request
wandb: 429 encountered (Filestream rate limit exceeded, retrying in 2.2291738998931026 seconds), retrying request
wandb: 429 encountered (Filestream rate limit exceeded, retrying in 4.571856459407479 seconds), retrying request
wandb: 429 encountered (Filestream rate limit exceeded, retrying in 2.4277970359723695 seconds), retrying request
wandb: 429 encountered (Filestream rate limit exceeded, retrying in 4.693398647647506 seconds), retrying request
wandb: 429 encountered (Filestream rate limit exceeded, retrying in 2.4867737469784443 seconds), retrying request
wandb: 429 encountered (Filestream rate limit exceeded, retrying in 2.4555478765513987 seconds), retrying request
wandb: 429 encountered (Filestream rate limit exceeded, retrying in 4.4736213465763806 seconds), retrying request
wandb: 429 encountered (Filestream rate limit exceeded, retrying in 9.544814938184194 seconds), retrying request
wandb: 429 encountered (Filestream rate limit exceeded, retrying in 17.66223415163804 seconds), retrying request
wandb: 429 encountered (Filestream rate limit exceeded, retrying in 35.5727440624682 seconds), retrying request
wandb: 429 encountered (Filestream rate limit exceeded, retrying in 2.3597533676154834 seconds), retrying request
wandb: 429 encountered (Filestream rate limit exceeded, retrying in 4.430223109895814 seconds), retrying request
wandb: 429 encountered (Filestream rate limit exceeded, retrying in 2.3959622364091553 seconds), retrying request
wandb: 429 encountered (Filestream rate limit exceeded, retrying in 2.026090018566157 seconds), retrying request
wandb: 429 encountered (Filestream rate limit exceeded, retrying in 4.263762817811184 seconds), retrying request
wandb: 429 encountered (Filestream rate limit exceeded, retrying in 2.448309486004011 seconds), retrying request
wandb: 429 encountered (Filestream rate limit exceeded, retrying in 2.456149166077943 seconds), retrying request
wandb: 429 encountered (Filestream rate limit exceeded, retrying in 4.308129905544707 seconds), retrying request
wandb: 429 encountered (Filestream rate limit exceeded, retrying in 2.273093315577842 seconds), retrying request
wandb: 429 encountered (Filestream rate limit exceeded, retrying in 4.025364086422107 seconds), retrying request
wandb: 429 encountered (Filestream rate limit exceeded, retrying in 2.3376665415647837 seconds), retrying request
wandb: 429 encountered (Filestream rate limit exceeded, retrying in 2.1725388126955236 seconds), retrying request
wandb: 429 encountered (Filestream rate limit exceeded, retrying in 4.608257967716281 seconds), retrying request
wandb: 429 encountered (Filestream rate limit exceeded, retrying in 8.724048826185156 seconds), retrying request
wandb: 429 encountered (Filestream rate limit exceeded, retrying in 2.213445878872793 seconds), retrying request
wandb: 429 encountered (Filestream rate limit exceeded, retrying in 4.6831395752410705 seconds), retrying request
wandb: 429 encountered (Filestream rate limit exceeded, retrying in 2.328587480568181 seconds), retrying request
wandb: 429 encountered (Filestream rate limit exceeded, retrying in 2.045155232921845 seconds), retrying request
wandb: 429 encountered (Filestream rate limit exceeded, retrying in 2.1228678420072264 seconds), retrying request
wandb: 429 encountered (Filestream rate limit exceeded, retrying in 2.204662243193248 seconds), retrying request
wandb: 429 encountered (Filestream rate limit exceeded, retrying in 4.097542656739552 seconds), retrying request
wandb: 429 encountered (Filestream rate limit exceeded, retrying in 8.101345312959387 seconds), retrying request
wandb: 429 encountered (Filestream rate limit exceeded, retrying in 19.802802641766824 seconds), retrying request
wandb: 429 encountered (Filestream rate limit exceeded, retrying in 2.4922131453776 seconds), retrying request
wandb: 429 encountered (Filestream rate limit exceeded, retrying in 4.06726441969444 seconds), retrying request
wandb: 429 encountered (Filestream rate limit exceeded, retrying in 2.4500816209312166 seconds), retrying request
wandb: 429 encountered (Filestream rate limit exceeded, retrying in 4.32203145411592 seconds), retrying request
wandb: 429 encountered (Filestream rate limit exceeded, retrying in 4.1824711347579955 seconds), retrying request
wandb: 429 encountered (Filestream rate limit exceeded, retrying in 2.0776133810525304 seconds), retrying request
wandb: 429 encountered (Filestream rate limit exceeded, retrying in 4.41283219676992 seconds), retrying request
wandb: 429 encountered (Filestream rate limit exceeded, retrying in 2.1805098092041963 seconds), retrying request
wandb: 429 encountered (Filestream rate limit exceeded, retrying in 2.443282728592856 seconds), retrying request
wandb: 429 encountered (Filestream rate limit exceeded, retrying in 4.284856546240825 seconds), retrying request
wandb: 429 encountered (Filestream rate limit exceeded, retrying in 8.284547228887911 seconds), retrying request
wandb: 429 encountered (Filestream rate limit exceeded, retrying in 32.70950262749372 seconds), retrying request
wandb: 429 encountered (Filestream rate limit exceeded, retrying in 64.54351756354144 seconds), retrying request
wandb: 429 encountered (Filestream rate limit exceeded, retrying in 2.1855691308780374 seconds), retrying request
wandb: 429 encountered (Filestream rate limit exceeded, retrying in 4.55375707087391 seconds), retrying request
wandb: 429 encountered (Filestream rate limit exceeded, retrying in 2.378884202336586 seconds), retrying request
wandb: 429 encountered (Filestream rate limit exceeded, retrying in 4.225564242780054 seconds), retrying request
wandb: 429 encountered (Filestream rate limit exceeded, retrying in 9.908609076258049 seconds), retrying request
/home/zihan/anaconda3/envs/x/lib/python3.7/site-packages/tensorflow/python/framework/dtypes.py:516: FutureWarning: Passing (type, 1) or '1type' as a synonym of type is deprecated; in a future version of numpy, it will be understood as (type, (1,)) / '(1,)type'.
  _np_qint8 = np.dtype([("qint8", np.int8, 1)])
/home/zihan/anaconda3/envs/x/lib/python3.7/site-packages/tensorflow/python/framework/dtypes.py:517: FutureWarning: Passing (type, 1) or '1type' as a synonym of type is deprecated; in a future version of numpy, it will be understood as (type, (1,)) / '(1,)type'.
  _np_quint8 = np.dtype([("quint8", np.uint8, 1)])
/home/zihan/anaconda3/envs/x/lib/python3.7/site-packages/tensorflow/python/framework/dtypes.py:518: FutureWarning: Passing (type, 1) or '1type' as a synonym of type is deprecated; in a future version of numpy, it will be understood as (type, (1,)) / '(1,)type'.
  _np_qint16 = np.dtype([("qint16", np.int16, 1)])
/home/zihan/anaconda3/envs/x/lib/python3.7/site-packages/tensorflow/python/framework/dtypes.py:519: FutureWarning: Passing (type, 1) or '1type' as a synonym of type is deprecated; in a future version of numpy, it will be understood as (type, (1,)) / '(1,)type'.
  _np_quint16 = np.dtype([("quint16", np.uint16, 1)])
/home/zihan/anaconda3/envs/x/lib/python3.7/site-packages/tensorflow/python/framework/dtypes.py:520: FutureWarning: Passing (type, 1) or '1type' as a synonym of type is deprecated; in a future version of numpy, it will be understood as (type, (1,)) / '(1,)type'.
  _np_qint32 = np.dtype([("qint32", np.int32, 1)])
/home/zihan/anaconda3/envs/x/lib/python3.7/site-packages/tensorflow/python/framework/dtypes.py:525: FutureWarning: Passing (type, 1) or '1type' as a synonym of type is deprecated; in a future version of numpy, it will be understood as (type, (1,)) / '(1,)type'.
  np_resource = np.dt