wandb: Currently logged in as: quantumiracle. Use `wandb login --relogin` to force relogin
wandb: wandb version 0.13.3 is available!  To upgrade, please run:
wandb:  $ pip install wandb --upgrade
wandb: Tracking run with wandb version 0.13.0
wandb: Run data is saved locally in /home/zihan/research/MARS/wandb/run-20220920_023012-gd053as4
wandb: Run `wandb offline` to turn off syncing.
wandb: Syncing run pettingzoo_tennis_v3_nfsp_202209200230
wandb: ⭐️ View project at https://wandb.ai/quantumiracle/Pettingzoo_MARS
wandb: 🚀 View run at https://wandb.ai/quantumiracle/Pettingzoo_MARS/runs/gd053as4
wandb: 429 encountered (Filestream rate limit exceeded, retrying in 2.0494255769140617 seconds), retrying request
wandb: 429 encountered (Filestream rate limit exceeded, retrying in 4.288795605719759 seconds), retrying request
wandb: 429 encountered (Filestream rate limit exceeded, retrying in 2.105653077093561 seconds), retrying request
wandb: 429 encountered (Filestream rate limit exceeded, retrying in 4.516792403539244 seconds), retrying request
wandb: 429 encountered (Filestream rate limit exceeded, retrying in 2.0064031596368106 seconds), retrying request
wandb: 429 encountered (Filestream rate limit exceeded, retrying in 4.438353432128971 seconds), retrying request
wandb: 429 encountered (Filestream rate limit exceeded, retrying in 8.009557032771012 seconds), retrying request
wandb: 429 encountered (Filestream rate limit exceeded, retrying in 2.309580031339729 seconds), retrying request
wandb: 429 encountered (Filestream rate limit exceeded, retrying in 2.3246190655874264 seconds), retrying request
wandb: 429 encountered (Filestream rate limit exceeded, retrying in 4.750208694893077 seconds), retrying request
wandb: 429 encountered (Filestream rate limit exceeded, retrying in 8.403770919038775 seconds), retrying request
wandb: 429 encountered (Filestream rate limit exceeded, retrying in 16.338964497385405 seconds), retrying request
wandb: 429 encountered (Filestream rate limit exceeded, retrying in 2.4247081130926813 seconds), retrying request
wandb: 429 encountered (Filestream rate limit exceeded, retrying in 2.125435012747534 seconds), retrying request
wandb: 429 encountered (Filestream rate limit exceeded, retrying in 4.316472874375715 seconds), retrying request
wandb: 429 encountered (Filestream rate limit exceeded, retrying in 8.814591410046573 seconds), retrying request
wandb: 429 encountered (Filestream rate limit exceeded, retrying in 4.294342282128882 seconds), retrying request
wandb: 429 encountered (Filestream rate limit exceeded, retrying in 9.868399475726251 seconds), retrying request
wandb: 429 encountered (Filestream rate limit exceeded, retrying in 39.26987194463293 seconds), retrying request
wandb: 429 encountered (Filestream rate limit exceeded, retrying in 2.268180496426085 seconds), retrying request
wandb: 429 encountered (Filestream rate limit exceeded, retrying in 4.243449786893462 seconds), retrying request
wandb: 429 encountered (Filestream rate limit exceeded, retrying in 2.422882864801643 seconds), retrying request
wandb: 429 encountered (Filestream rate limit exceeded, retrying in 4.946469367581448 seconds), retrying request
wandb: 429 encountered (Filestream rate limit exceeded, retrying in 2.079327985561844 seconds), retrying request
wandb: 429 encountered (Filestream rate limit exceeded, retrying in 2.2003543121064437 seconds), retrying request
wandb: 429 encountered (Filestream rate limit exceeded, retrying in 4.592828351572074 seconds), retrying request
wandb: 429 encountered (Filestream rate limit exceeded, retrying in 2.3213970928128917 seconds), retrying request
wandb: 429 encountered (Filestream rate limit exceeded, retrying in 4.465145698553799 seconds), retrying request
wandb: 429 encountered (Filestream rate limit exceeded, retrying in 2.183610376660736 seconds), retrying request
pettingzoo_tennis_v3
default:  {'env_name': 'tennis_v3', 'env_type': 'pettingzoo', 'num_envs': 5, 'ram': True, 'seed': 'random', 'record_video': False, 'algorithm': 'NFSP', 'algorithm_spec': {'episodic_update': False, 'dueling': False, 'replay_buffer_size': '1e5', 'gamma': 0.99, 'multi_step': 1, 'target_update_interval': 1000, 'eps_start': 1.0, 'eps_final': 0.001, 'eps_decay': 100000}, 'num_process': 1, 'batch_size': 128, 'max_episodes': 10000, 'max_steps_per_episode': 300, 'train_start_frame': 10000, 'save_id': 0, 'optimizer': 'adam', 'learning_rate': '1e-4', 'device': 'gpu', 'update_itr': 1, 'log_avg_window': 20, 'log_interval': 20, 'render': False, 'test': False, 'exploit': False, 'load_model_idx': False, 'load_model_full_path': False, 'multiprocess': False, 'eval_models': False, 'save_path': '', 'save_interval': 2000, 'wandb_activate': False, 'wandb_entity': '', 'wandb_project': '', 'wandb_group': '', 'wandb_name': '', 'net_architecture': {'hidden_dim_list': [128, 128, 128, 128], 'hidden_activation': 'ReLU', 'output_activation': False, 'policy': {'hidden_dim_list': [128, 128, 128, 128], 'hidden_activation': 'ReLU', 'output_activation': 'Softmax'}}, 'marl_method': 'nfsp', 'marl_spec': {'min_update_interval': 20, 'score_avg_window': 10, 'global_state': False, 'eta': 0.1}}
{'env_name': 'tennis_v3', 'env_type': 'pettingzoo', 'num_envs': 5, 'ram': True, 'seed': 'random', 'record_video': True, 'algorithm': 'NFSP', 'algorithm_spec': {'episodic_update': False, 'dueling': False, 'replay_buffer_size': '1e5', 'gamma': 0.99, 'multi_step': 1, 'target_update_interval': 1000, 'eps_start': 1.0, 'eps_final': 0.001, 'eps_decay': 100000}, 'num_process': 1, 'batch_size': 128, 'max_episodes': 10000, 'max_steps_per_episode': 300, 'train_start_frame': 10000, 'save_id': 202209200230, 'optimizer': 'adam', 'learning_rate': '1e-4', 'device': 'gpu', 'update_itr': 1, 'log_avg_window': 20, 'log_interval': 20, 'render': False, 'test': False, 'exploit': False, 'load_model_idx': False, 'load_model_full_path': False, 'multiprocess': False, 'eval_models': False, 'save_path': '', 'save_interval': 2000, 'wandb_activate': True, 'wandb_entity': 'quantumiracle', 'wandb_project': '', 'wandb_group': '', 'wandb_name': '', 'net_architecture': {'hidden_dim_list': [128, 128, 128, 128], 'hidden_activation': 'ReLU', 'output_activation': False, 'policy': {'hidden_dim_list': [128, 128, 128, 128], 'hidden_activation': 'ReLU', 'output_activation': 'Softmax'}}, 'marl_method': 'nfsp', 'marl_spec': {'min_update_interval': 20, 'score_avg_window': 10, 'global_state': False, 'eta': 0.1}, 'record_video_interval': 1000}
args:  {'env_name': 'tennis_v3', 'env_type': 'pettingzoo', 'num_envs': 5, 'ram': True, 'seed': 'random', 'record_video': True, 'algorithm': 'NFSP', 'algorithm_spec': {'episodic_update': False, 'dueling': False, 'replay_buffer_size': '1e5', 'gamma': 0.99, 'multi_step': 1, 'target_update_interval': 1000, 'eps_start': 1.0, 'eps_final': 0.001, 'eps_decay': 100000}, 'num_process': 1, 'batch_size': 128, 'max_episodes': 10000, 'max_steps_per_episode': 300, 'train_start_frame': 10000, 'save_id': 202209200230, 'optimizer': 'adam', 'learning_rate': '1e-4', 'device': 'gpu', 'update_itr': 1, 'log_avg_window': 20, 'log_interval': 20, 'render': False, 'test': False, 'exploit': False, 'load_model_idx': False, 'load_model_full_path': False, 'multiprocess': False, 'eval_models': False, 'save_path': '', 'save_interval': 2000, 'wandb_activate': True, 'wandb_entity': 'quantumiracle', 'wandb_project': 'Pettingzoo_MARS', 'wandb_group': '202209200230', 'wandb_name': 'pettingzoo_tennis_v3_nfsp_202209200230', 'net_architecture': {'hidden_dim_list': [128, 128, 128, 128], 'hidden_activation': 'ReLU', 'output_activation': False, 'policy': {'hidden_dim_list': [128, 128, 128, 128], 'hidden_activation': 'ReLU', 'output_activation': 'Softmax'}}, 'marl_method': 'nfsp', 'marl_spec': {'min_update_interval': 20, 'score_avg_window': 10, 'global_state': False, 'eta': 0.1}, 'record_video_interval': 1000}
tennis_v3 pettingzoo
record video: interval 1000, length 300
Load tennis_v3 environment in type pettingzoo.
Env observation space: <bound method aec_to_parallel_wrapper.observation_space of <pettingzoo.utils.conversions.aec_to_parallel_wrapper object at 0x7fe5dac14a90>> action space: <bound method aec_to_parallel_wrapper.action_space of <pettingzoo.utils.conversions.aec_to_parallel_wrapper object at 0x7fe5dac14a90>>
random seed: [623, 83, 701, 100, 697]
<mars.env.wrappers.mars_wrappers.SSVecWrapper object at 0x7fe5dac26cc0>
discrete_policy 18 Discrete(18)
discrete_policy 18 Discrete(18)
discrete_policy 18 Discrete(18)
discrete_policy 18 Discrete(18)
discrete_policy 18 Discrete(18)
No agent are not learnable.
Arguments:  {'env_name': 'tennis_v3', 'env_type': 'pettingzoo', 'num_envs': 5, 'ram': True, 'seed': 'random', 'record_video': True, 'algorithm': 'NFSP', 'algorithm_spec': {'episodic_update': False, 'dueling': False, 'replay_buffer_size': '1e5', 'gamma': 0.99, 'multi_step': 1, 'target_update_interval': 1000, 'eps_start': 1.0, 'eps_final': 0.001, 'eps_decay': 100000}, 'num_process': 1, 'batch_size': 128, 'max_episodes': 10000, 'max_steps_per_episode': 300, 'train_start_frame': 10000, 'save_id': 202209200230, 'optimizer': 'adam', 'learning_rate': '1e-4', 'device': 'gpu', 'update_itr': 1, 'log_avg_window': 20, 'log_interval': 20, 'render': False, 'test': False, 'exploit': False, 'load_model_idx': False, 'load_model_full_path': False, 'multiprocess': False, 'eval_models': False, 'save_path': '', 'save_interval': 2000, 'wandb_activate': True, 'wandb_entity': 'quantumiracle', 'wandb_project': 'Pettingzoo_MARS', 'wandb_group': '202209200230', 'wandb_name': 'pettingzoo_tennis_v3_nfsp_202209200230', 'net_architecture': {'hidden_dim_list': [128, 128, 128, 128], 'hidden_activation': 'ReLU', 'output_activation': False, 'policy': {'hidden_dim_list': [128, 128, 128, 128], 'hidden_activation': 'ReLU', 'output_activation': 'Softmax'}}, 'marl_method': 'nfsp', 'marl_spec': {'min_update_interval': 20, 'score_avg_window': 10, 'global_state': False, 'eta': 0.1}, 'record_video_interval': 1000}
Save models to : /home/zihan/research/MARS/data/model/202209200230/pettingzoo_tennis_v3_nfsp. 
 Save logs to: /home/zihan/research/MARS/data/log/202209200230/pettingzoo_tennis_v3_nfsp.
Episode: 1/10000 (0.0100%),                 avg. length: 299.0,                last time consumption/overall running time: 2.79s / 2.79 s
first_0:                 episode reward: 2.0000,                 loss: nan
second_0:                 episode reward: -2.0000,                 loss: nan
Episode: 21/10000 (0.2100%),                 avg. length: 299.0,                last time consumption/overall running time: 52.95s / 55.74 s
first_0:                 episode reward: 1.9500,                 loss: nan
second_0:                 episode reward: -1.9500,                 loss: nan
Episode: 41/10000 (0.4100%),                 avg. length: 299.0,                last time consumption/overall running time: 97.48s / 153.22 s
first_0:                 episode reward: 2.5000,                 loss: 3.4753
second_0:                 episode reward: -2.5000,                 loss: 3.5580
Episode: 61/10000 (0.6100%),                 avg. length: 299.0,                last time consumption/overall running time: 211.47s / 364.69 s
first_0:                 episode reward: 2.3500,                 loss: 2.9461
second_0:                 episode reward: -2.3500,                 loss: 2.9827
Episode: 81/10000 (0.8100%),                 avg. length: 299.0,                last time consumption/overall running time: 226.56s / 591.25 s
first_0:                 episode reward: 2.6500,                 loss: 2.9242
second_0:                 episode reward: -2.6500,                 loss: 2.9166
Episode: 101/10000 (1.0100%),                 avg. length: 299.0,                last time consumption/overall running time: 290.67s / 881.92 s
first_0:                 episode reward: 2.5000,                 loss: 2.8969
second_0:                 episode reward: -2.5000,                 loss: 2.9023
Episode: 121/10000 (1.2100%),                 avg. length: 299.0,                last time consumption/overall running time: 289.76s / 1171.68 swandb: 429 encountered (Filestream rate limit exceeded, retrying in 2.467305855042032 seconds), retrying request
wandb: 429 encountered (Filestream rate limit exceeded, retrying in 2.370672283059206 seconds), retrying request
wandb: 429 encountered (Filestream rate limit exceeded, retrying in 4.4156628738535195 seconds), retrying request
wandb: 429 encountered (Filestream rate limit exceeded, retrying in 2.497620287738582 seconds), retrying request
wandb: 429 encountered (Filestream rate limit exceeded, retrying in 2.4408891895940066 seconds), retrying request
wandb: 429 encountered (Filestream rate limit exceeded, retrying in 4.139784134194024 seconds), retrying request
wandb: 429 encountered (Filestream rate limit exceeded, retrying in 8.719644506448777 seconds), retrying request
wandb: 429 encountered (Filestream rate limit exceeded, retrying in 72.98482843622914 seconds), retrying request
wandb: 429 encountered (Filestream rate limit exceeded, retrying in 149.80570509727016 seconds), retrying request
wandb: 429 encountered (Filestream rate limit exceeded, retrying in 279.03743385553776 seconds), retrying request
wandb: 429 encountered (Filestream rate limit exceeded, retrying in 2.2955861387020313 seconds), retrying request
wandb: 429 encountered (Filestream rate limit exceeded, retrying in 4.781214769248186 seconds), retrying request
wandb: 429 encountered (Filestream rate limit exceeded, retrying in 2.0201735722377703 seconds), retrying request
wandb: 429 encountered (Filestream rate limit exceeded, retrying in 2.1597747494259614 seconds), retrying request
wandb: 429 encountered (Filestream rate limit exceeded, retrying in 2.228838659603736 seconds), retrying request
wandb: 429 encountered (Filestream rate limit exceeded, retrying in 4.655394960360978 seconds), retrying request
wandb: 429 encountered (Filestream rate limit exceeded, retrying in 2.418857132905924 seconds), retrying request
wandb: 429 encountered (Filestream rate limit exceeded, retrying in 2.1796596132507826 seconds), retrying request
wandb: 429 encountered (Filestream rate limit exceeded, retrying in 4.349061571047367 seconds), retrying request
wandb: 429 encountered (Filestream rate limit exceeded, retrying in 2.13841561917351 seconds), retrying request
wandb: 429 encountered (Filestream rate limit exceeded, retrying in 2.1340672543532415 seconds), retrying request
wandb: 429 encountered (Filestream rate limit exceeded, retrying in 4.755193512711279 seconds), retrying request
wandb: 429 encountered (Filestream rate limit exceeded, retrying in 2.258156803397933 seconds), retrying request
wandb: 429 encountered (Filestream rate limit exceeded, retrying in 2.3258596122725868 seconds), retrying request
wandb: 429 encountered (Filestream rate limit exceeded, retrying in 4.242790030678482 seconds), retrying request
wandb: 429 encountered (Filestream rate limit exceeded, retrying in 2.442928710237574 seconds), retrying request
wandb: 429 encountered (Filestream rate limit exceeded, retrying in 4.697320865541346 seconds), retrying request
wandb: 429 encountered (Filestream rate limit exceeded, retrying in 2.043614794531776 seconds), retrying request
wandb: 429 encountered (Filestream rate limit exceeded, retrying in 2.0803576962728902 seconds), retrying request
wandb: 429 encountered (Filestream rate limit exceeded, retrying in 2.470582673097762 seconds), retrying request
wandb: 429 encountered (Filestream rate limit exceeded, retrying in 4.816754378090952 seconds), retrying request
wandb: 429 encountered (Filestream rate limit exceeded, retrying in 2.420519959913298 seconds), retrying request
wandb: 429 encountered (Filestream rate limit exceeded, retrying in 4.781263393247428 seconds), retrying request
wandb: 429 encountered (Filestream rate limit exceeded, retrying in 2.0703394749289137 seconds), retrying request
wandb: 429 encountered (Filestream rate limit exceeded, retrying in 4.5377946250126 seconds), retrying request
wandb: 429 encountered (Filestream rate limit exceeded, retrying in 2.1341959819635345 seconds), retrying request
wandb: 429 encountered (Filestream rate limit exceeded, retrying in 2.285833386027815 seconds), retrying request
wandb: 429 encountered (Filestream rate limit exceeded, retrying in 2.2375373166080874 seconds), retrying request
wandb: 429 encountered (Filestream rate limit exceeded, retrying in 2.4972320255366536 seconds), retrying request
wandb: 429 encountered (Filestream rate limit exceeded, retrying in 4.515965301305089 seconds), retrying request
wandb: 429 encountered (Filestream rate limit exceeded, retrying in 2.447711875325179 seconds), retrying request
wandb: 429 encountered (Filestream rate limit exceeded, retrying in 4.2267784131658095 seconds), retrying request
wandb: 429 encountered (Filestream rate limit exceeded, retrying in 2.2810862114639283 seconds), retrying request
wandb: 429 encountered (Filestream rate limit exceeded, retrying in 4.30180882773502 seconds), retrying request
wandb: 429 encountered (Filestream rate limit exceeded, retrying in 2.1062843500760433 seconds), retrying request
wandb: 429 encountered (Filestream rate limit exceeded, retrying in 2.067753335382247 seconds), retrying request
wandb: 429 encountered (Filestream rate limit exceeded, retrying in 2.2439811561918064 seconds), retrying request
wandb: 429 encountered (Filestream rate limit exceeded, retrying in 2.3480948059081683 seconds), retrying request
wandb: 429 encountered (Filestream rate limit exceeded, retrying in 4.25284451201114 seconds), retrying request
wandb: 429 encountered (Filestream rate limit exceeded, retrying in 2.003702177332803 seconds), retrying request
wandb: 429 encountered (Filestream rate limit exceeded, retrying in 4.0748244452189635 seconds), retrying request
wandb: 429 encountered (Filestream rate limit exceeded, retrying in 2.2142575540182676 seconds), retrying request
wandb: 429 encountered (Filestream rate limit exceeded, retrying in 4.601846622948504 seconds), retrying request
wandb: 429 encountered (Filestream rate limit exceeded, retrying in 2.4355526673807963 seconds), retrying request
wandb: 429 encountered (Filestream rate limit exceeded, retrying in 2.231014474994554 seconds), retrying request
wandb: 429 encountered (Filestream rate limit exceeded, retrying in 2.227761626951433 seconds), retrying request
wandb: 429 encountered (Filestream rate limit exceeded, retrying in 4.920506765408076 seconds), retrying request
wandb: 429 encountered (Filestream rate limit exceeded, retrying in 2.010586865047973 seconds), retrying request
wandb: 429 encountered (Filestream rate limit exceeded, retrying in 4.265251663899746 seconds), retrying request
wandb: 429 encountered (Filestream rate limit exceeded, retrying in 2.150759459819226 seconds), retrying request
wandb: 429 encountered (Filestream rate limit exceeded, retrying in 4.2078431738604 seconds), retrying request
wandb: 429 encountered (Filestream rate limit exceeded, retrying in 2.3570008774816222 seconds), retrying request
wandb: 429 encountered (Filestream rate limit exceeded, retrying in 2.431254700064397 seconds), retrying request
wandb: 429 encountered (Filestream rate limit exceeded, retrying in 2.0527335532433697 seconds), retrying request
wandb: 429 encountered (Filestream rate limit exceeded, retrying in 4.724938417112607 seconds), retrying request
wandb: 429 encountered (Filestream rate limit exceeded, retrying in 4.619492819453214 seconds), retrying request
wandb: 429 encountered (Filestream rate limit exceeded, retrying in 2.4537309828088807 seconds), retrying request
wandb: 429 encountered (Filestream rate limit exceeded, retrying in 2.481977249229957 seconds), retrying request
wandb: 429 encountered (Filestream rate limit exceeded, retrying in 2.206387401076947 seconds), retrying request
wandb: 429 encountered (Filestream rate limit exceeded, retrying in 4.9587152776530345 seconds), retrying request
wandb: 429 encountered (Filestream rate limit exceeded, retrying in 2.2620136561897772 seconds), retrying request
wandb: 429 encountered (Filestream rate limit exceeded, retrying in 2.4427276595585212 seconds), retrying request
wandb: 429 encountered (Filestream rate limit exceeded, retrying in 4.231931441927442 seconds), retrying request
wandb: 429 encountered (Filestream rate limit exceeded, retrying in 2.4841177939731374 seconds), retrying request
wandb: 429 encountered (Filestream rate limit exceeded, retrying in 2.0844575224934125 seconds), retrying request
wandb: 429 encountered (Filestream rate limit exceeded, retrying in 4.163393066088747 seconds), retrying request
wandb: 429 encountered (Filestream rate limit exceeded, retrying in 9.36080902089676 seconds), retrying request
wandb: 429 encountered (Filestream rate limit exceeded, retrying in 19.961159756346095 seconds), retrying request
wandb: 429 encountered (Filestream rate limit exceeded, retrying in 2.1504146028378583 seconds), retrying request
wandb: 429 encountered (Filestream rate limit exceeded, retrying in 4.265248410249909 seconds), retrying request
wandb: 429 encountered (Filestream rate limit exceeded, retrying in 2.1160969593540453 seconds), retrying request
wandb: 429 encountered (Filestream rate limit exceeded, retrying in 2.165146423685439 seconds), retrying request
wandb: 429 encountered (Filestream rate limit exceeded, retrying in 4.792579803985053 seconds), retrying request
wandb: 429 encountered (Filestream rate limit exceeded, retrying in 2.0811258888857327 seconds), retrying request
wandb: 429 encountered (Filestream rate limit exceeded, retrying in 2.176725509827733 seconds), retrying request
wandb: 429 encountered (Filestream rate limit exceeded, retrying in 2.3908143175496126 seconds), retrying request
wandb: 429 encountered (Filestream rate limit exceeded, retrying in 4.938504033461106 seconds), retrying request
wandb: 429 encountered (Filestream rate limit exceeded, retrying in 2.164543129045173 seconds), retrying request
wandb: 429 encountered (Filestream rate limit exceeded, retrying in 2.4064078604830024 seconds), retrying request
wandb: 429 encountered (Filestream rate limit exceeded, retrying in 2.3590249997155364 seconds), retrying request
wandb: 429 encountered (Filestream rate limit exceeded, retrying in 4.80885924599369 seconds), retrying request
wandb: 429 encountered (Filestream rate limit exceeded, retrying in 2.44181273983086 seconds), retrying request
wandb: 429 encountered (Filestream rate limit exceeded, retrying in 4.7436754195039486 seconds), retrying request
wandb: 429 encountered (Filestream rate limit exceeded, retrying in 2.064935612045712 seconds), retrying request
wandb: 429 encountered (Filestream rate limit exceeded, retrying in 2.382761710049959 seconds), retrying request
wandb: 429 encountered (Filestream rate limit exceeded, retrying in 2.4369860873499185 seconds), retrying request
wandb: 429 encountered (Filestream rate limit exceeded, retrying in 2.217168760480793 seconds), retrying request
wandb: 429 encountered (Filestream rate limit exceeded, retrying in 2.4215845104130924 seconds), retrying request
wandb: 429 encountered (Filestream rate limit exceeded, retrying in 2.4035900918823847 seconds), retrying request
wandb: 429 encountered (Filestream rate limit exceeded, retrying in 4.580641515519005 seconds), retrying request
wandb: 429 encountered (Filestream rate limit exceeded, retrying in 2.387661835038026 seconds), retrying request
wandb: 429 encountered (Filestream rate limit exceeded, retrying in 2.3246621981950666 seconds), retrying request
wandb: 429 encountered (Filestream rate limit exceeded, retrying in 2.0574702703730003 seconds), retrying request
wandb: 429 encountered (Filestream rate limit exceeded, retrying in 4.440089946267776 seconds), retrying request
wandb: 429 encountered (Filestream rate limit exceeded, retrying in 2.0373437407501314 seconds), retrying request
wandb: 429 encountered (Filestream rate limit exceeded, retrying in 4.155644603182436 seconds), retrying request
wandb: 429 encountered (Filestream rate limit exceeded, retrying in 8.279333807906637 seconds), retrying request
wandb: 429 encountered (Filestream rate limit exceeded, retrying in 2.4997339934562293 seconds), retrying request
wandb: 429 encountered (Filestream rate limit exceeded, retrying in 2.452434848417139 seconds), retrying request
wandb: 429 encountered (Filestream rate limit exceeded, retrying in 2.4003426650241644 seconds), retrying request
wandb: 429 encountered (Filestream rate limit exceeded, retrying in 4.880251586661103 seconds), retrying request
wandb: 429 encountered (Filestream rate limit exceeded, retrying in 2.4604640642830753 seconds), retrying request
wandb: 429 encountered (Filestream rate limit exceeded, retrying in 4.290717674426442 seconds), retrying request
wandb: 429 encountered (Filestream rate limit exceeded, retrying in 2.4192845378579544 seconds), retrying request
wandb: 429 encountered (Filestream rate limit exceeded, retrying in 2.321984308274264 seconds), retrying request
wandb: 429 encountered (Filestream rate limit exceeded, retrying in 4.167171341486816 seconds), retrying request
wandb: 429 encountered (Filestream rate limit exceeded, retrying in 8.647973015070335 seconds), retrying request
wandb: 429 encountered (Filestream rate limit exceeded, retrying in 17.748778119345655 seconds), retrying request
wandb: 429 encountered (Filestream rate limit exceeded, retrying in 32.06339701274483 seconds), retrying request
wandb: 429 encountered (Filestream rate limit exceeded, retrying in 2.12251374869297 seconds), retrying request
wandb: 429 encountered (Filestream rate limit exceeded, retrying in 4.078626632279345 seconds), retrying request
wandb: 429 encountered (Filestream rate limit exceeded, retrying in 2.404546511526337 seconds), retrying request
wandb: 429 encountered (Filestream rate limit exceeded, retrying in 4.468675259863975 seconds), retrying request
wandb: 429 encountered (Filestream rate limit exceeded, retrying in 2.4610858155036848 seconds), retrying request
wandb: 429 encountered (Filestream rate limit exceeded, retrying in 4.912421097221528 seconds), retrying request
wandb: 429 encountered (Filestream rate limit exceeded, retrying in 2.350582102343998 seconds), retrying request
wandb: 429 encountered (Filestream rate limit exceeded, retrying in 2.0367140626029214 seconds), retrying request
wandb: 429 encountered (Filestream rate limit exceeded, retrying in 4.183471098910391 seconds), retrying request
wandb: 429 encountered (Filestream rate limit exceeded, retrying in 2.038958029203804 seconds), retrying request
wandb: 429 encountered (Filestream rate limit exceeded, retrying in 2.2491633550951606 seconds), retrying request
wandb: 429 encountered (Filestream rate limit exceeded, retrying in 4.743550742096275 seconds), retrying request
wandb: 429 encountered (Filestream rate limit exceeded, retrying in 2.4883489752428787 seconds), retrying request
wandb: 429 encountered (Filestream rate limit exceeded, retrying in 4.192526740226718 seconds), retrying request
wandb: 429 encountered (Filestream rate limit exceeded, retrying in 2.026544195722184 seconds), retrying request
wandb: 429 encountered (Filestream rate limit exceeded, retrying in 4.9752187926757365 seconds), retrying request
wandb: 429 encountered (Filestream rate limit exceeded, retrying in 2.336271868065474 seconds), retrying request
wandb: 429 encountered (Filestream rate limit exceeded, retrying in 2.1185509006415373 seconds), retrying request
wandb: 429 encountered (Filestream rate limit exceeded, retrying in 2.0914681126674948 seconds), retrying request
wandb: 429 encountered (Filestream rate limit exceeded, retrying in 2.4102194019003993 seconds), retrying request
wandb: 429 encountered (Filestream rate limit exceeded, retrying in 2.0470201311203087 seconds), retrying request
wandb: 429 encountered (Filestream rate limit exceeded, retrying in 4.658943685351442 seconds), retrying request
wandb: 429 encountered (Filestream rate limit exceeded, retrying in 2.2383963099612183 seconds), retrying request
wandb: 429 encountered (Filestream rate limit exceeded, retrying in 2.100336769111493 seconds), retrying request
wandb: 429 encountered (Filestream rate limit exceeded, retrying in 2.108317821770615 seconds), retrying request
wandb: 429 encountered (Filestream rate limit exceeded, retrying in 4.452127637611161 seconds), retrying request
wandb: 429 encountered (Filestream rate limit exceeded, retrying in 2.0115889825320465 seconds), retrying request
wandb: 429 encountered (Filestream rate limit exceeded, retrying in 4.607052491435043 seconds), retrying request
wandb: 429 encountered (Filestream rate limit exceeded, retrying in 2.1314305970896035 seconds), retrying request
wandb: 429 encountered (Filestream rate limit exceeded, retrying in 4.210581366650699 seconds), retrying request
wandb: 429 encountered (Filestream rate limit exceeded, retrying in 2.384571220724621 seconds), retrying request
wandb: 429 encountered (Filestream rate limit exceeded, retrying in 4.437274638323645 seconds), retrying request
wandb: 429 encountered (Filestream rate limit exceeded, retrying in 2.2833150727371363 seconds), retrying request
wandb: 429 encountered (Filestream rate limit exceeded, retrying in 4.895085085556674 seconds), retrying request
wandb: 429 encountered (Filestream rate limit exceeded, retrying in 2.219045614070455 seconds), retrying request
wandb: 429 encountered (Filestream rate limit exceeded, retrying in 2.1178578427842103 seconds), retrying request
wandb: 429 encountered (Filestream rate limit exceeded, retrying in 2.3357651713242977 seconds), retrying request
wandb: 429 encountered (Filestream rate limit exceeded, retrying in 4.09465075348036 seconds), retrying request

first_0:                 episode reward: 2.0000,                 loss: 2.8762
second_0:                 episode reward: -2.0000,                 loss: 2.8800
Episode: 141/10000 (1.4100%),                 avg. length: 299.0,                last time consumption/overall running time: 293.52s / 1465.20 s
first_0:                 episode reward: 1.9000,                 loss: 2.8847
second_0:                 episode reward: -1.9000,                 loss: 2.8687
Episode: 161/10000 (1.6100%),                 avg. length: 299.0,                last time consumption/overall running time: 309.36s / 1774.56 s
first_0:                 episode reward: 2.2000,                 loss: 2.8824
second_0:                 episode reward: -2.2000,                 loss: 2.8613
Episode: 181/10000 (1.8100%),                 avg. length: 299.0,                last time consumption/overall running time: 310.82s / 2085.38 s
first_0:                 episode reward: 1.2500,                 loss: 2.8726
second_0:                 episode reward: -1.2500,                 loss: 2.8460
Episode: 201/10000 (2.0100%),                 avg. length: 299.0,                last time consumption/overall running time: 311.59s / 2396.96 s
first_0:                 episode reward: 0.9500,                 loss: 2.8655
second_0:                 episode reward: -0.9500,                 loss: 2.8327
Episode: 221/10000 (2.2100%),                 avg. length: 299.0,                last time consumption/overall running time: 311.80s / 2708.77 s
first_0:                 episode reward: 2.0000,                 loss: 2.8595
second_0:                 episode reward: -2.0000,                 loss: 2.8193
Episode: 241/10000 (2.4100%),                 avg. length: 299.0,                last time consumption/overall running time: 313.79s / 3022.55 s
first_0:                 episode reward: 2.3000,                 loss: 2.8489
second_0:                 episode reward: -2.3000,                 loss: 2.8084
Episode: 261/10000 (2.6100%),                 avg. length: 299.0,                last time consumption/overall running time: 320.17s / 3342.72 s
first_0:                 episode reward: 1.6000,                 loss: 2.8359
second_0:                 episode reward: -1.6000,                 loss: 2.8006
Episode: 281/10000 (2.8100%),                 avg. length: 299.0,                last time consumption/overall running time: 318.11s / 3660.83 s
first_0:                 episode reward: 2.0000,                 loss: 2.8250
second_0:                 episode reward: -2.0000,                 loss: 2.7998
Episode: 301/10000 (3.0100%),                 avg. length: 299.0,                last time consumption/overall running time: 321.04s / 3981.87 s
first_0:                 episode reward: 0.5000,                 loss: 2.8184
second_0:                 episode reward: -0.5000,                 loss: 2.7940
Episode: 321/10000 (3.2100%),                 avg. length: 299.0,                last time consumption/overall running time: 324.56s / 4306.43 s
first_0:                 episode reward: 1.7000,                 loss: 2.8148
second_0:                 episode reward: -1.7000,                 loss: 2.7885
Episode: 341/10000 (3.4100%),                 avg. length: 299.0,                last time consumption/overall running time: 324.27s / 4630.70 s
first_0:                 episode reward: 0.2000,                 loss: 2.8122
second_0:                 episode reward: -0.2000,                 loss: 2.7819
Episode: 361/10000 (3.6100%),                 avg. length: 299.0,                last time consumption/overall running time: 327.52s / 4958.22 s
first_0:                 episode reward: 0.3500,                 loss: 2.8125
second_0:                 episode reward: -0.3500,                 loss: 2.7785
Episode: 381/10000 (3.8100%),                 avg. length: 299.0,                last time consumption/overall running time: 329.60s / 5287.81 s
first_0:                 episode reward: -0.5000,                 loss: 2.8156
second_0:                 episode reward: 0.5000,                 loss: 2.7744
Episode: 401/10000 (4.0100%),                 avg. length: 299.0,                last time consumption/overall running time: 331.20s / 5619.01 s
first_0:                 episode reward: 0.1500,                 loss: 2.8197
second_0:                 episode reward: -0.1500,                 loss: 2.7690
Episode: 421/10000 (4.2100%),                 avg. length: 299.0,                last time consumption/overall running time: 331.62s / 5950.63 s
first_0:                 episode reward: 0.3500,                 loss: 2.8126
second_0:                 episode reward: -0.3500,                 loss: 2.7661
Episode: 441/10000 (4.4100%),                 avg. length: 299.0,                last time consumption/overall running time: 333.45s / 6284.08 s
first_0:                 episode reward: 0.3500,                 loss: 2.8021
second_0:                 episode reward: -0.3500,                 loss: 2.7647
Episode: 461/10000 (4.6100%),                 avg. length: 299.0,                last time consumption/overall running time: 332.71s / 6616.79 s
first_0:                 episode reward: 0.3500,                 loss: 2.7923
second_0:                 episode reward: -0.3500,                 loss: 2.7653
Episode: 481/10000 (4.8100%),                 avg. length: 299.0,                last time consumption/overall running time: 336.66s / 6953.45 s
first_0:                 episode reward: 1.5500,                 loss: 2.7819
second_0:                 episode reward: -1.5500,                 loss: 2.7629
Episode: 501/10000 (5.0100%),                 avg. length: 299.0,                last time consumption/overall running time: 337.03s / 7290.48 s
first_0:                 episode reward: 0.3000,                 loss: 2.7772
second_0:                 episode reward: -0.3000,                 loss: 2.7661
Episode: 521/10000 (5.2100%),                 avg. length: 299.0,                last time consumption/overall running time: 335.64s / 7626.12 s
first_0:                 episode reward: 0.3000,                 loss: 2.7811
second_0:                 episode reward: -0.3000,                 loss: 2.7680
Episode: 541/10000 (5.4100%),                 avg. length: 299.0,                last time consumption/overall running time: 335.73s / 7961.85 s
first_0:                 episode reward: -0.0500,                 loss: 2.7906
second_0:                 episode reward: 0.0500,                 loss: 2.7673
Episode: 561/10000 (5.6100%),                 avg. length: 299.0,                last time consumption/overall running time: 338.73s / 8300.58 s
first_0:                 episode reward: 0.7500,                 loss: 2.8067
second_0:                 episode reward: -0.7500,                 loss: 2.7612
Episode: 581/10000 (5.8100%),                 avg. length: 299.0,                last time consumption/overall running time: 340.19s / 8640.78 s
first_0:                 episode reward: 0.2000,                 loss: 2.8191
second_0:                 episode reward: -0.2000,                 loss: 2.7601
Episode: 601/10000 (6.0100%),                 avg. length: 299.0,                last time consumption/overall running time: 341.03s / 8981.81 s
first_0:                 episode reward: 0.7000,                 loss: 2.8107
second_0:                 episode reward: -0.7000,                 loss: 2.7544
Episode: 621/10000 (6.2100%),                 avg. length: 299.0,                last time consumption/overall running time: 340.04s / 9321.85 s
first_0:                 episode reward: 0.6000,                 loss: 2.7894
second_0:                 episode reward: -0.6000,                 loss: 2.7505
Episode: 641/10000 (6.4100%),                 avg. length: 299.0,                last time consumption/overall running time: 338.22s / 9660.07 s
first_0:                 episode reward: -0.4000,                 loss: 2.7762
second_0:                 episode reward: 0.4000,                 loss: 2.7568
Episode: 661/10000 (6.6100%),                 avg. length: 299.0,                last time consumption/overall running time: 346.15s / 10006.22 s
first_0:                 episode reward: -0.4000,                 loss: 2.7670wandb: 429 encountered (Filestream rate limit exceeded, retrying in 2.4947826741124417 seconds), retrying request
wandb: 429 encountered (Filestream rate limit exceeded, retrying in 2.245464702487058 seconds), retrying request
wandb: 429 encountered (Filestream rate limit exceeded, retrying in 2.124047056966747 seconds), retrying request
wandb: 429 encountered (Filestream rate limit exceeded, retrying in 4.373190227798292 seconds), retrying request
wandb: 429 encountered (Filestream rate limit exceeded, retrying in 2.3250739154050644 seconds), retrying request
wandb: 429 encountered (Filestream rate limit exceeded, retrying in 8.275826131862452 seconds), retrying request
wandb: 429 encountered (Filestream rate limit exceeded, retrying in 2.024347773578275 seconds), retrying request
wandb: 429 encountered (Filestream rate limit exceeded, retrying in 4.033296608399909 seconds), retrying request
wandb: 429 encountered (Filestream rate limit exceeded, retrying in 2.407552510987637 seconds), retrying request
wandb: 429 encountered (Filestream rate limit exceeded, retrying in 4.575057169750547 seconds), retrying request
wandb: 429 encountered (Filestream rate limit exceeded, retrying in 2.4351344300477766 seconds), retrying request
wandb: 429 encountered (Filestream rate limit exceeded, retrying in 2.3612125580827454 seconds), retrying request
wandb: 429 encountered (Filestream rate limit exceeded, retrying in 4.784965416319757 seconds), retrying request
wandb: 429 encountered (Filestream rate limit exceeded, retrying in 2.371915235661234 seconds), retrying request
wandb: 429 encountered (Filestream rate limit exceeded, retrying in 2.17760208250309 seconds), retrying request
wandb: 429 encountered (Filestream rate limit exceeded, retrying in 2.3606761759117374 seconds), retrying request
wandb: 429 encountered (Filestream rate limit exceeded, retrying in 4.612975980200306 seconds), retrying request
wandb: 429 encountered (Filestream rate limit exceeded, retrying in 4.327170358403737 seconds), retrying request
wandb: 429 encountered (Filestream rate limit exceeded, retrying in 2.132631302505808 seconds), retrying request
wandb: 429 encountered (Filestream rate limit exceeded, retrying in 4.478562468930924 seconds), retrying request
wandb: 429 encountered (Filestream rate limit exceeded, retrying in 2.3721971294012443 seconds), retrying request
wandb: 429 encountered (Filestream rate limit exceeded, retrying in 4.040357431595396 seconds), retrying request
wandb: 429 encountered (Filestream rate limit exceeded, retrying in 2.095321760912113 seconds), retrying request
wandb: 429 encountered (Filestream rate limit exceeded, retrying in 4.297829343310525 seconds), retrying request
wandb: 429 encountered (Filestream rate limit exceeded, retrying in 2.0038508556348904 seconds), retrying request
wandb: 429 encountered (Filestream rate limit exceeded, retrying in 4.229349660756352 seconds), retrying request
wandb: 429 encountered (Filestream rate limit exceeded, retrying in 8.319861422581265 seconds), retrying request
wandb: 429 encountered (Filestream rate limit exceeded, retrying in 18.21209967852963 seconds), retrying request
wandb: 429 encountered (Filestream rate limit exceeded, retrying in 33.17823754579738 seconds), retrying request
wandb: 429 encountered (Filestream rate limit exceeded, retrying in 2.349337429040359 seconds), retrying request
wandb: 429 encountered (Filestream rate limit exceeded, retrying in 4.232958440733507 seconds), retrying request
wandb: 429 encountered (Filestream rate limit exceeded, retrying in 16.618621116177913 seconds), retrying request
wandb: 429 encountered (Filestream rate limit exceeded, retrying in 36.55965553717319 seconds), retrying request
wandb: 429 encountered (Filestream rate limit exceeded, retrying in 2.363663007440415 seconds), retrying request
wandb: 429 encountered (Filestream rate limit exceeded, retrying in 2.336105362807534 seconds), retrying request
wandb: 429 encountered (Filestream rate limit exceeded, retrying in 2.1330928281656254 seconds), retrying request
wandb: 429 encountered (Filestream rate limit exceeded, retrying in 2.2023684374455037 seconds), retrying request
wandb: 429 encountered (Filestream rate limit exceeded, retrying in 2.34140381428162 seconds), retrying request
wandb: 429 encountered (Filestream rate limit exceeded, retrying in 2.3932517581710226 seconds), retrying request
wandb: 429 encountered (Filestream rate limit exceeded, retrying in 4.403534248250453 seconds), retrying request
wandb: 429 encountered (Filestream rate limit exceeded, retrying in 2.2856284321921865 seconds), retrying request
wandb: 429 encountered (Filestream rate limit exceeded, retrying in 4.016842296155943 seconds), retrying request
wandb: 429 encountered (Filestream rate limit exceeded, retrying in 2.207549122523128 seconds), retrying request
wandb: 429 encountered (Filestream rate limit exceeded, retrying in 4.166331939182357 seconds), retrying request
wandb: 429 encountered (Filestream rate limit exceeded, retrying in 2.281925404477704 seconds), retrying request
wandb: 429 encountered (Filestream rate limit exceeded, retrying in 4.411612428171994 seconds), retrying request
wandb: 429 encountered (Filestream rate limit exceeded, retrying in 2.0737648899891052 seconds), retrying request
wandb: 429 encountered (Filestream rate limit exceeded, retrying in 4.974525346040007 seconds), retrying request
wandb: 429 encountered (Filestream rate limit exceeded, retrying in 2.0616219991988682 seconds), retrying request
wandb: 429 encountered (Filestream rate limit exceeded, retrying in 2.2387007095545686 seconds), retrying request
wandb: 429 encountered (Filestream rate limit exceeded, retrying in 2.014126753806482 seconds), retrying request
wandb: 429 encountered (Filestream rate limit exceeded, retrying in 4.611610911192128 seconds), retrying request
wandb: 429 encountered (Filestream rate limit exceeded, retrying in 2.00322102064 seconds), retrying request
wandb: 429 encountered (Filestream rate limit exceeded, retrying in 4.742506985372993 seconds), retrying request
wandb: 429 encountered (Filestream rate limit exceeded, retrying in 2.313188606692026 seconds), retrying request
wandb: 429 encountered (Filestream rate limit exceeded, retrying in 4.166983559692145 seconds), retrying request
wandb: 429 encountered (Filestream rate limit exceeded, retrying in 2.4694641279326826 seconds), retrying request
wandb: 429 encountered (Filestream rate limit exceeded, retrying in 4.468368991887524 seconds), retrying request
wandb: 429 encountered (Filestream rate limit exceeded, retrying in 2.0010847979386255 seconds), retrying request
wandb: 429 encountered (Filestream rate limit exceeded, retrying in 4.777221276102189 seconds), retrying request
wandb: 429 encountered (Filestream rate limit exceeded, retrying in 2.1383714524417092 seconds), retrying request
wandb: 429 encountered (Filestream rate limit exceeded, retrying in 4.472056662530967 seconds), retrying request
wandb: 429 encountered (Filestream rate limit exceeded, retrying in 2.489383258069933 seconds), retrying request
wandb: 429 encountered (Filestream rate limit exceeded, retrying in 4.2689642251894675 seconds), retrying request
wandb: 429 encountered (Filestream rate limit exceeded, retrying in 2.494746826192504 seconds), retrying request
wandb: 429 encountered (Filestream rate limit exceeded, retrying in 4.251781149680147 seconds), retrying request
wandb: 429 encountered (Filestream rate limit exceeded, retrying in 2.232121297213786 seconds), retrying request
wandb: 429 encountered (Filestream rate limit exceeded, retrying in 2.382780626835513 seconds), retrying request
wandb: 429 encountered (Filestream rate limit exceeded, retrying in 2.1897426807728744 seconds), retrying request
wandb: 429 encountered (Filestream rate limit exceeded, retrying in 2.3908741066668235 seconds), retrying request
wandb: 429 encountered (Filestream rate limit exceeded, retrying in 4.091612365330051 seconds), retrying request
wandb: 429 encountered (Filestream rate limit exceeded, retrying in 8.218483316413495 seconds), retrying request
wandb: 429 encountered (Filestream rate limit exceeded, retrying in 2.141920074603184 seconds), retrying request
wandb: 429 encountered (Filestream rate limit exceeded, retrying in 4.034737384120933 seconds), retrying request
wandb: 429 encountered (Filestream rate limit exceeded, retrying in 2.038357740626158 seconds), retrying request
wandb: 429 encountered (Filestream rate limit exceeded, retrying in 2.459101061123 seconds), retrying request
wandb: 429 encountered (Filestream rate limit exceeded, retrying in 2.1463488194559015 seconds), retrying request
wandb: 429 encountered (Filestream rate limit exceeded, retrying in 4.95241276039905 seconds), retrying request
wandb: 429 encountered (Filestream rate limit exceeded, retrying in 2.3603166639836357 seconds), retrying request
wandb: 429 encountered (Filestream rate limit exceeded, retrying in 4.4277535798000835 seconds), retrying request
wandb: 429 encountered (Filestream rate limit exceeded, retrying in 2.0442434013397603 seconds), retrying request
wandb: 429 encountered (Filestream rate limit exceeded, retrying in 4.081164634319926 seconds), retrying request
wandb: 429 encountered (Filestream rate limit exceeded, retrying in 2.4265229859593527 seconds), retrying request
wandb: 429 encountered (Filestream rate limit exceeded, retrying in 4.224715712273864 seconds), retrying request
wandb: 429 encountered (Filestream rate limit exceeded, retrying in 2.2834804140481544 seconds), retrying request
wandb: 429 encountered (Filestream rate limit exceeded, retrying in 4.332062442328537 seconds), retrying request
wandb: 429 encountered (Filestream rate limit exceeded, retrying in 2.2281360237772336 seconds), retrying request
wandb: 429 encountered (Filestream rate limit exceeded, retrying in 2.362776474105085 seconds), retrying request
wandb: 429 encountered (Filestream rate limit exceeded, retrying in 4.686940214367168 seconds), retrying request
wandb: 429 encountered (Filestream rate limit exceeded, retrying in 2.3886405111311024 seconds), retrying request
wandb: 429 encountered (Filestream rate limit exceeded, retrying in 2.180413379448459 seconds), retrying request
wandb: 429 encountered (Filestream rate limit exceeded, retrying in 4.595871741368045 seconds), retrying request
wandb: 429 encountered (Filestream rate limit exceeded, retrying in 8.6092313201446 seconds), retrying request
wandb: 429 encountered (Filestream rate limit exceeded, retrying in 19.313291902186883 seconds), retrying request
wandb: 429 encountered (Filestream rate limit exceeded, retrying in 35.36383327202637 seconds), retrying request
wandb: 429 encountered (Filestream rate limit exceeded, retrying in 2.3561300259255304 seconds), retrying request
wandb: 429 encountered (Filestream rate limit exceeded, retrying in 4.472482594453565 seconds), retrying request
wandb: 429 encountered (Filestream rate limit exceeded, retrying in 2.2483623781946 seconds), retrying request
wandb: 429 encountered (Filestream rate limit exceeded, retrying in 2.4025256448381365 seconds), retrying request
wandb: 429 encountered (Filestream rate limit exceeded, retrying in 4.852900061372644 seconds), retrying request
wandb: 429 encountered (Filestream rate limit exceeded, retrying in 2.4554632082273185 seconds), retrying request
wandb: 429 encountered (Filestream rate limit exceeded, retrying in 2.2544667286485125 seconds), retrying request
wandb: 429 encountered (Filestream rate limit exceeded, retrying in 2.3462225558225347 seconds), retrying request
wandb: 429 encountered (Filestream rate limit exceeded, retrying in 4.3895403556693795 seconds), retrying request
wandb: 429 encountered (Filestream rate limit exceeded, retrying in 2.0105251812848617 seconds), retrying request
wandb: 429 encountered (Filestream rate limit exceeded, retrying in 2.221691209936118 seconds), retrying request
wandb: 429 encountered (Filestream rate limit exceeded, retrying in 4.595509024940882 seconds), retrying request
wandb: 429 encountered (Filestream rate limit exceeded, retrying in 2.042428380470338 seconds), retrying request
wandb: 429 encountered (Filestream rate limit exceeded, retrying in 4.0761213887099315 seconds), retrying request
wandb: 429 encountered (Filestream rate limit exceeded, retrying in 2.3638347816782925 seconds), retrying request
wandb: 429 encountered (Filestream rate limit exceeded, retrying in 2.0322820964241384 seconds), retrying request
wandb: 429 encountered (Filestream rate limit exceeded, retrying in 4.794253710718018 seconds), retrying request
wandb: 429 encountered (Filestream rate limit exceeded, retrying in 2.001340240621463 seconds), retrying request
wandb: 429 encountered (Filestream rate limit exceeded, retrying in 4.423969640521903 seconds), retrying request
wandb: 429 encountered (Filestream rate limit exceeded, retrying in 2.4026941016072345 seconds), retrying request
wandb: 429 encountered (Filestream rate limit exceeded, retrying in 2.388742518084508 seconds), retrying request
wandb: 429 encountered (Filestream rate limit exceeded, retrying in 4.813964629568572 seconds), retrying request
wandb: 429 encountered (Filestream rate limit exceeded, retrying in 2.444927612253495 seconds), retrying request
wandb: 429 encountered (Filestream rate limit exceeded, retrying in 2.2035349481623356 seconds), retrying request
wandb: 429 encountered (Filestream rate limit exceeded, retrying in 4.481509773295114 seconds), retrying request
wandb: 429 encountered (Filestream rate limit exceeded, retrying in 4.090604224363232 seconds), retrying request
wandb: 429 encountered (Filestream rate limit exceeded, retrying in 2.3428936724468916 seconds), retrying request
wandb: 429 encountered (Filestream rate limit exceeded, retrying in 4.144788528446805 seconds), retrying request
wandb: 429 encountered (Filestream rate limit exceeded, retrying in 2.0248342464731897 seconds), retrying request
wandb: 429 encountered (Filestream rate limit exceeded, retrying in 2.2945262733015626 seconds), retrying request
wandb: 429 encountered (Filestream rate limit exceeded, retrying in 2.3230354138744236 seconds), retrying request
wandb: 429 encountered (Filestream rate limit exceeded, retrying in 4.707662960619537 seconds), retrying request
wandb: 429 encountered (Filestream rate limit exceeded, retrying in 2.092210015394826 seconds), retrying request
wandb: 429 encountered (Filestream rate limit exceeded, retrying in 2.3238894985097684 seconds), retrying request
wandb: 429 encountered (Filestream rate limit exceeded, retrying in 2.192076825891108 seconds), retrying request
wandb: 429 encountered (Filestream rate limit exceeded, retrying in 4.3731704217281795 seconds), retrying request
wandb: 429 encountered (Filestream rate limit exceeded, retrying in 2.2215472039119324 seconds), retrying request
wandb: 429 encountered (Filestream rate limit exceeded, retrying in 4.034100812333717 seconds), retrying request
wandb: 429 encountered (Filestream rate limit exceeded, retrying in 2.043596949198267 seconds), retrying request
wandb: 429 encountered (Filestream rate limit exceeded, retrying in 2.0540565429292785 seconds), retrying request
wandb: 429 encountered (Filestream rate limit exceeded, retrying in 4.847723854269644 seconds), retrying request
wandb: 429 encountered (Filestream rate limit exceeded, retrying in 2.2319244284123405 seconds), retrying request
wandb: 429 encountered (Filestream rate limit exceeded, retrying in 2.1077261826494462 seconds), retrying request
wandb: 429 encountered (Filestream rate limit exceeded, retrying in 4.665527062285573 seconds), retrying request
wandb: 429 encountered (Filestream rate limit exceeded, retrying in 2.270702648719861 seconds), retrying request
wandb: 429 encountered (Filestream rate limit exceeded, retrying in 4.4967898514445555 seconds), retrying request
wandb: 429 encountered (Filestream rate limit exceeded, retrying in 2.2860216879343955 seconds), retrying request
wandb: 429 encountered (Filestream rate limit exceeded, retrying in 2.469602714973083 seconds), retrying request
wandb: 429 encountered (Filestream rate limit exceeded, retrying in 2.354953139385344 seconds), retrying request
wandb: 429 encountered (Filestream rate limit exceeded, retrying in 4.306385866040627 seconds), retrying request
wandb: 429 encountered (Filestream rate limit exceeded, retrying in 2.3123815234307896 seconds), retrying request
wandb: 429 encountered (Filestream rate limit exceeded, retrying in 2.262946051223939 seconds), retrying request
wandb: 429 encountered (Filestream rate limit exceeded, retrying in 4.6814340638632554 seconds), retrying request
wandb: 429 encountered (Filestream rate limit exceeded, retrying in 2.033453216478121 seconds), retrying request
wandb: 429 encountered (Filestream rate limit exceeded, retrying in 4.704615575452739 seconds), retrying request
wandb: 429 encountered (Filestream rate limit exceeded, retrying in 8.840214046159442 seconds), retrying request
wandb: 429 encountered (Filestream rate limit exceeded, retrying in 16.62900341211386 seconds), retrying request
wandb: 429 encountered (Filestream rate limit exceeded, retrying in 38.46936485660954 seconds), retrying request
wandb: 429 encountered (Filestream rate limit exceeded, retrying in 2.01466023684372 seconds), retrying request
wandb: 429 encountered (Filestream rate limit exceeded, retrying in 2.1084669404001617 seconds), retrying request
wandb: 429 encountered (Filestream rate limit exceeded, retrying in 4.158122375730318 seconds), retrying request
wandb: 429 encountered (Filestream rate limit exceeded, retrying in 2.4328718295883482 seconds), retrying request
wandb: 429 encountered (Filestream rate limit exceeded, retrying in 4.292397459816414 seconds), retrying request
wandb: 429 encountered (Filestream rate limit exceeded, retrying in 2.168104237659294 seconds), retrying request
wandb: 429 encountered (Filestream rate limit exceeded, retrying in 2.466250040206265 seconds), retrying request
wandb: 429 encountered (Filestream rate limit exceeded, retrying in 2.373708703205855 seconds), retrying request
wandb: 429 encountered (Filestream rate limit exceeded, retrying in 4.298892317558274 seconds), retrying request
wandb: 429 encountered (Filestream rate limit exceeded, retrying in 2.160279863851726 seconds), retrying request
wandb: 429 encountered (Filestream rate limit exceeded, retrying in 2.3346334211267727 seconds), retrying request
wandb: 429 encountered (Filestream rate limit exceeded, retrying in 4.158125205691432 seconds), retrying request
wandb: 429 encountered (Filestream rate limit exceeded, retrying in 9.366259924812418 seconds), retrying request
wandb: 429 encountered (Filestream rate limit exceeded, retrying in 2.4586242209764264 seconds), retrying request
wandb: 429 encountered (Filestream rate limit exceeded, retrying in 2.1076899120470562 seconds), retrying request
wandb: 429 encountered (Filestream rate limit exceeded, retrying in 4.459191290147725 seconds), retrying request
wandb: 429 encountered (Filestream rate limit exceeded, retrying in 2.0781711263420846 seconds), retrying request
wandb: 429 encountered (Filestream rate limit exceeded, retrying in 2.358478440641125 seconds), retrying request
wandb: 429 encountered (Filestream rate limit exceeded, retrying in 2.126236025039766 seconds), retrying request
wandb: 429 encountered (Filestream rate limit exceeded, retrying in 2.0685812608236858 seconds), retrying request
wandb: 429 encountered (Filestream rate limit exceeded, retrying in 4.346403279656538 seconds), retrying request
wandb: 429 encountered (Filestream rate limit exceeded, retrying in 2.15521484927133 seconds), retrying request
wandb: 429 encountered (Filestream rate limit exceeded, retrying in 4.949315367969032 seconds), retrying request
wandb: 429 encountered (Filestream rate limit exceeded, retrying in 2.1024110982235817 seconds), retrying request

second_0:                 episode reward: 0.4000,                 loss: 2.7583
Episode: 681/10000 (6.8100%),                 avg. length: 299.0,                last time consumption/overall running time: 341.73s / 10347.95 s
first_0:                 episode reward: -0.0500,                 loss: 2.7585
second_0:                 episode reward: 0.0500,                 loss: 2.7546
Episode: 701/10000 (7.0100%),                 avg. length: 299.0,                last time consumption/overall running time: 345.17s / 10693.12 s
first_0:                 episode reward: 0.2000,                 loss: 2.7482
second_0:                 episode reward: -0.2000,                 loss: 2.7431
Episode: 721/10000 (7.2100%),                 avg. length: 299.0,                last time consumption/overall running time: 342.87s / 11035.98 s
first_0:                 episode reward: -0.7000,                 loss: 2.7426
second_0:                 episode reward: 0.7000,                 loss: 2.7364
Episode: 741/10000 (7.4100%),                 avg. length: 299.0,                last time consumption/overall running time: 350.04s / 11386.02 s
first_0:                 episode reward: -0.3500,                 loss: 2.7457
second_0:                 episode reward: 0.3500,                 loss: 2.7253
Episode: 761/10000 (7.6100%),                 avg. length: 299.0,                last time consumption/overall running time: 344.85s / 11730.87 s
first_0:                 episode reward: 0.1000,                 loss: 2.7437
second_0:                 episode reward: -0.1000,                 loss: 2.7187
Episode: 781/10000 (7.8100%),                 avg. length: 299.0,                last time consumption/overall running time: 348.57s / 12079.44 s
first_0:                 episode reward: -0.3500,                 loss: 2.7419
second_0:                 episode reward: 0.3500,                 loss: 2.7148
Episode: 801/10000 (8.0100%),                 avg. length: 299.0,                last time consumption/overall running time: 346.13s / 12425.57 s
first_0:                 episode reward: -0.0500,                 loss: 2.7388
second_0:                 episode reward: 0.0500,                 loss: 2.7085
Episode: 821/10000 (8.2100%),                 avg. length: 299.0,                last time consumption/overall running time: 347.45s / 12773.02 s
first_0:                 episode reward: -0.1000,                 loss: 2.7336
second_0:                 episode reward: 0.1000,                 loss: 2.7098
Episode: 841/10000 (8.4100%),                 avg. length: 299.0,                last time consumption/overall running time: 347.42s / 13120.44 s
first_0:                 episode reward: -0.8500,                 loss: 2.7191
second_0:                 episode reward: 0.8500,                 loss: 2.7037
Episode: 861/10000 (8.6100%),                 avg. length: 299.0,                last time consumption/overall running time: 344.75s / 13465.19 s
first_0:                 episode reward: -1.6500,                 loss: 2.7022
second_0:                 episode reward: 1.6500,                 loss: 2.6991
Episode: 881/10000 (8.8100%),                 avg. length: 299.0,                last time consumption/overall running time: 347.18s / 13812.37 s
first_0:                 episode reward: -1.4000,                 loss: 2.6916
second_0:                 episode reward: 1.4000,                 loss: 2.6897
Episode: 901/10000 (9.0100%),                 avg. length: 299.0,                last time consumption/overall running time: 350.13s / 14162.50 s
first_0:                 episode reward: -0.5000,                 loss: 2.6776
second_0:                 episode reward: 0.5000,                 loss: 2.6821
Episode: 921/10000 (9.2100%),                 avg. length: 299.0,                last time consumption/overall running time: 347.11s / 14509.61 s
first_0:                 episode reward: -2.1000,                 loss: 2.6685
second_0:                 episode reward: 2.1000,                 loss: 2.6773
Episode: 941/10000 (9.4100%),                 avg. length: 299.0,                last time consumption/overall running time: 347.18s / 14856.79 s
first_0:                 episode reward: -2.0000,                 loss: 2.6627
second_0:                 episode reward: 2.0000,                 loss: 2.6693
Episode: 961/10000 (9.6100%),                 avg. length: 299.0,                last time consumption/overall running time: 348.17s / 15204.96 s
first_0:                 episode reward: -0.6500,                 loss: 2.6471
second_0:                 episode reward: 0.6500,                 loss: 2.6620
Episode: 981/10000 (9.8100%),                 avg. length: 299.0,                last time consumption/overall running time: 346.23s / 15551.18 s
first_0:                 episode reward: -1.2000,                 loss: 2.6464
second_0:                 episode reward: 1.2000,                 loss: 2.6570
Episode: 1001/10000 (10.0100%),                 avg. length: 299.0,                last time consumption/overall running time: 346.82s / 15898.00 s
first_0:                 episode reward: 0.1500,                 loss: 2.6395
second_0:                 episode reward: -0.1500,                 loss: 2.6546
Episode: 1021/10000 (10.2100%),                 avg. length: 299.0,                last time consumption/overall running time: 346.53s / 16244.53 s
first_0:                 episode reward: -0.6500,                 loss: 2.6266
second_0:                 episode reward: 0.6500,                 loss: 2.6541
Episode: 1041/10000 (10.4100%),                 avg. length: 299.0,                last time consumption/overall running time: 345.63s / 16590.16 s
first_0:                 episode reward: -1.2500,                 loss: 2.6155
second_0:                 episode reward: 1.2500,                 loss: 2.6377
Episode: 1061/10000 (10.6100%),                 avg. length: 299.0,                last time consumption/overall running time: 347.63s / 16937.79 s
first_0:                 episode reward: -0.9000,                 loss: 2.5968
second_0:                 episode reward: 0.9000,                 loss: 2.6212
Episode: 1081/10000 (10.8100%),                 avg. length: 299.0,                last time consumption/overall running time: 347.64s / 17285.43 s
first_0:                 episode reward: -0.6500,                 loss: 2.5881
second_0:                 episode reward: 0.6500,                 loss: 2.6092
Episode: 1101/10000 (11.0100%),                 avg. length: 299.0,                last time consumption/overall running time: 350.15s / 17635.58 s
first_0:                 episode reward: -1.5000,                 loss: 2.5799
second_0:                 episode reward: 1.5000,                 loss: 2.5979
Episode: 1121/10000 (11.2100%),                 avg. length: 299.0,                last time consumption/overall running time: 345.51s / 17981.09 s
first_0:                 episode reward: -1.1500,                 loss: 2.5738
second_0:                 episode reward: 1.1500,                 loss: 2.5969
Episode: 1141/10000 (11.4100%),                 avg. length: 299.0,                last time consumption/overall running time: 348.04s / 18329.13 s
first_0:                 episode reward: -0.9000,                 loss: 2.5764
second_0:                 episode reward: 0.9000,                 loss: 2.5971
Episode: 1161/10000 (11.6100%),                 avg. length: 299.0,                last time consumption/overall running time: 348.65s / 18677.77 s
first_0:                 episode reward: -1.2500,                 loss: 2.5774
second_0:                 episode reward: 1.2500,                 loss: 2.5954
Episode: 1181/10000 (11.8100%),                 avg. length: 299.0,                last time consumption/overall running time: 347.68s / 19025.46 s
first_0:                 episode reward: -1.2000,                 loss: 2.5719
second_0:                 episode reward: 1.2000,                 loss: 2.5842
Episode: 1201/10000 (12.0100%),                 avg. length: 299.0,                last time consumption/overall running time: 350.18s / 19375.64 s
first_0:                 episode reward: -0.8000,                 loss: 2.5540wandb: 429 encountered (Filestream rate limit exceeded, retrying in 2.110698059944642 seconds), retrying request
wandb: 429 encountered (Filestream rate limit exceeded, retrying in 2.26804722931628 seconds), retrying request
wandb: 429 encountered (Filestream rate limit exceeded, retrying in 4.184997290704546 seconds), retrying request
wandb: 429 encountered (Filestream rate limit exceeded, retrying in 2.229391540361785 seconds), retrying request
wandb: 429 encountered (Filestream rate limit exceeded, retrying in 4.920642089169799 seconds), retrying request
wandb: 429 encountered (Filestream rate limit exceeded, retrying in 2.1895940597791235 seconds), retrying request
wandb: 429 encountered (Filestream rate limit exceeded, retrying in 4.7358702891613484 seconds), retrying request
wandb: 429 encountered (Filestream rate limit exceeded, retrying in 2.338425984266234 seconds), retrying request
wandb: 429 encountered (Filestream rate limit exceeded, retrying in 2.0844671694456975 seconds), retrying request
wandb: 429 encountered (Filestream rate limit exceeded, retrying in 2.346069231109765 seconds), retrying request
wandb: 429 encountered (Filestream rate limit exceeded, retrying in 4.9444459229594395 seconds), retrying request
wandb: 429 encountered (Filestream rate limit exceeded, retrying in 2.1148456611819304 seconds), retrying request
wandb: 429 encountered (Filestream rate limit exceeded, retrying in 2.430123727038351 seconds), retrying request
wandb: 429 encountered (Filestream rate limit exceeded, retrying in 4.447107856934939 seconds), retrying request
wandb: 429 encountered (Filestream rate limit exceeded, retrying in 2.375263523173557 seconds), retrying request
wandb: 429 encountered (Filestream rate limit exceeded, retrying in 4.1365178533732605 seconds), retrying request
wandb: 429 encountered (Filestream rate limit exceeded, retrying in 2.418115431934058 seconds), retrying request
wandb: 429 encountered (Filestream rate limit exceeded, retrying in 4.784555260203164 seconds), retrying request
wandb: 429 encountered (Filestream rate limit exceeded, retrying in 2.362110744516196 seconds), retrying request
wandb: 429 encountered (Filestream rate limit exceeded, retrying in 4.761739826240759 seconds), retrying request
wandb: 429 encountered (Filestream rate limit exceeded, retrying in 2.2164242983211917 seconds), retrying request
wandb: 429 encountered (Filestream rate limit exceeded, retrying in 4.827330957266009 seconds), retrying request
wandb: 429 encountered (Filestream rate limit exceeded, retrying in 2.0516782365494883 seconds), retrying request
wandb: 429 encountered (Filestream rate limit exceeded, retrying in 2.427213738162528 seconds), retrying request
wandb: 429 encountered (Filestream rate limit exceeded, retrying in 4.113406640779533 seconds), retrying request
wandb: 429 encountered (Filestream rate limit exceeded, retrying in 2.374917867333274 seconds), retrying request
wandb: 429 encountered (Filestream rate limit exceeded, retrying in 4.919327768452564 seconds), retrying request
wandb: 429 encountered (Filestream rate limit exceeded, retrying in 2.020840611715664 seconds), retrying request
wandb: 429 encountered (Filestream rate limit exceeded, retrying in 4.834109343706327 seconds), retrying request
wandb: 429 encountered (Filestream rate limit exceeded, retrying in 2.4643275508431453 seconds), retrying request
wandb: 429 encountered (Filestream rate limit exceeded, retrying in 2.490594831346658 seconds), retrying request
wandb: 429 encountered (Filestream rate limit exceeded, retrying in 4.1538620285783425 seconds), retrying request
wandb: 429 encountered (Filestream rate limit exceeded, retrying in 8.423658203636405 seconds), retrying request
wandb: 429 encountered (Filestream rate limit exceeded, retrying in 16.955154319655882 seconds), retrying request
wandb: 429 encountered (Filestream rate limit exceeded, retrying in 33.13157407353837 seconds), retrying request
wandb: 429 encountered (Filestream rate limit exceeded, retrying in 2.3042844760008787 seconds), retrying request
wandb: 429 encountered (Filestream rate limit exceeded, retrying in 2.2366181004209444 seconds), retrying request
wandb: 429 encountered (Filestream rate limit exceeded, retrying in 2.1290392275716954 seconds), retrying request
wandb: 429 encountered (Filestream rate limit exceeded, retrying in 4.089200701794569 seconds), retrying request
wandb: 429 encountered (Filestream rate limit exceeded, retrying in 8.57713299412364 seconds), retrying request
wandb: 429 encountered (Filestream rate limit exceeded, retrying in 2.309210814298618 seconds), retrying request
wandb: 429 encountered (Filestream rate limit exceeded, retrying in 4.74244955085835 seconds), retrying request
wandb: 429 encountered (Filestream rate limit exceeded, retrying in 2.3208294020587688 seconds), retrying request
wandb: 429 encountered (Filestream rate limit exceeded, retrying in 4.449321210970654 seconds), retrying request
wandb: 429 encountered (Filestream rate limit exceeded, retrying in 9.332807066431235 seconds), retrying request
wandb: 429 encountered (Filestream rate limit exceeded, retrying in 2.397719268113898 seconds), retrying request
wandb: 429 encountered (Filestream rate limit exceeded, retrying in 4.442136027524501 seconds), retrying request
wandb: 429 encountered (Filestream rate limit exceeded, retrying in 8.649340905622244 seconds), retrying request
wandb: 429 encountered (Filestream rate limit exceeded, retrying in 17.355502846398874 seconds), retrying request
wandb: 429 encountered (Filestream rate limit exceeded, retrying in 34.88636669132224 seconds), retrying request
wandb: 429 encountered (Filestream rate limit exceeded, retrying in 129.9360776923461 seconds), retrying request
wandb: 429 encountered (Filestream rate limit exceeded, retrying in 259.78385815475417 seconds), retrying request
wandb: 429 encountered (Filestream rate limit exceeded, retrying in 2.389658497516028 seconds), retrying request
wandb: 429 encountered (Filestream rate limit exceeded, retrying in 4.523359775147165 seconds), retrying request
wandb: 429 encountered (Filestream rate limit exceeded, retrying in 2.220903393168151 seconds), retrying request
wandb: 429 encountered (Filestream rate limit exceeded, retrying in 2.326504624918714 seconds), retrying request
wandb: 429 encountered (Filestream rate limit exceeded, retrying in 2.2033831473663312 seconds), retrying request
wandb: 429 encountered (Filestream rate limit exceeded, retrying in 4.111474549753771 seconds), retrying request
wandb: 429 encountered (Filestream rate limit exceeded, retrying in 2.4004935724268197 seconds), retrying request
wandb: 429 encountered (Filestream rate limit exceeded, retrying in 2.4182162185101777 seconds), retrying request
wandb: 429 encountered (Filestream rate limit exceeded, retrying in 2.027107156198407 seconds), retrying request
wandb: 429 encountered (Filestream rate limit exceeded, retrying in 4.5114621853143 seconds), retrying request
wandb: 429 encountered (Filestream rate limit exceeded, retrying in 9.029602687267348 seconds), retrying request
wandb: 429 encountered (Filestream rate limit exceeded, retrying in 2.3792748612308285 seconds), retrying request
wandb: 429 encountered (Filestream rate limit exceeded, retrying in 4.6163355387338685 seconds), retrying request
wandb: 429 encountered (Filestream rate limit exceeded, retrying in 2.2958958348022525 seconds), retrying request
wandb: 429 encountered (Filestream rate limit exceeded, retrying in 2.2318571737106883 seconds), retrying request
wandb: 429 encountered (Filestream rate limit exceeded, retrying in 2.0252942810591685 seconds), retrying request
wandb: 429 encountered (Filestream rate limit exceeded, retrying in 4.960734255665368 seconds), retrying request
wandb: 429 encountered (Filestream rate limit exceeded, retrying in 9.924995013958068 seconds), retrying request
wandb: 429 encountered (Filestream rate limit exceeded, retrying in 16.499274100928098 seconds), retrying request
wandb: 429 encountered (Filestream rate limit exceeded, retrying in 34.98069718160484 seconds), retrying request
wandb: 429 encountered (Filestream rate limit exceeded, retrying in 2.275064133257179 seconds), retrying request
wandb: 429 encountered (Filestream rate limit exceeded, retrying in 4.364021201718213 seconds), retrying request
wandb: 429 encountered (Filestream rate limit exceeded, retrying in 2.221570344055234 seconds), retrying request
wandb: 429 encountered (Filestream rate limit exceeded, retrying in 2.308966870912445 seconds), retrying request
wandb: 429 encountered (Filestream rate limit exceeded, retrying in 4.962745696166872 seconds), retrying request
wandb: 429 encountered (Filestream rate limit exceeded, retrying in 8.839518873816694 seconds), retrying request
wandb: 429 encountered (Filestream rate limit exceeded, retrying in 16.40497784181385 seconds), retrying request
wandb: 429 encountered (Filestream rate limit exceeded, retrying in 37.11005626827298 seconds), retrying request
wandb: 429 encountered (Filestream rate limit exceeded, retrying in 2.4487187198399774 seconds), retrying request
wandb: 429 encountered (Filestream rate limit exceeded, retrying in 2.0628094221469753 seconds), retrying request
wandb: 429 encountered (Filestream rate limit exceeded, retrying in 4.475026764106177 seconds), retrying request
wandb: 429 encountered (Filestream rate limit exceeded, retrying in 2.4452852148319653 seconds), retrying request
wandb: 429 encountered (Filestream rate limit exceeded, retrying in 4.742047902148506 seconds), retrying request
wandb: 429 encountered (Filestream rate limit exceeded, retrying in 19.856523274476913 seconds), retrying request
wandb: 429 encountered (Filestream rate limit exceeded, retrying in 39.06549840679367 seconds), retrying request
wandb: 429 encountered (Filestream rate limit exceeded, retrying in 2.274025674734027 seconds), retrying request
wandb: 429 encountered (Filestream rate limit exceeded, retrying in 4.47093433836753 seconds), retrying request
wandb: 429 encountered (Filestream rate limit exceeded, retrying in 9.19888709253401 seconds), retrying request
wandb: 429 encountered (Filestream rate limit exceeded, retrying in 18.750607101834635 seconds), retrying request
wandb: 429 encountered (Filestream rate limit exceeded, retrying in 37.98157340622716 seconds), retrying request
wandb: 429 encountered (Filestream rate limit exceeded, retrying in 2.0260512929010948 seconds), retrying request
wandb: 429 encountered (Filestream rate limit exceeded, retrying in 4.265366003253783 seconds), retrying request
wandb: 429 encountered (Filestream rate limit exceeded, retrying in 2.049248996889367 seconds), retrying request
wandb: 429 encountered (Filestream rate limit exceeded, retrying in 4.446715387918748 seconds), retrying request
/home/zihan/anaconda3/envs/x/lib/python3.7/site-packages/tensorflow/python/framework/dtypes.py:516: FutureWarning: Passing (type, 1) or '1type' as a synonym of type is deprecated; in a future version of numpy, it will be understood as (type, (1,)) / '(1,)type'.
  _np_qint8 = np.dtype([("qint8", np.int8, 1)])
/home/zihan/anaconda3/envs/x/lib/python3.7/site-packages/tensorflow/python/framework/dtypes.py:517: FutureWarning: Passing (type, 1) or '1type' as a synonym of type is deprecated; in a fu