wandb: Currently logged in as: quantumiracle. Use `wandb login --relogin` to force relogin
wandb: wandb version 0.13.3 is available!  To upgrade, please run:
wandb:  $ pip install wandb --upgrade
wandb: Tracking run with wandb version 0.13.0
wandb: Run data is saved locally in /home/zihan/research/MARS/wandb/run-20220920_023012-ql5siqhi
wandb: Run `wandb offline` to turn off syncing.
wandb: Syncing run pettingzoo_boxing_v2_nash_dqn_202209200230
wandb: ⭐️ View project at https://wandb.ai/quantumiracle/Pettingzoo_MARS
wandb: 🚀 View run at https://wandb.ai/quantumiracle/Pettingzoo_MARS/runs/ql5siqhi
wandb: 429 encountered (Filestream rate limit exceeded, retrying in 2.3374893422881344 seconds), retrying request
wandb: 429 encountered (Filestream rate limit exceeded, retrying in 4.231925029915329 seconds), retrying request
wandb: 429 encountered (Filestream rate limit exceeded, retrying in 2.2657812512228315 seconds), retrying request
wandb: 429 encountered (Filestream rate limit exceeded, retrying in 2.2280464602402903 seconds), retrying request
wandb: 429 encountered (Filestream rate limit exceeded, retrying in 2.035574732939433 seconds), retrying request
wandb: 429 encountered (Filestream rate limit exceeded, retrying in 2.457643317917168 seconds), retrying request
wandb: 429 encountered (Filestream rate limit exceeded, retrying in 2.1163359021633736 seconds), retrying request
wandb: 429 encountered (Filestream rate limit exceeded, retrying in 2.4565420955683086 seconds), retrying request
wandb: 429 encountered (Filestream rate limit exceeded, retrying in 2.001409083798335 seconds), retrying request
wandb: 429 encountered (Filestream rate limit exceeded, retrying in 4.133417274309181 seconds), retrying request
wandb: 429 encountered (Filestream rate limit exceeded, retrying in 4.116354201232362 seconds), retrying request
wandb: 429 encountered (Filestream rate limit exceeded, retrying in 2.0826348242941677 seconds), retrying request
wandb: 429 encountered (Filestream rate limit exceeded, retrying in 2.2062626785930295 seconds), retrying request
wandb: 429 encountered (Filestream rate limit exceeded, retrying in 4.87142115640625 seconds), retrying request
wandb: 429 encountered (Filestream rate limit exceeded, retrying in 2.0895062887356053 seconds), retrying request
wandb: 429 encountered (Filestream rate limit exceeded, retrying in 4.7765965149242415 seconds), retrying request
wandb: 429 encountered (Filestream rate limit exceeded, retrying in 2.4937110106993776 seconds), retrying request
wandb: 429 encountered (Filestream rate limit exceeded, retrying in 4.674057005259069 seconds), retrying request
wandb: 429 encountered (Filestream rate limit exceeded, retrying in 2.4570745569796286 seconds), retrying request
wandb: 429 encountered (Filestream rate limit exceeded, retrying in 4.4701875760975325 seconds), retrying request
wandb: 429 encountered (Filestream rate limit exceeded, retrying in 8.661869963077237 seconds), retrying request
wandb: 429 encountered (Filestream rate limit exceeded, retrying in 18.931803193827125 seconds), retrying request
wandb: 429 encountered (Filestream rate limit exceeded, retrying in 32.58172139785499 seconds), retrying request
wandb: 429 encountered (Filestream rate limit exceeded, retrying in 2.45622959396592 seconds), retrying request
wandb: 429 encountered (Filestream rate limit exceeded, retrying in 4.187067553462315 seconds), retrying request
wandb: 429 encountered (Filestream rate limit exceeded, retrying in 2.2842863956318675 seconds), retrying request
wandb: 429 encountered (Filestream rate limit exceeded, retrying in 4.855191858720618 seconds), retrying request
wandb: 429 encountered (Filestream rate limit exceeded, retrying in 2.440530516384879 seconds), retrying request
wandb: 429 encountered (Filestream rate limit exceeded, retrying in 4.31893832122154 seconds), retrying request
wandb: 429 encountered (Filestream rate limit exceeded, retrying in 2.3426851570278853 seconds), retrying request
wandb: 429 encountered (Filestream rate limit exceeded, retrying in 4.751760195788274 seconds), retrying request
wandb: 429 encountered (Filestream rate limit exceeded, retrying in 2.2531138587075006 seconds), retrying request
wandb: 429 encountered (Filestream rate limit exceeded, retrying in 4.438362980166023 seconds), retrying request
wandb: 429 encountered (Filestream rate limit exceeded, retrying in 2.1493664672541306 seconds), retrying request
wandb: 429 encountered (Filestream rate limit exceeded, retrying in 4.594671145016831 seconds), retrying request
wandb: 429 encountered (Filestream rate limit exceeded, retrying in 2.295722266345702 seconds), retrying request
wandb: 429 encountered (Filestream rate limit exceeded, retrying in 8.231439467403058 seconds), retrying request
wandb: 429 encountered (Filestream rate limit exceeded, retrying in 17.11797390445423 seconds), retrying request
wandb: 429 encountered (Filestream rate limit exceeded, retrying in 38.67007354898781 seconds), retrying request
wandb: 429 encountered (Filestream rate limit exceeded, retrying in 2.2748378659935944 seconds), retrying request
wandb: 429 encountered (Filestream rate limit exceeded, retrying in 4.7505707023642385 seconds), retrying request
wandb: 429 encountered (Filestream rate limit exceeded, retrying in 2.0203139455951975 seconds), retrying request
wandb: 429 encountered (Filestream rate limit exceeded, retrying in 2.430956978338233 seconds), retrying request
wandb: 429 encountered (Filestream rate limit exceeded, retrying in 2.383732466076553 seconds), retrying request
wandb: 429 encountered (Filestream rate limit exceeded, retrying in 4.287623396657399 seconds), retrying request
wandb: 429 encountered (Filestream rate limit exceeded, retrying in 2.085131678126801 seconds), retrying request
wandb: 429 encountered (Filestream rate limit exceeded, retrying in 2.2203646815919247 seconds), retrying request
wandb: 429 encountered (Filestream rate limit exceeded, retrying in 4.80072882719699 seconds), retrying request
wandb: 429 encountered (Filestream rate limit exceeded, retrying in 2.2337661507495903 seconds), retrying request
wandb: 429 encountered (Filestream rate limit exceeded, retrying in 4.886090103135063 seconds), retrying request
wandb: 429 encountered (Filestream rate limit exceeded, retrying in 2.301435932392218 seconds), retrying request
wandb: 429 encountered (Filestream rate limit exceeded, retrying in 4.256424245331947 seconds), retrying request
wandb: 429 encountered (Filestream rate limit exceeded, retrying in 2.167455383276346 seconds), retrying request
wandb: 429 encountered (Filestream rate limit exceeded, retrying in 2.0005614991037137 seconds), retrying request
wandb: 429 encountered (Filestream rate limit exceeded, retrying in 4.697866203047408 seconds), retrying request
wandb: 429 encountered (Filestream rate limit exceeded, retrying in 2.1715564280673716 seconds), retrying request
wandb: 429 encountered (Filestream rate limit exceeded, retrying in 4.7560085586123435 seconds), retrying request
wandb: 429 encountered (Filestream rate limit exceeded, retrying in 2.0713002957451687 seconds), retrying request
wandb: 429 encountered (Filestream rate limit exceeded, retrying in 2.3417061427012458 seconds), retrying request
wandb: 429 encountered (Filestream rate limit exceeded, retrying in 4.1799227557897 seconds), retrying request
wandb: 429 encountered (Filestream rate limit exceeded, retrying in 2.1633959883644653 seconds), retrying request
wandb: 429 encountered (Filestream rate limit exceeded, retrying in 4.178099455427769 seconds), retrying request
wandb: 429 encountered (Filestream rate limit exceeded, retrying in 2.4280138021910735 seconds), retrying request
wandb: 429 encountered (Filestream rate limit exceeded, retrying in 4.424806815509984 seconds), retrying request
wandb: 429 encountered (Filestream rate limit exceeded, retrying in 2.298415270879987 seconds), retrying request
wandb: 429 encountered (Filestream rate limit exceeded, retrying in 4.016949354720779 seconds), retrying request
wandb: 429 encountered (Filestream rate limit exceeded, retrying in 2.2506136913771466 seconds), retrying request
wandb: 429 encountered (Filestream rate limit exceeded, retrying in 4.173157044194681 seconds), retrying request
wandb: 429 encountered (Filestream rate limit exceeded, retrying in 2.065136850955353 seconds), retrying request
wandb: 429 encountered (Filestream rate limit exceeded, retrying in 2.0713681314469508 seconds), retrying request
wandb: 429 encountered (Filestream rate limit exceeded, retrying in 4.876953959912519 seconds), retrying request
wandb: 429 encountered (Filestream rate limit exceeded, retrying in 2.154633517668115 seconds), retrying request
wandb: 429 encountered (Filestream rate limit exceeded, retrying in 4.762609285677503 seconds), retrying request
wandb: 429 encountered (Filestream rate limit exceeded, retrying in 2.4171377514655097 seconds), retrying request
wandb: 429 encountered (Filestream rate limit exceeded, retrying in 4.859763410910052 seconds), retrying request
wandb: 429 encountered (Filestream rate limit exceeded, retrying in 2.3915451318191945 seconds), retrying request
wandb: 429 encountered (Filestream rate limit exceeded, retrying in 2.4340882914263924 seconds), retrying request
wandb: 429 encountered (Filestream rate limit exceeded, retrying in 4.905917117007446 seconds), retrying request
wandb: 429 encountered (Filestream rate limit exceeded, retrying in 2.344357373994189 seconds), retrying request
wandb: 429 encountered (Filestream rate limit exceeded, retrying in 2.2694128203456585 seconds), retrying request
wandb: 429 encountered (Filestream rate limit exceeded, retrying in 4.897941681889759 seconds), retrying request
wandb: 429 encountered (Filestream rate limit exceeded, retrying in 8.788660809662632 seconds), retrying request
wandb: 429 encountered (Filestream rate limit exceeded, retrying in 16.57674186885158 seconds), retrying request
wandb: 429 encountered (Filestream rate limit exceeded, retrying in 34.3488253769338 seconds), retrying request
wandb: 429 encountered (Filestream rate limit exceeded, retrying in 64.59955674906129 seconds), retrying request
wandb: 429 encountered (Filestream rate limit exceeded, retrying in 2.1816302094333317 seconds), retrying request
wandb: 429 encountered (Filestream rate limit exceeded, retrying in 2.10602853809472 seconds), retrying request
wandb: 429 encountered (Filestream rate limit exceeded, retrying in 2.171279647702486 seconds), retrying request
wandb: 429 encountered (Filestream rate limit exceeded, retrying in 4.941534274993055 seconds), retrying request
wandb: 429 encountered (Filestream rate limit exceeded, retrying in 2.300665290056138 seconds), retrying request
wandb: 429 encountered (Filestream rate limit exceeded, retrying in 4.1009823267767205 seconds), retrying request
wandb: 429 encountered (Filestream rate limit exceeded, retrying in 2.1428802994388 seconds), retrying request
wandb: 429 encountered (Filestream rate limit exceeded, retrying in 4.331493313225533 seconds), retrying request
wandb: 429 encountered (Filestream rate limit exceeded, retrying in 2.0839953034124927 seconds), retrying request
wandb: 429 encountered (Filestream rate limit exceeded, retrying in 4.806932564572513 seconds), retrying request
wandb: 429 encountered (Filestream rate limit exceeded, retrying in 2.0358169429718487 seconds), retrying request
wandb: 429 encountered (Filestream rate limit exceeded, retrying in 4.827198912993495 seconds), retrying request
wandb: 429 encountered (Filestream rate limit exceeded, retrying in 9.48475894456425 seconds), retrying request
wandb: 429 encountered (Filestream rate limit exceeded, retrying in 19.263453734551515 seconds), retrying request
wandb: 429 encountered (Filestream rate limit exceeded, retrying in 33.451497441034135 seconds), retrying request
wandb: 429 encountered (Filestream rate limit exceeded, retrying in 2.0773635647555873 seconds), retrying request
wandb: 429 encountered (Filestream rate limit exceeded, retrying in 2.172716786518713 seconds), retrying request
wandb: 429 encountered (Filestream rate limit exceeded, retrying in 2.107128792243468 seconds), retrying request
wandb: 429 encountered (Filestream rate limit exceeded, retrying in 4.066986453423768 seconds), retrying request
wandb: 429 encountered (Filestream rate limit exceeded, retrying in 2.393243259039563 seconds), retrying request
wandb: 429 encountered (Filestream rate limit exceeded, retrying in 2.473830178451985 seconds), retrying request
wandb: 429 encountered (Filestream rate limit exceeded, retrying in 2.273711635517571 seconds), retrying request
wandb: 429 encountered (Filestream rate limit exceeded, retrying in 4.485117759824892 seconds), retrying request
wandb: 429 encountered (Filestream rate limit exceeded, retrying in 2.116159537821023 seconds), retrying request
wandb: 429 encountered (Filestream rate limit exceeded, retrying in 4.774639839653373 seconds), retrying request
wandb: 429 encountered (Filestream rate limit exceeded, retrying in 2.036574412468848 seconds), retrying request
wandb: 429 encountered (Filestream rate limit exceeded, retrying in 4.919322055132379 seconds), retrying request
wandb: 429 encountered (Filestream rate limit exceeded, retrying in 2.0407773324042187 seconds), retrying request
wandb: 429 encountered (Filestream rate limit exceeded, retrying in 4.437225314712159 seconds), retrying request
wandb: 429 encountered (Filestream rate limit exceeded, retrying in 19.575090416460224 seconds), retrying request
wandb: 429 encountered (Filestream rate limit exceeded, retrying in 38.02809074881429 seconds), retrying request
wandb: 429 encountered (Filestream rate limit exceeded, retrying in 2.0087889629609297 seconds), retrying request
wandb: 429 encountered (Filestream rate limit exceeded, retrying in 4.966825760262533 seconds), retrying request
wandb: 429 encountered (Filestream rate limit exceeded, retrying in 2.2634125626014217 seconds), retrying request
wandb: 429 encountered (Filestream rate limit exceeded, retrying in 2.1914866218006717 seconds), retrying request
wandb: 429 encountered (Filestream rate limit exceeded, retrying in 2.324920563931013 seconds), retrying request
wandb: 429 encountered (Filestream rate limit exceeded, retrying in 4.799499302858247 seconds), retrying request
wandb: 429 encountered (Filestream rate limit exceeded, retrying in 2.1236467475138094 seconds), retrying request
wandb: 429 encountered (Filestream rate limit exceeded, retrying in 4.268426582294899 seconds), retrying request
wandb: 429 encountered (Filestream rate limit exceeded, retrying in 2.0755853026592797 seconds), retrying request
wandb: 429 encountered (Filestream rate limit exceeded, retrying in 2.077019130585369 seconds), retrying request
wandb: 429 encountered (Filestream rate limit exceeded, retrying in 4.960945738699788 seconds), retrying request
wandb: 429 encountered (Filestream rate limit exceeded, retrying in 2.123222438128443 seconds), retrying request
wandb: 429 encountered (Filestream rate limit exceeded, retrying in 4.319165337911811 seconds), retrying request
wandb: 429 encountered (Filestream rate limit exceeded, retrying in 2.2624970345686184 seconds), retrying request
wandb: 429 encountered (Filestream rate limit exceeded, retrying in 4.573053905954542 seconds), retrying request
wandb: 429 encountered (Filestream rate limit exceeded, retrying in 2.093239568967519 seconds), retrying request
wandb: 429 encountered (Filestream rate limit exceeded, retrying in 4.548614547264021 seconds), retrying request
wandb: 429 encountered (Filestream rate limit exceeded, retrying in 2.3871112885311843 seconds), retrying request
wandb: 429 encountered (Filestream rate limit exceeded, retrying in 4.712927939592343 seconds), retrying request
wandb: 429 encountered (Filestream rate limit exceeded, retrying in 2.074842413482335 seconds), retrying request
wandb: 429 encountered (Filestream rate limit exceeded, retrying in 4.886906684316924 seconds), retrying request
wandb: 429 encountered (Filestream rate limit exceeded, retrying in 2.1411784901402933 seconds), retrying request
wandb: 429 encountered (Filestream rate limit exceeded, retrying in 2.4010674454049283 seconds), retrying request
wandb: 429 encountered (Filestream rate limit exceeded, retrying in 4.628404143134814 seconds), retrying request
wandb: 429 encountered (Filestream rate limit exceeded, retrying in 2.329143446029005 seconds), retrying request
wandb: 429 encountered (Filestream rate limit exceeded, retrying in 4.65761388158636 seconds), retrying request
wandb: 429 encountered (Filestream rate limit exceeded, retrying in 2.4351494221702934 seconds), retrying request
wandb: 429 encountered (Filestream rate limit exceeded, retrying in 4.158468050620445 seconds), retrying request
wandb: 429 encountered (Filestream rate limit exceeded, retrying in 2.288584090043225 seconds), retrying request
wandb: 429 encountered (Filestream rate limit exceeded, retrying in 2.247761852460231 seconds), retrying request
wandb: 429 encountered (Filestream rate limit exceeded, retrying in 4.5323941320890215 seconds), retrying request
wandb: 429 encountered (Filestream rate limit exceeded, retrying in 2.1690502281441315 seconds), retrying request
wandb: 429 encountered (Filestream rate limit exceeded, retrying in 4.960772222082279 seconds), retrying request
wandb: 429 encountered (Filestream rate limit exceeded, retrying in 2.304994619468402 seconds), retrying request
wandb: 429 encountered (Filestream rate limit exceeded, retrying in 2.081373783398905 seconds), retrying request
wandb: 429 encountered (Filestream rate limit exceeded, retrying in 2.3047348121576237 seconds), retrying request
wandb: 429 encountered (Filestream rate limit exceeded, retrying in 4.073798062034934 seconds), retrying request
wandb: 429 encountered (Filestream rate limit exceeded, retrying in 2.4527578479809726 seconds), retrying request
wandb: 429 encountered (Filestream rate limit exceeded, retrying in 2.291089516768332 seconds), retrying request
wandb: 429 encountered (Filestream rate limit exceeded, retrying in 4.452319565300871 seconds), retrying request
wandb: 429 encountered (Filestream rate limit exceeded, retrying in 4.667333767044598 seconds), retrying request
wandb: 429 encountered (Filestream rate limit exceeded, retrying in 2.0561552811723627 seconds), retrying request
wandb: 429 encountered (Filestream rate limit exceeded, retrying in 4.455761142224024 seconds), retrying request
wandb: 429 encountered (Filestream rate limit exceeded, retrying in 4.910648961420105 seconds), retrying request
wandb: 429 encountered (Filestream rate limit exceeded, retrying in 4.733901353113692 seconds), retrying request
wandb: 429 encountered (Filestream rate limit exceeded, retrying in 2.1096084559162684 seconds), retrying request
wandb: 429 encountered (Filestream rate limit exceeded, retrying in 4.934533110102403 seconds), retrying request
wandb: 429 encountered (Filestream rate limit exceeded, retrying in 2.1668143440974172 seconds), retrying request
wandb: 429 encountered (Filestream rate limit exceeded, retrying in 2.4492929948183715 seconds), retrying request
wandb: 429 encountered (Filestream rate limit exceeded, retrying in 4.906273834395612 seconds), retrying request
wandb: 429 encountered (Filestream rate limit exceeded, retrying in 8.194224699779095 seconds), retrying request
wandb: 429 encountered (Filestream rate limit exceeded, retrying in 19.216695982858823 seconds), retrying request
wandb: 429 encountered (Filestream rate limit exceeded, retrying in 32.216921518063835 seconds), retrying request
wandb: 429 encountered (Filestream rate limit exceeded, retrying in 2.3801551663296587 seconds), retrying request
wandb: 429 encountered (Filestream rate limit exceeded, retrying in 4.785049532275764 seconds), retrying request
wandb: 429 encountered (Filestream rate limit exceeded, retrying in 2.0066885760515047 seconds), retrying request
wandb: 429 encountered (Filestream rate limit exceeded, retrying in 4.247101000785525 seconds), retrying request
wandb: 429 encountered (Filestream rate limit exceeded, retrying in 2.450930153514738 seconds), retrying request
wandb: 429 encountered (Filestream rate limit exceeded, retrying in 2.446182616971683 seconds), retrying request
wandb: 429 encountered (Filestream rate limit exceeded, retrying in 4.568664156887663 seconds), retrying request
wandb: 429 encountered (Filestream rate limit exceeded, retrying in 2.339114181131887 seconds), retrying request
wandb: 429 encountered (Filestream rate limit exceeded, retrying in 4.534761979137045 seconds), retrying request
wandb: 429 encountered (Filestream rate limit exceeded, retrying in 2.2991942472207034 seconds), retrying request
wandb: 429 encountered (Filestream rate limit exceeded, retrying in 4.580049206689028 seconds), retrying request
wandb: 429 encountered (Filestream rate limit exceeded, retrying in 2.3826192067938416 seconds), retrying request
wandb: 429 encountered (Filestream rate limit exceeded, retrying in 4.1560303426301255 seconds), retrying request
wandb: 429 encountered (Filestream rate limit exceeded, retrying in 2.180617712507704 seconds), retrying request
wandb: 429 encountered (Filestream rate limit exceeded, retrying in 4.851544296099149 seconds), retrying request
wandb: 429 encountered (Filestream rate limit exceeded, retrying in 2.3697473211278703 seconds), retrying request
wandb: 429 encountered (Filestream rate limit exceeded, retrying in 4.419233598976414 seconds), retrying request
wandb: 429 encountered (Filestream rate limit exceeded, retrying in 2.1601026761177184 seconds), retrying request
wandb: 429 encountered (Filestream rate limit exceeded, retrying in 2.0229663612136566 seconds), retrying request
wandb: 429 encountered (Filestream rate limit exceeded, retrying in 4.743234856298834 seconds), retrying request
wandb: 429 encountered (Filestream rate limit exceeded, retrying in 2.180708219433649 seconds), retrying request
wandb: 429 encountered (Filestream rate limit exceeded, retrying in 2.080300139232981 seconds), retrying request
wandb: 429 encountered (Filestream rate limit exceeded, retrying in 4.795307790370665 seconds), retrying request
wandb: 429 encountered (Filestream rate limit exceeded, retrying in 2.0921908181846094 seconds), retrying request
wandb: 429 encountered (Filestream rate limit exceeded, retrying in 2.41265080031739 seconds), retrying request
wandb: 429 encountered (Filestream rate limit exceeded, retrying in 4.770375366892015 seconds), retrying request
wandb: 429 encountered (Filestream rate limit exceeded, retrying in 2.101442260965666 seconds), retrying request
wandb: 429 encountered (Filestream rate limit exceeded, retrying in 2.2665952862210474 seconds), retrying request
wandb: 429 encountered (Filestream rate limit exceeded, retrying in 4.947143804380341 seconds), retrying request
pettingzoo_boxing_v2
default:  {'env_name': 'boxing_v2', 'env_type': 'pettingzoo', 'num_envs': 5, 'ram': True, 'seed': 'random', 'record_video': False, 'algorithm': 'NashDQN', 'algorithm_spec': {'episodic_update': False, 'dueling': False, 'replay_buffer_size': '1e5', 'gamma': 0.99, 'multi_step': 1, 'target_update_interval': 1000, 'eps_start': 1.0, 'eps_final': 0.001, 'eps_decay': 1000000}, 'num_process': 1, 'batch_size': 128, 'max_episodes': 10000, 'max_steps_per_episode': 300, 'train_start_frame': 0, 'save_id': 0, 'optimizer': 'adam', 'learning_rate': '1e-4', 'device': 'gpu', 'update_itr': 1, 'log_avg_window': 20, 'log_interval': 20, 'render': False, 'test': False, 'exploit': False, 'load_model_idx': False, 'load_model_full_path': False, 'multiprocess': False, 'eval_models': False, 'save_path': '', 'save_interval': 2000, 'wandb_activate': False, 'wandb_entity': '', 'wandb_project': '', 'wandb_group': '', 'wandb_name': '', 'net_architecture': {'hidden_dim_list': [128, 128, 128, 128], 'hidden_activation': 'ReLU', 'output_activation': False}, 'marl_method': 'nash_dqn', 'marl_spec': {'min_update_interval': 20, 'score_avg_window': 10, 'global_state': False}}
{'env_name': 'boxing_v2', 'env_type': 'pettingzoo', 'num_envs': 5, 'ram': True, 'seed': 'random', 'record_video': True, 'algorithm': 'NashDQN', 'algorithm_spec': {'episodic_update': False, 'dueling': False, 'replay_buffer_size': '1e5', 'gamma': 0.99, 'multi_step': 1, 'target_update_interval': 1000, 'eps_start': 1.0, 'eps_final': 0.001, 'eps_decay': 1000000}, 'num_process': 1, 'batch_size': 128, 'max_episodes': 10000, 'max_steps_per_episode': 300, 'train_start_frame': 0, 'save_id': 202209200230, 'optimizer': 'adam', 'learning_rate': '1e-4', 'device': 'gpu', 'update_itr': 1, 'log_avg_window': 20, 'log_interval': 20, 'render': False, 'test': False, 'exploit': False, 'load_model_idx': False, 'load_model_full_path': False, 'multiprocess': False, 'eval_models': False, 'save_path': '', 'save_interval': 2000, 'wandb_activate': True, 'wandb_entity': 'quantumiracle', 'wandb_project': '', 'wandb_group': '', 'wandb_name': '', 'net_architecture': {'hidden_dim_list': [128, 128, 128, 128], 'hidden_activation': 'ReLU', 'output_activation': False}, 'marl_method': 'nash_dqn', 'marl_spec': {'min_update_interval': 20, 'score_avg_window': 10, 'global_state': False}, 'record_video_interval': 1000}
args:  {'env_name': 'boxing_v2', 'env_type': 'pettingzoo', 'num_envs': 5, 'ram': True, 'seed': 'random', 'record_video': True, 'algorithm': 'NashDQN', 'algorithm_spec': {'episodic_update': False, 'dueling': False, 'replay_buffer_size': '1e5', 'gamma': 0.99, 'multi_step': 1, 'target_update_interval': 1000, 'eps_start': 1.0, 'eps_final': 0.001, 'eps_decay': 1000000}, 'num_process': 1, 'batch_size': 128, 'max_episodes': 10000, 'max_steps_per_episode': 300, 'train_start_frame': 0, 'save_id': 202209200230, 'optimizer': 'adam', 'learning_rate': '1e-4', 'device': 'gpu', 'update_itr': 1, 'log_avg_window': 20, 'log_interval': 20, 'render': False, 'test': False, 'exploit': False, 'load_model_idx': False, 'load_model_full_path': False, 'multiprocess': False, 'eval_models': False, 'save_path': '', 'save_interval': 2000, 'wandb_activate': True, 'wandb_entity': 'quantumiracle', 'wandb_project': 'Pettingzoo_MARS', 'wandb_group': '202209200230', 'wandb_name': 'pettingzoo_boxing_v2_nash_dqn_202209200230', 'net_architecture': {'hidden_dim_list': [128, 128, 128, 128], 'hidden_activation': 'ReLU', 'output_activation': False}, 'marl_method': 'nash_dqn', 'marl_spec': {'min_update_interval': 20, 'score_avg_window': 10, 'global_state': False}, 'record_video_interval': 1000}
boxing_v2 pettingzoo
record video: interval 1000, length 300
Load boxing_v2 environment in type pettingzoo.
Env observation space: <bound method aec_to_parallel_wrapper.observation_space of <pettingzoo.utils.conversions.aec_to_parallel_wrapper object at 0x7f34430d7828>> action space: <bound method aec_to_parallel_wrapper.action_space of <pettingzoo.utils.conversions.aec_to_parallel_wrapper object at 0x7f34430d7828>>
random seed: [271, 693, 599, 233, 665]
<mars.env.wrappers.mars_wrappers.SSVecWrapper object at 0x7f34430f6780>
discrete_policy 18 Discrete(18)
discrete_policy 18 Discrete(18)
discrete_policy 18 Discrete(18)
Agents No. [1] (index starting from 0) are not learnable.
Arguments:  {'env_name': 'boxing_v2', 'env_type': 'pettingzoo', 'num_envs': 5, 'ram': True, 'seed': 'random', 'record_video': True, 'algorithm': 'NashDQN', 'algorithm_spec': {'episodic_update': False, 'dueling': False, 'replay_buffer_size': '1e5', 'gamma': 0.99, 'multi_step': 1, 'target_update_interval': 1000, 'eps_start': 1.0, 'eps_final': 0.001, 'eps_decay': 1000000}, 'num_process': 1, 'batch_size': 128, 'max_episodes': 10000, 'max_steps_per_episode': 300, 'train_start_frame': 0, 'save_id': 202209200230, 'optimizer': 'adam', 'learning_rate': '1e-4', 'device': 'gpu', 'update_itr': 1, 'log_avg_window': 20, 'log_interval': 20, 'render': False, 'test': False, 'exploit': False, 'load_model_idx': False, 'load_model_full_path': False, 'multiprocess': False, 'eval_models': False, 'save_path': '', 'save_interval': 2000, 'wandb_activate': True, 'wandb_entity': 'quantumiracle', 'wandb_project': 'Pettingzoo_MARS', 'wandb_group': '202209200230', 'wandb_name': 'pettingzoo_boxing_v2_nash_dqn_202209200230', 'net_architecture': {'hidden_dim_list': [128, 128, 128, 128], 'hidden_activation': 'ReLU', 'output_activation': False}, 'marl_method': 'nash_dqn', 'marl_spec': {'min_update_interval': 20, 'score_avg_window': 10, 'global_state': False}, 'record_video_interval': 1000}
Save models to : /home/zihan/research/MARS/data/model/202209200230/pettingzoo_boxing_v2_nash_dqn. 
 Save logs to: /home/zihan/research/MARS/data/log/202209200230/pettingzoo_boxing_v2_nash_dqn.
Episode: 1/10000 (0.0100%),                 avg. length: 299.0,                last time consumption/overall running time: 33.64s / 33.64 s
first_0:                 episode reward: 0.0000,                 loss: 0.0092
second_0:                 episode reward: 0.0000,                 loss: nan
Episode: 21/10000 (0.2100%),                 avg. length: 299.0,                last time consumption/overall running time: 962.12s / 995.76 s
first_0:                 episode reward: -0.3000,                 loss: 0.0126
second_0:                 episode reward: 0.3000,                 loss: nan
Episode: 41/10000 (0.4100%),                 avg. length: 299.0,                last time consumption/overall running time: 1152.71s / 2148.47 s
first_0:                 episode reward: 0.1500,                 loss: 0.0090
second_0:                 episode reward: -0.1500,                 loss: nan
Episode: 61/10000 (0.6100%),                 avg. length: 299.0,                last time consumption/overall running time: 1209.62s / 3358.09 s
first_0:                 episode reward: 0.2000,                 loss: 0.0099
second_0:                 episode reward: -0.2000,                 loss: nan
Episode: 81/10000 (0.8100%),                 avg. length: 299.0,                last time consumption/overall running time: 1231.05s / 4589.14 s
first_0:                 episode reward: -0.4000,                 loss: 0.0097
second_0:                 episode reward: 0.4000,                 loss: nan
Episode: 101/10000 (1.0100%),                 avg. length: 299.0,                last time consumption/overall running time: 1242.49s / 5831.63 s
first_0:                 episode reward: 0.3500,                 loss: 0.0095
second_0:                 episode reward: -0.3500,                 loss: nan
Episode: 121/10000 (1.2100%),                 avg. length: 299.0,                last time consumption/overall running time: 1232.86s / 7064.49 s
first_0:                 episode reward: 0.5000,                 loss: 0.0089
second_0:                 episode reward: -0.5000,                 loss: nan
Episode: 141/10000 (1.4100%),                 avg. length: 299.0,                last time consumption/overall running time: 1234.82s / 8299.31 s
first_0:                 episode reward: -0.5500,                 loss: 0.0084
second_0:                 episode reward: 0.5500,                 loss: nan
Episode: 161/10000 (1.6100%),                 avg. length: 299.0,                last time consumption/overall running time: 1234.33s / 9533.64 swandb: 429 encountered (Filestream rate limit exceeded, retrying in 2.4371731745037803 seconds), retrying request
wandb: 429 encountered (Filestream rate limit exceeded, retrying in 2.263217619770055 seconds), retrying request
wandb: 429 encountered (Filestream rate limit exceeded, retrying in 4.093044321391773 seconds), retrying request
wandb: 429 encountered (Filestream rate limit exceeded, retrying in 2.1516937723437453 seconds), retrying request
wandb: 429 encountered (Filestream rate limit exceeded, retrying in 4.1317952943531795 seconds), retrying request
wandb: 429 encountered (Filestream rate limit exceeded, retrying in 2.220285404173454 seconds), retrying request
wandb: 429 encountered (Filestream rate limit exceeded, retrying in 4.397904231824274 seconds), retrying request
wandb: 429 encountered (Filestream rate limit exceeded, retrying in 8.022404074806367 seconds), retrying request
wandb: 429 encountered (Filestream rate limit exceeded, retrying in 2.32454767785415 seconds), retrying request
wandb: 429 encountered (Filestream rate limit exceeded, retrying in 4.861764591692188 seconds), retrying request
wandb: 429 encountered (Filestream rate limit exceeded, retrying in 2.433048448486127 seconds), retrying request
wandb: 429 encountered (Filestream rate limit exceeded, retrying in 2.436353881478338 seconds), retrying request
wandb: 429 encountered (Filestream rate limit exceeded, retrying in 4.833222274691853 seconds), retrying request
wandb: 429 encountered (Filestream rate limit exceeded, retrying in 9.887416425575356 seconds), retrying request
wandb: 429 encountered (Filestream rate limit exceeded, retrying in 16.06993082176253 seconds), retrying request
wandb: 429 encountered (Filestream rate limit exceeded, retrying in 75.80527269446937 seconds), retrying request
wandb: 429 encountered (Filestream rate limit exceeded, retrying in 2.351031440819912 seconds), retrying request
wandb: 429 encountered (Filestream rate limit exceeded, retrying in 4.748449566395303 seconds), retrying request
wandb: 429 encountered (Filestream rate limit exceeded, retrying in 2.132745363668273 seconds), retrying request
wandb: 429 encountered (Filestream rate limit exceeded, retrying in 4.835781468360693 seconds), retrying request
wandb: 429 encountered (Filestream rate limit exceeded, retrying in 2.3246923810116917 seconds), retrying request
wandb: 429 encountered (Filestream rate limit exceeded, retrying in 2.381991068289525 seconds), retrying request
wandb: 429 encountered (Filestream rate limit exceeded, retrying in 4.102888786326999 seconds), retrying request
wandb: 429 encountered (Filestream rate limit exceeded, retrying in 2.4065162599470913 seconds), retrying request
wandb: 429 encountered (Filestream rate limit exceeded, retrying in 4.740865817865473 seconds), retrying request
wandb: 429 encountered (Filestream rate limit exceeded, retrying in 2.025716492585955 seconds), retrying request
wandb: 429 encountered (Filestream rate limit exceeded, retrying in 4.286992224467934 seconds), retrying request
wandb: 429 encountered (Filestream rate limit exceeded, retrying in 2.2852158965766165 seconds), retrying request
wandb: 429 encountered (Filestream rate limit exceeded, retrying in 4.390354485487968 seconds), retrying request
wandb: 429 encountered (Filestream rate limit exceeded, retrying in 2.070081900045524 seconds), retrying request
wandb: 429 encountered (Filestream rate limit exceeded, retrying in 2.363354712656712 seconds), retrying request
wandb: 429 encountered (Filestream rate limit exceeded, retrying in 4.875106619095911 seconds), retrying request
wandb: 429 encountered (Filestream rate limit exceeded, retrying in 2.098209709458229 seconds), retrying request
wandb: 429 encountered (Filestream rate limit exceeded, retrying in 2.278809971669361 seconds), retrying request
wandb: 429 encountered (Filestream rate limit exceeded, retrying in 4.06297729675137 seconds), retrying request
wandb: 429 encountered (Filestream rate limit exceeded, retrying in 9.714889150279163 seconds), retrying request
wandb: 429 encountered (Filestream rate limit exceeded, retrying in 2.4546475785193653 seconds), retrying request
wandb: 429 encountered (Filestream rate limit exceeded, retrying in 2.0823387277459746 seconds), retrying request
wandb: 429 encountered (Filestream rate limit exceeded, retrying in 4.633955539629569 seconds), retrying request
wandb: 429 encountered (Filestream rate limit exceeded, retrying in 2.1927906068994023 seconds), retrying request
wandb: 429 encountered (Filestream rate limit exceeded, retrying in 4.85441393582008 seconds), retrying request
wandb: 429 encountered (Filestream rate limit exceeded, retrying in 2.223160227196249 seconds), retrying request
wandb: 429 encountered (Filestream rate limit exceeded, retrying in 4.3363407126850575 seconds), retrying request
wandb: 429 encountered (Filestream rate limit exceeded, retrying in 2.280473628116381 seconds), retrying request
wandb: 429 encountered (Filestream rate limit exceeded, retrying in 2.3194157476644843 seconds), retrying request
wandb: 429 encountered (Filestream rate limit exceeded, retrying in 4.915349289956514 seconds), retrying request
wandb: 429 encountered (Filestream rate limit exceeded, retrying in 2.3770108001681147 seconds), retrying request
wandb: 429 encountered (Filestream rate limit exceeded, retrying in 4.8920783452815835 seconds), retrying request
wandb: 429 encountered (Filestream rate limit exceeded, retrying in 2.3338225532408092 seconds), retrying request
wandb: 429 encountered (Filestream rate limit exceeded, retrying in 2.188997447443078 seconds), retrying request
wandb: 429 encountered (Filestream rate limit exceeded, retrying in 4.244772170142211 seconds), retrying request
wandb: 429 encountered (Filestream rate limit exceeded, retrying in 2.2164004762942686 seconds), retrying request
wandb: 429 encountered (Filestream rate limit exceeded, retrying in 2.1253918791546726 seconds), retrying request
wandb: 429 encountered (Filestream rate limit exceeded, retrying in 4.382006831368859 seconds), retrying request
wandb: 429 encountered (Filestream rate limit exceeded, retrying in 8.12104777780713 seconds), retrying request
wandb: 429 encountered (Filestream rate limit exceeded, retrying in 2.1903443461825303 seconds), retrying request
wandb: 429 encountered (Filestream rate limit exceeded, retrying in 4.822086052934474 seconds), retrying request
wandb: 429 encountered (Filestream rate limit exceeded, retrying in 2.2158635500138986 seconds), retrying request
wandb: 429 encountered (Filestream rate limit exceeded, retrying in 4.234833164850086 seconds), retrying request
wandb: 429 encountered (Filestream rate limit exceeded, retrying in 2.1052907512175927 seconds), retrying request
wandb: 429 encountered (Filestream rate limit exceeded, retrying in 2.4546003615594585 seconds), retrying request
wandb: 429 encountered (Filestream rate limit exceeded, retrying in 4.973018612588321 seconds), retrying request
wandb: 429 encountered (Filestream rate limit exceeded, retrying in 2.0918915351870533 seconds), retrying request
wandb: 429 encountered (Filestream rate limit exceeded, retrying in 4.825332528348573 seconds), retrying request
wandb: 429 encountered (Filestream rate limit exceeded, retrying in 2.451866593442915 seconds), retrying request
wandb: 429 encountered (Filestream rate limit exceeded, retrying in 4.291062568706955 seconds), retrying request
wandb: 429 encountered (Filestream rate limit exceeded, retrying in 2.4527383475748605 seconds), retrying request
wandb: 429 encountered (Filestream rate limit exceeded, retrying in 2.252599195931295 seconds), retrying request
wandb: 429 encountered (Filestream rate limit exceeded, retrying in 4.625192931149209 seconds), retrying request
wandb: 429 encountered (Filestream rate limit exceeded, retrying in 2.00643653089252 seconds), retrying request
wandb: 429 encountered (Filestream rate limit exceeded, retrying in 4.465591372806077 seconds), retrying request
wandb: 429 encountered (Filestream rate limit exceeded, retrying in 9.532855530802445 seconds), retrying request
wandb: 429 encountered (Filestream rate limit exceeded, retrying in 19.952702556718968 seconds), retrying request
wandb: 429 encountered (Filestream rate limit exceeded, retrying in 38.71873156042657 seconds), retrying request
wandb: 429 encountered (Filestream rate limit exceeded, retrying in 2.160749205893024 seconds), retrying request
wandb: 429 encountered (Filestream rate limit exceeded, retrying in 4.430097359309901 seconds), retrying request
wandb: 429 encountered (Filestream rate limit exceeded, retrying in 2.098897494984578 seconds), retrying request
wandb: 429 encountered (Filestream rate limit exceeded, retrying in 9.602176698255619 seconds), retrying request
wandb: 429 encountered (Filestream rate limit exceeded, retrying in 33.44570500726875 seconds), retrying request
wandb: 429 encountered (Filestream rate limit exceeded, retrying in 77.32947826841563 seconds), retrying request
wandb: 429 encountered (Filestream rate limit exceeded, retrying in 2.2411878591173013 seconds), retrying request
wandb: 429 encountered (Filestream rate limit exceeded, retrying in 4.257516798351502 seconds), retrying request
wandb: 429 encountered (Filestream rate limit exceeded, retrying in 2.0272001573602716 seconds), retrying request
wandb: 429 encountered (Filestream rate limit exceeded, retrying in 2.1046979852344276 seconds), retrying request
wandb: 429 encountered (Filestream rate limit exceeded, retrying in 2.4329659530015944 seconds), retrying request
wandb: 429 encountered (Filestream rate limit exceeded, retrying in 2.240482823229548 seconds), retrying request
wandb: 429 encountered (Filestream rate limit exceeded, retrying in 4.789521536521318 seconds), retrying request
wandb: 429 encountered (Filestream rate limit exceeded, retrying in 2.459151850095667 seconds), retrying request
wandb: 429 encountered (Filestream rate limit exceeded, retrying in 4.569065358411696 seconds), retrying request
wandb: 429 encountered (Filestream rate limit exceeded, retrying in 2.4366193424354834 seconds), retrying request
wandb: 429 encountered (Filestream rate limit exceeded, retrying in 4.3176756084134205 seconds), retrying request
wandb: 429 encountered (Filestream rate limit exceeded, retrying in 2.43455833886432 seconds), retrying request
wandb: 429 encountered (Filestream rate limit exceeded, retrying in 4.187499128198215 seconds), retrying request
wandb: 429 encountered (Filestream rate limit exceeded, retrying in 2.327712785885402 seconds), retrying request
wandb: 429 encountered (Filestream rate limit exceeded, retrying in 4.033242447501968 seconds), retrying request
wandb: 429 encountered (Filestream rate limit exceeded, retrying in 2.4742735941884244 seconds), retrying request
wandb: 429 encountered (Filestream rate limit exceeded, retrying in 4.700147711754477 seconds), retrying request
wandb: 429 encountered (Filestream rate limit exceeded, retrying in 2.4649256138113174 seconds), retrying request
wandb: 429 encountered (Filestream rate limit exceeded, retrying in 2.4353431727032224 seconds), retrying request
wandb: 429 encountered (Filestream rate limit exceeded, retrying in 2.3395847366841256 seconds), retrying request
wandb: 429 encountered (Filestream rate limit exceeded, retrying in 4.596259055420635 seconds), retrying request
wandb: 429 encountered (Filestream rate limit exceeded, retrying in 2.159041568241456 seconds), retrying request
wandb: 429 encountered (Filestream rate limit exceeded, retrying in 2.119151714832034 seconds), retrying request
wandb: 429 encountered (Filestream rate limit exceeded, retrying in 4.636874963086964 seconds), retrying request
wandb: 429 encountered (Filestream rate limit exceeded, retrying in 2.243782375755997 seconds), retrying request
wandb: 429 encountered (Filestream rate limit exceeded, retrying in 4.2825932255938035 seconds), retrying request
wandb: 429 encountered (Filestream rate limit exceeded, retrying in 2.100105612480563 seconds), retrying request
wandb: 429 encountered (Filestream rate limit exceeded, retrying in 4.572074182229534 seconds), retrying request
wandb: 429 encountered (Filestream rate limit exceeded, retrying in 2.1523279331872835 seconds), retrying request
wandb: 429 encountered (Filestream rate limit exceeded, retrying in 4.238934406693367 seconds), retrying request
wandb: 429 encountered (Filestream rate limit exceeded, retrying in 9.630595308277817 seconds), retrying request
wandb: 429 encountered (Filestream rate limit exceeded, retrying in 18.89277255774133 seconds), retrying request
wandb: 429 encountered (Filestream rate limit exceeded, retrying in 36.205484380458365 seconds), retrying request
wandb: 429 encountered (Filestream rate limit exceeded, retrying in 2.369342738218576 seconds), retrying request
wandb: 429 encountered (Filestream rate limit exceeded, retrying in 2.2972532095680998 seconds), retrying request
wandb: 429 encountered (Filestream rate limit exceeded, retrying in 4.264053195897404 seconds), retrying request
wandb: 429 encountered (Filestream rate limit exceeded, retrying in 2.173184237289566 seconds), retrying request
wandb: 429 encountered (Filestream rate limit exceeded, retrying in 4.869401476758756 seconds), retrying request
wandb: 429 encountered (Filestream rate limit exceeded, retrying in 2.2303816234244755 seconds), retrying request
wandb: 429 encountered (Filestream rate limit exceeded, retrying in 4.680415839075321 seconds), retrying request
wandb: 429 encountered (Filestream rate limit exceeded, retrying in 2.3253547938965644 seconds), retrying request
wandb: 429 encountered (Filestream rate limit exceeded, retrying in 4.317567385245701 seconds), retrying request
wandb: 429 encountered (Filestream rate limit exceeded, retrying in 2.196781075220385 seconds), retrying request
wandb: 429 encountered (Filestream rate limit exceeded, retrying in 2.4266897953040463 seconds), retrying request
wandb: 429 encountered (Filestream rate limit exceeded, retrying in 2.4206220684828406 seconds), retrying request
wandb: 429 encountered (Filestream rate limit exceeded, retrying in 4.8374995598613415 seconds), retrying request
wandb: 429 encountered (Filestream rate limit exceeded, retrying in 2.1983716481228024 seconds), retrying request
wandb: 429 encountered (Filestream rate limit exceeded, retrying in 2.285534405465405 seconds), retrying request
wandb: 429 encountered (Filestream rate limit exceeded, retrying in 4.282395151748912 seconds), retrying request
wandb: 429 encountered (Filestream rate limit exceeded, retrying in 2.0710240679111793 seconds), retrying request
wandb: 429 encountered (Filestream rate limit exceeded, retrying in 4.216421266132121 seconds), retrying request
wandb: 429 encountered (Filestream rate limit exceeded, retrying in 2.450043777397389 seconds), retrying request
wandb: 429 encountered (Filestream rate limit exceeded, retrying in 4.661516482499562 seconds), retrying request
wandb: 429 encountered (Filestream rate limit exceeded, retrying in 2.410648704845378 seconds), retrying request
wandb: 429 encountered (Filestream rate limit exceeded, retrying in 2.114516403099358 seconds), retrying request
wandb: 429 encountered (Filestream rate limit exceeded, retrying in 4.512926130377377 seconds), retrying request
wandb: 429 encountered (Filestream rate limit exceeded, retrying in 2.422928597379698 seconds), retrying request
wandb: 429 encountered (Filestream rate limit exceeded, retrying in 4.9372881121518954 seconds), retrying request
wandb: 429 encountered (Filestream rate limit exceeded, retrying in 2.2233752044456123 seconds), retrying request
wandb: 429 encountered (Filestream rate limit exceeded, retrying in 4.795865871249627 seconds), retrying request
wandb: 429 encountered (Filestream rate limit exceeded, retrying in 2.361682189376013 seconds), retrying request
wandb: 429 encountered (Filestream rate limit exceeded, retrying in 2.095882438780574 seconds), retrying request
wandb: 429 encountered (Filestream rate limit exceeded, retrying in 4.374508604779079 seconds), retrying request
wandb: 429 encountered (Filestream rate limit exceeded, retrying in 2.1273074399878524 seconds), retrying request
wandb: 429 encountered (Filestream rate limit exceeded, retrying in 4.000256744663304 seconds), retrying request
wandb: 429 encountered (Filestream rate limit exceeded, retrying in 17.75930565209565 seconds), retrying request
wandb: 429 encountered (Filestream rate limit exceeded, retrying in 34.44472119379477 seconds), retrying request
wandb: 429 encountered (Filestream rate limit exceeded, retrying in 2.4181535278070956 seconds), retrying request
wandb: 429 encountered (Filestream rate limit exceeded, retrying in 4.257353764031253 seconds), retrying request
wandb: 429 encountered (Filestream rate limit exceeded, retrying in 2.3876115827420543 seconds), retrying request
wandb: 429 encountered (Filestream rate limit exceeded, retrying in 2.214585275618659 seconds), retrying request
wandb: 429 encountered (Filestream rate limit exceeded, retrying in 2.1799877253783455 seconds), retrying request
wandb: 429 encountered (Filestream rate limit exceeded, retrying in 2.3032867286014613 seconds), retrying request
wandb: 429 encountered (Filestream rate limit exceeded, retrying in 4.860034459495353 seconds), retrying request
wandb: 429 encountered (Filestream rate limit exceeded, retrying in 2.048329664464323 seconds), retrying request
wandb: 429 encountered (Filestream rate limit exceeded, retrying in 4.237929884125974 seconds), retrying request
wandb: 429 encountered (Filestream rate limit exceeded, retrying in 8.482829266432702 seconds), retrying request
wandb: 429 encountered (Filestream rate limit exceeded, retrying in 2.1623715512721313 seconds), retrying request
wandb: 429 encountered (Filestream rate limit exceeded, retrying in 2.184760841731798 seconds), retrying request
wandb: 429 encountered (Filestream rate limit exceeded, retrying in 2.1351225306498556 seconds), retrying request
wandb: 429 encountered (Filestream rate limit exceeded, retrying in 2.077850850931533 seconds), retrying request
wandb: 429 encountered (Filestream rate limit exceeded, retrying in 4.526557945557574 seconds), retrying request
wandb: 429 encountered (Filestream rate limit exceeded, retrying in 2.261285725809014 seconds), retrying request
wandb: 429 encountered (Filestream rate limit exceeded, retrying in 4.969590181126886 seconds), retrying request
wandb: 429 encountered (Filestream rate limit exceeded, retrying in 2.1309076503678996 seconds), retrying request
wandb: 429 encountered (Filestream rate limit exceeded, retrying in 4.071154860216348 seconds), retrying request
wandb: 429 encountered (Filestream rate limit exceeded, retrying in 2.181250381735041 seconds), retrying request
wandb: 429 encountered (Filestream rate limit exceeded, retrying in 2.145117770361547 seconds), retrying request
wandb: 429 encountered (Filestream rate limit exceeded, retrying in 4.50016523201834 seconds), retrying request
wandb: 429 encountered (Filestream rate limit exceeded, retrying in 8.971896994216317 seconds), retrying request
wandb: 429 encountered (Filestream rate limit exceeded, retrying in 33.41788385816828 seconds), retrying request
wandb: 429 encountered (Filestream rate limit exceeded, retrying in 69.92117666862201 seconds), retrying request
wandb: 429 encountered (Filestream rate limit exceeded, retrying in 144.88079557945963 seconds), retrying request
wandb: 429 encountered (Filestream rate limit exceeded, retrying in 2.2256230828784194 seconds), retrying request
wandb: 429 encountered (Filestream rate limit exceeded, retrying in 4.024089285956221 seconds), retrying request
wandb: 429 encountered (Filestream rate limit exceeded, retrying in 2.0807204185940638 seconds), retrying request
wandb: 429 encountered (Filestream rate limit exceeded, retrying in 2.3852175217883556 seconds), retrying request
wandb: 429 encountered (Filestream rate limit exceeded, retrying in 2.3258898133212487 seconds), retrying request
wandb: 429 encountered (Filestream rate limit exceeded, retrying in 4.31442663509378 seconds), retrying request
wandb: 429 encountered (Filestream rate limit exceeded, retrying in 2.4093859201661307 seconds), retrying request
wandb: 429 encountered (Filestream rate limit exceeded, retrying in 4.010811394721412 seconds), retrying request
wandb: 429 encountered (Filestream rate limit exceeded, retrying in 2.190507474432405 seconds), retrying request
wandb: 429 encountered (Filestream rate limit exceeded, retrying in 2.4559651536263907 seconds), retrying request
wandb: 429 encountered (Filestream rate limit exceeded, retrying in 4.566683323578958 seconds), retrying request
wandb: 429 encountered (Filestream rate limit exceeded, retrying in 2.0146602594372967 seconds), retrying request
wandb: 429 encountered (Filestream rate limit exceeded, retrying in 4.445753438313464 seconds), retrying request
wandb: 429 encountered (Filestream rate limit exceeded, retrying in 2.4813651593480768 seconds), retrying request
wandb: 429 encountered (Filestream rate limit exceeded, retrying in 4.676728112059322 seconds), retrying request
wandb: 429 encountered (Filestream rate limit exceeded, retrying in 2.154853694072061 seconds), retrying request
wandb: 429 encountered (Filestream rate limit exceeded, retrying in 4.7347743147485115 seconds), retrying request
wandb: 429 encountered (Filestream rate limit exceeded, retrying in 2.019138262212989 seconds), retrying request
wandb: 429 encountered (Filestream rate limit exceeded, retrying in 2.2579000209550664 seconds), retrying request
wandb: 429 encountered (Filestream rate limit exceeded, retrying in 4.534915525105417 seconds), retrying request
wandb: 429 encountered (Filestream rate limit exceeded, retrying in 2.2344603724967156 seconds), retrying request
wandb: 429 encountered (Filestream rate limit exceeded, retrying in 4.08843281855167 seconds), retrying request
wandb: 429 encountered (Filestream rate limit exceeded, retrying in 2.0161533391270456 seconds), retrying request
wandb: 429 encountered (Filestream rate limit exceeded, retrying in 4.132082645182576 seconds), retrying request
wandb: 429 encountered (Filestream rate limit exceeded, retrying in 2.400502417852118 seconds), retrying request
wandb: 429 encountered (Filestream rate limit exceeded, retrying in 4.920116003195512 seconds), retrying request
wandb: 429 encountered (Filestream rate limit exceeded, retrying in 2.034390873677157 seconds), retrying request
wandb: 429 encountered (Filestream rate limit exceeded, retrying in 4.380835499658135 seconds), retrying request
wandb: 429 encountered (Filestream rate limit exceeded, retrying in 2.4922595308050632 seconds), retrying request
wandb: 429 encountered (Filestream rate limit exceeded, retrying in 4.588762265494311 seconds), retrying request
wandb: 429 encountered (Filestream rate limit exceeded, retrying in 9.724052834561578 seconds), retrying request
wandb: 429 encountered (Filestream rate limit exceeded, retrying in 36.79090918702299 seconds), retrying request
wandb: 429 encountered (Filestream rate limit exceeded, retrying in 2.4870818208129184 seconds), retrying request
wandb: 429 encountered (Filestream rate limit exceeded, retrying in 4.720706175831586 seconds), retrying request
wandb: 429 encountered (Filestream rate limit exceeded, retrying in 2.412115364982513 seconds), retrying request
wandb: 429 encountered (Filestream rate limit exceeded, retrying in 2.434318790168891 seconds), retrying request
wandb: 429 encountered (Filestream rate limit exceeded, retrying in 4.774095520381288 seconds), retrying request
wandb: 429 encountered (Filestream rate limit exceeded, retrying in 2.2120050400316487 seconds), retrying request
wandb: 429 encountered (Filestream rate limit exceeded, retrying in 4.621707879866133 seconds), retrying request
wandb: 429 encountered (Filestream rate limit exceeded, retrying in 9.8461512408949 seconds), retrying request
wandb: 429 encountered (Filestream rate limit exceeded, retrying in 16.214683764249358 seconds), retrying request
wandb: 429 encountered (Filestream rate limit exceeded, retrying in 2.321820328056054 seconds), retrying request
wandb: 429 encountered (Filestream rate limit exceeded, retrying in 4.8803192658107495 seconds), retrying request
wandb: 429 encountered (Filestream rate limit exceeded, retrying in 9.895937396522779 seconds), retrying request
wandb: 429 encountered (Filestream rate limit exceeded, retrying in 2.309959947954894 seconds), retrying request
wandb: 429 encountered (Filestream rate limit exceeded, retrying in 4.2997966646895645 seconds), retrying request
wandb: 429 encountered (Filestream rate limit exceeded, retrying in 2.28271263852116 seconds), retrying request
wandb: 429 encountered (Filestream rate limit exceeded, retrying in 4.358495389498691 seconds), retrying request
wandb: 429 encountered (Filestream rate limit exceeded, retrying in 2.4028324093979605 seconds), retrying request
wandb: 429 encountered (Filestream rate limit exceeded, retrying in 2.2309112683898333 seconds), retrying request
wandb: 429 encountered (Filestream rate limit exceeded, retrying in 4.853733388993912 seconds), retrying request
wandb: 429 encountered (Filestream rate limit exceeded, retrying in 2.3781813160468324 seconds), retrying request
wandb: 429 encountered (Filestream rate limit exceeded, retrying in 2.2893523139779273 seconds), retrying request
wandb: 429 encountered (Filestream rate limit exceeded, retrying in 2.0099531285084775 seconds), retrying request
wandb: 429 encountered (Filestream rate limit exceeded, retrying in 2.165502299443475 seconds), retrying request
wandb: 429 encountered (Filestream rate limit exceeded, retrying in 4.42652567459361 seconds), retrying request
wandb: 429 encountered (Filestream rate limit exceeded, retrying in 2.012621896237897 seconds), retrying request
wandb: 429 encountered (Filestream rate limit exceeded, retrying in 4.198090923978755 seconds), retrying request
wandb: 429 encountered (Filestream rate limit exceeded, retrying in 9.196049769632104 seconds), retrying request
wandb: 429 encountered (Filestream rate limit exceeded, retrying in 2.002542021173714 seconds), retrying request
wandb: 429 encountered (Filestream rate limit exceeded, retrying in 4.797765863327708 seconds), retrying request
wandb: 429 encountered (Filestream rate limit exceeded, retrying in 2.3749186967700235 seconds), retrying request
wandb: 429 encountered (Filestream rate limit exceeded, retrying in 4.48719209799261 seconds), retrying request
wandb: 429 encountered (Filestream rate limit exceeded, retrying in 2.483041931174756 seconds), retrying request
wandb: 429 encountered (Filestream rate limit exceeded, retrying in 2.2249075374090728 seconds), retrying request
Error writing trailer of /home/zihan/research/MARS/data/videos/pettingzoo_boxing_v2_NashDQN_202209200230/rl-video-episode-0.mp4: No space left on device
Exception in thread Thread-5:
Traceback (most recent call last):
  File "/home/zihan/anaconda3/envs/x/lib/python3.7/threading.py", line 917, in _bootstrap_inner
    self.run()
  File "/home/zihan/anaconda3/envs/x/lib/python3.7/site-packages/tensorboard/summary/writer/event_file_writer.py", line 211, in run
    self._record_writer.write(data)
  File "/home/zihan/anaconda3/envs/x/lib/python3.7/site-packages/tensorboard/summary/writer/record_writer.py", line 39, in write
    self._writer.write(header + header_crc + data + footer_crc)
  File "/home/zihan/anaconda3/envs/x/lib/python3.7/site-packages/tensorflow/python/lib/io/file_io.py", line 108, in write
    compat.as_bytes(file_content), self._writable_file)
tensorflow.python.framework.errors_impl.ResourceExhaustedError: data/tensorboard/202209200230/pettingzoo_boxing_v2_nash_dqn/events.out.tfevents.1663641040.princeton-rbtg.3644557.0; No space left on device


first_0:                 episode reward: -1.1500,                 loss: 0.0079
second_0:                 episode reward: 1.1500,                 loss: nan
Episode: 181/10000 (1.8100%),                 avg. length: 299.0,                last time consumption/overall running time: 1242.37s / 10776.01 s
first_0:                 episode reward: -0.1000,                 loss: 0.0079
second_0:                 episode reward: 0.1000,                 loss: nan
Episode: 201/10000 (2.0100%),                 avg. length: 299.0,                last time consumption/overall running time: 1235.03s / 12011.04 s
first_0:                 episode reward: 0.4000,                 loss: 0.0088
second_0:                 episode reward: -0.4000,                 loss: nan
Episode: 221/10000 (2.2100%),                 avg. length: 299.0,                last time consumption/overall running time: 1236.24s / 13247.28 s
first_0:                 episode reward: -0.3500,                 loss: 0.0087
second_0:                 episode reward: 0.3500,                 loss: nan
Episode: 241/10000 (2.4100%),                 avg. length: 299.0,                last time consumption/overall running time: 1240.46s / 14487.74 s
first_0:                 episode reward: -0.1500,                 loss: 0.0085
second_0:                 episode reward: 0.1500,                 loss: nan
Episode: 261/10000 (2.6100%),                 avg. length: 299.0,                last time consumption/overall running time: 1236.97s / 15724.70 s
first_0:                 episode reward: -0.7000,                 loss: 0.0084
second_0:                 episode reward: 0.7000,                 loss: nan
Episode: 281/10000 (2.8100%),                 avg. length: 299.0,                last time consumption/overall running time: 1242.62s / 16967.33 s
first_0:                 episode reward: -0.1000,                 loss: 0.0084
second_0:                 episode reward: 0.1000,                 loss: nan
Episode: 301/10000 (3.0100%),                 avg. length: --- Logging error ---
Traceback (most recent call last):
  File "/home/zihan/anaconda3/envs/x/lib/python3.7/logging/__init__.py", line 987, in emit
    self.flush()
  File "/home/zihan/anaconda3/envs/x/lib/python3.7/logging/__init__.py", line 967, in flush
    self.stream.flush()
OSError: [Errno 28] No space left on device
Call stack:
  File "/home/zihan/anaconda3/envs/x/lib/python3.7/threading.py", line 885, in _bootstrap
    self._bootstrap_inner()
  File "/home/zihan/anaconda3/envs/x/lib/python3.7/threading.py", line 917, in _bootstrap_inner
    self.run()
  File "/home/zihan/anaconda3/envs/x/lib/python3.7/threading.py", line 865, in run
    self._target(*self._args, **self._kwargs)
  File "/home/zihan/anaconda3/envs/x/lib/python3.7/site-packages/wandb/sdk/internal/tb_watcher.py", line 278, in _thread_except_body
    self._thread_body()
  File "/home/zihan/anaconda3/envs/x/lib/python3.7/site-packages/wandb/sdk/internal/tb_watcher.py", line 287, in _thread_body
    self._process_events()
  File "/home/zihan/anaconda3/envs/x/lib/python3.7/site-packages/wandb/sdk/internal/tb_watcher.py", line 263, in _process_events
    for event in self._generator.Load():
  File "/home/zihan/anaconda3/envs/x/lib/python3.7/site-packages/tensorboard/backend/event_processing/directory_watcher.py", line 89, in Load
    for event in self._LoadInternal():
  File "/home/zihan/anaconda3/envs/x/lib/python3.7/site-packages/tensorboard/backend/event_processing/directory_watcher.py", line 118, in _LoadInternal
    logger.info('No path found after %s', self._path)
Message: 'No path found after %s'
Arguments: ('.//data/tensorboard/202209200230/pettingzoo_boxing_v2_nash_dqn/events.out.tfevents.1663641040.princeton-rbtg.3644557.0',)
Thread SenderThread:
Traceback (most recent call last):
  File "/home/zihan/anaconda3/envs/x/lib/python3.7/site-packages/wandb/sdk/internal/internal_util.py", line 51, in run
    self._run()
  File "/home/zihan/anaconda3/envs/x/lib/python3.7/site-packages/wandb/sdk/internal/internal_util.py", line 103, in _run
    self._finish()
  File "/home/zihan/anaconda3/envs/x/lib/python3.7/site-packages/wandb/sdk/internal/internal.py", line 313, in _finish
    self._sm.finish()
  File "/home/zihan/anaconda3/envs/x/lib/python3.7/site-packages/wandb/sdk/internal/sender.py", line 1315, in finish
    self._output_raw_finish()
  File "/home/zihan/anaconda3/envs/x/lib/python3.7/site-packages/wandb/sdk/internal/sender.py", line 980, in _output_raw_finish
    self._output_raw_flush(stream)
  File "/home/zihan/anaconda3/envs/x/lib/python3.7/site-packages/wandb/sdk/internal/sender.py", line 1027, in _output_raw_flush
    self._output_raw_file.write(data.encode("utf-8"))
  File "/home/zihan/anaconda3/envs/x/lib/python3.7/site-packages/wandb/sdk/lib/filesystem.py", line 64, in write
    super().write(b"\n".join(ret) + b"\n")
  File "/home/zihan/anaconda3/envs/x/lib/python3.7/site-packages/wandb/sdk/lib/filesystem.py", line 31, in write
    self.f.flush()
OSError: [Errno 28] No space left on device
wandb: ERROR Internal wandb error: file data was not synced
