pygame 2.0.1 (SDL 2.0.14, Python 3.7.0)
Hello from the pygame community. https://www.pygame.org/contribute.html
double_dunk_v2 pettingzoo
/home/zihan/anaconda3/envs/x/lib/python3.7/site-packages/ecos/ecos.py:26: UserWarning: Converting G to a CSC matrix; may take a while.
  warn("Converting G to a CSC matrix; may take a while.")
/home/zihan/anaconda3/envs/x/lib/python3.7/site-packages/ecos/ecos.py:29: UserWarning: Converting A to a CSC matrix; may take a while.
  warn("Converting A to a CSC matrix; may take a while.")
random seed: [91, 69]
<SubprocVectorEnv instance>
ParallelDQN(
  (net): MLP(
    (body): Sequential(
      (0): Linear(in_features=128, out_features=128, bias=True)
      (1): ReLU()
      (2): Linear(in_features=128, out_features=128, bias=True)
      (3): ReLU()
      (4): Linear(in_features=128, out_features=128, bias=True)
      (5): ReLU()
      (6): Linear(in_features=128, out_features=128, bias=True)
      (7): ReLU()
      (8): Linear(in_features=128, out_features=18, bias=True)
    )
  )
)
ParallelDQN(
  (net): MLP(
    (body): Sequential(
      (0): Linear(in_features=128, out_features=128, bias=True)
      (1): ReLU()
      (2): Linear(in_features=128, out_features=128, bias=True)
      (3): ReLU()
      (4): Linear(in_features=128, out_features=128, bias=True)
      (5): ReLU()
      (6): Linear(in_features=128, out_features=128, bias=True)
      (7): ReLU()
      (8): Linear(in_features=128, out_features=18, bias=True)
    )
  )
)
Agents No. [1] (index starting from 0) are not learnable.
Arguments:  {'env_name': 'double_dunk_v2', 'env_type': 'pettingzoo', 'num_envs': 2, 'ram': True, 'seed': 'random', 'algorithm': 'DQN', 'algorithm_spec': {'episodic_update': False, 'dueling': False, 'replay_buffer_size': '1e5', 'gamma': 0.99, 'multi_step': 1, 'target_update_interval': 1000, 'eps_start': 1.0, 'eps_final': 0.01, 'eps_decay': 30000}, 'batch_size': 128, 'max_episodes': 10000, 'max_steps_per_episode': 10000, 'train_start_frame': 0, 'optimizer': 'adam', 'learning_rate': '1e-4', 'device': 'gpu', 'update_itr': 1, 'log_avg_window': 20, 'log_interval': 20, 'render': False, 'test': False, 'exploit': False, 'load_model_idx': False, 'load_model_full_path': False, 'multiprocess': False, 'eval_models': False, 'save_path': '', 'save_interval': 2000, 'net_architecture': {'hidden_dim_list': [128, 128, 128, 128], 'hidden_activation': 'ReLU', 'output_activation': False}, 'marl_method': 'fictitious_selfplay2', 'marl_spec': {'min_update_interval': 20, 'score_avg_window': 10, 'global_state': False, 'selfplay_score_delta': 50, 'trainable_agent_idx': 0, 'opponent_idx': 1}}
Save models to : /home/zihan/research/MARS/data/model/20220119_1551/pettingzoo_double_dunk_v2_fictitious_selfplay2. 
 Save logs to: /home/zihan/research/MARS/data/log/20220119_1551/pettingzoo_double_dunk_v2_fictitious_selfplay2.
Episode: 1/10000 (0.0100%),                 avg. length: 9999.0,                last time consumption/overall running time: 244.0642s / 244.0642 s
env0_first_0:                 episode reward: 331.0000,                 loss: 0.0161
env0_second_0:                 episode reward: -331.0000,                 loss: nan
env1_first_0:                 episode reward: 331.0000,                 loss: nan
env1_second_0:                 episode reward: -331.0000,                 loss: nan
Episode: 21/10000 (0.2100%),                 avg. length: 9999.0,                last time consumption/overall running time: 5289.7426s / 5533.8068 s
env0_first_0:                 episode reward: 328.2500,                 loss: 0.0167
env0_second_0:                 episode reward: -328.2500,                 loss: nan
env1_first_0:                 episode reward: 327.6000,                 loss: nan
env1_second_0:                 episode reward: -327.6000,                 loss: nan
Score delta: 655.0, save the model to .//data/model/20220119_1551/pettingzoo_double_dunk_v2_fictitious_selfplay2/21_0.
Episode: 41/10000 (0.4100%),                 avg. length: 9999.0,                last time consumption/overall running time: 5310.8841s / 10844.6909 s
env0_first_0:                 episode reward: -327.0500,                 loss: nan
env0_second_0:                 episode reward: 327.0500,                 loss: 0.0160
env1_first_0:                 episode reward: -326.8000,                 loss: nan
env1_second_0:                 episode reward: 326.8000,                 loss: nan
Episode: 61/10000 (0.6100%),                 avg. length: 9999.0,                last time consumption/overall running time: 5318.3502s / 16163.0411 s
env0_first_0:                 episode reward: 295.6000,                 loss: 0.0163
env0_second_0:                 episode reward: -295.6000,                 loss: 0.0161
env1_first_0:                 episode reward: 295.6000,                 loss: nan
env1_second_0:                 episode reward: -295.6000,                 loss: nan
Score delta: 654.6, save the model to .//data/model/20220119_1551/pettingzoo_double_dunk_v2_fictitious_selfplay2/42_1.
Episode: 81/10000 (0.8100%),                 avg. length: 9999.0,                last time consumption/overall running time: 5319.0518s / 21482.0930 s
env0_first_0:                 episode reward: -261.6000,                 loss: 0.0162
env0_second_0:                 episode reward: 261.6000,                 loss: 0.0162
env1_first_0:                 episode reward: -261.5500,                 loss: nan
env1_second_0:                 episode reward: 261.5500,                 loss: nan
Score delta: 658.2, save the model to .//data/model/20220119_1551/pettingzoo_double_dunk_v2_fictitious_selfplay2/63_0.
Episode: 101/10000 (1.0100%),                 avg. length: 9999.0,                last time consumption/overall running time: 5318.5604s / 26800.6534 s
env0_first_0:                 episode reward: 230.9000,                 loss: 0.0162
env0_second_0:                 episode reward: -230.9000,                 loss: 0.0162
env1_first_0:                 episode reward: 231.3000,                 loss: nan
env1_second_0:                 episode reward: -231.3000,                 loss: nan
Score delta: 654.0, save the model to .//data/model/20220119_1551/pettingzoo_double_dunk_v2_fictitious_selfplay2/84_1.
Episode: 121/10000 (1.2100%),                 avg. length: 9999.0,                last time consumption/overall running time: 5319.2164s / 32119.8698 s
env0_first_0:                 episode reward: -193.9000,                 loss: 0.0162
env0_second_0:                 episode reward: 193.9000,                 loss: 0.0162
env1_first_0:                 episode reward: -194.3500,                 loss: nan
env1_second_0:                 episode reward: 194.3500,                 loss: nan
Score delta: 658.8, save the model to .//data/model/20220119_1551/pettingzoo_double_dunk_v2_fictitious_selfplay2/105_0.
Episode: 141/10000 (1.4100%),                 avg. length: 9999.0,                last time consumption/overall running time: 5317.3531s / 37437.2229 s
env0_first_0:                 episode reward: 163.8000,                 loss: 0.0162
env0_second_0:                 episode reward: -163.8000,                 loss: 0.0160
env1_first_0:                 episode reward: 163.0000,                 loss: nan
env1_second_0:                 episode reward: -163.0000,                 loss: nan
Score delta: 650.0, save the model to .//data/model/20220119_1551/pettingzoo_double_dunk_v2_fictitious_selfplay2/126_1.
Episode: 161/10000 (1.6100%),                 avg. length: 9730.55,                last time consumption/overall running time: 5173.7553s / 42610.9783 s
env0_first_0:                 episode reward: -100.5000,                 loss: 0.0164
env0_second_0:                 episode reward: 100.5000,                 loss: 0.0158
env1_first_0:                 episode reward: -102.1000,                 loss: nan
env1_second_0:                 episode reward: 102.1000,                 loss: nan
Score delta: 647.6, save the model to .//data/model/20220119_1551/pettingzoo_double_dunk_v2_fictitious_selfplay2/147_0.
Episode: 181/10000 (1.8100%),                 avg. length: 9999.0,                last time consumption/overall running time: 5316.0374s / 47927.0157 s
env0_first_0:                 episode reward: 103.4500,                 loss: 0.0163
env0_second_0:                 episode reward: -103.4500,                 loss: 0.0163
env1_first_0:                 episode reward: 103.5500,                 loss: nan
env1_second_0:                 episode reward: -103.5500,                 loss: nan
Score delta: 633.2, save the model to .//data/model/20220119_1551/pettingzoo_double_dunk_v2_fictitious_selfplay2/168_1.
Episode: 201/10000 (2.0100%),                 avg. length: 9704.35,                last time consumption/overall running time: 5161.9174s / 53088.9331 s