pygame 2.0.0 (SDL 2.0.12, python 3.7.10)
Hello from the pygame community. https://www.pygame.org/contribute.html
combat_plane_v1 pettingzoo
Load combat_plane_v1 environment in type pettingzoo.
Env observation space: Box(0.0, 1.0, (128,), float32) action space: Discrete(18)
random seed: 59
<env.wrappers.mars_wrappers.Dict2TupleWrapper object at 0x7f0eed06fcd0>
Agents No. [1] (index starting from 0) are not learnable.
Arguments:  {'env_name': 'combat_plane_v1', 'env_type': 'pettingzoo', 'num_envs': 1, 'ram': True, 'seed': 'random', 'algorithm': 'DQN', 'algorithm_spec': {'episodic_update': False, 'dueling': False, 'replay_buffer_size': '1e5', 'gamma': 0.99, 'multi_step': 1, 'target_update_interval': 1000, 'eps_start': 1.0, 'eps_final': 0.01, 'eps_decay': 30000}, 'batch_size': 128, 'max_episodes': 30000, 'max_steps_per_episode': 10000, 'train_start_frame': 0, 'optimizer': 'adam', 'learning_rate': '1e-4', 'device': 'gpu', 'update_itr': 1, 'log_avg_window': 20, 'log_interval': 20, 'render': False, 'test': False, 'exploit': False, 'load_model_idx': False, 'load_model_full_path': False, 'save_path': '', 'save_interval': 2000, 'net_architecture': {'hidden_dim_list': [64, 64, 64, 64], 'hidden_activation': 'ReLU', 'output_activation': False}, 'marl_method': 'fictitious_selfplay2', 'marl_spec': {'min_update_interval': 20, 'score_avg_window': 10, 'selfplay_score_delta': 10, 'trainable_agent_idx': 0, 'opponent_idx': 1}}
Save models to : /home/zihan/research/MARS/data/model/20211205_1222/pettingzoo_combat_plane_v1_fictitious_selfplay2. 
 Save logs to: /home/zihan/research/MARS/data/log/20211205_1222/pettingzoo_combat_plane_v1_fictitious_selfplay2.
Episode: 1, avg. length 2045.0
first_0:                 episode reward: 4.0000,                 loss: 0.3127
second_0:                 episode reward: -4.0000,                 loss: nan
Episode: 21, avg. length 2045.0
first_0:                 episode reward: 6.1500,                 loss: 0.0338
second_0:                 episode reward: -6.1500,                 loss: nan
Episode: 41, avg. length 2045.0
first_0:                 episode reward: 0.8500,                 loss: nan
second_0:                 episode reward: -0.8500,                 loss: nan
Score delta: 13.6, save the model to ..//data/model/20211205_1222/pettingzoo_combat_plane_v1_fictitious_selfplay2/21_0.
Episode: 61, avg. length 2045.0
first_0:                 episode reward: 0.7500,                 loss: nan
second_0:                 episode reward: -0.7500,                 loss: 0.1016
Episode: 81, avg. length 2045.0
first_0:                 episode reward: 0.1000,                 loss: nan
second_0:                 episode reward: -0.1000,                 loss: 0.0686
Episode: 101, avg. length 2045.0
first_0:                 episode reward: -0.5000,                 loss: nan
second_0:                 episode reward: 0.5000,                 loss: 0.0284
Episode: 121, avg. length 2045.0
first_0:                 episode reward: 0.9000,                 loss: nan
second_0:                 episode reward: -0.9000,                 loss: 0.0229
Episode: 141, avg. length 2045.0
first_0:                 episode reward: 1.4000,                 loss: nan
second_0:                 episode reward: -1.4000,                 loss: 0.0199
Episode: 161, avg. length 2045.0
first_0:                 episode reward: -0.3000,                 loss: nan
second_0:                 episode reward: 0.3000,                 loss: 0.0229
Episode: 181, avg. length 2045.0
first_0:                 episode reward: 1.1000,                 loss: nan
second_0:                 episode reward: -1.1000,                 loss: 0.0211
Episode: 201, avg. length 2045.0
first_0:                 episode reward: 1.4000,                 loss: nan
second_0:                 episode reward: -1.4000,                 loss: 0.0208
Episode: 221, avg. length 2045.0
first_0:                 episode reward: 0.7000,                 loss: nan
second_0:                 episode reward: -0.7000,                 loss: 0.0290
Episode: 241, avg. length 2045.0
first_0:                 episode reward: 1.2500,                 loss: nan
second_0:                 episode reward: -1.2500,                 loss: 0.0212
Episode: 261, avg. length 2045.0
first_0:                 episode reward: 1.2500,                 loss: nan
second_0:                 episode reward: -1.2500,                 loss: 0.0260
Episode: 281, avg. length 2045.0
first_0:                 episode reward: 1.3500,                 loss: nan
second_0:                 episode reward: -1.3500,                 loss: 0.0202
Episode: 301, avg. length 2045.0
first_0:                 episode reward: 1.6000,                 loss: nan
second_0:                 episode reward: -1.6000,                 loss: 0.0229
Episode: 321, avg. length 2045.0
first_0:                 episode reward: -0.7500,                 loss: nan
second_0:                 episode reward: 0.7500,                 loss: 0.0273
Episode: 341, avg. length 2045.0
first_0:                 episode reward: 0.2000,                 loss: nan
second_0:                 episode reward: -0.2000,                 loss: 0.0200
Episode: 361, avg. length 2045.0
first_0:                 episode reward: 0.3000,                 loss: nan
second_0:                 episode reward: -0.3000,                 loss: 0.0255
Episode: 381, avg. length 2045.0
first_0:                 episode reward: 0.6000,                 loss: nan
second_0:                 episode reward: -0.6000,                 loss: 0.0223
Episode: 401, avg. length 2045.0
first_0:                 episode reward: 1.3500,                 loss: nan
second_0:                 episode reward: -1.3500,                 loss: 0.0252
Episode: 421, avg. length 2045.0
first_0:                 episode reward: 0.7500,                 loss: nan
second_0:                 episode reward: -0.7500,                 loss: 0.0208
Episode: 441, avg. length 2045.0
first_0:                 episode reward: 1.3000,                 loss: nan
second_0:                 episode reward: -1.3000,                 loss: 0.0225
Episode: 461, avg. length 2045.0
first_0:                 episode reward: 2.9500,                 loss: nan
second_0:                 episode reward: -2.9500,                 loss: 0.0256
Episode: 481, avg. length 2045.0
first_0:                 episode reward: 1.3000,                 loss: nan
second_0:                 episode reward: -1.3000,                 loss: 0.0212
Episode: 501, avg. length 2045.0
first_0:                 episode reward: 2.4000,                 loss: nan
second_0:                 episode reward: -2.4000,                 loss: 0.0252
Episode: 521, avg. length 2045.0
first_0:                 episode reward: 1.6500,                 loss: nan
second_0:                 episode reward: -1.6500,                 loss: 0.0201
Episode: 541, avg. length 2045.0
first_0:                 episode reward: 0.0000,                 loss: nan
second_0:                 episode reward: 0.0000,                 loss: 0.0209
Episode: 561, avg. length 2045.0
first_0:                 episode reward: 0.7500,                 loss: nan
second_0:                 episode reward: -0.7500,                 loss: 0.0212
Episode: 581, avg. length 2045.0
first_0:                 episode reward: 2.2000,                 loss: nan
second_0:                 episode reward: -2.2000,                 loss: 0.0235
Episode: 601, avg. length 2045.0
first_0:                 episode reward: -0.2000,                 loss: nan
second_0:                 episode reward: 0.2000,                 loss: 0.0205
Episode: 621, avg. length 2045.0
first_0:                 episode reward: 1.1000,                 loss: nan
second_0:                 episode reward: -1.1000,                 loss: 0.0209
Episode: 641, avg. length 2045.0
first_0:                 episode reward: 1.1000,                 loss: nan
second_0:                 episode reward: -1.1000,                 loss: 0.0238
Episode: 661, avg. length 2045.0
first_0:                 episode reward: 2.1000,                 loss: nan
second_0:                 episode reward: -2.1000,                 loss: 0.0227
Episode: 681, avg. length 2045.0