/data/zihan/research/MARS/mars/env/mdp/arbitrary_richobs_mdp.py:19: DeprecationWarning: `np.float` is a deprecated alias for the builtin `float`. To silence this warning, use `float` by itself. Doing this will not modify any behavior and is safe. If you specifically wanted the numpy scalar type, use `np.float64` here.
Deprecated in NumPy 1.20; for more details and guidance: https://numpy.org/devdocs/release/1.20.0-notes.html#deprecations
  self.observation_space = Box(low=0.0, high=1.0, shape=(self.observation_dim,),dtype=np.float)
/data/zihan/anaconda3/envs/x/lib/python3.7/site-packages/torch/utils/tensorboard/__init__.py:6: DeprecationWarning: distutils Version classes are deprecated. Use packaging.version instead.
  if not hasattr(tensorboard, '__version__') or LooseVersion(tensorboard.__version__) < LooseVersion('1.15'):
/data/zihan/anaconda3/envs/x/lib/python3.7/site-packages/tensorboard/compat/tensorflow_stub/dtypes.py:568: DeprecationWarning: `np.object` is a deprecated alias for the builtin `object`. To silence this warning, use `object` by itself. Doing this will not modify any behavior and is safe. 
Deprecated in NumPy 1.20; for more details and guidance: https://numpy.org/devdocs/release/1.20.0-notes.html#deprecations
  (np.object, string),
/data/zihan/anaconda3/envs/x/lib/python3.7/site-packages/tensorboard/compat/tensorflow_stub/dtypes.py:569: DeprecationWarning: `np.bool` is a deprecated alias for the builtin `bool`. To silence this warning, use `bool` by itself. Doing this will not modify any behavior and is safe. If you specifically wanted the numpy scalar type, use `np.bool_` here.
Deprecated in NumPy 1.20; for more details and guidance: https://numpy.org/devdocs/release/1.20.0-notes.html#deprecations
  (np.bool, bool),
/data/zihan/anaconda3/envs/x/lib/python3.7/site-packages/tensorboard/util/tensor_util.py:100: DeprecationWarning: `np.object` is a deprecated alias for the builtin `object`. To silence this warning, use `object` by itself. Doing this will not modify any behavior and is safe. 
Deprecated in NumPy 1.20; for more details and guidance: https://numpy.org/devdocs/release/1.20.0-notes.html#deprecations
  np.object: SlowAppendObjectArrayToTensorProto,
/data/zihan/anaconda3/envs/x/lib/python3.7/site-packages/tensorboard/util/tensor_util.py:101: DeprecationWarning: `np.bool` is a deprecated alias for the builtin `bool`. To silence this warning, use `bool` by itself. Doing this will not modify any behavior and is safe. If you specifically wanted the numpy scalar type, use `np.bool_` here.
Deprecated in NumPy 1.20; for more details and guidance: https://numpy.org/devdocs/release/1.20.0-notes.html#deprecations
  np.bool: SlowAppendBoolArrayToTensorProto,
/data/zihan/anaconda3/envs/x/lib/python3.7/site-packages/tensorflow/python/pywrap_tensorflow_internal.py:15: DeprecationWarning: the imp module is deprecated in favour of importlib; see the module's documentation for alternative uses
  import imp
/data/zihan/anaconda3/envs/x/lib/python3.7/site-packages/tensorflow/python/util/nest.py:1286: DeprecationWarning: Using or importing the ABCs from 'collections' instead of from 'collections.abc' is deprecated, and in 3.8 it will stop working
  _pywrap_tensorflow.RegisterType("Mapping", _collections.Mapping)
/data/zihan/anaconda3/envs/x/lib/python3.7/site-packages/tensorflow/python/framework/dtypes.py:593: DeprecationWarning: `np.object` is a deprecated alias for the builtin `object`. To silence this warning, use `object` by itself. Doing this will not modify any behavior and is safe. 
Deprecated in NumPy 1.20; for more details and guidance: https://numpy.org/devdocs/release/1.20.0-notes.html#deprecations
  np.object,
/data/zihan/anaconda3/envs/x/lib/python3.7/site-packages/tensorflow/python/framework/dtypes.py:601: DeprecationWarning: `np.bool` is a deprecated alias for the builtin `bool`. To silence this warning, use `bool` by itself. Doing this will not modify any behavior and is safe. If you specifically wanted the numpy scalar type, use `np.bool_` here.
Deprecated in NumPy 1.20; for more details and guidance: https://numpy.org/devdocs/release/1.20.0-notes.html#deprecations
  np.bool,
/data/zihan/anaconda3/envs/x/lib/python3.7/site-packages/tensorflow/python/framework/tensor_util.py:106: DeprecationWarning: `np.object` is a deprecated alias for the builtin `object`. To silence this warning, use `object` by itself. Doing this will not modify any behavior and is safe. 
Deprecated in NumPy 1.20; for more details and guidance: https://numpy.org/devdocs/release/1.20.0-notes.html#deprecations
  np.object:
/data/zihan/anaconda3/envs/x/lib/python3.7/site-packages/tensorflow/python/framework/tensor_util.py:108: DeprecationWarning: `np.bool` is a deprecated alias for the builtin `bool`. To silence this warning, use `bool` by itself. Doing this will not modify any behavior and is safe. If you specifically wanted the numpy scalar type, use `np.bool_` here.
Deprecated in NumPy 1.20; for more details and guidance: https://numpy.org/devdocs/release/1.20.0-notes.html#deprecations
  np.bool:
/data/zihan/anaconda3/envs/x/lib/python3.7/site-packages/tensorflow/python/training/tracking/object_identity.py:61: DeprecationWarning: Using or importing the ABCs from 'collections' instead of from 'collections.abc' is deprecated, and in 3.8 it will stop working
  class ObjectIdentityDictionary(collections.MutableMapping):
/data/zihan/anaconda3/envs/x/lib/python3.7/site-packages/tensorflow/python/training/tracking/data_structures.py:374: DeprecationWarning: Using or importing the ABCs from 'collections' instead of from 'collections.abc' is deprecated, and in 3.8 it will stop working
  class _ListWrapper(List, collections.MutableSequence,
/data/zihan/anaconda3/envs/x/lib/python3.7/site-packages/keras_preprocessing/image/utils.py:23: DeprecationWarning: NEAREST is deprecated and will be removed in Pillow 10 (2023-07-01). Use Resampling.NEAREST or Dither.NONE instead.
  'nearest': pil_image.NEAREST,
/data/zihan/anaconda3/envs/x/lib/python3.7/site-packages/keras_preprocessing/image/utils.py:24: DeprecationWarning: BILINEAR is deprecated and will be removed in Pillow 10 (2023-07-01). Use Resampling.BILINEAR instead.
  'bilinear': pil_image.BILINEAR,
/data/zihan/anaconda3/envs/x/lib/python3.7/site-packages/keras_preprocessing/image/utils.py:25: DeprecationWarning: BICUBIC is deprecated and will be removed in Pillow 10 (2023-07-01). Use Resampling.BICUBIC instead.
  'bicubic': pil_image.BICUBIC,
/data/zihan/anaconda3/envs/x/lib/python3.7/site-packages/keras_preprocessing/image/utils.py:28: DeprecationWarning: HAMMING is deprecated and will be removed in Pillow 10 (2023-07-01). Use Resampling.HAMMING instead.
  if hasattr(pil_image, 'HAMMING'):
/data/zihan/anaconda3/envs/x/lib/python3.7/site-packages/keras_preprocessing/image/utils.py:30: DeprecationWarning: BOX is deprecated and will be removed in Pillow 10 (2023-07-01). Use Resampling.BOX instead.
  if hasattr(pil_image, 'BOX'):
/data/zihan/anaconda3/envs/x/lib/python3.7/site-packages/keras_preprocessing/image/utils.py:33: DeprecationWarning: LANCZOS is deprecated and will be removed in Pillow 10 (2023-07-01). Use Resampling.LANCZOS instead.
  if hasattr(pil_image, 'LANCZOS'):
wandb: Currently logged in as: quantumiracle. Use `wandb login --relogin` to force relogin
wandb: wandb version 0.13.4 is available!  To upgrade, please run:
wandb:  $ pip install wandb --upgrade
wandb: Tracking run with wandb version 0.13.0
wandb: Run data is saved locally in /data/zihan/research/MARS/wandb/run-20221007_055228-1a0jgp17
wandb: Run `wandb offline` to turn off syncing.
wandb: Syncing run robosumo_RoboSumo-Spider-vs-Spider-v0_nash_ppo_202210070552
wandb: â­ï¸ View project at https://wandb.ai/quantumiracle/Pettingzoo_MARS
wandb: ðŸš€ View run at https://wandb.ai/quantumiracle/Pettingzoo_MARS/runs/1a0jgp17
robosumo_RoboSumo-Spider-vs-Spider-v0
{'env_name': 'RoboSumo-Spider-vs-Spider-v0', 'env_type': 'robosumo', 'num_envs': 1, 'ram': True, 'seed': 'random', 'record_video': True, 'against_baseline': False, 'algorithm': 'NashPPO', 'algorithm_spec': {'episodic_update': True, 'dueling': False, 'replay_buffer_size': '1e5', 'gamma': 0.99, 'multi_step': 1, 'target_update_interval': 1000, 'eps_start': 1.0, 'eps_final': 0.001, 'eps_decay': 30000, 'lambda': 0.95, 'eps_clip': 0.2, 'K_epoch': 4, 'GAE': True, 'max_grad_norm': 0.5, 'entropy_coeff': 0.01, 'vf_coeff': 0.5, 'policy_loss_coeff': 0.08}, 'num_process': 1, 'batch_size': 128, 'max_episodes': 500000, 'max_steps_per_episode': 300, 'train_start_frame': 0, 'save_id': 202210070552, 'optimizer': 'adam', 'learning_rate': '1e-4', 'device': 'gpu', 'update_itr': 1, 'log_avg_window': 20, 'log_interval': 20, 'render': False, 'test': False, 'exploit': False, 'load_model_idx': False, 'load_model_full_path': False, 'multiprocess': False, 'eval_models': False, 'save_path': '', 'save_interval': 2000, 'wandb_activate': True, 'wandb_entity': 'quantumiracle', 'wandb_project': '', 'wandb_group': '', 'wandb_name': '', 'net_architecture': {'hidden_dim_list': [128, 128, 128], 'hidden_activation': 'ReLU', 'output_activation': False, 'feature': {'hidden_dim_list': [128, 128], 'hidden_activation': 'ReLU', 'output_activation': False}, 'policy': {'hidden_dim_list': [128], 'hidden_activation': False, 'output_activation': 'Tanh'}, 'value': {'hidden_dim_list': [128], 'hidden_activation': 'ReLU', 'output_activation': False}}, 'marl_method': 'nash_ppo', 'marl_spec': {'min_update_interval': 20, 'score_avg_window': 10, 'global_state': True}, 'record_video_interval': 3000}
args:  {'env_name': 'RoboSumo-Spider-vs-Spider-v0', 'env_type': 'robosumo', 'num_envs': 1, 'ram': True, 'seed': 'random', 'record_video': True, 'against_baseline': False, 'algorithm': 'NashPPO', 'algorithm_spec': {'episodic_update': True, 'dueling': False, 'replay_buffer_size': '1e5', 'gamma': 0.99, 'multi_step': 1, 'target_update_interval': 1000, 'eps_start': 1.0, 'eps_final': 0.001, 'eps_decay': 30000, 'lambda': 0.95, 'eps_clip': 0.2, 'K_epoch': 4, 'GAE': True, 'max_grad_norm': 0.5, 'entropy_coeff': 0.01, 'vf_coeff': 0.5, 'policy_loss_coeff': 0.08}, 'num_process': 1, 'batch_size': 128, 'max_episodes': 500000, 'max_steps_per_episode': 300, 'train_start_frame': 0, 'save_id': 202210070552, 'optimizer': 'adam', 'learning_rate': '1e-4', 'device': 'gpu', 'update_itr': 1, 'log_avg_window': 20, 'log_interval': 20, 'render': False, 'test': False, 'exploit': False, 'load_model_idx': False, 'load_model_full_path': False, 'multiprocess': False, 'eval_models': False, 'save_path': '', 'save_interval': 2000, 'wandb_activate': True, 'wandb_entity': 'quantumiracle', 'wandb_project': 'Pettingzoo_MARS', 'wandb_group': '202210070552', 'wandb_name': 'robosumo_RoboSumo-Spider-vs-Spider-v0_nash_ppo_202210070552', 'net_architecture': {'hidden_dim_list': [128, 128, 128], 'hidden_activation': 'ReLU', 'output_activation': False, 'feature': {'hidden_dim_list': [128, 128], 'hidden_activation': 'ReLU', 'output_activation': False}, 'policy': {'hidden_dim_list': [128], 'hidden_activation': False, 'output_activation': 'Tanh'}, 'value': {'hidden_dim_list': [128], 'hidden_activation': 'ReLU', 'output_activation': False}}, 'marl_method': 'nash_ppo', 'marl_spec': {'min_update_interval': 20, 'score_avg_window': 10, 'global_state': True}, 'record_video_interval': 3000}
RoboSumo-Spider-vs-Spider-v0 robosumo
record video: interval 3000, length 300
Load RoboSumo-Spider-vs-Spider-v0 environment in type robosumo.
Env observation space: Box(-inf, inf, (208,), float32) action space: Box(-1.0, 1.0, (16,), float32)
random seed: 162
<RecordVideo<mars.env.wrappers.mars_wrappers.RoboSumoWrapper object at 0x7f266d9377b8>>
gaussian_policy 16 Box(-1.0, 1.0, (16,), float32)
[MLP(
  (body): Sequential(
    (0): Linear(in_features=208, out_features=128, bias=True)
    (1): ReLU()
    (2): Linear(in_features=128, out_features=128, bias=True)
    (3): ReLU()
    (4): Linear(in_features=128, out_features=208, bias=True)
  )
), MLP(
  (body): Sequential(
    (0): Linear(in_features=208, out_features=128, bias=True)
    (1): ReLU()
    (2): Linear(in_features=128, out_features=128, bias=True)
    (3): ReLU()
    (4): Linear(in_features=128, out_features=208, bias=True)
  )
)] [MLP(
  (body): Sequential(
    (0): Linear(in_features=208, out_features=128, bias=True)
    (1): Linear(in_features=128, out_features=32, bias=True)
    (2): Tanh()
  )
), MLP(
  (body): Sequential(
    (0): Linear(in_features=208, out_features=128, bias=True)
    (1): Linear(in_features=128, out_features=32, bias=True)
    (2): Tanh()
  )
)] [MLP(
  (body): Sequential(
    (0): Linear(in_features=208, out_features=128, bias=True)
    (1): ReLU()
    (2): Linear(in_features=128, out_features=1, bias=True)
  )
), MLP(
  (body): Sequential(
    (0): Linear(in_features=208, out_features=128, bias=True)
    (1): ReLU()
    (2): Linear(in_features=128, out_features=1, bias=True)
  )
)] MLP(
  (body): Sequential(
    (0): Linear(in_features=416, out_features=128, bias=True)
    (1): ReLU()
    (2): Linear(in_features=128, out_features=1, bias=True)
  )
)
gaussian_policy 16 Box(-1.0, 1.0, (16,), float32)
[MLP(
  (body): Sequential(
    (0): Linear(in_features=208, out_features=128, bias=True)
    (1): ReLU()
    (2): Linear(in_features=128, out_features=128, bias=True)
    (3): ReLU()
    (4): Linear(in_features=128, out_features=208, bias=True)
  )
), MLP(
  (body): Sequential(
    (0): Linear(in_features=208, out_features=128, bias=True)
    (1): ReLU()
    (2): Linear(in_features=128, out_features=128, bias=True)
    (3): ReLU()
    (4): Linear(in_features=128, out_features=208, bias=True)
  )
)] [MLP(
  (body): Sequential(
    (0): Linear(in_features=208, out_features=128, bias=True)
    (1): Linear(in_features=128, out_features=32, bias=True)
    (2): Tanh()
  )
), MLP(
  (body): Sequential(
    (0): Linear(in_features=208, out_features=128, bias=True)
    (1): Linear(in_features=128, out_features=32, bias=True)
    (2): Tanh()
  )
)] [MLP(
  (body): Sequential(
    (0): Linear(in_features=208, out_features=128, bias=True)
    (1): ReLU()
    (2): Linear(in_features=128, out_features=1, bias=True)
  )
), MLP(
  (body): Sequential(
    (0): Linear(in_features=208, out_features=128, bias=True)
    (1): ReLU()
    (2): Linear(in_features=128, out_features=1, bias=True)
  )
)] MLP(
  (body): Sequential(
    (0): Linear(in_features=416, out_features=128, bias=True)
    (1): ReLU()
    (2): Linear(in_features=128, out_features=1, bias=True)
  )
)
gaussian_policy 16 Box(-1.0, 1.0, (16,), float32)
Agents No. [1] (index starting from 0) are not learnable.
Arguments:  {'env_name': 'RoboSumo-Spider-vs-Spider-v0', 'env_type': 'robosumo', 'num_envs': 1, 'ram': True, 'seed': 'random', 'record_video': True, 'against_baseline': False, 'algorithm': 'NashPPO', 'algorithm_spec': {'episodic_update': True, 'dueling': False, 'replay_buffer_size': '1e5', 'gamma': 0.99, 'multi_step': 1, 'target_update_interval': 1000, 'eps_start': 1.0, 'eps_final': 0.001, 'eps_decay': 30000, 'lambda': 0.95, 'eps_clip': 0.2, 'K_epoch': 4, 'GAE': True, 'max_grad_norm': 0.5, 'entropy_coeff': 0.01, 'vf_coeff': 0.5, 'policy_loss_coeff': 0.08}, 'num_process': 1, 'batch_size': 128, 'max_episodes': 500000, 'max_steps_per_episode': 300, 'train_start_frame': 0, 'save_id': 202210070552, 'optimizer': 'adam', 'learning_rate': '1e-4', 'device': 'gpu', 'update_itr': 1, 'log_avg_window': 20, 'log_interval': 20, 'render': False, 'test': False, 'exploit': False, 'load_model_idx': False, 'load_model_full_path': False, 'multiprocess': False, 'eval_models': False, 'save_path': '', 'save_interval': 2000, 'wandb_activate': True, 'wandb_entity': 'quantumiracle', 'wandb_project': 'Pettingzoo_MARS', 'wandb_group': '202210070552', 'wandb_name': 'robosumo_RoboSumo-Spider-vs-Spider-v0_nash_ppo_202210070552', 'net_architecture': {'hidden_dim_list': [128, 128, 128], 'hidden_activation': 'ReLU', 'output_activation': False, 'feature': {'hidden_dim_list': [128, 128], 'hidden_activation': 'ReLU', 'output_activation': False}, 'policy': {'hidden_dim_list': [128], 'hidden_activation': False, 'output_activation': 'Tanh'}, 'value': {'hidden_dim_list': [128], 'hidden_activation': 'ReLU', 'output_activation': False}}, 'marl_method': 'nash_ppo', 'marl_spec': {'min_update_interval': 20, 'score_avg_window': 10, 'global_state': True}, 'record_video_interval': 3000}