pygame 2.0.0 (SDL 2.0.12, python 3.7.10)
Hello from the pygame community. https://www.pygame.org/contribute.html
ice_hockey_v1 pettingzoo
Load ice_hockey_v1 environment in type pettingzoo.
Env observation space: Box(0.0, 1.0, (128,), float32) action space: Discrete(18)
random seed: 98
<env.wrappers.mars_wrappers.Dict2TupleWrapper object at 0x7f5f9a198c10>
Agents No. [0] (index starting from 0) are not learnable.
Agent No. [0] loads model from:  ../data/model/20211205_2241/pettingzoo_ice_hockey_v1_nxdo2/105_0
Arguments:  {'env_name': 'ice_hockey_v1', 'env_type': 'pettingzoo', 'num_envs': 1, 'ram': True, 'seed': 'random', 'algorithm': 'DQN', 'algorithm_spec': {'episodic_update': False, 'dueling': False, 'replay_buffer_size': '1e5', 'gamma': 0.99, 'multi_step': 1, 'target_update_interval': 1000, 'eps_start': 1.0, 'eps_final': 0.01, 'eps_decay': 30000}, 'batch_size': 128, 'max_episodes': 10000, 'max_steps_per_episode': 10000, 'train_start_frame': 0, 'optimizer': 'adam', 'learning_rate': '1e-4', 'device': 'gpu', 'update_itr': 1, 'log_avg_window': 20, 'log_interval': 20, 'render': False, 'test': False, 'exploit': True, 'load_model_idx': False, 'load_model_full_path': '../data/model/20211205_2241/pettingzoo_ice_hockey_v1_nxdo2/105_0', 'save_path': '', 'save_interval': 2000, 'net_architecture': {'hidden_dim_list': [64, 64, 64, 64], 'hidden_activation': 'ReLU', 'output_activation': False}, 'marl_method': 'nxdo2', 'marl_spec': {'min_update_interval': 20, 'score_avg_window': 10, 'selfplay_score_delta': 10, 'trainable_agent_idx': 0, 'opponent_idx': 1}, 'against_baseline': False}
Save models to : /home/zihan/research/MARS/data/model/20211205_2241_exploit/pettingzoo_ice_hockey_v1_nxdo2. 
 Save logs to: /home/zihan/research/MARS/data/log/20211205_2241_exploit/pettingzoo_ice_hockey_v1_nxdo2.
Episode: 1, avg. length 2784.0
first_0:                 episode reward: -2.0000,                 loss: nan
second_0:                 episode reward: 2.0000,                 loss: 0.2754
Episode: 21, avg. length 2822.75
first_0:                 episode reward: 0.1000,                 loss: nan
second_0:                 episode reward: -0.1000,                 loss: 0.0283
Episode: 41, avg. length 2815.55
first_0:                 episode reward: 0.3500,                 loss: nan
second_0:                 episode reward: -0.3500,                 loss: 0.0195
Episode: 61, avg. length 2835.9
first_0:                 episode reward: 0.4000,                 loss: nan
second_0:                 episode reward: -0.4000,                 loss: 0.0190
Episode: 81, avg. length 2789.95
first_0:                 episode reward: 0.8000,                 loss: nan
second_0:                 episode reward: -0.8000,                 loss: 0.0178
Episode: 101, avg. length 2789.65
first_0:                 episode reward: 0.2500,                 loss: nan
second_0:                 episode reward: -0.2500,                 loss: 0.0168
Episode: 121, avg. length 2796.35
first_0:                 episode reward: 0.3000,                 loss: nan
second_0:                 episode reward: -0.3000,                 loss: 0.0162
Episode: 141, avg. length 2788.3
first_0:                 episode reward: 0.4500,                 loss: nan
second_0:                 episode reward: -0.4500,                 loss: 0.0152
Episode: 161, avg. length 2778.35
first_0:                 episode reward: 0.0500,                 loss: nan
second_0:                 episode reward: -0.0500,                 loss: 0.0134
Episode: 181, avg. length 2784.35
first_0:                 episode reward: 0.6500,                 loss: nan
second_0:                 episode reward: -0.6500,                 loss: 0.0132
Episode: 201, avg. length 2804.55
first_0:                 episode reward: -0.3000,                 loss: nan
second_0:                 episode reward: 0.3000,                 loss: 0.0142
Episode: 221, avg. length 2786.95
first_0:                 episode reward: 0.0000,                 loss: nan
second_0:                 episode reward: 0.0000,                 loss: 0.0146
Episode: 241, avg. length 2798.45
first_0:                 episode reward: -0.2500,                 loss: nan
second_0:                 episode reward: 0.2500,                 loss: 0.0147
Episode: 261, avg. length 2810.25
first_0:                 episode reward: 0.0500,                 loss: nan
second_0:                 episode reward: -0.0500,                 loss: 0.0142
Episode: 281, avg. length 2806.25
first_0:                 episode reward: 0.0000,                 loss: nan
second_0:                 episode reward: 0.0000,                 loss: 0.0138
Episode: 301, avg. length 2803.0
first_0:                 episode reward: 0.2500,                 loss: nan
second_0:                 episode reward: -0.2500,                 loss: 0.0154
Episode: 321, avg. length 2819.35
first_0:                 episode reward: -0.1000,                 loss: nan
second_0:                 episode reward: 0.1000,                 loss: 0.0179
Episode: 341, avg. length 2825.15
first_0:                 episode reward: -0.2000,                 loss: nan
second_0:                 episode reward: 0.2000,                 loss: 0.0183
Episode: 361, avg. length 2804.25
first_0:                 episode reward: 0.4500,                 loss: nan
second_0:                 episode reward: -0.4500,                 loss: 0.0160
Episode: 381, avg. length 2819.05
first_0:                 episode reward: 0.4500,                 loss: nan
second_0:                 episode reward: -0.4500,                 loss: 0.0137
Episode: 401, avg. length 2829.45
first_0:                 episode reward: 0.6500,                 loss: nan
second_0:                 episode reward: -0.6500,                 loss: 0.0140
Episode: 421, avg. length 2784.75
first_0:                 episode reward: 0.2000,                 loss: nan
second_0:                 episode reward: -0.2000,                 loss: 0.0141
Episode: 441, avg. length 2780.4
first_0:                 episode reward: 0.0500,                 loss: nan
second_0:                 episode reward: -0.0500,                 loss: 0.0131
Episode: 461, avg. length 2808.65
first_0:                 episode reward: 0.4000,                 loss: nan
second_0:                 episode reward: -0.4000,                 loss: 0.0129
Episode: 481, avg. length 2794.15
first_0:                 episode reward: 0.3000,                 loss: nan
second_0:                 episode reward: -0.3000,                 loss: 0.0129
Episode: 501, avg. length 2790.25
first_0:                 episode reward: 0.4000,                 loss: nan
second_0:                 episode reward: -0.4000,                 loss: 0.0116
Episode: 521, avg. length 2764.95
first_0:                 episode reward: -0.2000,                 loss: nan
second_0:                 episode reward: 0.2000,                 loss: 0.0114
Episode: 541, avg. length 2785.3
first_0:                 episode reward: 0.1000,                 loss: nan
second_0:                 episode reward: -0.1000,                 loss: 0.0118
Episode: 561, avg. length 2780.65
first_0:                 episode reward: 0.3500,                 loss: nan
second_0:                 episode reward: -0.3500,                 loss: 0.0116
Episode: 581, avg. length 2779.7
first_0:                 episode reward: -0.1000,                 loss: nan
second_0:                 episode reward: 0.1000,                 loss: 0.0117
Episode: 601, avg. length 2781.75
first_0:                 episode reward: -0.1000,                 loss: nan
second_0:                 episode reward: 0.1000,                 loss: 0.0119
Episode: 621, avg. length 2800.2
first_0:                 episode reward: 0.1000,                 loss: nan
second_0:                 episode reward: -0.1000,                 loss: 0.0125
Episode: 641, avg. length 2778.1
first_0:                 episode reward: 0.5000,                 loss: nan
second_0:                 episode reward: -0.5000,                 loss: 0.0126
Episode: 661, avg. length 2789.35
first_0:                 episode reward: -0.1500,                 loss: nan
second_0:                 episode reward: 0.1500,                 loss: 0.0127