pygame 2.0.1 (SDL 2.0.14, Python 3.7.0)
Hello from the pygame community. https://www.pygame.org/contribute.html
ice_hockey_v1 pettingzoo
/home/zihan/anaconda3/envs/x/lib/python3.7/site-packages/ecos/ecos.py:26: UserWarning: Converting G to a CSC matrix; may take a while.
  warn("Converting G to a CSC matrix; may take a while.")
/home/zihan/anaconda3/envs/x/lib/python3.7/site-packages/ecos/ecos.py:29: UserWarning: Converting A to a CSC matrix; may take a while.
  warn("Converting A to a CSC matrix; may take a while.")
random seed: [66, 59]
<SubprocVectorEnv instance>
ParallelDQN(
  (net): MLP(
    (body): Sequential(
      (0): Linear(in_features=128, out_features=256, bias=True)
      (1): ReLU()
      (2): Linear(in_features=256, out_features=256, bias=True)
      (3): ReLU()
      (4): Linear(in_features=256, out_features=256, bias=True)
      (5): ReLU()
      (6): Linear(in_features=256, out_features=256, bias=True)
      (7): ReLU()
      (8): Linear(in_features=256, out_features=18, bias=True)
    )
  )
)
ParallelDQN(
  (net): MLP(
    (body): Sequential(
      (0): Linear(in_features=128, out_features=256, bias=True)
      (1): ReLU()
      (2): Linear(in_features=256, out_features=256, bias=True)
      (3): ReLU()
      (4): Linear(in_features=256, out_features=256, bias=True)
      (5): ReLU()
      (6): Linear(in_features=256, out_features=256, bias=True)
      (7): ReLU()
      (8): Linear(in_features=256, out_features=18, bias=True)
    )
  )
)
Agents No. [1] (index starting from 0) are not learnable.
Arguments:  {'env_name': 'ice_hockey_v1', 'env_type': 'pettingzoo', 'num_envs': 2, 'ram': True, 'seed': 'random', 'algorithm': 'DQN', 'algorithm_spec': {'episodic_update': False, 'dueling': False, 'replay_buffer_size': '1e5', 'gamma': 0.99, 'multi_step': 1, 'target_update_interval': 1000, 'eps_start': 1.0, 'eps_final': 0.01, 'eps_decay': 30000}, 'batch_size': 128, 'max_episodes': 10000, 'max_steps_per_episode': 10000, 'train_start_frame': 0, 'optimizer': 'adam', 'learning_rate': '1e-4', 'device': 'gpu', 'update_itr': 1, 'log_avg_window': 20, 'log_interval': 20, 'render': False, 'test': False, 'exploit': False, 'load_model_idx': False, 'load_model_full_path': False, 'multiprocess': False, 'eval_models': False, 'save_path': '', 'save_interval': 2000, 'net_architecture': {'hidden_dim_list': [256, 256, 256, 256], 'hidden_activation': 'ReLU', 'output_activation': False}, 'marl_method': 'nxdo2', 'marl_spec': {'min_update_interval': 20, 'score_avg_window': 10, 'global_state': False, 'selfplay_score_delta': 10, 'trainable_agent_idx': 0, 'opponent_idx': 1}}
Save models to : /home/zihan/research/MARS/data/model/20220115_0159/pettingzoo_ice_hockey_v1_nxdo2. 
 Save logs to: /home/zihan/research/MARS/data/log/20220115_0159/pettingzoo_ice_hockey_v1_nxdo2.
{'env_name': 'ice_hockey_v1', 'env_type': 'pettingzoo', 'num_envs': 2, 'ram': True, 'seed': 'random', 'algorithm': 'DQN', 'algorithm_spec': {'episodic_update': False, 'dueling': False, 'replay_buffer_size': '1e5', 'gamma': 0.99, 'multi_step': 1, 'target_update_interval': 1000, 'eps_start': 1.0, 'eps_final': 0.01, 'eps_decay': 30000}, 'batch_size': 128, 'max_episodes': 10000, 'max_steps_per_episode': 10000, 'train_start_frame': 0, 'optimizer': 'adam', 'learning_rate': '1e-4', 'device': 'gpu', 'update_itr': 1, 'log_avg_window': 20, 'log_interval': 20, 'render': False, 'test': False, 'exploit': False, 'load_model_idx': False, 'load_model_full_path': False, 'multiprocess': False, 'eval_models': False, 'save_path': '', 'save_interval': 2000, 'net_architecture': {'hidden_dim_list': [256, 256, 256, 256], 'hidden_activation': 'ReLU', 'output_activation': False}, 'marl_method': 'nxdo2', 'marl_spec': {'min_update_interval': 20, 'score_avg_window': 10, 'global_state': False, 'selfplay_score_delta': 10, 'trainable_agent_idx': 0, 'opponent_idx': 1}}
ice_hockey_v1 pettingzoo
Load ice_hockey_v1 environment in type pettingzoo.
Env observation space: Box(0.0, 1.0, (128,), float32) action space: Discrete(18)
random seed: 77
DQNBase(
  (net): MLP(
    (body): Sequential(
      (0): Linear(in_features=128, out_features=256, bias=True)
      (1): ReLU()
      (2): Linear(in_features=256, out_features=256, bias=True)
      (3): ReLU()
      (4): Linear(in_features=256, out_features=256, bias=True)
      (5): ReLU()
      (6): Linear(in_features=256, out_features=256, bias=True)
      (7): ReLU()
      (8): Linear(in_features=256, out_features=18, bias=True)
    )
  )
)
DQNBase(
  (net): MLP(
    (body): Sequential(
      (0): Linear(in_features=128, out_features=256, bias=True)
      (1): ReLU()
      (2): Linear(in_features=256, out_features=256, bias=True)
      (3): ReLU()
      (4): Linear(in_features=256, out_features=256, bias=True)
      (5): ReLU()
      (6): Linear(in_features=256, out_features=256, bias=True)
      (7): ReLU()
      (8): Linear(in_features=256, out_features=18, bias=True)
    )
  )
)
Episode: 1/10000 (0.0100%),                 avg. length: 2715.0,                last time consumption/overall running time: 28.3801s / 28.3801 s
env0_first_0:                 episode reward: 1.0000,                 loss: 0.0003
env0_second_0:                 episode reward: -1.0000,                 loss: nan
env1_first_0:                 episode reward: 0.0000,                 loss: nan
env1_second_0:                 episode reward: 0.0000,                 loss: nan
Episode: 21/10000 (0.2100%),                 avg. length: 2759.6,                last time consumption/overall running time: 560.0470s / 588.4271 s
env0_first_0:                 episode reward: 0.4500,                 loss: 0.0035
env0_second_0:                 episode reward: -0.4500,                 loss: nan
env1_first_0:                 episode reward: 0.8000,                 loss: nan
env1_second_0:                 episode reward: -0.8000,                 loss: nan
Episode: 41/10000 (0.4100%),                 avg. length: 2807.75,                last time consumption/overall running time: 589.3641s / 1177.7912 s
env0_first_0:                 episode reward: 1.2500,                 loss: 0.0074
env0_second_0:                 episode reward: -1.2500,                 loss: nan
env1_first_0:                 episode reward: 0.5000,                 loss: nan
env1_second_0:                 episode reward: -0.5000,                 loss: nan
Episode: 61/10000 (0.6100%),                 avg. length: 2822.5,                last time consumption/overall running time: 594.6535s / 1772.4448 s
env0_first_0:                 episode reward: 1.8000,                 loss: 0.0064
env0_second_0:                 episode reward: -1.8000,                 loss: nan
env1_first_0:                 episode reward: 1.6000,                 loss: nan
env1_second_0:                 episode reward: -1.6000,                 loss: nan
Episode: 81/10000 (0.8100%),                 avg. length: 2833.4,                last time consumption/overall running time: 593.5554s / 2366.0002 s
env0_first_0:                 episode reward: 2.3500,                 loss: 0.0035
env0_second_0:                 episode reward: -2.3500,                 loss: nan
env1_first_0:                 episode reward: 1.4500,                 loss: nan
env1_second_0:                 episode reward: -1.4500,                 loss: nan
Episode: 101/10000 (1.0100%),                 avg. length: 2823.25,                last time consumption/overall running time: 592.8666s / 2958.8667 s
env0_first_0:                 episode reward: 2.8000,                 loss: 0.0014
env0_second_0:                 episode reward: -2.8000,                 loss: nan
env1_first_0:                 episode reward: 0.9000,                 loss: nan
env1_second_0:                 episode reward: -0.9000,                 loss: nan
Episode: 121/10000 (1.2100%),                 avg. length: 2850.65,                last time consumption/overall running time: 597.5297s / 3556.3965 s
env0_first_0:                 episode reward: 2.6000,                 loss: 0.0011
env0_second_0:                 episode reward: -2.6000,                 loss: nan
env1_first_0:                 episode reward: 3.4500,                 loss: nan
env1_second_0:                 episode reward: -3.4500,                 loss: nan
Episode: 141/10000 (1.4100%),                 avg. length: 2882.5,                last time consumption/overall running time: 598.9133s / 4155.3097 s
env0_first_0:                 episode reward: 3.6500,                 loss: nan
env0_second_0:                 episode reward: -3.6500,                 loss: nan
env1_first_0:                 episode reward: 2.8500,                 loss: nan
env1_second_0:                 episode reward: -2.8500,                 loss: nan
Score delta: 10.2, save the model to .//data/model/20220115_0159/pettingzoo_ice_hockey_v1_nxdo2/137_0.
Episode: 161/10000 (1.6100%),                 avg. length: 2841.55,                last time consumption/overall running time: 587.2262s / 4742.5360 s
env0_first_0:                 episode reward: 0.7500,                 loss: nan
env0_second_0:                 episode reward: -0.7500,                 loss: 0.0065
env1_first_0:                 episode reward: 1.3000,                 loss: nan
env1_second_0:                 episode reward: -1.3000,                 loss: nan
Episode: 181/10000 (1.8100%),                 avg. length: 2831.0,                last time consumption/overall running time: 591.9033s / 5334.4392 s
env0_first_0:                 episode reward: 0.9000,                 loss: nan
env0_second_0:                 episode reward: -0.9000,                 loss: 0.0104
env1_first_0:                 episode reward: 2.5500,                 loss: nan
env1_second_0:                 episode reward: -2.5500,                 loss: nan
Episode: 201/10000 (2.0100%),                 avg. length: 2848.7,                last time consumption/overall running time: 595.2844s / 5929.7237 s
env0_first_0:                 episode reward: 0.4500,                 loss: nan
env0_second_0:                 episode reward: -0.4500,                 loss: 0.0068
env1_first_0:                 episode reward: 1.1500,                 loss: nan
env1_second_0:                 episode reward: -1.1500,                 loss: nan
Episode: 221/10000 (2.2100%),                 avg. length: 2860.55,                last time consumption/overall running time: 590.6669s / 6520.3906 s
env0_first_0:                 episode reward: 0.9000,                 loss: nan
env0_second_0:                 episode reward: -0.9000,                 loss: 0.0048
env1_first_0:                 episode reward: 1.3000,                 loss: nan
env1_second_0:                 episode reward: -1.3000,                 loss: nan
Episode: 241/10000 (2.4100%),                 avg. length: 2909.85,                last time consumption/overall running time: 599.3448s / 7119.7354 s
env0_first_0:                 episode reward: 0.3000,                 loss: nan
env0_second_0:                 episode reward: -0.3000,                 loss: 0.0023
env1_first_0:                 episode reward: 0.8500,                 loss: nan
env1_second_0:                 episode reward: -0.8500,                 loss: nan
Episode: 261/10000 (2.6100%),                 avg. length: 2839.65,                last time consumption/overall running time: 584.6977s / 7704.4331 s
env0_first_0:                 episode reward: 0.8000,                 loss: nan
env0_second_0:                 episode reward: -0.8000,                 loss: 0.0014
env1_first_0:                 episode reward: 0.9500,                 loss: nan
env1_second_0:                 episode reward: -0.9500,                 loss: nan
Episode: 281/10000 (2.8100%),                 avg. length: 2853.65,                last time consumption/overall running time: 594.1588s / 8298.5919 s
env0_first_0:                 episode reward: 0.5000,                 loss: nan
env0_second_0:                 episode reward: -0.5000,                 loss: 0.0012
env1_first_0:                 episode reward: 0.9000,                 loss: nan
env1_second_0:                 episode reward: -0.9000,                 loss: nan
Episode: 301/10000 (3.0100%),                 avg. length: 2876.25,                last time consumption/overall running time: 599.6239s / 8898.2158 s
env0_first_0:                 episode reward: -0.3000,                 loss: nan
env0_second_0:                 episode reward: 0.3000,                 loss: 0.0010
env1_first_0:                 episode reward: 0.4500,                 loss: nan
env1_second_0:                 episode reward: -0.4500,                 loss: nan
Episode: 321/10000 (3.2100%),                 avg. length: 2914.45,                last time consumption/overall running time: 609.4360s / 9507.6518 s
env0_first_0:                 episode reward: 0.3500,                 loss: nan
env0_second_0:                 episode reward: -0.3500,                 loss: 0.0012
env1_first_0:                 episode reward: 0.1500,                 loss: nan
env1_second_0:                 episode reward: -0.1500,                 loss: nan
Episode: 341/10000 (3.4100%),                 avg. length: 2906.6,                last time consumption/overall running time: 605.2075s / 10112.8593 s
env0_first_0:                 episode reward: -0.2500,                 loss: nan
env0_second_0:                 episode reward: 0.2500,                 loss: 0.0016
env1_first_0:                 episode reward: -1.1000,                 loss: nan
env1_second_0:                 episode reward: 1.1000,                 loss: nan
Episode: 361/10000 (3.6100%),                 avg. length: 2903.25,                last time consumption/overall running time: 596.6301s / 10709.4894 s
env0_first_0:                 episode reward: 0.3000,                 loss: nan
env0_second_0:                 episode reward: -0.3000,                 loss: 0.0013
env1_first_0:                 episode reward: -0.4000,                 loss: nan
env1_second_0:                 episode reward: 0.4000,                 loss: nan
Episode: 381/10000 (3.8100%),                 avg. length: 2876.45,                last time consumption/overall running time: 601.3705s / 11310.8599 s
env0_first_0:                 episode reward: 0.3500,                 loss: nan
env0_second_0:                 episode reward: -0.3500,                 loss: 0.0010
env1_first_0:                 episode reward: -0.2500,                 loss: nan
env1_second_0:                 episode reward: 0.2500,                 loss: nan
Episode: 401/10000 (4.0100%),                 avg. length: 2898.2,                last time consumption/overall running time: 601.9442s / 11912.8041 s
env0_first_0:                 episode reward: 0.4000,                 loss: nan
env0_second_0:                 episode reward: -0.4000,                 loss: 0.0009
env1_first_0:                 episode reward: 0.3000,                 loss: nan
env1_second_0:                 episode reward: -0.3000,                 loss: nan
Episode: 421/10000 (4.2100%),                 avg. length: 2887.95,                last time consumption/overall running time: 606.8368s / 12519.6409 s
env0_first_0:                 episode reward: 0.4000,                 loss: nan
env0_second_0:                 episode reward: -0.4000,                 loss: 0.0008
env1_first_0:                 episode reward: -0.3000,                 loss: nan
env1_second_0:                 episode reward: 0.3000,                 loss: nan
Episode: 441/10000 (4.4100%),                 avg. length: 2898.3,                last time consumption/overall running time: 604.2784s / 13123.9193 s
env0_first_0:                 episode reward: 1.5000,                 loss: nan
env0_second_0:                 episode reward: -1.5000,                 loss: 0.0008
env1_first_0:                 episode reward: -2.0500,                 loss: nan
env1_second_0:                 episode reward: 2.0500,                 loss: nan
Episode: 461/10000 (4.6100%),                 avg. length: 2865.9,                last time consumption/overall running time: 596.9746s / 13720.8939 s
env0_first_0:                 episode reward: 0.7500,                 loss: nan
env0_second_0:                 episode reward: -0.7500,                 loss: 0.0009
env1_first_0:                 episode reward: -0.8000,                 loss: nan
env1_second_0:                 episode reward: 0.8000,                 loss: nan
Episode: 481/10000 (4.8100%),                 avg. length: 2864.05,                last time consumption/overall running time: 599.3242s / 14320.2181 s
env0_first_0:                 episode reward: 0.7000,                 loss: nan
env0_second_0:                 episode reward: -0.7000,                 loss: 0.0008
env1_first_0:                 episode reward: -0.1000,                 loss: nan
env1_second_0:                 episode reward: 0.1000,                 loss: nan
Episode: 501/10000 (5.0100%),                 avg. length: 2854.35,                last time consumption/overall running time: 593.7033s / 14913.9214 s
env0_first_0:                 episode reward: -0.3500,                 loss: nan
env0_second_0:                 episode reward: 0.3500,                 loss: 0.0008
env1_first_0:                 episode reward: -1.4000,                 loss: nan
env1_second_0:                 episode reward: 1.4000,                 loss: nan
Episode: 521/10000 (5.2100%),                 avg. length: 2872.9,                last time consumption/overall running time: 593.4272s / 15507.3486 s
env0_first_0:                 episode reward: 0.2500,                 loss: nan
env0_second_0:                 episode reward: -0.2500,                 loss: 0.0008
env1_first_0:                 episode reward: -1.4000,                 loss: nan
env1_second_0:                 episode reward: 1.4000,                 loss: nan
Episode: 541/10000 (5.4100%),                 avg. length: 2855.0,                last time consumption/overall running time: 592.4168s / 16099.7654 s
env0_first_0:                 episode reward: -0.2000,                 loss: nan
env0_second_0:                 episode reward: 0.2000,                 loss: 0.0008
env1_first_0:                 episode reward: -1.0000,                 loss: nan
env1_second_0:                 episode reward: 1.0000,                 loss: nan
Episode: 561/10000 (5.6100%),                 avg. length: 2886.55,                last time consumption/overall running time: 597.8604s / 16697.6258 s
env0_first_0:                 episode reward: 0.6500,                 loss: nan
env0_second_0:                 episode reward: -0.6500,                 loss: 0.0008
env1_first_0:                 episode reward: -0.4000,                 loss: nan
env1_second_0:                 episode reward: 0.4000,                 loss: nan
Episode: 581/10000 (5.8100%),                 avg. length: 2861.2,                last time consumption/overall running time: 591.6361s / 17289.2619 s
env0_first_0:                 episode reward: 0.0500,                 loss: nan
env0_second_0:                 episode reward: -0.0500,                 loss: 0.0008
env1_first_0:                 episode reward: -0.9000,                 loss: nan
env1_second_0:                 episode reward: 0.9000,                 loss: nan
Episode: 601/10000 (6.0100%),                 avg. length: 2842.35,                last time consumption/overall running time: 591.6266s / 17880.8885 s
env0_first_0:                 episode reward: 0.4000,                 loss: nan
env0_second_0:                 episode reward: -0.4000,                 loss: 0.0008
env1_first_0:                 episode reward: -1.9000,                 loss: nan
env1_second_0:                 episode reward: 1.9000,                 loss: nan
Episode: 621/10000 (6.2100%),                 avg. length: 2841.3,                last time consumption/overall running time: 591.1301s / 18472.0186 s
env0_first_0:                 episode reward: -0.4000,                 loss: nan
env0_second_0:                 episode reward: 0.4000,                 loss: 0.0007
env1_first_0:                 episode reward: -1.0500,                 loss: nan
env1_second_0:                 episode reward: 1.0500,                 loss: nan
Episode: 641/10000 (6.4100%),                 avg. length: 2852.35,                last time consumption/overall running time: 597.3358s / 19069.3543 s
env0_first_0:                 episode reward: 0.4500,                 loss: nan
env0_second_0:                 episode reward: -0.4500,                 loss: 0.0007
env1_first_0:                 episode reward: 0.2500,                 loss: nan
env1_second_0:                 episode reward: -0.2500,                 loss: nan
Episode: 661/10000 (6.6100%),                 avg. length: 2844.7,                last time consumption/overall running time: 598.6834s / 19668.0378 s
env0_first_0:                 episode reward: -0.6000,                 loss: nan
env0_second_0:                 episode reward: 0.6000,                 loss: 0.0007
env1_first_0:                 episode reward: -0.3000,                 loss: nan
env1_second_0:                 episode reward: 0.3000,                 loss: nan
Episode: 681/10000 (6.8100%),                 avg. length: 2866.55,                last time consumption/overall running time: 600.8282s / 20268.8660 s
env0_first_0:                 episode reward: 0.7000,                 loss: nan
env0_second_0:                 episode reward: -0.7000,                 loss: 0.0008
env1_first_0:                 episode reward: -0.5500,                 loss: nan
env1_second_0:                 episode reward: 0.5500,                 loss: nan
Episode: 701/10000 (7.0100%),                 avg. length: 2874.7,                last time consumption/overall running time: 595.2732s / 20864.1392 s
env0_first_0:                 episode reward: -0.7500,                 loss: nan
env0_second_0:                 episode reward: 0.7500,                 loss: 0.0007
env1_first_0:                 episode reward: -0.4000,                 loss: nan
env1_second_0:                 episode reward: 0.4000,                 loss: nan
Episode: 721/10000 (7.2100%),                 avg. length: 2844.2,                last time consumption/overall running time: 592.5364s / 21456.6756 s
env0_first_0:                 episode reward: -0.2500,                 loss: nan
env0_second_0:                 episode reward: 0.2500,                 loss: 0.0008
env1_first_0:                 episode reward: -0.5000,                 loss: nan
env1_second_0:                 episode reward: 0.5000,                 loss: nan
Episode: 741/10000 (7.4100%),                 avg. length: 2834.7,                last time consumption/overall running time: 600.9965s / 22057.6722 s
env0_first_0:                 episode reward: -0.1000,                 loss: nan
env0_second_0:                 episode reward: 0.1000,                 loss: 0.0009
env1_first_0:                 episode reward: 0.3000,                 loss: nan
env1_second_0:                 episode reward: -0.3000,                 loss: nan
Episode: 761/10000 (7.6100%),                 avg. length: 2869.05,                last time consumption/overall running time: 593.8361s / 22651.5082 s
env0_first_0:                 episode reward: 0.1000,                 loss: nan
env0_second_0:                 episode reward: -0.1000,                 loss: 0.0009
env1_first_0:                 episode reward: -0.7000,                 loss: nan
env1_second_0:                 episode reward: 0.7000,                 loss: nan
Episode: 781/10000 (7.8100%),                 avg. length: 2847.35,                last time consumption/overall running time: 595.6720s / 23247.1802 s
env0_first_0:                 episode reward: 0.3000,                 loss: nan
env0_second_0:                 episode reward: -0.3000,                 loss: 0.0008
env1_first_0:                 episode reward: -1.3000,                 loss: nan
env1_second_0:                 episode reward: 1.3000,                 loss: nan
Episode: 801/10000 (8.0100%),                 avg. length: 2841.35,                last time consumption/overall running time: 594.1608s / 23841.3410 s
env0_first_0:                 episode reward: -0.2000,                 loss: nan
env0_second_0:                 episode reward: 0.2000,                 loss: 0.0008
env1_first_0:                 episode reward: 0.0000,                 loss: nan
env1_second_0:                 episode reward: 0.0000,                 loss: nan
Episode: 821/10000 (8.2100%),                 avg. length: 2836.65,                last time consumption/overall running time: 594.3944s / 24435.7353 s
env0_first_0:                 episode reward: -0.4500,                 loss: nan
env0_second_0:                 episode reward: 0.4500,                 loss: 0.0008
env1_first_0:                 episode reward: -0.1500,                 loss: nan
env1_second_0:                 episode reward: 0.1500,                 loss: nan
Episode: 841/10000 (8.4100%),                 avg. length: 2869.05,                last time consumption/overall running time: 597.1300s / 25032.8653 s
env0_first_0:                 episode reward: 0.8000,                 loss: nan
env0_second_0:                 episode reward: -0.8000,                 loss: 0.0008
env1_first_0:                 episode reward: -0.2500,                 loss: nan
env1_second_0:                 episode reward: 0.2500,                 loss: nan
Episode: 861/10000 (8.6100%),                 avg. length: 2853.35,                last time consumption/overall running time: 594.3506s / 25627.2159 s
env0_first_0:                 episode reward: 0.3500,                 loss: nan
env0_second_0:                 episode reward: -0.3500,                 loss: 0.0009
env1_first_0:                 episode reward: 1.1500,                 loss: nan
env1_second_0:                 episode reward: -1.1500,                 loss: nan
Episode: 881/10000 (8.8100%),                 avg. length: 2851.6,                last time consumption/overall running time: 591.0169s / 26218.2328 s
env0_first_0:                 episode reward: -0.0500,                 loss: nan
env0_second_0:                 episode reward: 0.0500,                 loss: 0.0008
env1_first_0:                 episode reward: 0.8000,                 loss: nan
env1_second_0:                 episode reward: -0.8000,                 loss: nan
Episode: 901/10000 (9.0100%),                 avg. length: 2830.1,                last time consumption/overall running time: 583.9142s / 26802.1470 s
env0_first_0:                 episode reward: 0.9500,                 loss: nan
env0_second_0:                 episode reward: -0.9500,                 loss: 0.0008
env1_first_0:                 episode reward: 0.1500,                 loss: nan
env1_second_0:                 episode reward: -0.1500,                 loss: nan
Episode: 921/10000 (9.2100%),                 avg. length: 2834.25,                last time consumption/overall running time: 588.1683s / 27390.3153 s
env0_first_0:                 episode reward: 0.7500,                 loss: nan
env0_second_0:                 episode reward: -0.7500,                 loss: 0.0007
env1_first_0:                 episode reward: 0.0000,                 loss: nan
env1_second_0:                 episode reward: 0.0000,                 loss: nan
Episode: 941/10000 (9.4100%),                 avg. length: 2843.25,                last time consumption/overall running time: 592.2493s / 27982.5646 s
env0_first_0:                 episode reward: 0.0500,                 loss: nan
env0_second_0:                 episode reward: -0.0500,                 loss: 0.0008
env1_first_0:                 episode reward: -0.0500,                 loss: nan
env1_second_0:                 episode reward: 0.0500,                 loss: nan
Episode: 961/10000 (9.6100%),                 avg. length: 2881.35,                last time consumption/overall running time: 596.0920s / 28578.6566 s
env0_first_0:                 episode reward: 0.3500,                 loss: nan
env0_second_0:                 episode reward: -0.3500,                 loss: 0.0008
env1_first_0:                 episode reward: -1.6000,                 loss: nan
env1_second_0:                 episode reward: 1.6000,                 loss: nan
Episode: 981/10000 (9.8100%),                 avg. length: 2852.35,                last time consumption/overall running time: 591.4807s / 29170.1372 s
env0_first_0:                 episode reward: 1.1500,                 loss: nan
env0_second_0:                 episode reward: -1.1500,                 loss: 0.0009
env1_first_0:                 episode reward: -0.3000,                 loss: nan
env1_second_0:                 episode reward: 0.3000,                 loss: nan
Episode: 1001/10000 (10.0100%),                 avg. length: 2843.45,                last time consumption/overall running time: 589.8972s / 29760.0345 s
env0_first_0:                 episode reward: 0.4500,                 loss: nan
env0_second_0:                 episode reward: -0.4500,                 loss: 0.0009
env1_first_0:                 episode reward: 0.2500,                 loss: nan
env1_second_0:                 episode reward: -0.2500,                 loss: nan
Episode: 1021/10000 (10.2100%),                 avg. length: 2842.2,                last time consumption/overall running time: 592.5049s / 30352.5394 s
env0_first_0:                 episode reward: 0.8500,                 loss: nan
env0_second_0:                 episode reward: -0.8500,                 loss: 0.0007
env1_first_0:                 episode reward: 0.0500,                 loss: nan
env1_second_0:                 episode reward: -0.0500,                 loss: nan
Episode: 1041/10000 (10.4100%),                 avg. length: 2867.1,                last time consumption/overall running time: 588.9547s / 30941.4940 s
env0_first_0:                 episode reward: 0.6000,                 loss: nan
env0_second_0:                 episode reward: -0.6000,                 loss: 0.0008
env1_first_0:                 episode reward: -0.0500,                 loss: nan
env1_second_0:                 episode reward: 0.0500,                 loss: nan
Episode: 1061/10000 (10.6100%),                 avg. length: 2837.2,                last time consumption/overall running time: 586.1164s / 31527.6104 s
env0_first_0:                 episode reward: 0.9500,                 loss: nan
env0_second_0:                 episode reward: -0.9500,                 loss: 0.0010
env1_first_0:                 episode reward: -0.6000,                 loss: nan
env1_second_0:                 episode reward: 0.6000,                 loss: nan
Episode: 1081/10000 (10.8100%),                 avg. length: 2826.55,                last time consumption/overall running time: 585.6081s / 32113.2185 s
env0_first_0:                 episode reward: 0.2000,                 loss: nan
env0_second_0:                 episode reward: -0.2000,                 loss: 0.0008
env1_first_0:                 episode reward: -0.9000,                 loss: nan
env1_second_0:                 episode reward: 0.9000,                 loss: nan
Episode: 1101/10000 (11.0100%),                 avg. length: 2850.25,                last time consumption/overall running time: 592.1806s / 32705.3991 s
env0_first_0:                 episode reward: -0.1000,                 loss: nan
env0_second_0:                 episode reward: 0.1000,                 loss: 0.0009
env1_first_0:                 episode reward: -0.5000,                 loss: nan
env1_second_0:                 episode reward: 0.5000,                 loss: nan
Episode: 1121/10000 (11.2100%),                 avg. length: 2814.45,                last time consumption/overall running time: 568.6914s / 33274.0905 s
env0_first_0:                 episode reward: 0.5500,                 loss: nan
env0_second_0:                 episode reward: -0.5500,                 loss: 0.0010
env1_first_0:                 episode reward: -0.2500,                 loss: nan
env1_second_0:                 episode reward: 0.2500,                 loss: nan
Episode: 1141/10000 (11.4100%),                 avg. length: 2864.75,                last time consumption/overall running time: 586.7470s / 33860.8376 s
env0_first_0:                 episode reward: 0.1000,                 loss: nan
env0_second_0:                 episode reward: -0.1000,                 loss: 0.0009
env1_first_0:                 episode reward: -0.3500,                 loss: nan
env1_second_0:                 episode reward: 0.3500,                 loss: nan
Episode: 1161/10000 (11.6100%),                 avg. length: 2873.65,                last time consumption/overall running time: 601.0582s / 34461.8957 s
env0_first_0:                 episode reward: 0.4000,                 loss: nan
env0_second_0:                 episode reward: -0.4000,                 loss: 0.0008
env1_first_0:                 episode reward: -0.9500,                 loss: nan
env1_second_0:                 episode reward: 0.9500,                 loss: nan
Episode: 1181/10000 (11.8100%),                 avg. length: 2819.15,                last time consumption/overall running time: 578.3225s / 35040.2183 s
env0_first_0:                 episode reward: -0.7000,                 loss: nan
env0_second_0:                 episode reward: 0.7000,                 loss: 0.0008
env1_first_0:                 episode reward: 0.1500,                 loss: nan
env1_second_0:                 episode reward: -0.1500,                 loss: nan
Episode: 1201/10000 (12.0100%),                 avg. length: 2826.75,                last time consumption/overall running time: 579.4003s / 35619.6186 s
env0_first_0:                 episode reward: 1.8000,                 loss: nan
env0_second_0:                 episode reward: -1.8000,                 loss: 0.0008
env1_first_0:                 episode reward: -0.2000,                 loss: nan
env1_second_0:                 episode reward: 0.2000,                 loss: nan
Episode: 1221/10000 (12.2100%),                 avg. length: 2809.75,                last time consumption/overall running time: 572.6901s / 36192.3087 s
env0_first_0:                 episode reward: -0.2500,                 loss: nan
env0_second_0:                 episode reward: 0.2500,                 loss: 0.0008
env1_first_0:                 episode reward: -0.1000,                 loss: nan
env1_second_0:                 episode reward: 0.1000,                 loss: nan
Episode: 1241/10000 (12.4100%),                 avg. length: 2820.85,                last time consumption/overall running time: 594.3988s / 36786.7075 s
env0_first_0:                 episode reward: 0.5000,                 loss: nan
env0_second_0:                 episode reward: -0.5000,                 loss: 0.0008
env1_first_0:                 episode reward: 0.8000,                 loss: nan
env1_second_0:                 episode reward: -0.8000,                 loss: nan
Episode: 1261/10000 (12.6100%),                 avg. length: 2836.05,                last time consumption/overall running time: 581.3508s / 37368.0583 s
env0_first_0:                 episode reward: 0.8000,                 loss: nan
env0_second_0:                 episode reward: -0.8000,                 loss: 0.0012
env1_first_0:                 episode reward: -0.8000,                 loss: nan
env1_second_0:                 episode reward: 0.8000,                 loss: nan
Episode: 1281/10000 (12.8100%),                 avg. length: 2829.9,                last time consumption/overall running time: 586.5418s / 37954.6001 s
env0_first_0:                 episode reward: -0.2000,                 loss: nan
env0_second_0:                 episode reward: 0.2000,                 loss: 0.0024
env1_first_0:                 episode reward: 0.4500,                 loss: nan
env1_second_0:                 episode reward: -0.4500,                 loss: nan
Episode: 1301/10000 (13.0100%),                 avg. length: 2844.3,                last time consumption/overall running time: 599.3138s / 38553.9138 s
env0_first_0:                 episode reward: 0.1500,                 loss: nan
env0_second_0:                 episode reward: -0.1500,                 loss: 0.0028
env1_first_0:                 episode reward: 0.4000,                 loss: nan
env1_second_0:                 episode reward: -0.4000,                 loss: nan
Episode: 1321/10000 (13.2100%),                 avg. length: 2801.8,                last time consumption/overall running time: 571.6280s / 39125.5418 s
env0_first_0:                 episode reward: 0.4500,                 loss: nan
env0_second_0:                 episode reward: -0.4500,                 loss: 0.0030
env1_first_0:                 episode reward: 0.4000,                 loss: nan
env1_second_0:                 episode reward: -0.4000,                 loss: nan
Episode: 1341/10000 (13.4100%),                 avg. length: 2845.65,                last time consumption/overall running time: 585.0389s / 39710.5807 s
env0_first_0:                 episode reward: 1.0000,                 loss: nan
env0_second_0:                 episode reward: -1.0000,                 loss: 0.0024
env1_first_0:                 episode reward: 0.3000,                 loss: nan
env1_second_0:                 episode reward: -0.3000,                 loss: nan
Episode: 1361/10000 (13.6100%),                 avg. length: 2814.25,                last time consumption/overall running time: 581.4262s / 40292.0069 s
env0_first_0:                 episode reward: -0.9000,                 loss: nan
env0_second_0:                 episode reward: 0.9000,                 loss: 0.0023
env1_first_0:                 episode reward: 1.0000,                 loss: nan
env1_second_0:                 episode reward: -1.0000,                 loss: nan
Episode: 1381/10000 (13.8100%),                 avg. length: 2831.75,                last time consumption/overall running time: 572.4175s / 40864.4244 s
env0_first_0:                 episode reward: 0.0500,                 loss: nan
env0_second_0:                 episode reward: -0.0500,                 loss: 0.0037
env1_first_0:                 episode reward: 0.5000,                 loss: nan
env1_second_0:                 episode reward: -0.5000,                 loss: nan
Episode: 1401/10000 (14.0100%),                 avg. length: 2813.55,                last time consumption/overall running time: 581.4626s / 41445.8870 s
env0_first_0:                 episode reward: 0.0000,                 loss: nan
env0_second_0:                 episode reward: 0.0000,                 loss: 0.0040
env1_first_0:                 episode reward: 1.1000,                 loss: nan
env1_second_0:                 episode reward: -1.1000,                 loss: nan
Episode: 1421/10000 (14.2100%),                 avg. length: 2835.15,                last time consumption/overall running time: 582.1189s / 42028.0058 s
env0_first_0:                 episode reward: -0.2500,                 loss: nan
env0_second_0:                 episode reward: 0.2500,                 loss: 0.0036
env1_first_0:                 episode reward: -0.1000,                 loss: nan
env1_second_0:                 episode reward: 0.1000,                 loss: nan
Episode: 1441/10000 (14.4100%),                 avg. length: 2817.65,                last time consumption/overall running time: 586.1226s / 42614.1285 s
env0_first_0:                 episode reward: 0.0000,                 loss: nan
env0_second_0:                 episode reward: 0.0000,                 loss: 0.0031
env1_first_0:                 episode reward: -0.0500,                 loss: nan
env1_second_0:                 episode reward: 0.0500,                 loss: nan
Episode: 1461/10000 (14.6100%),                 avg. length: 2819.75,                last time consumption/overall running time: 581.2638s / 43195.3923 s
env0_first_0:                 episode reward: 0.4500,                 loss: nan
env0_second_0:                 episode reward: -0.4500,                 loss: 0.0024
env1_first_0:                 episode reward: -0.5000,                 loss: nan
env1_second_0:                 episode reward: 0.5000,                 loss: nan
Episode: 1481/10000 (14.8100%),                 avg. length: 2807.45,                last time consumption/overall running time: 570.3020s / 43765.6943 s
env0_first_0:                 episode reward: 0.0000,                 loss: nan
env0_second_0:                 episode reward: 0.0000,                 loss: 0.0019
env1_first_0:                 episode reward: -0.9500,                 loss: nan
env1_second_0:                 episode reward: 0.9500,                 loss: nan
Episode: 1501/10000 (15.0100%),                 avg. length: 2839.0,                last time consumption/overall running time: 579.6064s / 44345.3007 s
env0_first_0:                 episode reward: 0.1000,                 loss: nan
env0_second_0:                 episode reward: -0.1000,                 loss: 0.0019
env1_first_0:                 episode reward: -0.0500,                 loss: nan
env1_second_0:                 episode reward: 0.0500,                 loss: nan
Episode: 1521/10000 (15.2100%),                 avg. length: 2844.75,                last time consumption/overall running time: 586.9456s / 44932.2463 s
env0_first_0:                 episode reward: 0.7000,                 loss: nan
env0_second_0:                 episode reward: -0.7000,                 loss: 0.0021
env1_first_0:                 episode reward: 0.6500,                 loss: nan
env1_second_0:                 episode reward: -0.6500,                 loss: nan
Episode: 1541/10000 (15.4100%),                 avg. length: 2824.7,                last time consumption/overall running time: 587.3334s / 45519.5798 s
env0_first_0:                 episode reward: 0.6000,                 loss: nan
env0_second_0:                 episode reward: -0.6000,                 loss: 0.0015
env1_first_0:                 episode reward: 0.0500,                 loss: nan
env1_second_0:                 episode reward: -0.0500,                 loss: nan
Episode: 1561/10000 (15.6100%),                 avg. length: 2850.9,                last time consumption/overall running time: 577.7056s / 46097.2854 s
env0_first_0:                 episode reward: -0.3500,                 loss: nan
env0_second_0:                 episode reward: 0.3500,                 loss: 0.0013
env1_first_0:                 episode reward: -0.7000,                 loss: nan
env1_second_0:                 episode reward: 0.7000,                 loss: nan
Episode: 1581/10000 (15.8100%),                 avg. length: 2830.4,                last time consumption/overall running time: 584.8908s / 46682.1762 s
env0_first_0:                 episode reward: 0.5000,                 loss: nan
env0_second_0:                 episode reward: -0.5000,                 loss: 0.0015
env1_first_0:                 episode reward: 0.2000,                 loss: nan
env1_second_0:                 episode reward: -0.2000,                 loss: nan
Episode: 1601/10000 (16.0100%),                 avg. length: 2825.35,                last time consumption/overall running time: 576.9343s / 47259.1105 s
env0_first_0:                 episode reward: 0.7500,                 loss: nan
env0_second_0:                 episode reward: -0.7500,                 loss: 0.0016
env1_first_0:                 episode reward: 0.4500,                 loss: nan
env1_second_0:                 episode reward: -0.4500,                 loss: nan
Episode: 1621/10000 (16.2100%),                 avg. length: 2821.4,                last time consumption/overall running time: 577.7671s / 47836.8775 s
env0_first_0:                 episode reward: 0.3500,                 loss: nan
env0_second_0:                 episode reward: -0.3500,                 loss: 0.0015
env1_first_0:                 episode reward: -0.1000,                 loss: nan
env1_second_0:                 episode reward: 0.1000,                 loss: nan
Episode: 1641/10000 (16.4100%),                 avg. length: 2838.6,                last time consumption/overall running time: 596.8399s / 48433.7174 s
env0_first_0:                 episode reward: 0.2000,                 loss: nan
env0_second_0:                 episode reward: -0.2000,                 loss: 0.0022
env1_first_0:                 episode reward: -0.1000,                 loss: nan
env1_second_0:                 episode reward: 0.1000,                 loss: nan
Episode: 1661/10000 (16.6100%),                 avg. length: 2844.35,                last time consumption/overall running time: 592.4279s / 49026.1454 s
env0_first_0:                 episode reward: 0.2500,                 loss: nan
env0_second_0:                 episode reward: -0.2500,                 loss: 0.0028
env1_first_0:                 episode reward: -0.1500,                 loss: nan
env1_second_0:                 episode reward: 0.1500,                 loss: nan
Episode: 1681/10000 (16.8100%),                 avg. length: 2839.0,                last time consumption/overall running time: 597.8895s / 49624.0348 s
env0_first_0:                 episode reward: 0.2500,                 loss: nan
env0_second_0:                 episode reward: -0.2500,                 loss: 0.0024
env1_first_0:                 episode reward: 0.6000,                 loss: nan
env1_second_0:                 episode reward: -0.6000,                 loss: nan
Episode: 1701/10000 (17.0100%),                 avg. length: 2812.6,                last time consumption/overall running time: 588.6304s / 50212.6653 s
env0_first_0:                 episode reward: 0.6000,                 loss: nan
env0_second_0:                 episode reward: -0.6000,                 loss: 0.0020
env1_first_0:                 episode reward: 1.1000,                 loss: nan
env1_second_0:                 episode reward: -1.1000,                 loss: nan
Episode: 1721/10000 (17.2100%),                 avg. length: 2837.15,                last time consumption/overall running time: 580.5629s / 50793.2282 s
env0_first_0:                 episode reward: -0.3000,                 loss: nan
env0_second_0:                 episode reward: 0.3000,                 loss: 0.0017
env1_first_0:                 episode reward: 0.2500,                 loss: nan
env1_second_0:                 episode reward: -0.2500,                 loss: nan
Episode: 1741/10000 (17.4100%),                 avg. length: 2840.25,                last time consumption/overall running time: 595.8210s / 51389.0492 s
env0_first_0:                 episode reward: -0.2500,                 loss: nan
env0_second_0:                 episode reward: 0.2500,                 loss: 0.0020
env1_first_0:                 episode reward: 0.5500,                 loss: nan
env1_second_0:                 episode reward: -0.5500,                 loss: nan
Episode: 1761/10000 (17.6100%),                 avg. length: 2809.85,                last time consumption/overall running time: 589.4755s / 51978.5247 s
env0_first_0:                 episode reward: 0.8000,                 loss: nan
env0_second_0:                 episode reward: -0.8000,                 loss: 0.0018
env1_first_0:                 episode reward: 0.2000,                 loss: nan
env1_second_0:                 episode reward: -0.2000,                 loss: nan
Episode: 1781/10000 (17.8100%),                 avg. length: 2846.8,                last time consumption/overall running time: 596.9659s / 52575.4906 s
env0_first_0:                 episode reward: 0.5500,                 loss: nan
env0_second_0:                 episode reward: -0.5500,                 loss: 0.0015
env1_first_0:                 episode reward: 0.3500,                 loss: nan
env1_second_0:                 episode reward: -0.3500,                 loss: nan
Episode: 1801/10000 (18.0100%),                 avg. length: 2817.45,                last time consumption/overall running time: 574.2596s / 53149.7502 s
env0_first_0:                 episode reward: 0.7500,                 loss: nan
env0_second_0:                 episode reward: -0.7500,                 loss: 0.0016
env1_first_0:                 episode reward: 0.0500,                 loss: nan
env1_second_0:                 episode reward: -0.0500,                 loss: nan
Episode: 1821/10000 (18.2100%),                 avg. length: 2818.0,                last time consumption/overall running time: 584.7766s / 53734.5269 s
env0_first_0:                 episode reward: 0.9500,                 loss: nan
env0_second_0:                 episode reward: -0.9500,                 loss: 0.0018
env1_first_0:                 episode reward: 0.8500,                 loss: nan
env1_second_0:                 episode reward: -0.8500,                 loss: nan
Episode: 1841/10000 (18.4100%),                 avg. length: 2826.3,                last time consumption/overall running time: 604.0795s / 54338.6063 s
env0_first_0:                 episode reward: 0.5500,                 loss: nan
env0_second_0:                 episode reward: -0.5500,                 loss: 0.0020
env1_first_0:                 episode reward: -0.2000,                 loss: nan
env1_second_0:                 episode reward: 0.2000,                 loss: nan
Episode: 1861/10000 (18.6100%),                 avg. length: 2806.1,                last time consumption/overall running time: 581.7056s / 54920.3120 s
env0_first_0:                 episode reward: 0.7500,                 loss: nan
env0_second_0:                 episode reward: -0.7500,                 loss: 0.0023
env1_first_0:                 episode reward: 1.0000,                 loss: nan