pygame 2.0.1 (SDL 2.0.14, Python 3.7.0)
Hello from the pygame community. https://www.pygame.org/contribute.html
pong_v2 pettingzoo
/home/zihan/anaconda3/envs/x/lib/python3.7/site-packages/ecos/ecos.py:26: UserWarning: Converting G to a CSC matrix; may take a while.
  warn("Converting G to a CSC matrix; may take a while.")
/home/zihan/anaconda3/envs/x/lib/python3.7/site-packages/ecos/ecos.py:29: UserWarning: Converting A to a CSC matrix; may take a while.
  warn("Converting A to a CSC matrix; may take a while.")
random seed: [18, 78]
<SubprocVectorEnv instance>
ParallelDQN(
  (net): MLP(
    (body): Sequential(
      (0): Linear(in_features=128, out_features=128, bias=True)
      (1): ReLU()
      (2): Linear(in_features=128, out_features=128, bias=True)
      (3): ReLU()
      (4): Linear(in_features=128, out_features=128, bias=True)
      (5): ReLU()
      (6): Linear(in_features=128, out_features=128, bias=True)
      (7): ReLU()
      (8): Linear(in_features=128, out_features=6, bias=True)
    )
  )
)
ParallelDQN(
  (net): MLP(
    (body): Sequential(
      (0): Linear(in_features=128, out_features=128, bias=True)
      (1): ReLU()
      (2): Linear(in_features=128, out_features=128, bias=True)
      (3): ReLU()
      (4): Linear(in_features=128, out_features=128, bias=True)
      (5): ReLU()
      (6): Linear(in_features=128, out_features=128, bias=True)
      (7): ReLU()
      (8): Linear(in_features=128, out_features=6, bias=True)
    )
  )
)
No agent are not learnable.
Arguments:  {'env_name': 'pong_v2', 'env_type': 'pettingzoo', 'num_envs': 2, 'ram': True, 'seed': 'random', 'algorithm': 'NashDQN', 'algorithm_spec': {'episodic_update': False, 'dueling': False, 'replay_buffer_size': '1e5', 'gamma': 0.99, 'multi_step': 1, 'target_update_interval': 1000, 'eps_start': 1.0, 'eps_final': 0.01, 'eps_decay': 30000}, 'batch_size': 128, 'max_episodes': 10000, 'max_steps_per_episode': 10000, 'train_start_frame': 0, 'optimizer': 'adam', 'learning_rate': '1e-4', 'device': 'gpu', 'update_itr': 0.1, 'log_avg_window': 20, 'log_interval': 20, 'render': False, 'test': False, 'exploit': False, 'load_model_idx': False, 'load_model_full_path': False, 'multiprocess': False, 'eval_models': False, 'save_path': '', 'save_interval': 2000, 'net_architecture': {'hidden_dim_list': [128, 128, 128, 128], 'hidden_activation': 'ReLU', 'output_activation': False}, 'marl_method': 'nash_dqn', 'marl_spec': {'min_update_interval': 20, 'score_avg_window': 10, 'global_state': False}}
Save models to : /home/zihan/research/MARS/data/model/20220115_0159/pettingzoo_pong_v2_nash_dqn. 
 Save logs to: /home/zihan/research/MARS/data/log/20220115_0159/pettingzoo_pong_v2_nash_dqn.
Episode: 1/10000 (0.0100%),                 avg. length: 1093.0,                last time consumption/overall running time: 8.4509s / 8.4509 s
env0_first_0:                 episode reward: -14.0000,                 loss: 0.0252
env0_second_0:                 episode reward: 14.0000,                 loss: 0.0264
env1_first_0:                 episode reward: -2.0000,                 loss: nan
env1_second_0:                 episode reward: 2.0000,                 loss: nan
Episode: 21/10000 (0.2100%),                 avg. length: 1184.15,                last time consumption/overall running time: 163.3576s / 171.8085 s
env0_first_0:                 episode reward: 4.4000,                 loss: 0.0222
env0_second_0:                 episode reward: -4.4000,                 loss: 0.0212
env1_first_0:                 episode reward: 6.9000,                 loss: nan
env1_second_0:                 episode reward: -6.9000,                 loss: nan
Episode: 41/10000 (0.4100%),                 avg. length: 1217.7,                last time consumption/overall running time: 197.6427s / 369.4512 s
env0_first_0:                 episode reward: 4.3000,                 loss: 0.0131
env0_second_0:                 episode reward: -4.3000,                 loss: 0.0118
env1_first_0:                 episode reward: -1.0500,                 loss: nan
env1_second_0:                 episode reward: 1.0500,                 loss: nan
Episode: 61/10000 (0.6100%),                 avg. length: 1206.85,                last time consumption/overall running time: 211.6915s / 581.1427 s
env0_first_0:                 episode reward: 0.0000,                 loss: 0.0049
env0_second_0:                 episode reward: 0.0000,                 loss: 0.0050
env1_first_0:                 episode reward: 1.8000,                 loss: nan
env1_second_0:                 episode reward: -1.8000,                 loss: nan
Episode: 81/10000 (0.8100%),                 avg. length: 1176.55,                last time consumption/overall running time: 209.7391s / 790.8818 s
env0_first_0:                 episode reward: 1.7500,                 loss: 0.0027
env0_second_0:                 episode reward: -1.7500,                 loss: 0.0028
env1_first_0:                 episode reward: -1.2500,                 loss: nan
env1_second_0:                 episode reward: 1.2500,                 loss: nan
Episode: 101/10000 (1.0100%),                 avg. length: 1170.25,                last time consumption/overall running time: 216.0706s / 1006.9524 s
env0_first_0:                 episode reward: -1.0000,                 loss: 0.0029
env0_second_0:                 episode reward: 1.0000,                 loss: 0.0027
env1_first_0:                 episode reward: 5.8000,                 loss: nan
env1_second_0:                 episode reward: -5.8000,                 loss: nan
Episode: 121/10000 (1.2100%),                 avg. length: 1175.5,                last time consumption/overall running time: 220.6663s / 1227.6186 s
env0_first_0:                 episode reward: 1.8500,                 loss: 0.0034
env0_second_0:                 episode reward: -1.8500,                 loss: 0.0033
env1_first_0:                 episode reward: 3.5000,                 loss: nan
env1_second_0:                 episode reward: -3.5000,                 loss: nan
Episode: 141/10000 (1.4100%),                 avg. length: 1183.6,                last time consumption/overall running time: 222.7736s / 1450.3922 s
env0_first_0:                 episode reward: 0.9500,                 loss: 0.0038
env0_second_0:                 episode reward: -0.9500,                 loss: 0.0039
env1_first_0:                 episode reward: -3.6000,                 loss: nan
env1_second_0:                 episode reward: 3.6000,                 loss: nan
Episode: 161/10000 (1.6100%),                 avg. length: 1293.65,                last time consumption/overall running time: 239.6545s / 1690.0467 s
env0_first_0:                 episode reward: 1.2000,                 loss: 0.0044
env0_second_0:                 episode reward: -1.2000,                 loss: 0.0046
env1_first_0:                 episode reward: 2.4000,                 loss: nan
env1_second_0:                 episode reward: -2.4000,                 loss: nan
Episode: 181/10000 (1.8100%),                 avg. length: 1219.75,                last time consumption/overall running time: 227.7922s / 1917.8389 s
env0_first_0:                 episode reward: -3.5000,                 loss: 0.0050
env0_second_0:                 episode reward: 3.5000,                 loss: 0.0055
env1_first_0:                 episode reward: 1.2000,                 loss: nan
env1_second_0:                 episode reward: -1.2000,                 loss: nan
Episode: 201/10000 (2.0100%),                 avg. length: 1300.15,                last time consumption/overall running time: 239.9396s / 2157.7785 s
env0_first_0:                 episode reward: 0.5500,                 loss: 0.0052
env0_second_0:                 episode reward: -0.5500,                 loss: 0.0058
env1_first_0:                 episode reward: 4.0000,                 loss: nan
env1_second_0:                 episode reward: -4.0000,                 loss: nan
Episode: 221/10000 (2.2100%),                 avg. length: 1255.6,                last time consumption/overall running time: 233.3460s / 2391.1245 s
env0_first_0:                 episode reward: 6.1000,                 loss: 0.0054
env0_second_0:                 episode reward: -6.1000,                 loss: 0.0063
env1_first_0:                 episode reward: 3.6500,                 loss: nan
env1_second_0:                 episode reward: -3.6500,                 loss: nan
Episode: 241/10000 (2.4100%),                 avg. length: 1318.6,                last time consumption/overall running time: 244.2884s / 2635.4129 s
env0_first_0:                 episode reward: -1.6000,                 loss: 0.0063
env0_second_0:                 episode reward: 1.6000,                 loss: 0.0072
env1_first_0:                 episode reward: -0.8500,                 loss: nan
env1_second_0:                 episode reward: 0.8500,                 loss: nan
Episode: 261/10000 (2.6100%),                 avg. length: 1230.0,                last time consumption/overall running time: 227.4876s / 2862.9005 s
env0_first_0:                 episode reward: -3.1500,                 loss: 0.0074
env0_second_0:                 episode reward: 3.1500,                 loss: 0.0083
env1_first_0:                 episode reward: -2.8500,                 loss: nan
env1_second_0:                 episode reward: 2.8500,                 loss: nan
Episode: 281/10000 (2.8100%),                 avg. length: 1365.1,                last time consumption/overall running time: 253.5562s / 3116.4567 s
env0_first_0:                 episode reward: -1.2000,                 loss: 0.0085
env0_second_0:                 episode reward: 1.2000,                 loss: 0.0090
env1_first_0:                 episode reward: -4.1000,                 loss: nan
env1_second_0:                 episode reward: 4.1000,                 loss: nan
Episode: 301/10000 (3.0100%),                 avg. length: 1298.0,                last time consumption/overall running time: 242.0640s / 3358.5207 s
env0_first_0:                 episode reward: -2.6000,                 loss: 0.0103
env0_second_0:                 episode reward: 2.6000,                 loss: 0.0102
env1_first_0:                 episode reward: -5.8500,                 loss: nan
env1_second_0:                 episode reward: 5.8500,                 loss: nan
Episode: 321/10000 (3.2100%),                 avg. length: 1345.65,                last time consumption/overall running time: 251.3905s / 3609.9112 s
env0_first_0:                 episode reward: 0.3500,                 loss: 0.0120
env0_second_0:                 episode reward: -0.3500,                 loss: 0.0115
env1_first_0:                 episode reward: -4.0000,                 loss: nan
env1_second_0:                 episode reward: 4.0000,                 loss: nan
Episode: 341/10000 (3.4100%),                 avg. length: 1373.75,                last time consumption/overall running time: 257.3093s / 3867.2204 s
env0_first_0:                 episode reward: -3.7000,                 loss: 0.0139
env0_second_0:                 episode reward: 3.7000,                 loss: 0.0131
env1_first_0:                 episode reward: -5.5500,                 loss: nan
env1_second_0:                 episode reward: 5.5500,                 loss: nan
Episode: 361/10000 (3.6100%),                 avg. length: 1368.45,                last time consumption/overall running time: 254.5550s / 4121.7754 s
env0_first_0:                 episode reward: -2.1000,                 loss: 0.0148
env0_second_0:                 episode reward: 2.1000,                 loss: 0.0142
env1_first_0:                 episode reward: -5.2500,                 loss: nan
env1_second_0:                 episode reward: 5.2500,                 loss: nan
Episode: 381/10000 (3.8100%),                 avg. length: 1282.1,                last time consumption/overall running time: 239.1972s / 4360.9726 s
env0_first_0:                 episode reward: -8.3500,                 loss: 0.0153
env0_second_0:                 episode reward: 8.3500,                 loss: 0.0144
env1_first_0:                 episode reward: -6.8000,                 loss: nan
env1_second_0:                 episode reward: 6.8000,                 loss: nan
Episode: 401/10000 (4.0100%),                 avg. length: 1460.8,                last time consumption/overall running time: 272.1456s / 4633.1181 s
env0_first_0:                 episode reward: -4.9500,                 loss: 0.0173
env0_second_0:                 episode reward: 4.9500,                 loss: 0.0146
env1_first_0:                 episode reward: -3.1500,                 loss: nan
env1_second_0:                 episode reward: 3.1500,                 loss: nan
Episode: 421/10000 (4.2100%),                 avg. length: 1490.7,                last time consumption/overall running time: 273.9519s / 4907.0700 s
env0_first_0:                 episode reward: -0.3500,                 loss: 0.0204
env0_second_0:                 episode reward: 0.3500,                 loss: 0.0186
env1_first_0:                 episode reward: -5.5000,                 loss: nan
env1_second_0:                 episode reward: 5.5000,                 loss: nan
Episode: 441/10000 (4.4100%),                 avg. length: 1355.45,                last time consumption/overall running time: 252.1123s / 5159.1824 s
env0_first_0:                 episode reward: -4.0000,                 loss: 0.0210
env0_second_0:                 episode reward: 4.0000,                 loss: 0.0190
env1_first_0:                 episode reward: -8.5000,                 loss: nan
env1_second_0:                 episode reward: 8.5000,                 loss: nan
Episode: 461/10000 (4.6100%),                 avg. length: 1439.55,                last time consumption/overall running time: 266.2987s / 5425.4811 s
env0_first_0:                 episode reward: -5.3500,                 loss: 0.0214
env0_second_0:                 episode reward: 5.3500,                 loss: 0.0195
env1_first_0:                 episode reward: -6.2000,                 loss: nan
env1_second_0:                 episode reward: 6.2000,                 loss: nan
Episode: 481/10000 (4.8100%),                 avg. length: 1465.8,                last time consumption/overall running time: 272.4929s / 5697.9740 s
env0_first_0:                 episode reward: -1.2000,                 loss: 0.0218
env0_second_0:                 episode reward: 1.2000,                 loss: 0.0192
env1_first_0:                 episode reward: -6.7500,                 loss: nan
env1_second_0:                 episode reward: 6.7500,                 loss: nan
Episode: 501/10000 (5.0100%),                 avg. length: 1497.9,                last time consumption/overall running time: 275.7704s / 5973.7444 s
env0_first_0:                 episode reward: -5.9000,                 loss: 0.0226
env0_second_0:                 episode reward: 5.9000,                 loss: 0.0186
env1_first_0:                 episode reward: -6.1000,                 loss: nan
env1_second_0:                 episode reward: 6.1000,                 loss: nan
Episode: 521/10000 (5.2100%),                 avg. length: 1497.65,                last time consumption/overall running time: 273.5309s / 6247.2753 s
env0_first_0:                 episode reward: -7.3000,                 loss: 0.0237
env0_second_0:                 episode reward: 7.3000,                 loss: 0.0218
env1_first_0:                 episode reward: -7.5000,                 loss: nan
env1_second_0:                 episode reward: 7.5000,                 loss: nan
Episode: 541/10000 (5.4100%),                 avg. length: 1453.9,                last time consumption/overall running time: 266.1109s / 6513.3863 s
env0_first_0:                 episode reward: -6.2000,                 loss: 0.0255
env0_second_0:                 episode reward: 6.2000,                 loss: 0.0221
env1_first_0:                 episode reward: -5.8000,                 loss: nan
env1_second_0:                 episode reward: 5.8000,                 loss: nan
Episode: 561/10000 (5.6100%),                 avg. length: 1452.35,                last time consumption/overall running time: 269.6156s / 6783.0019 s
env0_first_0:                 episode reward: -5.7500,                 loss: 0.0265
env0_second_0:                 episode reward: 5.7500,                 loss: 0.0208
env1_first_0:                 episode reward: -7.1500,                 loss: nan
env1_second_0:                 episode reward: 7.1500,                 loss: nan
Episode: 581/10000 (5.8100%),                 avg. length: 1407.8,                last time consumption/overall running time: 259.2612s / 7042.2631 s
env0_first_0:                 episode reward: -11.2000,                 loss: 0.0236
env0_second_0:                 episode reward: 11.2000,                 loss: 0.0212
env1_first_0:                 episode reward: -9.6500,                 loss: nan
env1_second_0:                 episode reward: 9.6500,                 loss: nan
Episode: 601/10000 (6.0100%),                 avg. length: 1483.25,                last time consumption/overall running time: 272.2613s / 7314.5244 s
env0_first_0:                 episode reward: -7.9000,                 loss: 0.0270
env0_second_0:                 episode reward: 7.9000,                 loss: 0.0203
env1_first_0:                 episode reward: -10.7000,                 loss: nan
env1_second_0:                 episode reward: 10.7000,                 loss: nan
Episode: 621/10000 (6.2100%),                 avg. length: 1463.3,                last time consumption/overall running time: 269.3989s / 7583.9233 s
env0_first_0:                 episode reward: -8.1500,                 loss: 0.0303
env0_second_0:                 episode reward: 8.1500,                 loss: 0.0212
env1_first_0:                 episode reward: -10.8500,                 loss: nan
env1_second_0:                 episode reward: 10.8500,                 loss: nan
Episode: 641/10000 (6.4100%),                 avg. length: 1557.8,                last time consumption/overall running time: 288.7783s / 7872.7017 s
env0_first_0:                 episode reward: -7.6000,                 loss: 0.0293
env0_second_0:                 episode reward: 7.6000,                 loss: 0.0216
env1_first_0:                 episode reward: -9.4000,                 loss: nan
env1_second_0:                 episode reward: 9.4000,                 loss: nan
Episode: 661/10000 (6.6100%),                 avg. length: 1497.45,                last time consumption/overall running time: 276.2895s / 8148.9912 s
env0_first_0:                 episode reward: -8.4000,                 loss: 0.0283
env0_second_0:                 episode reward: 8.4000,                 loss: 0.0207
env1_first_0:                 episode reward: -2.8000,                 loss: nan
env1_second_0:                 episode reward: 2.8000,                 loss: nan
Episode: 681/10000 (6.8100%),                 avg. length: 1574.45,                last time consumption/overall running time: 291.0612s / 8440.0524 s
env0_first_0:                 episode reward: -7.9500,                 loss: 0.0305
env0_second_0:                 episode reward: 7.9500,                 loss: 0.0217
env1_first_0:                 episode reward: -7.1500,                 loss: nan
env1_second_0:                 episode reward: 7.1500,                 loss: nan
Episode: 701/10000 (7.0100%),                 avg. length: 1366.15,                last time consumption/overall running time: 252.0095s / 8692.0619 s
env0_first_0:                 episode reward: -10.9500,                 loss: 0.0347
env0_second_0:                 episode reward: 10.9500,                 loss: 0.0230
env1_first_0:                 episode reward: -10.8000,                 loss: nan
env1_second_0:                 episode reward: 10.8000,                 loss: nan
Episode: 721/10000 (7.2100%),                 avg. length: 1431.8,                last time consumption/overall running time: 262.2428s / 8954.3047 s
env0_first_0:                 episode reward: -9.6000,                 loss: 0.0293
env0_second_0:                 episode reward: 9.6000,                 loss: 0.0221
env1_first_0:                 episode reward: -12.1500,                 loss: nan
env1_second_0:                 episode reward: 12.1500,                 loss: nan
Episode: 741/10000 (7.4100%),                 avg. length: 1384.55,                last time consumption/overall running time: 256.1000s / 9210.4047 s
env0_first_0:                 episode reward: -13.3000,                 loss: 0.0307
env0_second_0:                 episode reward: 13.3000,                 loss: 0.0193
env1_first_0:                 episode reward: -12.4000,                 loss: nan
env1_second_0:                 episode reward: 12.4000,                 loss: nan
Episode: 761/10000 (7.6100%),                 avg. length: 1363.2,                last time consumption/overall running time: 253.6158s / 9464.0205 s
env0_first_0:                 episode reward: -12.2500,                 loss: 0.0279
env0_second_0:                 episode reward: 12.2500,                 loss: 0.0201
env1_first_0:                 episode reward: -12.5000,                 loss: nan
env1_second_0:                 episode reward: 12.5000,                 loss: nan
Episode: 781/10000 (7.8100%),                 avg. length: 1346.05,                last time consumption/overall running time: 247.5383s / 9711.5588 s
env0_first_0:                 episode reward: -10.9500,                 loss: 0.0293
env0_second_0:                 episode reward: 10.9500,                 loss: 0.0199
env1_first_0:                 episode reward: -12.8500,                 loss: nan
env1_second_0:                 episode reward: 12.8500,                 loss: nan
Episode: 801/10000 (8.0100%),                 avg. length: 1447.5,                last time consumption/overall running time: 265.6939s / 9977.2527 s
env0_first_0:                 episode reward: -11.7000,                 loss: 0.0283
env0_second_0:                 episode reward: 11.7000,                 loss: 0.0235
env1_first_0:                 episode reward: -10.0500,                 loss: nan
env1_second_0:                 episode reward: 10.0500,                 loss: nan
Episode: 821/10000 (8.2100%),                 avg. length: 1368.15,                last time consumption/overall running time: 255.5765s / 10232.8292 s
env0_first_0:                 episode reward: -11.2000,                 loss: 0.0264
env0_second_0:                 episode reward: 11.2000,                 loss: 0.0210
env1_first_0:                 episode reward: -14.1500,                 loss: nan
env1_second_0:                 episode reward: 14.1500,                 loss: nan
Episode: 841/10000 (8.4100%),                 avg. length: 1425.0,                last time consumption/overall running time: 265.0153s / 10497.8445 s
env0_first_0:                 episode reward: -12.8000,                 loss: 0.0278
env0_second_0:                 episode reward: 12.8000,                 loss: 0.0196
env1_first_0:                 episode reward: -11.3500,                 loss: nan
env1_second_0:                 episode reward: 11.3500,                 loss: nan
Episode: 861/10000 (8.6100%),                 avg. length: 1375.85,                last time consumption/overall running time: 253.8468s / 10751.6913 s
env0_first_0:                 episode reward: -13.1500,                 loss: 0.0254
env0_second_0:                 episode reward: 13.1500,                 loss: 0.0229
env1_first_0:                 episode reward: -10.2500,                 loss: nan
env1_second_0:                 episode reward: 10.2500,                 loss: nan
Episode: 881/10000 (8.8100%),                 avg. length: 1367.0,                last time consumption/overall running time: 252.7257s / 11004.4170 s
env0_first_0:                 episode reward: -13.4000,                 loss: 0.0240
env0_second_0:                 episode reward: 13.4000,                 loss: 0.0195
env1_first_0:                 episode reward: -11.2000,                 loss: nan
env1_second_0:                 episode reward: 11.2000,                 loss: nan
Episode: 901/10000 (9.0100%),                 avg. length: 1498.85,                last time consumption/overall running time: 278.5514s / 11282.9684 s
env0_first_0:                 episode reward: -11.7000,                 loss: 0.0246
env0_second_0:                 episode reward: 11.7000,                 loss: 0.0208
env1_first_0:                 episode reward: -11.4500,                 loss: nan
env1_second_0:                 episode reward: 11.4500,                 loss: nan
Episode: 921/10000 (9.2100%),                 avg. length: 1473.1,                last time consumption/overall running time: 272.0887s / 11555.0571 s
env0_first_0:                 episode reward: -11.0500,                 loss: 0.0272
env0_second_0:                 episode reward: 11.0500,                 loss: 0.0204
env1_first_0:                 episode reward: -11.2000,                 loss: nan
env1_second_0:                 episode reward: 11.2000,                 loss: nan
Episode: 941/10000 (9.4100%),                 avg. length: 1516.55,                last time consumption/overall running time: 280.4416s / 11835.4987 s
env0_first_0:                 episode reward: -12.7000,                 loss: 0.0273
env0_second_0:                 episode reward: 12.7000,                 loss: 0.0185
env1_first_0:                 episode reward: -10.2000,                 loss: nan
env1_second_0:                 episode reward: 10.2000,                 loss: nan
Episode: 961/10000 (9.6100%),                 avg. length: 1502.15,                last time consumption/overall running time: 275.8408s / 12111.3395 s
env0_first_0:                 episode reward: -12.4500,                 loss: 0.0272
env0_second_0:                 episode reward: 12.4500,                 loss: 0.0199
env1_first_0:                 episode reward: -11.0500,                 loss: nan
env1_second_0:                 episode reward: 11.0500,                 loss: nan
Episode: 981/10000 (9.8100%),                 avg. length: 1548.1,                last time consumption/overall running time: 288.0124s / 12399.3519 s
env0_first_0:                 episode reward: -11.7500,                 loss: 0.0225
env0_second_0:                 episode reward: 11.7500,                 loss: 0.0196
env1_first_0:                 episode reward: -13.9000,                 loss: nan
env1_second_0:                 episode reward: 13.9000,                 loss: nan
Episode: 1001/10000 (10.0100%),                 avg. length: 1593.0,                last time consumption/overall running time: 294.1814s / 12693.5333 s
env0_first_0:                 episode reward: -11.2500,                 loss: 0.0223
env0_second_0:                 episode reward: 11.2500,                 loss: 0.0187
env1_first_0:                 episode reward: -12.1000,                 loss: nan
env1_second_0:                 episode reward: 12.1000,                 loss: nan
Episode: 1021/10000 (10.2100%),                 avg. length: 1652.6,                last time consumption/overall running time: 309.0507s / 13002.5840 s
env0_first_0:                 episode reward: -12.1000,                 loss: 0.0193
env0_second_0:                 episode reward: 12.1000,                 loss: 0.0177
env1_first_0:                 episode reward: -10.2500,                 loss: nan
env1_second_0:                 episode reward: 10.2500,                 loss: nan
Episode: 1041/10000 (10.4100%),                 avg. length: 1481.15,                last time consumption/overall running time: 274.0222s / 13276.6062 s
env0_first_0:                 episode reward: -12.5000,                 loss: 0.0167
env0_second_0:                 episode reward: 12.5000,                 loss: 0.0165
env1_first_0:                 episode reward: -13.2000,                 loss: nan
env1_second_0:                 episode reward: 13.2000,                 loss: nan
Episode: 1061/10000 (10.6100%),                 avg. length: 1477.5,                last time consumption/overall running time: 275.0663s / 13551.6725 s
env0_first_0:                 episode reward: -11.7000,                 loss: 0.0158
env0_second_0:                 episode reward: 11.7000,                 loss: 0.0186
env1_first_0:                 episode reward: -13.9500,                 loss: nan
env1_second_0:                 episode reward: 13.9500,                 loss: nan
Episode: 1081/10000 (10.8100%),                 avg. length: 1759.35,                last time consumption/overall running time: 328.2499s / 13879.9223 s
env0_first_0:                 episode reward: -8.6000,                 loss: 0.0157
env0_second_0:                 episode reward: 8.6000,                 loss: 0.0170
env1_first_0:                 episode reward: -9.5000,                 loss: nan
env1_second_0:                 episode reward: 9.5000,                 loss: nan
Episode: 1101/10000 (11.0100%),                 avg. length: 1702.75,                last time consumption/overall running time: 313.5944s / 14193.5168 s
env0_first_0:                 episode reward: -10.8000,                 loss: 0.0142
env0_second_0:                 episode reward: 10.8000,                 loss: 0.0165
env1_first_0:                 episode reward: -9.3500,                 loss: nan
env1_second_0:                 episode reward: 9.3500,                 loss: nan
Episode: 1121/10000 (11.2100%),                 avg. length: 1693.65,                last time consumption/overall running time: 312.3528s / 14505.8695 s
env0_first_0:                 episode reward: -10.0000,                 loss: 0.0142
env0_second_0:                 episode reward: 10.0000,                 loss: 0.0182
env1_first_0:                 episode reward: -7.8500,                 loss: nan
env1_second_0:                 episode reward: 7.8500,                 loss: nan
Episode: 1141/10000 (11.4100%),                 avg. length: 1688.8,                last time consumption/overall running time: 312.2006s / 14818.0701 s
env0_first_0:                 episode reward: -6.7000,                 loss: 0.0139
env0_second_0:                 episode reward: 6.7000,                 loss: 0.0161
env1_first_0:                 episode reward: -8.3500,                 loss: nan
env1_second_0:                 episode reward: 8.3500,                 loss: nan
Episode: 1161/10000 (11.6100%),                 avg. length: 1806.4,                last time consumption/overall running time: 332.5173s / 15150.5874 s
env0_first_0:                 episode reward: -8.0000,                 loss: 0.0132
env0_second_0:                 episode reward: 8.0000,                 loss: 0.0163
env1_first_0:                 episode reward: -9.7000,                 loss: nan
env1_second_0:                 episode reward: 9.7000,                 loss: nan
Episode: 1181/10000 (11.8100%),                 avg. length: 1543.8,                last time consumption/overall running time: 286.5615s / 15437.1489 s
env0_first_0:                 episode reward: -11.3000,                 loss: 0.0122
env0_second_0:                 episode reward: 11.3000,                 loss: 0.0175
env1_first_0:                 episode reward: -12.1500,                 loss: nan
env1_second_0:                 episode reward: 12.1500,                 loss: nan
Episode: 1201/10000 (12.0100%),                 avg. length: 1571.65,                last time consumption/overall running time: 289.4731s / 15726.6219 s
env0_first_0:                 episode reward: -12.6000,                 loss: 0.0109
env0_second_0:                 episode reward: 12.6000,                 loss: 0.0153
env1_first_0:                 episode reward: -9.7500,                 loss: nan
env1_second_0:                 episode reward: 9.7500,                 loss: nan
Episode: 1221/10000 (12.2100%),                 avg. length: 1567.85,                last time consumption/overall running time: 290.5104s / 16017.1323 s
env0_first_0:                 episode reward: -9.8000,                 loss: 0.0109
env0_second_0:                 episode reward: 9.8000,                 loss: 0.0147
env1_first_0:                 episode reward: -12.1500,                 loss: nan
env1_second_0:                 episode reward: 12.1500,                 loss: nan
Episode: 1241/10000 (12.4100%),                 avg. length: 1746.65,                last time consumption/overall running time: 323.9881s / 16341.1204 s
env0_first_0:                 episode reward: -8.9000,                 loss: 0.0126
env0_second_0:                 episode reward: 8.9000,                 loss: 0.0124
env1_first_0:                 episode reward: -9.3500,                 loss: nan
env1_second_0:                 episode reward: 9.3500,                 loss: nan
Episode: 1261/10000 (12.6100%),                 avg. length: 1648.2,                last time consumption/overall running time: 306.4642s / 16647.5846 s
env0_first_0:                 episode reward: -7.9500,                 loss: 0.0130
env0_second_0:                 episode reward: 7.9500,                 loss: 0.0133
env1_first_0:                 episode reward: -9.2000,                 loss: nan
env1_second_0:                 episode reward: 9.2000,                 loss: nan
Episode: 1281/10000 (12.8100%),                 avg. length: 1799.4,                last time consumption/overall running time: 333.0279s / 16980.6125 s
env0_first_0:                 episode reward: -8.6500,                 loss: 0.0132
env0_second_0:                 episode reward: 8.6500,                 loss: 0.0141
env1_first_0:                 episode reward: -11.8000,                 loss: nan
env1_second_0:                 episode reward: 11.8000,                 loss: nan
Episode: 1301/10000 (13.0100%),                 avg. length: 1825.2,                last time consumption/overall running time: 337.5139s / 17318.1264 s
env0_first_0:                 episode reward: -6.5000,                 loss: 0.0148
env0_second_0:                 episode reward: 6.5000,                 loss: 0.0109
env1_first_0:                 episode reward: -10.4000,                 loss: nan
env1_second_0:                 episode reward: 10.4000,                 loss: nan
Episode: 1321/10000 (13.2100%),                 avg. length: 1846.25,                last time consumption/overall running time: 342.2772s / 17660.4036 s
env0_first_0:                 episode reward: -9.6000,                 loss: 0.0175
env0_second_0:                 episode reward: 9.6000,                 loss: 0.0124
env1_first_0:                 episode reward: -8.3000,                 loss: nan
env1_second_0:                 episode reward: 8.3000,                 loss: nan
Episode: 1341/10000 (13.4100%),                 avg. length: 1923.25,                last time consumption/overall running time: 355.5568s / 18015.9604 s
env0_first_0:                 episode reward: -10.6000,                 loss: 0.0163
env0_second_0:                 episode reward: 10.6000,                 loss: 0.0136
env1_first_0:                 episode reward: -6.8000,                 loss: nan
env1_second_0:                 episode reward: 6.8000,                 loss: nan
Episode: 1361/10000 (13.6100%),                 avg. length: 1875.9,                last time consumption/overall running time: 347.9115s / 18363.8719 s
env0_first_0:                 episode reward: -9.8500,                 loss: 0.0164
env0_second_0:                 episode reward: 9.8500,                 loss: 0.0135
env1_first_0:                 episode reward: -9.0000,                 loss: nan
env1_second_0:                 episode reward: 9.0000,                 loss: nan
Episode: 1381/10000 (13.8100%),                 avg. length: 1819.6,                last time consumption/overall running time: 336.1823s / 18700.0542 s
env0_first_0:                 episode reward: -9.5000,                 loss: 0.0132
env0_second_0:                 episode reward: 9.5000,                 loss: 0.0131
env1_first_0:                 episode reward: -8.5500,                 loss: nan
env1_second_0:                 episode reward: 8.5500,                 loss: nan
Episode: 1401/10000 (14.0100%),                 avg. length: 1770.25,                last time consumption/overall running time: 326.2571s / 19026.3113 s
env0_first_0:                 episode reward: -8.7500,                 loss: 0.0134
env0_second_0:                 episode reward: 8.7500,                 loss: 0.0127
env1_first_0:                 episode reward: -10.8000,                 loss: nan
env1_second_0:                 episode reward: 10.8000,                 loss: nan
Episode: 1421/10000 (14.2100%),                 avg. length: 1867.6,                last time consumption/overall running time: 346.1827s / 19372.4940 s
env0_first_0:                 episode reward: -8.9500,                 loss: 0.0134
env0_second_0:                 episode reward: 8.9500,                 loss: 0.0127
env1_first_0:                 episode reward: -10.7000,                 loss: nan
env1_second_0:                 episode reward: 10.7000,                 loss: nan
Episode: 1441/10000 (14.4100%),                 avg. length: 1568.7,                last time consumption/overall running time: 293.7419s / 19666.2360 s
env0_first_0:                 episode reward: -12.6500,                 loss: 0.0118
env0_second_0:                 episode reward: 12.6500,                 loss: 0.0131
env1_first_0:                 episode reward: -11.7000,                 loss: nan
env1_second_0:                 episode reward: 11.7000,                 loss: nan
Episode: 1461/10000 (14.6100%),                 avg. length: 1798.1,                last time consumption/overall running time: 337.5580s / 20003.7939 s
env0_first_0:                 episode reward: -9.1000,                 loss: 0.0119
env0_second_0:                 episode reward: 9.1000,                 loss: 0.0125
env1_first_0:                 episode reward: -9.3000,                 loss: nan
env1_second_0:                 episode reward: 9.3000,                 loss: nan
Episode: 1481/10000 (14.8100%),                 avg. length: 1621.85,                last time consumption/overall running time: 301.4589s / 20305.2528 s
env0_first_0:                 episode reward: -10.1000,                 loss: 0.0111
env0_second_0:                 episode reward: 10.1000,                 loss: 0.0138
env1_first_0:                 episode reward: -13.9000,                 loss: nan
env1_second_0:                 episode reward: 13.9000,                 loss: nan
Episode: 1501/10000 (15.0100%),                 avg. length: 1657.35,                last time consumption/overall running time: 305.7554s / 20611.0082 s
env0_first_0:                 episode reward: -12.1000,                 loss: 0.0104
env0_second_0:                 episode reward: 12.1000,                 loss: 0.0114
env1_first_0:                 episode reward: -12.3000,                 loss: nan
env1_second_0:                 episode reward: 12.3000,                 loss: nan
Episode: 1521/10000 (15.2100%),                 avg. length: 1823.15,                last time consumption/overall running time: 334.5587s / 20945.5669 s
env0_first_0:                 episode reward: -11.2000,                 loss: 0.0124
env0_second_0:                 episode reward: 11.2000,                 loss: 0.0129
env1_first_0:                 episode reward: -8.8000,                 loss: nan
env1_second_0:                 episode reward: 8.8000,                 loss: nan
Episode: 1541/10000 (15.4100%),                 avg. length: 1986.3,                last time consumption/overall running time: 369.0101s / 21314.5770 s
env0_first_0:                 episode reward: -9.7000,                 loss: 0.0128
env0_second_0:                 episode reward: 9.7000,                 loss: 0.0132
env1_first_0:                 episode reward: -7.1500,                 loss: nan
env1_second_0:                 episode reward: 7.1500,                 loss: nan
Episode: 1561/10000 (15.6100%),                 avg. length: 1966.25,                last time consumption/overall running time: 363.8715s / 21678.4486 s
env0_first_0:                 episode reward: -8.6500,                 loss: 0.0124
env0_second_0:                 episode reward: 8.6500,                 loss: 0.0154
env1_first_0:                 episode reward: -9.8000,                 loss: nan
env1_second_0:                 episode reward: 9.8000,                 loss: nan
Episode: 1581/10000 (15.8100%),                 avg. length: 1915.6,                last time consumption/overall running time: 355.3145s / 22033.7631 s
env0_first_0:                 episode reward: -7.7500,                 loss: 0.0137
env0_second_0:                 episode reward: 7.7500,                 loss: 0.0134
env1_first_0:                 episode reward: -10.0500,                 loss: nan
env1_second_0:                 episode reward: 10.0500,                 loss: nan
Episode: 1601/10000 (16.0100%),                 avg. length: 1840.3,                last time consumption/overall running time: 340.9434s / 22374.7064 s
env0_first_0:                 episode reward: -8.4000,                 loss: 0.0127
env0_second_0:                 episode reward: 8.4000,                 loss: 0.0126
env1_first_0:                 episode reward: -11.8000,                 loss: nan
env1_second_0:                 episode reward: 11.8000,                 loss: nan
Episode: 1621/10000 (16.2100%),                 avg. length: 1828.7,                last time consumption/overall running time: 337.0991s / 22711.8056 s
env0_first_0:                 episode reward: -10.9500,                 loss: 0.0115
env0_second_0:                 episode reward: 10.9500,                 loss: 0.0123
env1_first_0:                 episode reward: -8.3000,                 loss: nan
env1_second_0:                 episode reward: 8.3000,                 loss: nan
Episode: 1641/10000 (16.4100%),                 avg. length: 1688.9,                last time consumption/overall running time: 311.7241s / 23023.5297 s
env0_first_0:                 episode reward: -10.7500,                 loss: 0.0117
env0_second_0:                 episode reward: 10.7500,                 loss: 0.0121
env1_first_0:                 episode reward: -12.0500,                 loss: nan
env1_second_0:                 episode reward: 12.0500,                 loss: nan
Episode: 1661/10000 (16.6100%),                 avg. length: 1908.65,                last time consumption/overall running time: 349.3428s / 23372.8725 s
env0_first_0:                 episode reward: -8.9000,                 loss: 0.0120
env0_second_0:                 episode reward: 8.9000,                 loss: 0.0121
env1_first_0:                 episode reward: -9.9500,                 loss: nan
env1_second_0:                 episode reward: 9.9500,                 loss: nan
Episode: 1681/10000 (16.8100%),                 avg. length: 1820.75,                last time consumption/overall running time: 336.5821s / 23709.4545 s
env0_first_0:                 episode reward: -7.2500,                 loss: 0.0116
env0_second_0:                 episode reward: 7.2500,                 loss: 0.0121
env1_first_0:                 episode reward: -9.9000,                 loss: nan
env1_second_0:                 episode reward: 9.9000,                 loss: nan
Episode: 1701/10000 (17.0100%),                 avg. length: 1914.3,                last time consumption/overall running time: 352.7804s / 24062.2349 s
env0_first_0:                 episode reward: -8.7000,                 loss: 0.0111
env0_second_0:                 episode reward: 8.7000,                 loss: 0.0125
env1_first_0:                 episode reward: -5.3000,                 loss: nan
env1_second_0:                 episode reward: 5.3000,                 loss: nan
Episode: 1721/10000 (17.2100%),                 avg. length: 1923.1,                last time consumption/overall running time: 354.4806s / 24416.7155 s
env0_first_0:                 episode reward: -6.2000,                 loss: 0.0110
env0_second_0:                 episode reward: 6.2000,                 loss: 0.0120
env1_first_0:                 episode reward: -5.6000,                 loss: nan
env1_second_0:                 episode reward: 5.6000,                 loss: nan
Episode: 1741/10000 (17.4100%),                 avg. length: 1939.15,                last time consumption/overall running time: 355.3774s / 24772.0929 s
env0_first_0:                 episode reward: -10.1000,                 loss: 0.0108
env0_second_0:                 episode reward: 10.1000,                 loss: 0.0110
env1_first_0:                 episode reward: -7.5000,                 loss: nan
env1_second_0:                 episode reward: 7.5000,                 loss: nan
Episode: 1761/10000 (17.6100%),                 avg. length: 1751.25,                last time consumption/overall running time: 321.7654s / 25093.8583 s
env0_first_0:                 episode reward: -9.9500,                 loss: 0.0110
env0_second_0:                 episode reward: 9.9500,                 loss: 0.0125
env1_first_0:                 episode reward: -11.5000,                 loss: nan
env1_second_0:                 episode reward: 11.5000,                 loss: nan
Episode: 1781/10000 (17.8100%),                 avg. length: 1849.65,                last time consumption/overall running time: 341.8229s / 25435.6812 s
env0_first_0:                 episode reward: -9.5000,                 loss: 0.0111
env0_second_0:                 episode reward: 9.5000,                 loss: 0.0118
env1_first_0:                 episode reward: -8.6500,                 loss: nan
env1_second_0:                 episode reward: 8.6500,                 loss: nan
Episode: 1801/10000 (18.0100%),                 avg. length: 1833.85,                last time consumption/overall running time: 337.2722s / 25772.9534 s
env0_first_0:                 episode reward: -8.6500,                 loss: 0.0116
env0_second_0:                 episode reward: 8.6500,                 loss: 0.0117
env1_first_0:                 episode reward: -11.0000,                 loss: nan
env1_second_0:                 episode reward: 11.0000,                 loss: nan
Episode: 1821/10000 (18.2100%),                 avg. length: 1889.8,                last time consumption/overall running time: 347.5800s / 26120.5335 s
env0_first_0:                 episode reward: -8.8000,                 loss: 0.0128
env0_second_0:                 episode reward: 8.8000,                 loss: 0.0116
env1_first_0:                 episode reward: -8.1000,                 loss: nan
env1_second_0:                 episode reward: 8.1000,                 loss: nan
Episode: 1841/10000 (18.4100%),                 avg. length: 1940.0,                last time consumption/overall running time: 350.3053s / 26470.8388 s
env0_first_0:                 episode reward: -10.9500,                 loss: 0.0117
env0_second_0:                 episode reward: 10.9500,                 loss: 0.0112
env1_first_0:                 episode reward: -11.3500,                 loss: nan
env1_second_0:                 episode reward: 11.3500,                 loss: nan
Episode: 1861/10000 (18.6100%),                 avg. length: 1799.5,                last time consumption/overall running time: 332.8615s / 26803.7002 s
env0_first_0:                 episode reward: -11.1000,                 loss: 0.0116
env0_second_0:                 episode reward: 11.1000,                 loss: 0.0121
env1_first_0:                 episode reward: -10.2500,                 loss: nan
env1_second_0:                 episode reward: 10.2500,                 loss: nan
Episode: 1881/10000 (18.8100%),                 avg. length: 1846.75,                last time consumption/overall running time: 342.4182s / 27146.1184 s
env0_first_0:                 episode reward: -10.9000,                 loss: 0.0114
env0_second_0:                 episode reward: 10.9000,                 loss: 0.0117
env1_first_0:                 episode reward: -9.2000,                 loss: nan
env1_second_0:                 episode reward: 9.2000,                 loss: nan
Episode: 1901/10000 (19.0100%),                 avg. length: 2068.0,                last time consumption/overall running time: 381.4861s / 27527.6045 s
env0_first_0:                 episode reward: -8.9000,                 loss: 0.0111
env0_second_0:                 episode reward: 8.9000,                 loss: 0.0108
env1_first_0:                 episode reward: -6.6000,                 loss: nan
env1_second_0:                 episode reward: 6.6000,                 loss: nan
Episode: 1921/10000 (19.2100%),                 avg. length: 1777.05,                last time consumption/overall running time: 328.0276s / 27855.6322 s
env0_first_0:                 episode reward: -10.6500,                 loss: 0.0106
env0_second_0:                 episode reward: 10.6500,                 loss: 0.0120
env1_first_0:                 episode reward: -10.0000,                 loss: nan
env1_second_0:                 episode reward: 10.0000,                 loss: nan
Episode: 1941/10000 (19.4100%),                 avg. length: 1864.7,                last time consumption/overall running time: 344.7589s / 28200.3910 s
env0_first_0:                 episode reward: -7.3000,                 loss: 0.0106
env0_second_0:                 episode reward: 7.3000,                 loss: 0.0117
env1_first_0:                 episode reward: -9.8000,                 loss: nan
env1_second_0:                 episode reward: 9.8000,                 loss: nan
Episode: 1961/10000 (19.6100%),                 avg. length: 1894.15,                last time consumption/overall running time: 348.9703s / 28549.3614 s
env0_first_0:                 episode reward: -10.1000,                 loss: 0.0102
env0_second_0:                 episode reward: 10.1000,                 loss: 0.0126
env1_first_0:                 episode reward: -8.9000,                 loss: nan
env1_second_0:                 episode reward: 8.9000,                 loss: nan
Episode: 1981/10000 (19.8100%),                 avg. length: 1887.4,                last time consumption/overall running time: 347.4861s / 28896.8475 s
env0_first_0:                 episode reward: -9.1500,                 loss: 0.0107
env0_second_0:                 episode reward: 9.1500,                 loss: 0.0108
env1_first_0:                 episode reward: -9.9500,                 loss: nan
env1_second_0:                 episode reward: 9.9500,                 loss: nan
Episode: 2001/10000 (20.0100%),                 avg. length: 1966.45,                last time consumption/overall running time: 363.4606s / 29260.3081 s
env0_first_0:                 episode reward: -6.8000,                 loss: 0.0099
env0_second_0:                 episode reward: 6.8000,                 loss: 0.0122
env1_first_0:                 episode reward: -7.3000,                 loss: nan
env1_second_0:                 episode reward: 7.3000,                 loss: nan
Episode: 2021/10000 (20.2100%),                 avg. length: 1824.95,                last time consumption/overall running time: 337.2210s / 29597.5291 s
env0_first_0:                 episode reward: -9.7500,                 loss: 0.0098
env0_second_0:                 episode reward: 9.7500,                 loss: 0.0113
env1_first_0:                 episode reward: -10.0000,                 loss: nan
env1_second_0:                 episode reward: 10.0000,                 loss: nan
Episode: 2041/10000 (20.4100%),                 avg. length: 2054.85,                last time consumption/overall running time: 377.2198s / 29974.7488 s
env0_first_0:                 episode reward: -8.3500,                 loss: 0.0110
env0_second_0:                 episode reward: 8.3500,                 loss: 0.0115
env1_first_0:                 episode reward: -6.0500,                 loss: nan
env1_second_0:                 episode reward: 6.0500,                 loss: nan
Episode: 2061/10000 (20.6100%),                 avg. length: 2136.2,                last time consumption/overall running time: 394.1700s / 30368.9188 s
env0_first_0:                 episode reward: -6.6000,                 loss: 0.0118
env0_second_0:                 episode reward: 6.6000,                 loss: 0.0117
env1_first_0:                 episode reward: -6.1000,                 loss: nan
env1_second_0:                 episode reward: 6.1000,                 loss: nan
Episode: 2081/10000 (20.8100%),                 avg. length: 2044.5,                last time consumption/overall running time: 372.6956s / 30741.6143 s
env0_first_0:                 episode reward: -9.4000,                 loss: 0.0112
env0_second_0:                 episode reward: 9.4000,                 loss: 0.0120
env1_first_0:                 episode reward: -8.3500,                 loss: nan
env1_second_0:                 episode reward: 8.3500,                 loss: nan
Episode: 2101/10000 (21.0100%),                 avg. length: 1939.85,                last time consumption/overall running time: 355.7182s / 31097.3325 s
env0_first_0:                 episode reward: -10.8500,                 loss: 0.0116
env0_second_0:                 episode reward: 10.8500,                 loss: 0.0109
env1_first_0:                 episode reward: -7.2000,                 loss: nan
env1_second_0:                 episode reward: 7.2000,                 loss: nan
Episode: 2121/10000 (21.2100%),                 avg. length: 1997.65,                last time consumption/overall running time: 369.0455s / 31466.3780 s
env0_first_0:                 episode reward: -7.9000,                 loss: 0.0113
env0_second_0:                 episode reward: 7.9000,                 loss: 0.0116
env1_first_0:                 episode reward: -9.9500,                 loss: nan
env1_second_0:                 episode reward: 9.9500,                 loss: nan
Episode: 2141/10000 (21.4100%),                 avg. length: 1851.75,                last time consumption/overall running time: 340.9776s / 31807.3556 s
env0_first_0:                 episode reward: -10.4500,                 loss: 0.0116
env0_second_0:                 episode reward: 10.4500,                 loss: 0.0117
env1_first_0:                 episode reward: -8.9500,                 loss: nan
env1_second_0:                 episode reward: 8.9500,                 loss: nan
Episode: 2161/10000 (21.6100%),                 avg. length: 1945.4,                last time consumption/overall running time: 359.4269s / 32166.7825 s
env0_first_0:                 episode reward: -8.5000,                 loss: 0.0114
env0_second_0:                 episode reward: 8.5000,                 loss: 0.0115
env1_first_0:                 episode reward: -11.4500,                 loss: nan
env1_second_0:                 episode reward: 11.4500,                 loss: nan
Episode: 2181/10000 (21.8100%),                 avg. length: 1888.45,                last time consumption/overall running time: 349.7731s / 32516.5556 s
env0_first_0:                 episode reward: -10.9500,                 loss: 0.0118
env0_second_0:                 episode reward: 10.9500,                 loss: 0.0103
env1_first_0:                 episode reward: -9.0500,                 loss: nan
env1_second_0:                 episode reward: 9.0500,                 loss: nan
Episode: 2201/10000 (22.0100%),                 avg. length: 1937.5,                last time consumption/overall running time: 352.6385s / 32869.1941 s
env0_first_0:                 episode reward: -11.9000,                 loss: 0.0108
env0_second_0:                 episode reward: 11.9000,                 loss: 0.0109
env1_first_0:                 episode reward: -7.7000,                 loss: nan
env1_second_0:                 episode reward: 7.7000,                 loss: nan
Episode: 2221/10000 (22.2100%),                 avg. length: 2038.85,                last time consumption/overall running time: 368.4850s / 33237.6791 s
env0_first_0:                 episode reward: -9.9500,                 loss: 0.0110
env0_second_0:                 episode reward: 9.9500,                 loss: 0.0113
env1_first_0:                 episode reward: -7.0000,                 loss: nan
env1_second_0:                 episode reward: 7.0000,                 loss: nan
Episode: 2241/10000 (22.4100%),                 avg. length: 1952.55,                last time consumption/overall running time: 354.9311s / 33592.6102 s
env0_first_0:                 episode reward: -8.7000,                 loss: 0.0103
env0_second_0:                 episode reward: 8.7000,                 loss: 0.0106
env1_first_0:                 episode reward: -8.5500,                 loss: nan
env1_second_0:                 episode reward: 8.5500,                 loss: nan
Episode: 2261/10000 (22.6100%),                 avg. length: 1738.55,                last time consumption/overall running time: 310.9379s / 33903.5481 s
env0_first_0:                 episode reward: -9.5500,                 loss: 0.0096
env0_second_0:                 episode reward: 9.5500,                 loss: 0.0096
env1_first_0:                 episode reward: -9.2500,                 loss: nan
env1_second_0:                 episode reward: 9.2500,                 loss: nan
Episode: 2281/10000 (22.8100%),                 avg. length: 1915.1,                last time consumption/overall running time: 350.1741s / 34253.7222 s
env0_first_0:                 episode reward: -10.6000,                 loss: 0.0100
env0_second_0:                 episode reward: 10.6000,                 loss: 0.0103
env1_first_0:                 episode reward: -10.2500,                 loss: nan
env1_second_0:                 episode reward: 10.2500,                 loss: nan
Episode: 2301/10000 (23.0100%),                 avg. length: 1797.45,                last time consumption/overall running time: 327.2212s / 34580.9434 s
env0_first_0:                 episode reward: -9.3000,                 loss: 0.0094
env0_second_0:                 episode reward: 9.3000,                 loss: 0.0104
env1_first_0:                 episode reward: -7.5000,                 loss: nan
env1_second_0:                 episode reward: 7.5000,                 loss: nan
Episode: 2321/10000 (23.2100%),                 avg. length: 1981.2,                last time consumption/overall running time: 361.1796s / 34942.1230 s
env0_first_0:                 episode reward: -4.0000,                 loss: 0.0097
env0_second_0:                 episode reward: 4.0000,                 loss: 0.0103
env1_first_0:                 episode reward: -5.9500,                 loss: nan
env1_second_0:                 episode reward: 5.9500,                 loss: nan
Episode: 2341/10000 (23.4100%),                 avg. length: 1835.9,                last time consumption/overall running time: 332.2559s / 35274.3789 s
env0_first_0:                 episode reward: -11.9500,                 loss: 0.0104
env0_second_0:                 episode reward: 11.9500,                 loss: 0.0109
env1_first_0:                 episode reward: -5.7000,                 loss: nan
env1_second_0:                 episode reward: 5.7000,                 loss: nan
Episode: 2361/10000 (23.6100%),                 avg. length: 1980.35,                last time consumption/overall running time: 356.4839s / 35630.8628 s
env0_first_0:                 episode reward: -6.9000,                 loss: 0.0104
env0_second_0:                 episode reward: 6.9000,                 loss: 0.0101
env1_first_0:                 episode reward: -10.8000,                 loss: nan
env1_second_0:                 episode reward: 10.8000,                 loss: nan
Episode: 2381/10000 (23.8100%),                 avg. length: 1963.85,                last time consumption/overall running time: 353.8760s / 35984.7388 s
env0_first_0:                 episode reward: -6.8500,                 loss: 0.0110
env0_second_0:                 episode reward: 6.8500,                 loss: 0.0104
env1_first_0:                 episode reward: -11.5500,                 loss: nan
env1_second_0:                 episode reward: 11.5500,                 loss: nan
Episode: 2401/10000 (24.0100%),                 avg. length: 1957.85,                last time consumption/overall running time: 356.0130s / 36340.7518 s
env0_first_0:                 episode reward: -7.9000,                 loss: 0.0107
env0_second_0:                 episode reward: 7.9000,                 loss: 0.0111
env1_first_0:                 episode reward: -9.3500,                 loss: nan
env1_second_0:                 episode reward: 9.3500,                 loss: nan
Episode: 2421/10000 (24.2100%),                 avg. length: 1937.15,                last time consumption/overall running time: 353.8737s / 36694.6255 s
env0_first_0:                 episode reward: -10.0500,                 loss: 0.0105
env0_second_0:                 episode reward: 10.0500,                 loss: 0.0105
env1_first_0:                 episode reward: -8.9000,                 loss: nan
env1_second_0:                 episode reward: 8.9000,                 loss: nan
Episode: 2441/10000 (24.4100%),                 avg. length: 1915.8,                last time consumption/overall running time: 355.1406s / 37049.7661 s
env0_first_0:                 episode reward: -3.5500,                 loss: 0.0108
env0_second_0:                 episode reward: 3.5500,                 loss: 0.0114
env1_first_0:                 episode reward: -6.0500,                 loss: nan
env1_second_0:                 episode reward: 6.0500,                 loss: nan
Episode: 2461/10000 (24.6100%),                 avg. length: 2073.2,                last time consumption/overall running time: 379.7151s / 37429.4812 s
env0_first_0:                 episode reward: -7.1000,                 loss: 0.0110
env0_second_0:                 episode reward: 7.1000,                 loss: 0.0096
env1_first_0:                 episode reward: -8.5000,                 loss: nan
env1_second_0:                 episode reward: 8.5000,                 loss: nan
Episode: 2481/10000 (24.8100%),                 avg. length: 2099.25,                last time consumption/overall running time: 382.8027s / 37812.2840 s
env0_first_0:                 episode reward: -8.5500,                 loss: 0.0098
env0_second_0:                 episode reward: 8.5500,                 loss: 0.0106
env1_first_0:                 episode reward: -7.5500,                 loss: nan
env1_second_0:                 episode reward: 7.5500,                 loss: nan
Episode: 2501/10000 (25.0100%),                 avg. length: 1989.8,                last time consumption/overall running time: 362.2152s / 38174.4992 s
env0_first_0:                 episode reward: -7.9000,                 loss: 0.0089
env0_second_0:                 episode reward: 7.9000,                 loss: 0.0100
env1_first_0:                 episode reward: -10.3000,                 loss: nan
env1_second_0:                 episode reward: 10.3000,                 loss: nan
Episode: 2521/10000 (25.2100%),                 avg. length: 1864.0,                last time consumption/overall running time: 341.4044s / 38515.9035 s
env0_first_0:                 episode reward: -8.9500,                 loss: 0.0095
env0_second_0:                 episode reward: 8.9500,                 loss: 0.0087
env1_first_0:                 episode reward: -10.3500,                 loss: nan
env1_second_0:                 episode reward: 10.3500,                 loss: nan
Episode: 2541/10000 (25.4100%),                 avg. length: 1907.25,                last time consumption/overall running time: 345.7321s / 38861.6356 s
env0_first_0:                 episode reward: -10.4000,                 loss: 0.0091
env0_second_0:                 episode reward: 10.4000,                 loss: 0.0102
env1_first_0:                 episode reward: -7.6500,                 loss: nan
env1_second_0:                 episode reward: 7.6500,                 loss: nan
Episode: 2561/10000 (25.6100%),                 avg. length: 1988.15,                last time consumption/overall running time: 360.2013s / 39221.8369 s
env0_first_0:                 episode reward: -10.0000,                 loss: 0.0097
env0_second_0:                 episode reward: 10.0000,                 loss: 0.0116
env1_first_0:                 episode reward: -8.3500,                 loss: nan
env1_second_0:                 episode reward: 8.3500,                 loss: nan
Episode: 2581/10000 (25.8100%),                 avg. length: 1916.65,                last time consumption/overall running time: 348.2592s / 39570.0961 s
env0_first_0:                 episode reward: -8.4500,                 loss: 0.0096
env0_second_0:                 episode reward: 8.4500,                 loss: 0.0112
env1_first_0:                 episode reward: -11.9500,                 loss: nan
env1_second_0:                 episode reward: 11.9500,                 loss: nan
Episode: 2601/10000 (26.0100%),                 avg. length: 1849.65,                last time consumption/overall running time: 335.8322s / 39905.9283 s
env0_first_0:                 episode reward: -10.9500,                 loss: 0.0098
env0_second_0:                 episode reward: 10.9500,                 loss: 0.0101
env1_first_0:                 episode reward: -9.5500,                 loss: nan
env1_second_0:                 episode reward: 9.5500,                 loss: nan
Episode: 2621/10000 (26.2100%),                 avg. length: 2143.6,                last time consumption/overall running time: 388.8936s / 40294.8220 s
env0_first_0:                 episode reward: -5.8500,                 loss: 0.0113
env0_second_0:                 episode reward: 5.8500,                 loss: 0.0096
env1_first_0:                 episode reward: -5.6000,                 loss: nan
env1_second_0:                 episode reward: 5.6000,                 loss: nan
Episode: 2641/10000 (26.4100%),                 avg. length: 1887.15,                last time consumption/overall running time: 340.5167s / 40635.3387 s
env0_first_0:                 episode reward: -9.8500,                 loss: 0.0112
env0_second_0:                 episode reward: 9.8500,                 loss: 0.0096
env1_first_0:                 episode reward: -9.2500,                 loss: nan
env1_second_0:                 episode reward: 9.2500,                 loss: nan
Episode: 2661/10000 (26.6100%),                 avg. length: 1973.05,                last time consumption/overall running time: 358.4478s / 40993.7865 s
env0_first_0:                 episode reward: -7.7500,                 loss: 0.0111
env0_second_0:                 episode reward: 7.7500,                 loss: 0.0093
env1_first_0:                 episode reward: -9.6000,                 loss: nan
env1_second_0:                 episode reward: 9.6000,                 loss: nan
Episode: 2681/10000 (26.8100%),                 avg. length: 1787.6,                last time consumption/overall running time: 317.1899s / 41310.9764 s
env0_first_0:                 episode reward: -10.4000,                 loss: 0.0104
env0_second_0:                 episode reward: 10.4000,                 loss: 0.0093
env1_first_0:                 episode reward: -11.9500,                 loss: nan
env1_second_0:                 episode reward: 11.9500,                 loss: nan
Episode: 2701/10000 (27.0100%),                 avg. length: 1916.55,                last time consumption/overall running time: 349.5651s / 41660.5416 s
env0_first_0:                 episode reward: -7.7000,                 loss: 0.0106
env0_second_0:                 episode reward: 7.7000,                 loss: 0.0094
env1_first_0:                 episode reward: -9.6500,                 loss: nan
env1_second_0:                 episode reward: 9.6500,                 loss: nan
Episode: 2721/10000 (27.2100%),                 avg. length: 1993.75,                last time consumption/overall running time: 365.4847s / 42026.0262 s
env0_first_0:                 episode reward: -5.1000,                 loss: 0.0112
env0_second_0:                 episode reward: 5.1000,                 loss: 0.0095
env1_first_0:                 episode reward: -10.0000,                 loss: nan
env1_second_0:                 episode reward: 10.0000,                 loss: nan
Episode: 2741/10000 (27.4100%),                 avg. length: 1974.85,                last time consumption/overall running time: 357.9181s / 42383.9444 s
env0_first_0:                 episode reward: -9.3500,                 loss: 0.0105
env0_second_0:                 episode reward: 9.3500,                 loss: 0.0085
env1_first_0:                 episode reward: -8.4000,                 loss: nan
env1_second_0:                 episode reward: 8.4000,                 loss: nan
Episode: 2761/10000 (27.6100%),                 avg. length: 2029.15,                last time consumption/overall running time: 366.9920s / 42750.9364 s
env0_first_0:                 episode reward: -8.7500,                 loss: 0.0102
env0_second_0:                 episode reward: 8.7500,                 loss: 0.0089
env1_first_0:                 episode reward: -6.7000,                 loss: nan
env1_second_0:                 episode reward: 6.7000,                 loss: nan
Episode: 2781/10000 (27.8100%),                 avg. length: 1958.75,                last time consumption/overall running time: 354.5376s / 43105.4740 s
env0_first_0:                 episode reward: -7.6500,                 loss: 0.0101
env0_second_0:                 episode reward: 7.6500,                 loss: 0.0093
env1_first_0:                 episode reward: -8.0500,                 loss: nan
env1_second_0:                 episode reward: 8.0500,                 loss: nan
Episode: 2801/10000 (28.0100%),                 avg. length: 2048.3,                last time consumption/overall running time: 375.6086s / 43481.0826 s
env0_first_0:                 episode reward: -6.7500,                 loss: 0.0109
env0_second_0:                 episode reward: 6.7500,                 loss: 0.0100
env1_first_0:                 episode reward: -7.8500,                 loss: nan
env1_second_0:                 episode reward: 7.8500,                 loss: nan
Episode: 2821/10000 (28.2100%),                 avg. length: 1960.15,                last time consumption/overall running time: 357.0282s / 43838.1108 s
env0_first_0:                 episode reward: -6.0000,                 loss: 0.0111
env0_second_0:                 episode reward: 6.0000,                 loss: 0.0097
env1_first_0:                 episode reward: -8.7000,                 loss: nan
env1_second_0:                 episode reward: 8.7000,                 loss: nan
Episode: 2841/10000 (28.4100%),                 avg. length: 2084.7,                last time consumption/overall running time: 374.7449s / 44212.8557 s
env0_first_0:                 episode reward: -9.0000,                 loss: 0.0115
env0_second_0:                 episode reward: 9.0000,                 loss: 0.0109
env1_first_0:                 episode reward: -9.3500,                 loss: nan
env1_second_0:                 episode reward: 9.3500,                 loss: nan
Episode: 2861/10000 (28.6100%),                 avg. length: 2006.85,                last time consumption/overall running time: 366.7523s / 44579.6080 s
env0_first_0:                 episode reward: -4.5000,                 loss: 0.0109
env0_second_0:                 episode reward: 4.5000,                 loss: 0.0095
env1_first_0:                 episode reward: -10.0000,                 loss: nan
env1_second_0:                 episode reward: 10.0000,                 loss: nan
Episode: 2881/10000 (28.8100%),                 avg. length: 1891.9,                last time consumption/overall running time: 347.2211s / 44926.8291 s
env0_first_0:                 episode reward: -12.9500,                 loss: 0.0105
env0_second_0:                 episode reward: 12.9500,                 loss: 0.0093
env1_first_0:                 episode reward: -10.7500,                 loss: nan
env1_second_0:                 episode reward: 10.7500,                 loss: nan
Episode: 2901/10000 (29.0100%),                 avg. length: 1945.75,                last time consumption/overall running time: 351.8892s / 45278.7183 s
env0_first_0:                 episode reward: -10.0500,                 loss: 0.0103
env0_second_0:                 episode reward: 10.0500,                 loss: 0.0090
env1_first_0:                 episode reward: -7.9000,                 loss: nan
env1_second_0:                 episode reward: 7.9000,                 loss: nan
Episode: 2921/10000 (29.2100%),                 avg. length: 1809.15,                last time consumption/overall running time: 328.3598s / 45607.0781 s
env0_first_0:                 episode reward: -10.8500,                 loss: 0.0114
env0_second_0:                 episode reward: 10.8500,                 loss: 0.0087
env1_first_0:                 episode reward: -10.5500,                 loss: nan
env1_second_0:                 episode reward: 10.5500,                 loss: nan
Episode: 2941/10000 (29.4100%),                 avg. length: 1880.3,                last time consumption/overall running time: 338.6077s / 45945.6858 s
env0_first_0:                 episode reward: -10.8500,                 loss: 0.0110
env0_second_0:                 episode reward: 10.8500,                 loss: 0.0085
env1_first_0:                 episode reward: -11.7500,                 loss: nan
env1_second_0:                 episode reward: 11.7500,                 loss: nan
Episode: 2961/10000 (29.6100%),                 avg. length: 1999.05,                last time consumption/overall running time: 363.4268s / 46309.1126 s
env0_first_0:                 episode reward: -8.0000,                 loss: 0.0107
env0_second_0:                 episode reward: 8.0000,                 loss: 0.0094
env1_first_0:                 episode reward: -8.2000,                 loss: nan
env1_second_0:                 episode reward: 8.2000,                 loss: nan
Episode: 2981/10000 (29.8100%),                 avg. length: 2062.9,                last time consumption/overall running time: 373.3481s / 46682.4607 s
env0_first_0:                 episode reward: -3.6000,                 loss: 0.0105
env0_second_0:                 episode reward: 3.6000,                 loss: 0.0097
env1_first_0:                 episode reward: -6.9500,                 loss: nan
env1_second_0:                 episode reward: 6.9500,                 loss: nan
Episode: 3001/10000 (30.0100%),                 avg. length: 2073.0,                last time consumption/overall running time: 376.9046s / 47059.3653 s
env0_first_0:                 episode reward: -9.0500,                 loss: 0.0098
env0_second_0:                 episode reward: 9.0500,                 loss: 0.0105
env1_first_0:                 episode reward: -9.3500,                 loss: nan
env1_second_0:                 episode reward: 9.3500,                 loss: nan
Episode: 3021/10000 (30.2100%),                 avg. length: 1946.65,                last time consumption/overall running time: 355.2693s / 47414.6346 s
env0_first_0:                 episode reward: -11.2000,                 loss: 0.0094
env0_second_0:                 episode reward: 11.2000,                 loss: 0.0098
env1_first_0:                 episode reward: -10.9500,                 loss: nan
env1_second_0:                 episode reward: 10.9500,                 loss: nan
Episode: 3041/10000 (30.4100%),                 avg. length: 1668.05,                last time consumption/overall running time: 306.3432s / 47720.9778 s
env0_first_0:                 episode reward: -12.9500,                 loss: 0.0091
env0_second_0:                 episode reward: 12.9500,                 loss: 0.0102
env1_first_0:                 episode reward: -12.3000,                 loss: nan
env1_second_0:                 episode reward: 12.3000,                 loss: nan
Episode: 3061/10000 (30.6100%),                 avg. length: 1573.7,                last time consumption/overall running time: 289.4146s / 48010.3923 s
env0_first_0:                 episode reward: -14.2000,                 loss: 0.0077
env0_second_0:                 episode reward: 14.2000,                 loss: 0.0097
env1_first_0:                 episode reward: -11.5500,                 loss: nan
env1_second_0:                 episode reward: 11.5500,                 loss: nan
Episode: 3081/10000 (30.8100%),                 avg. length: 1757.85,                last time consumption/overall running time: 321.0555s / 48331.4479 s
env0_first_0:                 episode reward: -11.9500,                 loss: 0.0088
env0_second_0:                 episode reward: 11.9500,                 loss: 0.0094
env1_first_0:                 episode reward: -12.1000,                 loss: nan
env1_second_0:                 episode reward: 12.1000,                 loss: nan
Episode: 3101/10000 (31.0100%),                 avg. length: 2130.95,                last time consumption/overall running time: 388.7321s / 48720.1800 s
env0_first_0:                 episode reward: -5.1000,                 loss: 0.0095
env0_second_0:                 episode reward: 5.1000,                 loss: 0.0094
env1_first_0:                 episode reward: -9.2500,                 loss: nan
env1_second_0:                 episode reward: 9.2500,                 loss: nan
Episode: 3121/10000 (31.2100%),                 avg. length: 2030.1,                last time consumption/overall running time: 368.7063s / 49088.8864 s
env0_first_0:                 episode reward: -6.7500,                 loss: 0.0092
env0_second_0:                 episode reward: 6.7500,                 loss: 0.0098
env1_first_0:                 episode reward: -8.7500,                 loss: nan
env1_second_0:                 episode reward: 8.7500,                 loss: nan
Episode: 3141/10000 (31.4100%),                 avg. length: 1909.15,                last time consumption/overall running time: 349.8233s / 49438.7096 s
env0_first_0:                 episode reward: -9.0000,                 loss: 0.0095
env0_second_0:                 episode reward: 9.0000,                 loss: 0.0110
env1_first_0:                 episode reward: -11.2000,                 loss: nan
env1_second_0:                 episode reward: 11.2000,                 loss: nan
Episode: 3161/10000 (31.6100%),                 avg. length: 2101.7,                last time consumption/overall running time: 382.2052s / 49820.9148 s
env0_first_0:                 episode reward: -7.9000,                 loss: 0.0109
env0_second_0:                 episode reward: 7.9000,                 loss: 0.0103
env1_first_0:                 episode reward: -7.7000,                 loss: nan
env1_second_0:                 episode reward: 7.7000,                 loss: nan
Episode: 3181/10000 (31.8100%),                 avg. length: 2014.9,                last time consumption/overall running time: 371.0517s / 50191.9665 s
env0_first_0:                 episode reward: -7.6000,                 loss: 0.0115
env0_second_0:                 episode reward: 7.6000,                 loss: 0.0111
env1_first_0:                 episode reward: -7.3500,                 loss: nan
env1_second_0:                 episode reward: 7.3500,                 loss: nan
Episode: 3201/10000 (32.0100%),                 avg. length: 1890.5,                last time consumption/overall running time: 339.6981s / 50531.6646 s
env0_first_0:                 episode reward: -7.5500,                 loss: 0.0115
env0_second_0:                 episode reward: 7.5500,                 loss: 0.0107
env1_first_0:                 episode reward: -13.4000,                 loss: nan
env1_second_0:                 episode reward: 13.4000,                 loss: nan
Episode: 3221/10000 (32.2100%),                 avg. length: 2209.9,                last time consumption/overall running time: 401.8065s / 50933.4711 s
env0_first_0:                 episode reward: -3.5500,                 loss: 0.0118
env0_second_0:                 episode reward: 3.5500,                 loss: 0.0105
env1_first_0:                 episode reward: -3.6000,                 loss: nan
env1_second_0:                 episode reward: 3.6000,                 loss: nan
Episode: 3241/10000 (32.4100%),                 avg. length: 2069.05,                last time consumption/overall running time: 381.3887s / 51314.8598 s
env0_first_0:                 episode reward: -9.0000,                 loss: 0.0095
env0_second_0:                 episode reward: 9.0000,                 loss: 0.0101
env1_first_0:                 episode reward: -8.6000,                 loss: nan
env1_second_0:                 episode reward: 8.6000,                 loss: nan
Episode: 3261/10000 (32.6100%),                 avg. length: 1898.4,                last time consumption/overall running time: 349.0015s / 51663.8613 s
env0_first_0:                 episode reward: -11.0500,                 loss: 0.0101
env0_second_0:                 episode reward: 11.0500,                 loss: 0.0091
env1_first_0:                 episode reward: -10.8500,                 loss: nan
env1_second_0:                 episode reward: 10.8500,                 loss: nan
Episode: 3281/10000 (32.8100%),                 avg. length: 2049.5,                last time consumption/overall running time: 376.3467s / 52040.2080 s
env0_first_0:                 episode reward: -9.3000,                 loss: 0.0106
env0_second_0:                 episode reward: 9.3000,                 loss: 0.0098
env1_first_0:                 episode reward: -10.7000,                 loss: nan
env1_second_0:                 episode reward: 10.7000,                 loss: nan
Episode: 3301/10000 (33.0100%),                 avg. length: 1901.1,                last time consumption/overall running time: 348.4286s / 52388.6366 s
env0_first_0:                 episode reward: -11.5000,                 loss: 0.0101
env0_second_0:                 episode reward: 11.5000,                 loss: 0.0098
env1_first_0:                 episode reward: -7.9000,                 loss: nan
env1_second_0:                 episode reward: 7.9000,                 loss: nan
Episode: 3321/10000 (33.2100%),                 avg. length: 1945.15,                last time consumption/overall running time: 356.5185s / 52745.1551 s
env0_first_0:                 episode reward: -4.3000,                 loss: 0.0104
env0_second_0:                 episode reward: 4.3000,                 loss: 0.0096
env1_first_0:                 episode reward: -3.7500,                 loss: nan
env1_second_0:                 episode reward: 3.7500,                 loss: nan
Episode: 3341/10000 (33.4100%),                 avg. length: 2037.4,                last time consumption/overall running time: 371.3897s / 53116.5448 s
env0_first_0:                 episode reward: -8.3500,                 loss: 0.0106
env0_second_0:                 episode reward: 8.3500,                 loss: 0.0098
env1_first_0:                 episode reward: -8.1500,                 loss: nan
env1_second_0:                 episode reward: 8.1500,                 loss: nan
Episode: 3361/10000 (33.6100%),                 avg. length: 2041.95,                last time consumption/overall running time: 371.3368s / 53487.8817 s
env0_first_0:                 episode reward: -10.6500,                 loss: 0.0105
env0_second_0:                 episode reward: 10.6500,                 loss: 0.0098
env1_first_0:                 episode reward: -12.3000,                 loss: nan
env1_second_0:                 episode reward: 12.3000,                 loss: nan
Episode: 3381/10000 (33.8100%),                 avg. length: 1938.6,                last time consumption/overall running time: 355.2309s / 53843.1126 s
env0_first_0:                 episode reward: -11.3000,                 loss: 0.0105
env0_second_0:                 episode reward: 11.3000,                 loss: 0.0097
env1_first_0:                 episode reward: -10.5500,                 loss: nan
env1_second_0:                 episode reward: 10.5500,                 loss: nan
Episode: 3401/10000 (34.0100%),                 avg. length: 1650.4,                last time consumption/overall running time: 300.2520s / 54143.3646 s
env0_first_0:                 episode reward: 6.2500,                 loss: 0.0119
env0_second_0:                 episode reward: -6.2500,                 loss: 0.0093
env1_first_0:                 episode reward: 2.9500,                 loss: nan
env1_second_0:                 episode reward: -2.9500,                 loss: nan
Episode: 3421/10000 (34.2100%),                 avg. length: 1989.1,                last time consumption/overall running time: 363.3476s / 54506.7121 s
env0_first_0:                 episode reward: -8.5000,                 loss: 0.0096
env0_second_0:                 episode reward: 8.5000,                 loss: 0.0089
env1_first_0:                 episode reward: -8.1000,                 loss: nan
env1_second_0:                 episode reward: 8.1000,                 loss: nan
Episode: 3441/10000 (34.4100%),                 avg. length: 1850.1,                last time consumption/overall running time: 337.2102s / 54843.9224 s
env0_first_0:                 episode reward: -12.5500,                 loss: 0.0096
env0_second_0:                 episode reward: 12.5500,                 loss: 0.0091
env1_first_0:                 episode reward: -10.8000,                 loss: nan
env1_second_0:                 episode reward: 10.8000,                 loss: nan
Episode: 3461/10000 (34.6100%),                 avg. length: 1920.8,                last time consumption/overall running time: 351.1359s / 55195.0583 s
env0_first_0:                 episode reward: -9.5500,                 loss: 0.0092
env0_second_0:                 episode reward: 9.5500,                 loss: 0.0096
env1_first_0:                 episode reward: -9.3500,                 loss: nan
env1_second_0:                 episode reward: 9.3500,                 loss: nan
Episode: 3481/10000 (34.8100%),                 avg. length: 1815.9,                last time consumption/overall running time: 327.6458s / 55522.7041 s
env0_first_0:                 episode reward: -10.5000,                 loss: 0.0094
env0_second_0:                 episode reward: 10.5000,                 loss: 0.0103
env1_first_0:                 episode reward: -12.3500,                 loss: nan
env1_second_0:                 episode reward: 12.3500,                 loss: nan
Episode: 3501/10000 (35.0100%),                 avg. length: 1856.5,                last time consumption/overall running time: 338.2969s / 55861.0009 s
env0_first_0:                 episode reward: -10.4500,                 loss: 0.0093
env0_second_0:                 episode reward: 10.4500,                 loss: 0.0100
env1_first_0:                 episode reward: -11.9000,                 loss: nan
env1_second_0:                 episode reward: 11.9000,                 loss: nan
Episode: 3521/10000 (35.2100%),                 avg. length: 2047.65,                last time consumption/overall running time: 380.5822s / 56241.5831 s
env0_first_0:                 episode reward: -3.7500,                 loss: 0.0092
env0_second_0:                 episode reward: 3.7500,                 loss: 0.0099
env1_first_0:                 episode reward: -2.5000,                 loss: nan
env1_second_0:                 episode reward: 2.5000,                 loss: nan
Episode: 3541/10000 (35.4100%),                 avg. length: 1828.1,                last time consumption/overall running time: 334.9632s / 56576.5463 s
env0_first_0:                 episode reward: -13.1000,                 loss: 0.0094
env0_second_0:                 episode reward: 13.1000,                 loss: 0.0106
env1_first_0:                 episode reward: -9.2000,                 loss: nan
env1_second_0:                 episode reward: 9.2000,                 loss: nan
Episode: 3561/10000 (35.6100%),                 avg. length: 1901.9,                last time consumption/overall running time: 349.1145s / 56925.6608 s
env0_first_0:                 episode reward: -12.4000,                 loss: 0.0089
env0_second_0:                 episode reward: 12.4000,                 loss: 0.0100
env1_first_0:                 episode reward: -11.5000,                 loss: nan
env1_second_0:                 episode reward: 11.5000,                 loss: nan
Episode: 3581/10000 (35.8100%),                 avg. length: 1809.35,                last time consumption/overall running time: 326.5172s / 57252.1780 s
env0_first_0:                 episode reward: -10.5500,                 loss: 0.0089
env0_second_0:                 episode reward: 10.5500,                 loss: 0.0092
env1_first_0:                 episode reward: -12.4500,                 loss: nan
env1_second_0:                 episode reward: 12.4500,                 loss: nan
Episode: 3601/10000 (36.0100%),                 avg. length: 1891.9,                last time consumption/overall running time: 342.9041s / 57595.0821 s
env0_first_0:                 episode reward: -10.6000,                 loss: 0.0088
env0_second_0:                 episode reward: 10.6000,                 loss: 0.0094
env1_first_0:                 episode reward: -10.6000,                 loss: nan
env1_second_0:                 episode reward: 10.6000,                 loss: nan
Episode: 3621/10000 (36.2100%),                 avg. length: 1831.25,                last time consumption/overall running time: 331.0870s / 57926.1692 s
env0_first_0:                 episode reward: -12.6000,                 loss: 0.0092
env0_second_0:                 episode reward: 12.6000,                 loss: 0.0103
env1_first_0:                 episode reward: -11.1500,                 loss: nan
env1_second_0:                 episode reward: 11.1500,                 loss: nan
Episode: 3641/10000 (36.4100%),                 avg. length: 1863.9,                last time consumption/overall running time: 336.8038s / 58262.9730 s
env0_first_0:                 episode reward: -11.4000,                 loss: 0.0090
env0_second_0:                 episode reward: 11.4000,                 loss: 0.0089
env1_first_0:                 episode reward: -12.0500,                 loss: nan