pygame 2.0.1 (SDL 2.0.14, Python 3.7.0)
Hello from the pygame community. https://www.pygame.org/contribute.html
tennis_v2 pettingzoo
/home/zihan/anaconda3/envs/x/lib/python3.7/site-packages/ecos/ecos.py:26: UserWarning: Converting G to a CSC matrix; may take a while.
  warn("Converting G to a CSC matrix; may take a while.")
/home/zihan/anaconda3/envs/x/lib/python3.7/site-packages/ecos/ecos.py:29: UserWarning: Converting A to a CSC matrix; may take a while.
  warn("Converting A to a CSC matrix; may take a while.")
random seed: [8, 98]
<SubprocVectorEnv instance>
No agent are not learnable.
Arguments:  {'env_name': 'tennis_v2', 'env_type': 'pettingzoo', 'num_envs': 2, 'ram': True, 'seed': 'random', 'algorithm': 'NashPPO', 'algorithm_spec': {'episodic_update': True, 'dueling': False, 'replay_buffer_size': '1e5', 'gamma': 0.99, 'multi_step': 1, 'target_update_interval': 1000, 'eps_start': 1.0, 'eps_final': 0.01, 'eps_decay': 30000, 'lambda': 0.95, 'eps_clip': 0.2, 'K_epoch': 4, 'GAE': True}, 'batch_size': 128, 'max_episodes': 10000, 'max_steps_per_episode': 10000, 'train_start_frame': 0, 'optimizer': 'adam', 'learning_rate': '1e-4', 'device': 'gpu', 'update_itr': 1, 'log_avg_window': 20, 'log_interval': 20, 'render': False, 'test': False, 'exploit': False, 'load_model_idx': False, 'load_model_full_path': False, 'multiprocess': False, 'eval_models': False, 'save_path': '', 'save_interval': 2000, 'net_architecture': {'hidden_dim_list': [64, 64, 64], 'hidden_activation': 'ReLU', 'output_activation': False, 'policy': {'hidden_dim_list': [128, 128, 128, 128], 'hidden_activation': 'ReLU', 'output_activation': 'Softmax'}, 'value': {'hidden_dim_list': [128, 128, 128, 128], 'hidden_activation': 'ReLU', 'output_activation': False}}, 'marl_method': 'nash_ppo', 'marl_spec': {'min_update_interval': 20, 'score_avg_window': 10, 'global_state': True}}
Save models to : /home/zihan/research/MARS/data/model/20220115_0159/pettingzoo_tennis_v2_nash_ppo. 
 Save logs to: /home/zihan/research/MARS/data/log/20220115_0159/pettingzoo_tennis_v2_nash_ppo.
Episode: 1/10000 (0.0100%),                 avg. length: 9999.0,                last time consumption/overall running time: 78.7437s / 78.7437 s
env0_first_0:                 episode reward: -3.0000,                 loss: -0.0154
env0_second_0:                 episode reward: 3.0000,                 loss: -0.0178
env1_first_0:                 episode reward: 6.0000,                 loss: nan
env1_second_0:                 episode reward: -6.0000,                 loss: nan
Episode: 21/10000 (0.2100%),                 avg. length: 9585.8,                last time consumption/overall running time: 1471.9687s / 1550.7124 s
env0_first_0:                 episode reward: 2.8500,                 loss: -0.0437
env0_second_0:                 episode reward: -2.8500,                 loss: -0.0471
env1_first_0:                 episode reward: -2.2000,                 loss: nan
env1_second_0:                 episode reward: 2.2000,                 loss: nan
Episode: 41/10000 (0.4100%),                 avg. length: 9309.65,                last time consumption/overall running time: 1423.6434s / 2974.3558 s
env0_first_0:                 episode reward: 3.5500,                 loss: -0.0596
env0_second_0:                 episode reward: -3.5500,                 loss: -0.0576
env1_first_0:                 episode reward: 0.1000,                 loss: nan
env1_second_0:                 episode reward: -0.1000,                 loss: nan
Episode: 61/10000 (0.6100%),                 avg. length: 9999.0,                last time consumption/overall running time: 1530.9088s / 4505.2646 s
env0_first_0:                 episode reward: 4.1000,                 loss: -0.0714
env0_second_0:                 episode reward: -4.1000,                 loss: -0.0721
env1_first_0:                 episode reward: 3.9000,                 loss: nan
env1_second_0:                 episode reward: -3.9000,                 loss: nan
Episode: 81/10000 (0.8100%),                 avg. length: 9634.2,                last time consumption/overall running time: 1466.3494s / 5971.6140 s
env0_first_0:                 episode reward: -1.2500,                 loss: -0.0782
env0_second_0:                 episode reward: 1.2500,                 loss: -0.0667
env1_first_0:                 episode reward: 1.1000,                 loss: nan
env1_second_0:                 episode reward: -1.1000,                 loss: nan
Episode: 101/10000 (1.0100%),                 avg. length: 9999.0,                last time consumption/overall running time: 1533.1083s / 7504.7223 s
env0_first_0:                 episode reward: 3.0000,                 loss: -0.0834
env0_second_0:                 episode reward: -3.0000,                 loss: -0.0784
env1_first_0:                 episode reward: 0.8000,                 loss: nan
env1_second_0:                 episode reward: -0.8000,                 loss: nan
Episode: 121/10000 (1.2100%),                 avg. length: 9593.2,                last time consumption/overall running time: 1480.9546s / 8985.6769 s
env0_first_0:                 episode reward: 3.5500,                 loss: -0.0984
env0_second_0:                 episode reward: -3.5500,                 loss: -0.0915
env1_first_0:                 episode reward: 1.5000,                 loss: nan
env1_second_0:                 episode reward: -1.5000,                 loss: nan
Episode: 141/10000 (1.4100%),                 avg. length: 9809.6,                last time consumption/overall running time: 1503.9142s / 10489.5911 s
env0_first_0:                 episode reward: 0.2500,                 loss: -0.0841
env0_second_0:                 episode reward: -0.2500,                 loss: -0.0785
env1_first_0:                 episode reward: 1.3500,                 loss: nan
env1_second_0:                 episode reward: -1.3500,                 loss: nan
Episode: 161/10000 (1.6100%),                 avg. length: 9999.0,                last time consumption/overall running time: 1535.6441s / 12025.2352 s
env0_first_0:                 episode reward: -2.2000,                 loss: -0.0968
env0_second_0:                 episode reward: 2.2000,                 loss: -0.0959
env1_first_0:                 episode reward: 4.2000,                 loss: nan
env1_second_0:                 episode reward: -4.2000,                 loss: nan
Episode: 181/10000 (1.8100%),                 avg. length: 9411.75,                last time consumption/overall running time: 1436.2237s / 13461.4589 s
env0_first_0:                 episode reward: 5.0500,                 loss: -0.1028
env0_second_0:                 episode reward: -5.0500,                 loss: -0.1052
env1_first_0:                 episode reward: 0.8500,                 loss: nan
env1_second_0:                 episode reward: -0.8500,                 loss: nan
Episode: 201/10000 (2.0100%),                 avg. length: 9024.8,                last time consumption/overall running time: 1384.2291s / 14845.6880 s
env0_first_0:                 episode reward: 0.5500,                 loss: -0.1064
env0_second_0:                 episode reward: -0.5500,                 loss: -0.1151
env1_first_0:                 episode reward: -2.6000,                 loss: nan
env1_second_0:                 episode reward: 2.6000,                 loss: nan
Episode: 221/10000 (2.2100%),                 avg. length: 9662.85,                last time consumption/overall running time: 1477.6466s / 16323.3346 s
env0_first_0:                 episode reward: 1.3500,                 loss: -0.1249
env0_second_0:                 episode reward: -1.3500,                 loss: -0.1316
env1_first_0:                 episode reward: 2.9500,                 loss: nan
env1_second_0:                 episode reward: -2.9500,                 loss: nan
Episode: 241/10000 (2.4100%),                 avg. length: 8708.75,                last time consumption/overall running time: 1325.2688s / 17648.6034 s
env0_first_0:                 episode reward: -0.6500,                 loss: -0.1338
env0_second_0:                 episode reward: 0.6500,                 loss: -0.1444
env1_first_0:                 episode reward: 1.3000,                 loss: nan
env1_second_0:                 episode reward: -1.3000,                 loss: nan
Episode: 261/10000 (2.6100%),                 avg. length: 9635.25,                last time consumption/overall running time: 1484.5864s / 19133.1898 s
env0_first_0:                 episode reward: 3.7500,                 loss: -0.1457
env0_second_0:                 episode reward: -3.7500,                 loss: -0.1595
env1_first_0:                 episode reward: 2.6500,                 loss: nan
env1_second_0:                 episode reward: -2.6500,                 loss: nan
Episode: 281/10000 (2.8100%),                 avg. length: 8725.05,                last time consumption/overall running time: 1338.7028s / 20471.8926 s
env0_first_0:                 episode reward: 1.6000,                 loss: -0.1411
env0_second_0:                 episode reward: -1.6000,                 loss: -0.1532
env1_first_0:                 episode reward: -1.7500,                 loss: nan
env1_second_0:                 episode reward: 1.7500,                 loss: nan
Episode: 301/10000 (3.0100%),                 avg. length: 9396.35,                last time consumption/overall running time: 1435.9840s / 21907.8766 s
env0_first_0:                 episode reward: -0.0500,                 loss: -0.1627
env0_second_0:                 episode reward: 0.0500,                 loss: -0.1714
env1_first_0:                 episode reward: 3.4500,                 loss: nan
env1_second_0:                 episode reward: -3.4500,                 loss: nan
Episode: 321/10000 (3.2100%),                 avg. length: 9617.75,                last time consumption/overall running time: 1477.3348s / 23385.2113 s
env0_first_0:                 episode reward: 1.1500,                 loss: -0.1627
env0_second_0:                 episode reward: -1.1500,                 loss: -0.1710
env1_first_0:                 episode reward: -1.6500,                 loss: nan
env1_second_0:                 episode reward: 1.6500,                 loss: nan
Episode: 341/10000 (3.4100%),                 avg. length: 9903.2,                last time consumption/overall running time: 1527.7533s / 24912.9646 s
env0_first_0:                 episode reward: -2.1500,                 loss: -0.1646
env0_second_0:                 episode reward: 2.1500,                 loss: -0.1766
env1_first_0:                 episode reward: 1.7000,                 loss: nan
env1_second_0:                 episode reward: -1.7000,                 loss: nan
Episode: 361/10000 (3.6100%),                 avg. length: 8971.95,                last time consumption/overall running time: 1388.1664s / 26301.1310 s
env0_first_0:                 episode reward: -0.3000,                 loss: -0.1641
env0_second_0:                 episode reward: 0.3000,                 loss: -0.1758
env1_first_0:                 episode reward: 7.0000,                 loss: nan
env1_second_0:                 episode reward: -7.0000,                 loss: nan
Episode: 381/10000 (3.8100%),                 avg. length: 8876.45,                last time consumption/overall running time: 1364.3125s / 27665.4435 s
env0_first_0:                 episode reward: 1.1500,                 loss: -0.1646
env0_second_0:                 episode reward: -1.1500,                 loss: -0.1784
env1_first_0:                 episode reward: -0.0500,                 loss: nan
env1_second_0:                 episode reward: 0.0500,                 loss: nan
Episode: 401/10000 (4.0100%),                 avg. length: 9402.75,                last time consumption/overall running time: 1440.7452s / 29106.1888 s
env0_first_0:                 episode reward: -4.6500,                 loss: -0.1709
env0_second_0:                 episode reward: 4.6500,                 loss: -0.1887
env1_first_0:                 episode reward: -0.7000,                 loss: nan
env1_second_0:                 episode reward: 0.7000,                 loss: nan
Episode: 421/10000 (4.2100%),                 avg. length: 9773.25,                last time consumption/overall running time: 1505.0107s / 30611.1994 s
env0_first_0:                 episode reward: 6.4500,                 loss: -0.1876
env0_second_0:                 episode reward: -6.4500,                 loss: -0.1998
env1_first_0:                 episode reward: 2.5000,                 loss: nan
env1_second_0:                 episode reward: -2.5000,                 loss: nan
Episode: 441/10000 (4.4100%),                 avg. length: 9611.45,                last time consumption/overall running time: 1471.6487s / 32082.8481 s
env0_first_0:                 episode reward: 2.0000,                 loss: -0.1803
env0_second_0:                 episode reward: -2.0000,                 loss: -0.1969
env1_first_0:                 episode reward: 2.6000,                 loss: nan
env1_second_0:                 episode reward: -2.6000,                 loss: nan
Episode: 461/10000 (4.6100%),                 avg. length: 9270.6,                last time consumption/overall running time: 1432.9255s / 33515.7736 s
env0_first_0:                 episode reward: 4.5500,                 loss: -0.1834
env0_second_0:                 episode reward: -4.5500,                 loss: -0.1942
env1_first_0:                 episode reward: 0.6000,                 loss: nan
env1_second_0:                 episode reward: -0.6000,                 loss: nan
Episode: 481/10000 (4.8100%),                 avg. length: 9648.45,                last time consumption/overall running time: 1488.8436s / 35004.6173 s
env0_first_0:                 episode reward: 2.8000,                 loss: -0.1919
env0_second_0:                 episode reward: -2.8000,                 loss: -0.2038
env1_first_0:                 episode reward: -0.2000,                 loss: nan
env1_second_0:                 episode reward: 0.2000,                 loss: nan
Episode: 501/10000 (5.0100%),                 avg. length: 9078.05,                last time consumption/overall running time: 1267.0804s / 36271.6976 s
env0_first_0:                 episode reward: 1.2500,                 loss: -0.1986
env0_second_0:                 episode reward: -1.2500,                 loss: -0.2066
env1_first_0:                 episode reward: -3.3500,                 loss: nan
env1_second_0:                 episode reward: 3.3500,                 loss: nan
Episode: 521/10000 (5.2100%),                 avg. length: 8553.3,                last time consumption/overall running time: 1162.3295s / 37434.0271 s
env0_first_0:                 episode reward: 5.1000,                 loss: -0.1864
env0_second_0:                 episode reward: -5.1000,                 loss: -0.1943
env1_first_0:                 episode reward: 5.7000,                 loss: nan
env1_second_0:                 episode reward: -5.7000,                 loss: nan
Episode: 541/10000 (5.4100%),                 avg. length: 9947.35,                last time consumption/overall running time: 1366.1353s / 38800.1625 s
env0_first_0:                 episode reward: 2.7000,                 loss: -0.1969
env0_second_0:                 episode reward: -2.7000,                 loss: -0.2112
env1_first_0:                 episode reward: 4.5500,                 loss: nan
env1_second_0:                 episode reward: -4.5500,                 loss: nan
Episode: 561/10000 (5.6100%),                 avg. length: 9999.0,                last time consumption/overall running time: 1390.0115s / 40190.1739 s
env0_first_0:                 episode reward: 4.8000,                 loss: -0.2064
env0_second_0:                 episode reward: -4.8000,                 loss: -0.2171
env1_first_0:                 episode reward: -1.9000,                 loss: nan
env1_second_0:                 episode reward: 1.9000,                 loss: nan
Episode: 581/10000 (5.8100%),                 avg. length: 9029.7,                last time consumption/overall running time: 1242.9434s / 41433.1173 s
env0_first_0:                 episode reward: 2.2500,                 loss: -0.1986
env0_second_0:                 episode reward: -2.2500,                 loss: -0.2073
env1_first_0:                 episode reward: 0.1500,                 loss: nan
env1_second_0:                 episode reward: -0.1500,                 loss: nan
Episode: 601/10000 (6.0100%),                 avg. length: 9381.8,                last time consumption/overall running time: 1295.3694s / 42728.4867 s
env0_first_0:                 episode reward: 0.3000,                 loss: -0.2114
env0_second_0:                 episode reward: -0.3000,                 loss: -0.2178
env1_first_0:                 episode reward: -0.9000,                 loss: nan
env1_second_0:                 episode reward: 0.9000,                 loss: nan
Episode: 621/10000 (6.2100%),                 avg. length: 9777.3,                last time consumption/overall running time: 1346.6387s / 44075.1253 s
env0_first_0:                 episode reward: 3.4000,                 loss: -0.2067
env0_second_0:                 episode reward: -3.4000,                 loss: -0.2179
env1_first_0:                 episode reward: 6.0500,                 loss: nan
env1_second_0:                 episode reward: -6.0500,                 loss: nan
Episode: 641/10000 (6.4100%),                 avg. length: 9626.05,                last time consumption/overall running time: 1313.5726s / 45388.6980 s
env0_first_0:                 episode reward: 1.0000,                 loss: -0.2246
env0_second_0:                 episode reward: -1.0000,                 loss: -0.2333
env1_first_0:                 episode reward: 1.4000,                 loss: nan
env1_second_0:                 episode reward: -1.4000,                 loss: nan
Episode: 661/10000 (6.6100%),                 avg. length: 9278.15,                last time consumption/overall running time: 1283.9285s / 46672.6264 s
env0_first_0:                 episode reward: 0.0000,                 loss: -0.2000
env0_second_0:                 episode reward: 0.0000,                 loss: -0.2056
env1_first_0:                 episode reward: -1.7000,                 loss: nan
env1_second_0:                 episode reward: 1.7000,                 loss: nan
Episode: 681/10000 (6.8100%),                 avg. length: 8550.85,                last time consumption/overall running time: 1164.3493s / 47836.9758 s
env0_first_0:                 episode reward: 4.6000,                 loss: -0.2066
env0_second_0:                 episode reward: -4.6000,                 loss: -0.2156
env1_first_0:                 episode reward: 0.6000,                 loss: nan
env1_second_0:                 episode reward: -0.6000,                 loss: nan
Episode: 701/10000 (7.0100%),                 avg. length: 9235.1,                last time consumption/overall running time: 1263.6305s / 49100.6062 s
env0_first_0:                 episode reward: -0.2500,                 loss: -0.2216
env0_second_0:                 episode reward: 0.2500,                 loss: -0.2296
env1_first_0:                 episode reward: -6.2500,                 loss: nan
env1_second_0:                 episode reward: 6.2500,                 loss: nan
Episode: 721/10000 (7.2100%),                 avg. length: 8372.4,                last time consumption/overall running time: 1145.6553s / 50246.2615 s
env0_first_0:                 episode reward: 0.8500,                 loss: -0.2024
env0_second_0:                 episode reward: -0.8500,                 loss: -0.2105
env1_first_0:                 episode reward: 0.6000,                 loss: nan
env1_second_0:                 episode reward: -0.6000,                 loss: nan
Episode: 741/10000 (7.4100%),                 avg. length: 9785.5,                last time consumption/overall running time: 1341.4818s / 51587.7433 s
env0_first_0:                 episode reward: 4.4000,                 loss: -0.2189
env0_second_0:                 episode reward: -4.4000,                 loss: -0.2230
env1_first_0:                 episode reward: 0.9500,                 loss: nan
env1_second_0:                 episode reward: -0.9500,                 loss: nan
Episode: 761/10000 (7.6100%),                 avg. length: 8114.45,                last time consumption/overall running time: 1122.2188s / 52709.9621 s
env0_first_0:                 episode reward: 3.5500,                 loss: -0.2126
env0_second_0:                 episode reward: -3.5500,                 loss: -0.2218
env1_first_0:                 episode reward: -2.0500,                 loss: nan
env1_second_0:                 episode reward: 2.0500,                 loss: nan
Episode: 781/10000 (7.8100%),                 avg. length: 9632.05,                last time consumption/overall running time: 1315.4268s / 54025.3888 s
env0_first_0:                 episode reward: 0.6000,                 loss: -0.2235
env0_second_0:                 episode reward: -0.6000,                 loss: -0.2297
env1_first_0:                 episode reward: 1.2000,                 loss: nan
env1_second_0:                 episode reward: -1.2000,                 loss: nan
Episode: 801/10000 (8.0100%),                 avg. length: 9543.7,                last time consumption/overall running time: 1301.9195s / 55327.3083 s
env0_first_0:                 episode reward: 0.3500,                 loss: -0.2176
env0_second_0:                 episode reward: -0.3500,                 loss: -0.2299
env1_first_0:                 episode reward: -4.3500,                 loss: nan
env1_second_0:                 episode reward: 4.3500,                 loss: nan
Episode: 821/10000 (8.2100%),                 avg. length: 9953.25,                last time consumption/overall running time: 1362.6654s / 56689.9737 s
env0_first_0:                 episode reward: 2.6500,                 loss: -0.2311
env0_second_0:                 episode reward: -2.6500,                 loss: -0.2398
env1_first_0:                 episode reward: 3.5500,                 loss: nan
env1_second_0:                 episode reward: -3.5500,                 loss: nan
Episode: 841/10000 (8.4100%),                 avg. length: 9685.0,                last time consumption/overall running time: 1324.7863s / 58014.7600 s
env0_first_0:                 episode reward: -3.3000,                 loss: -0.2348
env0_second_0:                 episode reward: 3.3000,                 loss: -0.2449
env1_first_0:                 episode reward: 0.7500,                 loss: nan
env1_second_0:                 episode reward: -0.7500,                 loss: nan
Episode: 861/10000 (8.6100%),                 avg. length: 8896.5,                last time consumption/overall running time: 1223.1278s / 59237.8878 s
env0_first_0:                 episode reward: 1.8000,                 loss: -0.2147
env0_second_0:                 episode reward: -1.8000,                 loss: -0.2242
env1_first_0:                 episode reward: -0.2500,                 loss: nan
env1_second_0:                 episode reward: 0.2500,                 loss: nan
Episode: 881/10000 (8.8100%),                 avg. length: 8356.15,                last time consumption/overall running time: 1149.7623s / 60387.6502 s
env0_first_0:                 episode reward: -0.1000,                 loss: -0.2171
env0_second_0:                 episode reward: 0.1000,                 loss: -0.2284
env1_first_0:                 episode reward: -3.0000,                 loss: nan
env1_second_0:                 episode reward: 3.0000,                 loss: nan
Episode: 901/10000 (9.0100%),                 avg. length: 9061.45,                last time consumption/overall running time: 1240.0500s / 61627.7002 s
env0_first_0:                 episode reward: 1.7500,                 loss: -0.2233
env0_second_0:                 episode reward: -1.7500,                 loss: -0.2334
env1_first_0:                 episode reward: 6.3000,                 loss: nan
env1_second_0:                 episode reward: -6.3000,                 loss: nan
Episode: 921/10000 (9.2100%),                 avg. length: 9384.35,                last time consumption/overall running time: 1275.6085s / 62903.3087 s
env0_first_0:                 episode reward: 0.9000,                 loss: -0.2287
env0_second_0:                 episode reward: -0.9000,                 loss: -0.2426
env1_first_0:                 episode reward: -2.5000,                 loss: nan
env1_second_0:                 episode reward: 2.5000,                 loss: nan
Episode: 941/10000 (9.4100%),                 avg. length: 8910.75,                last time consumption/overall running time: 1238.2174s / 64141.5261 s
env0_first_0:                 episode reward: 0.4500,                 loss: -0.2215
env0_second_0:                 episode reward: -0.4500,                 loss: -0.2333
env1_first_0:                 episode reward: 4.2000,                 loss: nan
env1_second_0:                 episode reward: -4.2000,                 loss: nan
Episode: 961/10000 (9.6100%),                 avg. length: 9612.15,                last time consumption/overall running time: 1339.2247s / 65480.7507 s
env0_first_0:                 episode reward: -0.5500,                 loss: -0.2336
env0_second_0:                 episode reward: 0.5500,                 loss: -0.2429
env1_first_0:                 episode reward: -0.0500,                 loss: nan
env1_second_0:                 episode reward: 0.0500,                 loss: nan
Episode: 981/10000 (9.8100%),                 avg. length: 8927.05,                last time consumption/overall running time: 1240.0578s / 66720.8085 s
env0_first_0:                 episode reward: 0.4500,                 loss: -0.2222
env0_second_0:                 episode reward: -0.4500,                 loss: -0.2334
env1_first_0:                 episode reward: 2.8500,                 loss: nan
env1_second_0:                 episode reward: -2.8500,                 loss: nan
Episode: 1001/10000 (10.0100%),                 avg. length: 8656.55,                last time consumption/overall running time: 1210.0655s / 67930.8740 s
env0_first_0:                 episode reward: 1.6500,                 loss: -0.2273
env0_second_0:                 episode reward: -1.6500,                 loss: -0.2344
env1_first_0:                 episode reward: 4.9000,                 loss: nan
env1_second_0:                 episode reward: -4.9000,                 loss: nan
Episode: 1021/10000 (10.2100%),                 avg. length: 9464.45,                last time consumption/overall running time: 1315.2356s / 69246.1096 s
env0_first_0:                 episode reward: 1.4000,                 loss: -0.2318
env0_second_0:                 episode reward: -1.4000,                 loss: -0.2412
env1_first_0:                 episode reward: 5.5500,                 loss: nan
env1_second_0:                 episode reward: -5.5500,                 loss: nan
Episode: 1041/10000 (10.4100%),                 avg. length: 8908.35,                last time consumption/overall running time: 1242.1656s / 70488.2752 s
env0_first_0:                 episode reward: 0.2500,                 loss: -0.2591
env0_second_0:                 episode reward: -0.2500,                 loss: -0.2661
env1_first_0:                 episode reward: 4.3500,                 loss: nan
env1_second_0:                 episode reward: -4.3500,                 loss: nan
Episode: 1061/10000 (10.6100%),                 avg. length: 9044.5,                last time consumption/overall running time: 1250.7030s / 71738.9783 s
env0_first_0:                 episode reward: 3.4000,                 loss: -0.2392
env0_second_0:                 episode reward: -3.4000,                 loss: -0.2443
env1_first_0:                 episode reward: 3.4000,                 loss: nan
env1_second_0:                 episode reward: -3.4000,                 loss: nan
Episode: 1081/10000 (10.8100%),                 avg. length: 9619.7,                last time consumption/overall running time: 1312.9550s / 73051.9333 s
env0_first_0:                 episode reward: 0.0000,                 loss: -0.2366
env0_second_0:                 episode reward: 0.0000,                 loss: -0.2486
env1_first_0:                 episode reward: 2.2500,                 loss: nan
env1_second_0:                 episode reward: -2.2500,                 loss: nan
Episode: 1101/10000 (11.0100%),                 avg. length: 9554.3,                last time consumption/overall running time: 1306.1912s / 74358.1245 s
env0_first_0:                 episode reward: 2.9000,                 loss: -0.2456
env0_second_0:                 episode reward: -2.9000,                 loss: -0.2509
env1_first_0:                 episode reward: 0.0500,                 loss: nan
env1_second_0:                 episode reward: -0.0500,                 loss: nan
Episode: 1121/10000 (11.2100%),                 avg. length: 9184.2,                last time consumption/overall running time: 1251.7765s / 75609.9009 s
env0_first_0:                 episode reward: 1.3000,                 loss: -0.2352
env0_second_0:                 episode reward: -1.3000,                 loss: -0.2408
env1_first_0:                 episode reward: 2.1000,                 loss: nan
env1_second_0:                 episode reward: -2.1000,                 loss: nan
Episode: 1141/10000 (11.4100%),                 avg. length: 9319.15,                last time consumption/overall running time: 1287.5242s / 76897.4252 s
env0_first_0:                 episode reward: 0.5000,                 loss: -0.2421
env0_second_0:                 episode reward: -0.5000,                 loss: -0.2465
env1_first_0:                 episode reward: 1.7000,                 loss: nan
env1_second_0:                 episode reward: -1.7000,                 loss: nan
Episode: 1161/10000 (11.6100%),                 avg. length: 9290.15,                last time consumption/overall running time: 1269.9124s / 78167.3375 s
env0_first_0:                 episode reward: 0.8000,                 loss: -0.2516
env0_second_0:                 episode reward: -0.8000,                 loss: -0.2592
env1_first_0:                 episode reward: 3.4000,                 loss: nan
env1_second_0:                 episode reward: -3.4000,                 loss: nan
Episode: 1181/10000 (11.8100%),                 avg. length: 9795.85,                last time consumption/overall running time: 1342.4276s / 79509.7651 s
env0_first_0:                 episode reward: 2.6500,                 loss: -0.2491
env0_second_0:                 episode reward: -2.6500,                 loss: -0.2547
env1_first_0:                 episode reward: 3.0500,                 loss: nan
env1_second_0:                 episode reward: -3.0500,                 loss: nan
Episode: 1201/10000 (12.0100%),                 avg. length: 9254.8,                last time consumption/overall running time: 1269.2970s / 80779.0621 s
env0_first_0:                 episode reward: 3.7000,                 loss: -0.2511
env0_second_0:                 episode reward: -3.7000,                 loss: -0.2539
env1_first_0:                 episode reward: 5.9500,                 loss: nan
env1_second_0:                 episode reward: -5.9500,                 loss: nan
Episode: 1221/10000 (12.2100%),                 avg. length: 9626.9,                last time consumption/overall running time: 1333.5376s / 82112.5998 s
env0_first_0:                 episode reward: 4.2000,                 loss: -0.2457
env0_second_0:                 episode reward: -4.2000,                 loss: -0.2524
env1_first_0:                 episode reward: 2.9500,                 loss: nan
env1_second_0:                 episode reward: -2.9500,                 loss: nan
Episode: 1241/10000 (12.4100%),                 avg. length: 8313.55,                last time consumption/overall running time: 1161.5268s / 83274.1265 s
env0_first_0:                 episode reward: 1.9000,                 loss: -0.2362
env0_second_0:                 episode reward: -1.9000,                 loss: -0.2386
env1_first_0:                 episode reward: 2.2000,                 loss: nan
env1_second_0:                 episode reward: -2.2000,                 loss: nan
Episode: 1261/10000 (12.6100%),                 avg. length: 9179.05,                last time consumption/overall running time: 1241.7900s / 84515.9165 s
env0_first_0:                 episode reward: -0.2500,                 loss: -0.2488
env0_second_0:                 episode reward: 0.2500,                 loss: -0.2590
env1_first_0:                 episode reward: -1.8000,                 loss: nan
env1_second_0:                 episode reward: 1.8000,                 loss: nan
Episode: 1281/10000 (12.8100%),                 avg. length: 9607.7,                last time consumption/overall running time: 1322.6996s / 85838.6160 s
env0_first_0:                 episode reward: 4.6500,                 loss: -0.2630
env0_second_0:                 episode reward: -4.6500,                 loss: -0.2636
env1_first_0:                 episode reward: 3.6000,                 loss: nan
env1_second_0:                 episode reward: -3.6000,                 loss: nan
Episode: 1301/10000 (13.0100%),                 avg. length: 9565.9,                last time consumption/overall running time: 1314.4010s / 87153.0170 s
env0_first_0:                 episode reward: 2.7000,                 loss: -0.2477
env0_second_0:                 episode reward: -2.7000,                 loss: -0.2522
env1_first_0:                 episode reward: -3.2000,                 loss: nan
env1_second_0:                 episode reward: 3.2000,                 loss: nan
Episode: 1321/10000 (13.2100%),                 avg. length: 8660.8,                last time consumption/overall running time: 1149.3849s / 88302.4020 s
env0_first_0:                 episode reward: 1.6500,                 loss: -0.2453
env0_second_0:                 episode reward: -1.6500,                 loss: -0.2500
env1_first_0:                 episode reward: 1.2000,                 loss: nan
env1_second_0:                 episode reward: -1.2000,                 loss: nan
Episode: 1341/10000 (13.4100%),                 avg. length: 9630.1,                last time consumption/overall running time: 1264.1775s / 89566.5794 s
env0_first_0:                 episode reward: -0.0500,                 loss: -0.2442
env0_second_0:                 episode reward: 0.0500,                 loss: -0.2543
env1_first_0:                 episode reward: 1.3000,                 loss: nan
env1_second_0:                 episode reward: -1.3000,                 loss: nan
Episode: 1361/10000 (13.6100%),                 avg. length: 9999.0,                last time consumption/overall running time: 1286.6146s / 90853.1940 s
env0_first_0:                 episode reward: -0.9500,                 loss: -0.2612
env0_second_0:                 episode reward: 0.9500,                 loss: -0.2680
env1_first_0:                 episode reward: 0.1000,                 loss: nan
env1_second_0:                 episode reward: -0.1000,                 loss: nan
Episode: 1381/10000 (13.8100%),                 avg. length: 9548.55,                last time consumption/overall running time: 1215.5423s / 92068.7363 s
env0_first_0:                 episode reward: 1.0000,                 loss: -0.2732
env0_second_0:                 episode reward: -1.0000,                 loss: -0.2793
env1_first_0:                 episode reward: 4.4000,                 loss: nan
env1_second_0:                 episode reward: -4.4000,                 loss: nan
Episode: 1401/10000 (14.0100%),                 avg. length: 9849.1,                last time consumption/overall running time: 1233.8286s / 93302.5649 s
env0_first_0:                 episode reward: 7.6500,                 loss: -0.2726
env0_second_0:                 episode reward: -7.6500,                 loss: -0.2742
env1_first_0:                 episode reward: 2.6000,                 loss: nan
env1_second_0:                 episode reward: -2.6000,                 loss: nan
Episode: 1421/10000 (14.2100%),                 avg. length: 8280.75,                last time consumption/overall running time: 1060.9366s / 94363.5015 s
env0_first_0:                 episode reward: 2.0000,                 loss: -0.2662
env0_second_0:                 episode reward: -2.0000,                 loss: -0.2656
env1_first_0:                 episode reward: 2.4000,                 loss: nan
env1_second_0:                 episode reward: -2.4000,                 loss: nan
Episode: 1441/10000 (14.4100%),                 avg. length: 8675.4,                last time consumption/overall running time: 1103.2720s / 95466.7735 s
env0_first_0:                 episode reward: 2.6500,                 loss: -0.2646
env0_second_0:                 episode reward: -2.6500,                 loss: -0.2693
env1_first_0:                 episode reward: 1.2500,                 loss: nan
env1_second_0:                 episode reward: -1.2500,                 loss: nan
Episode: 1461/10000 (14.6100%),                 avg. length: 9618.75,                last time consumption/overall running time: 1222.6137s / 96689.3873 s
env0_first_0:                 episode reward: 0.7500,                 loss: -0.2672
env0_second_0:                 episode reward: -0.7500,                 loss: -0.2669
env1_first_0:                 episode reward: -1.5000,                 loss: nan
env1_second_0:                 episode reward: 1.5000,                 loss: nan
Episode: 1481/10000 (14.8100%),                 avg. length: 9015.75,                last time consumption/overall running time: 1149.3587s / 97838.7460 s
env0_first_0:                 episode reward: 1.9000,                 loss: -0.2733
env0_second_0:                 episode reward: -1.9000,                 loss: -0.2741
env1_first_0:                 episode reward: 2.8000,                 loss: nan
env1_second_0:                 episode reward: -2.8000,                 loss: nan
Episode: 1501/10000 (15.0100%),                 avg. length: 8725.35,                last time consumption/overall running time: 1117.4555s / 98956.2015 s
env0_first_0:                 episode reward: -1.3500,                 loss: -0.2547
env0_second_0:                 episode reward: 1.3500,                 loss: -0.2599
env1_first_0:                 episode reward: 2.9500,                 loss: nan
env1_second_0:                 episode reward: -2.9500,                 loss: nan
Episode: 1521/10000 (15.2100%),                 avg. length: 9758.05,                last time consumption/overall running time: 1239.0449s / 100195.2464 s
env0_first_0:                 episode reward: 2.4000,                 loss: -0.2727
env0_second_0:                 episode reward: -2.4000,                 loss: -0.2757
env1_first_0:                 episode reward: 4.4500,                 loss: nan
env1_second_0:                 episode reward: -4.4500,                 loss: nan
Episode: 1541/10000 (15.4100%),                 avg. length: 9248.45,                last time consumption/overall running time: 1108.7128s / 101303.9591 s
env0_first_0:                 episode reward: -0.4500,                 loss: -0.2727
env0_second_0:                 episode reward: 0.4500,                 loss: -0.2716
env1_first_0:                 episode reward: 6.2000,                 loss: nan
env1_second_0:                 episode reward: -6.2000,                 loss: nan
Episode: 1561/10000 (15.6100%),                 avg. length: 9999.0,                last time consumption/overall running time: 1173.1898s / 102477.1489 s
env0_first_0:                 episode reward: 6.0500,                 loss: -0.2839
env0_second_0:                 episode reward: -6.0500,                 loss: -0.2798
env1_first_0:                 episode reward: -2.6000,                 loss: nan
env1_second_0:                 episode reward: 2.6000,                 loss: nan
Episode: 1581/10000 (15.8100%),                 avg. length: 9234.7,                last time consumption/overall running time: 1105.7043s / 103582.8532 s
env0_first_0:                 episode reward: -0.8500,                 loss: -0.2698
env0_second_0:                 episode reward: 0.8500,                 loss: -0.2726
env1_first_0:                 episode reward: -4.5000,                 loss: nan
env1_second_0:                 episode reward: 4.5000,                 loss: nan
Episode: 1601/10000 (16.0100%),                 avg. length: 9255.7,                last time consumption/overall running time: 1072.5868s / 104655.4399 s
env0_first_0:                 episode reward: 4.3000,                 loss: -0.2731
env0_second_0:                 episode reward: -4.3000,                 loss: -0.2725
env1_first_0:                 episode reward: 5.4500,                 loss: nan
env1_second_0:                 episode reward: -5.4500,                 loss: nan
Episode: 1621/10000 (16.2100%),                 avg. length: 9614.35,                last time consumption/overall running time: 1114.1109s / 105769.5508 s
env0_first_0:                 episode reward: -0.1500,                 loss: -0.2814
env0_second_0:                 episode reward: 0.1500,                 loss: -0.2822
env1_first_0:                 episode reward: 4.1000,                 loss: nan
env1_second_0:                 episode reward: -4.1000,                 loss: nan
Episode: 1641/10000 (16.4100%),                 avg. length: 8887.45,                last time consumption/overall running time: 1059.4542s / 106829.0051 s
env0_first_0:                 episode reward: 1.3500,                 loss: -0.2698
env0_second_0:                 episode reward: -1.3500,                 loss: -0.2728
env1_first_0:                 episode reward: 2.9000,                 loss: nan
env1_second_0:                 episode reward: -2.9000,                 loss: nan
Episode: 1661/10000 (16.6100%),                 avg. length: 8539.45,                last time consumption/overall running time: 997.7930s / 107826.7980 s
env0_first_0:                 episode reward: 2.5000,                 loss: -0.2875
env0_second_0:                 episode reward: -2.5000,                 loss: -0.2850
env1_first_0:                 episode reward: 1.2500,                 loss: nan
env1_second_0:                 episode reward: -1.2500,                 loss: nan
Episode: 1681/10000 (16.8100%),                 avg. length: 8640.35,                last time consumption/overall running time: 1016.0899s / 108842.8879 s
env0_first_0:                 episode reward: -0.9500,                 loss: -0.2816
env0_second_0:                 episode reward: 0.9500,                 loss: -0.2795
env1_first_0:                 episode reward: 0.8000,                 loss: nan
env1_second_0:                 episode reward: -0.8000,                 loss: nan
Episode: 1701/10000 (17.0100%),                 avg. length: 9876.0,                last time consumption/overall running time: 1144.5839s / 109987.4718 s
env0_first_0:                 episode reward: 4.2000,                 loss: -0.2900
env0_second_0:                 episode reward: -4.2000,                 loss: -0.2853
env1_first_0:                 episode reward: 3.8000,                 loss: nan
env1_second_0:                 episode reward: -3.8000,                 loss: nan
Episode: 1721/10000 (17.2100%),                 avg. length: 8468.1,                last time consumption/overall running time: 995.9606s / 110983.4324 s
env0_first_0:                 episode reward: 1.7500,                 loss: -0.2725
env0_second_0:                 episode reward: -1.7500,                 loss: -0.2682
env1_first_0:                 episode reward: 4.5000,                 loss: nan
env1_second_0:                 episode reward: -4.5000,                 loss: nan
Episode: 1741/10000 (17.4100%),                 avg. length: 9093.9,                last time consumption/overall running time: 1076.9560s / 112060.3884 s
env0_first_0:                 episode reward: -0.2500,                 loss: -0.2908
env0_second_0:                 episode reward: 0.2500,                 loss: -0.2895
env1_first_0:                 episode reward: 5.3000,                 loss: nan
env1_second_0:                 episode reward: -5.3000,                 loss: nan
Episode: 1761/10000 (17.6100%),                 avg. length: 9332.65,                last time consumption/overall running time: 1122.8920s / 113183.2805 s
env0_first_0:                 episode reward: -0.7500,                 loss: -0.2714
env0_second_0:                 episode reward: 0.7500,                 loss: -0.2713
env1_first_0:                 episode reward: 4.1500,                 loss: nan
env1_second_0:                 episode reward: -4.1500,                 loss: nan
Episode: 1781/10000 (17.8100%),                 avg. length: 9424.0,                last time consumption/overall running time: 1108.2695s / 114291.5500 s
env0_first_0:                 episode reward: -1.3500,                 loss: -0.2849
env0_second_0:                 episode reward: 1.3500,                 loss: -0.2841
env1_first_0:                 episode reward: 4.9500,                 loss: nan
env1_second_0:                 episode reward: -4.9500,                 loss: nan
Episode: 1801/10000 (18.0100%),                 avg. length: 9524.6,                last time consumption/overall running time: 1126.1615s / 115417.7115 s
env0_first_0:                 episode reward: 0.6500,                 loss: -0.2980
env0_second_0:                 episode reward: -0.6500,                 loss: -0.2928
env1_first_0:                 episode reward: -0.0500,                 loss: nan
env1_second_0:                 episode reward: 0.0500,                 loss: nan
Episode: 1821/10000 (18.2100%),                 avg. length: 8414.0,                last time consumption/overall running time: 971.5447s / 116389.2562 s
env0_first_0:                 episode reward: -2.7500,                 loss: -0.2745
env0_second_0:                 episode reward: 2.7500,                 loss: -0.2719
env1_first_0:                 episode reward: 5.3500,                 loss: nan
env1_second_0:                 episode reward: -5.3500,                 loss: nan
Episode: 1841/10000 (18.4100%),                 avg. length: 9223.35,                last time consumption/overall running time: 1070.8562s / 117460.1124 s
env0_first_0:                 episode reward: 0.0000,                 loss: -0.2825
env0_second_0:                 episode reward: 0.0000,                 loss: -0.2778
env1_first_0:                 episode reward: 6.2500,                 loss: nan
env1_second_0:                 episode reward: -6.2500,                 loss: nan
Episode: 1861/10000 (18.6100%),                 avg. length: 9413.6,                last time consumption/overall running time: 1098.2227s / 118558.3351 s
env0_first_0:                 episode reward: 2.2500,                 loss: -0.3075
env0_second_0:                 episode reward: -2.2500,                 loss: -0.3021
env1_first_0:                 episode reward: 2.3000,                 loss: nan
env1_second_0:                 episode reward: -2.3000,                 loss: nan
Episode: 1881/10000 (18.8100%),                 avg. length: 9418.9,                last time consumption/overall running time: 1081.9268s / 119640.2619 s
env0_first_0:                 episode reward: 2.1500,                 loss: -0.3059
env0_second_0:                 episode reward: -2.1500,                 loss: -0.3014
env1_first_0:                 episode reward: 3.7000,                 loss: nan
env1_second_0:                 episode reward: -3.7000,                 loss: nan
Episode: 1901/10000 (19.0100%),                 avg. length: 9634.4,                last time consumption/overall running time: 1139.9453s / 120780.2072 s
env0_first_0:                 episode reward: 2.1000,                 loss: -0.2976
env0_second_0:                 episode reward: -2.1000,                 loss: -0.2941
env1_first_0:                 episode reward: 3.6500,                 loss: nan
env1_second_0:                 episode reward: -3.6500,                 loss: nan
Episode: 1921/10000 (19.2100%),                 avg. length: 9270.5,                last time consumption/overall running time: 1101.9162s / 121882.1234 s
env0_first_0:                 episode reward: -2.0000,                 loss: -0.2902
env0_second_0:                 episode reward: 2.0000,                 loss: -0.2846
env1_first_0:                 episode reward: 2.5000,                 loss: nan
env1_second_0:                 episode reward: -2.5000,                 loss: nan
Episode: 1941/10000 (19.4100%),                 avg. length: 9784.55,                last time consumption/overall running time: 1124.3485s / 123006.4719 s
env0_first_0:                 episode reward: -1.4000,                 loss: -0.3042
env0_second_0:                 episode reward: 1.4000,                 loss: -0.2946
env1_first_0:                 episode reward: 1.5500,                 loss: nan
env1_second_0:                 episode reward: -1.5500,                 loss: nan
Episode: 1961/10000 (19.6100%),                 avg. length: 8848.35,                last time consumption/overall running time: 1034.9065s / 124041.3784 s
env0_first_0:                 episode reward: -0.1000,                 loss: -0.2902