SlimeVolley-v0 slimevolley
Load SlimeVolley-v0 environment in type slimevolley.
Env observation space: Box(-3.4028234663852886e+38, 3.4028234663852886e+38, (12,), float32) action space: Discrete(6)
<env.wrappers.mars_wrappers.Dict2TupleWrapper object at 0x7fb9a8b83a50>
Agents No. [0] (index starting from 0) are not learnable.
Arguments:  {'env_name': 'SlimeVolley-v0', 'env_type': 'slimevolley', 'num_envs': 1, 'ram': True, 'seed': 1122, 'against_baseline': False, 'algorithm': 'DQN', 'algorithm_spec': {'episodic_update': False, 'dueling': False, 'replay_buffer_size': '1e5', 'gamma': 0.99, 'multi_step': 1, 'target_update_interval': 1000, 'eps_start': 1.0, 'eps_final': 0.01, 'eps_decay': 30000}, 'batch_size': 32, 'max_episodes': 10000, 'max_steps_per_episode': 10000, 'train_start_frame': 0, 'optimizer': 'adam', 'learning_rate': '2e-5', 'device': 'gpu', 'update_itr': 1, 'log_avg_window': 20, 'log_interval': 20, 'render': False, 'test': False, 'exploit': False, 'load_model_idx': False, 'load_model_full_path': False, 'net_architecture': {'hidden_dim_list': [1024, 1024, 1024, 1024], 'hidden_activation': 'Tanh', 'output_activation': False}, 'marl_method': 'selfplay', 'marl_spec': {'selfplay_score_delta': 4.0, 'trainable_agent_idx': 1, 'opponent_idx': 0}}
Episode: 1, avg. length 727.0
first_0:                 episode reward: 1.0000,                 loss: nan
second_0:                 episode reward: -1.0000,                 loss: nan
Episode: 21, avg. length 603.55
first_0:                 episode reward: 1.7000,                 loss: nan
second_0:                 episode reward: -1.7000,                 loss: 0.0063
Episode: 41, avg. length 671.75
first_0:                 episode reward: 0.4500,                 loss: nan
second_0:                 episode reward: -0.4500,                 loss: 0.0066
Episode: 61, avg. length 643.55
first_0:                 episode reward: 0.7000,                 loss: nan
second_0:                 episode reward: -0.7000,                 loss: 0.0038
Episode: 81, avg. length 629.8
first_0:                 episode reward: -0.5000,                 loss: nan
second_0:                 episode reward: 0.5000,                 loss: 0.0067
Episode: 101, avg. length 675.5
first_0:                 episode reward: -0.6000,                 loss: nan
second_0:                 episode reward: 0.6000,                 loss: 0.0050
Episode: 121, avg. length 605.85
first_0:                 episode reward: 0.2000,                 loss: nan
second_0:                 episode reward: -0.2000,                 loss: 0.0097
Episode: 141, avg. length 636.35
first_0:                 episode reward: 0.5500,                 loss: nan
second_0:                 episode reward: -0.5500,                 loss: 0.0085
Episode: 161, avg. length 663.3
first_0:                 episode reward: -1.0000,                 loss: nan
second_0:                 episode reward: 1.0000,                 loss: 0.0118
Episode: 181, avg. length 617.1
first_0:                 episode reward: 1.2000,                 loss: nan
second_0:                 episode reward: -1.2000,                 loss: 0.0122
Episode: 201, avg. length 633.1
first_0:                 episode reward: -0.4500,                 loss: nan
second_0:                 episode reward: 0.4500,                 loss: 0.0072
Episode: 221, avg. length 674.3
first_0:                 episode reward: 0.0500,                 loss: nan
second_0:                 episode reward: -0.0500,                 loss: 0.0065
Episode: 241, avg. length 644.65
first_0:                 episode reward: 0.4000,                 loss: nan
second_0:                 episode reward: -0.4000,                 loss: 0.0060
Episode: 261, avg. length 687.9
first_0:                 episode reward: 0.1000,                 loss: nan
second_0:                 episode reward: -0.1000,                 loss: 0.0082
Episode: 281, avg. length 667.65
first_0:                 episode reward: 0.4500,                 loss: nan
second_0:                 episode reward: -0.4500,                 loss: 0.0133
Episode: 301, avg. length 693.4
first_0:                 episode reward: 0.4500,                 loss: nan
second_0:                 episode reward: -0.4500,                 loss: 0.0138
Episode: 321, avg. length 661.5
first_0:                 episode reward: 1.6000,                 loss: nan
second_0:                 episode reward: -1.6000,                 loss: 0.0080
Episode: 341, avg. length 665.45
first_0:                 episode reward: -0.3500,                 loss: nan
second_0:                 episode reward: 0.3500,                 loss: 0.0077
Episode: 361, avg. length 636.25
first_0:                 episode reward: 1.4000,                 loss: nan
second_0:                 episode reward: -1.4000,                 loss: 0.0086
Episode: 381, avg. length 695.15
first_0:                 episode reward: 0.6000,                 loss: nan
second_0:                 episode reward: -0.6000,                 loss: 0.0083
Episode: 401, avg. length 649.55
first_0:                 episode reward: 0.4000,                 loss: nan
second_0:                 episode reward: -0.4000,                 loss: 0.0081
Episode: 421, avg. length 628.9
first_0:                 episode reward: 0.0500,                 loss: nan
second_0:                 episode reward: -0.0500,                 loss: 0.0062
Episode: 441, avg. length 613.4
first_0:                 episode reward: -0.7500,                 loss: nan
second_0:                 episode reward: 0.7500,                 loss: 0.0153
Episode: 461, avg. length 676.7
first_0:                 episode reward: -0.6000,                 loss: nan
second_0:                 episode reward: 0.6000,                 loss: 0.0147
Episode: 481, avg. length 666.1
first_0:                 episode reward: -0.2000,                 loss: nan
second_0:                 episode reward: 0.2000,                 loss: 0.0075
Episode: 501, avg. length 648.85
first_0:                 episode reward: -0.3500,                 loss: nan
second_0:                 episode reward: 0.3500,                 loss: 0.0069
Episode: 521, avg. length 660.75
first_0:                 episode reward: -0.8500,                 loss: nan
second_0:                 episode reward: 0.8500,                 loss: 0.0083
Episode: 541, avg. length 628.9
first_0:                 episode reward: -0.7000,                 loss: nan
second_0:                 episode reward: 0.7000,                 loss: 0.0114
Episode: 561, avg. length 693.1
first_0:                 episode reward: 0.4500,                 loss: nan
second_0:                 episode reward: -0.4500,                 loss: 0.0132
Episode: 581, avg. length 632.45
first_0:                 episode reward: -0.3000,                 loss: nan
second_0:                 episode reward: 0.3000,                 loss: 0.0078
Episode: 601, avg. length 623.4
first_0:                 episode reward: 0.6000,                 loss: nan
second_0:                 episode reward: -0.6000,                 loss: 0.0114
Episode: 621, avg. length 665.55
first_0:                 episode reward: 0.1000,                 loss: nan
second_0:                 episode reward: -0.1000,                 loss: 0.0115
Episode: 641, avg. length 658.3
first_0:                 episode reward: 0.5500,                 loss: nan
second_0:                 episode reward: -0.5500,                 loss: 0.0149
Episode: 661, avg. length 629.9
first_0:                 episode reward: 0.3500,                 loss: nan
second_0:                 episode reward: -0.3500,                 loss: 0.0120
Episode: 681, avg. length 628.95
first_0:                 episode reward: -1.0000,                 loss: nan
second_0:                 episode reward: 1.0000,                 loss: 0.0140
Episode: 701, avg. length 660.1
first_0:                 episode reward: -1.0500,                 loss: nan
second_0:                 episode reward: 1.0500,                 loss: 0.0110
Episode: 721, avg. length 656.8
first_0:                 episode reward: 0.2000,                 loss: nan
second_0:                 episode reward: -0.2000,                 loss: 0.0127
Episode: 741, avg. length 618.1