pygame 2.0.0 (SDL 2.0.12, python 3.7.10)
Hello from the pygame community. https://www.pygame.org/contribute.html
SlimeVolley-v0 slimevolley
Load SlimeVolley-v0 environment in type slimevolley.
Env observation space: Box(-3.4028234663852886e+38, 3.4028234663852886e+38, (12,), float32) action space: Discrete(6)
<env.wrappers.mars_wrappers.Dict2TupleWrapper object at 0x7f152f384710>
SlimeVolley-v0 slimevolley
Load SlimeVolley-v0 environment in type slimevolley.
Env observation space: Box(-3.4028234663852886e+38, 3.4028234663852886e+38, (12,), float32) action space: Discrete(6)
No agent are not learnable.
Arguments:  {'env_name': 'SlimeVolley-v0', 'env_type': 'slimevolley', 'num_envs': 1, 'ram': True, 'seed': 1122, 'against_baseline': False, 'algorithm': 'DQN', 'algorithm_spec': {'episodic_update': False, 'dueling': True, 'replay_buffer_size': '1e5', 'gamma': 0.99, 'multi_step': 1, 'target_update_interval': 1000, 'eps_start': 1.0, 'eps_final': 0.01, 'eps_decay': 30000}, 'batch_size': 32, 'max_episodes': 30000, 'max_steps_per_episode': 10000, 'train_start_frame': 0, 'optimizer': 'adam', 'learning_rate': '2e-5', 'device': 'gpu', 'update_itr': 1, 'log_avg_window': 20, 'log_interval': 20, 'render': False, 'test': False, 'exploit': False, 'load_model_idx': False, 'load_model_full_path': False, 'save_path': '', 'save_interval': 2000, 'net_architecture': {'hidden_dim_list': [64, 64, 64], 'hidden_activation': 'Tanh', 'output_activation': False}, 'marl_method': 'nxdo2', 'marl_spec': {'selfplay_score_delta': 4.0}}
Episode: 1, avg. length 710.0
first_0:                 episode reward: 1.0000,                 loss: 0.0144
second_0:                 episode reward: -1.0000,                 loss: 0.0076
Episode: 21, avg. length 631.75
first_0:                 episode reward: 1.3000,                 loss: 0.0058
second_0:                 episode reward: -1.3000,                 loss: 0.0064
Episode: 41, avg. length 652.4
first_0:                 episode reward: 0.4000,                 loss: 0.0066
second_0:                 episode reward: -0.4000,                 loss: 0.0070
Episode: 61, avg. length 635.3
first_0:                 episode reward: 0.1000,                 loss: 0.0075
second_0:                 episode reward: -0.1000,                 loss: 0.0078
Episode: 81, avg. length 676.95
first_0:                 episode reward: -0.4000,                 loss: 0.0086
second_0:                 episode reward: 0.4000,                 loss: 0.0086
Episode: 101, avg. length 646.1
first_0:                 episode reward: 0.5500,                 loss: 0.0090
second_0:                 episode reward: -0.5500,                 loss: 0.0092
Episode: 121, avg. length 689.4
first_0:                 episode reward: 0.0500,                 loss: 0.0086
second_0:                 episode reward: -0.0500,                 loss: 0.0095
Episode: 141, avg. length 666.0
first_0:                 episode reward: 0.8000,                 loss: 0.0087
second_0:                 episode reward: -0.8000,                 loss: 0.0096
Episode: 161, avg. length 692.35
first_0:                 episode reward: 0.2000,                 loss: 0.0088
second_0:                 episode reward: -0.2000,                 loss: 0.0099
Episode: 181, avg. length 631.3
first_0:                 episode reward: 0.4500,                 loss: 0.0091
second_0:                 episode reward: -0.4500,                 loss: 0.0103
Episode: 201, avg. length 656.25
first_0:                 episode reward: -1.2500,                 loss: 0.0096
second_0:                 episode reward: 1.2500,                 loss: 0.0108
Episode: 221, avg. length 687.6
first_0:                 episode reward: -0.0500,                 loss: 0.0100
second_0:                 episode reward: 0.0500,                 loss: 0.0105
Episode: 241, avg. length 655.1
first_0:                 episode reward: 1.0500,                 loss: nan
second_0:                 episode reward: -1.0500,                 loss: 0.0104
Score delta: 4.4, udpate first_0.
Episode: 261, avg. length 689.05
first_0:                 episode reward: -0.3000,                 loss: nan
second_0:                 episode reward: 0.3000,                 loss: 0.0107
Episode: 281, avg. length 676.7
first_0:                 episode reward: 0.9500,                 loss: nan
second_0:                 episode reward: -0.9500,                 loss: 0.0106
Episode: 301, avg. length 656.15
first_0:                 episode reward: 0.8000,                 loss: nan
second_0:                 episode reward: -0.8000,                 loss: 0.0106
Episode: 321, avg. length 648.9
first_0:                 episode reward: 0.8000,                 loss: nan
second_0:                 episode reward: -0.8000,                 loss: 0.0105
Episode: 341, avg. length 685.25
first_0:                 episode reward: 0.5000,                 loss: nan
second_0:                 episode reward: -0.5000,                 loss: 0.0106
Episode: 361, avg. length 664.7
first_0:                 episode reward: 1.3500,                 loss: nan
second_0:                 episode reward: -1.3500,                 loss: 0.0107
Episode: 381, avg. length 731.65
first_0:                 episode reward: 1.0500,                 loss: nan
second_0:                 episode reward: -1.0500,                 loss: 0.0109
Episode: 401, avg. length 664.05
first_0:                 episode reward: 0.9500,                 loss: nan
second_0:                 episode reward: -0.9500,                 loss: 0.0107
Episode: 421, avg. length 686.5
first_0:                 episode reward: 0.1000,                 loss: nan
second_0:                 episode reward: -0.1000,                 loss: 0.0108
Episode: 441, avg. length 666.95
first_0:                 episode reward: 0.9500,                 loss: nan
second_0:                 episode reward: -0.9500,                 loss: 0.0111
Episode: 461, avg. length 727.55
first_0:                 episode reward: 0.3000,                 loss: nan
second_0:                 episode reward: -0.3000,                 loss: 0.0108
Episode: 481, avg. length 644.05
first_0:                 episode reward: 0.4000,                 loss: nan
second_0:                 episode reward: -0.4000,                 loss: 0.0104
Episode: 501, avg. length 628.4
first_0:                 episode reward: -0.4500,                 loss: nan
second_0:                 episode reward: 0.4500,                 loss: 0.0104
Episode: 521, avg. length 656.65
first_0:                 episode reward: -0.8000,                 loss: nan
second_0:                 episode reward: 0.8000,                 loss: 0.0106
Episode: 541, avg. length 660.25
first_0:                 episode reward: 0.6500,                 loss: nan
second_0:                 episode reward: -0.6500,                 loss: 0.0108
Episode: 561, avg. length 667.9
first_0:                 episode reward: 0.1500,                 loss: nan
second_0:                 episode reward: -0.1500,                 loss: 0.0109
Episode: 581, avg. length 677.15
first_0:                 episode reward: -0.1000,                 loss: nan
second_0:                 episode reward: 0.1000,                 loss: 0.0109
Episode: 601, avg. length 661.1
first_0:                 episode reward: 0.1000,                 loss: nan
second_0:                 episode reward: -0.1000,                 loss: 0.0110
Episode: 621, avg. length 668.95
first_0:                 episode reward: 0.9000,                 loss: nan
second_0:                 episode reward: -0.9000,                 loss: 0.0109
Episode: 641, avg. length 694.4
first_0:                 episode reward: 0.6000,                 loss: nan
second_0:                 episode reward: -0.6000,                 loss: 0.0111
Episode: 661, avg. length 664.65
first_0:                 episode reward: -0.4000,                 loss: nan
second_0:                 episode reward: 0.4000,                 loss: 0.0111
Episode: 681, avg. length 690.1
first_0:                 episode reward: -0.1000,                 loss: nan
second_0:                 episode reward: 0.1000,                 loss: 0.0112
Episode: 701, avg. length 686.45
first_0:                 episode reward: -0.8000,                 loss: nan
second_0:                 episode reward: 0.8000,                 loss: 0.0113
Episode: 721, avg. length 657.75
first_0:                 episode reward: 1.1000,                 loss: nan
second_0:                 episode reward: -1.1000,                 loss: 0.0113
Episode: 741, avg. length 668.8
first_0:                 episode reward: -0.2000,                 loss: nan
second_0:                 episode reward: 0.2000,                 loss: 0.0110
Episode: 761, avg. length 665.3
first_0:                 episode reward: -1.6000,                 loss: nan
second_0:                 episode reward: 1.6000,                 loss: nan
Score delta: 4.2, udpate second_0.
Episode: 781, avg. length 632.6
first_0:                 episode reward: 0.3000,                 loss: 0.0108
second_0:                 episode reward: -0.3000,                 loss: nan
Episode: 801, avg. length 709.15
first_0:                 episode reward: 0.2500,                 loss: 0.0105
second_0:                 episode reward: -0.2500,                 loss: nan
Episode: 821, avg. length 647.0
first_0:                 episode reward: -0.2500,                 loss: 0.0105
second_0:                 episode reward: 0.2500,                 loss: nan
Episode: 841, avg. length 718.5
first_0:                 episode reward: -0.0500,                 loss: 0.0103
second_0:                 episode reward: 0.0500,                 loss: nan
Episode: 861, avg. length 716.15
first_0:                 episode reward: 0.7000,                 loss: 0.0104
second_0:                 episode reward: -0.7000,                 loss: nan
Episode: 881, avg. length 673.5
first_0:                 episode reward: -0.1000,                 loss: 0.0103
second_0:                 episode reward: 0.1000,                 loss: nan
Episode: 901, avg. length 722.9
first_0:                 episode reward: -0.2000,                 loss: 0.0103
second_0:                 episode reward: 0.2000,                 loss: nan
Episode: 921, avg. length 661.55
first_0:                 episode reward: -0.5000,                 loss: 0.0104
second_0:                 episode reward: 0.5000,                 loss: nan
Episode: 941, avg. length 677.4
first_0:                 episode reward: -0.2500,                 loss: 0.0106
second_0:                 episode reward: 0.2500,                 loss: nan
Episode: 961, avg. length 669.25
first_0:                 episode reward: -0.7500,                 loss: 0.0105
second_0:                 episode reward: 0.7500,                 loss: nan
Episode: 981, avg. length 682.95
first_0:                 episode reward: 0.4000,                 loss: 0.0104
second_0:                 episode reward: -0.4000,                 loss: nan
Episode: 1001, avg. length 665.05
first_0:                 episode reward: 0.5000,                 loss: nan
second_0:                 episode reward: -0.5000,                 loss: nan
Score delta: 4.2, udpate first_0.
Episode: 1021, avg. length 688.35
first_0:                 episode reward: -0.6000,                 loss: nan
second_0:                 episode reward: 0.6000,                 loss: 0.0111
Episode: 1041, avg. length 703.75
first_0:                 episode reward: 0.4500,                 loss: nan
second_0:                 episode reward: -0.4500,                 loss: 0.0114
Episode: 1061, avg. length 682.9
first_0:                 episode reward: 0.0500,                 loss: nan
second_0:                 episode reward: -0.0500,                 loss: 0.0111
Episode: 1081, avg. length 644.25
first_0:                 episode reward: 0.4000,                 loss: nan
second_0:                 episode reward: -0.4000,                 loss: 0.0115
Episode: 1101, avg. length 693.6
first_0:                 episode reward: -0.3000,                 loss: nan
second_0:                 episode reward: 0.3000,                 loss: 0.0117
Episode: 1121, avg. length 672.4
first_0:                 episode reward: -0.3000,                 loss: nan
second_0:                 episode reward: 0.3000,                 loss: 0.0116
Episode: 1141, avg. length 696.35
first_0:                 episode reward: -0.1500,                 loss: nan
second_0:                 episode reward: 0.1500,                 loss: 0.0115
Episode: 1161, avg. length 721.25
first_0:                 episode reward: -0.1000,                 loss: nan
second_0:                 episode reward: 0.1000,                 loss: 0.0114
Episode: 1181, avg. length 687.8
first_0:                 episode reward: -0.1500,                 loss: nan
second_0:                 episode reward: 0.1500,                 loss: 0.0113
Episode: 1201, avg. length 686.1
first_0:                 episode reward: -0.1500,                 loss: nan
second_0:                 episode reward: 0.1500,                 loss: 0.0112
Episode: 1221, avg. length 671.2
first_0:                 episode reward: -0.3000,                 loss: nan
second_0:                 episode reward: 0.3000,                 loss: 0.0109
Episode: 1241, avg. length 722.3
first_0:                 episode reward: -1.2500,                 loss: nan
second_0:                 episode reward: 1.2500,                 loss: 0.0109
Episode: 1261, avg. length 692.35
first_0:                 episode reward: -0.7000,                 loss: nan
second_0:                 episode reward: 0.7000,                 loss: 0.0112
Episode: 1281, avg. length 658.15
first_0:                 episode reward: 1.1000,                 loss: nan
second_0:                 episode reward: -1.1000,                 loss: 0.0111
Episode: 1301, avg. length 694.95
first_0:                 episode reward: 0.1500,                 loss: nan
second_0:                 episode reward: -0.1500,                 loss: 0.0111
Episode: 1321, avg. length 658.25
first_0:                 episode reward: 0.1500,                 loss: nan
second_0:                 episode reward: -0.1500,                 loss: 0.0112
Episode: 1341, avg. length 716.5
first_0:                 episode reward: -0.7000,                 loss: nan
second_0:                 episode reward: 0.7000,                 loss: 0.0109
Episode: 1361, avg. length 663.15
first_0:                 episode reward: -0.2500,                 loss: nan
second_0:                 episode reward: 0.2500,                 loss: 0.0110
Episode: 1381, avg. length 726.3
first_0:                 episode reward: -0.7000,                 loss: nan
second_0:                 episode reward: 0.7000,                 loss: 0.0111
Episode: 1401, avg. length 623.35
first_0:                 episode reward: -0.7500,                 loss: nan
second_0:                 episode reward: 0.7500,                 loss: nan
Score delta: 4.2, udpate second_0.
Episode: 1421, avg. length 699.8
first_0:                 episode reward: 0.5000,                 loss: 0.0104
second_0:                 episode reward: -0.5000,                 loss: nan
Episode: 1441, avg. length 612.65
first_0:                 episode reward: -0.9500,                 loss: 0.0105
second_0:                 episode reward: 0.9500,                 loss: nan
Episode: 1461, avg. length 645.15
first_0:                 episode reward: -0.2500,                 loss: 0.0103
second_0:                 episode reward: 0.2500,                 loss: nan
Episode: 1481, avg. length 629.15
first_0:                 episode reward: 0.2500,                 loss: 0.0105
second_0:                 episode reward: -0.2500,                 loss: nan
Episode: 1501, avg. length 660.9
first_0:                 episode reward: 0.0000,                 loss: 0.0107
second_0:                 episode reward: 0.0000,                 loss: nan
Episode: 1521, avg. length 680.5
first_0:                 episode reward: -0.0500,                 loss: 0.0110
second_0:                 episode reward: 0.0500,                 loss: nan
Episode: 1541, avg. length 694.0
first_0:                 episode reward: -0.4000,                 loss: 0.0109
second_0:                 episode reward: 0.4000,                 loss: nan
Episode: 1561, avg. length 651.75
first_0:                 episode reward: -0.1000,                 loss: 0.0110
second_0:                 episode reward: 0.1000,                 loss: nan
Episode: 1581, avg. length 698.8
first_0:                 episode reward: 0.6000,                 loss: 0.0114
second_0:                 episode reward: -0.6000,                 loss: nan
Episode: 1601, avg. length 656.25
first_0:                 episode reward: 0.6500,                 loss: 0.0114
second_0:                 episode reward: -0.6500,                 loss: nan
Episode: 1621, avg. length 649.7
first_0:                 episode reward: -0.2500,                 loss: nan
second_0:                 episode reward: 0.2500,                 loss: nan
Score delta: 4.2, udpate first_0.
Episode: 1641, avg. length 679.95
first_0:                 episode reward: 0.4000,                 loss: nan
second_0:                 episode reward: -0.4000,                 loss: 0.0109
Episode: 1661, avg. length 653.1
first_0:                 episode reward: -0.9500,                 loss: nan
second_0:                 episode reward: 0.9500,                 loss: 0.0112
Episode: 1681, avg. length 694.25
first_0:                 episode reward: -0.1500,                 loss: nan
second_0:                 episode reward: 0.1500,                 loss: 0.0111
Episode: 1701, avg. length 696.2
first_0:                 episode reward: 0.3000,                 loss: nan
second_0:                 episode reward: -0.3000,                 loss: 0.0113
Episode: 1721, avg. length 668.45
first_0:                 episode reward: -0.3500,                 loss: nan
second_0:                 episode reward: 0.3500,                 loss: 0.0115
Episode: 1741, avg. length 702.45
first_0:                 episode reward: 0.5500,                 loss: nan
second_0:                 episode reward: -0.5500,                 loss: 0.0113
Episode: 1761, avg. length 687.2
first_0:                 episode reward: 0.1500,                 loss: nan
second_0:                 episode reward: -0.1500,                 loss: 0.0115
Episode: 1781, avg. length 655.45
first_0:                 episode reward: 0.7500,                 loss: nan
second_0:                 episode reward: -0.7500,                 loss: 0.0115
Episode: 1801, avg. length 703.55
first_0:                 episode reward: 0.0000,                 loss: nan
second_0:                 episode reward: 0.0000,                 loss: 0.0116
Episode: 1821, avg. length 658.05
first_0:                 episode reward: -0.5000,                 loss: nan
second_0:                 episode reward: 0.5000,                 loss: 0.0117
Episode: 1841, avg. length 676.0
first_0:                 episode reward: 0.5000,                 loss: nan
second_0:                 episode reward: -0.5000,                 loss: 0.0116
Episode: 1861, avg. length 711.35
first_0:                 episode reward: -0.1500,                 loss: nan
second_0:                 episode reward: 0.1500,                 loss: 0.0115
Episode: 1881, avg. length 727.55
first_0:                 episode reward: 0.0000,                 loss: nan
second_0:                 episode reward: 0.0000,                 loss: 0.0116
Episode: 1901, avg. length 725.45
first_0:                 episode reward: 0.6000,                 loss: nan
second_0:                 episode reward: -0.6000,                 loss: 0.0114
Episode: 1921, avg. length 714.6
first_0:                 episode reward: 0.3500,                 loss: nan
second_0:                 episode reward: -0.3500,                 loss: 0.0113
Episode: 1941, avg. length 687.7
first_0:                 episode reward: 0.4500,                 loss: nan
second_0:                 episode reward: -0.4500,                 loss: 0.0113
Episode: 1961, avg. length 701.8
first_0:                 episode reward: -0.1000,                 loss: nan
second_0:                 episode reward: 0.1000,                 loss: 0.0117
Episode: 1981, avg. length 728.45
first_0:                 episode reward: -0.9500,                 loss: nan
second_0:                 episode reward: 0.9500,                 loss: nan
Score delta: 4.2, udpate second_0.
Episode: 2001, avg. length 706.0
first_0:                 episode reward: 0.2000,                 loss: 0.0112
second_0:                 episode reward: -0.2000,                 loss: nan
Episode: 2021, avg. length 743.05
first_0:                 episode reward: 0.3500,                 loss: 0.0114
second_0:                 episode reward: -0.3500,                 loss: nan
Episode: 2041, avg. length 659.65
first_0:                 episode reward: 0.6500,                 loss: 0.0113
second_0:                 episode reward: -0.6500,                 loss: nan
Episode: 2061, avg. length 742.35
first_0:                 episode reward: -0.5500,                 loss: 0.0108
second_0:                 episode reward: 0.5500,                 loss: nan
Episode: 2081, avg. length 650.25
first_0:                 episode reward: 1.2000,                 loss: nan
second_0:                 episode reward: -1.2000,                 loss: nan
Score delta: 4.2, udpate first_0.
Episode: 2101, avg. length 728.25
first_0:                 episode reward: -0.0500,                 loss: nan
second_0:                 episode reward: 0.0500,                 loss: 0.0116
Episode: 2121, avg. length 693.85
first_0:                 episode reward: 0.1000,                 loss: nan
second_0:                 episode reward: -0.1000,                 loss: 0.0115
Episode: 2141, avg. length 687.7
first_0:                 episode reward: 0.4000,                 loss: nan
second_0:                 episode reward: -0.4000,                 loss: 0.0118
Episode: 2161, avg. length 743.55
first_0:                 episode reward: 0.1500,                 loss: nan
second_0:                 episode reward: -0.1500,                 loss: 0.0114
Episode: 2181, avg. length 730.7
first_0:                 episode reward: -0.8500,                 loss: nan
second_0:                 episode reward: 0.8500,                 loss: 0.0111
Episode: 2201, avg. length 674.1
first_0:                 episode reward: 1.1000,                 loss: nan
second_0:                 episode reward: -1.1000,                 loss: 0.0113
Episode: 2221, avg. length 624.6
first_0:                 episode reward: 0.0500,                 loss: nan
second_0:                 episode reward: -0.0500,                 loss: 0.0111
Episode: 2241, avg. length 694.85
first_0:                 episode reward: -0.6000,                 loss: nan
second_0:                 episode reward: 0.6000,                 loss: 0.0110
Episode: 2261, avg. length 698.3
first_0:                 episode reward: -1.1000,                 loss: nan
second_0:                 episode reward: 1.1000,                 loss: nan
Score delta: 4.2, udpate second_0.
Episode: 2281, avg. length 677.25
first_0:                 episode reward: 0.0500,                 loss: 0.0099
second_0:                 episode reward: -0.0500,                 loss: nan
Episode: 2301, avg. length 735.6
first_0:                 episode reward: 0.0500,                 loss: 0.0100
second_0:                 episode reward: -0.0500,                 loss: nan
Episode: 2321, avg. length 706.35
first_0:                 episode reward: -0.7000,                 loss: 0.0105
second_0:                 episode reward: 0.7000,                 loss: nan
Episode: 2341, avg. length 718.85
first_0:                 episode reward: -0.0500,                 loss: 0.0102
second_0:                 episode reward: 0.0500,                 loss: nan
Episode: 2361, avg. length 706.45
first_0:                 episode reward: -0.2000,                 loss: 0.0104
second_0:                 episode reward: 0.2000,                 loss: nan
Episode: 2381, avg. length 665.8
first_0:                 episode reward: -1.5500,                 loss: 0.0103
second_0:                 episode reward: 1.5500,                 loss: nan
Episode: 2401, avg. length 673.85
first_0:                 episode reward: -1.2500,                 loss: 0.0110
second_0:                 episode reward: 1.2500,                 loss: nan
Episode: 2421, avg. length 712.2
first_0:                 episode reward: -1.0500,                 loss: 0.0109
second_0:                 episode reward: 1.0500,                 loss: nan
Episode: 2441, avg. length 710.55
first_0:                 episode reward: -0.7500,                 loss: 0.0109
second_0:                 episode reward: 0.7500,                 loss: nan
Episode: 2461, avg. length 666.75
first_0:                 episode reward: -0.1500,                 loss: 0.0105
second_0:                 episode reward: 0.1500,                 loss: nan
Episode: 2481, avg. length 677.55
first_0:                 episode reward: -1.8000,                 loss: 0.0103
second_0:                 episode reward: 1.8000,                 loss: nan
Episode: 2501, avg. length 695.1
first_0:                 episode reward: -1.0500,                 loss: 0.0105
second_0:                 episode reward: 1.0500,                 loss: nan
Episode: 2521, avg. length 657.5
first_0:                 episode reward: -0.0500,                 loss: 0.0108
second_0:                 episode reward: 0.0500,                 loss: nan
Episode: 2541, avg. length 680.9
first_0:                 episode reward: -1.1000,                 loss: 0.0108
second_0:                 episode reward: 1.1000,                 loss: nan
Episode: 2561, avg. length 715.85
first_0:                 episode reward: -1.0500,                 loss: 0.0110
second_0:                 episode reward: 1.0500,                 loss: nan
Episode: 2581, avg. length 728.65
first_0:                 episode reward: -0.9000,                 loss: 0.0112
second_0:                 episode reward: 0.9000,                 loss: nan
Episode: 2601, avg. length 686.05
first_0:                 episode reward: -0.8500,                 loss: 0.0111
second_0:                 episode reward: 0.8500,                 loss: nan
Episode: 2621, avg. length 697.3
first_0:                 episode reward: -1.1000,                 loss: 0.0109
second_0:                 episode reward: 1.1000,                 loss: nan
Episode: 2641, avg. length 660.75
first_0:                 episode reward: -1.6500,                 loss: 0.0113
second_0:                 episode reward: 1.6500,                 loss: nan
Episode: 2661, avg. length 643.1
first_0:                 episode reward: -1.4000,                 loss: 0.0109
second_0:                 episode reward: 1.4000,                 loss: nan
Episode: 2681, avg. length 720.05
first_0:                 episode reward: -1.4500,                 loss: 0.0110
second_0:                 episode reward: 1.4500,                 loss: nan
Episode: 2701, avg. length 647.8
first_0:                 episode reward: -0.4500,                 loss: 0.0111
second_0:                 episode reward: 0.4500,                 loss: nan
Episode: 2721, avg. length 728.8
first_0:                 episode reward: -0.5000,                 loss: 0.0111
second_0:                 episode reward: 0.5000,                 loss: nan
Episode: 2741, avg. length 714.1
first_0:                 episode reward: -0.5500,                 loss: 0.0113
second_0:                 episode reward: 0.5500,                 loss: nan
Episode: 2761, avg. length 717.2
first_0:                 episode reward: -1.0500,                 loss: 0.0114
second_0:                 episode reward: 1.0500,                 loss: nan
Episode: 2781, avg. length 727.8
first_0:                 episode reward: -0.0500,                 loss: 0.0114
second_0:                 episode reward: 0.0500,                 loss: nan
Episode: 2801, avg. length 675.95
first_0:                 episode reward: -0.2500,                 loss: 0.0117
second_0:                 episode reward: 0.2500,                 loss: nan
Episode: 2821, avg. length 683.95
first_0:                 episode reward: -0.3500,                 loss: 0.0119
second_0:                 episode reward: 0.3500,                 loss: nan
Episode: 2841, avg. length 659.0
first_0:                 episode reward: -0.5500,                 loss: 0.0118
second_0:                 episode reward: 0.5500,                 loss: nan
Episode: 2861, avg. length 704.3
first_0:                 episode reward: -0.5000,                 loss: 0.0116
second_0:                 episode reward: 0.5000,                 loss: nan
Episode: 2881, avg. length 667.45
first_0:                 episode reward: -1.3000,                 loss: 0.0116
second_0:                 episode reward: 1.3000,                 loss: nan
Episode: 2901, avg. length 744.0
first_0:                 episode reward: -0.4000,                 loss: 0.0122
second_0:                 episode reward: 0.4000,                 loss: nan
Episode: 2921, avg. length 723.2
first_0:                 episode reward: -0.4000,                 loss: 0.0121
second_0:                 episode reward: 0.4000,                 loss: nan
Episode: 2941, avg. length 736.5
first_0:                 episode reward: -0.2500,                 loss: 0.0122
second_0:                 episode reward: 0.2500,                 loss: nan
Episode: 2961, avg. length 740.3
first_0:                 episode reward: 0.2500,                 loss: nan
second_0:                 episode reward: -0.2500,                 loss: nan
Score delta: 4.2, udpate first_0.
Episode: 2981, avg. length 720.25
first_0:                 episode reward: -0.7000,                 loss: nan
second_0:                 episode reward: 0.7000,                 loss: 0.0110
Episode: 3001, avg. length 669.9
first_0:                 episode reward: 0.2000,                 loss: nan
second_0:                 episode reward: -0.2000,                 loss: 0.0113
Episode: 3021, avg. length 751.35
first_0:                 episode reward: -0.3000,                 loss: nan
second_0:                 episode reward: 0.3000,                 loss: 0.0112
Episode: 3041, avg. length 684.8
first_0:                 episode reward: -1.0500,                 loss: nan
second_0:                 episode reward: 1.0500,                 loss: 0.0108
Episode: 3061, avg. length 724.55
first_0:                 episode reward: -0.9000,                 loss: nan
second_0:                 episode reward: 0.9000,                 loss: nan
Score delta: 4.6, udpate second_0.
Episode: 3081, avg. length 688.7
first_0:                 episode reward: -0.6500,                 loss: 0.0117
second_0:                 episode reward: 0.6500,                 loss: nan
Episode: 3101, avg. length 740.75
first_0:                 episode reward: -0.3500,                 loss: 0.0117
second_0:                 episode reward: 0.3500,                 loss: nan
Episode: 3121, avg. length 681.05
first_0:                 episode reward: -0.5000,                 loss: 0.0118
second_0:                 episode reward: 0.5000,                 loss: nan
Episode: 3141, avg. length 697.85
first_0:                 episode reward: -0.9000,                 loss: 0.0119
second_0:                 episode reward: 0.9000,                 loss: nan
Episode: 3161, avg. length 732.85
first_0:                 episode reward: -1.0000,                 loss: 0.0119
second_0:                 episode reward: 1.0000,                 loss: nan
Episode: 3181, avg. length 752.75
first_0:                 episode reward: -0.3500,                 loss: 0.0117
second_0:                 episode reward: 0.3500,                 loss: nan
Episode: 3201, avg. length 692.8
first_0:                 episode reward: 0.0000,                 loss: 0.0117
second_0:                 episode reward: 0.0000,                 loss: nan
Episode: 3221, avg. length 713.9
first_0:                 episode reward: -0.3500,                 loss: 0.0119
second_0:                 episode reward: 0.3500,                 loss: nan
Episode: 3241, avg. length 666.1
first_0:                 episode reward: -0.4000,                 loss: 0.0115
second_0:                 episode reward: 0.4000,                 loss: nan
Episode: 3261, avg. length 746.25
first_0:                 episode reward: -0.2000,                 loss: 0.0116
second_0:                 episode reward: 0.2000,                 loss: nan
Episode: 3281, avg. length 764.95
first_0:                 episode reward: 1.4000,                 loss: 0.0112
second_0:                 episode reward: -1.4000,                 loss: nan
Episode: 3301, avg. length 758.85
first_0:                 episode reward: -0.0500,                 loss: 0.0112
second_0:                 episode reward: 0.0500,                 loss: nan
Episode: 3321, avg. length 717.65
first_0:                 episode reward: -1.0000,                 loss: 0.0113
second_0:                 episode reward: 1.0000,                 loss: nan
Episode: 3341, avg. length 673.7
first_0:                 episode reward: -0.4000,                 loss: 0.0114
second_0:                 episode reward: 0.4000,                 loss: nan
Episode: 3361, avg. length 700.05
first_0:                 episode reward: -1.3000,                 loss: 0.0118
second_0:                 episode reward: 1.3000,                 loss: nan
Episode: 3381, avg. length 723.55
first_0:                 episode reward: 0.3000,                 loss: 0.0117
second_0:                 episode reward: -0.3000,                 loss: nan
Episode: 3401, avg. length 689.3
first_0:                 episode reward: 0.1500,                 loss: nan
second_0:                 episode reward: -0.1500,                 loss: nan
Score delta: 4.2, udpate first_0.
Episode: 3421, avg. length 760.3
first_0:                 episode reward: -0.6500,                 loss: nan
second_0:                 episode reward: 0.6500,                 loss: 0.0112
Episode: 3441, avg. length 670.2
first_0:                 episode reward: 1.2000,                 loss: nan
second_0:                 episode reward: -1.2000,                 loss: 0.0113
Episode: 3461, avg. length 743.75
first_0:                 episode reward: -0.4500,                 loss: nan
second_0:                 episode reward: 0.4500,                 loss: 0.0111
Episode: 3481, avg. length 722.0
first_0:                 episode reward: -0.4500,                 loss: nan
second_0:                 episode reward: 0.4500,                 loss: 0.0111
Episode: 3501, avg. length 733.7
first_0:                 episode reward: -1.0500,                 loss: nan
second_0:                 episode reward: 1.0500,                 loss: 0.0109
Episode: 3521, avg. length 720.15
first_0:                 episode reward: 0.5000,                 loss: nan
second_0:                 episode reward: -0.5000,                 loss: nan
Score delta: 4.4, udpate second_0.
Episode: 3541, avg. length 700.45
first_0:                 episode reward: -0.4000,                 loss: 0.0118
second_0:                 episode reward: 0.4000,                 loss: nan
Episode: 3561, avg. length 723.05
first_0:                 episode reward: -0.7000,                 loss: 0.0121
second_0:                 episode reward: 0.7000,                 loss: nan
Episode: 3581, avg. length 720.35
first_0:                 episode reward: -0.2000,                 loss: 0.0122
second_0:                 episode reward: 0.2000,                 loss: nan
Episode: 3601, avg. length 752.65
first_0:                 episode reward: -0.1000,                 loss: 0.0123
second_0:                 episode reward: 0.1000,                 loss: nan
Episode: 3621, avg. length 766.0
first_0:                 episode reward: -0.2500,                 loss: 0.0120
second_0:                 episode reward: 0.2500,                 loss: nan
Episode: 3641, avg. length 714.25
first_0:                 episode reward: -0.6500,                 loss: 0.0115
second_0:                 episode reward: 0.6500,                 loss: nan
Episode: 3661, avg. length 734.45
first_0:                 episode reward: -1.6000,                 loss: 0.0118
second_0:                 episode reward: 1.6000,                 loss: nan
Episode: 3681, avg. length 677.2
first_0:                 episode reward: 0.7000,                 loss: 0.0121
second_0:                 episode reward: -0.7000,                 loss: nan
Episode: 3701, avg. length 655.2
first_0:                 episode reward: -0.1500,                 loss: 0.0124
second_0:                 episode reward: 0.1500,                 loss: nan
Episode: 3721, avg. length 693.55
first_0:                 episode reward: -0.7500,                 loss: 0.0121
second_0:                 episode reward: 0.7500,                 loss: nan
Episode: 3741, avg. length 750.0
first_0:                 episode reward: -0.3000,                 loss: 0.0117
second_0:                 episode reward: 0.3000,                 loss: nan
Episode: 3761, avg. length 700.45
first_0:                 episode reward: -0.7000,                 loss: 0.0118
second_0:                 episode reward: 0.7000,                 loss: nan
Episode: 3781, avg. length 691.5
first_0:                 episode reward: 0.6000,                 loss: 0.0122
second_0:                 episode reward: -0.6000,                 loss: nan
Episode: 3801, avg. length 755.05
first_0:                 episode reward: 0.0500,                 loss: 0.0119
second_0:                 episode reward: -0.0500,                 loss: nan
Episode: 3821, avg. length 675.9
first_0:                 episode reward: 0.7000,                 loss: 0.0118
second_0:                 episode reward: -0.7000,                 loss: nan
Episode: 3841, avg. length 748.55
first_0:                 episode reward: 0.0000,                 loss: 0.0118
second_0:                 episode reward: 0.0000,                 loss: nan
Episode: 3861, avg. length 742.1
first_0:                 episode reward: 0.2000,                 loss: 0.0118
second_0:                 episode reward: -0.2000,                 loss: nan
Episode: 3881, avg. length 807.05
first_0:                 episode reward: -0.3000,                 loss: 0.0118
second_0:                 episode reward: 0.3000,                 loss: nan
Episode: 3901, avg. length 706.3
first_0:                 episode reward: -0.3500,                 loss: 0.0118
second_0:                 episode reward: 0.3500,                 loss: nan
Episode: 3921, avg. length 728.35
first_0:                 episode reward: 0.1500,                 loss: 0.0118
second_0:                 episode reward: -0.1500,                 loss: nan
Episode: 3941, avg. length 694.0
first_0:                 episode reward: 0.1500,                 loss: 0.0120
second_0:                 episode reward: -0.1500,                 loss: nan
Episode: 3961, avg. length 746.55
first_0:                 episode reward: 0.7000,                 loss: 0.0115
second_0:                 episode reward: -0.7000,                 loss: nan
Episode: 3981, avg. length 683.85
first_0:                 episode reward: -0.2500,                 loss: 0.0112
second_0:                 episode reward: 0.2500,                 loss: nan
Episode: 4001, avg. length 736.75
first_0:                 episode reward: 0.1500,                 loss: 0.0116
second_0:                 episode reward: -0.1500,                 loss: nan
Episode: 4021, avg. length 730.15
first_0:                 episode reward: -1.0000,                 loss: 0.0117
second_0:                 episode reward: 1.0000,                 loss: nan
Episode: 4041, avg. length 702.1
first_0:                 episode reward: 0.7000,                 loss: 0.0113
second_0:                 episode reward: -0.7000,                 loss: nan
Episode: 4061, avg. length 717.3
first_0:                 episode reward: -0.2500,                 loss: 0.0117
second_0:                 episode reward: 0.2500,                 loss: nan
Episode: 4081, avg. length 721.45
first_0:                 episode reward: 0.1500,                 loss: 0.0117
second_0:                 episode reward: -0.1500,                 loss: nan
Episode: 4101, avg. length 686.85
first_0:                 episode reward: -0.6500,                 loss: 0.0118
second_0:                 episode reward: 0.6500,                 loss: nan
Episode: 4121, avg. length 694.75
first_0:                 episode reward: 0.6000,                 loss: 0.0119
second_0:                 episode reward: -0.6000,                 loss: nan
Episode: 4141, avg. length 738.6
first_0:                 episode reward: 0.4500,                 loss: 0.0118
second_0:                 episode reward: -0.4500,                 loss: nan
Episode: 4161, avg. length 775.1
first_0:                 episode reward: -0.4500,                 loss: 0.0112
second_0:                 episode reward: 0.4500,                 loss: nan
Episode: 4181, avg. length 760.6
first_0:                 episode reward: 0.4500,                 loss: 0.0110
second_0:                 episode reward: -0.4500,                 loss: nan
Episode: 4201, avg. length 677.6
first_0:                 episode reward: -0.3000,                 loss: 0.0113
second_0:                 episode reward: 0.3000,                 loss: nan
Episode: 4221, avg. length 733.95
first_0:                 episode reward: -1.4000,                 loss: 0.0113
second_0:                 episode reward: 1.4000,                 loss: nan
Episode: 4241, avg. length 656.4
first_0:                 episode reward: -0.2500,                 loss: 0.0116
second_0:                 episode reward: 0.2500,                 loss: nan
Episode: 4261, avg. length 735.7
first_0:                 episode reward: -1.3500,                 loss: 0.0111
second_0:                 episode reward: 1.3500,                 loss: nan
Episode: 4281, avg. length 710.05
first_0:                 episode reward: 0.3500,                 loss: 0.0114
second_0:                 episode reward: -0.3500,                 loss: nan
Episode: 4301, avg. length 726.8
first_0:                 episode reward: -0.4000,                 loss: 0.0115
second_0:                 episode reward: 0.4000,                 loss: nan
Episode: 4321, avg. length 695.8
first_0:                 episode reward: -0.1000,                 loss: 0.0117
second_0:                 episode reward: 0.1000,                 loss: nan
Episode: 4341, avg. length 711.85
first_0:                 episode reward: -0.5000,                 loss: 0.0121
second_0:                 episode reward: 0.5000,                 loss: nan
Episode: 4361, avg. length 675.9
first_0:                 episode reward: -0.1000,                 loss: 0.0119
second_0:                 episode reward: 0.1000,                 loss: nan
Episode: 4381, avg. length 777.05
first_0:                 episode reward: 0.9000,                 loss: 0.0117
second_0:                 episode reward: -0.9000,                 loss: nan
Episode: 4401, avg. length 711.95
first_0:                 episode reward: 0.5500,                 loss: 0.0119
second_0:                 episode reward: -0.5500,                 loss: nan
Episode: 4421, avg. length 733.45
first_0:                 episode reward: -0.1000,                 loss: 0.0115
second_0:                 episode reward: 0.1000,                 loss: nan
Episode: 4441, avg. length 718.5
first_0:                 episode reward: -0.3500,                 loss: 0.0111
second_0:                 episode reward: 0.3500,                 loss: nan
Episode: 4461, avg. length 722.85
first_0:                 episode reward: -0.0500,                 loss: 0.0115
second_0:                 episode reward: 0.0500,                 loss: nan
Episode: 4481, avg. length 730.2
first_0:                 episode reward: 0.3500,                 loss: 0.0117
second_0:                 episode reward: -0.3500,                 loss: nan
Episode: 4501, avg. length 739.2
first_0:                 episode reward: -0.3000,                 loss: 0.0116
second_0:                 episode reward: 0.3000,                 loss: nan
Episode: 4521, avg. length 710.25
first_0:                 episode reward: 0.2000,                 loss: 0.0121
second_0:                 episode reward: -0.2000,                 loss: nan
Episode: 4541, avg. length 703.3
first_0:                 episode reward: -0.4000,                 loss: 0.0120
second_0:                 episode reward: 0.4000,                 loss: nan
Episode: 4561, avg. length 738.0
first_0:                 episode reward: 0.0000,                 loss: 0.0119
second_0:                 episode reward: 0.0000,                 loss: nan
Episode: 4581, avg. length 751.5
first_0:                 episode reward: 0.4000,                 loss: 0.0116
second_0:                 episode reward: -0.4000,                 loss: nan
Episode: 4601, avg. length 724.9
first_0:                 episode reward: -0.7500,                 loss: 0.0119
second_0:                 episode reward: 0.7500,                 loss: nan
Episode: 4621, avg. length 709.8
first_0:                 episode reward: -0.3000,                 loss: 0.0117
second_0:                 episode reward: 0.3000,                 loss: nan
Episode: 4641, avg. length 756.7
first_0:                 episode reward: -0.7500,                 loss: 0.0115
second_0:                 episode reward: 0.7500,                 loss: nan
Episode: 4661, avg. length 745.45
first_0:                 episode reward: 0.0000,                 loss: 0.0118
second_0:                 episode reward: 0.0000,                 loss: nan
Episode: 4681, avg. length 757.85
first_0:                 episode reward: -0.8000,                 loss: 0.0117
second_0:                 episode reward: 0.8000,                 loss: nan
Episode: 4701, avg. length 787.95
first_0:                 episode reward: -0.9000,                 loss: 0.0116
second_0:                 episode reward: 0.9000,                 loss: nan
Episode: 4721, avg. length 716.6
first_0:                 episode reward: 0.4000,                 loss: 0.0116
second_0:                 episode reward: -0.4000,                 loss: nan
Episode: 4741, avg. length 721.05
first_0:                 episode reward: -0.4500,                 loss: 0.0118
second_0:                 episode reward: 0.4500,                 loss: nan
Episode: 4761, avg. length 805.2
first_0:                 episode reward: -0.1000,                 loss: 0.0118
second_0:                 episode reward: 0.1000,                 loss: nan
Episode: 4781, avg. length 730.7
first_0:                 episode reward: -0.6000,                 loss: nan
second_0:                 episode reward: 0.6000,                 loss: nan
Score delta: 4.2, udpate first_0.
Episode: 4801, avg. length 794.2
first_0:                 episode reward: -0.7500,                 loss: nan
second_0:                 episode reward: 0.7500,                 loss: 0.0115
Episode: 4821, avg. length 713.35
first_0:                 episode reward: 0.2000,                 loss: nan
second_0:                 episode reward: -0.2000,                 loss: 0.0113
Episode: 4841, avg. length 720.7
first_0:                 episode reward: 0.4500,                 loss: nan
second_0:                 episode reward: -0.4500,                 loss: 0.0108
Episode: 4861, avg. length 780.35
first_0:                 episode reward: -0.5500,                 loss: nan
second_0:                 episode reward: 0.5500,                 loss: 0.0109
Episode: 4881, avg. length 699.75
first_0:                 episode reward: -0.7500,                 loss: nan
second_0:                 episode reward: 0.7500,                 loss: nan
Score delta: 4.2, udpate second_0.
Episode: 4901, avg. length 746.05
first_0:                 episode reward: -0.9500,                 loss: 0.0111
second_0:                 episode reward: 0.9500,                 loss: nan
Episode: 4921, avg. length 628.4
first_0:                 episode reward: -1.2500,                 loss: 0.0112
second_0:                 episode reward: 1.2500,                 loss: nan
Episode: 4941, avg. length 716.45
first_0:                 episode reward: -1.0000,                 loss: 0.0114
second_0:                 episode reward: 1.0000,                 loss: nan
Episode: 4961, avg. length 702.3
first_0:                 episode reward: 0.5500,                 loss: 0.0116
second_0:                 episode reward: -0.5500,                 loss: nan
Episode: 4981, avg. length 771.75
first_0:                 episode reward: -0.4500,                 loss: 0.0117
second_0:                 episode reward: 0.4500,                 loss: nan
Episode: 5001, avg. length 700.75
first_0:                 episode reward: -1.0500,                 loss: 0.0117
second_0:                 episode reward: 1.0500,                 loss: nan
Episode: 5021, avg. length 685.85
first_0:                 episode reward: 0.7500,                 loss: 0.0119
second_0:                 episode reward: -0.7500,                 loss: nan
Episode: 5041, avg. length 732.9
first_0:                 episode reward: -0.8000,                 loss: 0.0120
second_0:                 episode reward: 0.8000,                 loss: nan
Episode: 5061, avg. length 735.8
first_0:                 episode reward: 0.4000,                 loss: 0.0116
second_0:                 episode reward: -0.4000,                 loss: nan
Episode: 5081, avg. length 665.45
first_0:                 episode reward: -1.4000,                 loss: 0.0120
second_0:                 episode reward: 1.4000,                 loss: nan
Episode: 5101, avg. length 699.9
first_0:                 episode reward: -1.0500,                 loss: 0.0119
second_0:                 episode reward: 1.0500,                 loss: nan
Episode: 5121, avg. length 717.7
first_0:                 episode reward: -1.5000,                 loss: 0.0121
second_0:                 episode reward: 1.5000,                 loss: nan
Episode: 5141, avg. length 735.3
first_0:                 episode reward: 0.2500,                 loss: 0.0117
second_0:                 episode reward: -0.2500,                 loss: nan
Episode: 5161, avg. length 698.55
first_0:                 episode reward: 0.0500,                 loss: 0.0116
second_0:                 episode reward: -0.0500,                 loss: nan
Episode: 5181, avg. length 698.95
first_0:                 episode reward: -0.3500,                 loss: 0.0118
second_0:                 episode reward: 0.3500,                 loss: nan
Episode: 5201, avg. length 722.5
first_0:                 episode reward: -0.8000,                 loss: 0.0113
second_0:                 episode reward: 0.8000,                 loss: nan
Episode: 5221, avg. length 769.65
first_0:                 episode reward: -0.4500,                 loss: 0.0115
second_0:                 episode reward: 0.4500,                 loss: nan
Episode: 5241, avg. length 810.2
first_0:                 episode reward: -0.1500,                 loss: 0.0111
second_0:                 episode reward: 0.1500,                 loss: nan
Episode: 5261, avg. length 715.7
first_0:                 episode reward: -0.0500,                 loss: 0.0110
second_0:                 episode reward: 0.0500,                 loss: nan
Episode: 5281, avg. length 725.4
first_0:                 episode reward: -1.0500,                 loss: 0.0111
second_0:                 episode reward: 1.0500,                 loss: nan
Episode: 5301, avg. length 719.9
first_0:                 episode reward: 0.2500,                 loss: 0.0107
second_0:                 episode reward: -0.2500,                 loss: nan
Episode: 5321, avg. length 743.2
first_0:                 episode reward: -0.5500,                 loss: 0.0110
second_0:                 episode reward: 0.5500,                 loss: nan
Episode: 5341, avg. length 724.85
first_0:                 episode reward: -0.8000,                 loss: 0.0113
second_0:                 episode reward: 0.8000,                 loss: nan
Episode: 5361, avg. length 767.8
first_0:                 episode reward: -1.1500,                 loss: 0.0114
second_0:                 episode reward: 1.1500,                 loss: nan
Episode: 5381, avg. length 737.2
first_0:                 episode reward: 0.1500,                 loss: 0.0114
second_0:                 episode reward: -0.1500,                 loss: nan
Episode: 5401, avg. length 766.9
first_0:                 episode reward: -0.3500,                 loss: 0.0115
second_0:                 episode reward: 0.3500,                 loss: nan
Episode: 5421, avg. length 729.1
first_0:                 episode reward: -0.6000,                 loss: 0.0115
second_0:                 episode reward: 0.6000,                 loss: nan
Episode: 5441, avg. length 686.6
first_0:                 episode reward: -0.8000,                 loss: 0.0117
second_0:                 episode reward: 0.8000,                 loss: nan
Episode: 5461, avg. length 699.0
first_0:                 episode reward: 0.5000,                 loss: 0.0115
second_0:                 episode reward: -0.5000,                 loss: nan
Episode: 5481, avg. length 709.8
first_0:                 episode reward: -0.4000,                 loss: 0.0116
second_0:                 episode reward: 0.4000,                 loss: nan
Episode: 5501, avg. length 756.05
first_0:                 episode reward: -0.9000,                 loss: 0.0120
second_0:                 episode reward: 0.9000,                 loss: nan
Episode: 5521, avg. length 747.7
first_0:                 episode reward: 0.5500,                 loss: 0.0121
second_0:                 episode reward: -0.5500,                 loss: nan
Episode: 5541, avg. length 736.6
first_0:                 episode reward: 0.4500,                 loss: 0.0118
second_0:                 episode reward: -0.4500,                 loss: nan
Episode: 5561, avg. length 717.7
first_0:                 episode reward: -0.8500,                 loss: 0.0116
second_0:                 episode reward: 0.8500,                 loss: nan
Episode: 5581, avg. length 669.5
first_0:                 episode reward: -1.1500,                 loss: 0.0116
second_0:                 episode reward: 1.1500,                 loss: nan
Episode: 5601, avg. length 747.4
first_0:                 episode reward: -0.2500,                 loss: 0.0117
second_0:                 episode reward: 0.2500,                 loss: nan
Episode: 5621, avg. length 780.55
first_0:                 episode reward: -0.5500,                 loss: 0.0113
second_0:                 episode reward: 0.5500,                 loss: nan
Episode: 5641, avg. length 753.45
first_0:                 episode reward: 1.0000,                 loss: 0.0114
second_0:                 episode reward: -1.0000,                 loss: nan
Episode: 5661, avg. length 750.4
first_0:                 episode reward: -0.3500,                 loss: 0.0111
second_0:                 episode reward: 0.3500,                 loss: nan
Episode: 5681, avg. length 725.75
first_0:                 episode reward: -0.5000,                 loss: 0.0112
second_0:                 episode reward: 0.5000,                 loss: nan
Episode: 5701, avg. length 758.65
first_0:                 episode reward: -0.6500,                 loss: 0.0112
second_0:                 episode reward: 0.6500,                 loss: nan
Episode: 5721, avg. length 742.6
first_0:                 episode reward: -0.1500,                 loss: 0.0118
second_0:                 episode reward: 0.1500,                 loss: nan
Episode: 5741, avg. length 712.4
first_0:                 episode reward: -0.7500,                 loss: 0.0121
second_0:                 episode reward: 0.7500,                 loss: nan
Episode: 5761, avg. length 757.25
first_0:                 episode reward: -0.0500,                 loss: 0.0120
second_0:                 episode reward: 0.0500,                 loss: nan
Episode: 5781, avg. length 727.3
first_0:                 episode reward: 0.0000,                 loss: 0.0120
second_0:                 episode reward: 0.0000,                 loss: nan
Episode: 5801, avg. length 724.2
first_0:                 episode reward: -0.6500,                 loss: 0.0122
second_0:                 episode reward: 0.6500,                 loss: nan
Episode: 5821, avg. length 745.75
first_0:                 episode reward: 0.0000,                 loss: 0.0117
second_0:                 episode reward: 0.0000,                 loss: nan
Episode: 5841, avg. length 698.9
first_0:                 episode reward: 0.2000,                 loss: 0.0118
second_0:                 episode reward: -0.2000,                 loss: nan
Episode: 5861, avg. length 715.6
first_0:                 episode reward: -0.5500,                 loss: 0.0116
second_0:                 episode reward: 0.5500,                 loss: nan
Episode: 5881, avg. length 805.7
first_0:                 episode reward: 0.0000,                 loss: 0.0113
second_0:                 episode reward: 0.0000,                 loss: nan
Episode: 5901, avg. length 783.45
first_0:                 episode reward: -0.7500,                 loss: 0.0111
second_0:                 episode reward: 0.7500,                 loss: nan
Episode: 5921, avg. length 730.6
first_0:                 episode reward: 0.6500,                 loss: 0.0114
second_0:                 episode reward: -0.6500,                 loss: nan
Episode: 5941, avg. length 721.95
first_0:                 episode reward: 0.9500,                 loss: nan
second_0:                 episode reward: -0.9500,                 loss: nan
Score delta: 4.8, udpate first_0.
Episode: 5961, avg. length 705.75
first_0:                 episode reward: -0.6000,                 loss: nan
second_0:                 episode reward: 0.6000,                 loss: 0.0104
Episode: 5981, avg. length 688.75
first_0:                 episode reward: 0.1500,                 loss: nan
second_0:                 episode reward: -0.1500,                 loss: 0.0100
Episode: 6001, avg. length 747.0
first_0:                 episode reward: -0.3000,                 loss: nan
second_0:                 episode reward: 0.3000,                 loss: 0.0101
Episode: 6021, avg. length 725.3
first_0:                 episode reward: 0.0000,                 loss: nan
second_0:                 episode reward: 0.0000,                 loss: 0.0103
Episode: 6041, avg. length 741.3
first_0:                 episode reward: 0.5000,                 loss: nan
second_0:                 episode reward: -0.5000,                 loss: 0.0102
Episode: 6061, avg. length 749.65
first_0:                 episode reward: 0.2000,                 loss: nan
second_0:                 episode reward: -0.2000,                 loss: 0.0102
Episode: 6081, avg. length 687.25
first_0:                 episode reward: -0.4500,                 loss: nan
second_0:                 episode reward: 0.4500,                 loss: 0.0106
Episode: 6101, avg. length 677.7
first_0:                 episode reward: -0.9500,                 loss: nan
second_0:                 episode reward: 0.9500,                 loss: 0.0108
Episode: 6121, avg. length 707.65
first_0:                 episode reward: 1.1000,                 loss: nan
second_0:                 episode reward: -1.1000,                 loss: 0.0108
Episode: 6141, avg. length 645.1
first_0:                 episode reward: 1.7500,                 loss: nan
second_0:                 episode reward: -1.7500,                 loss: 0.0111
Episode: 6161, avg. length 642.25
first_0:                 episode reward: -1.0000,                 loss: nan
second_0:                 episode reward: 1.0000,                 loss: nan
Score delta: 4.6, udpate second_0.
Episode: 6181, avg. length 708.4
first_0:                 episode reward: -0.6500,                 loss: 0.0105
second_0:                 episode reward: 0.6500,                 loss: nan
Episode: 6201, avg. length 662.65
first_0:                 episode reward: -1.0500,                 loss: 0.0106
second_0:                 episode reward: 1.0500,                 loss: nan
Episode: 6221, avg. length 720.1
first_0:                 episode reward: 0.0000,                 loss: 0.0108
second_0:                 episode reward: 0.0000,                 loss: nan
Episode: 6241, avg. length 718.5
first_0:                 episode reward: 0.5500,                 loss: nan
second_0:                 episode reward: -0.5500,                 loss: nan
Score delta: 4.2, udpate first_0.
Episode: 6261, avg. length 697.7
first_0:                 episode reward: 0.4500,                 loss: nan
second_0:                 episode reward: -0.4500,                 loss: 0.0107
Episode: 6281, avg. length 679.3
first_0:                 episode reward: -0.2500,                 loss: nan
second_0:                 episode reward: 0.2500,                 loss: 0.0112
Episode: 6301, avg. length 688.2
first_0:                 episode reward: 0.4500,                 loss: nan
second_0:                 episode reward: -0.4500,                 loss: 0.0117
Episode: 6321, avg. length 690.3
first_0:                 episode reward: -0.2000,                 loss: nan
second_0:                 episode reward: 0.2000,                 loss: 0.0116
Episode: 6341, avg. length 735.85
first_0:                 episode reward: -0.3000,                 loss: nan
second_0:                 episode reward: 0.3000,                 loss: 0.0116
Episode: 6361, avg. length 785.1
first_0:                 episode reward: -0.3500,                 loss: nan
second_0:                 episode reward: 0.3500,                 loss: 0.0117
Episode: 6381, avg. length 683.8
first_0:                 episode reward: -0.0500,                 loss: nan
second_0:                 episode reward: 0.0500,                 loss: 0.0119
Episode: 6401, avg. length 648.05
first_0:                 episode reward: -1.1500,                 loss: nan
second_0:                 episode reward: 1.1500,                 loss: nan
Score delta: 4.4, udpate second_0.
Episode: 6421, avg. length 645.8
first_0:                 episode reward: -0.8000,                 loss: 0.0111
second_0:                 episode reward: 0.8000,                 loss: nan
Episode: 6441, avg. length 689.9
first_0:                 episode reward: -0.6500,                 loss: 0.0111
second_0:                 episode reward: 0.6500,                 loss: nan
Episode: 6461, avg. length 642.3
first_0:                 episode reward: -0.2500,                 loss: 0.0115
second_0:                 episode reward: 0.2500,                 loss: nan
Episode: 6481, avg. length 726.5
first_0:                 episode reward: 0.3000,                 loss: 0.0114
second_0:                 episode reward: -0.3000,                 loss: nan
Episode: 6501, avg. length 669.45
first_0:                 episode reward: -0.5500,                 loss: 0.0111
second_0:                 episode reward: 0.5500,                 loss: nan
Episode: 6521, avg. length 651.25
first_0:                 episode reward: -0.4000,                 loss: 0.0113
second_0:                 episode reward: 0.4000,                 loss: nan
Episode: 6541, avg. length 685.3
first_0:                 episode reward: 0.7500,                 loss: 0.0113
second_0:                 episode reward: -0.7500,                 loss: nan
Episode: 6561, avg. length 715.3
first_0:                 episode reward: 0.3500,                 loss: 0.0114
second_0:                 episode reward: -0.3500,                 loss: nan
Episode: 6581, avg. length 628.9
first_0:                 episode reward: -1.4500,                 loss: 0.0112
second_0:                 episode reward: 1.4500,                 loss: nan
Episode: 6601, avg. length 691.35
first_0:                 episode reward: 0.0000,                 loss: 0.0115
second_0:                 episode reward: 0.0000,                 loss: nan
Episode: 6621, avg. length 673.8
first_0:                 episode reward: 0.3500,                 loss: nan
second_0:                 episode reward: -0.3500,                 loss: nan
Score delta: 5.0, udpate first_0.
Episode: 6641, avg. length 653.35
first_0:                 episode reward: 0.6000,                 loss: nan
second_0:                 episode reward: -0.6000,                 loss: 0.0110
Episode: 6661, avg. length 723.55
first_0:                 episode reward: -0.3500,                 loss: nan
second_0:                 episode reward: 0.3500,                 loss: 0.0112
Episode: 6681, avg. length 632.1
first_0:                 episode reward: 1.0500,                 loss: nan
second_0:                 episode reward: -1.0500,                 loss: 0.0110
Episode: 6701, avg. length 695.05
first_0:                 episode reward: 0.0500,                 loss: nan
second_0:                 episode reward: -0.0500,                 loss: 0.0108
Episode: 6721, avg. length 737.6
first_0:                 episode reward: 0.3000,                 loss: nan
second_0:                 episode reward: -0.3000,                 loss: 0.0110
Episode: 6741, avg. length 762.7
first_0:                 episode reward: -0.1500,                 loss: nan
second_0:                 episode reward: 0.1500,                 loss: 0.0109
Episode: 6761, avg. length 731.45
first_0:                 episode reward: -1.0000,                 loss: nan