pygame 2.0.0 (SDL 2.0.12, python 3.7.10)
Hello from the pygame community. https://www.pygame.org/contribute.html
SlimeVolley-v0 slimevolley
Load SlimeVolley-v0 environment in type slimevolley.
Env observation space: Box(-3.4028234663852886e+38, 3.4028234663852886e+38, (12,), float32) action space: Discrete(6)
<env.wrappers.mars_wrappers.Dict2TupleWrapper object at 0x7f4189c18350>
No agent are not learnable.
Arguments:  {'env_name': 'SlimeVolley-v0', 'env_type': 'slimevolley', 'num_envs': 1, 'ram': True, 'seed': 1122, 'against_baseline': False, 'algorithm': 'NFSP', 'algorithm_spec': {'episodic_update': False, 'dueling': False, 'replay_buffer_size': '1e5', 'gamma': 0.99, 'multi_step': 1, 'target_update_interval': 1000, 'eps_start': 1.0, 'eps_final': 0.01, 'eps_decay': 30000}, 'batch_size': 32, 'max_episodes': 10000, 'max_steps_per_episode': 10000, 'train_start_frame': 1000, 'optimizer': 'adam', 'learning_rate': '1e-4', 'device': 'gpu', 'update_itr': 1, 'log_avg_window': 10, 'log_interval': 10, 'render': False, 'test': False, 'exploit': False, 'load_model_idx': False, 'load_model_full_path': False, 'save_path': '', 'save_interval': 2000, 'net_architecture': {'hidden_dim_list': [64, 64, 64, 64], 'hidden_activation': 'Tanh', 'output_activation': False, 'policy': {'hidden_dim_list': [64, 64, 64, 64], 'hidden_activation': 'Tanh', 'output_activation': 'Softmax'}}, 'marl_method': 'nfsp', 'marl_spec': {'eta': 0.05}}
Episode: 1, avg. length 777.0
first_0:                 episode reward: 1.0000,                 loss: nan
second_0:                 episode reward: -1.0000,                 loss: nan
Episode: 11, avg. length 628.0
first_0:                 episode reward: 1.7000,                 loss: 1.5561
second_0:                 episode reward: -1.7000,                 loss: 1.4316
Episode: 21, avg. length 626.6
first_0:                 episode reward: 0.3000,                 loss: 1.5510
second_0:                 episode reward: -0.3000,                 loss: 1.4893
Episode: 31, avg. length 657.3
first_0:                 episode reward: 0.4000,                 loss: 1.5256
second_0:                 episode reward: -0.4000,                 loss: 1.4950
Episode: 41, avg. length 658.8
first_0:                 episode reward: 0.7000,                 loss: 1.5155
second_0:                 episode reward: -0.7000,                 loss: 1.5221
Episode: 51, avg. length 634.1
first_0:                 episode reward: 1.1000,                 loss: 1.5043
second_0:                 episode reward: -1.1000,                 loss: 1.5470
Episode: 61, avg. length 675.8
first_0:                 episode reward: -1.1000,                 loss: 1.4943
second_0:                 episode reward: 1.1000,                 loss: 1.5467
Episode: 71, avg. length 665.2
first_0:                 episode reward: 0.1000,                 loss: 1.4947
second_0:                 episode reward: -0.1000,                 loss: 1.5467
Episode: 81, avg. length 633.7
first_0:                 episode reward: -0.7000,                 loss: 1.4925
second_0:                 episode reward: 0.7000,                 loss: 1.5501
Episode: 91, avg. length 604.1
first_0:                 episode reward: 1.3000,                 loss: 1.4819
second_0:                 episode reward: -1.3000,                 loss: 1.5504
Episode: 101, avg. length 661.0
first_0:                 episode reward: -1.1000,                 loss: 1.4781
second_0:                 episode reward: 1.1000,                 loss: 1.5483
Episode: 111, avg. length 681.7
first_0:                 episode reward: -0.4000,                 loss: 1.4764
second_0:                 episode reward: 0.4000,                 loss: 1.5454
Episode: 121, avg. length 636.3
first_0:                 episode reward: -0.1000,                 loss: 1.4741
second_0:                 episode reward: 0.1000,                 loss: 1.5503
Episode: 131, avg. length 652.4
first_0:                 episode reward: 0.8000,                 loss: 1.4684
second_0:                 episode reward: -0.8000,                 loss: 1.5450
Episode: 141, avg. length 611.3
first_0:                 episode reward: 0.5000,                 loss: 1.4691
second_0:                 episode reward: -0.5000,                 loss: 1.5459
Episode: 151, avg. length 688.5
first_0:                 episode reward: -1.4000,                 loss: 1.4749
second_0:                 episode reward: 1.4000,                 loss: 1.5497
Episode: 161, avg. length 596.1
first_0:                 episode reward: 0.8000,                 loss: 1.4710
second_0:                 episode reward: -0.8000,                 loss: 1.5552
Episode: 171, avg. length 641.6
first_0:                 episode reward: 0.3000,                 loss: 1.4733
second_0:                 episode reward: -0.3000,                 loss: 1.5534
Episode: 181, avg. length 581.5
first_0:                 episode reward: -0.1000,                 loss: 1.4704
second_0:                 episode reward: 0.1000,                 loss: 1.5551
Episode: 191, avg. length 635.8
first_0:                 episode reward: -0.4000,                 loss: 1.4790
second_0:                 episode reward: 0.4000,                 loss: 1.5596
Episode: 201, avg. length 590.1
first_0:                 episode reward: -0.2000,                 loss: 1.4879
second_0:                 episode reward: 0.2000,                 loss: 1.5594
Episode: 211, avg. length 689.6
first_0:                 episode reward: -0.2000,                 loss: 1.4905
second_0:                 episode reward: 0.2000,                 loss: 1.5639
Episode: 221, avg. length 659.9
first_0:                 episode reward: -0.1000,                 loss: 1.4959
second_0:                 episode reward: 0.1000,                 loss: 1.5609
Episode: 231, avg. length 651.9
first_0:                 episode reward: 0.9000,                 loss: 1.4993
second_0:                 episode reward: -0.9000,                 loss: 1.5653
Episode: 241, avg. length 608.0
first_0:                 episode reward: 1.4000,                 loss: 1.5053
second_0:                 episode reward: -1.4000,                 loss: 1.5574
Episode: 251, avg. length 681.9
first_0:                 episode reward: 0.0000,                 loss: 1.5052
second_0:                 episode reward: 0.0000,                 loss: 1.5603
Episode: 261, avg. length 714.8
first_0:                 episode reward: -0.7000,                 loss: 1.5043
second_0:                 episode reward: 0.7000,                 loss: 1.5640
Episode: 271, avg. length 613.0
first_0:                 episode reward: 0.4000,                 loss: 1.5082
second_0:                 episode reward: -0.4000,                 loss: 1.5712
Episode: 281, avg. length 674.7
first_0:                 episode reward: -0.1000,                 loss: 1.5047
second_0:                 episode reward: 0.1000,                 loss: 1.5735
Episode: 291, avg. length 677.2
first_0:                 episode reward: 1.5000,                 loss: 1.5081
second_0:                 episode reward: -1.5000,                 loss: 1.5753
Episode: 301, avg. length 637.7
first_0:                 episode reward: -1.4000,                 loss: 1.5094
second_0:                 episode reward: 1.4000,                 loss: 1.5773
Episode: 311, avg. length 611.5
first_0:                 episode reward: 1.6000,                 loss: 1.5090
second_0:                 episode reward: -1.6000,                 loss: 1.5800
Episode: 321, avg. length 702.3
first_0:                 episode reward: 0.1000,                 loss: 1.5126
second_0:                 episode reward: -0.1000,                 loss: 1.5860
Episode: 331, avg. length 618.8
first_0:                 episode reward: 0.0000,                 loss: 1.5100
second_0:                 episode reward: 0.0000,                 loss: 1.5885
Episode: 341, avg. length 697.5
first_0:                 episode reward: 0.2000,                 loss: 1.5064
second_0:                 episode reward: -0.2000,                 loss: 1.5916
Episode: 351, avg. length 644.8
first_0:                 episode reward: 0.1000,                 loss: 1.5064
second_0:                 episode reward: -0.1000,                 loss: 1.5932
Episode: 361, avg. length 631.0
first_0:                 episode reward: 1.3000,                 loss: 1.5034
second_0:                 episode reward: -1.3000,                 loss: 1.5930
Episode: 371, avg. length 664.2
first_0:                 episode reward: 0.7000,                 loss: 1.5062
second_0:                 episode reward: -0.7000,                 loss: 1.5927
Episode: 381, avg. length 654.5
first_0:                 episode reward: 0.9000,                 loss: 1.5087
second_0:                 episode reward: -0.9000,                 loss: 1.5980
Episode: 391, avg. length 706.1
first_0:                 episode reward: 0.1000,                 loss: 1.5099
second_0:                 episode reward: -0.1000,                 loss: 1.6010
Episode: 401, avg. length 643.2
first_0:                 episode reward: 1.5000,                 loss: 1.5179
second_0:                 episode reward: -1.5000,                 loss: 1.6068
Episode: 411, avg. length 623.3
first_0:                 episode reward: -0.3000,                 loss: 1.5185
second_0:                 episode reward: 0.3000,                 loss: 1.6058
Episode: 421, avg. length 605.4
first_0:                 episode reward: -1.6000,                 loss: 1.5231
second_0:                 episode reward: 1.6000,                 loss: 1.6084
Episode: 431, avg. length 576.0
first_0:                 episode reward: -0.3000,                 loss: 1.5220
second_0:                 episode reward: 0.3000,                 loss: 1.6128
Episode: 441, avg. length 670.5
first_0:                 episode reward: 0.6000,                 loss: 1.5254
second_0:                 episode reward: -0.6000,                 loss: 1.6156
Episode: 451, avg. length 698.2
first_0:                 episode reward: 0.4000,                 loss: 1.5303
second_0:                 episode reward: -0.4000,                 loss: 1.6142
Episode: 461, avg. length 651.7
first_0:                 episode reward: -0.9000,                 loss: 1.5339
second_0:                 episode reward: 0.9000,                 loss: 1.6146
Episode: 471, avg. length 643.0
first_0:                 episode reward: -0.2000,                 loss: 1.5328
second_0:                 episode reward: 0.2000,                 loss: 1.6165
Episode: 481, avg. length 605.4
first_0:                 episode reward: 0.2000,                 loss: 1.5365
second_0:                 episode reward: -0.2000,                 loss: 1.6156
Episode: 491, avg. length 668.2
first_0:                 episode reward: -0.1000,                 loss: 1.5406
second_0:                 episode reward: 0.1000,                 loss: 1.6191
Episode: 501, avg. length 632.6
first_0:                 episode reward: -0.2000,                 loss: 1.5456
second_0:                 episode reward: 0.2000,                 loss: 1.6215
Episode: 511, avg. length 640.5
first_0:                 episode reward: 0.1000,                 loss: 1.5502
second_0:                 episode reward: -0.1000,                 loss: 1.6226
Episode: 521, avg. length 624.6
first_0:                 episode reward: -0.5000,                 loss: 1.5525
second_0:                 episode reward: 0.5000,                 loss: 1.6243
Episode: 531, avg. length 640.5
first_0:                 episode reward: 1.5000,                 loss: 1.5562
second_0:                 episode reward: -1.5000,                 loss: 1.6267
Episode: 541, avg. length 624.8
first_0:                 episode reward: -0.1000,                 loss: 1.5605
second_0:                 episode reward: 0.1000,                 loss: 1.6246
Episode: 551, avg. length 611.2
first_0:                 episode reward: -1.4000,                 loss: 1.5640
second_0:                 episode reward: 1.4000,                 loss: 1.6284
Episode: 561, avg. length 616.8
first_0:                 episode reward: 1.4000,                 loss: 1.5682
second_0:                 episode reward: -1.4000,                 loss: 1.6315
Episode: 571, avg. length 674.0
first_0:                 episode reward: -1.2000,                 loss: 1.5736
second_0:                 episode reward: 1.2000,                 loss: 1.6356
Episode: 581, avg. length 612.9
first_0:                 episode reward: -1.3000,                 loss: 1.5788
second_0:                 episode reward: 1.3000,                 loss: 1.6325
Episode: 591, avg. length 678.2
first_0:                 episode reward: 0.0000,                 loss: 1.5799
second_0:                 episode reward: 0.0000,                 loss: 1.6324
Episode: 601, avg. length 599.0
first_0:                 episode reward: 1.8000,                 loss: 1.5777
second_0:                 episode reward: -1.8000,                 loss: 1.6336
Episode: 611, avg. length 629.7
first_0:                 episode reward: 1.8000,                 loss: 1.5817
second_0:                 episode reward: -1.8000,                 loss: 1.6357
Episode: 621, avg. length 656.0
first_0:                 episode reward: -1.3000,                 loss: 1.5830
second_0:                 episode reward: 1.3000,                 loss: 1.6353
Episode: 631, avg. length 681.6
first_0:                 episode reward: 1.2000,                 loss: 1.5880
second_0:                 episode reward: -1.2000,                 loss: 1.6359
Episode: 641, avg. length 598.2
first_0:                 episode reward: 0.9000,                 loss: 1.5889
second_0:                 episode reward: -0.9000,                 loss: 1.6397
Episode: 651, avg. length 688.3
first_0:                 episode reward: 0.8000,                 loss: 1.5907
second_0:                 episode reward: -0.8000,                 loss: 1.6398
Episode: 661, avg. length 618.5
first_0:                 episode reward: -1.2000,                 loss: 1.5937
second_0:                 episode reward: 1.2000,                 loss: 1.6381
Episode: 671, avg. length 630.5
first_0:                 episode reward: 0.5000,                 loss: 1.5953
second_0:                 episode reward: -0.5000,                 loss: 1.6403
Episode: 681, avg. length 649.2
first_0:                 episode reward: 0.3000,                 loss: 1.5949
second_0:                 episode reward: -0.3000,                 loss: 1.6416
Episode: 691, avg. length 675.8
first_0:                 episode reward: -0.8000,                 loss: 1.6000
second_0:                 episode reward: 0.8000,                 loss: 1.6441
Episode: 701, avg. length 626.9
first_0:                 episode reward: -1.2000,                 loss: 1.5981
second_0:                 episode reward: 1.2000,                 loss: 1.6466
Episode: 711, avg. length 623.0
first_0:                 episode reward: 1.2000,                 loss: 1.6001
second_0:                 episode reward: -1.2000,                 loss: 1.6476
Episode: 721, avg. length 619.2
first_0:                 episode reward: 0.5000,                 loss: 1.6000
second_0:                 episode reward: -0.5000,                 loss: 1.6475
Episode: 731, avg. length 664.7
first_0:                 episode reward: 0.0000,                 loss: 1.6056
second_0:                 episode reward: 0.0000,                 loss: 1.6480
Episode: 741, avg. length 601.6
first_0:                 episode reward: -1.5000,                 loss: 1.6076
second_0:                 episode reward: 1.5000,                 loss: 1.6506
Episode: 751, avg. length 679.9
first_0:                 episode reward: -0.6000,                 loss: 1.6054
second_0:                 episode reward: 0.6000,                 loss: 1.6516
Episode: 761, avg. length 618.1
first_0:                 episode reward: -1.1000,                 loss: 1.6081
second_0:                 episode reward: 1.1000,                 loss: 1.6526
Episode: 771, avg. length 552.8
first_0:                 episode reward: -0.4000,                 loss: 1.6074
second_0:                 episode reward: 0.4000,                 loss: 1.6521
Episode: 781, avg. length 638.1
first_0:                 episode reward: -0.3000,                 loss: 1.6068
second_0:                 episode reward: 0.3000,                 loss: 1.6549
Episode: 791, avg. length 646.0
first_0:                 episode reward: 0.8000,                 loss: 1.6107
second_0:                 episode reward: -0.8000,                 loss: 1.6518
Episode: 801, avg. length 633.8
first_0:                 episode reward: 0.7000,                 loss: 1.6140
second_0:                 episode reward: -0.7000,                 loss: 1.6526
Episode: 811, avg. length 582.0
first_0:                 episode reward: 0.2000,                 loss: 1.6164
second_0:                 episode reward: -0.2000,                 loss: 1.6558
Episode: 821, avg. length 581.7
first_0:                 episode reward: 0.1000,                 loss: 1.6167
second_0:                 episode reward: -0.1000,                 loss: 1.6552
Episode: 831, avg. length 671.8
first_0:                 episode reward: -0.3000,                 loss: 1.6162
second_0:                 episode reward: 0.3000,                 loss: 1.6536
Episode: 841, avg. length 707.0
first_0:                 episode reward: 0.8000,                 loss: 1.6201
second_0:                 episode reward: -0.8000,                 loss: 1.6571
Episode: 851, avg. length 680.9
first_0:                 episode reward: 1.6000,                 loss: 1.6180
second_0:                 episode reward: -1.6000,                 loss: 1.6566
Episode: 861, avg. length 630.8
first_0:                 episode reward: 0.3000,                 loss: 1.6185
second_0:                 episode reward: -0.3000,                 loss: 1.6568
Episode: 871, avg. length 708.3
first_0:                 episode reward: -0.5000,                 loss: 1.6220
second_0:                 episode reward: 0.5000,                 loss: 1.6580
Episode: 881, avg. length 646.0
first_0:                 episode reward: -1.1000,                 loss: 1.6211
second_0:                 episode reward: 1.1000,                 loss: 1.6572
Episode: 891, avg. length 619.3
first_0:                 episode reward: 0.6000,                 loss: 1.6209
second_0:                 episode reward: -0.6000,                 loss: 1.6598
Episode: 901, avg. length 648.1
first_0:                 episode reward: -0.7000,                 loss: 1.6265
second_0:                 episode reward: 0.7000,                 loss: 1.6598
Episode: 911, avg. length 699.1
first_0:                 episode reward: 0.0000,                 loss: 1.6237
second_0:                 episode reward: 0.0000,                 loss: 1.6615
Episode: 921, avg. length 639.2
first_0:                 episode reward: -0.4000,                 loss: 1.6266
second_0:                 episode reward: 0.4000,                 loss: 1.6592
Episode: 931, avg. length 634.7
first_0:                 episode reward: -0.4000,                 loss: 1.6289
second_0:                 episode reward: 0.4000,                 loss: 1.6618
Episode: 941, avg. length 610.2
first_0:                 episode reward: 1.7000,                 loss: 1.6293
second_0:                 episode reward: -1.7000,                 loss: 1.6607
Episode: 951, avg. length 635.0
first_0:                 episode reward: 0.5000,                 loss: 1.6315
second_0:                 episode reward: -0.5000,                 loss: 1.6618
Episode: 961, avg. length 672.3
first_0:                 episode reward: -1.3000,                 loss: 1.6336
second_0:                 episode reward: 1.3000,                 loss: 1.6633
Episode: 971, avg. length 624.1
first_0:                 episode reward: 0.2000,                 loss: 1.6322
second_0:                 episode reward: -0.2000,                 loss: 1.6628
Episode: 981, avg. length 636.6
first_0:                 episode reward: 0.1000,                 loss: 1.6344
second_0:                 episode reward: -0.1000,                 loss: 1.6645
Episode: 991, avg. length 564.3
first_0:                 episode reward: -1.4000,                 loss: 1.6346
second_0:                 episode reward: 1.4000,                 loss: 1.6652
Episode: 1001, avg. length 629.4
first_0:                 episode reward: 1.7000,                 loss: 1.6378
second_0:                 episode reward: -1.7000,                 loss: 1.6643
Episode: 1011, avg. length 645.0
first_0:                 episode reward: -0.3000,                 loss: 1.6413
second_0:                 episode reward: 0.3000,                 loss: 1.6656
Episode: 1021, avg. length 634.6
first_0:                 episode reward: 0.3000,                 loss: 1.6377
second_0:                 episode reward: -0.3000,                 loss: 1.6653
Episode: 1031, avg. length 621.6
first_0:                 episode reward: -0.6000,                 loss: 1.6408
second_0:                 episode reward: 0.6000,                 loss: 1.6663
Episode: 1041, avg. length 612.8
first_0:                 episode reward: 0.5000,                 loss: 1.6404
second_0:                 episode reward: -0.5000,                 loss: 1.6667
Episode: 1051, avg. length 614.7
first_0:                 episode reward: 0.8000,                 loss: 1.6417
second_0:                 episode reward: -0.8000,                 loss: 1.6660
Episode: 1061, avg. length 638.7
first_0:                 episode reward: 0.2000,                 loss: 1.6446
second_0:                 episode reward: -0.2000,                 loss: 1.6686
Episode: 1071, avg. length 608.6
first_0:                 episode reward: -0.3000,                 loss: 1.6468
second_0:                 episode reward: 0.3000,                 loss: 1.6672
Episode: 1081, avg. length 648.2
first_0:                 episode reward: 0.7000,                 loss: 1.6473
second_0:                 episode reward: -0.7000,                 loss: 1.6696
Episode: 1091, avg. length 682.1
first_0:                 episode reward: -0.4000,                 loss: 1.6458
second_0:                 episode reward: 0.4000,                 loss: 1.6705
Episode: 1101, avg. length 609.4
first_0:                 episode reward: -1.3000,                 loss: 1.6448
second_0:                 episode reward: 1.3000,                 loss: 1.6702
Episode: 1111, avg. length 669.3
first_0:                 episode reward: 0.7000,                 loss: 1.6484
second_0:                 episode reward: -0.7000,                 loss: 1.6701
Episode: 1121, avg. length 604.1
first_0:                 episode reward: -0.5000,                 loss: 1.6498
second_0:                 episode reward: 0.5000,                 loss: 1.6699
Episode: 1131, avg. length 595.3
first_0:                 episode reward: -1.5000,                 loss: 1.6494
second_0:                 episode reward: 1.5000,                 loss: 1.6690
Episode: 1141, avg. length 606.0
first_0:                 episode reward: -0.4000,                 loss: 1.6516
second_0:                 episode reward: 0.4000,                 loss: 1.6684
Episode: 1151, avg. length 622.8
first_0:                 episode reward: 0.2000,                 loss: 1.6529
second_0:                 episode reward: -0.2000,                 loss: 1.6697
Episode: 1161, avg. length 642.0
first_0:                 episode reward: 0.0000,                 loss: 1.6523
second_0:                 episode reward: 0.0000,                 loss: 1.6711
Episode: 1171, avg. length 623.6
first_0:                 episode reward: 0.7000,                 loss: 1.6560
second_0:                 episode reward: -0.7000,                 loss: 1.6712
Episode: 1181, avg. length 682.8
first_0:                 episode reward: 0.2000,                 loss: 1.6540
second_0:                 episode reward: -0.2000,                 loss: 1.6731
Episode: 1191, avg. length 651.3
first_0:                 episode reward: -0.1000,                 loss: 1.6529
second_0:                 episode reward: 0.1000,                 loss: 1.6734
Episode: 1201, avg. length 617.7
first_0:                 episode reward: -1.4000,                 loss: 1.6559
second_0:                 episode reward: 1.4000,                 loss: 1.6724
Episode: 1211, avg. length 587.5
first_0:                 episode reward: -0.2000,                 loss: 1.6571
second_0:                 episode reward: 0.2000,                 loss: 1.6722
Episode: 1221, avg. length 692.9
first_0:                 episode reward: -0.2000,                 loss: 1.6560
second_0:                 episode reward: 0.2000,                 loss: 1.6725
Episode: 1231, avg. length 633.9
first_0:                 episode reward: -1.4000,                 loss: 1.6541
second_0:                 episode reward: 1.4000,                 loss: 1.6746
Episode: 1241, avg. length 646.7
first_0:                 episode reward: -1.7000,                 loss: 1.6575
second_0:                 episode reward: 1.7000,                 loss: 1.6730
Episode: 1251, avg. length 671.4
first_0:                 episode reward: 0.6000,                 loss: 1.6600
second_0:                 episode reward: -0.6000,                 loss: 1.6757
Episode: 1261, avg. length 598.8
first_0:                 episode reward: -0.5000,                 loss: 1.6620
second_0:                 episode reward: 0.5000,                 loss: 1.6746
Episode: 1271, avg. length 614.9
first_0:                 episode reward: 0.5000,                 loss: 1.6611
second_0:                 episode reward: -0.5000,                 loss: 1.6758
Episode: 1281, avg. length 565.1
first_0:                 episode reward: 1.8000,                 loss: 1.6632
second_0:                 episode reward: -1.8000,                 loss: 1.6756
Episode: 1291, avg. length 601.7
first_0:                 episode reward: 1.4000,                 loss: 1.6628
second_0:                 episode reward: -1.4000,                 loss: 1.6766
Episode: 1301, avg. length 571.9
first_0:                 episode reward: -0.1000,                 loss: 1.6626
second_0:                 episode reward: 0.1000,                 loss: 1.6728
Episode: 1311, avg. length 676.5
first_0:                 episode reward: 0.1000,                 loss: 1.6660
second_0:                 episode reward: -0.1000,                 loss: 1.6765
Episode: 1321, avg. length 590.9
first_0:                 episode reward: -1.1000,                 loss: 1.6633
second_0:                 episode reward: 1.1000,                 loss: 1.6772
Episode: 1331, avg. length 611.9
first_0:                 episode reward: -0.4000,                 loss: 1.6647
second_0:                 episode reward: 0.4000,                 loss: 1.6772
Episode: 1341, avg. length 671.0
first_0:                 episode reward: 1.0000,                 loss: 1.6669
second_0:                 episode reward: -1.0000,                 loss: 1.6764
Episode: 1351, avg. length 594.1
first_0:                 episode reward: 0.3000,                 loss: 1.6643
second_0:                 episode reward: -0.3000,                 loss: 1.6764
Episode: 1361, avg. length 572.3
first_0:                 episode reward: 0.3000,                 loss: 1.6683
second_0:                 episode reward: -0.3000,                 loss: 1.6771
Episode: 1371, avg. length 666.4
first_0:                 episode reward: -0.2000,                 loss: 1.6673
second_0:                 episode reward: 0.2000,                 loss: 1.6775
Episode: 1381, avg. length 657.5
first_0:                 episode reward: 0.0000,                 loss: 1.6682
second_0:                 episode reward: 0.0000,                 loss: 1.6778
Episode: 1391, avg. length 618.6
first_0:                 episode reward: -0.7000,                 loss: 1.6701
second_0:                 episode reward: 0.7000,                 loss: 1.6773
Episode: 1401, avg. length 655.3
first_0:                 episode reward: 0.4000,                 loss: 1.6687
second_0:                 episode reward: -0.4000,                 loss: 1.6783
Episode: 1411, avg. length 608.6
first_0:                 episode reward: 0.2000,                 loss: 1.6695
second_0:                 episode reward: -0.2000,                 loss: 1.6784
Episode: 1421, avg. length 666.4
first_0:                 episode reward: 0.2000,                 loss: 1.6703
second_0:                 episode reward: -0.2000,                 loss: 1.6781
Episode: 1431, avg. length 698.6
first_0:                 episode reward: 0.3000,                 loss: 1.6710
second_0:                 episode reward: -0.3000,                 loss: 1.6797
Episode: 1441, avg. length 607.4
first_0:                 episode reward: -2.1000,                 loss: 1.6716
second_0:                 episode reward: 2.1000,                 loss: 1.6807
Episode: 1451, avg. length 653.7
first_0:                 episode reward: -1.2000,                 loss: 1.6713
second_0:                 episode reward: 1.2000,                 loss: 1.6811
Episode: 1461, avg. length 590.9
first_0:                 episode reward: -0.8000,                 loss: 1.6715
second_0:                 episode reward: 0.8000,                 loss: 1.6813
Episode: 1471, avg. length 581.1
first_0:                 episode reward: 0.3000,                 loss: 1.6710
second_0:                 episode reward: -0.3000,                 loss: 1.6814
Episode: 1481, avg. length 629.4
first_0:                 episode reward: -1.6000,                 loss: 1.6713
second_0:                 episode reward: 1.6000,                 loss: 1.6825
Episode: 1491, avg. length 630.6
first_0:                 episode reward: 0.7000,                 loss: 1.6747
second_0:                 episode reward: -0.7000,                 loss: 1.6817
Episode: 1501, avg. length 591.3
first_0:                 episode reward: 0.2000,                 loss: 1.6738
second_0:                 episode reward: -0.2000,                 loss: 1.6835
Episode: 1511, avg. length 718.3
first_0:                 episode reward: -0.4000,                 loss: 1.6730
second_0:                 episode reward: 0.4000,                 loss: 1.6832
Episode: 1521, avg. length 676.8
first_0:                 episode reward: 0.3000,                 loss: 1.6751
second_0:                 episode reward: -0.3000,                 loss: 1.6822
Episode: 1531, avg. length 612.1
first_0:                 episode reward: -1.7000,                 loss: 1.6760
second_0:                 episode reward: 1.7000,                 loss: 1.6805
Episode: 1541, avg. length 639.9
first_0:                 episode reward: -1.0000,                 loss: 1.6768
second_0:                 episode reward: 1.0000,                 loss: 1.6858
Episode: 1551, avg. length 568.7
first_0:                 episode reward: 0.7000,                 loss: 1.6763
second_0:                 episode reward: -0.7000,                 loss: 1.6814
Episode: 1561, avg. length 660.9
first_0:                 episode reward: -0.4000,                 loss: 1.6772
second_0:                 episode reward: 0.4000,                 loss: 1.6838
Episode: 1571, avg. length 676.4
first_0:                 episode reward: 0.0000,                 loss: 1.6760
second_0:                 episode reward: 0.0000,                 loss: 1.6847
Episode: 1581, avg. length 684.5
first_0:                 episode reward: 1.2000,                 loss: 1.6799
second_0:                 episode reward: -1.2000,                 loss: 1.6853
Episode: 1591, avg. length 597.0
first_0:                 episode reward: -0.7000,                 loss: 1.6797
second_0:                 episode reward: 0.7000,                 loss: 1.6847
Episode: 1601, avg. length 681.1
first_0:                 episode reward: 1.2000,                 loss: 1.6787
second_0:                 episode reward: -1.2000,                 loss: 1.6846
Episode: 1611, avg. length 628.3
first_0:                 episode reward: 1.0000,                 loss: 1.6816
second_0:                 episode reward: -1.0000,                 loss: 1.6862
Episode: 1621, avg. length 630.9
first_0:                 episode reward: -0.6000,                 loss: 1.6813
second_0:                 episode reward: 0.6000,                 loss: 1.6861
Episode: 1631, avg. length 632.6
first_0:                 episode reward: 1.2000,                 loss: 1.6794
second_0:                 episode reward: -1.2000,                 loss: 1.6852
Episode: 1641, avg. length 641.4
first_0:                 episode reward: -0.3000,                 loss: 1.6828
second_0:                 episode reward: 0.3000,                 loss: 1.6879
Episode: 1651, avg. length 647.9
first_0:                 episode reward: -0.7000,                 loss: 1.6788