pygame 2.0.0 (SDL 2.0.12, python 3.7.10)
Hello from the pygame community. https://www.pygame.org/contribute.html
double_dunk_v2 pettingzoo
<SubprocVectorEnv instance>
No agent are not learnable.
Arguments:  {'env_name': 'double_dunk_v2', 'env_type': 'pettingzoo', 'num_envs': 2, 'ram': True, 'seed': 1, 'algorithm': 'NashDQNExploiter', 'algorithm_spec': {'episodic_update': False, 'dueling': False, 'replay_buffer_size': '1e5', 'gamma': 0.99, 'multi_step': 1, 'target_update_interval': 1000, 'eps_start': 1.0, 'eps_final': 0.01, 'eps_decay': 30000}, 'batch_size': 32, 'max_episodes': 10000, 'max_steps_per_episode': 10000, 'train_start_frame': 0, 'optimizer': 'adam', 'learning_rate': '1e-4', 'device': 'gpu', 'update_itr': 1, 'log_avg_window': 10, 'log_interval': 10, 'render': False, 'test': False, 'exploit': False, 'load_model_idx': False, 'load_model_full_path': False, 'save_path': 'NashDQNExploiter_Atari', 'save_interval': 2000, 'net_architecture': {'hidden_dim_list': [64, 64, 64], 'hidden_activation': 'ReLU', 'output_activation': False}, 'marl_method': 'nash', 'marl_spec': {}}
Episode: 1, avg. length 3495.0
env0_first_0:                 episode reward: -24.0000,                 loss: 0.0069
env0_second_0:                 episode reward: 0.0000,                 loss: nan
env1_first_0:                 episode reward: -25.0000,                 loss: nan
env1_second_0:                 episode reward: 6.0000,                 loss: nan
Episode: 11, avg. length 3943.8
env0_first_0:                 episode reward: -25.5000,                 loss: 0.0077
env0_second_0:                 episode reward: -1.4000,                 loss: nan
env1_first_0:                 episode reward: -21.1000,                 loss: nan
env1_second_0:                 episode reward: -1.0000,                 loss: nan
Episode: 21, avg. length 5412.5
env0_first_0:                 episode reward: -13.4000,                 loss: 0.0065
env0_second_0:                 episode reward: -31.2000,                 loss: nan
env1_first_0:                 episode reward: -13.8000,                 loss: nan
env1_second_0:                 episode reward: -29.7000,                 loss: nan
Episode: 31, avg. length 9534.6
env0_first_0:                 episode reward: -8.7000,                 loss: 0.0029
env0_second_0:                 episode reward: -118.7000,                 loss: nan
env1_first_0:                 episode reward: -8.4000,                 loss: nan
env1_second_0:                 episode reward: -112.7000,                 loss: nan
Episode: 41, avg. length 9999.0
env0_first_0:                 episode reward: -6.6000,                 loss: 0.0012
env0_second_0:                 episode reward: -138.4000,                 loss: nan
env1_first_0:                 episode reward: -6.2000,                 loss: nan
env1_second_0:                 episode reward: -140.5000,                 loss: nan
Episode: 51, avg. length 9999.0
env0_first_0:                 episode reward: -6.6000,                 loss: 0.0013
env0_second_0:                 episode reward: -156.1000,                 loss: nan
env1_first_0:                 episode reward: -9.0000,                 loss: nan
env1_second_0:                 episode reward: -152.3000,                 loss: nan
Episode: 61, avg. length 9999.0
env0_first_0:                 episode reward: -10.9000,                 loss: 0.0014
env0_second_0:                 episode reward: -147.7000,                 loss: nan
env1_first_0:                 episode reward: -6.2000,                 loss: nan
env1_second_0:                 episode reward: -137.0000,                 loss: nan
Episode: 71, avg. length 9999.0
env0_first_0:                 episode reward: -4.3000,                 loss: 0.0013
env0_second_0:                 episode reward: -161.1000,                 loss: nan
env1_first_0:                 episode reward: -0.8000,                 loss: nan
env1_second_0:                 episode reward: -149.5000,                 loss: nan
Episode: 81, avg. length 9999.0
env0_first_0:                 episode reward: -8.9000,                 loss: 0.0012
env0_second_0:                 episode reward: -144.6000,                 loss: nan
env1_first_0:                 episode reward: 1.0000,                 loss: nan
env1_second_0:                 episode reward: -143.3000,                 loss: nan
Episode: 91, avg. length 9999.0
env0_first_0:                 episode reward: -3.9000,                 loss: 0.0012
env0_second_0:                 episode reward: -134.2000,                 loss: nan
env1_first_0:                 episode reward: -3.9000,                 loss: nan
env1_second_0:                 episode reward: -160.8000,                 loss: nan
Episode: 101, avg. length 9999.0
env0_first_0:                 episode reward: -4.3000,                 loss: 0.0011
env0_second_0:                 episode reward: -159.2000,                 loss: nan
env1_first_0:                 episode reward: -3.9000,                 loss: nan
env1_second_0:                 episode reward: -156.7000,                 loss: nan
Episode: 111, avg. length 9999.0
env0_first_0:                 episode reward: -4.1000,                 loss: 0.0012
env0_second_0:                 episode reward: -139.8000,                 loss: nan
env1_first_0:                 episode reward: -0.1000,                 loss: nan
env1_second_0:                 episode reward: -162.8000,                 loss: nan
Episode: 121, avg. length 9999.0
env0_first_0:                 episode reward: -8.1000,                 loss: 0.0013
env0_second_0:                 episode reward: -153.4000,                 loss: nan
env1_first_0:                 episode reward: -1.0000,                 loss: nan
env1_second_0:                 episode reward: -165.8000,                 loss: nan
Episode: 131, avg. length 9999.0
env0_first_0:                 episode reward: -4.7000,                 loss: 0.0012
env0_second_0:                 episode reward: -144.4000,                 loss: nan
env1_first_0:                 episode reward: -0.9000,                 loss: nan
env1_second_0:                 episode reward: -134.5000,                 loss: nan
Episode: 141, avg. length 9999.0
env0_first_0:                 episode reward: -3.1000,                 loss: 0.0011
env0_second_0:                 episode reward: -154.9000,                 loss: nan
env1_first_0:                 episode reward: -7.5000,                 loss: nan
env1_second_0:                 episode reward: -146.7000,                 loss: nan
Episode: 151, avg. length 9999.0
env0_first_0:                 episode reward: -7.9000,                 loss: 0.0013
env0_second_0:                 episode reward: -159.8000,                 loss: nan
env1_first_0:                 episode reward: -2.5000,                 loss: nan
env1_second_0:                 episode reward: -162.9000,                 loss: nan
Episode: 161, avg. length 9999.0
env0_first_0:                 episode reward: -6.5000,                 loss: 0.0012
env0_second_0:                 episode reward: -148.7000,                 loss: nan
env1_first_0:                 episode reward: -3.3000,                 loss: nan
env1_second_0:                 episode reward: -141.1000,                 loss: nan
Episode: 171, avg. length 9999.0
env0_first_0:                 episode reward: -5.4000,                 loss: 0.0011
env0_second_0:                 episode reward: -152.5000,                 loss: nan
env1_first_0:                 episode reward: -2.5000,                 loss: nan
env1_second_0:                 episode reward: -149.8000,                 loss: nan
Episode: 181, avg. length 9999.0
env0_first_0:                 episode reward: -7.0000,                 loss: 0.0014
env0_second_0:                 episode reward: -147.1000,                 loss: nan
env1_first_0:                 episode reward: -13.9000,                 loss: nan
env1_second_0:                 episode reward: -156.2000,                 loss: nan
Episode: 191, avg. length 9999.0
env0_first_0:                 episode reward: -8.0000,                 loss: 0.0014
env0_second_0:                 episode reward: -152.8000,                 loss: nan
env1_first_0:                 episode reward: -5.2000,                 loss: nan
env1_second_0:                 episode reward: -143.5000,                 loss: nan
Episode: 201, avg. length 9999.0
env0_first_0:                 episode reward: -0.8000,                 loss: 0.0012
env0_second_0:                 episode reward: -149.4000,                 loss: nan
env1_first_0:                 episode reward: -3.2000,                 loss: nan
env1_second_0:                 episode reward: -161.4000,                 loss: nan
Episode: 211, avg. length 9999.0
env0_first_0:                 episode reward: -5.6000,                 loss: 0.0013
env0_second_0:                 episode reward: -163.8000,                 loss: nan
env1_first_0:                 episode reward: -2.4000,                 loss: nan
env1_second_0:                 episode reward: -153.3000,                 loss: nan
Episode: 221, avg. length 9999.0
env0_first_0:                 episode reward: -6.5000,                 loss: 0.0013
env0_second_0:                 episode reward: -151.4000,                 loss: nan
env1_first_0:                 episode reward: -1.3000,                 loss: nan
env1_second_0:                 episode reward: -130.4000,                 loss: nan
Episode: 231, avg. length 9999.0
env0_first_0:                 episode reward: -8.2000,                 loss: 0.0014
env0_second_0:                 episode reward: -152.1000,                 loss: nan
env1_first_0:                 episode reward: -7.6000,                 loss: nan
env1_second_0:                 episode reward: -146.9000,                 loss: nan
Episode: 241, avg. length 9999.0
env0_first_0:                 episode reward: -2.7000,                 loss: 0.0012
env0_second_0:                 episode reward: -164.2000,                 loss: nan
env1_first_0:                 episode reward: -4.8000,                 loss: nan
env1_second_0:                 episode reward: -154.6000,                 loss: nan
Episode: 251, avg. length 9999.0
env0_first_0:                 episode reward: -4.0000,                 loss: 0.0012
env0_second_0:                 episode reward: -155.7000,                 loss: nan
env1_first_0:                 episode reward: -3.2000,                 loss: nan
env1_second_0:                 episode reward: -146.3000,                 loss: nan
Episode: 261, avg. length 9999.0
env0_first_0:                 episode reward: -3.5000,                 loss: 0.0012
env0_second_0:                 episode reward: -157.2000,                 loss: nan
env1_first_0:                 episode reward: -2.6000,                 loss: nan
env1_second_0:                 episode reward: -152.4000,                 loss: nan
Episode: 271, avg. length 9999.0
env0_first_0:                 episode reward: -1.6000,                 loss: 0.0011
env0_second_0:                 episode reward: -140.6000,                 loss: nan
env1_first_0:                 episode reward: -7.9000,                 loss: nan
env1_second_0:                 episode reward: -154.3000,                 loss: nan
Episode: 281, avg. length 9999.0
env0_first_0:                 episode reward: -7.0000,                 loss: 0.0011
env0_second_0:                 episode reward: -145.0000,                 loss: nan
env1_first_0:                 episode reward: -5.0000,                 loss: nan
env1_second_0:                 episode reward: -155.9000,                 loss: nan
Episode: 291, avg. length 9999.0
env0_first_0:                 episode reward: -3.9000,                 loss: 0.0013
env0_second_0:                 episode reward: -157.7000,                 loss: nan
env1_first_0:                 episode reward: -3.7000,                 loss: nan
env1_second_0:                 episode reward: -147.0000,                 loss: nan
Episode: 301, avg. length 9999.0
env0_first_0:                 episode reward: -2.7000,                 loss: 0.0012
env0_second_0:                 episode reward: -156.1000,                 loss: nan
env1_first_0:                 episode reward: -1.9000,                 loss: nan
env1_second_0:                 episode reward: -144.6000,                 loss: nan
Episode: 311, avg. length 9999.0
env0_first_0:                 episode reward: -3.5000,                 loss: 0.0012
env0_second_0:                 episode reward: -162.9000,                 loss: nan
env1_first_0:                 episode reward: -7.4000,                 loss: nan
env1_second_0:                 episode reward: -151.9000,                 loss: nan
Episode: 321, avg. length 9999.0
env0_first_0:                 episode reward: -2.9000,                 loss: 0.0013
env0_second_0:                 episode reward: -154.9000,                 loss: nan
env1_first_0:                 episode reward: -5.1000,                 loss: nan
env1_second_0:                 episode reward: -158.1000,                 loss: nan
Episode: 331, avg. length 9999.0
env0_first_0:                 episode reward: -4.6000,                 loss: 0.0013
env0_second_0:                 episode reward: -138.6000,                 loss: nan
env1_first_0:                 episode reward: -11.1000,                 loss: nan
env1_second_0:                 episode reward: -132.9000,                 loss: nan
Episode: 341, avg. length 9999.0
env0_first_0:                 episode reward: -0.2000,                 loss: 0.0012
env0_second_0:                 episode reward: -150.9000,                 loss: nan
env1_first_0:                 episode reward: 0.0000,                 loss: nan
env1_second_0:                 episode reward: -151.0000,                 loss: nan
Episode: 351, avg. length 9999.0
env0_first_0:                 episode reward: -8.4000,                 loss: 0.0013
env0_second_0:                 episode reward: -151.0000,                 loss: nan
env1_first_0:                 episode reward: -6.6000,                 loss: nan
env1_second_0:                 episode reward: -136.3000,                 loss: nan
Episode: 361, avg. length 9875.7
env0_first_0:                 episode reward: -5.9000,                 loss: 0.0014
env0_second_0:                 episode reward: -150.1000,                 loss: nan
env1_first_0:                 episode reward: -1.9000,                 loss: nan
env1_second_0:                 episode reward: -159.1000,                 loss: nan
Episode: 371, avg. length 9999.0
env0_first_0:                 episode reward: -1.9000,                 loss: 0.0012
env0_second_0:                 episode reward: -146.6000,                 loss: nan
env1_first_0:                 episode reward: -7.5000,                 loss: nan
env1_second_0:                 episode reward: -149.6000,                 loss: nan
Episode: 381, avg. length 9999.0
env0_first_0:                 episode reward: -10.2000,                 loss: 0.0013
env0_second_0:                 episode reward: -158.4000,                 loss: nan
env1_first_0:                 episode reward: -4.9000,                 loss: nan
env1_second_0:                 episode reward: -147.1000,                 loss: nan
Episode: 391, avg. length 9999.0
env0_first_0:                 episode reward: -3.2000,                 loss: 0.0013
env0_second_0:                 episode reward: -159.5000,                 loss: nan
env1_first_0:                 episode reward: -2.5000,                 loss: nan
env1_second_0:                 episode reward: -139.3000,                 loss: nan
Episode: 401, avg. length 9999.0
env0_first_0:                 episode reward: -3.7000,                 loss: 0.0013
env0_second_0:                 episode reward: -145.7000,                 loss: nan
env1_first_0:                 episode reward: 0.7000,                 loss: nan
env1_second_0:                 episode reward: -159.6000,                 loss: nan
Episode: 411, avg. length 9999.0
env0_first_0:                 episode reward: -3.1000,                 loss: 0.0012
env0_second_0:                 episode reward: -152.3000,                 loss: nan
env1_first_0:                 episode reward: -1.6000,                 loss: nan
env1_second_0:                 episode reward: -141.2000,                 loss: nan
Episode: 421, avg. length 9999.0
env0_first_0:                 episode reward: -3.3000,                 loss: 0.0011
env0_second_0:                 episode reward: -154.8000,                 loss: nan
env1_first_0:                 episode reward: -4.3000,                 loss: nan
env1_second_0:                 episode reward: -153.7000,                 loss: nan
Episode: 431, avg. length 9999.0
env0_first_0:                 episode reward: -2.2000,                 loss: 0.0011
env0_second_0:                 episode reward: -149.4000,                 loss: nan
env1_first_0:                 episode reward: -5.9000,                 loss: nan
env1_second_0:                 episode reward: -144.1000,                 loss: nan
Episode: 441, avg. length 9999.0
env0_first_0:                 episode reward: -6.1000,                 loss: 0.0013
env0_second_0:                 episode reward: -143.9000,                 loss: nan
env1_first_0:                 episode reward: -5.8000,                 loss: nan
env1_second_0:                 episode reward: -153.5000,                 loss: nan
Episode: 451, avg. length 9999.0
env0_first_0:                 episode reward: -4.5000,                 loss: 0.0012
env0_second_0:                 episode reward: -150.0000,                 loss: nan
env1_first_0:                 episode reward: -14.3000,                 loss: nan
env1_second_0:                 episode reward: -162.4000,                 loss: nan
Episode: 461, avg. length 9999.0
env0_first_0:                 episode reward: -3.5000,                 loss: 0.0015
env0_second_0:                 episode reward: -156.3000,                 loss: nan
env1_first_0:                 episode reward: -7.1000,                 loss: nan
env1_second_0:                 episode reward: -149.0000,                 loss: nan
Episode: 471, avg. length 9999.0
env0_first_0:                 episode reward: -9.5000,                 loss: 0.0012
env0_second_0:                 episode reward: -173.0000,                 loss: nan
env1_first_0:                 episode reward: -3.1000,                 loss: nan
env1_second_0:                 episode reward: -149.6000,                 loss: nan
Episode: 481, avg. length 9999.0
env0_first_0:                 episode reward: -7.8000,                 loss: 0.0013
env0_second_0:                 episode reward: -145.3000,                 loss: nan
env1_first_0:                 episode reward: -6.2000,                 loss: nan
env1_second_0:                 episode reward: -147.7000,                 loss: nan
Episode: 491, avg. length 9999.0
env0_first_0:                 episode reward: -5.9000,                 loss: 0.0012
env0_second_0:                 episode reward: -153.3000,                 loss: nan
env1_first_0:                 episode reward: -3.2000,                 loss: nan
env1_second_0:                 episode reward: -139.5000,                 loss: nan
Episode: 501, avg. length 9999.0
env0_first_0:                 episode reward: -0.7000,                 loss: 0.0012
env0_second_0:                 episode reward: -138.3000,                 loss: nan
env1_first_0:                 episode reward: -3.4000,                 loss: nan
env1_second_0:                 episode reward: -146.9000,                 loss: nan
Episode: 511, avg. length 9999.0
env0_first_0:                 episode reward: -5.7000,                 loss: 0.0012
env0_second_0:                 episode reward: -152.0000,                 loss: nan
env1_first_0:                 episode reward: -5.7000,                 loss: nan
env1_second_0:                 episode reward: -150.3000,                 loss: nan
Episode: 521, avg. length 9924.2
env0_first_0:                 episode reward: -2.6000,                 loss: 0.0013
env0_second_0:                 episode reward: -156.8000,                 loss: nan
env1_first_0:                 episode reward: -6.6000,                 loss: nan
env1_second_0:                 episode reward: -149.7000,                 loss: nan
Episode: 531, avg. length 9999.0
env0_first_0:                 episode reward: -5.4000,                 loss: 0.0013
env0_second_0:                 episode reward: -161.3000,                 loss: nan
env1_first_0:                 episode reward: -4.6000,                 loss: nan
env1_second_0:                 episode reward: -160.6000,                 loss: nan
Episode: 541, avg. length 9999.0
env0_first_0:                 episode reward: -5.0000,                 loss: 0.0013
env0_second_0:                 episode reward: -148.1000,                 loss: nan
env1_first_0:                 episode reward: -5.6000,                 loss: nan
env1_second_0:                 episode reward: -166.6000,                 loss: nan
Episode: 551, avg. length 9999.0
env0_first_0:                 episode reward: -6.8000,                 loss: 0.0013
env0_second_0:                 episode reward: -143.8000,                 loss: nan
env1_first_0:                 episode reward: -6.9000,                 loss: nan
env1_second_0:                 episode reward: -146.7000,                 loss: nan
Episode: 561, avg. length 9999.0
env0_first_0:                 episode reward: -2.6000,                 loss: 0.0012
env0_second_0:                 episode reward: -144.3000,                 loss: nan
env1_first_0:                 episode reward: -7.6000,                 loss: nan
env1_second_0:                 episode reward: -150.4000,                 loss: nan
Episode: 571, avg. length 9999.0
env0_first_0:                 episode reward: -3.9000,                 loss: 0.0012
env0_second_0:                 episode reward: -139.7000,                 loss: nan
env1_first_0:                 episode reward: -9.1000,                 loss: nan
env1_second_0:                 episode reward: -146.0000,                 loss: nan
Episode: 581, avg. length 9999.0
env0_first_0:                 episode reward: -5.1000,                 loss: 0.0012
env0_second_0:                 episode reward: -138.3000,                 loss: nan
env1_first_0:                 episode reward: -3.3000,                 loss: nan
env1_second_0:                 episode reward: -136.1000,                 loss: nan
Episode: 591, avg. length 9999.0
env0_first_0:                 episode reward: -4.0000,                 loss: 0.0011
env0_second_0:                 episode reward: -152.8000,                 loss: nan
env1_first_0:                 episode reward: -3.2000,                 loss: nan
env1_second_0:                 episode reward: -133.3000,                 loss: nan
Episode: 601, avg. length 9999.0
env0_first_0:                 episode reward: -2.9000,                 loss: 0.0012
env0_second_0:                 episode reward: -145.2000,                 loss: nan
env1_first_0:                 episode reward: -6.7000,                 loss: nan
env1_second_0:                 episode reward: -141.0000,                 loss: nan
Episode: 611, avg. length 9999.0
env0_first_0:                 episode reward: -1.2000,                 loss: 0.0014
env0_second_0:                 episode reward: -149.1000,                 loss: nan
env1_first_0:                 episode reward: -7.8000,                 loss: nan
env1_second_0:                 episode reward: -145.3000,                 loss: nan
Episode: 621, avg. length 9999.0
env0_first_0:                 episode reward: -8.1000,                 loss: 0.0013
env0_second_0:                 episode reward: -139.8000,                 loss: nan
env1_first_0:                 episode reward: -7.2000,                 loss: nan
env1_second_0:                 episode reward: -150.5000,                 loss: nan
Episode: 631, avg. length 9999.0
env0_first_0:                 episode reward: -5.2000,                 loss: 0.0012
env0_second_0:                 episode reward: -149.3000,                 loss: nan
env1_first_0:                 episode reward: -2.0000,                 loss: nan
env1_second_0:                 episode reward: -161.7000,                 loss: nan
Episode: 641, avg. length 9999.0
env0_first_0:                 episode reward: -7.2000,                 loss: 0.0011
env0_second_0:                 episode reward: -141.5000,                 loss: nan
env1_first_0:                 episode reward: -3.8000,                 loss: nan
env1_second_0:                 episode reward: -155.2000,                 loss: nan
Episode: 651, avg. length 9999.0
env0_first_0:                 episode reward: -2.8000,                 loss: 0.0013
env0_second_0:                 episode reward: -136.7000,                 loss: nan
env1_first_0:                 episode reward: -6.9000,                 loss: nan
env1_second_0:                 episode reward: -162.7000,                 loss: nan
Episode: 661, avg. length 9999.0
env0_first_0:                 episode reward: -5.1000,                 loss: 0.0013
env0_second_0:                 episode reward: -153.3000,                 loss: nan
env1_first_0:                 episode reward: -2.9000,                 loss: nan
env1_second_0:                 episode reward: -150.9000,                 loss: nan
Episode: 671, avg. length 9999.0
env0_first_0:                 episode reward: -9.8000,                 loss: 0.0013
env0_second_0:                 episode reward: -170.7000,                 loss: nan
env1_first_0:                 episode reward: -8.2000,                 loss: nan
env1_second_0:                 episode reward: -134.5000,                 loss: nan
Episode: 681, avg. length 9999.0
env0_first_0:                 episode reward: -6.4000,                 loss: 0.0013
env0_second_0:                 episode reward: -146.2000,                 loss: nan
env1_first_0:                 episode reward: -6.1000,                 loss: nan
env1_second_0:                 episode reward: -155.9000,                 loss: nan
Episode: 691, avg. length 9999.0
env0_first_0:                 episode reward: -11.1000,                 loss: 0.0013
env0_second_0:                 episode reward: -146.7000,                 loss: nan
env1_first_0:                 episode reward: -5.7000,                 loss: nan
env1_second_0:                 episode reward: -152.7000,                 loss: nan
Episode: 701, avg. length 9999.0
env0_first_0:                 episode reward: -7.8000,                 loss: 0.0014
env0_second_0:                 episode reward: -128.3000,                 loss: nan
env1_first_0:                 episode reward: -10.0000,                 loss: nan
env1_second_0:                 episode reward: -150.2000,                 loss: nan
Episode: 711, avg. length 9999.0
env0_first_0:                 episode reward: -6.4000,                 loss: 0.0013
env0_second_0:                 episode reward: -149.2000,                 loss: nan
env1_first_0:                 episode reward: -10.1000,                 loss: nan
env1_second_0:                 episode reward: -147.8000,                 loss: nan
Episode: 721, avg. length 9999.0
env0_first_0:                 episode reward: -4.5000,                 loss: 0.0012
env0_second_0:                 episode reward: -166.3000,                 loss: nan
env1_first_0:                 episode reward: -1.8000,                 loss: nan
env1_second_0:                 episode reward: -155.3000,                 loss: nan
Episode: 731, avg. length 9999.0
env0_first_0:                 episode reward: -4.4000,                 loss: 0.0011
env0_second_0:                 episode reward: -144.9000,                 loss: nan
env1_first_0:                 episode reward: -5.9000,                 loss: nan
env1_second_0:                 episode reward: -163.7000,                 loss: nan
Episode: 741, avg. length 9999.0
env0_first_0:                 episode reward: -4.2000,                 loss: 0.0011
env0_second_0:                 episode reward: -163.7000,                 loss: nan
env1_first_0:                 episode reward: -3.9000,                 loss: nan
env1_second_0:                 episode reward: -152.2000,                 loss: nan
Episode: 751, avg. length 9999.0
env0_first_0:                 episode reward: -1.7000,                 loss: 0.0010
env0_second_0:                 episode reward: -144.8000,                 loss: nan
env1_first_0:                 episode reward: -4.3000,                 loss: nan
env1_second_0:                 episode reward: -141.5000,                 loss: nan
Episode: 761, avg. length 9999.0
env0_first_0:                 episode reward: -6.6000,                 loss: 0.0012
env0_second_0:                 episode reward: -147.3000,                 loss: nan
env1_first_0:                 episode reward: -2.6000,                 loss: nan
env1_second_0:                 episode reward: -168.6000,                 loss: nan
Episode: 771, avg. length 9999.0
env0_first_0:                 episode reward: -7.7000,                 loss: 0.0013
env0_second_0:                 episode reward: -151.9000,                 loss: nan
env1_first_0:                 episode reward: -5.0000,                 loss: nan
env1_second_0:                 episode reward: -168.8000,                 loss: nan
Episode: 781, avg. length 9999.0
env0_first_0:                 episode reward: -6.9000,                 loss: 0.0012
env0_second_0:                 episode reward: -161.8000,                 loss: nan
env1_first_0:                 episode reward: -2.4000,                 loss: nan
env1_second_0:                 episode reward: -146.5000,                 loss: nan
Episode: 791, avg. length 9999.0
env0_first_0:                 episode reward: -3.7000,                 loss: 0.0013
env0_second_0:                 episode reward: -156.4000,                 loss: nan
env1_first_0:                 episode reward: -6.9000,                 loss: nan
env1_second_0:                 episode reward: -154.8000,                 loss: nan
Episode: 801, avg. length 9999.0
env0_first_0:                 episode reward: -4.4000,                 loss: 0.0012
env0_second_0:                 episode reward: -134.9000,                 loss: nan
env1_first_0:                 episode reward: -0.3000,                 loss: nan
env1_second_0:                 episode reward: -155.5000,                 loss: nan
Episode: 811, avg. length 9999.0
env0_first_0:                 episode reward: -1.2000,                 loss: 0.0011
env0_second_0:                 episode reward: -150.4000,                 loss: nan
env1_first_0:                 episode reward: -1.4000,                 loss: nan
env1_second_0:                 episode reward: -150.0000,                 loss: nan
Episode: 821, avg. length 9999.0
env0_first_0:                 episode reward: 1.1000,                 loss: 0.0012
env0_second_0:                 episode reward: -160.5000,                 loss: nan
env1_first_0:                 episode reward: -4.7000,                 loss: nan
env1_second_0:                 episode reward: -162.3000,                 loss: nan
Episode: 831, avg. length 9999.0
env0_first_0:                 episode reward: -6.2000,                 loss: 0.0013
env0_second_0:                 episode reward: -149.3000,                 loss: nan
env1_first_0:                 episode reward: 1.3000,                 loss: nan
env1_second_0:                 episode reward: -165.0000,                 loss: nan
Episode: 841, avg. length 9999.0
env0_first_0:                 episode reward: -12.7000,                 loss: 0.0014
env0_second_0:                 episode reward: -148.8000,                 loss: nan
env1_first_0:                 episode reward: -7.8000,                 loss: nan
env1_second_0:                 episode reward: -150.1000,                 loss: nan
Episode: 851, avg. length 9999.0
env0_first_0:                 episode reward: -1.8000,                 loss: 0.0012
env0_second_0:                 episode reward: -140.3000,                 loss: nan
env1_first_0:                 episode reward: -1.8000,                 loss: nan
env1_second_0:                 episode reward: -153.9000,                 loss: nan
Episode: 861, avg. length 9999.0
env0_first_0:                 episode reward: 0.3000,                 loss: 0.0012
env0_second_0:                 episode reward: -155.1000,                 loss: nan
env1_first_0:                 episode reward: -2.6000,                 loss: nan
env1_second_0:                 episode reward: -150.5000,                 loss: nan
Episode: 871, avg. length 9999.0
env0_first_0:                 episode reward: -3.8000,                 loss: 0.0013
env0_second_0:                 episode reward: -148.5000,                 loss: nan
env1_first_0:                 episode reward: -6.8000,                 loss: nan
env1_second_0:                 episode reward: -152.8000,                 loss: nan
Episode: 881, avg. length 9995.0
env0_first_0:                 episode reward: -3.1000,                 loss: 0.0012
env0_second_0:                 episode reward: -152.5000,                 loss: nan
env1_first_0:                 episode reward: -5.1000,                 loss: nan
env1_second_0:                 episode reward: -157.5000,                 loss: nan
Episode: 891, avg. length 9999.0
env0_first_0:                 episode reward: -4.3000,                 loss: 0.0013
env0_second_0:                 episode reward: -128.9000,                 loss: nan
env1_first_0:                 episode reward: -4.1000,                 loss: nan
env1_second_0:                 episode reward: -146.9000,                 loss: nan
Episode: 901, avg. length 9763.0
env0_first_0:                 episode reward: -3.2000,                 loss: 0.0013
env0_second_0:                 episode reward: -147.3000,                 loss: nan
env1_first_0:                 episode reward: -1.2000,                 loss: nan
env1_second_0:                 episode reward: -147.3000,                 loss: nan
Episode: 911, avg. length 9999.0
env0_first_0:                 episode reward: -7.4000,                 loss: 0.0013
env0_second_0:                 episode reward: -148.2000,                 loss: nan
env1_first_0:                 episode reward: -2.8000,                 loss: nan
env1_second_0:                 episode reward: -145.6000,                 loss: nan
Episode: 921, avg. length 9999.0
env0_first_0:                 episode reward: -3.3000,                 loss: 0.0011
env0_second_0:                 episode reward: -154.1000,                 loss: nan
env1_first_0:                 episode reward: -2.5000,                 loss: nan
env1_second_0:                 episode reward: -151.4000,                 loss: nan
Episode: 931, avg. length 9999.0
env0_first_0:                 episode reward: -4.7000,                 loss: 0.0013
env0_second_0:                 episode reward: -153.3000,                 loss: nan
env1_first_0:                 episode reward: -2.3000,                 loss: nan
env1_second_0:                 episode reward: -151.4000,                 loss: nan
Episode: 941, avg. length 9999.0
env0_first_0:                 episode reward: -4.7000,                 loss: 0.0013
env0_second_0:                 episode reward: -148.3000,                 loss: nan
env1_first_0:                 episode reward: -2.7000,                 loss: nan
env1_second_0:                 episode reward: -145.0000,                 loss: nan
Episode: 951, avg. length 9999.0
env0_first_0:                 episode reward: -4.6000,                 loss: 0.0011
env0_second_0:                 episode reward: -145.2000,                 loss: nan
env1_first_0:                 episode reward: -2.5000,                 loss: nan
env1_second_0:                 episode reward: -154.6000,                 loss: nan
Episode: 961, avg. length 9999.0
env0_first_0:                 episode reward: -2.3000,                 loss: 0.0011
env0_second_0:                 episode reward: -143.5000,                 loss: nan
env1_first_0:                 episode reward: -6.2000,                 loss: nan
env1_second_0:                 episode reward: -139.9000,                 loss: nan
Episode: 971, avg. length 9999.0
env0_first_0:                 episode reward: -6.2000,                 loss: 0.0012
env0_second_0:                 episode reward: -133.7000,                 loss: nan
env1_first_0:                 episode reward: -8.0000,                 loss: nan
env1_second_0:                 episode reward: -153.7000,                 loss: nan
Episode: 981, avg. length 9999.0
env0_first_0:                 episode reward: -5.5000,                 loss: 0.0012
env0_second_0:                 episode reward: -149.3000,                 loss: nan
env1_first_0:                 episode reward: -3.9000,                 loss: nan
env1_second_0:                 episode reward: -147.1000,                 loss: nan
Episode: 991, avg. length 9999.0
env0_first_0:                 episode reward: -4.4000,                 loss: 0.0011
env0_second_0:                 episode reward: -144.0000,                 loss: nan
env1_first_0:                 episode reward: -1.2000,                 loss: nan
env1_second_0:                 episode reward: -151.4000,                 loss: nan
Episode: 1001, avg. length 9999.0
env0_first_0:                 episode reward: -3.1000,                 loss: 0.0014
env0_second_0:                 episode reward: -144.5000,                 loss: nan
env1_first_0:                 episode reward: -7.9000,                 loss: nan
env1_second_0:                 episode reward: -137.3000,                 loss: nan
Episode: 1011, avg. length 9999.0
env0_first_0:                 episode reward: -6.1000,                 loss: 0.0011
env0_second_0:                 episode reward: -149.4000,                 loss: nan
env1_first_0:                 episode reward: -7.5000,                 loss: nan
env1_second_0:                 episode reward: -157.2000,                 loss: nan
Episode: 1021, avg. length 9999.0
env0_first_0:                 episode reward: -5.9000,                 loss: 0.0013
env0_second_0:                 episode reward: -143.3000,                 loss: nan
env1_first_0:                 episode reward: -0.4000,                 loss: nan
env1_second_0:                 episode reward: -159.4000,                 loss: nan
Episode: 1031, avg. length 9999.0
env0_first_0:                 episode reward: -7.1000,                 loss: 0.0012
env0_second_0:                 episode reward: -168.1000,                 loss: nan
env1_first_0:                 episode reward: -2.7000,                 loss: nan
env1_second_0:                 episode reward: -150.6000,                 loss: nan
Episode: 1041, avg. length 9999.0
env0_first_0:                 episode reward: -7.4000,                 loss: 0.0012
env0_second_0:                 episode reward: -160.4000,                 loss: nan
env1_first_0:                 episode reward: -1.1000,                 loss: nan
env1_second_0:                 episode reward: -145.2000,                 loss: nan
Episode: 1051, avg. length 9999.0
env0_first_0:                 episode reward: -1.9000,                 loss: 0.0011
env0_second_0:                 episode reward: -159.8000,                 loss: nan
env1_first_0:                 episode reward: -4.9000,                 loss: nan
env1_second_0:                 episode reward: -138.5000,                 loss: nan
Episode: 1061, avg. length 9999.0
env0_first_0:                 episode reward: -4.9000,                 loss: 0.0011
env0_second_0:                 episode reward: -153.8000,                 loss: nan
env1_first_0:                 episode reward: -3.5000,                 loss: nan
env1_second_0:                 episode reward: -154.6000,                 loss: nan
Episode: 1071, avg. length 9999.0
env0_first_0:                 episode reward: -2.4000,                 loss: 0.0012
env0_second_0:                 episode reward: -154.0000,                 loss: nan
env1_first_0:                 episode reward: -1.6000,                 loss: nan
env1_second_0:                 episode reward: -141.8000,                 loss: nan
Episode: 1081, avg. length 9999.0
env0_first_0:                 episode reward: -4.5000,                 loss: 0.0012
env0_second_0:                 episode reward: -145.5000,                 loss: nan
env1_first_0:                 episode reward: -1.2000,                 loss: nan
env1_second_0:                 episode reward: -138.4000,                 loss: nan
Episode: 1091, avg. length 9999.0
env0_first_0:                 episode reward: -4.7000,                 loss: 0.0012
env0_second_0:                 episode reward: -138.8000,                 loss: nan
env1_first_0:                 episode reward: -6.8000,                 loss: nan
env1_second_0:                 episode reward: -143.7000,                 loss: nan
Episode: 1101, avg. length 9999.0
env0_first_0:                 episode reward: -2.0000,                 loss: 0.0011
env0_second_0:                 episode reward: -140.0000,                 loss: nan
env1_first_0:                 episode reward: -2.3000,                 loss: nan
env1_second_0:                 episode reward: -137.1000,                 loss: nan
Episode: 1111, avg. length 9999.0
env0_first_0:                 episode reward: -3.4000,                 loss: 0.0012
env0_second_0:                 episode reward: -153.3000,                 loss: nan
env1_first_0:                 episode reward: -2.3000,                 loss: nan
env1_second_0:                 episode reward: -148.6000,                 loss: nan
Episode: 1121, avg. length 9999.0
env0_first_0:                 episode reward: -10.9000,                 loss: 0.0013
env0_second_0:                 episode reward: -143.6000,                 loss: nan
env1_first_0:                 episode reward: -3.7000,                 loss: nan
env1_second_0:                 episode reward: -153.3000,                 loss: nan
Episode: 1131, avg. length 9999.0
env0_first_0:                 episode reward: -5.4000,                 loss: 0.0011
env0_second_0:                 episode reward: -154.2000,                 loss: nan
env1_first_0:                 episode reward: -3.1000,                 loss: nan
env1_second_0:                 episode reward: -144.4000,                 loss: nan
Episode: 1141, avg. length 9999.0
env0_first_0:                 episode reward: -7.0000,                 loss: 0.0013
env0_second_0:                 episode reward: -173.3000,                 loss: nan
env1_first_0:                 episode reward: -5.4000,                 loss: nan
env1_second_0:                 episode reward: -144.7000,                 loss: nan
Episode: 1151, avg. length 9999.0
env0_first_0:                 episode reward: -5.1000,                 loss: 0.0011
env0_second_0:                 episode reward: -148.8000,                 loss: nan
env1_first_0:                 episode reward: -9.7000,                 loss: nan
env1_second_0:                 episode reward: -161.6000,                 loss: nan
Episode: 1161, avg. length 9999.0
env0_first_0:                 episode reward: -7.8000,                 loss: 0.0014
env0_second_0:                 episode reward: -149.2000,                 loss: nan
env1_first_0:                 episode reward: -7.2000,                 loss: nan
env1_second_0:                 episode reward: -160.5000,                 loss: nan
Episode: 1171, avg. length 9999.0
env0_first_0:                 episode reward: -2.4000,                 loss: 0.0012
env0_second_0:                 episode reward: -146.7000,                 loss: nan
env1_first_0:                 episode reward: -2.5000,                 loss: nan
env1_second_0:                 episode reward: -160.7000,                 loss: nan
Episode: 1181, avg. length 9999.0
env0_first_0:                 episode reward: -3.8000,                 loss: 0.0013
env0_second_0:                 episode reward: -148.8000,                 loss: nan
env1_first_0:                 episode reward: -5.7000,                 loss: nan
env1_second_0:                 episode reward: -163.6000,                 loss: nan
Episode: 1191, avg. length 9999.0
env0_first_0:                 episode reward: -6.9000,                 loss: 0.0011
env0_second_0:                 episode reward: -155.3000,                 loss: nan
env1_first_0:                 episode reward: -7.1000,                 loss: nan
env1_second_0:                 episode reward: -164.2000,                 loss: nan
Episode: 1201, avg. length 9999.0
env0_first_0:                 episode reward: -8.3000,                 loss: 0.0014
env0_second_0:                 episode reward: -157.6000,                 loss: nan
env1_first_0:                 episode reward: -6.3000,                 loss: nan
env1_second_0:                 episode reward: -142.9000,                 loss: nan
Episode: 1211, avg. length 9999.0
env0_first_0:                 episode reward: 0.1000,                 loss: 0.0012
env0_second_0:                 episode reward: -152.2000,                 loss: nan
env1_first_0:                 episode reward: -4.2000,                 loss: nan
env1_second_0:                 episode reward: -151.1000,                 loss: nan
Episode: 1221, avg. length 9999.0
env0_first_0:                 episode reward: -2.6000,                 loss: 0.0011
env0_second_0:                 episode reward: -140.6000,                 loss: nan
env1_first_0:                 episode reward: -1.7000,                 loss: nan
env1_second_0:                 episode reward: -144.4000,                 loss: nan
Episode: 1231, avg. length 9999.0
env0_first_0:                 episode reward: -7.0000,                 loss: 0.0013
env0_second_0:                 episode reward: -145.4000,                 loss: nan
env1_first_0:                 episode reward: -2.9000,                 loss: nan
env1_second_0:                 episode reward: -143.8000,                 loss: nan
Episode: 1241, avg. length 9999.0
env0_first_0:                 episode reward: -8.2000,                 loss: 0.0012
env0_second_0:                 episode reward: -154.8000,                 loss: nan
env1_first_0:                 episode reward: -7.2000,                 loss: nan
env1_second_0:                 episode reward: -149.6000,                 loss: nan
Episode: 1251, avg. length 9981.0
env0_first_0:                 episode reward: 1.0000,                 loss: 0.0011
env0_second_0:                 episode reward: -154.2000,                 loss: nan
env1_first_0:                 episode reward: -0.3000,                 loss: nan
env1_second_0:                 episode reward: -138.3000,                 loss: nan
Episode: 1261, avg. length 9999.0
env0_first_0:                 episode reward: -9.4000,                 loss: 0.0015
env0_second_0:                 episode reward: -150.1000,                 loss: nan
env1_first_0:                 episode reward: -6.8000,                 loss: nan
env1_second_0:                 episode reward: -153.9000,                 loss: nan
Episode: 1271, avg. length 9999.0
env0_first_0:                 episode reward: -6.4000,                 loss: 0.0013
env0_second_0:                 episode reward: -153.0000,                 loss: nan
env1_first_0:                 episode reward: -4.5000,                 loss: nan
env1_second_0:                 episode reward: -145.7000,                 loss: nan
Episode: 1281, avg. length 9999.0
env0_first_0:                 episode reward: -6.7000,                 loss: 0.0013
env0_second_0:                 episode reward: -150.5000,                 loss: nan
env1_first_0:                 episode reward: -1.3000,                 loss: nan
env1_second_0:                 episode reward: -155.1000,                 loss: nan
Episode: 1291, avg. length 9999.0
env0_first_0:                 episode reward: -4.6000,                 loss: 0.0012
env0_second_0:                 episode reward: -148.7000,                 loss: nan
env1_first_0:                 episode reward: -4.8000,                 loss: nan
env1_second_0:                 episode reward: -152.4000,                 loss: nan
Episode: 1301, avg. length 9999.0
env0_first_0:                 episode reward: -3.5000,                 loss: 0.0012
env0_second_0:                 episode reward: -150.8000,                 loss: nan
env1_first_0:                 episode reward: -2.0000,                 loss: nan
env1_second_0:                 episode reward: -148.0000,                 loss: nan
Episode: 1311, avg. length 9999.0
env0_first_0:                 episode reward: -4.4000,                 loss: 0.0012
env0_second_0:                 episode reward: -140.3000,                 loss: nan
env1_first_0:                 episode reward: -1.6000,                 loss: nan
env1_second_0:                 episode reward: -173.0000,                 loss: nan
Episode: 1321, avg. length 9999.0
env0_first_0:                 episode reward: -2.4000,                 loss: 0.0012
env0_second_0:                 episode reward: -156.1000,                 loss: nan
env1_first_0:                 episode reward: -3.5000,                 loss: nan
env1_second_0:                 episode reward: -153.8000,                 loss: nan
Episode: 1331, avg. length 9999.0
env0_first_0:                 episode reward: -5.9000,                 loss: 0.0012
env0_second_0:                 episode reward: -162.9000,                 loss: nan
env1_first_0:                 episode reward: -2.2000,                 loss: nan
env1_second_0:                 episode reward: -145.5000,                 loss: nan
Episode: 1341, avg. length 9999.0
env0_first_0:                 episode reward: -2.8000,                 loss: 0.0012
env0_second_0:                 episode reward: -152.8000,                 loss: nan
env1_first_0:                 episode reward: -9.3000,                 loss: nan
env1_second_0:                 episode reward: -153.9000,                 loss: nan
Episode: 1351, avg. length 9999.0
env0_first_0:                 episode reward: -4.7000,                 loss: 0.0013
env0_second_0:                 episode reward: -155.7000,                 loss: nan
env1_first_0:                 episode reward: -5.2000,                 loss: nan
env1_second_0:                 episode reward: -149.4000,                 loss: nan
Episode: 1361, avg. length 9999.0
env0_first_0:                 episode reward: -3.2000,                 loss: 0.0011
env0_second_0:                 episode reward: -151.3000,                 loss: nan
env1_first_0:                 episode reward: -1.9000,                 loss: nan
env1_second_0:                 episode reward: -157.6000,                 loss: nan
Episode: 1371, avg. length 9999.0
env0_first_0:                 episode reward: -4.5000,                 loss: 0.0012
env0_second_0:                 episode reward: -156.4000,                 loss: nan
env1_first_0:                 episode reward: -3.9000,                 loss: nan
env1_second_0:                 episode reward: -136.4000,                 loss: nan
Episode: 1381, avg. length 9999.0
env0_first_0:                 episode reward: -4.9000,                 loss: 0.0013
env0_second_0:                 episode reward: -150.2000,                 loss: nan
env1_first_0:                 episode reward: -9.0000,                 loss: nan
env1_second_0:                 episode reward: -153.7000,                 loss: nan
Episode: 1391, avg. length 9999.0
env0_first_0:                 episode reward: -6.4000,                 loss: 0.0013
env0_second_0:                 episode reward: -147.5000,                 loss: nan
env1_first_0:                 episode reward: -7.9000,                 loss: nan
env1_second_0:                 episode reward: -142.6000,                 loss: nan
Episode: 1401, avg. length 9999.0
env0_first_0:                 episode reward: -6.3000,                 loss: 0.0012
env0_second_0:                 episode reward: -156.5000,                 loss: nan
env1_first_0:                 episode reward: -4.0000,                 loss: nan
env1_second_0:                 episode reward: -137.1000,                 loss: nan
Episode: 1411, avg. length 9999.0
env0_first_0:                 episode reward: -3.2000,                 loss: 0.0011
env0_second_0:                 episode reward: -147.5000,                 loss: nan
env1_first_0:                 episode reward: -5.5000,                 loss: nan
env1_second_0:                 episode reward: -157.0000,                 loss: nan
Episode: 1421, avg. length 9999.0
env0_first_0:                 episode reward: -1.9000,                 loss: 0.0012
env0_second_0:                 episode reward: -146.7000,                 loss: nan
env1_first_0:                 episode reward: -6.0000,                 loss: nan
env1_second_0:                 episode reward: -139.3000,                 loss: nan
Episode: 1431, avg. length 9999.0
env0_first_0:                 episode reward: -3.9000,                 loss: 0.0011
env0_second_0:                 episode reward: -139.1000,                 loss: nan
env1_first_0:                 episode reward: -1.9000,                 loss: nan
env1_second_0:                 episode reward: -149.2000,                 loss: nan
Episode: 1441, avg. length 9999.0
env0_first_0:                 episode reward: -2.3000,                 loss: 0.0012
env0_second_0:                 episode reward: -155.6000,                 loss: nan
env1_first_0:                 episode reward: -0.2000,                 loss: nan
env1_second_0:                 episode reward: -142.3000,                 loss: nan
Episode: 1451, avg. length 9853.2
env0_first_0:                 episode reward: -3.8000,                 loss: 0.0014
env0_second_0:                 episode reward: -146.6000,                 loss: nan
env1_first_0:                 episode reward: -6.9000,                 loss: nan
env1_second_0:                 episode reward: -154.3000,                 loss: nan
Episode: 1461, avg. length 9999.0
env0_first_0:                 episode reward: -4.1000,                 loss: 0.0012
env0_second_0:                 episode reward: -149.1000,                 loss: nan
env1_first_0:                 episode reward: -3.0000,                 loss: nan
env1_second_0:                 episode reward: -139.1000,                 loss: nan
Episode: 1471, avg. length 9999.0
env0_first_0:                 episode reward: 0.7000,                 loss: 0.0011
env0_second_0:                 episode reward: -154.8000,                 loss: nan
env1_first_0:                 episode reward: -4.4000,                 loss: nan
env1_second_0:                 episode reward: -142.5000,                 loss: nan
Episode: 1481, avg. length 9999.0
env0_first_0:                 episode reward: -5.1000,                 loss: 0.0012
env0_second_0:                 episode reward: -143.8000,                 loss: nan
env1_first_0:                 episode reward: -2.1000,                 loss: nan
env1_second_0:                 episode reward: -151.3000,                 loss: nan
Episode: 1491, avg. length 9999.0
env0_first_0:                 episode reward: -0.9000,                 loss: 0.0012
env0_second_0:                 episode reward: -136.0000,                 loss: nan
env1_first_0:                 episode reward: -0.8000,                 loss: nan
env1_second_0:                 episode reward: -145.3000,                 loss: nan
Episode: 1501, avg. length 9999.0
env0_first_0:                 episode reward: -7.4000,                 loss: 0.0012
env0_second_0:                 episode reward: -147.7000,                 loss: nan
env1_first_0:                 episode reward: 1.3000,                 loss: nan
env1_second_0:                 episode reward: -146.1000,                 loss: nan
Episode: 1511, avg. length 9999.0
env0_first_0:                 episode reward: -7.5000,                 loss: 0.0013
env0_second_0:                 episode reward: -143.0000,                 loss: nan
env1_first_0:                 episode reward: -2.4000,                 loss: nan
env1_second_0:                 episode reward: -153.4000,                 loss: nan
Episode: 1521, avg. length 9999.0
env0_first_0:                 episode reward: -4.2000,                 loss: 0.0013
env0_second_0:                 episode reward: -153.8000,                 loss: nan
env1_first_0:                 episode reward: -6.6000,                 loss: nan
env1_second_0:                 episode reward: -155.1000,                 loss: nan
Episode: 1531, avg. length 9999.0
env0_first_0:                 episode reward: -2.7000,                 loss: 0.0011
env0_second_0:                 episode reward: -148.2000,                 loss: nan
env1_first_0:                 episode reward: -7.9000,                 loss: nan
env1_second_0:                 episode reward: -151.7000,                 loss: nan
Episode: 1541, avg. length 9999.0
env0_first_0:                 episode reward: -3.5000,                 loss: 0.0011
env0_second_0:                 episode reward: -154.1000,                 loss: nan
env1_first_0:                 episode reward: -5.6000,                 loss: nan
env1_second_0:                 episode reward: -146.0000,                 loss: nan
Episode: 1551, avg. length 9999.0
env0_first_0:                 episode reward: -9.7000,                 loss: 0.0013
env0_second_0:                 episode reward: -160.8000,                 loss: nan
env1_first_0:                 episode reward: -4.7000,                 loss: nan
env1_second_0:                 episode reward: -143.7000,                 loss: nan
Episode: 1561, avg. length 9999.0
env0_first_0:                 episode reward: -2.0000,                 loss: 0.0012
env0_second_0:                 episode reward: -135.4000,                 loss: nan
env1_first_0:                 episode reward: -4.6000,                 loss: nan
env1_second_0:                 episode reward: -140.5000,                 loss: nan
Episode: 1571, avg. length 9999.0
env0_first_0:                 episode reward: -4.7000,                 loss: 0.0012
env0_second_0:                 episode reward: -148.5000,                 loss: nan
env1_first_0:                 episode reward: -1.7000,                 loss: nan
env1_second_0:                 episode reward: -145.9000,                 loss: nan
Episode: 1581, avg. length 9999.0
env0_first_0:                 episode reward: -0.9000,                 loss: 0.0012
env0_second_0:                 episode reward: -146.1000,                 loss: nan
env1_first_0:                 episode reward: -6.1000,                 loss: nan
env1_second_0:                 episode reward: -148.6000,                 loss: nan
Episode: 1591, avg. length 9999.0
env0_first_0:                 episode reward: -6.4000,                 loss: 0.0014
env0_second_0:                 episode reward: -160.3000,                 loss: nan
env1_first_0:                 episode reward: -2.6000,                 loss: nan
env1_second_0:                 episode reward: -159.3000,                 loss: nan
Episode: 1601, avg. length 9999.0
env0_first_0:                 episode reward: -8.9000,                 loss: 0.0013
env0_second_0:                 episode reward: -145.1000,                 loss: nan
env1_first_0:                 episode reward: -5.1000,                 loss: nan
env1_second_0:                 episode reward: -150.8000,                 loss: nan
Episode: 1611, avg. length 9999.0
env0_first_0:                 episode reward: -9.0000,                 loss: 0.0012
env0_second_0:                 episode reward: -150.2000,                 loss: nan
env1_first_0:                 episode reward: -1.7000,                 loss: nan
env1_second_0:                 episode reward: -142.6000,                 loss: nan
Episode: 1621, avg. length 9999.0
env0_first_0:                 episode reward: -5.6000,                 loss: 0.0013
env0_second_0:                 episode reward: -140.4000,                 loss: nan
env1_first_0:                 episode reward: -3.7000,                 loss: nan
env1_second_0:                 episode reward: -144.0000,                 loss: nan
Episode: 1631, avg. length 9999.0
env0_first_0:                 episode reward: -4.8000,                 loss: 0.0012
env0_second_0:                 episode reward: -154.0000,                 loss: nan
env1_first_0:                 episode reward: -3.1000,                 loss: nan
env1_second_0:                 episode reward: -148.3000,                 loss: nan
Episode: 1641, avg. length 9999.0
env0_first_0:                 episode reward: -7.0000,                 loss: 0.0012
env0_second_0:                 episode reward: -145.6000,                 loss: nan
env1_first_0:                 episode reward: -3.9000,                 loss: nan
env1_second_0:                 episode reward: -151.0000,                 loss: nan
Episode: 1651, avg. length 9999.0
env0_first_0:                 episode reward: -1.2000,                 loss: 0.0011
env0_second_0:                 episode reward: -161.1000,                 loss: nan
env1_first_0:                 episode reward: -2.0000,                 loss: nan
env1_second_0:                 episode reward: -160.0000,                 loss: nan
Episode: 1661, avg. length 9999.0
env0_first_0:                 episode reward: -5.4000,                 loss: 0.0012
env0_second_0:                 episode reward: -152.2000,                 loss: nan
env1_first_0:                 episode reward: -3.3000,                 loss: nan
env1_second_0:                 episode reward: -164.1000,                 loss: nan
Episode: 1671, avg. length 9999.0
env0_first_0:                 episode reward: -4.9000,                 loss: 0.0013
env0_second_0:                 episode reward: -156.9000,                 loss: nan
env1_first_0:                 episode reward: -4.5000,                 loss: nan
env1_second_0:                 episode reward: -152.8000,                 loss: nan
Episode: 1681, avg. length 9999.0
env0_first_0:                 episode reward: -12.8000,                 loss: 0.0013
env0_second_0:                 episode reward: -148.0000,                 loss: nan
env1_first_0:                 episode reward: -7.7000,                 loss: nan
env1_second_0:                 episode reward: -155.6000,                 loss: nan
Episode: 1691, avg. length 9999.0
env0_first_0:                 episode reward: -6.2000,                 loss: 0.0013
env0_second_0:                 episode reward: -150.1000,                 loss: nan
env1_first_0:                 episode reward: -5.5000,                 loss: nan
env1_second_0:                 episode reward: -149.9000,                 loss: nan
Episode: 1701, avg. length 9999.0
env0_first_0:                 episode reward: -0.5000,                 loss: 0.0012
env0_second_0:                 episode reward: -149.9000,                 loss: nan
env1_first_0:                 episode reward: -3.8000,                 loss: nan
env1_second_0:                 episode reward: -147.3000,                 loss: nan
Episode: 1711, avg. length 9999.0
env0_first_0:                 episode reward: -2.2000,                 loss: 0.0011
env0_second_0:                 episode reward: -136.1000,                 loss: nan
env1_first_0:                 episode reward: -2.7000,                 loss: nan
env1_second_0:                 episode reward: -151.4000,                 loss: nan
Episode: 1721, avg. length 9999.0
env0_first_0:                 episode reward: -3.2000,                 loss: 0.0012
env0_second_0:                 episode reward: -152.3000,                 loss: nan
env1_first_0:                 episode reward: -2.0000,                 loss: nan
env1_second_0:                 episode reward: -140.7000,                 loss: nan
Episode: 1731, avg. length 9999.0
env0_first_0:                 episode reward: 1.3000,                 loss: 0.0013
env0_second_0:                 episode reward: -161.1000,                 loss: nan
env1_first_0:                 episode reward: -4.3000,                 loss: nan
env1_second_0:                 episode reward: -153.8000,                 loss: nan
Episode: 1741, avg. length 9999.0
env0_first_0:                 episode reward: -8.0000,                 loss: 0.0014
env0_second_0:                 episode reward: -149.5000,                 loss: nan
env1_first_0:                 episode reward: -11.5000,                 loss: nan
env1_second_0:                 episode reward: -142.8000,                 loss: nan
Episode: 1751, avg. length 9999.0
env0_first_0:                 episode reward: -6.9000,                 loss: 0.0013
env0_second_0:                 episode reward: -173.3000,                 loss: nan
env1_first_0:                 episode reward: -3.0000,                 loss: nan
env1_second_0:                 episode reward: -152.7000,                 loss: nan
Episode: 1761, avg. length 9999.0
env0_first_0:                 episode reward: -3.5000,                 loss: 0.0012
env0_second_0:                 episode reward: -156.6000,                 loss: nan
env1_first_0:                 episode reward: -1.5000,                 loss: nan
env1_second_0:                 episode reward: -150.1000,                 loss: nan
Episode: 1771, avg. length 9999.0
env0_first_0:                 episode reward: -2.2000,                 loss: 0.0012
env0_second_0:                 episode reward: -149.4000,                 loss: nan
env1_first_0:                 episode reward: -2.5000,                 loss: nan
env1_second_0:                 episode reward: -156.2000,                 loss: nan
Episode: 1781, avg. length 9999.0
env0_first_0:                 episode reward: -3.1000,                 loss: 0.0012
env0_second_0:                 episode reward: -137.6000,                 loss: nan
env1_first_0:                 episode reward: -8.1000,                 loss: nan
env1_second_0:                 episode reward: -165.3000,                 loss: nan
Episode: 1791, avg. length 9999.0
env0_first_0:                 episode reward: -5.6000,                 loss: 0.0013
env0_second_0:                 episode reward: -154.7000,                 loss: nan
env1_first_0:                 episode reward: -1.1000,                 loss: nan
env1_second_0:                 episode reward: -154.8000,                 loss: nan
Episode: 1801, avg. length 9999.0
env0_first_0:                 episode reward: -6.3000,                 loss: 0.0013
env0_second_0:                 episode reward: -161.2000,                 loss: nan
env1_first_0:                 episode reward: -1.7000,                 loss: nan
env1_second_0:                 episode reward: -161.1000,                 loss: nan
Episode: 1811, avg. length 9999.0
env0_first_0:                 episode reward: -4.5000,                 loss: 0.0013
env0_second_0:                 episode reward: -150.4000,                 loss: nan
env1_first_0:                 episode reward: -3.6000,                 loss: nan
env1_second_0:                 episode reward: -158.2000,                 loss: nan
Episode: 1821, avg. length 9999.0
env0_first_0:                 episode reward: -5.6000,                 loss: 0.0014
env0_second_0:                 episode reward: -151.1000,                 loss: nan
env1_first_0:                 episode reward: -10.9000,                 loss: nan
env1_second_0:                 episode reward: -150.0000,                 loss: nan
Episode: 1831, avg. length 9999.0
env0_first_0:                 episode reward: -4.5000,                 loss: 0.0014
env0_second_0:                 episode reward: -157.0000,                 loss: nan
env1_first_0:                 episode reward: -8.9000,                 loss: nan
env1_second_0:                 episode reward: -148.0000,                 loss: nan
Episode: 1841, avg. length 9999.0
env0_first_0:                 episode reward: -3.5000,                 loss: 0.0014
env0_second_0:                 episode reward: -157.1000,                 loss: nan
env1_first_0:                 episode reward: -6.6000,                 loss: nan
env1_second_0:                 episode reward: -151.7000,                 loss: nan
Episode: 1851, avg. length 9999.0
env0_first_0:                 episode reward: -2.0000,                 loss: 0.0011
env0_second_0:                 episode reward: -165.4000,                 loss: nan
env1_first_0:                 episode reward: -2.4000,                 loss: nan
env1_second_0:                 episode reward: -157.1000,                 loss: nan
Episode: 1861, avg. length 9999.0
env0_first_0:                 episode reward: -3.4000,                 loss: 0.0012
env0_second_0:                 episode reward: -154.0000,                 loss: nan
env1_first_0:                 episode reward: -7.3000,                 loss: nan
env1_second_0:                 episode reward: -160.7000,                 loss: nan
Episode: 1871, avg. length 9999.0
env0_first_0:                 episode reward: -5.1000,                 loss: 0.0012
env0_second_0:                 episode reward: -138.9000,                 loss: nan
env1_first_0:                 episode reward: -2.0000,                 loss: nan
env1_second_0:                 episode reward: -152.8000,                 loss: nan
Episode: 1881, avg. length 9999.0
env0_first_0:                 episode reward: -6.7000,                 loss: 0.0012
env0_second_0:                 episode reward: -146.3000,                 loss: nan
env1_first_0:                 episode reward: -2.8000,                 loss: nan
env1_second_0:                 episode reward: -135.4000,                 loss: nan
Episode: 1891, avg. length 9999.0
env0_first_0:                 episode reward: -10.1000,                 loss: 0.0013
env0_second_0:                 episode reward: -155.7000,                 loss: nan
env1_first_0:                 episode reward: -6.5000,                 loss: nan
env1_second_0:                 episode reward: -143.0000,                 loss: nan
Episode: 1901, avg. length 9999.0
env0_first_0:                 episode reward: -15.3000,                 loss: 0.0014
env0_second_0:                 episode reward: -161.2000,                 loss: nan
env1_first_0:                 episode reward: -1.7000,                 loss: nan
env1_second_0:                 episode reward: -156.2000,                 loss: nan
Episode: 1911, avg. length 9999.0
env0_first_0:                 episode reward: -5.6000,                 loss: 0.0012
env0_second_0:                 episode reward: -156.3000,                 loss: nan
env1_first_0:                 episode reward: -2.3000,                 loss: nan
env1_second_0:                 episode reward: -153.9000,                 loss: nan
Episode: 1921, avg. length 9999.0
env0_first_0:                 episode reward: -8.0000,                 loss: 0.0013
env0_second_0:                 episode reward: -146.4000,                 loss: nan
env1_first_0:                 episode reward: -2.5000,                 loss: nan
env1_second_0:                 episode reward: -149.3000,                 loss: nan
Episode: 1931, avg. length 9999.0
env0_first_0:                 episode reward: -5.4000,                 loss: 0.0011
env0_second_0:                 episode reward: -154.3000,                 loss: nan
env1_first_0:                 episode reward: -3.6000,                 loss: nan
env1_second_0:                 episode reward: -148.5000,                 loss: nan
Episode: 1941, avg. length 9999.0
env0_first_0:                 episode reward: -5.4000,                 loss: 0.0013
env0_second_0:                 episode reward: -135.8000,                 loss: nan
env1_first_0:                 episode reward: -1.1000,                 loss: nan
env1_second_0:                 episode reward: -141.8000,                 loss: nan
Episode: 1951, avg. length 9999.0
env0_first_0:                 episode reward: -7.8000,                 loss: 0.0012
env0_second_0:                 episode reward: -137.5000,                 loss: nan
env1_first_0:                 episode reward: -6.0000,                 loss: nan
env1_second_0:                 episode reward: -153.3000,                 loss: nan
Episode: 1961, avg. length 9999.0
env0_first_0:                 episode reward: -3.1000,                 loss: 0.0012
env0_second_0:                 episode reward: -146.5000,                 loss: nan
env1_first_0:                 episode reward: -4.5000,                 loss: nan
env1_second_0:                 episode reward: -151.4000,                 loss: nan
Episode: 1971, avg. length 9999.0
env0_first_0:                 episode reward: -6.6000,                 loss: 0.0012
env0_second_0:                 episode reward: -157.1000,                 loss: nan
env1_first_0:                 episode reward: -5.2000,                 loss: nan
env1_second_0:                 episode reward: -142.5000,                 loss: nan
Episode: 1981, avg. length 9999.0
env0_first_0:                 episode reward: -10.5000,                 loss: 0.0013
env0_second_0:                 episode reward: -149.9000,                 loss: nan
env1_first_0:                 episode reward: -4.0000,                 loss: nan
env1_second_0:                 episode reward: -153.1000,                 loss: nan
Episode: 1991, avg. length 9999.0
env0_first_0:                 episode reward: -9.7000,                 loss: 0.0014
env0_second_0:                 episode reward: -160.5000,                 loss: nan
env1_first_0:                 episode reward: -3.4000,                 loss: nan