SlimeVolley-v0 slimevolley
Load SlimeVolley-v0 environment in type slimevolley.
<env.wrappers.mars_wrappers.Dict2TupleWrapper object at 0x7fa0fb676910>
Agents No. [0] (index starting from 0) are not learnable.
Arguments:  {'env_name': 'SlimeVolley-v0', 'env_type': 'slimevolley', 'num_envs': 1, 'ram': True, 'seed': 1122, 'against_baseline': False, 'hidden_dim': 64, 'algorithm': 'DQN', 'algorithm_spec': {'episodic_update': False, 'dueling': False, 'replay_buffer_size': '1e5', 'gamma': 0.99, 'multi_step': 1, 'target_update_interval': 1000, 'eps_start': 1.0, 'eps_final': 0.01, 'eps_decay': 30000}, 'batch_size': 32, 'max_episodes': 10000, 'max_steps_per_episode': 10000, 'train_start_frame': 0, 'optimizer': 'adam', 'learning_rate': '2e-5', 'device': 'gpu', 'update_itr': 1, 'log_avg_window': 20, 'log_interval': 20, 'render': False, 'test': False, 'exploit': False, 'load_model_idx': False, 'load_model_full_path': False, 'net_architecture': {'hidden_dim_list': [1024, 1024, 1024], 'hidden_activation': 'Tanh', 'output_activation': False}, 'marl_method': 'selfplay', 'marl_spec': {'selfplay_score_delta': 4.0, 'trainable_agent_idx': 1, 'opponent_idx': 0}}
Episode: 1, avg. length 706.0
first_0:                 episode reward: 1.0000,                 loss: nan
second_0:                 episode reward: -1.0000,                 loss: nan
Episode: 21, avg. length 646.3
first_0:                 episode reward: 0.5000,                 loss: nan
second_0:                 episode reward: -0.5000,                 loss: 0.0081
Episode: 41, avg. length 668.6
first_0:                 episode reward: -0.1000,                 loss: nan
second_0:                 episode reward: 0.1000,                 loss: 0.0086
Episode: 61, avg. length 623.1
first_0:                 episode reward: 0.1500,                 loss: nan
second_0:                 episode reward: -0.1500,                 loss: 0.0087
Episode: 81, avg. length 658.3
first_0:                 episode reward: -0.7500,                 loss: nan
second_0:                 episode reward: 0.7500,                 loss: 0.0062
Episode: 101, avg. length 650.8
first_0:                 episode reward: -0.2000,                 loss: nan
second_0:                 episode reward: 0.2000,                 loss: 0.0063
Episode: 121, avg. length 596.9
first_0:                 episode reward: -0.2000,                 loss: nan
second_0:                 episode reward: 0.2000,                 loss: 0.0042
Episode: 141, avg. length 646.75
first_0:                 episode reward: 0.4500,                 loss: nan
second_0:                 episode reward: -0.4500,                 loss: 0.0114
Episode: 161, avg. length 696.3
first_0:                 episode reward: -0.9500,                 loss: nan
second_0:                 episode reward: 0.9500,                 loss: 0.0162
Episode: 181, avg. length 592.95
first_0:                 episode reward: 0.6000,                 loss: nan
second_0:                 episode reward: -0.6000,                 loss: 0.0139
Episode: 201, avg. length 627.15
first_0:                 episode reward: 0.0500,                 loss: nan
second_0:                 episode reward: -0.0500,                 loss: 0.0085
Episode: 221, avg. length 711.2
first_0:                 episode reward: -0.1000,                 loss: nan
second_0:                 episode reward: 0.1000,                 loss: 0.0050
Episode: 241, avg. length 654.0
first_0:                 episode reward: 0.7500,                 loss: nan
second_0:                 episode reward: -0.7500,                 loss: 0.0115
Episode: 261, avg. length 687.1
first_0:                 episode reward: -0.5500,                 loss: nan
second_0:                 episode reward: 0.5500,                 loss: 0.0070
Episode: 281, avg. length 633.6
first_0:                 episode reward: -0.1000,                 loss: nan
second_0:                 episode reward: 0.1000,                 loss: 0.0136
Episode: 301, avg. length 688.35
first_0:                 episode reward: 0.2500,                 loss: nan
second_0:                 episode reward: -0.2500,                 loss: 0.0098
Episode: 321, avg. length 635.25
first_0:                 episode reward: 0.2000,                 loss: nan
second_0:                 episode reward: -0.2000,                 loss: 0.0091
Episode: 341, avg. length 681.35
first_0:                 episode reward: 0.0000,                 loss: nan
second_0:                 episode reward: 0.0000,                 loss: 0.0085
Episode: 361, avg. length 671.6
first_0:                 episode reward: 0.2500,                 loss: nan
second_0:                 episode reward: -0.2500,                 loss: 0.0086
Episode: 381, avg. length 709.1
first_0:                 episode reward: 0.3000,                 loss: nan
second_0:                 episode reward: -0.3000,                 loss: 0.0104
Episode: 401, avg. length 718.6
first_0:                 episode reward: 0.9000,                 loss: nan
second_0:                 episode reward: -0.9000,                 loss: 0.0141
Episode: 421, avg. length 618.45
first_0:                 episode reward: -1.0500,                 loss: nan
second_0:                 episode reward: 1.0500,                 loss: 0.0172
Episode: 441, avg. length 631.75
first_0:                 episode reward: -0.4500,                 loss: nan
second_0:                 episode reward: 0.4500,                 loss: 0.0068
Episode: 461, avg. length 661.5
first_0:                 episode reward: -1.3500,                 loss: nan
second_0:                 episode reward: 1.3500,                 loss: 0.0078
Episode: 481, avg. length 651.05
first_0:                 episode reward: -0.4000,                 loss: nan
second_0:                 episode reward: 0.4000,                 loss: 0.0076
Episode: 501, avg. length 627.1
first_0:                 episode reward: -1.2000,                 loss: nan
second_0:                 episode reward: 1.2000,                 loss: 0.0086
Episode: 521, avg. length 631.45
first_0:                 episode reward: -0.9000,                 loss: nan
second_0:                 episode reward: 0.9000,                 loss: 0.0113
Episode: 541, avg. length 647.3
first_0:                 episode reward: 0.0000,                 loss: nan
second_0:                 episode reward: 0.0000,                 loss: 0.0125
Episode: 561, avg. length 694.4
first_0:                 episode reward: -0.3000,                 loss: nan
second_0:                 episode reward: 0.3000,                 loss: 0.0084
Episode: 581, avg. length 647.25
first_0:                 episode reward: -0.9000,                 loss: nan
second_0:                 episode reward: 0.9000,                 loss: 0.0084
Episode: 601, avg. length 666.25
first_0:                 episode reward: -0.3500,                 loss: nan
second_0:                 episode reward: 0.3500,                 loss: 0.0107
Episode: 621, avg. length 718.3
first_0:                 episode reward: 0.3500,                 loss: nan
second_0:                 episode reward: -0.3500,                 loss: 0.0139
Episode: 641, avg. length 695.9
first_0:                 episode reward: 0.0000,                 loss: nan
second_0:                 episode reward: 0.0000,                 loss: 0.0132
Episode: 661, avg. length 636.8
first_0:                 episode reward: 0.3000,                 loss: nan
second_0:                 episode reward: -0.3000,                 loss: 0.0072
Episode: 681, avg. length 664.3
first_0:                 episode reward: -1.1500,                 loss: nan
second_0:                 episode reward: 1.1500,                 loss: 0.0084
Episode: 701, avg. length 642.05
first_0:                 episode reward: -1.1000,                 loss: nan
second_0:                 episode reward: 1.1000,                 loss: 0.0084
Episode: 721, avg. length 731.7
first_0:                 episode reward: -0.4500,                 loss: nan
second_0:                 episode reward: 0.4500,                 loss: 0.0080
Episode: 741, avg. length 669.9
first_0:                 episode reward: -0.8000,                 loss: nan
second_0:                 episode reward: 0.8000,                 loss: 0.0098
Episode: 761, avg. length 693.55
first_0:                 episode reward: -2.0500,                 loss: nan
second_0:                 episode reward: 2.0500,                 loss: 0.0055
Episode: 781, avg. length 844.1
first_0:                 episode reward: -0.1000,                 loss: nan
second_0:                 episode reward: 0.1000,                 loss: 0.0090
Episode: 801, avg. length 820.2
first_0:                 episode reward: 1.4500,                 loss: nan
second_0:                 episode reward: -1.4500,                 loss: 0.0105
Episode: 821, avg. length 824.0
first_0:                 episode reward: -0.4500,                 loss: nan
second_0:                 episode reward: 0.4500,                 loss: 0.0091
Episode: 841, avg. length 880.35
first_0:                 episode reward: -0.6000,                 loss: nan
second_0:                 episode reward: 0.6000,                 loss: 0.0071
Episode: 861, avg. length 806.4
first_0:                 episode reward: 0.3000,                 loss: nan
second_0:                 episode reward: -0.3000,                 loss: 0.0061
Episode: 881, avg. length 828.7
first_0:                 episode reward: -1.4000,                 loss: nan
second_0:                 episode reward: 1.4000,                 loss: 0.0090
Episode: 901, avg. length 956.3
first_0:                 episode reward: -1.2500,                 loss: nan
second_0:                 episode reward: 1.2500,                 loss: 0.0109
Episode: 921, avg. length 1103.2
first_0:                 episode reward: -1.1000,                 loss: nan
second_0:                 episode reward: 1.1000,                 loss: 0.0072
Episode: 941, avg. length 1168.9
first_0:                 episode reward: -0.3500,                 loss: nan
second_0:                 episode reward: 0.3500,                 loss: 0.0077
Episode: 961, avg. length 1274.75
first_0:                 episode reward: -1.6000,                 loss: nan
second_0:                 episode reward: 1.6000,                 loss: 0.0034
Episode: 981, avg. length 1319.35
first_0:                 episode reward: -1.8500,                 loss: nan
second_0:                 episode reward: 1.8500,                 loss: 0.0021
Episode: 1001, avg. length 1651.25
first_0:                 episode reward: 1.0000,                 loss: nan
second_0:                 episode reward: -1.0000,                 loss: 0.0047
Episode: 1021, avg. length 2472.45
first_0:                 episode reward: -1.3000,                 loss: nan
second_0:                 episode reward: 1.3000,                 loss: 0.0031
Episode: 1041, avg. length 2185.55
first_0:                 episode reward: -1.3000,                 loss: nan
second_0:                 episode reward: 1.3000,                 loss: 0.0017
Episode: 1061, avg. length 1984.9
first_0:                 episode reward: 1.1000,                 loss: nan
second_0:                 episode reward: -1.1000,                 loss: 0.0010
Episode: 1081, avg. length 2558.3
first_0:                 episode reward: -1.5000,                 loss: nan
second_0:                 episode reward: 1.5000,                 loss: 0.0051
Episode: 1101, avg. length 2168.95
first_0:                 episode reward: 0.3500,                 loss: nan
second_0:                 episode reward: -0.3500,                 loss: 0.0019
Episode: 1121, avg. length 1932.95
first_0:                 episode reward: 1.5000,                 loss: nan
second_0:                 episode reward: -1.5000,                 loss: 0.0062
Episode: 1141, avg. length 2576.2
first_0:                 episode reward: 0.5000,                 loss: nan
second_0:                 episode reward: -0.5000,                 loss: 0.0039
Episode: 1161, avg. length 2595.75
first_0:                 episode reward: -2.1000,                 loss: nan
second_0:                 episode reward: 2.1000,                 loss: 0.0011
Episode: 1181, avg. length 2609.25
first_0:                 episode reward: 2.8000,                 loss: nan
second_0:                 episode reward: -2.8000,                 loss: 0.0002
Episode: 1201, avg. length 2845.25
first_0:                 episode reward: 1.8500,                 loss: nan
second_0:                 episode reward: -1.8500,                 loss: 0.0013
Episode: 1221, avg. length 2909.1
first_0:                 episode reward: 1.5500,                 loss: nan
second_0:                 episode reward: -1.5500,                 loss: 0.0015
Episode: 1241, avg. length 2994.4
first_0:                 episode reward: 1.1500,                 loss: nan
second_0:                 episode reward: -1.1500,                 loss: 0.0014
Episode: 1261, avg. length 2866.2
first_0:                 episode reward: 2.5500,                 loss: nan
second_0:                 episode reward: -2.5500,                 loss: 0.0022
Episode: 1281, avg. length 2970.6
first_0:                 episode reward: 1.2500,                 loss: nan
second_0:                 episode reward: -1.2500,                 loss: 0.0008
Episode: 1301, avg. length 2978.7
first_0:                 episode reward: 1.7000,                 loss: nan
second_0:                 episode reward: -1.7000,                 loss: 0.0012
Episode: 1321, avg. length 2900.9
first_0:                 episode reward: 1.8000,                 loss: nan
second_0:                 episode reward: -1.8000,                 loss: 0.0001
Episode: 1341, avg. length 2291.85
first_0:                 episode reward: 3.0500,                 loss: nan
second_0:                 episode reward: -3.0500,                 loss: 0.0002
Episode: 1361, avg. length 2729.45
first_0:                 episode reward: 1.8500,                 loss: nan
second_0:                 episode reward: -1.8500,                 loss: 0.0028
Episode: 1381, avg. length 2999.0
first_0:                 episode reward: 1.4000,                 loss: nan
second_0:                 episode reward: -1.4000,                 loss: 0.0014
Episode: 1401, avg. length 2838.05
first_0:                 episode reward: 2.1000,                 loss: nan
second_0:                 episode reward: -2.1000,                 loss: 0.0008
Episode: 1421, avg. length 2611.15
first_0:                 episode reward: 2.7000,                 loss: nan
second_0:                 episode reward: -2.7000,                 loss: 0.0003
Episode: 1441, avg. length 2925.35
first_0:                 episode reward: 1.6000,                 loss: nan
second_0:                 episode reward: -1.6000,                 loss: 0.0020
Episode: 1461, avg. length 2557.4
first_0:                 episode reward: 2.7500,                 loss: nan
second_0:                 episode reward: -2.7500,                 loss: 0.0013
Episode: 1481, avg. length 2672.25
first_0:                 episode reward: 2.9000,                 loss: nan
second_0:                 episode reward: -2.9000,                 loss: 0.0035
Episode: 1501, avg. length 2373.35
first_0:                 episode reward: 4.0000,                 loss: nan
second_0:                 episode reward: -4.0000,                 loss: 0.0035
Episode: 1521, avg. length 2989.7
first_0:                 episode reward: 1.5000,                 loss: nan
second_0:                 episode reward: -1.5000,                 loss: 0.0004
Episode: 1541, avg. length 2679.6
first_0:                 episode reward: 2.2500,                 loss: nan
second_0:                 episode reward: -2.2500,                 loss: 0.0033
Episode: 1561, avg. length 2815.55
first_0:                 episode reward: 2.1500,                 loss: nan
second_0:                 episode reward: -2.1500,                 loss: 0.0016
Episode: 1581, avg. length 2984.0
first_0:                 episode reward: 1.4500,                 loss: nan
second_0:                 episode reward: -1.4500,                 loss: 0.0002
Episode: 1601, avg. length 2721.25
first_0:                 episode reward: 2.2500,                 loss: nan
second_0:                 episode reward: -2.2500,                 loss: 0.0028
Episode: 1621, avg. length 2999.0
first_0:                 episode reward: 1.2000,                 loss: nan
second_0:                 episode reward: -1.2000,                 loss: 0.0010
Episode: 1641, avg. length 2906.75
first_0:                 episode reward: 2.0000,                 loss: nan
second_0:                 episode reward: -2.0000,                 loss: 0.0007
Episode: 1661, avg. length 2999.0
first_0:                 episode reward: 0.9500,                 loss: nan
second_0:                 episode reward: -0.9500,                 loss: 0.0007
Episode: 1681, avg. length 2890.55
first_0:                 episode reward: 2.0500,                 loss: nan
second_0:                 episode reward: -2.0500,                 loss: 0.0012
Episode: 1701, avg. length 2999.0
first_0:                 episode reward: 0.9000,                 loss: nan
second_0:                 episode reward: -0.9000,                 loss: 0.0001
Episode: 1721, avg. length 2973.4
first_0:                 episode reward: 1.9000,                 loss: nan
second_0:                 episode reward: -1.9000,                 loss: 0.0009
Episode: 1741, avg. length 2942.0
first_0:                 episode reward: 1.3000,                 loss: nan
second_0:                 episode reward: -1.3000,                 loss: 0.0023
Episode: 1761, avg. length 2661.4
first_0:                 episode reward: 2.8000,                 loss: nan
second_0:                 episode reward: -2.8000,                 loss: 0.0001
Episode: 1781, avg. length 2780.4
first_0:                 episode reward: 2.5000,                 loss: nan
second_0:                 episode reward: -2.5000,                 loss: 0.0013
Episode: 1801, avg. length 2814.55
first_0:                 episode reward: 2.2500,                 loss: nan
second_0:                 episode reward: -2.2500,                 loss: 0.0010
Episode: 1821, avg. length 2857.55
first_0:                 episode reward: 1.6500,                 loss: nan
second_0:                 episode reward: -1.6500,                 loss: 0.0019
Episode: 1841, avg. length 2769.25
first_0:                 episode reward: 2.6000,                 loss: nan
second_0:                 episode reward: -2.6000,                 loss: 0.0011
Episode: 1861, avg. length 2887.15
first_0:                 episode reward: 1.0500,                 loss: nan
second_0:                 episode reward: -1.0500,                 loss: 0.0009
Episode: 1881, avg. length 2860.05
first_0:                 episode reward: 2.2000,                 loss: nan
second_0:                 episode reward: -2.2000,                 loss: 0.0027
Episode: 1901, avg. length 2999.0
first_0:                 episode reward: 2.1500,                 loss: nan
second_0:                 episode reward: -2.1500,                 loss: 0.0006
Episode: 1921, avg. length 2918.95
first_0:                 episode reward: 2.3000,                 loss: nan
second_0:                 episode reward: -2.3000,                 loss: 0.0003
Episode: 1941, avg. length 2994.0
first_0:                 episode reward: 2.1000,                 loss: nan
second_0:                 episode reward: -2.1000,                 loss: 0.0009
Episode: 1961, avg. length 2999.0
first_0:                 episode reward: 0.9000,                 loss: nan
second_0:                 episode reward: -0.9000,                 loss: 0.0030
Episode: 1981, avg. length 2773.6
first_0:                 episode reward: 2.8000,                 loss: nan
second_0:                 episode reward: -2.8000,                 loss: 0.0003
Episode: 2001, avg. length 2951.55
first_0:                 episode reward: 2.3000,                 loss: nan
second_0:                 episode reward: -2.3000,                 loss: 0.0021
Episode: 2021, avg. length 2967.25
first_0:                 episode reward: 1.4500,                 loss: nan
second_0:                 episode reward: -1.4500,                 loss: 0.0023
Episode: 2041, avg. length 2858.6
first_0:                 episode reward: 2.5000,                 loss: nan
second_0:                 episode reward: -2.5000,                 loss: 0.0018
Episode: 2061, avg. length 2793.65
first_0:                 episode reward: 2.6000,                 loss: nan
second_0:                 episode reward: -2.6000,                 loss: 0.0002
Episode: 2081, avg. length 2693.15
first_0:                 episode reward: 3.2000,                 loss: nan
second_0:                 episode reward: -3.2000,                 loss: 0.0006
Episode: 2101, avg. length 2452.7
first_0:                 episode reward: 3.7500,                 loss: nan
second_0:                 episode reward: -3.7500,                 loss: 0.0032
Episode: 2121, avg. length 2699.2
first_0:                 episode reward: 2.7000,                 loss: nan
second_0:                 episode reward: -2.7000,                 loss: 0.0010
Episode: 2141, avg. length 2059.8
first_0:                 episode reward: 3.9000,                 loss: nan
second_0:                 episode reward: -3.9000,                 loss: 0.0022
Episode: 2161, avg. length 2114.5
first_0:                 episode reward: 3.6000,                 loss: nan
second_0:                 episode reward: -3.6000,                 loss: 0.0017
Episode: 2181, avg. length 2815.25
first_0:                 episode reward: 2.7000,                 loss: nan
second_0:                 episode reward: -2.7000,                 loss: 0.0017
Episode: 2201, avg. length 2226.2
first_0:                 episode reward: 3.6000,                 loss: nan
second_0:                 episode reward: -3.6000,                 loss: 0.0011
Episode: 2221, avg. length 2336.3
first_0:                 episode reward: 3.8000,                 loss: nan
second_0:                 episode reward: -3.8000,                 loss: 0.0029
Episode: 2241, avg. length 2765.6
first_0:                 episode reward: 2.6500,                 loss: nan
second_0:                 episode reward: -2.6500,                 loss: 0.0013
Episode: 2261, avg. length 2844.7
first_0:                 episode reward: 2.7000,                 loss: nan
second_0:                 episode reward: -2.7000,                 loss: 0.0019
Episode: 2281, avg. length 2291.75
first_0:                 episode reward: 3.5500,                 loss: nan
second_0:                 episode reward: -3.5500,                 loss: 0.0002
Episode: 2301, avg. length 2327.8
first_0:                 episode reward: 4.0000,                 loss: nan
second_0:                 episode reward: -4.0000,                 loss: 0.0010
Episode: 2321, avg. length 2590.75
first_0:                 episode reward: 3.0500,                 loss: nan
second_0:                 episode reward: -3.0500,                 loss: 0.0001
Episode: 2341, avg. length 2757.1
first_0:                 episode reward: 2.9500,                 loss: nan
second_0:                 episode reward: -2.9500,                 loss: 0.0022
Episode: 2361, avg. length 2799.45
first_0:                 episode reward: 3.1500,                 loss: nan
second_0:                 episode reward: -3.1500,                 loss: 0.0022
Episode: 2381, avg. length 2966.9
first_0:                 episode reward: 2.0500,                 loss: nan
second_0:                 episode reward: -2.0500,                 loss: 0.0011
Episode: 2401, avg. length 2503.1
first_0:                 episode reward: 3.5000,                 loss: nan
second_0:                 episode reward: -3.5000,                 loss: 0.0010
Episode: 2421, avg. length 2535.8
first_0:                 episode reward: 3.3000,                 loss: nan
second_0:                 episode reward: -3.3000,                 loss: 0.0028
Episode: 2441, avg. length 2722.5
first_0:                 episode reward: 2.8000,                 loss: nan
second_0:                 episode reward: -2.8000,                 loss: 0.0019
Episode: 2461, avg. length 2614.9
first_0:                 episode reward: 3.5500,                 loss: nan
second_0:                 episode reward: -3.5500,                 loss: 0.0036
Episode: 2481, avg. length 2813.65
first_0:                 episode reward: 2.4500,                 loss: nan
second_0:                 episode reward: -2.4500,                 loss: 0.0020
Episode: 2501, avg. length 2586.2
first_0:                 episode reward: 3.2500,                 loss: nan
second_0:                 episode reward: -3.2500,                 loss: 0.0028
Episode: 2521, avg. length 2878.4
first_0:                 episode reward: 2.8000,                 loss: nan
second_0:                 episode reward: -2.8000,                 loss: 0.0028
Episode: 2541, avg. length 1830.1
first_0:                 episode reward: 4.5000,                 loss: nan
second_0:                 episode reward: -4.5000,                 loss: 0.0013
Episode: 2561, avg. length 2565.05
first_0:                 episode reward: 2.8500,                 loss: nan
second_0:                 episode reward: -2.8500,                 loss: 0.0027
Episode: 2581, avg. length 2609.0
first_0:                 episode reward: 2.9500,                 loss: nan
second_0:                 episode reward: -2.9500,                 loss: 0.0014
Episode: 2601, avg. length 2403.9
first_0:                 episode reward: 3.4000,                 loss: nan
second_0:                 episode reward: -3.4000,                 loss: 0.0024
Episode: 2621, avg. length 2188.8
first_0:                 episode reward: 4.2000,                 loss: nan
second_0:                 episode reward: -4.2000,                 loss: 0.0028
Episode: 2641, avg. length 2364.0
first_0:                 episode reward: 3.7500,                 loss: nan
second_0:                 episode reward: -3.7500,                 loss: 0.0026
Episode: 2661, avg. length 2714.0
first_0:                 episode reward: 3.3500,                 loss: nan
second_0:                 episode reward: -3.3500,                 loss: 0.0011
Episode: 2681, avg. length 2841.8
first_0:                 episode reward: 2.6500,                 loss: nan
second_0:                 episode reward: -2.6500,                 loss: 0.0007
Episode: 2701, avg. length 2047.6
first_0:                 episode reward: 3.8500,                 loss: nan
second_0:                 episode reward: -3.8500,                 loss: 0.0025
Episode: 2721, avg. length 2816.0
first_0:                 episode reward: 2.3000,                 loss: nan
second_0:                 episode reward: -2.3000,                 loss: 0.0021
Episode: 2741, avg. length 2525.45
first_0:                 episode reward: 3.8000,                 loss: nan
second_0:                 episode reward: -3.8000,                 loss: 0.0010
Episode: 2761, avg. length 2913.8
first_0:                 episode reward: 2.2000,                 loss: nan
second_0:                 episode reward: -2.2000,                 loss: 0.0028
Episode: 2781, avg. length 2951.9
first_0:                 episode reward: 2.3500,                 loss: nan
second_0:                 episode reward: -2.3500,                 loss: 0.0009
Episode: 2801, avg. length 2488.8
first_0:                 episode reward: 3.4500,                 loss: nan
second_0:                 episode reward: -3.4500,                 loss: 0.0016
Episode: 2821, avg. length 2361.65
first_0:                 episode reward: 4.2500,                 loss: nan
second_0:                 episode reward: -4.2500,                 loss: 0.0022
Episode: 2841, avg. length 2273.8
first_0:                 episode reward: 3.9000,                 loss: nan
second_0:                 episode reward: -3.9000,                 loss: 0.0015
Episode: 2861, avg. length 2161.65
first_0:                 episode reward: 4.1500,                 loss: nan
second_0:                 episode reward: -4.1500,                 loss: 0.0025
Episode: 2881, avg. length 2105.3
first_0:                 episode reward: 3.6000,                 loss: nan
second_0:                 episode reward: -3.6000,                 loss: 0.0050
Episode: 2901, avg. length 2639.9
first_0:                 episode reward: 3.7000,                 loss: nan
second_0:                 episode reward: -3.7000,                 loss: 0.0018
Episode: 2921, avg. length 2353.15
first_0:                 episode reward: 3.6500,                 loss: nan
second_0:                 episode reward: -3.6500,                 loss: 0.0028
Episode: 2941, avg. length 2641.5
first_0:                 episode reward: 2.6500,                 loss: nan
second_0:                 episode reward: -2.6500,                 loss: 0.0015
Episode: 2961, avg. length 2868.35
first_0:                 episode reward: 2.4000,                 loss: nan
second_0:                 episode reward: -2.4000,                 loss: 0.0010
Episode: 2981, avg. length 2474.2
first_0:                 episode reward: 3.6500,                 loss: nan
second_0:                 episode reward: -3.6500,                 loss: 0.0015
Episode: 3001, avg. length 2421.75
first_0:                 episode reward: 4.1000,                 loss: nan
second_0:                 episode reward: -4.1000,                 loss: 0.0020
Episode: 3021, avg. length 2716.65
first_0:                 episode reward: 2.7000,                 loss: nan
second_0:                 episode reward: -2.7000,                 loss: 0.0004
Episode: 3041, avg. length 2686.75
first_0:                 episode reward: 2.5500,                 loss: nan
second_0:                 episode reward: -2.5500,                 loss: 0.0001
Episode: 3061, avg. length 2833.55
first_0:                 episode reward: 2.8500,                 loss: nan
second_0:                 episode reward: -2.8500,                 loss: 0.0034
Episode: 3081, avg. length 2429.6
first_0:                 episode reward: 2.7500,                 loss: nan
second_0:                 episode reward: -2.7500,                 loss: 0.0013
Episode: 3101, avg. length 2250.1
first_0:                 episode reward: 3.9000,                 loss: nan
second_0:                 episode reward: -3.9000,                 loss: 0.0037
Episode: 3121, avg. length 1885.1
first_0:                 episode reward: 4.0500,                 loss: nan
second_0:                 episode reward: -4.0500,                 loss: 0.0025
Episode: 3141, avg. length 1968.1
first_0:                 episode reward: 4.2000,                 loss: nan
second_0:                 episode reward: -4.2000,                 loss: 0.0014
Episode: 3161, avg. length 1813.8
first_0:                 episode reward: 4.4000,                 loss: nan
second_0:                 episode reward: -4.4000,                 loss: 0.0002
Episode: 3181, avg. length 1905.2
first_0:                 episode reward: 4.3000,                 loss: nan
second_0:                 episode reward: -4.3000,                 loss: 0.0028
Episode: 3201, avg. length 2709.4
first_0:                 episode reward: 2.2500,                 loss: nan
second_0:                 episode reward: -2.2500,                 loss: 0.0021
Episode: 3221, avg. length 2341.25
first_0:                 episode reward: 3.5000,                 loss: nan
second_0:                 episode reward: -3.5000,                 loss: 0.0013
Episode: 3241, avg. length 2222.75
first_0:                 episode reward: 3.8000,                 loss: nan
second_0:                 episode reward: -3.8000,                 loss: 0.0009
Episode: 3261, avg. length 2901.55
first_0:                 episode reward: 2.8000,                 loss: nan
second_0:                 episode reward: -2.8000,                 loss: 0.0004
Episode: 3281, avg. length 2945.35
first_0:                 episode reward: 1.4000,                 loss: nan
second_0:                 episode reward: -1.4000,                 loss: 0.0014
Episode: 3301, avg. length 2152.6
first_0:                 episode reward: 3.6500,                 loss: nan
second_0:                 episode reward: -3.6500,                 loss: 0.0010
Episode: 3321, avg. length 2476.15
first_0:                 episode reward: 3.1500,                 loss: nan
second_0:                 episode reward: -3.1500,                 loss: 0.0031
Episode: 3341, avg. length 2333.25
first_0:                 episode reward: 3.7000,                 loss: nan
second_0:                 episode reward: -3.7000,                 loss: 0.0034
Episode: 3361, avg. length 2119.85
first_0:                 episode reward: 4.0000,                 loss: nan
second_0:                 episode reward: -4.0000,                 loss: 0.0002
Episode: 3381, avg. length 1967.7
first_0:                 episode reward: 4.4000,                 loss: nan
second_0:                 episode reward: -4.4000,                 loss: 0.0047
Episode: 3401, avg. length 2308.55
first_0:                 episode reward: 3.5000,                 loss: nan
second_0:                 episode reward: -3.5000,                 loss: 0.0013
Episode: 3421, avg. length 1355.2
first_0:                 episode reward: 4.6000,                 loss: nan
second_0:                 episode reward: -4.6000,                 loss: 0.0002
Episode: 3441, avg. length 1981.3
first_0:                 episode reward: 4.1000,                 loss: nan
second_0:                 episode reward: -4.1000,                 loss: 0.0002
Episode: 3461, avg. length 2770.4
first_0:                 episode reward: 3.2500,                 loss: nan
second_0:                 episode reward: -3.2500,                 loss: 0.0017
Episode: 3481, avg. length 2086.7
first_0:                 episode reward: 3.9000,                 loss: nan
second_0:                 episode reward: -3.9000,                 loss: 0.0068
Episode: 3501, avg. length 2425.75
first_0:                 episode reward: 4.1500,                 loss: nan
second_0:                 episode reward: -4.1500,                 loss: 0.0019
Episode: 3521, avg. length 2152.6
first_0:                 episode reward: 4.2000,                 loss: nan
second_0:                 episode reward: -4.2000,                 loss: 0.0046
Episode: 3541, avg. length 1915.1
first_0:                 episode reward: 4.2500,                 loss: nan
second_0:                 episode reward: -4.2500,                 loss: 0.0026
Episode: 3561, avg. length 2866.45
first_0:                 episode reward: 2.2000,                 loss: nan
second_0:                 episode reward: -2.2000,                 loss: 0.0011
Episode: 3581, avg. length 2672.75
first_0:                 episode reward: 2.7000,                 loss: nan
second_0:                 episode reward: -2.7000,                 loss: 0.0018
Episode: 3601, avg. length 2180.6
first_0:                 episode reward: 4.3500,                 loss: nan
second_0:                 episode reward: -4.3500,                 loss: 0.0012
Episode: 3621, avg. length 2740.65
first_0:                 episode reward: 3.2000,                 loss: nan
second_0:                 episode reward: -3.2000,                 loss: 0.0025
Episode: 3641, avg. length 2575.85
first_0:                 episode reward: 3.7000,                 loss: nan
second_0:                 episode reward: -3.7000,                 loss: 0.0012
Episode: 3661, avg. length 1879.7
first_0:                 episode reward: 4.1000,                 loss: nan
second_0:                 episode reward: -4.1000,                 loss: 0.0072
Episode: 3681, avg. length 2599.15
first_0:                 episode reward: 3.3500,                 loss: nan
second_0:                 episode reward: -3.3500,                 loss: 0.0036
Episode: 3701, avg. length 2441.95
first_0:                 episode reward: 3.5000,                 loss: nan
second_0:                 episode reward: -3.5000,                 loss: 0.0007
Episode: 3721, avg. length 1693.75
first_0:                 episode reward: 4.1000,                 loss: nan
second_0:                 episode reward: -4.1000,                 loss: 0.0018
Episode: 3741, avg. length 2231.25
first_0:                 episode reward: 3.8000,                 loss: nan
second_0:                 episode reward: -3.8000,                 loss: 0.0034
Episode: 3761, avg. length 1882.95
first_0:                 episode reward: 4.2000,                 loss: nan
second_0:                 episode reward: -4.2000,                 loss: 0.0003
Episode: 3781, avg. length 2375.9
first_0:                 episode reward: 3.6000,                 loss: nan
second_0:                 episode reward: -3.6000,                 loss: 0.0040
Episode: 3801, avg. length 2306.6
first_0:                 episode reward: 3.5000,                 loss: nan
second_0:                 episode reward: -3.5000,                 loss: 0.0018
Episode: 3821, avg. length 1989.45
first_0:                 episode reward: 4.1500,                 loss: nan
second_0:                 episode reward: -4.1500,                 loss: 0.0027
Episode: 3841, avg. length 2422.65
first_0:                 episode reward: 3.7000,                 loss: nan
second_0:                 episode reward: -3.7000,                 loss: 0.0042
Episode: 3861, avg. length 1952.9
first_0:                 episode reward: 4.0000,                 loss: nan
second_0:                 episode reward: -4.0000,                 loss: 0.0041
Episode: 3881, avg. length 1395.35
first_0:                 episode reward: 4.7500,                 loss: nan
second_0:                 episode reward: -4.7500,                 loss: 0.0028
Episode: 3901, avg. length 2509.65
first_0:                 episode reward: 3.6500,                 loss: nan
second_0:                 episode reward: -3.6500,                 loss: 0.0005
Episode: 3921, avg. length 2557.0
first_0:                 episode reward: 3.8000,                 loss: nan
second_0:                 episode reward: -3.8000,                 loss: 0.0008
Episode: 3941, avg. length 2257.15
first_0:                 episode reward: 4.2500,                 loss: nan
second_0:                 episode reward: -4.2500,                 loss: 0.0008
Episode: 3961, avg. length 2473.25
first_0:                 episode reward: 3.7000,                 loss: nan
second_0:                 episode reward: -3.7000,                 loss: 0.0053
Episode: 3981, avg. length 1938.65
first_0:                 episode reward: 4.3500,                 loss: nan
second_0:                 episode reward: -4.3500,                 loss: 0.0018
Episode: 4001, avg. length 1483.2
first_0:                 episode reward: 4.4000,                 loss: nan
second_0:                 episode reward: -4.4000,                 loss: 0.0043
Episode: 4021, avg. length 1342.75
first_0:                 episode reward: 4.5500,                 loss: nan
second_0:                 episode reward: -4.5500,                 loss: 0.0040
Episode: 4041, avg. length 1558.2
first_0:                 episode reward: 4.9000,                 loss: nan
second_0:                 episode reward: -4.9000,                 loss: 0.0072
Episode: 4061, avg. length 1702.85
first_0:                 episode reward: 4.2500,                 loss: nan
second_0:                 episode reward: -4.2500,                 loss: 0.0049
Episode: 4081, avg. length 1958.85
first_0:                 episode reward: 4.5000,                 loss: nan
second_0:                 episode reward: -4.5000,                 loss: 0.0046
Episode: 4101, avg. length 1786.4
first_0:                 episode reward: 4.5500,                 loss: nan
second_0:                 episode reward: -4.5500,                 loss: 0.0037
Episode: 4121, avg. length 1834.75
first_0:                 episode reward: 4.6000,                 loss: nan
second_0:                 episode reward: -4.6000,                 loss: 0.0031
Episode: 4141, avg. length 2425.4
first_0:                 episode reward: 3.7000,                 loss: nan
second_0:                 episode reward: -3.7000,                 loss: 0.0025
Episode: 4161, avg. length 2635.65
first_0:                 episode reward: 3.2000,                 loss: nan
second_0:                 episode reward: -3.2000,                 loss: 0.0021
Episode: 4181, avg. length 2543.7
first_0:                 episode reward: 3.5500,                 loss: nan
second_0:                 episode reward: -3.5500,                 loss: 0.0019
Episode: 4201, avg. length 2789.35
first_0:                 episode reward: 3.0000,                 loss: nan
second_0:                 episode reward: -3.0000,                 loss: 0.0002
Episode: 4221, avg. length 2741.85
first_0:                 episode reward: 2.4500,                 loss: nan
second_0:                 episode reward: -2.4500,                 loss: 0.0002
Episode: 4241, avg. length 2225.35
first_0:                 episode reward: 4.0000,                 loss: nan
second_0:                 episode reward: -4.0000,                 loss: 0.0025
Episode: 4261, avg. length 2241.35
first_0:                 episode reward: 4.2500,                 loss: nan
second_0:                 episode reward: -4.2500,                 loss: 0.0033
Episode: 4281, avg. length 1803.65
first_0:                 episode reward: 4.4000,                 loss: nan
second_0:                 episode reward: -4.4000,                 loss: 0.0014
Episode: 4301, avg. length 2256.8
first_0:                 episode reward: 4.3500,                 loss: nan
second_0:                 episode reward: -4.3500,                 loss: 0.0060
Episode: 4321, avg. length 2250.65
first_0:                 episode reward: 4.0500,                 loss: nan
second_0:                 episode reward: -4.0500,                 loss: 0.0037
Episode: 4341, avg. length 2517.4
first_0:                 episode reward: 3.4000,                 loss: nan
second_0:                 episode reward: -3.4000,                 loss: 0.0022
Episode: 4361, avg. length 2823.3
first_0:                 episode reward: 2.1500,                 loss: nan
second_0:                 episode reward: -2.1500,                 loss: 0.0001
Episode: 4381, avg. length 2539.65
first_0:                 episode reward: 2.9500,                 loss: nan
second_0:                 episode reward: -2.9500,                 loss: 0.0005
Episode: 4401, avg. length 2923.85
first_0:                 episode reward: 2.8500,                 loss: nan
second_0:                 episode reward: -2.8500,                 loss: 0.0001
Episode: 4421, avg. length 2036.15
first_0:                 episode reward: 4.4000,                 loss: nan
second_0:                 episode reward: -4.4000,                 loss: 0.0015
Episode: 4441, avg. length 2864.4
first_0:                 episode reward: 3.0500,                 loss: nan
second_0:                 episode reward: -3.0500,                 loss: 0.0023
Episode: 4461, avg. length 2465.85
first_0:                 episode reward: 3.6000,                 loss: nan
second_0:                 episode reward: -3.6000,                 loss: 0.0005
Episode: 4481, avg. length 1553.05
first_0:                 episode reward: 4.8500,                 loss: nan
second_0:                 episode reward: -4.8500,                 loss: 0.0022
Episode: 4501, avg. length 1894.1
first_0:                 episode reward: 4.2000,                 loss: nan
second_0:                 episode reward: -4.2000,                 loss: 0.0034
Episode: 4521, avg. length 2074.95
first_0:                 episode reward: 3.8000,                 loss: nan
second_0:                 episode reward: -3.8000,                 loss: 0.0040
Episode: 4541, avg. length 2010.05
first_0:                 episode reward: 4.6500,                 loss: nan
second_0:                 episode reward: -4.6500,                 loss: 0.0010
Episode: 4561, avg. length 1513.35
first_0:                 episode reward: 4.4000,                 loss: nan
second_0:                 episode reward: -4.4000,                 loss: 0.0020
Episode: 4581, avg. length 1726.4
first_0:                 episode reward: 4.5500,                 loss: nan
second_0:                 episode reward: -4.5500,                 loss: 0.0023
Episode: 4601, avg. length 2184.15
first_0:                 episode reward: 3.9000,                 loss: nan
second_0:                 episode reward: -3.9000,                 loss: 0.0032
Episode: 4621, avg. length 2033.65
first_0:                 episode reward: 4.4500,                 loss: nan
second_0:                 episode reward: -4.4500,                 loss: 0.0036
Episode: 4641, avg. length 1797.55
first_0:                 episode reward: 4.4000,                 loss: nan
second_0:                 episode reward: -4.4000,                 loss: 0.0048
Episode: 4661, avg. length 2005.05
first_0:                 episode reward: 4.4500,                 loss: nan
second_0:                 episode reward: -4.4500,                 loss: 0.0023
Episode: 4681, avg. length 1535.0
first_0:                 episode reward: 4.4500,                 loss: nan
second_0:                 episode reward: -4.4500,                 loss: 0.0043
Episode: 4701, avg. length 1470.15
first_0:                 episode reward: 4.7500,                 loss: nan
second_0:                 episode reward: -4.7500,                 loss: 0.0027
Episode: 4721, avg. length 1598.2
first_0:                 episode reward: 4.5000,                 loss: nan
second_0:                 episode reward: -4.5000,                 loss: 0.0080
Episode: 4741, avg. length 1576.4
first_0:                 episode reward: 4.4000,                 loss: nan
second_0:                 episode reward: -4.4000,                 loss: 0.0031
Episode: 4761, avg. length 1412.25
first_0:                 episode reward: 4.3000,                 loss: nan
second_0:                 episode reward: -4.3000,                 loss: 0.0045
Episode: 4781, avg. length 2075.25
first_0:                 episode reward: 4.1500,                 loss: nan
second_0:                 episode reward: -4.1500,                 loss: 0.0005
Episode: 4801, avg. length 2058.65
first_0:                 episode reward: 4.2500,                 loss: nan
second_0:                 episode reward: -4.2500,                 loss: 0.0060
Episode: 4821, avg. length 1628.85
first_0:                 episode reward: 4.3500,                 loss: nan
second_0:                 episode reward: -4.3500,                 loss: 0.0012
Episode: 4841, avg. length 1918.4
first_0:                 episode reward: 4.3000,                 loss: nan
second_0:                 episode reward: -4.3000,                 loss: 0.0029
Episode: 4861, avg. length 2112.1
first_0:                 episode reward: 4.2500,                 loss: nan
second_0:                 episode reward: -4.2500,                 loss: 0.0008
Episode: 4881, avg. length 1534.5
first_0:                 episode reward: 4.4000,                 loss: nan
second_0:                 episode reward: -4.4000,                 loss: 0.0005
Episode: 4901, avg. length 1619.35
first_0:                 episode reward: 4.6500,                 loss: nan
second_0:                 episode reward: -4.6500,                 loss: 0.0009
Episode: 4921, avg. length 1400.3
first_0:                 episode reward: 4.7500,                 loss: nan
second_0:                 episode reward: -4.7500,                 loss: 0.0023
Episode: 4941, avg. length 1320.4
first_0:                 episode reward: 4.7000,                 loss: nan
second_0:                 episode reward: -4.7000,                 loss: 0.0039
Episode: 4961, avg. length 1632.55
first_0:                 episode reward: 4.2000,                 loss: nan
second_0:                 episode reward: -4.2000,                 loss: 0.0030
Episode: 4981, avg. length 2332.05
first_0:                 episode reward: 4.4000,                 loss: nan
second_0:                 episode reward: -4.4000,                 loss: 0.0054
Episode: 5001, avg. length 2662.95
first_0:                 episode reward: 3.5000,                 loss: nan
second_0:                 episode reward: -3.5000,                 loss: 0.0022
Episode: 5021, avg. length 2371.25
first_0:                 episode reward: 3.5000,                 loss: nan
second_0:                 episode reward: -3.5000,                 loss: 0.0010
Episode: 5041, avg. length 2376.8
first_0:                 episode reward: 3.3500,                 loss: nan
second_0:                 episode reward: -3.3500,                 loss: 0.0047
Episode: 5061, avg. length 2445.45
first_0:                 episode reward: 3.8500,                 loss: nan
second_0:                 episode reward: -3.8500,                 loss: 0.0002
Episode: 5081, avg. length 2905.2
first_0:                 episode reward: 2.2000,                 loss: nan
second_0:                 episode reward: -2.2000,                 loss: 0.0008
Episode: 5101, avg. length 2528.65
first_0:                 episode reward: 3.5500,                 loss: nan
second_0:                 episode reward: -3.5500,                 loss: 0.0008
Episode: 5121, avg. length 2419.95
first_0:                 episode reward: 3.6000,                 loss: nan
second_0:                 episode reward: -3.6000,                 loss: 0.0004
Episode: 5141, avg. length 2132.7
first_0:                 episode reward: 4.1500,                 loss: nan
second_0:                 episode reward: -4.1500,                 loss: 0.0017
Episode: 5161, avg. length 1690.85
first_0:                 episode reward: 4.4000,                 loss: nan
second_0:                 episode reward: -4.4000,                 loss: 0.0056
Episode: 5181, avg. length 2065.9
first_0:                 episode reward: 3.9000,                 loss: nan
second_0:                 episode reward: -3.9000,                 loss: 0.0030
Episode: 5201, avg. length 1724.4
first_0:                 episode reward: 4.7500,                 loss: nan
second_0:                 episode reward: -4.7500,                 loss: 0.0034
Episode: 5221, avg. length 1665.6
first_0:                 episode reward: 4.6500,                 loss: nan
second_0:                 episode reward: -4.6500,                 loss: 0.0046
Episode: 5241, avg. length 1769.4
first_0:                 episode reward: 4.4000,                 loss: nan
second_0:                 episode reward: -4.4000,                 loss: 0.0018
Episode: 5261, avg. length 1529.95
first_0:                 episode reward: 4.1500,                 loss: nan
second_0:                 episode reward: -4.1500,                 loss: 0.0019
Episode: 5281, avg. length 1662.8
first_0:                 episode reward: 4.5000,                 loss: nan
second_0:                 episode reward: -4.5000,                 loss: 0.0016
Episode: 5301, avg. length 1946.95
first_0:                 episode reward: 3.9500,                 loss: nan
second_0:                 episode reward: -3.9500,                 loss: 0.0033
Episode: 5321, avg. length 1684.7
first_0:                 episode reward: 4.3000,                 loss: nan
second_0:                 episode reward: -4.3000,                 loss: 0.0016
Episode: 5341, avg. length 1017.3
first_0:                 episode reward: 4.9000,                 loss: nan
second_0:                 episode reward: -4.9000,                 loss: 0.0033
Episode: 5361, avg. length 1228.25
first_0:                 episode reward: 4.6500,                 loss: nan
second_0:                 episode reward: -4.6500,                 loss: 0.0023
Episode: 5381, avg. length 932.7
first_0:                 episode reward: 4.9000,                 loss: nan
second_0:                 episode reward: -4.9000,                 loss: 0.0038
Episode: 5401, avg. length 1061.45
first_0:                 episode reward: 5.0000,                 loss: nan
second_0:                 episode reward: -5.0000,                 loss: 0.0014
Episode: 5421, avg. length 1355.7
first_0:                 episode reward: 4.7500,                 loss: nan
second_0:                 episode reward: -4.7500,                 loss: 0.0039
Episode: 5441, avg. length 2101.9
first_0:                 episode reward: 4.4000,                 loss: nan
second_0:                 episode reward: -4.4000,                 loss: 0.0071
Episode: 5461, avg. length 1805.9
first_0:                 episode reward: 4.5000,                 loss: nan
second_0:                 episode reward: -4.5000,                 loss: 0.0050
Episode: 5481, avg. length 1548.95
first_0:                 episode reward: 4.8000,                 loss: nan
second_0:                 episode reward: -4.8000,                 loss: 0.0040
Episode: 5501, avg. length 1364.9
first_0:                 episode reward: 4.8000,                 loss: nan
second_0:                 episode reward: -4.8000,                 loss: 0.0026
Episode: 5521, avg. length 1516.35
first_0:                 episode reward: 4.7500,                 loss: nan
second_0:                 episode reward: -4.7500,                 loss: 0.0039
Episode: 5541, avg. length 2085.8
first_0:                 episode reward: 4.4500,                 loss: nan
second_0:                 episode reward: -4.4500,                 loss: 0.0063
Episode: 5561, avg. length 2462.8
first_0:                 episode reward: 3.6000,                 loss: nan
second_0:                 episode reward: -3.6000,                 loss: 0.0012
Episode: 5581, avg. length 2110.0
first_0:                 episode reward: 4.0000,                 loss: nan
second_0:                 episode reward: -4.0000,                 loss: 0.0010
Episode: 5601, avg. length 1234.4
first_0:                 episode reward: 4.7000,                 loss: nan
second_0:                 episode reward: -4.7000,                 loss: 0.0007
Episode: 5621, avg. length 1188.3
first_0:                 episode reward: 4.8000,                 loss: nan
second_0:                 episode reward: -4.8000,                 loss: 0.0018
Episode: 5641, avg. length 1588.2
first_0:                 episode reward: 4.5000,                 loss: nan
second_0:                 episode reward: -4.5000,                 loss: 0.0072
Episode: 5661, avg. length 1931.9
first_0:                 episode reward: 4.1500,                 loss: nan
second_0:                 episode reward: -4.1500,                 loss: 0.0030
Episode: 5681, avg. length 2144.05
first_0:                 episode reward: 4.0000,                 loss: nan
second_0:                 episode reward: -4.0000,                 loss: 0.0003
Episode: 5701, avg. length 1932.1
first_0:                 episode reward: 4.4500,                 loss: nan
second_0:                 episode reward: -4.4500,                 loss: 0.0003
Episode: 5721, avg. length 1345.5
first_0:                 episode reward: 4.7500,                 loss: nan
second_0:                 episode reward: -4.7500,                 loss: 0.0044
Episode: 5741, avg. length 1556.35
first_0:                 episode reward: 4.5000,                 loss: nan
second_0:                 episode reward: -4.5000,                 loss: 0.0012
Episode: 5761, avg. length 1823.65
first_0:                 episode reward: 4.3500,                 loss: nan
second_0:                 episode reward: -4.3500,                 loss: 0.0033
Episode: 5781, avg. length 1531.5
first_0:                 episode reward: 4.6000,                 loss: nan
second_0:                 episode reward: -4.6000,                 loss: 0.0040
Episode: 5801, avg. length 1729.7
first_0:                 episode reward: 4.4000,                 loss: nan
second_0:                 episode reward: -4.4000,                 loss: 0.0033
Episode: 5821, avg. length 2188.65
first_0:                 episode reward: 4.3500,                 loss: nan
second_0:                 episode reward: -4.3500,                 loss: 0.0022
Episode: 5841, avg. length 2095.25
first_0:                 episode reward: 4.2500,                 loss: nan
second_0:                 episode reward: -4.2500,                 loss: 0.0026
Episode: 5861, avg. length 1432.45
first_0:                 episode reward: 4.8000,                 loss: nan
second_0:                 episode reward: -4.8000,                 loss: 0.0034
Episode: 5881, avg. length 1711.3
first_0:                 episode reward: 4.4000,                 loss: nan
second_0:                 episode reward: -4.4000,                 loss: 0.0008
Episode: 5901, avg. length 2196.7
first_0:                 episode reward: 3.7500,                 loss: nan
second_0:                 episode reward: -3.7500,                 loss: 0.0054
Episode: 5921, avg. length 2349.45
first_0:                 episode reward: 3.3000,                 loss: nan
second_0:                 episode reward: -3.3000,                 loss: 0.0023
Episode: 5941, avg. length 2073.4
first_0:                 episode reward: 4.5500,                 loss: nan
second_0:                 episode reward: -4.5500,                 loss: 0.0035
Episode: 5961, avg. length 2552.75
first_0:                 episode reward: 3.6500,                 loss: nan
second_0:                 episode reward: -3.6500,                 loss: 0.0032
Episode: 5981, avg. length 2808.8
first_0:                 episode reward: 3.1000,                 loss: nan
second_0:                 episode reward: -3.1000,                 loss: 0.0040
Episode: 6001, avg. length 2102.1
first_0:                 episode reward: 4.2500,                 loss: nan
second_0:                 episode reward: -4.2500,                 loss: 0.0050
Episode: 6021, avg. length 1461.15
first_0:                 episode reward: 4.6000,                 loss: nan
second_0:                 episode reward: -4.6000,                 loss: 0.0025
Episode: 6041, avg. length 1304.65
first_0:                 episode reward: 4.7000,                 loss: nan
second_0:                 episode reward: -4.7000,                 loss: 0.0032
Episode: 6061, avg. length 1396.5
first_0:                 episode reward: 4.5500,                 loss: nan
second_0:                 episode reward: -4.5500,                 loss: 0.0022
Episode: 6081, avg. length 2026.65
first_0:                 episode reward: 4.1500,                 loss: nan
second_0:                 episode reward: -4.1500,                 loss: 0.0051
Episode: 6101, avg. length 1887.25
first_0:                 episode reward: 4.2500,                 loss: nan
second_0:                 episode reward: -4.2500,                 loss: 0.0036
Episode: 6121, avg. length 1627.1
first_0:                 episode reward: 4.0000,                 loss: nan
second_0:                 episode reward: -4.0000,                 loss: 0.0010
Episode: 6141, avg. length 1778.3
first_0:                 episode reward: 4.3500,                 loss: nan
second_0:                 episode reward: -4.3500,                 loss: 0.0033
Episode: 6161, avg. length 1662.95
first_0:                 episode reward: 4.3500,                 loss: nan
second_0:                 episode reward: -4.3500,                 loss: 0.0073
Episode: 6181, avg. length 1841.1
first_0:                 episode reward: 4.5500,                 loss: nan
second_0:                 episode reward: -4.5500,                 loss: 0.0011
Episode: 6201, avg. length 1271.9
first_0:                 episode reward: 4.6000,                 loss: nan
second_0:                 episode reward: -4.6000,                 loss: 0.0031
Episode: 6221, avg. length 1704.15
first_0:                 episode reward: 4.4500,                 loss: nan
second_0:                 episode reward: -4.4500,                 loss: 0.0048
Episode: 6241, avg. length 1402.95
first_0:                 episode reward: 4.5500,                 loss: nan
second_0:                 episode reward: -4.5500,                 loss: 0.0035
Episode: 6261, avg. length 1666.6
first_0:                 episode reward: 4.7500,                 loss: nan
second_0:                 episode reward: -4.7500,                 loss: 0.0043
Episode: 6281, avg. length 1521.7
first_0:                 episode reward: 4.6500,                 loss: nan
second_0:                 episode reward: -4.6500,                 loss: 0.0052
Episode: 6301, avg. length 1662.9
first_0:                 episode reward: 4.2500,                 loss: nan
second_0:                 episode reward: -4.2500,                 loss: 0.0042
Episode: 6321, avg. length 1381.7
first_0:                 episode reward: 4.7500,                 loss: nan
second_0:                 episode reward: -4.7500,                 loss: 0.0053
Episode: 6341, avg. length 1427.55
first_0:                 episode reward: 4.8500,                 loss: nan
second_0:                 episode reward: -4.8500,                 loss: 0.0039
Episode: 6361, avg. length 1608.35
first_0:                 episode reward: 4.7000,                 loss: nan
second_0:                 episode reward: -4.7000,                 loss: 0.0010
Episode: 6381, avg. length 1963.2
first_0:                 episode reward: 4.2000,                 loss: nan
second_0:                 episode reward: -4.2000,                 loss: 0.0020
Episode: 6401, avg. length 1635.7
first_0:                 episode reward: 4.6500,                 loss: nan
second_0:                 episode reward: -4.6500,                 loss: 0.0010
Episode: 6421, avg. length 1177.1
first_0:                 episode reward: 4.8500,                 loss: nan
second_0:                 episode reward: -4.8500,                 loss: 0.0032
Episode: 6441, avg. length 1029.0
first_0:                 episode reward: 4.7000,                 loss: nan
second_0:                 episode reward: -4.7000,                 loss: 0.0046
Episode: 6461, avg. length 1909.2
first_0:                 episode reward: 4.2000,                 loss: nan
second_0:                 episode reward: -4.2000,                 loss: 0.0043
Episode: 6481, avg. length 1772.3
first_0:                 episode reward: 4.5500,                 loss: nan
second_0:                 episode reward: -4.5500,                 loss: 0.0038
Episode: 6501, avg. length 1546.85
first_0:                 episode reward: 4.4000,                 loss: nan
second_0:                 episode reward: -4.4000,                 loss: 0.0026
Episode: 6521, avg. length 1449.6
first_0:                 episode reward: 4.7500,                 loss: nan
second_0:                 episode reward: -4.7500,                 loss: 0.0060
Episode: 6541, avg. length 1793.85
first_0:                 episode reward: 4.7000,                 loss: nan
second_0:                 episode reward: -4.7000,                 loss: 0.0045
Episode: 6561, avg. length 2206.25
first_0:                 episode reward: 3.5000,                 loss: nan
second_0:                 episode reward: -3.5000,                 loss: 0.0029
Episode: 6581, avg. length 1561.75
first_0:                 episode reward: 4.3000,                 loss: nan
second_0:                 episode reward: -4.3000,                 loss: 0.0028
Episode: 6601, avg. length 994.25
first_0:                 episode reward: 4.8500,                 loss: nan
second_0:                 episode reward: -4.8500,                 loss: 0.0016
Episode: 6621, avg. length 1066.2
first_0:                 episode reward: 4.7500,                 loss: nan
second_0:                 episode reward: -4.7500,                 loss: 0.0017
Episode: 6641, avg. length 1236.75
first_0:                 episode reward: 4.5500,                 loss: nan
second_0:                 episode reward: -4.5500,                 loss: 0.0024
Episode: 6661, avg. length 1588.8
first_0:                 episode reward: 4.5500,                 loss: nan
second_0:                 episode reward: -4.5500,                 loss: 0.0017
Episode: 6681, avg. length 1945.25
first_0:                 episode reward: 4.6500,                 loss: nan
second_0:                 episode reward: -4.6500,                 loss: 0.0028
Episode: 6701, avg. length 2117.3
first_0:                 episode reward: 4.4500,                 loss: nan
second_0:                 episode reward: -4.4500,                 loss: 0.0018
Episode: 6721, avg. length 2712.8
first_0:                 episode reward: 3.5500,                 loss: nan
second_0:                 episode reward: -3.5500,                 loss: 0.0011
Episode: 6741, avg. length 1844.05
first_0:                 episode reward: 4.4000,                 loss: nan
second_0:                 episode reward: -4.4000,                 loss: 0.0019
Episode: 6761, avg. length 1628.05
first_0:                 episode reward: 4.2000,                 loss: nan
second_0:                 episode reward: -4.2000,                 loss: 0.0044
Episode: 6781, avg. length 2030.9
first_0:                 episode reward: 4.0000,                 loss: nan
second_0:                 episode reward: -4.0000,                 loss: 0.0012
Episode: 6801, avg. length 1994.6
first_0:                 episode reward: 4.5500,                 loss: nan
second_0:                 episode reward: -4.5500,                 loss: 0.0023
Episode: 6821, avg. length 1820.9
first_0:                 episode reward: 4.2000,                 loss: nan
second_0:                 episode reward: -4.2000,                 loss: 0.0005
Episode: 6841, avg. length 1585.4
first_0:                 episode reward: 4.5500,                 loss: nan
second_0:                 episode reward: -4.5500,                 loss: 0.0028
Episode: 6861, avg. length 1945.9
first_0:                 episode reward: 4.3000,                 loss: nan
second_0:                 episode reward: -4.3000,                 loss: 0.0004
Episode: 6881, avg. length 1629.25
first_0:                 episode reward: 4.5500,                 loss: nan
second_0:                 episode reward: -4.5500,                 loss: 0.0031
Episode: 6901, avg. length 1637.2
first_0:                 episode reward: 4.5000,                 loss: nan
second_0:                 episode reward: -4.5000,                 loss: 0.0018
Episode: 6921, avg. length 1437.15
first_0:                 episode reward: 4.6500,                 loss: nan
second_0:                 episode reward: -4.6500,                 loss: 0.0048
Episode: 6941, avg. length 2109.75
first_0:                 episode reward: 3.6000,                 loss: nan
second_0:                 episode reward: -3.6000,                 loss: 0.0008
Episode: 6961, avg. length 1389.1
first_0:                 episode reward: 4.7500,                 loss: nan
second_0:                 episode reward: -4.7500,                 loss: 0.0027
Episode: 6981, avg. length 1617.2
first_0:                 episode reward: 4.5500,                 loss: nan
second_0:                 episode reward: -4.5500,                 loss: 0.0083
Episode: 7001, avg. length 1655.6
first_0:                 episode reward: 4.8000,                 loss: nan
second_0:                 episode reward: -4.8000,                 loss: 0.0048
Episode: 7021, avg. length 1301.5
first_0:                 episode reward: 4.8000,                 loss: nan
second_0:                 episode reward: -4.8000,                 loss: 0.0027
Episode: 7041, avg. length 1292.6
first_0:                 episode reward: 4.6000,                 loss: nan
second_0:                 episode reward: -4.6000,                 loss: 0.0040
Episode: 7061, avg. length 1349.3
first_0:                 episode reward: 4.7500,                 loss: nan
second_0:                 episode reward: -4.7500,                 loss: 0.0025
Episode: 7081, avg. length 1331.95
first_0:                 episode reward: 4.7500,                 loss: nan
second_0:                 episode reward: -4.7500,                 loss: 0.0062
Episode: 7101, avg. length 1500.05
first_0:                 episode reward: 4.7000,                 loss: nan
second_0:                 episode reward: -4.7000,                 loss: 0.0018
Episode: 7121, avg. length 1322.0
first_0:                 episode reward: 4.5500,                 loss: nan
second_0:                 episode reward: -4.5500,                 loss: 0.0079
Episode: 7141, avg. length 1657.8
first_0:                 episode reward: 4.5500,                 loss: nan
second_0:                 episode reward: -4.5500,                 loss: 0.0014
Episode: 7161, avg. length 1467.9
first_0:                 episode reward: 4.7000,                 loss: nan
second_0:                 episode reward: -4.7000,                 loss: 0.0045
Episode: 7181, avg. length 1340.2
first_0:                 episode reward: 4.7000,                 loss: nan
second_0:                 episode reward: -4.7000,                 loss: 0.0067
Episode: 7201, avg. length 1139.95
first_0:                 episode reward: 4.6500,                 loss: nan
second_0:                 episode reward: -4.6500,                 loss: 0.0034
Episode: 7221, avg. length 1267.8
first_0:                 episode reward: 4.6000,                 loss: nan
second_0:                 episode reward: -4.6000,                 loss: 0.0020
Episode: 7241, avg. length 1174.2
first_0:                 episode reward: 4.7500,                 loss: nan
second_0:                 episode reward: -4.7500,                 loss: 0.0028
Episode: 7261, avg. length 1350.15
first_0:                 episode reward: 4.2000,                 loss: nan
second_0:                 episode reward: -4.2000,                 loss: 0.0015
Episode: 7281, avg. length 1235.05
first_0:                 episode reward: 4.8000,                 loss: nan
second_0:                 episode reward: -4.8000,                 loss: 0.0067
Episode: 7301, avg. length 1792.85
first_0:                 episode reward: 4.4000,                 loss: nan
second_0:                 episode reward: -4.4000,                 loss: 0.0059
Episode: 7321, avg. length 1700.4
first_0:                 episode reward: 4.5000,                 loss: nan
second_0:                 episode reward: -4.5000,                 loss: 0.0019
Episode: 7341, avg. length 1495.6
first_0:                 episode reward: 4.6000,                 loss: nan
second_0:                 episode reward: -4.6000,                 loss: 0.0061
Episode: 7361, avg. length 1254.2
first_0:                 episode reward: 4.7500,                 loss: nan
second_0:                 episode reward: -4.7500,                 loss: 0.0033
Episode: 7381, avg. length 1238.6
first_0:                 episode reward: 4.7500,                 loss: nan
second_0:                 episode reward: -4.7500,                 loss: 0.0041
Episode: 7401, avg. length 2357.8
first_0:                 episode reward: 3.5000,                 loss: nan
second_0:                 episode reward: -3.5000,                 loss: 0.0045
Episode: 7421, avg. length 1662.45
first_0:                 episode reward: 4.8000,                 loss: nan
second_0:                 episode reward: -4.8000,                 loss: 0.0003
Episode: 7441, avg. length 1203.0
first_0:                 episode reward: 4.8000,                 loss: nan
second_0:                 episode reward: -4.8000,                 loss: 0.0020
Episode: 7461, avg. length 1289.15
first_0:                 episode reward: 4.7500,                 loss: nan
second_0:                 episode reward: -4.7500,                 loss: 0.0038
Episode: 7481, avg. length 1843.2
first_0:                 episode reward: 4.3000,                 loss: nan
second_0:                 episode reward: -4.3000,                 loss: 0.0004
Episode: 7501, avg. length 1322.8
first_0:                 episode reward: 4.6500,                 loss: nan
second_0:                 episode reward: -4.6500,                 loss: 0.0025
Episode: 7521, avg. length 1537.7
first_0:                 episode reward: 4.7500,                 loss: nan
second_0:                 episode reward: -4.7500,                 loss: 0.0013
Episode: 7541, avg. length 1711.5
first_0:                 episode reward: 4.3000,                 loss: nan
second_0:                 episode reward: -4.3000,                 loss: 0.0022
Episode: 7561, avg. length 1944.15
first_0:                 episode reward: 4.5500,                 loss: nan
second_0:                 episode reward: -4.5500,                 loss: 0.0011
Episode: 7581, avg. length 2008.3
first_0:                 episode reward: 4.5000,                 loss: nan
second_0:                 episode reward: -4.5000,                 loss: 0.0052
Episode: 7601, avg. length 1471.9
first_0:                 episode reward: 4.6500,                 loss: nan
second_0:                 episode reward: -4.6500,                 loss: 0.0036
Episode: 7621, avg. length 1312.45
first_0:                 episode reward: 4.5000,                 loss: nan
second_0:                 episode reward: -4.5000,                 loss: 0.0036
Episode: 7641, avg. length 1838.15
first_0:                 episode reward: 4.4000,                 loss: nan
second_0:                 episode reward: -4.4000,                 loss: 0.0043
Episode: 7661, avg. length 1850.4
first_0:                 episode reward: 4.6500,                 loss: nan
second_0:                 episode reward: -4.6500,                 loss: 0.0029
Episode: 7681, avg. length 1916.75
first_0:                 episode reward: 4.6500,                 loss: nan
second_0:                 episode reward: -4.6500,                 loss: 0.0051
Episode: 7701, avg. length 1753.55
first_0:                 episode reward: 4.6500,                 loss: nan
second_0:                 episode reward: -4.6500,                 loss: 0.0034
Episode: 7721, avg. length 1964.35
first_0:                 episode reward: 4.4500,                 loss: nan
second_0:                 episode reward: -4.4500,                 loss: 0.0016
Episode: 7741, avg. length 1858.7
first_0:                 episode reward: 4.2500,                 loss: nan
second_0:                 episode reward: -4.2500,                 loss: 0.0058
Episode: 7761, avg. length 1986.05
first_0:                 episode reward: 4.1500,                 loss: nan
second_0:                 episode reward: -4.1500,                 loss: 0.0067
Episode: 7781, avg. length 1457.85
first_0:                 episode reward: 4.5000,                 loss: nan
second_0:                 episode reward: -4.5000,                 loss: 0.0053
Episode: 7801, avg. length 1511.05
first_0:                 episode reward: 4.7500,                 loss: nan
second_0:                 episode reward: -4.7500,                 loss: 0.0065
Episode: 7821, avg. length 1805.9
first_0:                 episode reward: 4.3500,                 loss: nan
second_0:                 episode reward: -4.3500,                 loss: 0.0020
Episode: 7841, avg. length 1487.0
first_0:                 episode reward: 4.6500,                 loss: nan
second_0:                 episode reward: -4.6500,                 loss: 0.0065
Episode: 7861, avg. length 1672.5
first_0:                 episode reward: 4.6500,                 loss: nan
second_0:                 episode reward: -4.6500,                 loss: 0.0065
Episode: 7881, avg. length 1997.45
first_0:                 episode reward: 4.4500,                 loss: nan
second_0:                 episode reward: -4.4500,                 loss: 0.0016
Episode: 7901, avg. length 1583.7
first_0:                 episode reward: 4.6000,                 loss: nan
second_0:                 episode reward: -4.6000,                 loss: 0.0034
Episode: 7921, avg. length 1773.65
first_0:                 episode reward: 4.8500,                 loss: nan
second_0:                 episode reward: -4.8500,                 loss: 0.0031
Episode: 7941, avg. length 1411.9
first_0:                 episode reward: 4.7000,                 loss: nan
second_0:                 episode reward: -4.7000,                 loss: 0.0060
Episode: 7961, avg. length 1287.5
first_0:                 episode reward: 4.4000,                 loss: nan
second_0:                 episode reward: -4.4000,                 loss: 0.0017
Episode: 7981, avg. length 1132.8
first_0:                 episode reward: 4.5500,                 loss: nan
second_0:                 episode reward: -4.5500,                 loss: 0.0009
Episode: 8001, avg. length 1046.35
first_0:                 episode reward: 4.7500,                 loss: nan
second_0:                 episode reward: -4.7500,                 loss: 0.0033
Episode: 8021, avg. length 1163.0
first_0:                 episode reward: 4.6000,                 loss: nan
second_0:                 episode reward: -4.6000,                 loss: 0.0036
Episode: 8041, avg. length 1112.55
first_0:                 episode reward: 4.7000,                 loss: nan
second_0:                 episode reward: -4.7000,                 loss: 0.0047
Episode: 8061, avg. length 1067.9
first_0:                 episode reward: 4.9000,                 loss: nan
second_0:                 episode reward: -4.9000,                 loss: 0.0040
Episode: 8081, avg. length 1222.85
first_0:                 episode reward: 4.7500,                 loss: nan
second_0:                 episode reward: -4.7500,                 loss: 0.0078
Episode: 8101, avg. length 2084.0
first_0:                 episode reward: 3.6500,                 loss: nan
second_0:                 episode reward: -3.6500,                 loss: 0.0067
Episode: 8121, avg. length 1838.6
first_0:                 episode reward: 4.5500,                 loss: nan
second_0:                 episode reward: -4.5500,                 loss: 0.0047
Episode: 8141, avg. length 1843.8
first_0:                 episode reward: 4.3000,                 loss: nan
second_0:                 episode reward: -4.3000,                 loss: 0.0047
Episode: 8161, avg. length 1016.85
first_0:                 episode reward: 4.7000,                 loss: nan
second_0:                 episode reward: -4.7000,                 loss: 0.0057
Episode: 8181, avg. length 1233.75
first_0:                 episode reward: 4.5000,                 loss: nan
second_0:                 episode reward: -4.5000,                 loss: 0.0022
Episode: 8201, avg. length 1212.0
first_0:                 episode reward: 4.9000,                 loss: nan
second_0:                 episode reward: -4.9000,                 loss: 0.0033
Episode: 8221, avg. length 1342.0
first_0:                 episode reward: 4.5000,                 loss: nan
second_0:                 episode reward: -4.5000,                 loss: 0.0013
Episode: 8241, avg. length 1470.65
first_0:                 episode reward: 4.8500,                 loss: nan
second_0:                 episode reward: -4.8500,                 loss: 0.0067
Episode: 8261, avg. length 1677.2
first_0:                 episode reward: 4.4500,                 loss: nan
second_0:                 episode reward: -4.4500,                 loss: 0.0019
Episode: 8281, avg. length 1271.8
first_0:                 episode reward: 4.5000,                 loss: nan
second_0:                 episode reward: -4.5000,                 loss: 0.0044
Episode: 8301, avg. length 1604.45
first_0:                 episode reward: 4.5500,                 loss: nan
second_0:                 episode reward: -4.5500,                 loss: 0.0042
Episode: 8321, avg. length 2561.45
first_0:                 episode reward: 3.4500,                 loss: nan
second_0:                 episode reward: -3.4500,                 loss: 0.0014
Episode: 8341, avg. length 1438.2
first_0:                 episode reward: 4.6000,                 loss: nan
second_0:                 episode reward: -4.6000,                 loss: 0.0057
Episode: 8361, avg. length 1629.3
first_0:                 episode reward: 4.2000,                 loss: nan
second_0:                 episode reward: -4.2000,                 loss: 0.0012
Episode: 8381, avg. length 1598.9
first_0:                 episode reward: 4.7500,                 loss: nan
second_0:                 episode reward: -4.7500,                 loss: 0.0014
Episode: 8401, avg. length 2030.8
first_0:                 episode reward: 4.2500,                 loss: nan
second_0:                 episode reward: -4.2500,                 loss: 0.0030
Episode: 8421, avg. length 1647.7
first_0:                 episode reward: 4.7000,                 loss: nan
second_0:                 episode reward: -4.7000,                 loss: 0.0031
Episode: 8441, avg. length 1420.55
first_0:                 episode reward: 4.7500,                 loss: nan
second_0:                 episode reward: -4.7500,                 loss: 0.0021
Episode: 8461, avg. length 1065.7
first_0:                 episode reward: 4.6000,                 loss: nan
second_0:                 episode reward: -4.6000,                 loss: 0.0051
Episode: 8481, avg. length 1066.9
first_0:                 episode reward: 4.6000,                 loss: nan
second_0:                 episode reward: -4.6000,                 loss: 0.0082
Episode: 8501, avg. length 1294.15
first_0:                 episode reward: 4.7500,                 loss: nan
second_0:                 episode reward: -4.7500,                 loss: 0.0038
Episode: 8521, avg. length 1349.35
first_0:                 episode reward: 4.8000,                 loss: nan
second_0:                 episode reward: -4.8000,                 loss: 0.0040
Episode: 8541, avg. length 1745.05
first_0:                 episode reward: 4.6000,                 loss: nan
second_0:                 episode reward: -4.6000,                 loss: 0.0060
Episode: 8561, avg. length 1589.45
first_0:                 episode reward: 4.1000,                 loss: nan
second_0:                 episode reward: -4.1000,                 loss: 0.0043
Episode: 8581, avg. length 1413.3
first_0:                 episode reward: 4.6000,                 loss: nan
second_0:                 episode reward: -4.6000,                 loss: 0.0028
Episode: 8601, avg. length 1522.65
first_0:                 episode reward: 4.6500,                 loss: nan
second_0:                 episode reward: -4.6500,                 loss: 0.0045
Episode: 8621, avg. length 1552.0
first_0:                 episode reward: 4.4500,                 loss: nan
second_0:                 episode reward: -4.4500,                 loss: 0.0041
Episode: 8641, avg. length 1186.05
first_0:                 episode reward: 4.9000,                 loss: nan
second_0:                 episode reward: -4.9000,                 loss: 0.0008
Episode: 8661, avg. length 1142.2
first_0:                 episode reward: 4.8500,                 loss: nan
second_0:                 episode reward: -4.8500,                 loss: 0.0054
Episode: 8681, avg. length 2604.15
first_0:                 episode reward: 3.4000,                 loss: nan
second_0:                 episode reward: -3.4000,                 loss: 0.0086
Episode: 8701, avg. length 2213.2
first_0:                 episode reward: 4.1500,                 loss: nan
second_0:                 episode reward: -4.1500,                 loss: 0.0034
Episode: 8721, avg. length 1602.05
first_0:                 episode reward: 4.3500,                 loss: nan
second_0:                 episode reward: -4.3500,                 loss: 0.0007
Episode: 8741, avg. length 1008.05
first_0:                 episode reward: 4.7500,                 loss: nan
second_0:                 episode reward: -4.7500,                 loss: 0.0017
Episode: 8761, avg. length 1010.05
first_0:                 episode reward: 4.7000,                 loss: nan
second_0:                 episode reward: -4.7000,                 loss: 0.0016
Episode: 8781, avg. length 1362.7
first_0:                 episode reward: 4.7000,                 loss: nan
second_0:                 episode reward: -4.7000,                 loss: 0.0059
Episode: 8801, avg. length 1677.35
first_0:                 episode reward: 4.5500,                 loss: nan
second_0:                 episode reward: -4.5500,                 loss: 0.0054
Episode: 8821, avg. length 1211.45
first_0:                 episode reward: 4.8500,                 loss: nan
second_0:                 episode reward: -4.8500,                 loss: 0.0042
Episode: 8841, avg. length 1225.6
first_0:                 episode reward: 4.7500,                 loss: nan
second_0:                 episode reward: -4.7500,                 loss: 0.0048
Episode: 8861, avg. length 1215.35
first_0:                 episode reward: 4.8000,                 loss: nan
second_0:                 episode reward: -4.8000,                 loss: 0.0042
Episode: 8881, avg. length 1531.15
first_0:                 episode reward: 4.4000,                 loss: nan
second_0:                 episode reward: -4.4000,                 loss: 0.0039
Episode: 8901, avg. length 1567.35
first_0:                 episode reward: 4.5500,                 loss: nan
second_0:                 episode reward: -4.5500,                 loss: 0.0094
Episode: 8921, avg. length 2078.45
first_0:                 episode reward: 4.3500,                 loss: nan
second_0:                 episode reward: -4.3500,                 loss: 0.0031
Episode: 8941, avg. length 2193.3
first_0:                 episode reward: 3.9000,                 loss: nan
second_0:                 episode reward: -3.9000,                 loss: 0.0023
Episode: 8961, avg. length 1622.65
first_0:                 episode reward: 4.4500,                 loss: nan
second_0:                 episode reward: -4.4500,                 loss: 0.0043
Episode: 8981, avg. length 1443.35
first_0:                 episode reward: 4.6500,                 loss: nan
second_0:                 episode reward: -4.6500,                 loss: 0.0016
Episode: 9001, avg. length 969.55
first_0:                 episode reward: 4.8000,                 loss: nan
second_0:                 episode reward: -4.8000,                 loss: 0.0037
Episode: 9021, avg. length 1530.15
first_0:                 episode reward: 4.4000,                 loss: nan
second_0:                 episode reward: -4.4000,                 loss: 0.0038
Episode: 9041, avg. length 2328.65
first_0:                 episode reward: 3.7000,                 loss: nan
second_0:                 episode reward: -3.7000,                 loss: 0.0030
Episode: 9061, avg. length 2082.9
first_0:                 episode reward: 4.2500,                 loss: nan
second_0:                 episode reward: -4.2500,                 loss: 0.0037
Episode: 9081, avg. length 1448.3
first_0:                 episode reward: 4.7000,                 loss: nan
second_0:                 episode reward: -4.7000,                 loss: 0.0017
Episode: 9101, avg. length 1108.45
first_0:                 episode reward: 4.7500,                 loss: nan
second_0:                 episode reward: -4.7500,                 loss: 0.0043
Episode: 9121, avg. length 1470.55
first_0:                 episode reward: 4.5000,                 loss: nan
second_0:                 episode reward: -4.5000,                 loss: 0.0014
Episode: 9141, avg. length 1724.6
first_0:                 episode reward: 4.3500,                 loss: nan
second_0:                 episode reward: -4.3500,                 loss: 0.0034
Episode: 9161, avg. length 1927.35
first_0:                 episode reward: 4.3500,                 loss: nan
second_0:                 episode reward: -4.3500,                 loss: 0.0043
Episode: 9181, avg. length 1428.9
first_0:                 episode reward: 4.5500,                 loss: nan
second_0:                 episode reward: -4.5500,                 loss: 0.0010
Episode: 9201, avg. length 1701.55
first_0:                 episode reward: 4.4000,                 loss: nan
second_0:                 episode reward: -4.4000,                 loss: 0.0016
Episode: 9221, avg. length 1131.6
first_0:                 episode reward: 4.9000,                 loss: nan
second_0:                 episode reward: -4.9000,                 loss: 0.0051
Episode: 9241, avg. length 1117.9
first_0:                 episode reward: 4.8500,                 loss: nan
second_0:                 episode reward: -4.8500,                 loss: 0.0049
Episode: 9261, avg. length 843.2
first_0:                 episode reward: 4.7000,                 loss: nan
second_0:                 episode reward: -4.7000,                 loss: 0.0037
Episode: 9281, avg. length 1136.3
first_0:                 episode reward: 4.9500,                 loss: nan
second_0:                 episode reward: -4.9500,                 loss: 0.0054
Episode: 9301, avg. length 1481.4
first_0:                 episode reward: 4.4500,                 loss: nan
second_0:                 episode reward: -4.4500,                 loss: 0.0013
Episode: 9321, avg. length 1704.55
first_0:                 episode reward: 4.5500,                 loss: nan
second_0:                 episode reward: -4.5500,                 loss: 0.0043
Episode: 9341, avg. length 1400.95
first_0:                 episode reward: 4.7000,                 loss: nan
second_0:                 episode reward: -4.7000,                 loss: 0.0029
Episode: 9361, avg. length 1484.1
first_0:                 episode reward: 4.9500,                 loss: nan
second_0:                 episode reward: -4.9500,                 loss: 0.0025
Episode: 9381, avg. length 1289.65
first_0:                 episode reward: 4.8000,                 loss: nan
second_0:                 episode reward: -4.8000,                 loss: 0.0039
Episode: 9401, avg. length 1243.45
first_0:                 episode reward: 4.7000,                 loss: nan
second_0:                 episode reward: -4.7000,                 loss: 0.0003
Episode: 9421, avg. length 1540.0
first_0:                 episode reward: 4.8500,                 loss: nan
second_0:                 episode reward: -4.8500,                 loss: 0.0035
Episode: 9441, avg. length 1180.4
first_0:                 episode reward: 4.8000,                 loss: nan
second_0:                 episode reward: -4.8000,                 loss: 0.0041/home/zihan/anaconda3/envs/x/lib/python3.7/site-packages/numpy/core/fromnumeric.py:3441: RuntimeWarning: Mean of empty slice.
  out=out, **kwargs)
/home/zihan/anaconda3/envs/x/lib/python3.7/site-packages/numpy/core/_methods.py:189: RuntimeWarning: invalid value encountered in double_scalars
  ret = ret.dtype.type(ret / rcount)

Episode: 9461, avg. length 1305.3
first_0:                 episode reward: 4.7500,                 loss: nan
second_0:                 episode reward: -4.7500,                 loss: 0.0022
Episode: 9481, avg. length 1526.6
first_0:                 episode reward: 4.6500,                 loss: nan
second_0:                 episode reward: -4.6500,                 loss: 0.0057
Episode: 9501, avg. length 1304.65
first_0:                 episode reward: 4.8000,                 loss: nan
second_0:                 episode reward: -4.8000,                 loss: 0.0030
Episode: 9521, avg. length 1081.75
first_0:                 episode reward: 4.6500,                 loss: nan
second_0:                 episode reward: -4.6500,                 loss: 0.0025
Episode: 9541, avg. length 1115.2
first_0:                 episode reward: 4.8500,                 loss: nan
second_0:                 episode reward: -4.8500,                 loss: 0.0060
Episode: 9561, avg. length 1551.65
first_0:                 episode reward: 4.5000,                 loss: nan
second_0:                 episode reward: -4.5000,                 loss: 0.0048
Episode: 9581, avg. length 1263.0
first_0:                 episode reward: 4.5000,                 loss: nan
second_0:                 episode reward: -4.5000,                 loss: 0.0038
Episode: 9601, avg. length 1325.15
first_0:                 episode reward: 4.6500,                 loss: nan
second_0:                 episode reward: -4.6500,                 loss: 0.0040
Episode: 9621, avg. length 1082.5
first_0:                 episode reward: 4.7000,                 loss: nan
second_0:                 episode reward: -4.7000,                 loss: 0.0088
Episode: 9641, avg. length 1020.0
first_0:                 episode reward: 4.9000,                 loss: nan
second_0:                 episode reward: -4.9000,                 loss: 0.0029
Episode: 9661, avg. length 1273.55
first_0:                 episode reward: 4.7000,                 loss: nan
second_0:                 episode reward: -4.7000,                 loss: 0.0057
Episode: 9681, avg. length 1616.7
first_0:                 episode reward: 4.4500,                 loss: nan
second_0:                 episode reward: -4.4500,                 loss: 0.0085
Episode: 9701, avg. length 1551.55
first_0:                 episode reward: 4.1500,                 loss: nan
second_0:                 episode reward: -4.1500,                 loss: 0.0052
Episode: 9721, avg. length 897.05
first_0:                 episode reward: 4.9500,                 loss: nan
second_0:                 episode reward: -4.9500,                 loss: 0.0027
Episode: 9741, avg. length 918.05
first_0:                 episode reward: 4.8500,                 loss: nan
second_0:                 episode reward: -4.8500,                 loss: 0.0026
Episode: 9761, avg. length 969.8
first_0:                 episode reward: 4.7000,                 loss: nan
second_0:                 episode reward: -4.7000,                 loss: 0.0030
Episode: 9781, avg. length 1243.75
first_0:                 episode reward: 4.8500,                 loss: nan
second_0:                 episode reward: -4.8500,                 loss: 0.0015
Episode: 9801, avg. length 1378.05
first_0:                 episode reward: 4.9000,                 loss: nan
second_0:                 episode reward: -4.9000,                 loss: 0.0056
Episode: 9821, avg. length 1225.95
first_0:                 episode reward: 4.9500,                 loss: nan
second_0:                 episode reward: -4.9500,                 loss: 0.0017
Episode: 9841, avg. length 1063.5
first_0:                 episode reward: 4.7000,                 loss: nan
second_0:                 episode reward: -4.7000,                 loss: 0.0037
Episode: 9861, avg. length 1136.3
first_0:                 episode reward: 4.5000,                 loss: nan
second_0:                 episode reward: -4.5000,                 loss: 0.0051
Episode: 9881, avg. length 1248.8
first_0:                 episode reward: 4.7500,                 loss: nan
second_0:                 episode reward: -4.7500,                 loss: 0.0056
Episode: 9901, avg. length 1332.85
first_0:                 episode reward: 4.6000,                 loss: nan
second_0:                 episode reward: -4.6000,                 loss: 0.0061
Episode: 9921, avg. length 1288.85
first_0:                 episode reward: 4.8500,                 loss: nan
second_0:                 episode reward: -4.8500,                 loss: 0.0021
Episode: 9941, avg. length 1354.65
first_0:                 episode reward: 4.4500,                 loss: nan
second_0:                 episode reward: -4.4500,                 loss: 0.0019
Episode: 9961, avg. length 1239.05
first_0:                 episode reward: 4.7000,                 loss: nan
second_0:                 episode reward: -4.7000,                 loss: 0.0070
Episode: 9981, avg. length 1235.35
first_0:                 episode reward: 4.8000,                 loss: nan
second_0:                 episode reward: -4.8000,                 loss: 0.0024
