pygame 2.0.0 (SDL 2.0.12, python 3.7.10)
Hello from the pygame community. https://www.pygame.org/contribute.html
SlimeVolley-v0 slimevolley
Load SlimeVolley-v0 environment in type slimevolley.
Env observation space: Box(-3.4028234663852886e+38, 3.4028234663852886e+38, (12,), float32) action space: Discrete(6)
<env.wrappers.mars_wrappers.Dict2TupleWrapper object at 0x7f4cf6d2df10>
SlimeVolley-v0 slimevolley
Load SlimeVolley-v0 environment in type slimevolley.
Env observation space: Box(-3.4028234663852886e+38, 3.4028234663852886e+38, (12,), float32) action space: Discrete(6)
No agent are not learnable.
Arguments:  {'env_name': 'SlimeVolley-v0', 'env_type': 'slimevolley', 'num_envs': 1, 'ram': True, 'seed': 1122, 'against_baseline': False, 'algorithm': 'DQN', 'algorithm_spec': {'episodic_update': False, 'dueling': False, 'replay_buffer_size': '1e5', 'gamma': 0.99, 'multi_step': 1, 'target_update_interval': 1000, 'eps_start': 1.0, 'eps_final': 0.01, 'eps_decay': 30000}, 'batch_size': 32, 'max_episodes': 10000, 'max_steps_per_episode': 10000, 'train_start_frame': 0, 'optimizer': 'adam', 'learning_rate': '2e-5', 'device': 'gpu', 'update_itr': 1, 'log_avg_window': 20, 'log_interval': 20, 'render': False, 'test': False, 'exploit': False, 'load_model_idx': False, 'load_model_full_path': False, 'save_path': '', 'save_interval': 2000, 'net_architecture': {'hidden_dim_list': [64, 64, 64], 'hidden_activation': 'Tanh', 'output_activation': False}, 'marl_method': 'nxdo', 'marl_spec': {'selfplay_score_delta': 4.0, 'trainable_agent_idx': 1, 'opponent_idx': 0}}
Episode: 1, avg. length 645.0
first_0:                 episode reward: -3.0000,                 loss: 0.0091
second_0:                 episode reward: 3.0000,                 loss: 0.0077
Episode: 21, avg. length 630.25
first_0:                 episode reward: 1.0000,                 loss: 0.0058
second_0:                 episode reward: -1.0000,                 loss: 0.0060
Episode: 41, avg. length 692.9
first_0:                 episode reward: 0.6500,                 loss: 0.0063
second_0:                 episode reward: -0.6500,                 loss: 0.0066
Episode: 61, avg. length 674.4
first_0:                 episode reward: 0.8500,                 loss: 0.0065
second_0:                 episode reward: -0.8500,                 loss: 0.0077
Episode: 81, avg. length 688.3
first_0:                 episode reward: -1.0000,                 loss: 0.0072
second_0:                 episode reward: 1.0000,                 loss: 0.0082
Episode: 101, avg. length 643.3
first_0:                 episode reward: -0.1500,                 loss: 0.0072
second_0:                 episode reward: 0.1500,                 loss: 0.0083
Episode: 121, avg. length 631.4
first_0:                 episode reward: 0.1000,                 loss: 0.0075
second_0:                 episode reward: -0.1000,                 loss: 0.0082
Episode: 141, avg. length 696.1
first_0:                 episode reward: 0.6500,                 loss: 0.0074
second_0:                 episode reward: -0.6500,                 loss: 0.0080
Episode: 161, avg. length 671.8
first_0:                 episode reward: -0.5000,                 loss: 0.0074
second_0:                 episode reward: 0.5000,                 loss: 0.0077
Episode: 181, avg. length 620.25
first_0:                 episode reward: 0.9000,                 loss: 0.0076
second_0:                 episode reward: -0.9000,                 loss: 0.0077
Episode: 201, avg. length 647.5
first_0:                 episode reward: -0.1500,                 loss: 0.0078
second_0:                 episode reward: 0.1500,                 loss: 0.0080
Episode: 221, avg. length 688.65
first_0:                 episode reward: 0.1000,                 loss: 0.0082
second_0:                 episode reward: -0.1000,                 loss: 0.0081
Episode: 241, avg. length 634.5
first_0:                 episode reward: 0.9500,                 loss: 0.0089
second_0:                 episode reward: -0.9500,                 loss: 0.0089
Episode: 261, avg. length 663.9
first_0:                 episode reward: -0.4000,                 loss: 0.0091
second_0:                 episode reward: 0.4000,                 loss: 0.0094
Episode: 281, avg. length 645.2
first_0:                 episode reward: 0.4000,                 loss: 0.0094
second_0:                 episode reward: -0.4000,                 loss: 0.0098
Episode: 301, avg. length 613.75
first_0:                 episode reward: 0.8000,                 loss: 0.0094
second_0:                 episode reward: -0.8000,                 loss: 0.0102
Episode: 321, avg. length 645.65
first_0:                 episode reward: 0.7000,                 loss: 0.0094
second_0:                 episode reward: -0.7000,                 loss: 0.0102
Episode: 341, avg. length 662.6
first_0:                 episode reward: 0.2000,                 loss: 0.0096
second_0:                 episode reward: -0.2000,                 loss: 0.0100
Episode: 361, avg. length 641.05
first_0:                 episode reward: -0.4500,                 loss: 0.0097
second_0:                 episode reward: 0.4500,                 loss: 0.0100
Episode: 381, avg. length 651.2
first_0:                 episode reward: 0.7500,                 loss: 0.0101
second_0:                 episode reward: -0.7500,                 loss: 0.0103
Episode: 401, avg. length 662.0
first_0:                 episode reward: 0.1000,                 loss: 0.0102
second_0:                 episode reward: -0.1000,                 loss: 0.0106
Episode: 421, avg. length 677.45
first_0:                 episode reward: -0.0500,                 loss: 0.0103
second_0:                 episode reward: 0.0500,                 loss: 0.0105
Episode: 441, avg. length 654.1
first_0:                 episode reward: -0.5000,                 loss: 0.0101
second_0:                 episode reward: 0.5000,                 loss: 0.0105
Episode: 461, avg. length 684.45
first_0:                 episode reward: -0.5500,                 loss: 0.0103
second_0:                 episode reward: 0.5500,                 loss: 0.0103
Episode: 481, avg. length 670.55
first_0:                 episode reward: -0.1500,                 loss: 0.0098
second_0:                 episode reward: 0.1500,                 loss: 0.0100
Episode: 501, avg. length 617.0
first_0:                 episode reward: -1.3000,                 loss: 0.0098
second_0:                 episode reward: 1.3000,                 loss: 0.0104
Score delta: 4.6, udpate the opponent.
Episode: 521, avg. length 678.65
first_0:                 episode reward: 0.1500,                 loss: 0.0100
second_0:                 episode reward: -0.1500,                 loss: 0.0101
Episode: 541, avg. length 702.55
first_0:                 episode reward: 0.3500,                 loss: 0.0094
second_0:                 episode reward: -0.3500,                 loss: 0.0099
Episode: 561, avg. length 681.95
first_0:                 episode reward: -0.5000,                 loss: 0.0094
second_0:                 episode reward: 0.5000,                 loss: 0.0098
Episode: 581, avg. length 629.5
first_0:                 episode reward: 0.3000,                 loss: 0.0094
second_0:                 episode reward: -0.3000,                 loss: 0.0100
Episode: 601, avg. length 668.8
first_0:                 episode reward: -0.9000,                 loss: 0.0097
second_0:                 episode reward: 0.9000,                 loss: 0.0097
Score delta: 4.6, udpate the opponent.
Episode: 621, avg. length 714.35
first_0:                 episode reward: 0.4000,                 loss: 0.0099
second_0:                 episode reward: -0.4000,                 loss: 0.0099
Episode: 641, avg. length 718.25
first_0:                 episode reward: 0.6000,                 loss: 0.0097
second_0:                 episode reward: -0.6000,                 loss: 0.0097
Episode: 661, avg. length 659.6
first_0:                 episode reward: 0.7000,                 loss: 0.0097
second_0:                 episode reward: -0.7000,                 loss: 0.0099
Episode: 681, avg. length 667.4
first_0:                 episode reward: 0.2500,                 loss: 0.0100
second_0:                 episode reward: -0.2500,                 loss: 0.0102
Episode: 701, avg. length 661.2
first_0:                 episode reward: -0.5000,                 loss: 0.0099
second_0:                 episode reward: 0.5000,                 loss: 0.0100
Episode: 721, avg. length 693.4
first_0:                 episode reward: 0.7500,                 loss: 0.0099
second_0:                 episode reward: -0.7500,                 loss: 0.0101
Score delta: 4.4, udpate the opponent.
Episode: 741, avg. length 661.25
first_0:                 episode reward: 0.6000,                 loss: 0.0100
second_0:                 episode reward: -0.6000,                 loss: 0.0100
Episode: 761, avg. length 732.85
first_0:                 episode reward: -0.8000,                 loss: 0.0097
second_0:                 episode reward: 0.8000,                 loss: 0.0098
Episode: 781, avg. length 675.65
first_0:                 episode reward: -0.2000,                 loss: 0.0098
second_0:                 episode reward: 0.2000,                 loss: 0.0096
Episode: 801, avg. length 726.0
first_0:                 episode reward: 0.2500,                 loss: 0.0097
second_0:                 episode reward: -0.2500,                 loss: 0.0096
Episode: 821, avg. length 747.65
first_0:                 episode reward: -0.4000,                 loss: 0.0097
second_0:                 episode reward: 0.4000,                 loss: 0.0093
Episode: 841, avg. length 728.4
first_0:                 episode reward: -0.6000,                 loss: 0.0092
second_0:                 episode reward: 0.6000,                 loss: 0.0093
Episode: 861, avg. length 723.55
first_0:                 episode reward: 0.5500,                 loss: 0.0094
second_0:                 episode reward: -0.5500,                 loss: 0.0093
Episode: 881, avg. length 722.45
first_0:                 episode reward: -0.4500,                 loss: 0.0092
second_0:                 episode reward: 0.4500,                 loss: 0.0090
Episode: 901, avg. length 691.1
first_0:                 episode reward: -0.9500,                 loss: 0.0091
second_0:                 episode reward: 0.9500,                 loss: 0.0091
Score delta: 4.2, udpate the opponent.
Episode: 921, avg. length 723.35
first_0:                 episode reward: -0.1000,                 loss: 0.0092
second_0:                 episode reward: 0.1000,                 loss: 0.0092
Episode: 941, avg. length 715.0
first_0:                 episode reward: -0.1500,                 loss: 0.0092
second_0:                 episode reward: 0.1500,                 loss: 0.0090
Episode: 961, avg. length 708.05
first_0:                 episode reward: 0.5000,                 loss: 0.0092
second_0:                 episode reward: -0.5000,                 loss: 0.0093
Episode: 981, avg. length 728.6
first_0:                 episode reward: -0.6000,                 loss: 0.0094
second_0:                 episode reward: 0.6000,                 loss: 0.0093
Episode: 1001, avg. length 705.7
first_0:                 episode reward: 0.5000,                 loss: 0.0093
second_0:                 episode reward: -0.5000,                 loss: 0.0095
Episode: 1021, avg. length 720.2
first_0:                 episode reward: -0.2000,                 loss: 0.0090
second_0:                 episode reward: 0.2000,                 loss: 0.0096
Episode: 1041, avg. length 747.2
first_0:                 episode reward: -1.0000,                 loss: 0.0092
second_0:                 episode reward: 1.0000,                 loss: 0.0096
Episode: 1061, avg. length 748.45
first_0:                 episode reward: 0.0000,                 loss: 0.0091
second_0:                 episode reward: 0.0000,                 loss: 0.0094
Episode: 1081, avg. length 723.15
first_0:                 episode reward: -0.5000,                 loss: 0.0092
second_0:                 episode reward: 0.5000,                 loss: 0.0096
Episode: 1101, avg. length 719.45
first_0:                 episode reward: -0.7500,                 loss: 0.0093
second_0:                 episode reward: 0.7500,                 loss: 0.0097
Episode: 1121, avg. length 767.1
first_0:                 episode reward: -0.1000,                 loss: 0.0089
second_0:                 episode reward: 0.1000,                 loss: 0.0093
Episode: 1141, avg. length 678.35
first_0:                 episode reward: 0.4500,                 loss: 0.0091
second_0:                 episode reward: -0.4500,                 loss: 0.0094
Episode: 1161, avg. length 751.65
first_0:                 episode reward: -0.0500,                 loss: 0.0089
second_0:                 episode reward: 0.0500,                 loss: 0.0092
Episode: 1181, avg. length 727.65
first_0:                 episode reward: 0.5000,                 loss: 0.0089
second_0:                 episode reward: -0.5000,                 loss: 0.0091
Episode: 1201, avg. length 793.15
first_0:                 episode reward: -0.0500,                 loss: 0.0089
second_0:                 episode reward: 0.0500,                 loss: 0.0092
Episode: 1221, avg. length 742.8
first_0:                 episode reward: -0.1500,                 loss: 0.0089
second_0:                 episode reward: 0.1500,                 loss: 0.0090
Episode: 1241, avg. length 751.65
first_0:                 episode reward: -1.0500,                 loss: 0.0087
second_0:                 episode reward: 1.0500,                 loss: 0.0093
Episode: 1261, avg. length 799.15
first_0:                 episode reward: 0.2000,                 loss: 0.0088
second_0:                 episode reward: -0.2000,                 loss: 0.0091
Episode: 1281, avg. length 756.75
first_0:                 episode reward: 0.3500,                 loss: 0.0087
second_0:                 episode reward: -0.3500,                 loss: 0.0089
Episode: 1301, avg. length 710.85
first_0:                 episode reward: 1.1500,                 loss: 0.0088
second_0:                 episode reward: -1.1500,                 loss: 0.0089
Episode: 1321, avg. length 740.05
first_0:                 episode reward: 0.7500,                 loss: 0.0088
second_0:                 episode reward: -0.7500,                 loss: 0.0092
Episode: 1341, avg. length 717.45
first_0:                 episode reward: 0.3500,                 loss: 0.0086
second_0:                 episode reward: -0.3500,                 loss: 0.0093
Episode: 1361, avg. length 704.55
first_0:                 episode reward: -0.5500,                 loss: 0.0089
second_0:                 episode reward: 0.5500,                 loss: 0.0094
Episode: 1381, avg. length 755.6
first_0:                 episode reward: -0.1000,                 loss: 0.0090
second_0:                 episode reward: 0.1000,                 loss: 0.0094
Score delta: 4.4, udpate the opponent.
Episode: 1401, avg. length 689.95
first_0:                 episode reward: -1.2500,                 loss: 0.0093
second_0:                 episode reward: 1.2500,                 loss: 0.0093
Episode: 1421, avg. length 746.3
first_0:                 episode reward: -0.2000,                 loss: 0.0090
second_0:                 episode reward: 0.2000,                 loss: 0.0095
Episode: 1441, avg. length 729.6
first_0:                 episode reward: -0.2500,                 loss: 0.0094
second_0:                 episode reward: 0.2500,                 loss: 0.0095
Episode: 1461, avg. length 748.1
first_0:                 episode reward: -0.8000,                 loss: 0.0097
second_0:                 episode reward: 0.8000,                 loss: 0.0094
Score delta: 4.2, udpate the opponent.
Episode: 1481, avg. length 764.5
first_0:                 episode reward: -0.4500,                 loss: 0.0099
second_0:                 episode reward: 0.4500,                 loss: 0.0092
Episode: 1501, avg. length 761.45
first_0:                 episode reward: 0.3000,                 loss: 0.0097
second_0:                 episode reward: -0.3000,                 loss: 0.0093
Episode: 1521, avg. length 725.7
first_0:                 episode reward: -0.7500,                 loss: 0.0095
second_0:                 episode reward: 0.7500,                 loss: 0.0091
Episode: 1541, avg. length 757.95
first_0:                 episode reward: -0.2500,                 loss: 0.0097
second_0:                 episode reward: 0.2500,                 loss: 0.0091
Episode: 1561, avg. length 775.15
first_0:                 episode reward: 0.1000,                 loss: 0.0096
second_0:                 episode reward: -0.1000,                 loss: 0.0090
Episode: 1581, avg. length 804.65
first_0:                 episode reward: -0.2000,                 loss: 0.0094
second_0:                 episode reward: 0.2000,                 loss: 0.0094
Episode: 1601, avg. length 769.45
first_0:                 episode reward: 0.2500,                 loss: 0.0091
second_0:                 episode reward: -0.2500,                 loss: 0.0089
Episode: 1621, avg. length 732.3
first_0:                 episode reward: -0.4500,                 loss: 0.0091
second_0:                 episode reward: 0.4500,                 loss: 0.0090
Episode: 1641, avg. length 786.6
first_0:                 episode reward: 0.8500,                 loss: 0.0088
second_0:                 episode reward: -0.8500,                 loss: 0.0090
Score delta: 4.4, udpate the opponent.
Episode: 1661, avg. length 814.5
first_0:                 episode reward: -0.4000,                 loss: 0.0091
second_0:                 episode reward: 0.4000,                 loss: 0.0088
Episode: 1681, avg. length 805.05
first_0:                 episode reward: -0.8000,                 loss: 0.0088
second_0:                 episode reward: 0.8000,                 loss: 0.0090
Episode: 1701, avg. length 763.5
first_0:                 episode reward: -0.3500,                 loss: 0.0092
second_0:                 episode reward: 0.3500,                 loss: 0.0090
Episode: 1721, avg. length 784.55
first_0:                 episode reward: 0.0500,                 loss: 0.0091
second_0:                 episode reward: -0.0500,                 loss: 0.0090
Episode: 1741, avg. length 769.95
first_0:                 episode reward: -0.1500,                 loss: 0.0092
second_0:                 episode reward: 0.1500,                 loss: 0.0092
Episode: 1761, avg. length 779.85
first_0:                 episode reward: 0.3000,                 loss: 0.0094
second_0:                 episode reward: -0.3000,                 loss: 0.0090
Episode: 1781, avg. length 765.3
first_0:                 episode reward: 0.9000,                 loss: 0.0092
second_0:                 episode reward: -0.9000,                 loss: 0.0092
Episode: 1801, avg. length 765.3
first_0:                 episode reward: -0.1000,                 loss: 0.0092
second_0:                 episode reward: 0.1000,                 loss: 0.0092
Episode: 1821, avg. length 780.45
first_0:                 episode reward: 0.0500,                 loss: 0.0091
second_0:                 episode reward: -0.0500,                 loss: 0.0094
Episode: 1841, avg. length 759.75
first_0:                 episode reward: 0.1500,                 loss: 0.0091
second_0:                 episode reward: -0.1500,                 loss: 0.0091
Episode: 1861, avg. length 764.3
first_0:                 episode reward: 0.5500,                 loss: 0.0092
second_0:                 episode reward: -0.5500,                 loss: 0.0092
Episode: 1881, avg. length 819.4
first_0:                 episode reward: -0.1000,                 loss: 0.0090
second_0:                 episode reward: 0.1000,                 loss: 0.0092
Episode: 1901, avg. length 843.05
first_0:                 episode reward: -0.1000,                 loss: 0.0091
second_0:                 episode reward: 0.1000,                 loss: 0.0093
Episode: 1921, avg. length 718.25
first_0:                 episode reward: -0.8500,                 loss: 0.0089
second_0:                 episode reward: 0.8500,                 loss: 0.0093
Episode: 1941, avg. length 723.15
first_0:                 episode reward: 0.5000,                 loss: 0.0091
second_0:                 episode reward: -0.5000,                 loss: 0.0090
Episode: 1961, avg. length 796.05
first_0:                 episode reward: -0.0500,                 loss: 0.0091
second_0:                 episode reward: 0.0500,                 loss: 0.0092
Episode: 1981, avg. length 782.65
first_0:                 episode reward: -1.3500,                 loss: 0.0091
second_0:                 episode reward: 1.3500,                 loss: 0.0089
Score delta: 5.4, udpate the opponent.
Episode: 2001, avg. length 806.4
first_0:                 episode reward: 1.3500,                 loss: 0.0090
second_0:                 episode reward: -1.3500,                 loss: 0.0091
Episode: 2021, avg. length 754.05
first_0:                 episode reward: 0.4000,                 loss: 0.0091
second_0:                 episode reward: -0.4000,                 loss: 0.0091
Episode: 2041, avg. length 786.5
first_0:                 episode reward: 1.1500,                 loss: 0.0090
second_0:                 episode reward: -1.1500,                 loss: 0.0094
Episode: 2061, avg. length 777.4
first_0:                 episode reward: 0.1500,                 loss: 0.0092
second_0:                 episode reward: -0.1500,                 loss: 0.0093
Episode: 2081, avg. length 775.35
first_0:                 episode reward: 1.3500,                 loss: 0.0092
second_0:                 episode reward: -1.3500,                 loss: 0.0094
Episode: 2101, avg. length 776.55
first_0:                 episode reward: -0.3500,                 loss: 0.0093
second_0:                 episode reward: 0.3500,                 loss: 0.0095
Episode: 2121, avg. length 803.35
first_0:                 episode reward: 1.2000,                 loss: 0.0094
second_0:                 episode reward: -1.2000,                 loss: 0.0095
Episode: 2141, avg. length 780.2
first_0:                 episode reward: 0.3500,                 loss: 0.0093
second_0:                 episode reward: -0.3500,                 loss: 0.0095
Episode: 2161, avg. length 825.1
first_0:                 episode reward: 0.5000,                 loss: 0.0094
second_0:                 episode reward: -0.5000,                 loss: 0.0094
Episode: 2181, avg. length 780.25
first_0:                 episode reward: -0.6500,                 loss: 0.0090
second_0:                 episode reward: 0.6500,                 loss: 0.0093
Episode: 2201, avg. length 778.55
first_0:                 episode reward: 0.2000,                 loss: 0.0093
second_0:                 episode reward: -0.2000,                 loss: 0.0092
Episode: 2221, avg. length 692.4
first_0:                 episode reward: 0.2500,                 loss: 0.0091
second_0:                 episode reward: -0.2500,                 loss: 0.0091
Episode: 2241, avg. length 809.55
first_0:                 episode reward: -0.4500,                 loss: 0.0092
second_0:                 episode reward: 0.4500,                 loss: 0.0094
Episode: 2261, avg. length 721.55
first_0:                 episode reward: 0.4000,                 loss: 0.0091
second_0:                 episode reward: -0.4000,                 loss: 0.0094
Episode: 2281, avg. length 823.45
first_0:                 episode reward: 0.0000,                 loss: 0.0089
second_0:                 episode reward: 0.0000,                 loss: 0.0094
Episode: 2301, avg. length 775.65
first_0:                 episode reward: 0.6000,                 loss: 0.0091
second_0:                 episode reward: -0.6000,                 loss: 0.0093
Episode: 2321, avg. length 810.45
first_0:                 episode reward: -0.6500,                 loss: 0.0091
second_0:                 episode reward: 0.6500,                 loss: 0.0093
Episode: 2341, avg. length 802.3
first_0:                 episode reward: 1.4000,                 loss: 0.0093
second_0:                 episode reward: -1.4000,                 loss: 0.0093
Episode: 2361, avg. length 796.75
first_0:                 episode reward: -0.5500,                 loss: 0.0091
second_0:                 episode reward: 0.5500,                 loss: 0.0095
Episode: 2381, avg. length 800.3
first_0:                 episode reward: -0.9000,                 loss: 0.0091
second_0:                 episode reward: 0.9000,                 loss: 0.0093
Episode: 2401, avg. length 760.2
first_0:                 episode reward: -0.5000,                 loss: 0.0090
second_0:                 episode reward: 0.5000,                 loss: 0.0094
Episode: 2421, avg. length 757.4
first_0:                 episode reward: -1.1500,                 loss: 0.0096
second_0:                 episode reward: 1.1500,                 loss: 0.0093
Score delta: 4.6, udpate the opponent.
Episode: 2441, avg. length 790.35
first_0:                 episode reward: 0.0000,                 loss: 0.0096
second_0:                 episode reward: 0.0000,                 loss: 0.0094
Episode: 2461, avg. length 770.7
first_0:                 episode reward: 0.0500,                 loss: 0.0100
second_0:                 episode reward: -0.0500,                 loss: 0.0094
Episode: 2481, avg. length 794.85
first_0:                 episode reward: -0.4000,                 loss: 0.0097
second_0:                 episode reward: 0.4000,                 loss: 0.0095
Episode: 2501, avg. length 745.1
first_0:                 episode reward: -0.9000,                 loss: 0.0096
second_0:                 episode reward: 0.9000,                 loss: 0.0095
Episode: 2521, avg. length 782.2
first_0:                 episode reward: 0.5500,                 loss: 0.0092
second_0:                 episode reward: -0.5500,                 loss: 0.0094
Score delta: 4.4, udpate the opponent.
Episode: 2541, avg. length 747.05
first_0:                 episode reward: -0.6500,                 loss: 0.0098
second_0:                 episode reward: 0.6500,                 loss: 0.0095
Episode: 2561, avg. length 774.45
first_0:                 episode reward: 0.9500,                 loss: 0.0095
second_0:                 episode reward: -0.9500,                 loss: 0.0094
Episode: 2581, avg. length 760.2
first_0:                 episode reward: -0.7000,                 loss: 0.0095
second_0:                 episode reward: 0.7000,                 loss: 0.0096
Episode: 2601, avg. length 775.85
first_0:                 episode reward: 0.2500,                 loss: 0.0096
second_0:                 episode reward: -0.2500,                 loss: 0.0097
Episode: 2621, avg. length 706.15
first_0:                 episode reward: -1.6500,                 loss: 0.0096
second_0:                 episode reward: 1.6500,                 loss: 0.0097
Score delta: 4.2, udpate the opponent.
Episode: 2641, avg. length 703.45
first_0:                 episode reward: -1.0000,                 loss: 0.0097
second_0:                 episode reward: 1.0000,                 loss: 0.0097
Score delta: 4.2, udpate the opponent.
Episode: 2661, avg. length 801.2
first_0:                 episode reward: 0.0500,                 loss: 0.0099
second_0:                 episode reward: -0.0500,                 loss: 0.0095
Episode: 2681, avg. length 732.0
first_0:                 episode reward: -1.6000,                 loss: 0.0103
second_0:                 episode reward: 1.6000,                 loss: 0.0095
Score delta: 5.4, udpate the opponent.
Episode: 2701, avg. length 816.2
first_0:                 episode reward: -1.4500,                 loss: 0.0101
second_0:                 episode reward: 1.4500,                 loss: 0.0096
Episode: 2721, avg. length 793.45
first_0:                 episode reward: -0.6000,                 loss: 0.0100
second_0:                 episode reward: 0.6000,                 loss: 0.0095
Score delta: 4.2, udpate the opponent.
Episode: 2741, avg. length 850.7
first_0:                 episode reward: -0.8500,                 loss: 0.0100
second_0:                 episode reward: 0.8500,                 loss: 0.0094
Episode: 2761, avg. length 832.4
first_0:                 episode reward: -0.2000,                 loss: 0.0101
second_0:                 episode reward: 0.2000,                 loss: 0.0096
Episode: 2781, avg. length 770.4
first_0:                 episode reward: -0.8000,                 loss: 0.0101
second_0:                 episode reward: 0.8000,                 loss: 0.0096
Episode: 2801, avg. length 801.5
first_0:                 episode reward: -0.0500,                 loss: 0.0099
second_0:                 episode reward: 0.0500,                 loss: 0.0091
Episode: 2821, avg. length 855.9
first_0:                 episode reward: 0.0000,                 loss: 0.0095
second_0:                 episode reward: 0.0000,                 loss: 0.0096
Episode: 2841, avg. length 795.05
first_0:                 episode reward: -0.2000,                 loss: 0.0097
second_0:                 episode reward: 0.2000,                 loss: 0.0094
Episode: 2861, avg. length 851.3
first_0:                 episode reward: -0.5500,                 loss: 0.0100
second_0:                 episode reward: 0.5500,                 loss: 0.0095
Episode: 2881, avg. length 854.55
first_0:                 episode reward: -1.5500,                 loss: 0.0095
second_0:                 episode reward: 1.5500,                 loss: 0.0093
Score delta: 5.2, udpate the opponent.
Episode: 2901, avg. length 874.15
first_0:                 episode reward: -0.6000,                 loss: 0.0098
second_0:                 episode reward: 0.6000,                 loss: 0.0093
Episode: 2921, avg. length 930.35
first_0:                 episode reward: -0.6000,                 loss: 0.0096
second_0:                 episode reward: 0.6000,                 loss: 0.0092
Episode: 2941, avg. length 817.25
first_0:                 episode reward: -1.1500,                 loss: 0.0097
second_0:                 episode reward: 1.1500,                 loss: 0.0090
Score delta: 4.4, udpate the opponent.
Episode: 2961, avg. length 959.3
first_0:                 episode reward: -0.8500,                 loss: 0.0095
second_0:                 episode reward: 0.8500,                 loss: 0.0088
Episode: 2981, avg. length 861.6
first_0:                 episode reward: -0.4500,                 loss: 0.0096
second_0:                 episode reward: 0.4500,                 loss: 0.0090
Episode: 3001, avg. length 940.95
first_0:                 episode reward: -0.3500,                 loss: 0.0097
second_0:                 episode reward: 0.3500,                 loss: 0.0089
Episode: 3021, avg. length 793.6
first_0:                 episode reward: -0.0500,                 loss: 0.0096
second_0:                 episode reward: 0.0500,                 loss: 0.0088
Episode: 3041, avg. length 845.55
first_0:                 episode reward: 0.1500,                 loss: 0.0097
second_0:                 episode reward: -0.1500,                 loss: 0.0088
Episode: 3061, avg. length 872.45
first_0:                 episode reward: -0.1000,                 loss: 0.0095
second_0:                 episode reward: 0.1000,                 loss: 0.0090
Episode: 3081, avg. length 864.75
first_0:                 episode reward: 1.5500,                 loss: 0.0097
second_0:                 episode reward: -1.5500,                 loss: 0.0095
Episode: 3101, avg. length 757.0
first_0:                 episode reward: 1.2000,                 loss: 0.0096
second_0:                 episode reward: -1.2000,                 loss: 0.0096
Episode: 3121, avg. length 797.0
first_0:                 episode reward: 0.5000,                 loss: 0.0096
second_0:                 episode reward: -0.5000,                 loss: 0.0096
Episode: 3141, avg. length 835.25
first_0:                 episode reward: 0.4000,                 loss: 0.0098
second_0:                 episode reward: -0.4000,                 loss: 0.0096
Episode: 3161, avg. length 896.55
first_0:                 episode reward: 0.5000,                 loss: 0.0097
second_0:                 episode reward: -0.5000,                 loss: 0.0096
Episode: 3181, avg. length 798.9
first_0:                 episode reward: 0.4500,                 loss: 0.0095
second_0:                 episode reward: -0.4500,                 loss: 0.0096
Episode: 3201, avg. length 808.9
first_0:                 episode reward: 2.0000,                 loss: 0.0096
second_0:                 episode reward: -2.0000,                 loss: 0.0094
Episode: 3221, avg. length 837.45
first_0:                 episode reward: -0.1500,                 loss: 0.0096
second_0:                 episode reward: 0.1500,                 loss: 0.0096
Episode: 3241, avg. length 846.55
first_0:                 episode reward: 0.0000,                 loss: 0.0094
second_0:                 episode reward: 0.0000,                 loss: 0.0092
Episode: 3261, avg. length 834.3
first_0:                 episode reward: 0.6000,                 loss: 0.0095
second_0:                 episode reward: -0.6000,                 loss: 0.0093
Episode: 3281, avg. length 794.85
first_0:                 episode reward: 0.7500,                 loss: 0.0094
second_0:                 episode reward: -0.7500,                 loss: 0.0092
Episode: 3301, avg. length 913.7
first_0:                 episode reward: -0.2000,                 loss: 0.0095
second_0:                 episode reward: 0.2000,                 loss: 0.0092
Episode: 3321, avg. length 934.1
first_0:                 episode reward: -1.0000,                 loss: 0.0095
second_0:                 episode reward: 1.0000,                 loss: 0.0090
Score delta: 4.6, udpate the opponent.
Episode: 3341, avg. length 818.75
first_0:                 episode reward: -0.0500,                 loss: 0.0095
second_0:                 episode reward: 0.0500,                 loss: 0.0087
Episode: 3361, avg. length 877.3
first_0:                 episode reward: -1.7000,                 loss: 0.0096
second_0:                 episode reward: 1.7000,                 loss: 0.0090
Score delta: 5.0, udpate the opponent.
Episode: 3381, avg. length 947.8
first_0:                 episode reward: 0.5500,                 loss: 0.0095
second_0:                 episode reward: -0.5500,                 loss: 0.0088
Episode: 3401, avg. length 895.2
first_0:                 episode reward: -0.1500,                 loss: 0.0096
second_0:                 episode reward: 0.1500,                 loss: 0.0089
Episode: 3421, avg. length 868.5
first_0:                 episode reward: -0.1500,                 loss: 0.0095
second_0:                 episode reward: 0.1500,                 loss: 0.0089
Episode: 3441, avg. length 816.35
first_0:                 episode reward: 1.4000,                 loss: 0.0095
second_0:                 episode reward: -1.4000,                 loss: 0.0091
Episode: 3461, avg. length 863.65
first_0:                 episode reward: 0.1500,                 loss: 0.0097
second_0:                 episode reward: -0.1500,                 loss: 0.0092
Episode: 3481, avg. length 806.0
first_0:                 episode reward: 1.0000,                 loss: 0.0098
second_0:                 episode reward: -1.0000,                 loss: 0.0093
Episode: 3501, avg. length 771.8
first_0:                 episode reward: -1.2000,                 loss: 0.0098
second_0:                 episode reward: 1.2000,                 loss: 0.0095
Score delta: 5.4, udpate the opponent.
Episode: 3521, avg. length 881.55
first_0:                 episode reward: 0.7500,                 loss: 0.0097
second_0:                 episode reward: -0.7500,                 loss: 0.0095
Episode: 3541, avg. length 952.85
first_0:                 episode reward: -1.6500,                 loss: 0.0098
second_0:                 episode reward: 1.6500,                 loss: 0.0094
Score delta: 4.6, udpate the opponent.
Episode: 3561, avg. length 942.8
first_0:                 episode reward: -0.5500,                 loss: 0.0098
second_0:                 episode reward: 0.5500,                 loss: 0.0092
Episode: 3581, avg. length 790.8
first_0:                 episode reward: -1.3500,                 loss: 0.0098
second_0:                 episode reward: 1.3500,                 loss: 0.0090
Episode: 3601, avg. length 870.9
first_0:                 episode reward: -0.1000,                 loss: 0.0099
second_0:                 episode reward: 0.1000,                 loss: 0.0089
Score delta: 4.2, udpate the opponent.
Episode: 3621, avg. length 964.65
first_0:                 episode reward: -0.3500,                 loss: 0.0097
second_0:                 episode reward: 0.3500,                 loss: 0.0088
Episode: 3641, avg. length 901.6
first_0:                 episode reward: -0.8500,                 loss: 0.0095
second_0:                 episode reward: 0.8500,                 loss: 0.0087
Episode: 3661, avg. length 956.55
first_0:                 episode reward: -1.3500,                 loss: 0.0096
second_0:                 episode reward: 1.3500,                 loss: 0.0086
Episode: 3681, avg. length 978.85
first_0:                 episode reward: 0.2500,                 loss: 0.0094
second_0:                 episode reward: -0.2500,                 loss: 0.0086
Episode: 3701, avg. length 915.7
first_0:                 episode reward: -1.0000,                 loss: 0.0096
second_0:                 episode reward: 1.0000,                 loss: 0.0086
Score delta: 4.8, udpate the opponent.
Episode: 3721, avg. length 961.4
first_0:                 episode reward: 0.2500,                 loss: 0.0095
second_0:                 episode reward: -0.2500,                 loss: 0.0085
Episode: 3741, avg. length 883.05
first_0:                 episode reward: 0.8000,                 loss: 0.0096
second_0:                 episode reward: -0.8000,                 loss: 0.0086
Episode: 3761, avg. length 879.8
first_0:                 episode reward: -0.3500,                 loss: 0.0096
second_0:                 episode reward: 0.3500,                 loss: 0.0087
Episode: 3781, avg. length 867.75
first_0:                 episode reward: 0.6500,                 loss: 0.0097
second_0:                 episode reward: -0.6500,                 loss: 0.0088
Episode: 3801, avg. length 842.1
first_0:                 episode reward: -0.3500,                 loss: 0.0096
second_0:                 episode reward: 0.3500,                 loss: 0.0087
Episode: 3821, avg. length 865.5
first_0:                 episode reward: 1.0500,                 loss: 0.0096
second_0:                 episode reward: -1.0500,                 loss: 0.0087
Episode: 3841, avg. length 970.65
first_0:                 episode reward: -0.2500,                 loss: 0.0095
second_0:                 episode reward: 0.2500,                 loss: 0.0087
Episode: 3861, avg. length 910.0
first_0:                 episode reward: -0.2000,                 loss: 0.0094
second_0:                 episode reward: 0.2000,                 loss: 0.0087
Episode: 3881, avg. length 1005.15
first_0:                 episode reward: -0.9500,                 loss: 0.0096
second_0:                 episode reward: 0.9500,                 loss: 0.0087
Episode: 3901, avg. length 957.8
first_0:                 episode reward: 1.9000,                 loss: 0.0088
second_0:                 episode reward: -1.9000,                 loss: 0.0086
Score delta: 4.4, udpate the opponent.
Episode: 3921, avg. length 1115.05
first_0:                 episode reward: 0.1500,                 loss: 0.0087
second_0:                 episode reward: -0.1500,                 loss: 0.0084
Episode: 3941, avg. length 1036.7
first_0:                 episode reward: 0.6000,                 loss: 0.0083
second_0:                 episode reward: -0.6000,                 loss: 0.0082
Episode: 3961, avg. length 1369.8
first_0:                 episode reward: -1.5000,                 loss: 0.0082
second_0:                 episode reward: 1.5000,                 loss: 0.0079
Episode: 3981, avg. length 1219.45
first_0:                 episode reward: -1.4000,                 loss: 0.0078
second_0:                 episode reward: 1.4000,                 loss: 0.0074
Episode: 4001, avg. length 1250.8
first_0:                 episode reward: -1.6500,                 loss: 0.0075
second_0:                 episode reward: 1.6500,                 loss: 0.0070
Score delta: 4.8, udpate the opponent.
Episode: 4021, avg. length 1282.1
first_0:                 episode reward: 0.5000,                 loss: 0.0072
second_0:                 episode reward: -0.5000,                 loss: 0.0067
Episode: 4041, avg. length 1060.6