pygame 2.0.1 (SDL 2.0.14, Python 3.7.0)
Hello from the pygame community. https://www.pygame.org/contribute.html
tennis_v2 pettingzoo
/home/zihan/anaconda3/envs/x/lib/python3.7/site-packages/ecos/ecos.py:26: UserWarning: Converting G to a CSC matrix; may take a while.
  warn("Converting G to a CSC matrix; may take a while.")
/home/zihan/anaconda3/envs/x/lib/python3.7/site-packages/ecos/ecos.py:29: UserWarning: Converting A to a CSC matrix; may take a while.
  warn("Converting A to a CSC matrix; may take a while.")
random seed: [932, 977, 299, 23, 707]
<SubprocVectorEnv instance>
ParallelDQN(
  (net): MLP(
    (body): Sequential(
      (0): Linear(in_features=128, out_features=128, bias=True)
      (1): ReLU()
      (2): Linear(in_features=128, out_features=128, bias=True)
      (3): ReLU()
      (4): Linear(in_features=128, out_features=128, bias=True)
      (5): ReLU()
      (6): Linear(in_features=128, out_features=128, bias=True)
      (7): ReLU()
      (8): Linear(in_features=128, out_features=18, bias=True)
    )
  )
)
ParallelDQN(
  (net): MLP(
    (body): Sequential(
      (0): Linear(in_features=128, out_features=128, bias=True)
      (1): ReLU()
      (2): Linear(in_features=128, out_features=128, bias=True)
      (3): ReLU()
      (4): Linear(in_features=128, out_features=128, bias=True)
      (5): ReLU()
      (6): Linear(in_features=128, out_features=128, bias=True)
      (7): ReLU()
      (8): Linear(in_features=128, out_features=18, bias=True)
    )
  )
)
No agent are not learnable.
Arguments:  {'env_name': 'tennis_v2', 'env_type': 'pettingzoo', 'num_envs': 5, 'ram': True, 'seed': 'random', 'algorithm': 'DQN', 'algorithm_spec': {'episodic_update': False, 'dueling': False, 'replay_buffer_size': '1e5', 'gamma': 0.99, 'multi_step': 1, 'target_update_interval': 1000, 'eps_start': 1.0, 'eps_final': 0.001, 'eps_decay': 100000}, 'num_process': 1, 'batch_size': 128, 'max_episodes': 10000, 'max_steps_per_episode': 300, 'train_start_frame': 10000, 'optimizer': 'adam', 'learning_rate': '1e-4', 'device': 'gpu', 'update_itr': 1, 'log_avg_window': 20, 'log_interval': 20, 'render': False, 'test': False, 'exploit': False, 'load_model_idx': False, 'load_model_full_path': False, 'multiprocess': False, 'eval_models': False, 'save_path': '', 'save_interval': 2000, 'net_architecture': {'hidden_dim_list': [128, 128, 128, 128], 'hidden_activation': 'ReLU', 'output_activation': False}, 'marl_method': 'nfsp', 'marl_spec': {'min_update_interval': 20, 'score_avg_window': 10, 'global_state': False, 'eta': 0.1}}
Save models to : /home/zihan/research/MARS/data/model/20220427_1507/pettingzoo_tennis_v2_nfsp. 
 Save logs to: /home/zihan/research/MARS/data/log/20220427_1507/pettingzoo_tennis_v2_nfsp.
Episode: 1/10000 (0.0100%),                 avg. length: 299.0,                last time consumption/overall running time: 6.9434s / 6.9434 s
env0_first_0:                 episode reward: 2.0000,                 loss: nan
env0_second_0:                 episode reward: -2.0000,                 loss: nan
env1_first_0:                 episode reward: 1.0000,                 loss: nan
env1_second_0:                 episode reward: -1.0000,                 loss: nan
env2_first_0:                 episode reward: 4.0000,                 loss: nan
env2_second_0:                 episode reward: -4.0000,                 loss: nan
env3_first_0:                 episode reward: 2.0000,                 loss: nan
env3_second_0:                 episode reward: -2.0000,                 loss: nan
env4_first_0:                 episode reward: 4.0000,                 loss: nan
env4_second_0:                 episode reward: -4.0000,                 loss: nan
Episode: 21/10000 (0.2100%),                 avg. length: 299.0,                last time consumption/overall running time: 22.1733s / 29.1167 s
env0_first_0:                 episode reward: 1.7500,                 loss: nan
env0_second_0:                 episode reward: -1.7500,                 loss: nan
env1_first_0:                 episode reward: 2.0500,                 loss: nan
env1_second_0:                 episode reward: -2.0500,                 loss: nan
env2_first_0:                 episode reward: 1.9000,                 loss: nan
env2_second_0:                 episode reward: -1.9000,                 loss: nan
env3_first_0:                 episode reward: 2.1000,                 loss: nan
env3_second_0:                 episode reward: -2.1000,                 loss: nan
env4_first_0:                 episode reward: 2.2500,                 loss: nan
env4_second_0:                 episode reward: -2.2500,                 loss: nan
Episode: 41/10000 (0.4100%),                 avg. length: 299.0,                last time consumption/overall running time: 61.1926s / 90.3093 s
env0_first_0:                 episode reward: 1.9500,                 loss: 0.1484
env0_second_0:                 episode reward: -1.9500,                 loss: 0.1477
env1_first_0:                 episode reward: 1.5000,                 loss: nan
env1_second_0:                 episode reward: -1.5000,                 loss: nan
env2_first_0:                 episode reward: 1.7500,                 loss: nan
env2_second_0:                 episode reward: -1.7500,                 loss: nan
env3_first_0:                 episode reward: 1.9500,                 loss: nan
env3_second_0:                 episode reward: -1.9500,                 loss: nan
env4_first_0:                 episode reward: 2.2500,                 loss: nan
env4_second_0:                 episode reward: -2.2500,                 loss: nan
Episode: 61/10000 (0.6100%),                 avg. length: 299.0,                last time consumption/overall running time: 132.8501s / 223.1594 s
env0_first_0:                 episode reward: 1.6500,                 loss: 0.0455
env0_second_0:                 episode reward: -1.6500,                 loss: 0.0477
env1_first_0:                 episode reward: 2.2500,                 loss: nan
env1_second_0:                 episode reward: -2.2500,                 loss: nan
env2_first_0:                 episode reward: 1.5500,                 loss: nan
env2_second_0:                 episode reward: -1.5500,                 loss: nan
env3_first_0:                 episode reward: 1.8500,                 loss: nan
env3_second_0:                 episode reward: -1.8500,                 loss: nan
env4_first_0:                 episode reward: 1.4000,                 loss: nan
env4_second_0:                 episode reward: -1.4000,                 loss: nan
Episode: 81/10000 (0.8100%),                 avg. length: 299.0,                last time consumption/overall running time: 141.8059s / 364.9653 s
env0_first_0:                 episode reward: 1.8000,                 loss: 0.0362
env0_second_0:                 episode reward: -1.8000,                 loss: 0.0376
env1_first_0:                 episode reward: 2.0500,                 loss: nan
env1_second_0:                 episode reward: -2.0500,                 loss: nan
env2_first_0:                 episode reward: 1.1000,                 loss: nan
env2_second_0:                 episode reward: -1.1000,                 loss: nan
env3_first_0:                 episode reward: 1.3500,                 loss: nan
env3_second_0:                 episode reward: -1.3500,                 loss: nan
env4_first_0:                 episode reward: 0.7500,                 loss: nan
env4_second_0:                 episode reward: -0.7500,                 loss: nan
Episode: 101/10000 (1.0100%),                 avg. length: 299.0,                last time consumption/overall running time: 149.2048s / 514.1701 s
env0_first_0:                 episode reward: 0.6500,                 loss: 0.0296
env0_second_0:                 episode reward: -0.6500,                 loss: 0.0319
env1_first_0:                 episode reward: 0.8500,                 loss: nan
env1_second_0:                 episode reward: -0.8500,                 loss: nan
env2_first_0:                 episode reward: 1.4500,                 loss: nan
env2_second_0:                 episode reward: -1.4500,                 loss: nan
env3_first_0:                 episode reward: 1.4000,                 loss: nan
env3_second_0:                 episode reward: -1.4000,                 loss: nan
env4_first_0:                 episode reward: 1.8500,                 loss: nan
env4_second_0:                 episode reward: -1.8500,                 loss: nan
Episode: 121/10000 (1.2100%),                 avg. length: 299.0,                last time consumption/overall running time: 159.8272s / 673.9972 s
env0_first_0:                 episode reward: 1.5500,                 loss: 0.0237