pygame 2.0.1 (SDL 2.0.14, Python 3.7.0)
Hello from the pygame community. https://www.pygame.org/contribute.html
boxing_v1 pettingzoo
/home/zihan/anaconda3/envs/x/lib/python3.7/site-packages/ecos/ecos.py:26: UserWarning: Converting G to a CSC matrix; may take a while.
  warn("Converting G to a CSC matrix; may take a while.")
/home/zihan/anaconda3/envs/x/lib/python3.7/site-packages/ecos/ecos.py:29: UserWarning: Converting A to a CSC matrix; may take a while.
  warn("Converting A to a CSC matrix; may take a while.")
random seed: [740, 694, 31, 588, 704]
<SubprocVectorEnv instance>
Agents No. [1] (index starting from 0) are not learnable.
Arguments:  {'env_name': 'boxing_v1', 'env_type': 'pettingzoo', 'num_envs': 5, 'ram': True, 'seed': 'random', 'algorithm': 'NashPPO', 'algorithm_spec': {'episodic_update': True, 'dueling': False, 'replay_buffer_size': '1e5', 'gamma': 0.99, 'multi_step': 1, 'target_update_interval': 1000, 'eps_start': 1.0, 'eps_final': 0.001, 'eps_decay': 30000, 'lambda': 0.95, 'eps_clip': 0.2, 'K_epoch': 4, 'GAE': True}, 'num_process': 1, 'batch_size': 128, 'max_episodes': 10000, 'max_steps_per_episode': 300, 'train_start_frame': 0, 'optimizer': 'adam', 'learning_rate': '1e-4', 'device': 'gpu', 'update_itr': 1, 'log_avg_window': 20, 'log_interval': 20, 'render': False, 'test': False, 'exploit': False, 'load_model_idx': False, 'load_model_full_path': False, 'multiprocess': False, 'eval_models': False, 'save_path': '', 'save_interval': 2000, 'net_architecture': {'hidden_dim_list': [128, 128, 128], 'hidden_activation': 'ReLU', 'output_activation': False, 'feature': {'hidden_dim_list': [128, 128], 'hidden_activation': 'ReLU', 'output_activation': False}, 'policy': {'hidden_dim_list': [128, 128], 'hidden_activation': False, 'output_activation': 'Softmax'}, 'value': {'hidden_dim_list': [128, 128], 'hidden_activation': 'ReLU', 'output_activation': False}}, 'marl_method': 'nash_ppo', 'marl_spec': {'min_update_interval': 20, 'score_avg_window': 10, 'global_state': True}}
Save models to : /home/zihan/research/MARS/data/model/20220427_1507/pettingzoo_boxing_v1_nash_ppo. 
 Save logs to: /home/zihan/research/MARS/data/log/20220427_1507/pettingzoo_boxing_v1_nash_ppo.
Episode: 1/10000 (0.0100%),                 avg. length: 299.0,                last time consumption/overall running time: 10.1922s / 10.1922 s
env0_first_0:                 episode reward: 0.0000,                 loss: -0.8476
env0_second_0:                 episode reward: 0.0000,                 loss: nan
env1_first_0:                 episode reward: -1.0000,                 loss: nan
env1_second_0:                 episode reward: 1.0000,                 loss: nan
env2_first_0:                 episode reward: 1.0000,                 loss: nan
env2_second_0:                 episode reward: -1.0000,                 loss: nan
env3_first_0:                 episode reward: 0.0000,                 loss: nan
env3_second_0:                 episode reward: 0.0000,                 loss: nan
env4_first_0:                 episode reward: -1.0000,                 loss: nan
env4_second_0:                 episode reward: 1.0000,                 loss: nan
Episode: 21/10000 (0.2100%),                 avg. length: 299.0,                last time consumption/overall running time: 64.3784s / 74.5706 s
env0_first_0:                 episode reward: 0.0500,                 loss: -0.5153
env0_second_0:                 episode reward: -0.0500,                 loss: nan
env1_first_0:                 episode reward: -1.2500,                 loss: nan
env1_second_0:                 episode reward: 1.2500,                 loss: nan
env2_first_0:                 episode reward: 0.1500,                 loss: nan
env2_second_0:                 episode reward: -0.1500,                 loss: nan
env3_first_0:                 episode reward: -0.0500,                 loss: nan
env3_second_0:                 episode reward: 0.0500,                 loss: nan
env4_first_0:                 episode reward: -0.4500,                 loss: nan
env4_second_0:                 episode reward: 0.4500,                 loss: nan
Episode: 41/10000 (0.4100%),                 avg. length: 299.0,                last time consumption/overall running time: 74.9508s / 149.5214 s
env0_first_0:                 episode reward: -0.2000,                 loss: -0.9422
env0_second_0:                 episode reward: 0.2000,                 loss: nan
env1_first_0:                 episode reward: 0.2500,                 loss: nan
env1_second_0:                 episode reward: -0.2500,                 loss: nan
env2_first_0:                 episode reward: -0.0500,                 loss: nan
env2_second_0:                 episode reward: 0.0500,                 loss: nan
env3_first_0:                 episode reward: 0.1500,                 loss: nan
env3_second_0:                 episode reward: -0.1500,                 loss: nan
env4_first_0:                 episode reward: 0.0000,                 loss: nan
env4_second_0:                 episode reward: 0.0000,                 loss: nan
Episode: 61/10000 (0.6100%),                 avg. length: 299.0,                last time consumption/overall running time: 77.6794s / 227.2008 s
env0_first_0:                 episode reward: 0.1000,                 loss: -0.9881
env0_second_0:                 episode reward: -0.1000,                 loss: nan
env1_first_0:                 episode reward: 0.2000,                 loss: nan
env1_second_0:                 episode reward: -0.2000,                 loss: nan
env2_first_0:                 episode reward: -0.1500,                 loss: nan
env2_second_0:                 episode reward: 0.1500,                 loss: nan
env3_first_0:                 episode reward: -0.3000,                 loss: nan
env3_second_0:                 episode reward: 0.3000,                 loss: nan
env4_first_0:                 episode reward: 0.0000,                 loss: nan
env4_second_0:                 episode reward: 0.0000,                 loss: nan
Episode: 81/10000 (0.8100%),                 avg. length: 299.0,                last time consumption/overall running time: 75.7071s / 302.9079 s
env0_first_0:                 episode reward: -0.0500,                 loss: -0.8981
env0_second_0:                 episode reward: 0.0500,                 loss: nan
env1_first_0:                 episode reward: -0.2000,                 loss: nan
env1_second_0:                 episode reward: 0.2000,                 loss: nan
env2_first_0:                 episode reward: -0.1500,                 loss: nan
env2_second_0:                 episode reward: 0.1500,                 loss: nan
env3_first_0:                 episode reward: 0.0000,                 loss: nan
env3_second_0:                 episode reward: 0.0000,                 loss: nan
env4_first_0:                 episode reward: -0.0500,                 loss: nan
env4_second_0:                 episode reward: 0.0500,                 loss: nan
Episode: 101/10000 (1.0100%),                 avg. length: 299.0,                last time consumption/overall running time: 74.1098s / 377.0176 s
env0_first_0:                 episode reward: 0.1500,                 loss: -0.9777
env0_second_0:                 episode reward: -0.1500,                 loss: nan
env1_first_0:                 episode reward: -0.1500,                 loss: nan
env1_second_0:                 episode reward: 0.1500,                 loss: nan
env2_first_0:                 episode reward: 0.3000,                 loss: nan
env2_second_0:                 episode reward: -0.3000,                 loss: nan
env3_first_0:                 episode reward: -0.1500,                 loss: nan
env3_second_0:                 episode reward: 0.1500,                 loss: nan
env4_first_0:                 episode reward: -0.3500,                 loss: nan
env4_second_0:                 episode reward: 0.3500,                 loss: nan
Episode: 121/10000 (1.2100%),                 avg. length: 299.0,                last time consumption/overall running time: 73.9118s / 450.9295 s
env0_first_0:                 episode reward: -0.3500,                 loss: -0.9771
env0_second_0:                 episode reward: 0.3500,                 loss: nan
env1_first_0:                 episode reward: 0.0500,                 loss: nan
env1_second_0:                 episode reward: -0.0500,                 loss: nan
env2_first_0:                 episode reward: -0.0500,                 loss: nan
env2_second_0:                 episode reward: 0.0500,                 loss: nan
env3_first_0:                 episode reward: -0.3000,                 loss: nan
env3_second_0:                 episode reward: 0.3000,                 loss: nan