pygame 2.0.1 (SDL 2.0.14, Python 3.7.0)
Hello from the pygame community. https://www.pygame.org/contribute.html
double_dunk_v2 pettingzoo
/home/zihan/anaconda3/envs/x/lib/python3.7/site-packages/ecos/ecos.py:26: UserWarning: Converting G to a CSC matrix; may take a while.
  warn("Converting G to a CSC matrix; may take a while.")
/home/zihan/anaconda3/envs/x/lib/python3.7/site-packages/ecos/ecos.py:29: UserWarning: Converting A to a CSC matrix; may take a while.
  warn("Converting A to a CSC matrix; may take a while.")
random seed: [580, 426, 933, 586, 555]
<SubprocVectorEnv instance>
ParallelDQN(
  (net): MLP(
    (body): Sequential(
      (0): Linear(in_features=128, out_features=128, bias=True)
      (1): ReLU()
      (2): Linear(in_features=128, out_features=128, bias=True)
      (3): ReLU()
      (4): Linear(in_features=128, out_features=128, bias=True)
      (5): ReLU()
      (6): Linear(in_features=128, out_features=128, bias=True)
      (7): ReLU()
      (8): Linear(in_features=128, out_features=18, bias=True)
    )
  )
)
ParallelDQN(
  (net): MLP(
    (body): Sequential(
      (0): Linear(in_features=128, out_features=128, bias=True)
      (1): ReLU()
      (2): Linear(in_features=128, out_features=128, bias=True)
      (3): ReLU()
      (4): Linear(in_features=128, out_features=128, bias=True)
      (5): ReLU()
      (6): Linear(in_features=128, out_features=128, bias=True)
      (7): ReLU()
      (8): Linear(in_features=128, out_features=18, bias=True)
    )
  )
)
Agents No. [1] (index starting from 0) are not learnable.
Arguments:  {'env_name': 'double_dunk_v2', 'env_type': 'pettingzoo', 'num_envs': 5, 'ram': True, 'seed': 'random', 'algorithm': 'DQN', 'algorithm_spec': {'episodic_update': False, 'dueling': False, 'replay_buffer_size': '1e5', 'gamma': 0.99, 'multi_step': 1, 'target_update_interval': 1000, 'eps_start': 1.0, 'eps_final': 0.001, 'eps_decay': 100000}, 'num_process': 1, 'batch_size': 128, 'max_episodes': 10000, 'max_steps_per_episode': 300, 'train_start_frame': 0, 'optimizer': 'adam', 'learning_rate': '1e-4', 'device': 'gpu', 'update_itr': 1, 'log_avg_window': 20, 'log_interval': 20, 'render': False, 'test': False, 'exploit': False, 'load_model_idx': False, 'load_model_full_path': False, 'multiprocess': False, 'eval_models': False, 'save_path': '', 'save_interval': 2000, 'net_architecture': {'hidden_dim_list': [128, 128, 128, 128], 'hidden_activation': 'ReLU', 'output_activation': False}, 'marl_method': 'nxdo2', 'marl_spec': {'min_update_interval': 20, 'score_avg_window': 10, 'global_state': False, 'selfplay_score_delta': 15, 'trainable_agent_idx': 0, 'opponent_idx': 1}}
Save models to : /home/zihan/research/MARS/data/model/20220427_1507/pettingzoo_double_dunk_v2_nxdo2. 
 Save logs to: /home/zihan/research/MARS/data/log/20220427_1507/pettingzoo_double_dunk_v2_nxdo2.
double_dunk_v2 pettingzoo
Load double_dunk_v2 environment in type pettingzoo.
Env observation space: Box(0.0, 1.0, (128,), float32) action space: Discrete(18)
random seed: 868
DQNBase(
  (net): MLP(
    (body): Sequential(
      (0): Linear(in_features=128, out_features=128, bias=True)
      (1): ReLU()
      (2): Linear(in_features=128, out_features=128, bias=True)
      (3): ReLU()
      (4): Linear(in_features=128, out_features=128, bias=True)
      (5): ReLU()
      (6): Linear(in_features=128, out_features=128, bias=True)
      (7): ReLU()
      (8): Linear(in_features=128, out_features=18, bias=True)
    )
  )
)
DQNBase(
  (net): MLP(
    (body): Sequential(
      (0): Linear(in_features=128, out_features=128, bias=True)
      (1): ReLU()
      (2): Linear(in_features=128, out_features=128, bias=True)
      (3): ReLU()
      (4): Linear(in_features=128, out_features=128, bias=True)
      (5): ReLU()
      (6): Linear(in_features=128, out_features=128, bias=True)
      (7): ReLU()
      (8): Linear(in_features=128, out_features=18, bias=True)
    )
  )
)
Episode: 1/10000 (0.0100%),                 avg. length: 299.0,                last time consumption/overall running time: 8.7590s / 8.7590 s
env0_first_0:                 episode reward: 2.0000,                 loss: 0.3796
env0_second_0:                 episode reward: -2.0000,                 loss: nan
env1_first_0:                 episode reward: 0.0000,                 loss: nan
env1_second_0:                 episode reward: 0.0000,                 loss: nan
env2_first_0:                 episode reward: 0.0000,                 loss: nan
env2_second_0:                 episode reward: 0.0000,                 loss: nan
env3_first_0:                 episode reward: 0.0000,                 loss: nan
env3_second_0:                 episode reward: 0.0000,                 loss: nan
env4_first_0:                 episode reward: 0.0000,                 loss: nan
env4_second_0:                 episode reward: 0.0000,                 loss: nan
Episode: 21/10000 (0.2100%),                 avg. length: 299.0,                last time consumption/overall running time: 61.2490s / 70.0081 s
env0_first_0:                 episode reward: 3.5000,                 loss: 0.0558
env0_second_0:                 episode reward: -3.5000,                 loss: nan
env1_first_0:                 episode reward: 1.9000,                 loss: nan
env1_second_0:                 episode reward: -1.9000,                 loss: nan
env2_first_0:                 episode reward: 3.1000,                 loss: nan
env2_second_0:                 episode reward: -3.1000,                 loss: nan
env3_first_0:                 episode reward: 2.1500,                 loss: nan
env3_second_0:                 episode reward: -2.1500,                 loss: nan
env4_first_0:                 episode reward: 3.2000,                 loss: nan
env4_second_0:                 episode reward: -3.2000,                 loss: nan
Episode: 41/10000 (0.4100%),                 avg. length: 299.0,                last time consumption/overall running time: 76.9493s / 146.9574 s
env0_first_0:                 episode reward: 3.0000,                 loss: 0.0144
env0_second_0:                 episode reward: -3.0000,                 loss: nan
env1_first_0:                 episode reward: 1.0000,                 loss: nan
env1_second_0:                 episode reward: -1.0000,                 loss: nan
env2_first_0:                 episode reward: 3.9500,                 loss: nan
env2_second_0:                 episode reward: -3.9500,                 loss: nan
env3_first_0:                 episode reward: 1.8500,                 loss: nan
env3_second_0:                 episode reward: -1.8500,                 loss: nan
env4_first_0:                 episode reward: 2.2500,                 loss: nan
env4_second_0:                 episode reward: -2.2500,                 loss: nan
Episode: 61/10000 (0.6100%),                 avg. length: 299.0,                last time consumption/overall running time: 84.0140s / 230.9714 s
env0_first_0:                 episode reward: 3.3000,                 loss: 0.0133
env0_second_0:                 episode reward: -3.3000,                 loss: nan
env1_first_0:                 episode reward: 3.8500,                 loss: nan
env1_second_0:                 episode reward: -3.8500,                 loss: nan
env2_first_0:                 episode reward: 2.6500,                 loss: nan
env2_second_0:                 episode reward: -2.6500,                 loss: nan
env3_first_0:                 episode reward: 2.0000,                 loss: nan
env3_second_0:                 episode reward: -2.0000,                 loss: nan
env4_first_0:                 episode reward: 1.5000,                 loss: nan
env4_second_0:                 episode reward: -1.5000,                 loss: nan
Episode: 81/10000 (0.8100%),                 avg. length: 299.0,                last time consumption/overall running time: 88.5689s / 319.5403 s
env0_first_0:                 episode reward: 2.8500,                 loss: 0.0129
env0_second_0:                 episode reward: -2.8500,                 loss: nan
env1_first_0:                 episode reward: 5.0000,                 loss: nan
env1_second_0:                 episode reward: -5.0000,                 loss: nan
env2_first_0:                 episode reward: 2.5500,                 loss: nan
env2_second_0:                 episode reward: -2.5500,                 loss: nan
env3_first_0:                 episode reward: 2.0500,                 loss: nan
env3_second_0:                 episode reward: -2.0500,                 loss: nan
env4_first_0:                 episode reward: 4.1000,                 loss: nan
env4_second_0:                 episode reward: -4.1000,                 loss: nan
Episode: 101/10000 (1.0100%),                 avg. length: 299.0,                last time consumption/overall running time: 94.2222s / 413.7625 s