/home/zihan/anaconda3/envs/x/lib/python3.7/site-packages/ecos/ecos.py:26: UserWarning: Converting G to a CSC matrix; may take a while.
  warn("Converting G to a CSC matrix; may take a while.")
/home/zihan/anaconda3/envs/x/lib/python3.7/site-packages/ecos/ecos.py:29: UserWarning: Converting A to a CSC matrix; may take a while.
  warn("Converting A to a CSC matrix; may take a while.")
/home/zihan/anaconda3/envs/x/lib/python3.7/site-packages/tensorflow/python/framework/dtypes.py:516: FutureWarning: Passing (type, 1) or '1type' as a synonym of type is deprecated; in a future version of numpy, it will be understood as (type, (1,)) / '(1,)type'.
  _np_qint8 = np.dtype([("qint8", np.int8, 1)])
/home/zihan/anaconda3/envs/x/lib/python3.7/site-packages/tensorflow/python/framework/dtypes.py:517: FutureWarning: Passing (type, 1) or '1type' as a synonym of type is deprecated; in a future version of numpy, it will be understood as (type, (1,)) / '(1,)type'.
  _np_quint8 = np.dtype([("quint8", np.uint8, 1)])
/home/zihan/anaconda3/envs/x/lib/python3.7/site-packages/tensorflow/python/framework/dtypes.py:518: FutureWarning: Passing (type, 1) or '1type' as a synonym of type is deprecated; in a future version of numpy, it will be understood as (type, (1,)) / '(1,)type'.
  _np_qint16 = np.dtype([("qint16", np.int16, 1)])
/home/zihan/anaconda3/envs/x/lib/python3.7/site-packages/tensorflow/python/framework/dtypes.py:519: FutureWarning: Passing (type, 1) or '1type' as a synonym of type is deprecated; in a future version of numpy, it will be understood as (type, (1,)) / '(1,)type'.
  _np_quint16 = np.dtype([("quint16", np.uint16, 1)])
/home/zihan/anaconda3/envs/x/lib/python3.7/site-packages/tensorflow/python/framework/dtypes.py:520: FutureWarning: Passing (type, 1) or '1type' as a synonym of type is deprecated; in a future version of numpy, it will be understood as (type, (1,)) / '(1,)type'.
  _np_qint32 = np.dtype([("qint32", np.int32, 1)])
/home/zihan/anaconda3/envs/x/lib/python3.7/site-packages/tensorflow/python/framework/dtypes.py:525: FutureWarning: Passing (type, 1) or '1type' as a synonym of type is deprecated; in a future version of numpy, it will be understood as (type, (1,)) / '(1,)type'.
  np_resource = np.dtype([("resource", np.ubyte, 1)])
wandb: Currently logged in as: quantumiracle. Use `wandb login --relogin` to force relogin
fatal: stat 'wandb/debug-internal.log': No such file or directory
wandb: wandb version 0.13.3 is available!  To upgrade, please run:
wandb:  $ pip install wandb --upgrade
wandb: Tracking run with wandb version 0.13.0
wandb: Run data is saved locally in /home/zihan/research/MARS/wandb/run-20220919_191408-2jej3ayi
wandb: Run `wandb offline` to turn off syncing.
wandb: Syncing run pettingzoo_double_dunk_v3_fictitious_selfplay_202209191914
wandb: ⭐️ View project at https://wandb.ai/quantumiracle/Pettingzoo_MARS
wandb: 🚀 View run at https://wandb.ai/quantumiracle/Pettingzoo_MARS/runs/2jej3ayi
/home/zihan/anaconda3/envs/x/lib/python3.7/site-packages/gym/wrappers/record_video.py:42: UserWarning: [33mWARN: Overwriting existing videos at /home/zihan/research/MARS/data/videos/pettingzoo_double_dunk_v3_DQN_202209191914 folder (try specifying a different `video_folder` for the `RecordVideo` wrapper if this is not desired)[0m
  f"Overwriting existing videos at {self.video_folder} folder (try specifying a different `video_folder` for the `RecordVideo` wrapper if this is not desired)"
wandb: 429 encountered (Filestream rate limit exceeded, retrying in 2.433737435550507 seconds), retrying request
wandb: 429 encountered (Filestream rate limit exceeded, retrying in 4.819948443981814 seconds), retrying request
ffmpeg: /home/zihan/anaconda3/envs/x/lib/libtinfo.so.6: no version information available (required by /lib/x86_64-linux-gnu/libcaca.so.0)
ffmpeg: /home/zihan/anaconda3/envs/x/lib/libncursesw.so.6: no version information available (required by /lib/x86_64-linux-gnu/libcaca.so.0)
ffmpeg: /home/zihan/anaconda3/envs/x/lib/libncursesw.so.6: no version information available (required by /lib/x86_64-linux-gnu/libcaca.so.0)
ffmpeg: /home/zihan/anaconda3/envs/x/lib/libtinfo.so.6: no version information available (required by /lib/x86_64-linux-gnu/libcaca.so.0)
ffmpeg: /home/zihan/anaconda3/envs/x/lib/libncursesw.so.6: no version information available (required by /lib/x86_64-linux-gnu/libcaca.so.0)
ffmpeg: /home/zihan/anaconda3/envs/x/lib/libncursesw.so.6: no version information available (required by /lib/x86_64-linux-gnu/libcaca.so.0)
ffmpeg: /home/zihan/anaconda3/envs/x/lib/libtinfo.so.6: no version information available (required by /lib/x86_64-linux-gnu/libcaca.so.0)
ffmpeg: /home/zihan/anaconda3/envs/x/lib/libncursesw.so.6: no version information available (required by /lib/x86_64-linux-gnu/libcaca.so.0)
ffmpeg: /home/zihan/anaconda3/envs/x/lib/libncursesw.so.6: no version information available (required by /lib/x86_64-linux-gnu/libcaca.so.0)
ffmpeg: /home/zihan/anaconda3/envs/x/lib/libtinfo.so.6: no version information available (required by /lib/x86_64-linux-gnu/libcaca.so.0)
ffmpeg: /home/zihan/anaconda3/envs/x/lib/libncursesw.so.6: no version information available (required by /lib/x86_64-linux-gnu/libcaca.so.0)
ffmpeg: /home/zihan/anaconda3/envs/x/lib/libncursesw.so.6: no version information available (required by /lib/x86_64-linux-gnu/libcaca.so.0)
ffmpeg: /home/zihan/anaconda3/envs/x/lib/libtinfo.so.6: no version information available (required by /lib/x86_64-linux-gnu/libcaca.so.0)
ffmpeg: /home/zihan/anaconda3/envs/x/lib/libncursesw.so.6: no version information available (required by /lib/x86_64-linux-gnu/libcaca.so.0)
ffmpeg: /home/zihan/anaconda3/envs/x/lib/libncursesw.so.6: no version information available (required by /lib/x86_64-linux-gnu/libcaca.so.0)
ffmpeg: /home/zihan/anaconda3/envs/x/lib/libtinfo.so.6: no version information available (required by /lib/x86_64-linux-gnu/libcaca.so.0)
ffmpeg: /home/zihan/anaconda3/envs/x/lib/libncursesw.so.6: no version information available (required by /lib/x86_64-linux-gnu/libcaca.so.0)
ffmpeg: /home/zihan/anaconda3/envs/x/lib/libncursesw.so.6: no version information available (required by /lib/x86_64-linux-gnu/libcaca.so.0)
ffmpeg: /home/zihan/anaconda3/envs/x/lib/libtinfo.so.6: no version information available (required by /lib/x86_64-linux-gnu/libcaca.so.0)
ffmpeg: /home/zihan/anaconda3/envs/x/lib/libncursesw.so.6: no version information available (required by /lib/x86_64-linux-gnu/libcaca.so.0)
ffmpeg: /home/zihan/anaconda3/envs/x/lib/libncursesw.so.6: no version information available (required by /lib/x86_64-linux-gnu/libcaca.so.0)
ffmpeg: /home/zihan/anaconda3/envs/x/lib/libtinfo.so.6: no version information available (required by /lib/x86_64-linux-gnu/libcaca.so.0)
ffmpeg: /home/zihan/anaconda3/envs/x/lib/libncursesw.so.6: no version information available (required by /lib/x86_64-linux-gnu/libcaca.so.0)
ffmpeg: /home/zihan/anaconda3/envs/x/lib/libncursesw.so.6: no version information available (required by /lib/x86_64-linux-gnu/libcaca.so.0)
/home/zihan/research/MARS/mars/rollout.py:21: FutureWarning: arrays to stack must be passed as a "sequence" type such as list or tuple. Support for non-sequence iterables such as generators is deprecated as of NumPy 1.16 and will raise an error in the future.
  rollout_normal(env, model, save_id, args)
/home/zihan/anaconda3/envs/x/lib/python3.7/site-packages/numpy/core/shape_base.py:420: VisibleDeprecationWarning: Creating an ndarray from ragged nested sequences (which is a list-or-tuple of lists-or-tuples-or ndarrays with different lengths or shapes) is deprecated. If you meant to do this, you must specify 'dtype=object' when creating the ndarray.
  arrays = [asanyarray(arr) for arr in arrays]
/home/zihan/anaconda3/envs/x/lib/python3.7/site-packages/numpy/core/fromnumeric.py:3441: RuntimeWarning: Mean of empty slice.
  out=out, **kwargs)
/home/zihan/anaconda3/envs/x/lib/python3.7/site-packages/numpy/core/_methods.py:189: RuntimeWarning: invalid value encountered in double_scalars
  ret = ret.dtype.type(ret / rcount)
/home/zihan/research/MARS/mars/rollout.py:21: FutureWarning: arrays to stack must be passed as a "sequence" type such as list or tuple. Support for non-sequence iterables such as generators is deprecated as of NumPy 1.16 and will raise an error in the future.
  rollout_normal(env, model, save_id, args)
/home/zihan/anaconda3/envs/x/lib/python3.7/site-packages/numpy/core/shape_base.py:420: VisibleDeprecationWarning: Creating an ndarray from ragged nested sequences (which is a list-or-tuple of lists-or-tuples-or ndarrays with different lengths or shapes) is deprecated. If you meant to do this, you must specify 'dtype=object' when creating the ndarray.
  arrays = [asanyarray(arr) for arr in arrays]
/home/zihan/research/MARS/mars/rollout.py:21: FutureWarning: arrays to stack must be passed as a "sequence" type such as list or tuple. Support for non-sequence iterables such as generators is deprecated as of NumPy 1.16 and will raise an error in the future.
  rollout_normal(env, model, save_id, args)
/home/zihan/anaconda3/envs/x/lib/python3.7/site-packages/numpy/core/shape_base.py:420: VisibleDeprecationWarning: Creating an ndarray from ragged nested sequences (which is a list-or-tuple of lists-or-tuples-or ndarrays with different lengths or shapes) is deprecated. If you meant to do this, you must specify 'dtype=object' when creating the ndarray.
  arrays = [asanyarray(arr) for arr in arrays]
/home/zihan/research/MARS/mars/rollout.py:21: FutureWarning: arrays to stack must be passed as a "sequence" type such as list or tuple. Support for non-sequence iterables such as generators is deprecated as of NumPy 1.16 and will raise an error in the future.
  rollout_normal(env, model, save_id, args)
/home/zihan/anaconda3/envs/x/lib/python3.7/site-packages/numpy/core/shape_base.py:420: VisibleDeprecationWarning: Creating an ndarray from ragged nested sequences (which is a list-or-tuple of lists-or-tuples-or ndarrays with different lengths or shapes) is deprecated. If you meant to do this, you must specify 'dtype=object' when creating the ndarray.
  arrays = [asanyarray(arr) for arr in arrays]
/home/zihan/research/MARS/mars/rollout.py:21: FutureWarning: arrays to stack must be passed as a "sequence" type such as list or tuple. Support for non-sequence iterables such as generators is deprecated as of NumPy 1.16 and will raise an error in the future.
  rollout_normal(env, model, save_id, args)
/home/zihan/anaconda3/envs/x/lib/python3.7/site-packages/numpy/core/shape_base.py:420: VisibleDeprecationWarning: Creating an ndarray from ragged nested sequences (which is a list-or-tuple of lists-or-tuples-or ndarrays with different lengths or shapes) is deprecated. If you meant to do this, you must specify 'dtype=object' when creating the ndarray.
  arrays = [asanyarray(arr) for arr in arrays]
/home/zihan/research/MARS/mars/rollout.py:21: FutureWarning: arrays to stack must be passed as a "sequence" type such as list or tuple. Support for non-sequence iterables such as generators is deprecated as of NumPy 1.16 and will raise an error in the future.
  rollout_normal(env, model, save_id, args)
/home/zihan/anaconda3/envs/x/lib/python3.7/site-packages/numpy/core/shape_base.py:420: VisibleDeprecationWarning: Creating an ndarray from ragged nested sequences (which is a list-or-tuple of lists-or-tuples-or ndarrays with different lengths or shapes) is deprecated. If you meant to do this, you must specify 'dtype=object' when creating the ndarray.
  arrays = [asanyarray(arr) for arr in arrays]
/home/zihan/research/MARS/mars/rollout.py:21: FutureWarning: arrays to stack must be passed as a "sequence" type such as list or tuple. Support for non-sequence iterables such as generators is deprecated as of NumPy 1.16 and will raise an error in the future.
  rollout_normal(env, model, save_id, args)
/home/zihan/anaconda3/envs/x/lib/python3.7/site-packages/numpy/core/shape_base.py:420: VisibleDeprecationWarning: Creating an ndarray from ragged nested sequences (which is a list-or-tuple of lists-or-tuples-or ndarrays with different lengths or shapes) is deprecated. If you meant to do this, you must specify 'dtype=object' when creating the ndarray.
  arrays = [asanyarray(arr) for arr in arrays]
/home/zihan/anaconda3/envs/x/lib/python3.7/site-packages/numpy/core/fromnumeric.py:3441: RuntimeWarning: Mean of empty slice.
  out=out, **kwargs)
/home/zihan/anaconda3/envs/x/lib/python3.7/site-packages/numpy/core/_methods.py:189: RuntimeWarning: invalid value encountered in double_scalars
  ret = ret.dtype.type(ret / rcount)
/home/zihan/research/MARS/mars/rollout.py:21: FutureWarning: arrays to stack must be passed as a "sequence" type such as list or tuple. Support for non-sequence iterables such as generators is deprecated as of NumPy 1.16 and will raise an error in the future.
  rollout_normal(env, model, save_id, args)
/home/zihan/anaconda3/envs/x/lib/python3.7/site-packages/numpy/core/shape_base.py:420: VisibleDeprecationWarning: Creating an ndarray from ragged nested sequences (which is a list-or-tuple of lists-or-tuples-or ndarrays with different lengths or shapes) is deprecated. If you meant to do this, you must specify 'dtype=object' when creating the ndarray.
  arrays = [asanyarray(arr) for arr in arrays]
wandb: 429 encountered (Filestream rate limit exceeded, retrying in 2.4510224090394677 seconds), retrying request
ffmpeg: /home/zihan/anaconda3/envs/x/lib/libtinfo.so.6: no version information available (required by /lib/x86_64-linux-gnu/libcaca.so.0)
ffmpeg: /home/zihan/anaconda3/envs/x/lib/libncursesw.so.6: no version information available (required by /lib/x86_64-linux-gnu/libcaca.so.0)
ffmpeg: /home/zihan/anaconda3/envs/x/lib/libncursesw.so.6: no version information available (required by /lib/x86_64-linux-gnu/libcaca.so.0)
/home/zihan/research/MARS/mars/rollout.py:21: FutureWarning: arrays to stack must be passed as a "sequence" type such as list or tuple. Support for non-sequence iterables such as generators is deprecated as of NumPy 1.16 and will raise an error in the future.
  rollout_normal(env, model, save_id, args)
/home/zihan/anaconda3/envs/x/lib/python3.7/site-packages/numpy/core/shape_base.py:420: VisibleDeprecationWarning: Creating an ndarray from ragged nested sequences (which is a list-or-tuple of lists-or-tuples-or ndarrays with different lengths or shapes) is deprecated. If you meant to do this, you must specify 'dtype=object' when creating the ndarray.
  arrays = [asanyarray(arr) for arr in arrays]
wandb: 429 encountered (Filestream rate limit exceeded, retrying in 2.303174900968964 seconds), retrying request
wandb: 429 encountered (Filestream rate limit exceeded, retrying in 4.3642272117006335 seconds), retrying request
ffmpeg: /home/zihan/anaconda3/envs/x/lib/libtinfo.so.6: no version information available (required by /lib/x86_64-linux-gnu/libcaca.so.0)
ffmpeg: /home/zihan/anaconda3/envs/x/lib/libncursesw.so.6: no version information available (required by /lib/x86_64-linux-gnu/libcaca.so.0)
ffmpeg: /home/zihan/anaconda3/envs/x/lib/libncursesw.so.6: no version information available (required by /lib/x86_64-linux-gnu/libcaca.so.0)
ffmpeg: /home/zihan/anaconda3/envs/x/lib/libtinfo.so.6: no version information available (required by /lib/x86_64-linux-gnu/libcaca.so.0)
ffmpeg: /home/zihan/anaconda3/envs/x/lib/libncursesw.so.6: no version information available (required by /lib/x86_64-linux-gnu/libcaca.so.0)
ffmpeg: /home/zihan/anaconda3/envs/x/lib/libncursesw.so.6: no version information available (required by /lib/x86_64-linux-gnu/libcaca.so.0)
/home/zihan/research/MARS/mars/rollout.py:21: FutureWarning: arrays to stack must be passed as a "sequence" type such as list or tuple. Support for non-sequence iterables such as generators is deprecated as of NumPy 1.16 and will raise an error in the future.
  rollout_normal(env, model, save_id, args)
/home/zihan/anaconda3/envs/x/lib/python3.7/site-packages/numpy/core/shape_base.py:420: VisibleDeprecationWarning: Creating an ndarray from ragged nested sequences (which is a list-or-tuple of lists-or-tuples-or ndarrays with different lengths or shapes) is deprecated. If you meant to do this, you must specify 'dtype=object' when creating the ndarray.
  arrays = [asanyarray(arr) for arr in arrays]
/home/zihan/research/MARS/mars/rollout.py:21: FutureWarning: arrays to stack must be passed as a "sequence" type such as list or tuple. Support for non-sequence iterables such as generators is deprecated as of NumPy 1.16 and will raise an error in the future.
  rollout_normal(env, model, save_id, args)
/home/zihan/anaconda3/envs/x/lib/python3.7/site-packages/numpy/core/shape_base.py:420: VisibleDeprecationWarning: Creating an ndarray from ragged nested sequences (which is a list-or-tuple of lists-or-tuples-or ndarrays with different lengths or shapes) is deprecated. If you meant to do this, you must specify 'dtype=object' when creating the ndarray.
  arrays = [asanyarray(arr) for arr in arrays]
wandb: 429 encountered (Filestream rate limit exceeded, retrying in 2.34561341643257 seconds), retrying request
ffmpeg: /home/zihan/anaconda3/envs/x/lib/libtinfo.so.6: no version information available (required by /lib/x86_64-linux-gnu/libcaca.so.0)
ffmpeg: /home/zihan/anaconda3/envs/x/lib/libncursesw.so.6: no version information available (required by /lib/x86_64-linux-gnu/libcaca.so.0)
ffmpeg: /home/zihan/anaconda3/envs/x/lib/libncursesw.so.6: no version information available (required by /lib/x86_64-linux-gnu/libcaca.so.0)
/home/zihan/research/MARS/mars/rollout.py:21: FutureWarning: arrays to stack must be passed as a "sequence" type such as list or tuple. Support for non-sequence iterables such as generators is deprecated as of NumPy 1.16 and will raise an error in the future.
  rollout_normal(env, model, save_id, args)
/home/zihan/anaconda3/envs/x/lib/python3.7/site-packages/numpy/core/shape_base.py:420: VisibleDeprecationWarning: Creating an ndarray from ragged nested sequences (which is a list-or-tuple of lists-or-tuples-or ndarrays with different lengths or shapes) is deprecated. If you meant to do this, you must specify 'dtype=object' when creating the ndarray.
  arrays = [asanyarray(arr) for arr in arrays]
wandb: 429 encountered (Filestream rate limit exceeded, retrying in 4.6505308368047755 seconds), retrying request
