pygame 2.0.0 (SDL 2.0.12, python 3.7.10)
Hello from the pygame community. https://www.pygame.org/contribute.html
tennis_v2 pettingzoo
Load tennis_v2 environment in type pettingzoo.
Env observation space: Box(0.0, 1.0, (128,), float32) action space: Discrete(18)
random seed: 28
<env.wrappers.mars_wrappers.Dict2TupleWrapper object at 0x7f2255764d10>
Agents No. [0] (index starting from 0) are not learnable.
Agent No. [0] loads model from:  ../data/model/20211205_2243/pettingzoo_tennis_v2_nfsp/4000_0
Arguments:  {'env_name': 'tennis_v2', 'env_type': 'pettingzoo', 'num_envs': 1, 'ram': True, 'seed': 'random', 'algorithm': 'DQN', 'algorithm_spec': {'episodic_update': False, 'dueling': False, 'replay_buffer_size': '1e5', 'gamma': 0.99, 'multi_step': 1, 'target_update_interval': 1000, 'eps_start': 1.0, 'eps_final': 0.01, 'eps_decay': 30000}, 'batch_size': 128, 'max_episodes': 10000, 'max_steps_per_episode': 10000, 'train_start_frame': 10000, 'optimizer': 'adam', 'learning_rate': '1e-4', 'device': 'gpu', 'update_itr': 1, 'log_avg_window': 20, 'log_interval': 20, 'render': False, 'test': False, 'exploit': True, 'load_model_idx': False, 'load_model_full_path': '../data/model/20211205_2243/pettingzoo_tennis_v2_nfsp/4000_0', 'save_path': '', 'save_interval': 2000, 'net_architecture': {'hidden_dim_list': [64, 64, 64, 64], 'hidden_activation': 'ReLU', 'output_activation': False}, 'marl_method': 'nfsp', 'marl_spec': {'min_update_interval': 20, 'score_avg_window': 10, 'eta': 0.1}, 'against_baseline': False}
Save models to : /home/zihan/research/MARS/data/model/20211205_2243_exploit/pettingzoo_tennis_v2_nfsp. 
 Save logs to: /home/zihan/research/MARS/data/log/20211205_2243_exploit/pettingzoo_tennis_v2_nfsp.
Episode: 1, avg. length 1362.0
first_0:                 episode reward: 24.0000,                 loss: nan
second_0:                 episode reward: -24.0000,                 loss: nan
Episode: 21, avg. length 2498.95
first_0:                 episode reward: 38.1500,                 loss: nan
second_0:                 episode reward: -38.1500,                 loss: nan
Episode: 41, avg. length 2227.4
first_0:                 episode reward: 28.9000,                 loss: nan
second_0:                 episode reward: -28.9000,                 loss: 0.0376
Episode: 61, avg. length 2605.1
first_0:                 episode reward: 24.6000,                 loss: nan
second_0:                 episode reward: -24.6000,                 loss: 0.0261
Episode: 81, avg. length 4311.85
first_0:                 episode reward: 30.4000,                 loss: nan
second_0:                 episode reward: -30.4000,                 loss: 0.0232
Episode: 101, avg. length 5674.25
first_0:                 episode reward: 13.4000,                 loss: nan
second_0:                 episode reward: -13.4000,                 loss: 0.0241
Episode: 121, avg. length 4650.95
first_0:                 episode reward: 1.2500,                 loss: nan
second_0:                 episode reward: -1.2500,                 loss: 0.0251
Episode: 141, avg. length 4161.1
first_0:                 episode reward: -3.4500,                 loss: nan
second_0:                 episode reward: 3.4500,                 loss: 0.0232
Episode: 161, avg. length 3289.25
first_0:                 episode reward: -10.4000,                 loss: nan
second_0:                 episode reward: 10.4000,                 loss: 0.0207
Episode: 181, avg. length 2394.85
first_0:                 episode reward: -20.3000,                 loss: nan
second_0:                 episode reward: 20.3000,                 loss: 0.0196
Episode: 201, avg. length 1980.1
first_0:                 episode reward: -20.4500,                 loss: nan
second_0:                 episode reward: 20.4500,                 loss: 0.0201
Episode: 221, avg. length 2598.55
first_0:                 episode reward: -9.6000,                 loss: nan
second_0:                 episode reward: 9.6000,                 loss: 0.0212
Episode: 241, avg. length 2344.3
first_0:                 episode reward: -16.7500,                 loss: nan
second_0:                 episode reward: 16.7500,                 loss: 0.0213
Episode: 261, avg. length 2008.3
first_0:                 episode reward: -20.1500,                 loss: nan
second_0:                 episode reward: 20.1500,                 loss: 0.0224
Episode: 281, avg. length 2445.65
first_0:                 episode reward: -13.6500,                 loss: nan
second_0:                 episode reward: 13.6500,                 loss: 0.0217
Episode: 301, avg. length 2617.3
first_0:                 episode reward: -10.5500,                 loss: nan
second_0:                 episode reward: 10.5500,                 loss: 0.0267
Episode: 321, avg. length 3205.3
first_0:                 episode reward: -10.2000,                 loss: nan
second_0:                 episode reward: 10.2000,                 loss: 0.0276
Episode: 341, avg. length 1977.75
first_0:                 episode reward: -20.6000,                 loss: nan
second_0:                 episode reward: 20.6000,                 loss: 0.0246
Episode: 361, avg. length 1790.05
first_0:                 episode reward: -21.6000,                 loss: nan
second_0:                 episode reward: 21.6000,                 loss: 0.0258
Episode: 381, avg. length 2076.65
first_0:                 episode reward: -18.4000,                 loss: nan
second_0:                 episode reward: 18.4000,                 loss: 0.0206
Episode: 401, avg. length 2584.45
first_0:                 episode reward: -5.4000,                 loss: nan
second_0:                 episode reward: 5.4000,                 loss: 0.0205
Episode: 421, avg. length 2489.5
first_0:                 episode reward: -6.4500,                 loss: nan
second_0:                 episode reward: 6.4500,                 loss: 0.0206
Episode: 441, avg. length 2433.5
first_0:                 episode reward: -10.2000,                 loss: nan
second_0:                 episode reward: 10.2000,                 loss: 0.0220
Episode: 461, avg. length 2135.4
first_0:                 episode reward: -18.0000,                 loss: nan
second_0:                 episode reward: 18.0000,                 loss: 0.0213
Episode: 481, avg. length 2311.95
first_0:                 episode reward: -8.8500,                 loss: nan
second_0:                 episode reward: 8.8500,                 loss: 0.0197
Episode: 501, avg. length 1957.5
first_0:                 episode reward: -20.6000,                 loss: nan
second_0:                 episode reward: 20.6000,                 loss: 0.0212
Episode: 521, avg. length 2086.25
first_0:                 episode reward: -15.6500,                 loss: nan
second_0:                 episode reward: 15.6500,                 loss: 0.0237
Episode: 541, avg. length 2027.5
first_0:                 episode reward: -18.9500,                 loss: nan
second_0:                 episode reward: 18.9500,                 loss: 0.0232
Episode: 561, avg. length 1937.2
first_0:                 episode reward: -19.6500,                 loss: nan
second_0:                 episode reward: 19.6500,                 loss: 0.0203
Episode: 581, avg. length 2017.7
first_0:                 episode reward: -19.5000,                 loss: nan
second_0:                 episode reward: 19.5000,                 loss: 0.0193
Episode: 601, avg. length 1792.5
first_0:                 episode reward: -21.7500,                 loss: nan
second_0:                 episode reward: 21.7500,                 loss: 0.0186
Episode: 621, avg. length 1781.8
first_0:                 episode reward: -21.8500,                 loss: nan
second_0:                 episode reward: 21.8500,                 loss: 0.0192
Episode: 641, avg. length 2394.7
first_0:                 episode reward: -15.2500,                 loss: nan
second_0:                 episode reward: 15.2500,                 loss: 0.0194
Episode: 661, avg. length 2022.6
first_0:                 episode reward: -17.8500,                 loss: nan
second_0:                 episode reward: 17.8500,                 loss: 0.0228
Episode: 681, avg. length 2328.35
first_0:                 episode reward: -18.5500,                 loss: nan
second_0:                 episode reward: 18.5500,                 loss: 0.0241
Episode: 701, avg. length 2342.05
first_0:                 episode reward: -18.3000,                 loss: nan
second_0:                 episode reward: 18.3000,                 loss: 0.0252
Episode: 721, avg. length 2625.75
first_0:                 episode reward: -10.2000,                 loss: nan
second_0:                 episode reward: 10.2000,                 loss: 0.0250
Episode: 741, avg. length 2497.8
first_0:                 episode reward: -19.3000,                 loss: nan
second_0:                 episode reward: 19.3000,                 loss: 0.0224
Episode: 761, avg. length 2455.45
first_0:                 episode reward: -15.4000,                 loss: nan
second_0:                 episode reward: 15.4000,                 loss: 0.0209
Episode: 781, avg. length 2995.6
first_0:                 episode reward: 0.0500,                 loss: nan
second_0:                 episode reward: -0.0500,                 loss: 0.0225
Episode: 801, avg. length 2310.2
first_0:                 episode reward: -15.0000,                 loss: nan
second_0:                 episode reward: 15.0000,                 loss: 0.0221
Episode: 821, avg. length 2347.95
first_0:                 episode reward: -17.8000,                 loss: nan
second_0:                 episode reward: 17.8000,                 loss: 0.0215
Episode: 841, avg. length 2275.85
first_0:                 episode reward: -16.1500,                 loss: nan
second_0:                 episode reward: 16.1500,                 loss: 0.0201
Episode: 861, avg. length 1997.85
first_0:                 episode reward: -20.2000,                 loss: nan
second_0:                 episode reward: 20.2000,                 loss: 0.0214
Episode: 881, avg. length 2478.15
first_0:                 episode reward: -8.0000,                 loss: nan
second_0:                 episode reward: 8.0000,                 loss: 0.0207
Episode: 901, avg. length 1994.05
first_0:                 episode reward: -20.5000,                 loss: nan
second_0:                 episode reward: 20.5000,                 loss: 0.0200
Episode: 921, avg. length 1944.05
first_0:                 episode reward: -20.6000,                 loss: nan
second_0:                 episode reward: 20.6000,                 loss: 0.0220
Episode: 941, avg. length 2834.3
first_0:                 episode reward: 0.0000,                 loss: nan
second_0:                 episode reward: 0.0000,                 loss: 0.0225
Episode: 961, avg. length 1894.1
first_0:                 episode reward: -20.8500,                 loss: nan
second_0:                 episode reward: 20.8500,                 loss: 0.0211
Episode: 981, avg. length 2040.05
first_0:                 episode reward: -19.8000,                 loss: nan
second_0:                 episode reward: 19.8000,                 loss: 0.0225
Episode: 1001, avg. length 2183.65
first_0:                 episode reward: -16.5500,                 loss: nan
second_0:                 episode reward: 16.5500,                 loss: 0.0224
Episode: 1021, avg. length 2065.15
first_0:                 episode reward: -19.8000,                 loss: nan
second_0:                 episode reward: 19.8000,                 loss: 0.0210
Episode: 1041, avg. length 1898.3
first_0:                 episode reward: -17.7000,                 loss: nan
second_0:                 episode reward: 17.7000,                 loss: 0.0194
Episode: 1061, avg. length 2168.5
first_0:                 episode reward: -16.2000,                 loss: nan
second_0:                 episode reward: 16.2000,                 loss: 0.0192
Episode: 1081, avg. length 2309.45
first_0:                 episode reward: -14.3500,                 loss: nan
second_0:                 episode reward: 14.3500,                 loss: 0.0211
Episode: 1101, avg. length 1777.0
first_0:                 episode reward: -21.0500,                 loss: nan
second_0:                 episode reward: 21.0500,                 loss: 0.0214
Episode: 1121, avg. length 2524.85
first_0:                 episode reward: -6.9500,                 loss: nan
second_0:                 episode reward: 6.9500,                 loss: 0.0218
Episode: 1141, avg. length 2126.15
first_0:                 episode reward: -19.7500,                 loss: nan
second_0:                 episode reward: 19.7500,                 loss: 0.0225
Episode: 1161, avg. length 1849.65
first_0:                 episode reward: -21.2000,                 loss: nan
second_0:                 episode reward: 21.2000,                 loss: 0.0215
Episode: 1181, avg. length 2228.6
first_0:                 episode reward: -14.5500,                 loss: nan
second_0:                 episode reward: 14.5500,                 loss: 0.0211
Episode: 1201, avg. length 2176.3
first_0:                 episode reward: -14.5500,                 loss: nan
second_0:                 episode reward: 14.5500,                 loss: 0.0217
Episode: 1221, avg. length 2204.4
first_0:                 episode reward: -15.2500,                 loss: nan
second_0:                 episode reward: 15.2500,                 loss: 0.0215
Episode: 1241, avg. length 2501.4
first_0:                 episode reward: -14.5500,                 loss: nan
second_0:                 episode reward: 14.5500,                 loss: 0.0225
Episode: 1261, avg. length 2373.55
first_0:                 episode reward: -9.5500,                 loss: nan
second_0:                 episode reward: 9.5500,                 loss: 0.0226
Episode: 1281, avg. length 2196.0
first_0:                 episode reward: -14.7000,                 loss: nan
second_0:                 episode reward: 14.7000,                 loss: 0.0225
Episode: 1301, avg. length 4475.55
first_0:                 episode reward: 40.1500,                 loss: nan
second_0:                 episode reward: -40.1500,                 loss: 0.0244
Episode: 1321, avg. length 2407.65
first_0:                 episode reward: -18.0500,                 loss: nan
second_0:                 episode reward: 18.0500,                 loss: 0.0242
Episode: 1341, avg. length 2208.15
first_0:                 episode reward: -14.3000,                 loss: nan
second_0:                 episode reward: 14.3000,                 loss: 0.0288
Episode: 1361, avg. length 2710.1
first_0:                 episode reward: -4.1000,                 loss: nan
second_0:                 episode reward: 4.1000,                 loss: 0.0271
Episode: 1381, avg. length 2344.75
first_0:                 episode reward: -14.5500,                 loss: nan
second_0:                 episode reward: 14.5500,                 loss: 0.0272
Episode: 1401, avg. length 2105.6
first_0:                 episode reward: -19.5500,                 loss: nan
second_0:                 episode reward: 19.5500,                 loss: 0.0265
Episode: 1421, avg. length 3164.4
first_0:                 episode reward: 4.3500,                 loss: nan
second_0:                 episode reward: -4.3500,                 loss: 0.0236
Episode: 1441, avg. length 2933.2
first_0:                 episode reward: -1.2000,                 loss: nan
second_0:                 episode reward: 1.2000,                 loss: 0.0237
Episode: 1461, avg. length 2156.35
first_0:                 episode reward: -17.5500,                 loss: nan
second_0:                 episode reward: 17.5500,                 loss: 0.0240
Episode: 1481, avg. length 3859.2
first_0:                 episode reward: 20.8000,                 loss: nan
second_0:                 episode reward: -20.8000,                 loss: 0.0272
Episode: 1501, avg. length 2704.3
first_0:                 episode reward: -0.5000,                 loss: nan
second_0:                 episode reward: 0.5000,                 loss: 0.0245
Episode: 1521, avg. length 1940.45
first_0:                 episode reward: -17.5500,                 loss: nan
second_0:                 episode reward: 17.5500,                 loss: 0.0215
Episode: 1541, avg. length 1828.75
first_0:                 episode reward: -20.3000,                 loss: nan
second_0:                 episode reward: 20.3000,                 loss: 0.0219
Episode: 1561, avg. length 1932.6
first_0:                 episode reward: -18.3500,                 loss: nan
second_0:                 episode reward: 18.3500,                 loss: 0.0252
Episode: 1581, avg. length 2369.5
first_0:                 episode reward: -14.2000,                 loss: nan
second_0:                 episode reward: 14.2000,                 loss: 0.0230
Episode: 1601, avg. length 2696.4
first_0:                 episode reward: -4.7000,                 loss: nan
second_0:                 episode reward: 4.7000,                 loss: 0.0224
Episode: 1621, avg. length 2164.45
first_0:                 episode reward: -14.9500,                 loss: nan
second_0:                 episode reward: 14.9500,                 loss: 0.0219
Episode: 1641, avg. length 1754.55
first_0:                 episode reward: -20.1500,                 loss: nan
second_0:                 episode reward: 20.1500,                 loss: 0.0214
Episode: 1661, avg. length 2080.95
first_0:                 episode reward: -16.1500,                 loss: nan
second_0:                 episode reward: 16.1500,                 loss: 0.0206
Episode: 1681, avg. length 1841.95
first_0:                 episode reward: -20.6500,                 loss: nan
second_0:                 episode reward: 20.6500,                 loss: 0.0178
Episode: 1701, avg. length 2097.95
first_0:                 episode reward: -15.4500,                 loss: nan
second_0:                 episode reward: 15.4500,                 loss: 0.0183
Episode: 1721, avg. length 2017.85
first_0:                 episode reward: -15.7000,                 loss: nan
second_0:                 episode reward: 15.7000,                 loss: 0.0199
Episode: 1741, avg. length 1860.15
first_0:                 episode reward: -21.2500,                 loss: nan
second_0:                 episode reward: 21.2500,                 loss: 0.0205
Episode: 1761, avg. length 1900.95
first_0:                 episode reward: -18.1000,                 loss: nan
second_0:                 episode reward: 18.1000,                 loss: 0.0195
Episode: 1781, avg. length 1825.8
first_0:                 episode reward: -20.4000,                 loss: nan
second_0:                 episode reward: 20.4000,                 loss: 0.0182
Episode: 1801, avg. length 2487.05
first_0:                 episode reward: -11.1000,                 loss: nan
second_0:                 episode reward: 11.1000,                 loss: 0.0180
Episode: 1821, avg. length 2047.15
first_0:                 episode reward: -19.0000,                 loss: nan
second_0:                 episode reward: 19.0000,                 loss: 0.0193
Episode: 1841, avg. length 2076.4
first_0:                 episode reward: -17.0500,                 loss: nan
second_0:                 episode reward: 17.0500,                 loss: 0.0195
Episode: 1861, avg. length 1929.1
first_0:                 episode reward: -17.9500,                 loss: nan
second_0:                 episode reward: 17.9500,                 loss: 0.0203
Episode: 1881, avg. length 2214.6
first_0:                 episode reward: -15.5000,                 loss: nan
second_0:                 episode reward: 15.5000,                 loss: 0.0205
Episode: 1901, avg. length 1737.35
first_0:                 episode reward: -21.3500,                 loss: nan
second_0:                 episode reward: 21.3500,                 loss: 0.0195
Episode: 1921, avg. length 1921.65
first_0:                 episode reward: -18.0500,                 loss: nan
second_0:                 episode reward: 18.0500,                 loss: 0.0190
Episode: 1941, avg. length 2112.25
first_0:                 episode reward: -17.5000,                 loss: nan
second_0:                 episode reward: 17.5000,                 loss: 0.0188
Episode: 1961, avg. length 1805.1
first_0:                 episode reward: -21.0000,                 loss: nan
second_0:                 episode reward: 21.0000,                 loss: 0.0182
Episode: 1981, avg. length 1813.1
first_0:                 episode reward: -19.9000,                 loss: nan
second_0:                 episode reward: 19.9000,                 loss: 0.0176
Episode: 2001, avg. length 2239.15
first_0:                 episode reward: -9.9000,                 loss: nan
second_0:                 episode reward: 9.9000,                 loss: 0.0175
Episode: 2021, avg. length 2399.0
first_0:                 episode reward: -8.6500,                 loss: nan
second_0:                 episode reward: 8.6500,                 loss: 0.0188
Episode: 2041, avg. length 2268.85
first_0:                 episode reward: -11.5500,                 loss: nan
second_0:                 episode reward: 11.5500,                 loss: 0.0196
Episode: 2061, avg. length 1706.85
first_0:                 episode reward: -22.1500,                 loss: nan
second_0:                 episode reward: 22.1500,                 loss: 0.0211
Episode: 2081, avg. length 1803.35
first_0:                 episode reward: -20.8500,                 loss: nan
second_0:                 episode reward: 20.8500,                 loss: 0.0212
Episode: 2101, avg. length 1915.3
first_0:                 episode reward: -19.8500,                 loss: nan
second_0:                 episode reward: 19.8500,                 loss: 0.0207
Episode: 2121, avg. length 1942.85
first_0:                 episode reward: -19.2500,                 loss: nan
second_0:                 episode reward: 19.2500,                 loss: 0.0207
Episode: 2141, avg. length 2264.0
first_0:                 episode reward: -15.4500,                 loss: nan
second_0:                 episode reward: 15.4500,                 loss: 0.0222
Episode: 2161, avg. length 3312.3
first_0:                 episode reward: 0.0000,                 loss: nan
second_0:                 episode reward: 0.0000,                 loss: 0.0268
Episode: 2181, avg. length 2020.0
first_0:                 episode reward: -18.4500,                 loss: nan
second_0:                 episode reward: 18.4500,                 loss: 0.0267
Episode: 2201, avg. length 2089.7
first_0:                 episode reward: -14.2500,                 loss: nan
second_0:                 episode reward: 14.2500,                 loss: 0.0254
Episode: 2221, avg. length 3560.65
first_0:                 episode reward: 8.0500,                 loss: nan
second_0:                 episode reward: -8.0500,                 loss: 0.0263
Episode: 2241, avg. length 3317.55
first_0:                 episode reward: 2.2500,                 loss: nan
second_0:                 episode reward: -2.2500,                 loss: 0.0289
Episode: 2261, avg. length 3521.35
first_0:                 episode reward: 7.8000,                 loss: nan
second_0:                 episode reward: -7.8000,                 loss: 0.0259
Episode: 2281, avg. length 4295.8
first_0:                 episode reward: 29.7500,                 loss: nan
second_0:                 episode reward: -29.7500,                 loss: 0.0305
Episode: 2301, avg. length 2152.45
first_0:                 episode reward: -16.5000,                 loss: nan
second_0:                 episode reward: 16.5000,                 loss: 0.0270
Episode: 2321, avg. length 2623.75
first_0:                 episode reward: -6.8500,                 loss: nan
second_0:                 episode reward: 6.8500,                 loss: 0.0230
Episode: 2341, avg. length 2017.35
first_0:                 episode reward: -19.2500,                 loss: nan
second_0:                 episode reward: 19.2500,                 loss: 0.0224
Episode: 2361, avg. length 1770.8
first_0:                 episode reward: -21.4000,                 loss: nan
second_0:                 episode reward: 21.4000,                 loss: 0.0234
Episode: 2381, avg. length 2226.5
first_0:                 episode reward: -17.9000,                 loss: nan
second_0:                 episode reward: 17.9000,                 loss: 0.0229
Episode: 2401, avg. length 1976.15
first_0:                 episode reward: -20.6500,                 loss: nan
second_0:                 episode reward: 20.6500,                 loss: 0.0210
Episode: 2421, avg. length 4549.65
first_0:                 episode reward: 37.0000,                 loss: nan
second_0:                 episode reward: -37.0000,                 loss: 0.0231
Episode: 2441, avg. length 2838.25
first_0:                 episode reward: -5.7500,                 loss: nan
second_0:                 episode reward: 5.7500,                 loss: 0.0240
Episode: 2461, avg. length 2133.25
first_0:                 episode reward: -16.1000,                 loss: nan
second_0:                 episode reward: 16.1000,                 loss: 0.0270
Episode: 2481, avg. length 2634.5
first_0:                 episode reward: -4.0500,                 loss: nan
second_0:                 episode reward: 4.0500,                 loss: 0.0222
Episode: 2501, avg. length 2560.15
first_0:                 episode reward: -8.4500,                 loss: nan
second_0:                 episode reward: 8.4500,                 loss: 0.0212
Episode: 2521, avg. length 2000.5
first_0:                 episode reward: -18.6500,                 loss: nan
second_0:                 episode reward: 18.6500,                 loss: 0.0236
Episode: 2541, avg. length 2457.8
first_0:                 episode reward: -5.4500,                 loss: nan
second_0:                 episode reward: 5.4500,                 loss: 0.0231
Episode: 2561, avg. length 2688.65
first_0:                 episode reward: -0.8000,                 loss: nan
second_0:                 episode reward: 0.8000,                 loss: 0.0214
Episode: 2581, avg. length 1757.7
first_0:                 episode reward: -21.1500,                 loss: nan
second_0:                 episode reward: 21.1500,                 loss: 0.0204
Episode: 2601, avg. length 2483.85
first_0:                 episode reward: -6.4000,                 loss: nan
second_0:                 episode reward: 6.4000,                 loss: 0.0208
Episode: 2621, avg. length 1880.3
first_0:                 episode reward: -21.0000,                 loss: nan
second_0:                 episode reward: 21.0000,                 loss: 0.0207
Episode: 2641, avg. length 2127.35
first_0:                 episode reward: -14.6500,                 loss: nan
second_0:                 episode reward: 14.6500,                 loss: 0.0192
Episode: 2661, avg. length 3110.4
first_0:                 episode reward: 7.9000,                 loss: nan
second_0:                 episode reward: -7.9000,                 loss: 0.0229
Episode: 2681, avg. length 2901.25
first_0:                 episode reward: 3.2500,                 loss: nan
second_0:                 episode reward: -3.2500,                 loss: 0.0266
Episode: 2701, avg. length 1982.9
first_0:                 episode reward: -17.4500,                 loss: nan
second_0:                 episode reward: 17.4500,                 loss: 0.0229
Episode: 2721, avg. length 2505.75
first_0:                 episode reward: -4.8500,                 loss: nan
second_0:                 episode reward: 4.8500,                 loss: 0.0208
Episode: 2741, avg. length 2130.2
first_0:                 episode reward: -13.7500,                 loss: nan
second_0:                 episode reward: 13.7500,                 loss: 0.0206
Episode: 2761, avg. length 2088.15
first_0:                 episode reward: -17.7000,                 loss: nan
second_0:                 episode reward: 17.7000,                 loss: 0.0213
Episode: 2781, avg. length 1752.5
first_0:                 episode reward: -21.2000,                 loss: nan
second_0:                 episode reward: 21.2000,                 loss: 0.0231
Episode: 2801, avg. length 6017.0
first_0:                 episode reward: 67.1500,                 loss: nan
second_0:                 episode reward: -67.1500,                 loss: 0.0304
Episode: 2821, avg. length 1973.15
first_0:                 episode reward: -19.0000,                 loss: nan
second_0:                 episode reward: 19.0000,                 loss: 0.0321
Episode: 2841, avg. length 5434.05
first_0:                 episode reward: 58.0500,                 loss: nan
second_0:                 episode reward: -58.0500,                 loss: 0.0325
Episode: 2861, avg. length 2589.7
first_0:                 episode reward: -9.7000,                 loss: nan
second_0:                 episode reward: 9.7000,                 loss: 0.0310
Episode: 2881, avg. length 2245.95
first_0:                 episode reward: -11.1000,                 loss: nan
second_0:                 episode reward: 11.1000,                 loss: 0.0294
Episode: 2901, avg. length 2670.9
first_0:                 episode reward: -4.8000,                 loss: nan
second_0:                 episode reward: 4.8000,                 loss: 0.0267
Episode: 2921, avg. length 3041.85
first_0:                 episode reward: 4.4000,                 loss: nan
second_0:                 episode reward: -4.4000,                 loss: 0.0258
Episode: 2941, avg. length 1904.05
first_0:                 episode reward: -18.5500,                 loss: nan
second_0:                 episode reward: 18.5500,                 loss: 0.0255
Episode: 2961, avg. length 5281.3
first_0:                 episode reward: 51.1500,                 loss: nan
second_0:                 episode reward: -51.1500,                 loss: 0.0289
Episode: 2981, avg. length 2911.1
first_0:                 episode reward: 1.9500,                 loss: nan
second_0:                 episode reward: -1.9500,                 loss: 0.0288
Episode: 3001, avg. length 2617.95
first_0:                 episode reward: -6.3500,                 loss: nan
second_0:                 episode reward: 6.3500,                 loss: 0.0251
Episode: 3021, avg. length 2697.85
first_0:                 episode reward: -7.6500,                 loss: nan
second_0:                 episode reward: 7.6500,                 loss: 0.0251
Episode: 3041, avg. length 2059.65
first_0:                 episode reward: -19.0000,                 loss: nan
second_0:                 episode reward: 19.0000,                 loss: 0.0235
Episode: 3061, avg. length 2059.2
first_0:                 episode reward: -18.8000,                 loss: nan
second_0:                 episode reward: 18.8000,                 loss: 0.0216
Episode: 3081, avg. length 2920.25
first_0:                 episode reward: -0.4500,                 loss: nan
second_0:                 episode reward: 0.4500,                 loss: 0.0201
Episode: 3101, avg. length 1819.45
first_0:                 episode reward: -20.3000,                 loss: nan
second_0:                 episode reward: 20.3000,                 loss: 0.0226
Episode: 3121, avg. length 1858.7
first_0:                 episode reward: -20.3500,                 loss: nan
second_0:                 episode reward: 20.3500,                 loss: 0.0247
Episode: 3141, avg. length 3978.6
first_0:                 episode reward: 30.6500,                 loss: nan
second_0:                 episode reward: -30.6500,                 loss: 0.0238
Episode: 3161, avg. length 2378.8
first_0:                 episode reward: -11.5000,                 loss: nan
second_0:                 episode reward: 11.5000,                 loss: 0.0273
Episode: 3181, avg. length 2695.35
first_0:                 episode reward: -13.6500,                 loss: nan
second_0:                 episode reward: 13.6500,                 loss: 0.0276
Episode: 3201, avg. length 5483.15
first_0:                 episode reward: 55.6000,                 loss: nan
second_0:                 episode reward: -55.6000,                 loss: 0.0294
Episode: 3221, avg. length 4504.0
first_0:                 episode reward: 38.2500,                 loss: nan
second_0:                 episode reward: -38.2500,                 loss: 0.0290
Episode: 3241, avg. length 2999.85
first_0:                 episode reward: -6.8500,                 loss: nan
second_0:                 episode reward: 6.8500,                 loss: 0.0272
Episode: 3261, avg. length 1835.35
first_0:                 episode reward: -21.4000,                 loss: nan
second_0:                 episode reward: 21.4000,                 loss: 0.0266
Episode: 3281, avg. length 3085.35
first_0:                 episode reward: 1.8000,                 loss: nan
second_0:                 episode reward: -1.8000,                 loss: 0.0253
Episode: 3301, avg. length 4069.65
first_0:                 episode reward: 28.3000,                 loss: nan
second_0:                 episode reward: -28.3000,                 loss: 0.0277
Episode: 3321, avg. length 5473.0
first_0:                 episode reward: 59.9000,                 loss: nan
second_0:                 episode reward: -59.9000,                 loss: 0.0326
Episode: 3341, avg. length 3464.85
first_0:                 episode reward: 15.9500,                 loss: nan
second_0:                 episode reward: -15.9500,                 loss: 0.0301
Episode: 3361, avg. length 2736.2
first_0:                 episode reward: -2.2000,                 loss: nan
second_0:                 episode reward: 2.2000,                 loss: 0.0293
Episode: 3381, avg. length 5577.45
first_0:                 episode reward: 60.4000,                 loss: nan
second_0:                 episode reward: -60.4000,                 loss: 0.0321
Episode: 3401, avg. length 4237.9
first_0:                 episode reward: 31.2000,                 loss: nan
second_0:                 episode reward: -31.2000,                 loss: 0.0286
Episode: 3421, avg. length 3652.45
first_0:                 episode reward: 12.0000,                 loss: nan
second_0:                 episode reward: -12.0000,                 loss: 0.0259
Episode: 3441, avg. length 2691.6
first_0:                 episode reward: -4.2000,                 loss: nan
second_0:                 episode reward: 4.2000,                 loss: 0.0285
Episode: 3461, avg. length 2419.3
first_0:                 episode reward: -7.9000,                 loss: nan
second_0:                 episode reward: 7.9000,                 loss: 0.0299
Episode: 3481, avg. length 4241.35
first_0:                 episode reward: 23.9500,                 loss: nan
second_0:                 episode reward: -23.9500,                 loss: 0.0303
Episode: 3501, avg. length 2630.1
first_0:                 episode reward: -8.9000,                 loss: nan
second_0:                 episode reward: 8.9000,                 loss: 0.0273
Episode: 3521, avg. length 2844.55
first_0:                 episode reward: -3.2000,                 loss: nan
second_0:                 episode reward: 3.2000,                 loss: 0.0292
Episode: 3541, avg. length 1989.75
first_0:                 episode reward: -17.4500,                 loss: nan
second_0:                 episode reward: 17.4500,                 loss: 0.0283
Episode: 3561, avg. length 2586.45
first_0:                 episode reward: -6.9500,                 loss: nan
second_0:                 episode reward: 6.9500,                 loss: 0.0254
Episode: 3581, avg. length 3841.0
first_0:                 episode reward: 26.2000,                 loss: nan
second_0:                 episode reward: -26.2000,                 loss: 0.0251
Episode: 3601, avg. length 2717.0
first_0:                 episode reward: -7.9500,                 loss: nan
second_0:                 episode reward: 7.9500,                 loss: 0.0290
Episode: 3621, avg. length 3523.5
first_0:                 episode reward: 11.1500,                 loss: nan
second_0:                 episode reward: -11.1500,                 loss: 0.0283
Episode: 3641, avg. length 2680.2
first_0:                 episode reward: -1.4500,                 loss: nan
second_0:                 episode reward: 1.4500,                 loss: 0.0273
Episode: 3661, avg. length 1933.7
first_0:                 episode reward: -17.9500,                 loss: nan
second_0:                 episode reward: 17.9500,                 loss: 0.0233
Episode: 3681, avg. length 1965.35
first_0:                 episode reward: -18.7500,                 loss: nan
second_0:                 episode reward: 18.7500,                 loss: 0.0250
Episode: 3701, avg. length 2362.9
first_0:                 episode reward: -15.0500,                 loss: nan
second_0:                 episode reward: 15.0500,                 loss: 0.0259
Episode: 3721, avg. length 2634.3
first_0:                 episode reward: -4.6500,                 loss: nan
second_0:                 episode reward: 4.6500,                 loss: 0.0246
Episode: 3741, avg. length 1905.7
first_0:                 episode reward: -19.8000,                 loss: nan
second_0:                 episode reward: 19.8000,                 loss: 0.0249
Episode: 3761, avg. length 5854.65
first_0:                 episode reward: 69.1500,                 loss: nan
second_0:                 episode reward: -69.1500,                 loss: 0.0282
Episode: 3781, avg. length 4215.65
first_0:                 episode reward: 18.4500,                 loss: nan
second_0:                 episode reward: -18.4500,                 loss: 0.0327
Episode: 3801, avg. length 2975.1
first_0:                 episode reward: 2.4500,                 loss: nan
second_0:                 episode reward: -2.4500,                 loss: 0.0273
Episode: 3821, avg. length 2365.05
first_0:                 episode reward: -14.0000,                 loss: nan
second_0:                 episode reward: 14.0000,                 loss: 0.0263
Episode: 3841, avg. length 2320.4
first_0:                 episode reward: -11.9000,                 loss: nan
second_0:                 episode reward: 11.9000,                 loss: 0.0277
Episode: 3861, avg. length 3205.95
first_0:                 episode reward: 5.7500,                 loss: nan
second_0:                 episode reward: -5.7500,                 loss: 0.0260
Episode: 3881, avg. length 1907.85
first_0:                 episode reward: -16.7500,                 loss: nan
second_0:                 episode reward: 16.7500,                 loss: 0.0250
Episode: 3901, avg. length 1958.65
first_0:                 episode reward: -19.0000,                 loss: nan
second_0:                 episode reward: 19.0000,                 loss: 0.0252
Episode: 3921, avg. length 2379.0
first_0:                 episode reward: -11.1500,                 loss: nan
second_0:                 episode reward: 11.1500,                 loss: 0.0244
Episode: 3941, avg. length 2306.4
first_0:                 episode reward: -13.4000,                 loss: nan
second_0:                 episode reward: 13.4000,                 loss: 0.0254
Episode: 3961, avg. length 2306.55
first_0:                 episode reward: -11.5000,                 loss: nan
second_0:                 episode reward: 11.5000,                 loss: 0.0271
Episode: 3981, avg. length 2668.2
first_0:                 episode reward: -5.8000,                 loss: nan
second_0:                 episode reward: 5.8000,                 loss: 0.0297
Episode: 4001, avg. length 2183.95
first_0:                 episode reward: -14.5500,                 loss: nan
second_0:                 episode reward: 14.5500,                 loss: 0.0287
Episode: 4021, avg. length 2807.8
first_0:                 episode reward: -3.5000,                 loss: nan
second_0:                 episode reward: 3.5000,                 loss: 0.0261
Episode: 4041, avg. length 6180.8
first_0:                 episode reward: 76.7000,                 loss: nan
second_0:                 episode reward: -76.7000,                 loss: 0.0294
Episode: 4061, avg. length 2368.95
first_0:                 episode reward: -10.0500,                 loss: nan
second_0:                 episode reward: 10.0500,                 loss: 0.0309
Episode: 4081, avg. length 6968.55
first_0:                 episode reward: 93.4000,                 loss: nan
second_0:                 episode reward: -93.4000,                 loss: 0.0333
Episode: 4101, avg. length 5893.9
first_0:                 episode reward: 67.9000,                 loss: nan
second_0:                 episode reward: -67.9000,                 loss: 0.0345
Episode: 4121, avg. length 3481.2
first_0:                 episode reward: 6.2500,                 loss: nan
second_0:                 episode reward: -6.2500,                 loss: 0.0314
Episode: 4141, avg. length 5809.35
first_0:                 episode reward: 66.8000,                 loss: nan
second_0:                 episode reward: -66.8000,                 loss: 0.0309
Episode: 4161, avg. length 3175.65
first_0:                 episode reward: 5.3000,                 loss: nan
second_0:                 episode reward: -5.3000,                 loss: 0.0283
Episode: 4181, avg. length 1821.0
first_0:                 episode reward: -19.4500,                 loss: nan
second_0:                 episode reward: 19.4500,                 loss: 0.0245
Episode: 4201, avg. length 2848.45
first_0:                 episode reward: 0.5500,                 loss: nan
second_0:                 episode reward: -0.5500,                 loss: 0.0235
Episode: 4221, avg. length 2061.95
first_0:                 episode reward: -15.0500,                 loss: nan
second_0:                 episode reward: 15.0500,                 loss: 0.0235
Episode: 4241, avg. length 1859.3
first_0:                 episode reward: -17.6500,                 loss: nan
second_0:                 episode reward: 17.6500,                 loss: 0.0227
Episode: 4261, avg. length 3430.3
first_0:                 episode reward: 15.6500,                 loss: nan
second_0:                 episode reward: -15.6500,                 loss: 0.0227
Episode: 4281, avg. length 3100.5
first_0:                 episode reward: 1.5500,                 loss: nan
second_0:                 episode reward: -1.5500,                 loss: 0.0244
Episode: 4301, avg. length 1862.05
first_0:                 episode reward: -19.3500,                 loss: nan
second_0:                 episode reward: 19.3500,                 loss: 0.0247
Episode: 4321, avg. length 4551.25
first_0:                 episode reward: 36.4000,                 loss: nan
second_0:                 episode reward: -36.4000,                 loss: 0.0291
Episode: 4341, avg. length 2258.35
first_0:                 episode reward: -12.4500,                 loss: nan
second_0:                 episode reward: 12.4500,                 loss: 0.0275
Episode: 4361, avg. length 1843.7
first_0:                 episode reward: -20.1000,                 loss: nan
second_0:                 episode reward: 20.1000,                 loss: 0.0243
Episode: 4381, avg. length 2405.05
first_0:                 episode reward: -13.2000,                 loss: nan
second_0:                 episode reward: 13.2000,                 loss: 0.0222
Episode: 4401, avg. length 2686.75
first_0:                 episode reward: -4.1000,                 loss: nan
second_0:                 episode reward: 4.1000,                 loss: 0.0221
Episode: 4421, avg. length 2277.55
first_0:                 episode reward: -14.4000,                 loss: nan
second_0:                 episode reward: 14.4000,                 loss: 0.0248
Episode: 4441, avg. length 3402.3
first_0:                 episode reward: 3.3000,                 loss: nan
second_0:                 episode reward: -3.3000,                 loss: 0.0251
Episode: 4461, avg. length 2316.7
first_0:                 episode reward: -15.5500,                 loss: nan
second_0:                 episode reward: 15.5500,                 loss: 0.0250
Episode: 4481, avg. length 2760.3
first_0:                 episode reward: -6.5500,                 loss: nan
second_0:                 episode reward: 6.5500,                 loss: 0.0248
Episode: 4501, avg. length 2611.55
first_0:                 episode reward: -4.9500,                 loss: nan
second_0:                 episode reward: 4.9500,                 loss: 0.0245
Episode: 4521, avg. length 2945.15
first_0:                 episode reward: -1.4000,                 loss: nan
second_0:                 episode reward: 1.4000,                 loss: 0.0244
Episode: 4541, avg. length 2316.9
first_0:                 episode reward: -11.2000,                 loss: nan
second_0:                 episode reward: 11.2000,                 loss: 0.0239
Episode: 4561, avg. length 2066.25
first_0:                 episode reward: -16.4000,                 loss: nan
second_0:                 episode reward: 16.4000,                 loss: 0.0230
Episode: 4581, avg. length 2066.1
first_0:                 episode reward: -19.2000,                 loss: nan
second_0:                 episode reward: 19.2000,                 loss: 0.0211
Episode: 4601, avg. length 2305.8
first_0:                 episode reward: -15.9500,                 loss: nan
second_0:                 episode reward: 15.9500,                 loss: 0.0205
Episode: 4621, avg. length 2638.6
first_0:                 episode reward: -8.5000,                 loss: nan
second_0:                 episode reward: 8.5000,                 loss: 0.0209
Episode: 4641, avg. length 2473.5
first_0:                 episode reward: -9.7500,                 loss: nan
second_0:                 episode reward: 9.7500,                 loss: 0.0213
Episode: 4661, avg. length 2239.5
first_0:                 episode reward: -13.0500,                 loss: nan
second_0:                 episode reward: 13.0500,                 loss: 0.0210
Episode: 4681, avg. length 1890.25
first_0:                 episode reward: -20.7500,                 loss: nan
second_0:                 episode reward: 20.7500,                 loss: 0.0195
Episode: 4701, avg. length 2083.05
first_0:                 episode reward: -18.3000,                 loss: nan
second_0:                 episode reward: 18.3000,                 loss: 0.0186
Episode: 4721, avg. length 1872.9
first_0:                 episode reward: -19.8500,                 loss: nan
second_0:                 episode reward: 19.8500,                 loss: 0.0176
Episode: 4741, avg. length 2046.55
first_0:                 episode reward: -15.8500,                 loss: nan
second_0:                 episode reward: 15.8500,                 loss: 0.0176
Episode: 4761, avg. length 2068.25
first_0:                 episode reward: -15.8500,                 loss: nan
second_0:                 episode reward: 15.8500,                 loss: 0.0199
Episode: 4781, avg. length 2055.75
first_0:                 episode reward: -19.3500,                 loss: nan
second_0:                 episode reward: 19.3500,                 loss: 0.0220
Episode: 4801, avg. length 2299.0
first_0:                 episode reward: -11.0500,                 loss: nan
second_0:                 episode reward: 11.0500,                 loss: 0.0204
Episode: 4821, avg. length 2247.15
first_0:                 episode reward: -12.5500,                 loss: nan
second_0:                 episode reward: 12.5500,                 loss: 0.0199
Episode: 4841, avg. length 2273.0
first_0:                 episode reward: -15.1000,                 loss: nan
second_0:                 episode reward: 15.1000,                 loss: 0.0246
Episode: 4861, avg. length 1840.75
first_0:                 episode reward: -19.4500,                 loss: nan
second_0:                 episode reward: 19.4500,                 loss: 0.0258
Episode: 4881, avg. length 3215.25
first_0:                 episode reward: 4.7000,                 loss: nan
second_0:                 episode reward: -4.7000,                 loss: 0.0243
Episode: 4901, avg. length 3246.5
first_0:                 episode reward: -3.4000,                 loss: nan
second_0:                 episode reward: 3.4000,                 loss: 0.0294
Episode: 4921, avg. length 2445.8
first_0:                 episode reward: -10.2500,                 loss: nan
second_0:                 episode reward: 10.2500,                 loss: 0.0273
Episode: 4941, avg. length 2264.9
first_0:                 episode reward: -16.2500,                 loss: nan
second_0:                 episode reward: 16.2500,                 loss: 0.0238
Episode: 4961, avg. length 2133.7
first_0:                 episode reward: -15.8000,                 loss: nan
second_0:                 episode reward: 15.8000,                 loss: 0.0251
Episode: 4981, avg. length 1887.15
first_0:                 episode reward: -19.8000,                 loss: nan
second_0:                 episode reward: 19.8000,                 loss: 0.0232
Episode: 5001, avg. length 1893.7
first_0:                 episode reward: -19.6000,                 loss: nan
second_0:                 episode reward: 19.6000,                 loss: 0.0217
Episode: 5021, avg. length 2614.85
first_0:                 episode reward: -6.9500,                 loss: nan
second_0:                 episode reward: 6.9500,                 loss: 0.0214
Episode: 5041, avg. length 1791.9
first_0:                 episode reward: -20.6500,                 loss: nan
second_0:                 episode reward: 20.6500,                 loss: 0.0210
Episode: 5061, avg. length 1880.9
first_0:                 episode reward: -20.4500,                 loss: nan
second_0:                 episode reward: 20.4500,                 loss: 0.0224
Episode: 5081, avg. length 1936.15
first_0:                 episode reward: -18.3000,                 loss: nan
second_0:                 episode reward: 18.3000,                 loss: 0.0220
Episode: 5101, avg. length 2211.55
first_0:                 episode reward: -16.2000,                 loss: nan
second_0:                 episode reward: 16.2000,                 loss: 0.0213
Episode: 5121, avg. length 2622.25
first_0:                 episode reward: -12.0000,                 loss: nan
second_0:                 episode reward: 12.0000,                 loss: 0.0216
Episode: 5141, avg. length 1785.75
first_0:                 episode reward: -19.6500,                 loss: nan
second_0:                 episode reward: 19.6500,                 loss: 0.0211
Episode: 5161, avg. length 1885.35
first_0:                 episode reward: -18.7500,                 loss: nan
second_0:                 episode reward: 18.7500,                 loss: 0.0202
Episode: 5181, avg. length 1979.45
first_0:                 episode reward: -19.0000,                 loss: nan
second_0:                 episode reward: 19.0000,                 loss: 0.0202
Episode: 5201, avg. length 2150.85
first_0:                 episode reward: -17.0000,                 loss: nan
second_0:                 episode reward: 17.0000,                 loss: 0.0214
Episode: 5221, avg. length 2187.3
first_0:                 episode reward: -14.0000,                 loss: nan
second_0:                 episode reward: 14.0000,                 loss: 0.0211
Episode: 5241, avg. length 1957.75
first_0:                 episode reward: -19.4000,                 loss: nan
second_0:                 episode reward: 19.4000,                 loss: 0.0201
Episode: 5261, avg. length 2093.6
first_0:                 episode reward: -17.7500,                 loss: nan
second_0:                 episode reward: 17.7500,                 loss: 0.0192
Episode: 5281, avg. length 1867.45
first_0:                 episode reward: -19.9000,                 loss: nan
second_0:                 episode reward: 19.9000,                 loss: 0.0186
Episode: 5301, avg. length 3513.8
first_0:                 episode reward: 4.4500,                 loss: nan
second_0:                 episode reward: -4.4500,                 loss: 0.0207
Episode: 5321, avg. length 3071.4
first_0:                 episode reward: -0.6500,                 loss: nan
second_0:                 episode reward: 0.6500,                 loss: 0.0269
Episode: 5341, avg. length 2212.3
first_0:                 episode reward: -15.7500,                 loss: nan
second_0:                 episode reward: 15.7500,                 loss: 0.0255
Episode: 5361, avg. length 2011.25
first_0:                 episode reward: -16.0500,                 loss: nan
second_0:                 episode reward: 16.0500,                 loss: 0.0226
Episode: 5381, avg. length 2319.05
first_0:                 episode reward: -10.7000,                 loss: nan
second_0:                 episode reward: 10.7000,                 loss: 0.0232
Episode: 5401, avg. length 2269.3
first_0:                 episode reward: -15.1500,                 loss: nan
second_0:                 episode reward: 15.1500,                 loss: 0.0231
Episode: 5421, avg. length 5052.55
first_0:                 episode reward: 53.3500,                 loss: nan
second_0:                 episode reward: -53.3500,                 loss: 0.0266
Episode: 5441, avg. length 2596.7
first_0:                 episode reward: -13.1500,                 loss: nan
second_0:                 episode reward: 13.1500,                 loss: 0.0272
Episode: 5461, avg. length 1967.4
first_0:                 episode reward: -19.0000,                 loss: nan
second_0:                 episode reward: 19.0000,                 loss: 0.0260
Episode: 5481, avg. length 1879.55
first_0:                 episode reward: -20.2000,                 loss: nan
second_0:                 episode reward: 20.2000,                 loss: 0.0234
Episode: 5501, avg. length 2301.6
first_0:                 episode reward: -11.7000,                 loss: nan
second_0:                 episode reward: 11.7000,                 loss: 0.0198
Episode: 5521, avg. length 1967.8
first_0:                 episode reward: -19.0000,                 loss: nan
second_0:                 episode reward: 19.0000,                 loss: 0.0202
Episode: 5541, avg. length 1974.7
first_0:                 episode reward: -18.6500,                 loss: nan
second_0:                 episode reward: 18.6500,                 loss: 0.0240
Episode: 5561, avg. length 2064.0
first_0:                 episode reward: -17.9500,                 loss: nan
second_0:                 episode reward: 17.9500,                 loss: 0.0204
Episode: 5581, avg. length 2147.2
first_0:                 episode reward: -16.7500,                 loss: nan
second_0:                 episode reward: 16.7500,                 loss: 0.0218
Episode: 5601, avg. length 2607.1
first_0:                 episode reward: -10.2500,                 loss: nan
second_0:                 episode reward: 10.2500,                 loss: 0.0223
Episode: 5621, avg. length 1924.9
first_0:                 episode reward: -19.0500,                 loss: nan
second_0:                 episode reward: 19.0500,                 loss: 0.0215
Episode: 5641, avg. length 1803.6
first_0:                 episode reward: -20.0500,                 loss: nan
second_0:                 episode reward: 20.0500,                 loss: 0.0209
Episode: 5661, avg. length 2002.15
first_0:                 episode reward: -19.2000,                 loss: nan
second_0:                 episode reward: 19.2000,                 loss: 0.0195
Episode: 5681, avg. length 1883.75
first_0:                 episode reward: -20.1000,                 loss: nan
second_0:                 episode reward: 20.1000,                 loss: 0.0193
Episode: 5701, avg. length 1869.7
first_0:                 episode reward: -20.0500,                 loss: nan
second_0:                 episode reward: 20.0500,                 loss: 0.0200
Episode: 5721, avg. length 1959.95
first_0:                 episode reward: -19.9000,                 loss: nan
second_0:                 episode reward: 19.9000,                 loss: 0.0190
Episode: 5741, avg. length 2511.8
first_0:                 episode reward: -12.0000,                 loss: nan
second_0:                 episode reward: 12.0000,                 loss: 0.0195
Episode: 5761, avg. length 2527.4
first_0:                 episode reward: -8.9500,                 loss: nan
second_0:                 episode reward: 8.9500,                 loss: 0.0217
Episode: 5781, avg. length 1871.55
first_0:                 episode reward: -20.5000,                 loss: nan
second_0:                 episode reward: 20.5000,                 loss: 0.0214
Episode: 5801, avg. length 1917.65
first_0:                 episode reward: -19.9500,                 loss: nan
second_0:                 episode reward: 19.9500,                 loss: 0.0194
Episode: 5821, avg. length 1877.15
first_0:                 episode reward: -19.5500,                 loss: nan
second_0:                 episode reward: 19.5500,                 loss: 0.0192
Episode: 5841, avg. length 2073.25
first_0:                 episode reward: -15.0500,                 loss: nan
second_0:                 episode reward: 15.0500,                 loss: 0.0205
Episode: 5861, avg. length 2598.25
first_0:                 episode reward: -3.7500,                 loss: nan
second_0:                 episode reward: 3.7500,                 loss: 0.0220
Episode: 5881, avg. length 2123.2
first_0:                 episode reward: -16.9500,                 loss: nan
second_0:                 episode reward: 16.9500,                 loss: 0.0217
Episode: 5901, avg. length 1849.25
first_0:                 episode reward: -20.4500,                 loss: nan
second_0:                 episode reward: 20.4500,                 loss: 0.0218
Episode: 5921, avg. length 1936.15
first_0:                 episode reward: -17.7500,                 loss: nan
second_0:                 episode reward: 17.7500,                 loss: 0.0211
Episode: 5941, avg. length 2407.2
first_0:                 episode reward: -7.3500,                 loss: nan
second_0:                 episode reward: 7.3500,                 loss: 0.0204
Episode: 5961, avg. length 1799.35
first_0:                 episode reward: -20.6000,                 loss: nan
second_0:                 episode reward: 20.6000,                 loss: 0.0206
Episode: 5981, avg. length 2126.2
first_0:                 episode reward: -16.5500,                 loss: nan
second_0:                 episode reward: 16.5500,                 loss: 0.0221
Episode: 6001, avg. length 1903.9
first_0:                 episode reward: -20.8000,                 loss: nan
second_0:                 episode reward: 20.8000,                 loss: 0.0202
Episode: 6021, avg. length 1796.25
first_0:                 episode reward: -20.5000,                 loss: nan
second_0:                 episode reward: 20.5000,                 loss: 0.0200
Episode: 6041, avg. length 2083.15
first_0:                 episode reward: -17.1500,                 loss: nan
second_0:                 episode reward: 17.1500,                 loss: 0.0200
Episode: 6061, avg. length 1903.55
first_0:                 episode reward: -20.9500,                 loss: nan
second_0:                 episode reward: 20.9500,                 loss: 0.0235
Episode: 6081, avg. length 2248.65
first_0:                 episode reward: -11.5000,                 loss: nan
second_0:                 episode reward: 11.5000,                 loss: 0.0235
Episode: 6101, avg. length 2522.55
first_0:                 episode reward: -7.7500,                 loss: nan
second_0:                 episode reward: 7.7500,                 loss: 0.0328
Episode: 6121, avg. length 2041.55
first_0:                 episode reward: -20.6000,                 loss: nan
second_0:                 episode reward: 20.6000,                 loss: 0.0272
Episode: 6141, avg. length 1979.65
first_0:                 episode reward: -20.0500,                 loss: nan
second_0:                 episode reward: 20.0500,                 loss: 0.0362
Episode: 6161, avg. length 2269.0
first_0:                 episode reward: -13.9000,                 loss: nan
second_0:                 episode reward: 13.9000,                 loss: 0.0341
Episode: 6181, avg. length 3379.5
first_0:                 episode reward: 4.1000,                 loss: nan
second_0:                 episode reward: -4.1000,                 loss: 0.0310
Episode: 6201, avg. length 2611.8
first_0:                 episode reward: -4.0500,                 loss: nan
second_0:                 episode reward: 4.0500,                 loss: 0.0277
Episode: 6221, avg. length 2490.05
first_0:                 episode reward: -8.4000,                 loss: nan
second_0:                 episode reward: 8.4000,                 loss: 0.0257
Episode: 6241, avg. length 2277.2
first_0:                 episode reward: -14.5000,                 loss: nan
second_0:                 episode reward: 14.5000,                 loss: 0.0252
Episode: 6261, avg. length 2025.0
first_0:                 episode reward: -17.5000,                 loss: nan
second_0:                 episode reward: 17.5000,                 loss: 0.0248
Episode: 6281, avg. length 3184.6
first_0:                 episode reward: 4.8000,                 loss: nan
second_0:                 episode reward: -4.8000,                 loss: 0.0227
Episode: 6301, avg. length 2654.8
first_0:                 episode reward: -3.8000,                 loss: nan
second_0:                 episode reward: 3.8000,                 loss: 0.0276
Episode: 6321, avg. length 1877.1
first_0:                 episode reward: -17.2000,                 loss: nan
second_0:                 episode reward: 17.2000,                 loss: 0.0260
Episode: 6341, avg. length 1699.5
first_0:                 episode reward: -21.2000,                 loss: nan
second_0:                 episode reward: 21.2000,                 loss: 0.0238
Episode: 6361, avg. length 2065.7
first_0:                 episode reward: -17.0000,                 loss: nan
second_0:                 episode reward: 17.0000,                 loss: 0.0238
Episode: 6381, avg. length 2619.3
first_0:                 episode reward: -6.9000,                 loss: nan
second_0:                 episode reward: 6.9000,                 loss: 0.0247
Episode: 6401, avg. length 2383.3
first_0:                 episode reward: -11.4000,                 loss: nan
second_0:                 episode reward: 11.4000,                 loss: 0.0250
Episode: 6421, avg. length 2192.75
first_0:                 episode reward: -16.2500,                 loss: nan
second_0:                 episode reward: 16.2500,                 loss: 0.0349
Episode: 6441, avg. length 2101.0
first_0:                 episode reward: -16.0000,                 loss: nan
second_0:                 episode reward: 16.0000,                 loss: 0.0334
Episode: 6461, avg. length 2196.0
first_0:                 episode reward: -13.1500,                 loss: nan
second_0:                 episode reward: 13.1500,                 loss: 0.0269
Episode: 6481, avg. length 2982.0
first_0:                 episode reward: -4.2000,                 loss: nan
second_0:                 episode reward: 4.2000,                 loss: 0.0280
Episode: 6501, avg. length 2913.8
first_0:                 episode reward: -8.1500,                 loss: nan
second_0:                 episode reward: 8.1500,                 loss: 0.0297
Episode: 6521, avg. length 3097.4
first_0:                 episode reward: -0.7000,                 loss: nan
second_0:                 episode reward: 0.7000,                 loss: 0.0267
Episode: 6541, avg. length 3648.2
first_0:                 episode reward: 0.2500,                 loss: nan
second_0:                 episode reward: -0.2500,                 loss: 0.0252
Episode: 6561, avg. length 3664.0
first_0:                 episode reward: 13.9000,                 loss: nan
second_0:                 episode reward: -13.9000,                 loss: 0.0266
Episode: 6581, avg. length 2564.9
first_0:                 episode reward: -9.5500,                 loss: nan
second_0:                 episode reward: 9.5500,                 loss: 0.0281
Episode: 6601, avg. length 3540.0
first_0:                 episode reward: 10.4000,                 loss: nan
second_0:                 episode reward: -10.4000,                 loss: 0.0299
Episode: 6621, avg. length 2785.7
first_0:                 episode reward: -3.3500,                 loss: nan
second_0:                 episode reward: 3.3500,                 loss: 0.0295
Episode: 6641, avg. length 2721.05
first_0:                 episode reward: -7.3000,                 loss: nan
second_0:                 episode reward: 7.3000,                 loss: 0.0278
Episode: 6661, avg. length 3506.75
first_0:                 episode reward: 6.0000,                 loss: nan
second_0:                 episode reward: -6.0000,                 loss: 0.0285
Episode: 6681, avg. length 2363.65
first_0:                 episode reward: -8.2500,                 loss: nan
second_0:                 episode reward: 8.2500,                 loss: 0.0265
Episode: 6701, avg. length 2743.1
first_0:                 episode reward: -2.2000,                 loss: nan
second_0:                 episode reward: 2.2000,                 loss: 0.0263
Episode: 6721, avg. length 2372.25
first_0:                 episode reward: -12.5000,                 loss: nan
second_0:                 episode reward: 12.5000,                 loss: 0.0249
Episode: 6741, avg. length 1867.1
first_0:                 episode reward: -20.0000,                 loss: nan
second_0:                 episode reward: 20.0000,                 loss: 0.0238
Episode: 6761, avg. length 2668.85
first_0:                 episode reward: -3.2500,                 loss: nan
second_0:                 episode reward: 3.2500,                 loss: 0.0251
Episode: 6781, avg. length 2340.0
first_0:                 episode reward: -15.3000,                 loss: nan
second_0:                 episode reward: 15.3000,                 loss: 0.0220
Episode: 6801, avg. length 2036.25
first_0:                 episode reward: -15.0000,                 loss: nan
second_0:                 episode reward: 15.0000,                 loss: 0.0236
Episode: 6821, avg. length 1909.5
first_0:                 episode reward: -17.7000,                 loss: nan
second_0:                 episode reward: 17.7000,                 loss: 0.0208
Episode: 6841, avg. length 1861.5
first_0:                 episode reward: -19.6500,                 loss: nan
second_0:                 episode reward: 19.6500,                 loss: 0.0208
Episode: 6861, avg. length 1852.7
first_0:                 episode reward: -19.7500,                 loss: nan
second_0:                 episode reward: 19.7500,                 loss: 0.0234
Episode: 6881, avg. length 2229.0
first_0:                 episode reward: -13.8000,                 loss: nan
second_0:                 episode reward: 13.8000,                 loss: 0.0221
Episode: 6901, avg. length 1676.1
first_0:                 episode reward: -21.8500,                 loss: nan
second_0:                 episode reward: 21.8500,                 loss: 0.0209
Episode: 6921, avg. length 1766.15
first_0:                 episode reward: -20.1000,                 loss: nan
second_0:                 episode reward: 20.1000,                 loss: 0.0214
Episode: 6941, avg. length 1923.45
first_0:                 episode reward: -19.9000,                 loss: nan
second_0:                 episode reward: 19.9000,                 loss: 0.0216
Episode: 6961, avg. length 2542.85
first_0:                 episode reward: -4.7000,                 loss: nan
second_0:                 episode reward: 4.7000,                 loss: 0.0214
Episode: 6981, avg. length 1798.7
first_0:                 episode reward: -19.4000,                 loss: nan
second_0:                 episode reward: 19.4000,                 loss: 0.0213
Episode: 7001, avg. length 2989.15
first_0:                 episode reward: 2.8500,                 loss: nan
second_0:                 episode reward: -2.8500,                 loss: 0.0218
Episode: 7021, avg. length 2260.4
first_0:                 episode reward: -17.6500,                 loss: nan
second_0:                 episode reward: 17.6500,                 loss: 0.0238
Episode: 7041, avg. length 2264.7
first_0:                 episode reward: -13.7000,                 loss: nan
second_0:                 episode reward: 13.7000,                 loss: 0.0233
Episode: 7061, avg. length 2452.5
first_0:                 episode reward: -10.4000,                 loss: nan
second_0:                 episode reward: 10.4000,                 loss: 0.0212
Episode: 7081, avg. length 1728.55
first_0:                 episode reward: -21.6500,                 loss: nan
second_0:                 episode reward: 21.6500,                 loss: 0.0213
Episode: 7101, avg. length 3072.85
first_0:                 episode reward: 0.6500,                 loss: nan
second_0:                 episode reward: -0.6500,                 loss: 0.0238
Episode: 7121, avg. length 1971.65
first_0:                 episode reward: -18.5000,                 loss: nan
second_0:                 episode reward: 18.5000,                 loss: 0.0223
Episode: 7141, avg. length 1904.05
first_0:                 episode reward: -20.2000,                 loss: nan
second_0:                 episode reward: 20.2000,                 loss: 0.0213
Episode: 7161, avg. length 2069.55
first_0:                 episode reward: -18.5500,                 loss: nan
second_0:                 episode reward: 18.5500,                 loss: 0.0185
Episode: 7181, avg. length 2181.7
first_0:                 episode reward: -17.1500,                 loss: nan
second_0:                 episode reward: 17.1500,                 loss: 0.0192
Episode: 7201, avg. length 2540.3
first_0:                 episode reward: -5.9000,                 loss: nan
second_0:                 episode reward: 5.9000,                 loss: 0.0202
Episode: 7221, avg. length 2016.5
first_0:                 episode reward: -17.1000,                 loss: nan
second_0:                 episode reward: 17.1000,                 loss: 0.0214
Episode: 7241, avg. length 1995.45
first_0:                 episode reward: -17.8000,                 loss: nan
second_0:                 episode reward: 17.8000,                 loss: 0.0209
Episode: 7261, avg. length 2283.45
first_0:                 episode reward: -9.2500,                 loss: nan
second_0:                 episode reward: 9.2500,                 loss: 0.0189
Episode: 7281, avg. length 1912.65
first_0:                 episode reward: -19.5000,                 loss: nan
second_0:                 episode reward: 19.5000,                 loss: 0.0199
Episode: 7301, avg. length 2048.5
first_0:                 episode reward: -16.2000,                 loss: nan
second_0:                 episode reward: 16.2000,                 loss: 0.0205
Episode: 7321, avg. length 2032.05
first_0:                 episode reward: -18.3000,                 loss: nan
second_0:                 episode reward: 18.3000,                 loss: 0.0215
Episode: 7341, avg. length 1979.1
first_0:                 episode reward: -18.6500,                 loss: nan
second_0:                 episode reward: 18.6500,                 loss: 0.0236
Episode: 7361, avg. length 1759.5
first_0:                 episode reward: -21.0500,                 loss: nan
second_0:                 episode reward: 21.0500,                 loss: 0.0196
Episode: 7381, avg. length 2109.75
first_0:                 episode reward: -15.6000,                 loss: nan
second_0:                 episode reward: 15.6000,                 loss: 0.0216
Episode: 7401, avg. length 2506.15
first_0:                 episode reward: -7.8000,                 loss: nan
second_0:                 episode reward: 7.8000,                 loss: 0.0226
Episode: 7421, avg. length 1957.85
first_0:                 episode reward: -19.9500,                 loss: nan
second_0:                 episode reward: 19.9500,                 loss: 0.0245
Episode: 7441, avg. length 1902.55
first_0:                 episode reward: -18.8500,                 loss: nan
second_0:                 episode reward: 18.8500,                 loss: 0.0266
Episode: 7461, avg. length 2472.3
first_0:                 episode reward: -13.8000,                 loss: nan
second_0:                 episode reward: 13.8000,                 loss: 0.0250
Episode: 7481, avg. length 1832.4
first_0:                 episode reward: -19.3000,                 loss: nan
second_0:                 episode reward: 19.3000,                 loss: 0.0215
Episode: 7501, avg. length 1715.3
first_0:                 episode reward: -21.1500,                 loss: nan
second_0:                 episode reward: 21.1500,                 loss: 0.0200
Episode: 7521, avg. length 2159.95
first_0:                 episode reward: -19.2500,                 loss: nan
second_0:                 episode reward: 19.2500,                 loss: 0.0189
Episode: 7541, avg. length 2803.5
first_0:                 episode reward: -2.7000,                 loss: nan
second_0:                 episode reward: 2.7000,                 loss: 0.0213
Episode: 7561, avg. length 2594.9
first_0:                 episode reward: -8.3000,                 loss: nan
second_0:                 episode reward: 8.3000,                 loss: 0.0252
Episode: 7581, avg. length 2732.2
first_0:                 episode reward: -9.7000,                 loss: nan
second_0:                 episode reward: 9.7000,                 loss: 0.0262
Episode: 7601, avg. length 1767.9
first_0:                 episode reward: -21.3500,                 loss: nan
second_0:                 episode reward: 21.3500,                 loss: 0.0275
Episode: 7621, avg. length 6266.7
first_0:                 episode reward: 78.1000,                 loss: nan
second_0:                 episode reward: -78.1000,                 loss: 0.0326
Episode: 7641, avg. length 4551.5
first_0:                 episode reward: 14.5000,                 loss: nan
second_0:                 episode reward: -14.5000,                 loss: 0.0289
Episode: 7661, avg. length 2852.4
first_0:                 episode reward: -1.6000,                 loss: nan
second_0:                 episode reward: 1.6000,                 loss: 0.0281
Episode: 7681, avg. length 2961.35
first_0:                 episode reward: 0.4500,                 loss: nan
second_0:                 episode reward: -0.4500,                 loss: 0.0276
Episode: 7701, avg. length 2613.5
first_0:                 episode reward: -6.9500,                 loss: nan
second_0:                 episode reward: 6.9500,                 loss: 0.0303
Episode: 7721, avg. length 2329.65
first_0:                 episode reward: -9.9000,                 loss: nan
second_0:                 episode reward: 9.9000,                 loss: 0.0343
Episode: 7741, avg. length 2544.45
first_0:                 episode reward: -5.5500,                 loss: nan
second_0:                 episode reward: 5.5500,                 loss: 0.0314
Episode: 7761, avg. length 2028.95
first_0:                 episode reward: -17.1000,                 loss: nan
second_0:                 episode reward: 17.1000,                 loss: 0.0288
Episode: 7781, avg. length 1787.25
first_0:                 episode reward: -20.6000,                 loss: nan
second_0:                 episode reward: 20.6000,                 loss: 0.0265
Episode: 7801, avg. length 2586.7
first_0:                 episode reward: -8.7000,                 loss: nan
second_0:                 episode reward: 8.7000,                 loss: 0.0228
Episode: 7821, avg. length 2489.15
first_0:                 episode reward: -6.0500,                 loss: nan
second_0:                 episode reward: 6.0500,                 loss: 0.0233
Episode: 7841, avg. length 1751.9
first_0:                 episode reward: -20.1500,                 loss: nan
second_0:                 episode reward: 20.1500,                 loss: 0.0241
Episode: 7861, avg. length 1680.45
first_0:                 episode reward: -21.5000,                 loss: nan
second_0:                 episode reward: 21.5000,                 loss: 0.0229
Episode: 7881, avg. length 2676.8
first_0:                 episode reward: -2.2500,                 loss: nan
second_0:                 episode reward: 2.2500,                 loss: 0.0215
Episode: 7901, avg. length 2429.0
first_0:                 episode reward: -8.8000,                 loss: nan
second_0:                 episode reward: 8.8000,                 loss: 0.0233
Episode: 7921, avg. length 4068.3
first_0:                 episode reward: 24.9000,                 loss: nan
second_0:                 episode reward: -24.9000,                 loss: 0.0242
Episode: 7941, avg. length 1796.35
first_0:                 episode reward: -20.3000,                 loss: nan
second_0:                 episode reward: 20.3000,                 loss: 0.0240
Episode: 7961, avg. length 2039.75
first_0:                 episode reward: -18.3500,                 loss: nan
second_0:                 episode reward: 18.3500,                 loss: 0.0266
Episode: 7981, avg. length 2274.0
first_0:                 episode reward: -14.3000,                 loss: nan
second_0:                 episode reward: 14.3000,                 loss: 0.0232
Episode: 8001, avg. length 2622.5
first_0:                 episode reward: -5.7500,                 loss: nan
second_0:                 episode reward: 5.7500,                 loss: 0.0221
Episode: 8021, avg. length 1882.45
first_0:                 episode reward: -20.1000,                 loss: nan
second_0:                 episode reward: 20.1000,                 loss: 0.0213
Episode: 8041, avg. length 1790.35
first_0:                 episode reward: -20.3500,                 loss: nan
second_0:                 episode reward: 20.3500,                 loss: 0.0208
Episode: 8061, avg. length 1821.45
first_0:                 episode reward: -19.9000,                 loss: nan
second_0:                 episode reward: 19.9000,                 loss: 0.0185
Episode: 8081, avg. length 3216.55
first_0:                 episode reward: 4.6500,                 loss: nan
second_0:                 episode reward: -4.6500,                 loss: 0.0213
Episode: 8101, avg. length 1813.95
first_0:                 episode reward: -20.9500,                 loss: nan
second_0:                 episode reward: 20.9500,                 loss: 0.0224
Episode: 8121, avg. length 2909.65
first_0:                 episode reward: -0.9000,                 loss: nan
second_0:                 episode reward: 0.9000,                 loss: 0.0219
Episode: 8141, avg. length 1847.35
first_0:                 episode reward: -20.0500,                 loss: nan
second_0:                 episode reward: 20.0500,                 loss: 0.0211
Episode: 8161, avg. length 1746.65
first_0:                 episode reward: -21.6500,                 loss: nan
second_0:                 episode reward: 21.6500,                 loss: 0.0208
Episode: 8181, avg. length 1924.4
first_0:                 episode reward: -19.4000,                 loss: nan
second_0:                 episode reward: 19.4000,                 loss: 0.0195
Episode: 8201, avg. length 2017.05
first_0:                 episode reward: -18.9500,                 loss: nan
second_0:                 episode reward: 18.9500,                 loss: 0.0187
Episode: 8221, avg. length 2816.4
first_0:                 episode reward: -2.3000,                 loss: nan
second_0:                 episode reward: 2.3000,                 loss: 0.0215
Episode: 8241, avg. length 2056.3
first_0:                 episode reward: -18.8000,                 loss: nan
second_0:                 episode reward: 18.8000,                 loss: 0.0239
Episode: 8261, avg. length 1796.65
first_0:                 episode reward: -20.2500,                 loss: nan
second_0:                 episode reward: 20.2500,                 loss: 0.0259
Episode: 8281, avg. length 2842.9
first_0:                 episode reward: -0.3500,                 loss: nan
second_0:                 episode reward: 0.3500,                 loss: 0.0239
Episode: 8301, avg. length 2615.95
first_0:                 episode reward: -5.6000,                 loss: nan
second_0:                 episode reward: 5.6000,                 loss: 0.0254
Episode: 8321, avg. length 2085.75
first_0:                 episode reward: -15.3000,                 loss: nan
second_0:                 episode reward: 15.3000,                 loss: 0.0271
Episode: 8341, avg. length 1964.6
first_0:                 episode reward: -17.6500,                 loss: nan
second_0:                 episode reward: 17.6500,                 loss: 0.0286
Episode: 8361, avg. length 4215.4
first_0:                 episode reward: 29.8000,                 loss: nan
second_0:                 episode reward: -29.8000,                 loss: 0.0321
Episode: 8381, avg. length 2271.25
first_0:                 episode reward: -14.0000,                 loss: nan
second_0:                 episode reward: 14.0000,                 loss: 0.0294
Episode: 8401, avg. length 2157.7
first_0:                 episode reward: -14.0000,                 loss: nan
second_0:                 episode reward: 14.0000,                 loss: 0.0270
Episode: 8421, avg. length 3954.75
first_0:                 episode reward: 27.9500,                 loss: nan
second_0:                 episode reward: -27.9500,                 loss: 0.0250
Episode: 8441, avg. length 2909.2
first_0:                 episode reward: -0.4500,                 loss: nan
second_0:                 episode reward: 0.4500,                 loss: 0.0282
Episode: 8461, avg. length 1887.35
first_0:                 episode reward: -18.5500,                 loss: nan
second_0:                 episode reward: 18.5500,                 loss: 0.0276
Episode: 8481, avg. length 2354.65
first_0:                 episode reward: -11.8500,                 loss: nan
second_0:                 episode reward: 11.8500,                 loss: 0.0265
Episode: 8501, avg. length 1760.2
first_0:                 episode reward: -20.6500,                 loss: nan
second_0:                 episode reward: 20.6500,                 loss: 0.0246
Episode: 8521, avg. length 2471.65
first_0:                 episode reward: -4.5000,                 loss: nan
second_0:                 episode reward: 4.5000,                 loss: 0.0252
Episode: 8541, avg. length 1808.1
first_0:                 episode reward: -20.7500,                 loss: nan
second_0:                 episode reward: 20.7500,                 loss: 0.0257
Episode: 8561, avg. length 1785.1
first_0:                 episode reward: -20.4500,                 loss: nan
second_0:                 episode reward: 20.4500,                 loss: 0.0253
Episode: 8581, avg. length 1872.15
first_0:                 episode reward: -19.3000,                 loss: nan
second_0:                 episode reward: 19.3000,                 loss: 0.0235
Episode: 8601, avg. length 1844.3
first_0:                 episode reward: -20.1500,                 loss: nan
second_0:                 episode reward: 20.1500,                 loss: 0.0229
Episode: 8621, avg. length 1814.5
first_0:                 episode reward: -19.5500,                 loss: nan
second_0:                 episode reward: 19.5500,                 loss: 0.0246
Episode: 8641, avg. length 2442.25
first_0:                 episode reward: -8.9000,                 loss: nan
second_0:                 episode reward: 8.9000,                 loss: 0.0238
Episode: 8661, avg. length 1812.5
first_0:                 episode reward: -19.4000,                 loss: nan
second_0:                 episode reward: 19.4000,                 loss: 0.0236
Episode: 8681, avg. length 3336.55
first_0:                 episode reward: 3.6000,                 loss: nan
second_0:                 episode reward: -3.6000,                 loss: 0.0258
Episode: 8701, avg. length 2175.2
first_0:                 episode reward: -15.4500,                 loss: nan
second_0:                 episode reward: 15.4500,                 loss: 0.0259
Episode: 8721, avg. length 3075.9
first_0:                 episode reward: 4.7500,                 loss: nan
second_0:                 episode reward: -4.7500,                 loss: 0.0236
Episode: 8741, avg. length 3065.4
first_0:                 episode reward: 3.5000,                 loss: nan
second_0:                 episode reward: -3.5000,                 loss: 0.0288
Episode: 8761, avg. length 1911.0
first_0:                 episode reward: -19.7000,                 loss: nan
second_0:                 episode reward: 19.7000,                 loss: 0.0275
Episode: 8781, avg. length 1822.35
first_0:                 episode reward: -19.9000,                 loss: nan
second_0:                 episode reward: 19.9000,                 loss: 0.0221
Episode: 8801, avg. length 3142.0
first_0:                 episode reward: 12.2000,                 loss: nan
second_0:                 episode reward: -12.2000,                 loss: 0.0242
Episode: 8821, avg. length 1752.1
first_0:                 episode reward: -21.2000,                 loss: nan
second_0:                 episode reward: 21.2000,                 loss: 0.0261
Episode: 8841, avg. length 2943.05
first_0:                 episode reward: 4.3000,                 loss: nan
second_0:                 episode reward: -4.3000,                 loss: 0.0250
Episode: 8861, avg. length 1775.85
first_0:                 episode reward: -21.1500,                 loss: nan
second_0:                 episode reward: 21.1500,                 loss: 0.0230
Episode: 8881, avg. length 1760.1
first_0:                 episode reward: -21.1500,                 loss: nan
second_0:                 episode reward: 21.1500,                 loss: 0.0226
Episode: 8901, avg. length 2407.95
first_0:                 episode reward: -7.1000,                 loss: nan
second_0:                 episode reward: 7.1000,                 loss: 0.0212
Episode: 8921, avg. length 1897.95
first_0:                 episode reward: -20.2000,                 loss: nan
second_0:                 episode reward: 20.2000,                 loss: 0.0220
Episode: 8941, avg. length 1969.2
first_0:                 episode reward: -17.6000,                 loss: nan
second_0:                 episode reward: 17.6000,                 loss: 0.0251
Episode: 8961, avg. length 1915.75
first_0:                 episode reward: -17.5000,                 loss: nan
second_0:                 episode reward: 17.5000,                 loss: 0.0260
Episode: 8981, avg. length 2467.8
first_0:                 episode reward: -6.8500,                 loss: nan
second_0:                 episode reward: 6.8500,                 loss: 0.0233
Episode: 9001, avg. length 1932.25
first_0:                 episode reward: -19.6500,                 loss: nan
second_0:                 episode reward: 19.6500,                 loss: 0.0222
Episode: 9021, avg. length 2328.75
first_0:                 episode reward: -11.3500,                 loss: nan
second_0:                 episode reward: 11.3500,                 loss: 0.0227
Episode: 9041, avg. length 1758.0
first_0:                 episode reward: -21.0000,                 loss: nan
second_0:                 episode reward: 21.0000,                 loss: 0.0222
Episode: 9061, avg. length 1954.3
first_0:                 episode reward: -16.5500,                 loss: nan
second_0:                 episode reward: 16.5500,                 loss: 0.0220
Episode: 9081, avg. length 2633.55
first_0:                 episode reward: -1.8500,                 loss: nan
second_0:                 episode reward: 1.8500,                 loss: 0.0253
Episode: 9101, avg. length 2626.65
first_0:                 episode reward: -2.5000,                 loss: nan
second_0:                 episode reward: 2.5000,                 loss: 0.0291
Episode: 9121, avg. length 2051.25
first_0:                 episode reward: -16.7500,                 loss: nan
second_0:                 episode reward: 16.7500,                 loss: 0.0246
Episode: 9141, avg. length 1811.0
first_0:                 episode reward: -21.1500,                 loss: nan
second_0:                 episode reward: 21.1500,                 loss: 0.0240
Episode: 9161, avg. length 2712.6
first_0:                 episode reward: -4.3000,                 loss: nan
second_0:                 episode reward: 4.3000,                 loss: 0.0253
Episode: 9181, avg. length 3310.2
first_0:                 episode reward: 13.1500,                 loss: nan
second_0:                 episode reward: -13.1500,                 loss: 0.0262
Episode: 9201, avg. length 5376.4
first_0:                 episode reward: 56.0500,                 loss: nan
second_0:                 episode reward: -56.0500,                 loss: 0.0374
Episode: 9221, avg. length 4831.8
first_0:                 episode reward: 35.8000,                 loss: nan
second_0:                 episode reward: -35.8000,                 loss: 0.0381
Episode: 9241, avg. length 2926.95
first_0:                 episode reward: 0.9500,                 loss: nan
second_0:                 episode reward: -0.9500,                 loss: 0.0296
Episode: 9261, avg. length 2203.55
first_0:                 episode reward: -12.4000,                 loss: nan
second_0:                 episode reward: 12.4000,                 loss: 0.0259
Episode: 9281, avg. length 6038.5/home/zihan/anaconda3/envs/x/lib/python3.7/site-packages/numpy/core/fromnumeric.py:3441: RuntimeWarning: Mean of empty slice.
  out=out, **kwargs)
/home/zihan/anaconda3/envs/x/lib/python3.7/site-packages/numpy/core/_methods.py:189: RuntimeWarning: invalid value encountered in double_scalars
  ret = ret.dtype.type(ret / rcount)

first_0:                 episode reward: 76.6000,                 loss: nan
second_0:                 episode reward: -76.6000,                 loss: 0.0303
Episode: 9301, avg. length 2464.5
first_0:                 episode reward: -9.2000,                 loss: nan
second_0:                 episode reward: 9.2000,                 loss: 0.0327
Episode: 9321, avg. length 1958.85
first_0:                 episode reward: -18.2500,                 loss: nan
second_0:                 episode reward: 18.2500,                 loss: 0.0298
Episode: 9341, avg. length 2680.8
first_0:                 episode reward: -2.4000,                 loss: nan
second_0:                 episode reward: 2.4000,                 loss: 0.0269
Episode: 9361, avg. length 5230.3
first_0:                 episode reward: 54.7000,                 loss: nan
second_0:                 episode reward: -54.7000,                 loss: 0.0297
Episode: 9381, avg. length 2088.6
first_0:                 episode reward: -16.8500,                 loss: nan
second_0:                 episode reward: 16.8500,                 loss: 0.0266
Episode: 9401, avg. length 2150.7
first_0:                 episode reward: -16.7000,                 loss: nan
second_0:                 episode reward: 16.7000,                 loss: 0.0251
Episode: 9421, avg. length 2142.0
first_0:                 episode reward: -14.8500,                 loss: nan
second_0:                 episode reward: 14.8500,                 loss: 0.0252
Episode: 9441, avg. length 2798.0
first_0:                 episode reward: -0.6000,                 loss: nan
second_0:                 episode reward: 0.6000,                 loss: 0.0245
Episode: 9461, avg. length 1680.65
first_0:                 episode reward: -21.1500,                 loss: nan
second_0:                 episode reward: 21.1500,                 loss: 0.0236
Episode: 9481, avg. length 1708.5
first_0:                 episode reward: -20.9500,                 loss: nan
second_0:                 episode reward: 20.9500,                 loss: 0.0225
Episode: 9501, avg. length 2842.1
first_0:                 episode reward: -3.0500,                 loss: nan
second_0:                 episode reward: 3.0500,                 loss: 0.0229
Episode: 9521, avg. length 1803.05
first_0:                 episode reward: -19.8500,                 loss: nan
second_0:                 episode reward: 19.8500,                 loss: 0.0246
Episode: 9541, avg. length 1670.35
first_0:                 episode reward: -20.9500,                 loss: nan
second_0:                 episode reward: 20.9500,                 loss: 0.0236
Episode: 9561, avg. length 1784.3
first_0:                 episode reward: -19.8500,                 loss: nan
second_0:                 episode reward: 19.8500,                 loss: 0.0208
Episode: 9581, avg. length 2322.85
first_0:                 episode reward: -8.2500,                 loss: nan
second_0:                 episode reward: 8.2500,                 loss: 0.0202
Episode: 9601, avg. length 1723.2
first_0:                 episode reward: -21.3000,                 loss: nan
second_0:                 episode reward: 21.3000,                 loss: 0.0214
Episode: 9621, avg. length 1919.35
first_0:                 episode reward: -17.4000,                 loss: nan
second_0:                 episode reward: 17.4000,                 loss: 0.0215
Episode: 9641, avg. length 1789.5
first_0:                 episode reward: -19.6000,                 loss: nan
second_0:                 episode reward: 19.6000,                 loss: 0.0207
Episode: 9661, avg. length 2089.35
first_0:                 episode reward: -14.2000,                 loss: nan
second_0:                 episode reward: 14.2000,                 loss: 0.0205
Episode: 9681, avg. length 1825.85
first_0:                 episode reward: -20.4000,                 loss: nan
second_0:                 episode reward: 20.4000,                 loss: 0.0218
Episode: 9701, avg. length 2282.85
first_0:                 episode reward: -12.2000,                 loss: nan
second_0:                 episode reward: 12.2000,                 loss: 0.0225
Episode: 9721, avg. length 1759.2
first_0:                 episode reward: -20.7000,                 loss: nan
second_0:                 episode reward: 20.7000,                 loss: 0.0234
Episode: 9741, avg. length 1906.4
first_0:                 episode reward: -18.3500,                 loss: nan
second_0:                 episode reward: 18.3500,                 loss: 0.0231
Episode: 9761, avg. length 2317.55
first_0:                 episode reward: -13.9000,                 loss: nan
second_0:                 episode reward: 13.9000,                 loss: 0.0218
Episode: 9781, avg. length 2000.1
first_0:                 episode reward: -18.5500,                 loss: nan
second_0:                 episode reward: 18.5500,                 loss: 0.0235
Episode: 9801, avg. length 1876.45
first_0:                 episode reward: -17.7000,                 loss: nan
second_0:                 episode reward: 17.7000,                 loss: 0.0236
Episode: 9821, avg. length 2573.15
first_0:                 episode reward: -6.0500,                 loss: nan
second_0:                 episode reward: 6.0500,                 loss: 0.0219
Episode: 9841, avg. length 1808.6
first_0:                 episode reward: -20.5500,                 loss: nan
second_0:                 episode reward: 20.5500,                 loss: 0.0216
Episode: 9861, avg. length 3030.55
first_0:                 episode reward: 4.1000,                 loss: nan
second_0:                 episode reward: -4.1000,                 loss: 0.0216
Episode: 9881, avg. length 3010.1
first_0:                 episode reward: 3.2000,                 loss: nan
second_0:                 episode reward: -3.2000,                 loss: 0.0269
Episode: 9901, avg. length 4128.5
first_0:                 episode reward: 27.3000,                 loss: nan
second_0:                 episode reward: -27.3000,                 loss: 0.0279
Episode: 9921, avg. length 1763.2
first_0:                 episode reward: -19.7500,                 loss: nan
second_0:                 episode reward: 19.7500,                 loss: 0.0266
Episode: 9941, avg. length 3863.75
first_0:                 episode reward: 26.2000,                 loss: nan
second_0:                 episode reward: -26.2000,                 loss: 0.0270
Episode: 9961, avg. length 7242.65
first_0:                 episode reward: 96.4500,                 loss: nan
second_0:                 episode reward: -96.4500,                 loss: 0.0333
Episode: 9981, avg. length 4405.7
first_0:                 episode reward: 39.5000,                 loss: nan
second_0:                 episode reward: -39.5000,                 loss: 0.0332
