pygame 2.0.1 (SDL 2.0.14, Python 3.7.0)
Hello from the pygame community. https://www.pygame.org/contribute.html
/home/zihan/anaconda3/envs/x/lib/python3.7/site-packages/ecos/ecos.py:26: UserWarning: Converting G to a CSC matrix; may take a while.
  warn("Converting G to a CSC matrix; may take a while.")
/home/zihan/anaconda3/envs/x/lib/python3.7/site-packages/ecos/ecos.py:29: UserWarning: Converting A to a CSC matrix; may take a while.
  warn("Converting A to a CSC matrix; may take a while.")
boxing_v1 pettingzoo
Load boxing_v1 environment in type pettingzoo.
Env observation space: Box(0.0, 1.0, (128,), float32) action space: Discrete(18)
random seed: 23
<mars.env.wrappers.mars_wrappers.Dict2TupleWrapper object at 0x7fd45aecb908>
DQNBase(
  (net): MLP(
    (body): Sequential(
      (0): Linear(in_features=128, out_features=128, bias=True)
      (1): ReLU()
      (2): Linear(in_features=128, out_features=128, bias=True)
      (3): ReLU()
      (4): Linear(in_features=128, out_features=128, bias=True)
      (5): ReLU()
      (6): Linear(in_features=128, out_features=128, bias=True)
      (7): ReLU()
      (8): Linear(in_features=128, out_features=18, bias=True)
    )
  )
)
DQNBase(
  (net): MLP(
    (body): Sequential(
      (0): Linear(in_features=128, out_features=128, bias=True)
      (1): ReLU()
      (2): Linear(in_features=128, out_features=128, bias=True)
      (3): ReLU()
      (4): Linear(in_features=128, out_features=128, bias=True)
      (5): ReLU()
      (6): Linear(in_features=128, out_features=128, bias=True)
      (7): ReLU()
      (8): Linear(in_features=128, out_features=18, bias=True)
    )
  )
)
No agent are not learnable.
{'env_name': 'boxing_v1', 'env_type': 'pettingzoo', 'num_envs': 1, 'ram': True, 'seed': 'random', 'algorithm': 'DQN', 'algorithm_spec': {'episodic_update': False, 'dueling': False, 'replay_buffer_size': '1e5', 'gamma': 0.99, 'multi_step': 1, 'target_update_interval': 1000, 'eps_start': 1.0, 'eps_final': 0.001, 'eps_decay': 100000}, 'num_process': 5, 'batch_size': 128, 'max_episodes': 50000, 'max_steps_per_episode': 300, 'train_start_frame': 10000, 'optimizer': 'adam', 'learning_rate': '1e-4', 'device': 'gpu', 'update_itr': 1, 'log_avg_window': 20, 'log_interval': 20, 'render': False, 'test': False, 'exploit': False, 'load_model_idx': False, 'load_model_full_path': False, 'multiprocess': True, 'eval_models': False, 'save_path': '', 'save_interval': 2000, 'net_architecture': {'hidden_dim_list': [128, 128, 128, 128], 'hidden_activation': 'ReLU', 'output_activation': False}, 'marl_method': 'nfsp', 'marl_spec': {'min_update_interval': 20, 'score_avg_window': 10, 'global_state': False, 'eta': 0.1}, 'add_components': {'replay_buffer': <AutoProxy[replay_buffer] object, typeid 'replay_buffer' at 0x7fd45aecfe10>, 'reservoir_buffer': <AutoProxy[reservoir_buffer] object, typeid 'reservoir_buffer' at 0x7fd45aecbf28>}}
pygame 2.0.1 (SDL 2.0.14, Python 3.7.0)
Hello from the pygame community. https://www.pygame.org/contribute.html
boxing_v1 pettingzoo
Load boxing_v1 environment in type pettingzoo.
Env observation space: Box(0.0, 1.0, (128,), float32) action space: Discrete(18)
random seed: 23
Arguments:  {'env_name': 'boxing_v1', 'env_type': 'pettingzoo', 'num_envs': 1, 'ram': True, 'seed': 'random', 'algorithm': 'DQN', 'algorithm_spec': {'episodic_update': False, 'dueling': False, 'replay_buffer_size': '1e5', 'gamma': 0.99, 'multi_step': 1, 'target_update_interval': 1000, 'eps_start': 1.0, 'eps_final': 0.001, 'eps_decay': 100000}, 'num_process': 5, 'batch_size': 128, 'max_episodes': 50000, 'max_steps_per_episode': 300, 'train_start_frame': 10000, 'optimizer': 'adam', 'learning_rate': '1e-4', 'device': 'gpu', 'update_itr': 1, 'log_avg_window': 20, 'log_interval': 20, 'render': False, 'test': False, 'exploit': False, 'load_model_idx': False, 'load_model_full_path': False, 'multiprocess': True, 'eval_models': False, 'save_path': '', 'save_interval': 2000, 'net_architecture': {'hidden_dim_list': [128, 128, 128, 128], 'hidden_activation': 'ReLU', 'output_activation': False}, 'marl_method': 'nfsp', 'marl_spec': {'min_update_interval': 20, 'score_avg_window': 10, 'global_state': False, 'eta': 0.1}, 'add_components': {'replay_buffer': <AutoProxy[replay_buffer] object, typeid 'replay_buffer' at 0x7f881e631f60>, 'reservoir_buffer': <AutoProxy[reservoir_buffer] object, typeid 'reservoir_buffer' at 0x7f881e5a0470>}}
Save models to : /home/zihan/research/MARS/data/model/20220418_0309/pettingzoo_boxing_v1_nfsp. 
 Save logs to: /home/zihan/research/MARS/data/log/20220418_0309/pettingzoo_boxing_v1_nfsp.
/home/zihan/anaconda3/envs/x/lib/python3.7/site-packages/ecos/ecos.py:26: UserWarning: Converting G to a CSC matrix; may take a while.
  warn("Converting G to a CSC matrix; may take a while.")
/home/zihan/anaconda3/envs/x/lib/python3.7/site-packages/ecos/ecos.py:29: UserWarning: Converting A to a CSC matrix; may take a while.
  warn("Converting A to a CSC matrix; may take a while.")
Process Process-4:
Traceback (most recent call last):
  File "/home/zihan/anaconda3/envs/x/lib/python3.7/multiprocessing/process.py", line 297, in _bootstrap
    self.run()
  File "/home/zihan/anaconda3/envs/x/lib/python3.7/multiprocessing/process.py", line 99, in run
    self._target(*self._args, **self._kwargs)
  File "/home/zihan/research/MARS/updateModel.py", line 20, in updateModel
    update_normal(env, model, info_queue, save_id, args)
  File "/home/zihan/research/MARS/updateModel.py", line 43, in update_normal
    loss = model.update()
  File "/home/zihan/research/MARS/mars/rl/agents/multiagent.py", line 272, in update
    loss = agent.update()
  File "/home/zihan/research/MARS/mars/rl/agents/dqn.py", line 123, in update
    q_values = self.model(state)
  File "/home/zihan/anaconda3/envs/x/lib/python3.7/site-packages/torch/nn/modules/module.py", line 1110, in _call_impl
    return forward_call(*input, **kwargs)
  File "/home/zihan/research/MARS/mars/rl/agents/dqn.py", line 186, in forward
    return self.net(x)
  File "/home/zihan/anaconda3/envs/x/lib/python3.7/site-packages/torch/nn/modules/module.py", line 1110, in _call_impl
    return forward_call(*input, **kwargs)
  File "/home/zihan/research/MARS/mars/rl/common/networks.py", line 69, in forward
    x = self.body(x)
  File "/home/zihan/anaconda3/envs/x/lib/python3.7/site-packages/torch/nn/modules/module.py", line 1110, in _call_impl
    return forward_call(*input, **kwargs)
  File "/home/zihan/anaconda3/envs/x/lib/python3.7/site-packages/torch/nn/modules/container.py", line 141, in forward
    input = module(input)
  File "/home/zihan/anaconda3/envs/x/lib/python3.7/site-packages/torch/nn/modules/module.py", line 1110, in _call_impl
    return forward_call(*input, **kwargs)
  File "/home/zihan/anaconda3/envs/x/lib/python3.7/site-packages/torch/nn/modules/linear.py", line 103, in forward
    return F.linear(input, self.weight, self.bias)
  File "/home/zihan/anaconda3/envs/x/lib/python3.7/site-packages/torch/nn/functional.py", line 1958, in linear
    return torch._C._nn.linear(input, weight, bias)
RuntimeError: CUDA error: CUBLAS_STATUS_NOT_INITIALIZED when calling `cublasCreate(handle)`
pygame 2.0.1 (SDL 2.0.14, Python 3.7.0)
Hello from the pygame community. https://www.pygame.org/contribute.html
boxing_v1 pettingzoo
Load boxing_v1 environment in type pettingzoo.
Env observation space: Box(0.0, 1.0, (128,), float32) action space: Discrete(18)
random seed: 23
Arguments:  {'env_name': 'boxing_v1', 'env_type': 'pettingzoo', 'num_envs': 1, 'ram': True, 'seed': 'random', 'algorithm': 'DQN', 'algorithm_spec': {'episodic_update': False, 'dueling': False, 'replay_buffer_size': '1e5', 'gamma': 0.99, 'multi_step': 1, 'target_update_interval': 1000, 'eps_start': 1.0, 'eps_final': 0.001, 'eps_decay': 100000}, 'num_process': 5, 'batch_size': 128, 'max_episodes': 50000, 'max_steps_per_episode': 300, 'train_start_frame': 10000, 'optimizer': 'adam', 'learning_rate': '1e-4', 'device': 'gpu', 'update_itr': 1, 'log_avg_window': 20, 'log_interval': 20, 'render': False, 'test': False, 'exploit': False, 'load_model_idx': False, 'load_model_full_path': False, 'multiprocess': True, 'eval_models': False, 'save_path': '', 'save_interval': 2000, 'net_architecture': {'hidden_dim_list': [128, 128, 128, 128], 'hidden_activation': 'ReLU', 'output_activation': False}, 'marl_method': 'nfsp', 'marl_spec': {'min_update_interval': 20, 'score_avg_window': 10, 'global_state': False, 'eta': 0.1}, 'add_components': {'replay_buffer': <AutoProxy[replay_buffer] object, typeid 'replay_buffer' at 0x7f881e631f60>, 'reservoir_buffer': <AutoProxy[reservoir_buffer] object, typeid 'reservoir_buffer' at 0x7f881e5a0470>}}
Save models to : /home/zihan/research/MARS/data/model/20220418_0309/pettingzoo_boxing_v1_nfsp. 
 Save logs to: /home/zihan/research/MARS/data/log/20220418_0309/pettingzoo_boxing_v1_nfsp.
/home/zihan/anaconda3/envs/x/lib/python3.7/site-packages/ecos/ecos.py:26: UserWarning: Converting G to a CSC matrix; may take a while.
  warn("Converting G to a CSC matrix; may take a while.")
/home/zihan/anaconda3/envs/x/lib/python3.7/site-packages/ecos/ecos.py:29: UserWarning: Converting A to a CSC matrix; may take a while.
  warn("Converting A to a CSC matrix; may take a while.")
Process Process-5:
Traceback (most recent call last):
  File "/home/zihan/anaconda3/envs/x/lib/python3.7/multiprocessing/process.py", line 297, in _bootstrap
    self.run()
  File "/home/zihan/anaconda3/envs/x/lib/python3.7/multiprocessing/process.py", line 99, in run
    self._target(*self._args, **self._kwargs)
  File "/home/zihan/research/MARS/updateModel.py", line 20, in updateModel
    update_normal(env, model, info_queue, save_id, args)
  File "/home/zihan/research/MARS/updateModel.py", line 43, in update_normal
    loss = model.update()
  File "/home/zihan/research/MARS/mars/rl/agents/multiagent.py", line 272, in update
    loss = agent.update()
  File "/home/zihan/research/MARS/mars/rl/agents/dqn.py", line 123, in update
    q_values = self.model(state)
  File "/home/zihan/anaconda3/envs/x/lib/python3.7/site-packages/torch/nn/modules/module.py", line 1110, in _call_impl
    return forward_call(*input, **kwargs)
  File "/home/zihan/research/MARS/mars/rl/agents/dqn.py", line 186, in forward
    return self.net(x)
  File "/home/zihan/anaconda3/envs/x/lib/python3.7/site-packages/torch/nn/modules/module.py", line 1110, in _call_impl
    return forward_call(*input, **kwargs)
  File "/home/zihan/research/MARS/mars/rl/common/networks.py", line 69, in forward
    x = self.body(x)
  File "/home/zihan/anaconda3/envs/x/lib/python3.7/site-packages/torch/nn/modules/module.py", line 1110, in _call_impl
    return forward_call(*input, **kwargs)
  File "/home/zihan/anaconda3/envs/x/lib/python3.7/site-packages/torch/nn/modules/container.py", line 141, in forward
    input = module(input)
  File "/home/zihan/anaconda3/envs/x/lib/python3.7/site-packages/torch/nn/modules/module.py", line 1110, in _call_impl
    return forward_call(*input, **kwargs)
  File "/home/zihan/anaconda3/envs/x/lib/python3.7/site-packages/torch/nn/modules/linear.py", line 103, in forward
    return F.linear(input, self.weight, self.bias)
  File "/home/zihan/anaconda3/envs/x/lib/python3.7/site-packages/torch/nn/functional.py", line 1958, in linear
    return torch._C._nn.linear(input, weight, bias)
RuntimeError: CUDA error: CUBLAS_STATUS_NOT_INITIALIZED when calling `cublasCreate(handle)`
pygame 2.0.1 (SDL 2.0.14, Python 3.7.0)
Hello from the pygame community. https://www.pygame.org/contribute.html
boxing_v1 pettingzoo
Load boxing_v1 environment in type pettingzoo.
Env observation space: Box(0.0, 1.0, (128,), float32) action space: Discrete(18)
random seed: 23
Arguments:  {'env_name': 'boxing_v1', 'env_type': 'pettingzoo', 'num_envs': 1, 'ram': True, 'seed': 'random', 'algorithm': 'DQN', 'algorithm_spec': {'episodic_update': False, 'dueling': False, 'replay_buffer_size': '1e5', 'gamma': 0.99, 'multi_step': 1, 'target_update_interval': 1000, 'eps_start': 1.0, 'eps_final': 0.001, 'eps_decay': 100000}, 'num_process': 5, 'batch_size': 128, 'max_episodes': 50000, 'max_steps_per_episode': 300, 'train_start_frame': 10000, 'optimizer': 'adam', 'learning_rate': '1e-4', 'device': 'gpu', 'update_itr': 1, 'log_avg_window': 20, 'log_interval': 20, 'render': False, 'test': False, 'exploit': False, 'load_model_idx': False, 'load_model_full_path': False, 'multiprocess': True, 'eval_models': False, 'save_path': '', 'save_interval': 2000, 'net_architecture': {'hidden_dim_list': [128, 128, 128, 128], 'hidden_activation': 'ReLU', 'output_activation': False}, 'marl_method': 'nfsp', 'marl_spec': {'min_update_interval': 20, 'score_avg_window': 10, 'global_state': False, 'eta': 0.1}, 'add_components': {'replay_buffer': <AutoProxy[replay_buffer] object, typeid 'replay_buffer' at 0x7f881e631f60>, 'reservoir_buffer': <AutoProxy[reservoir_buffer] object, typeid 'reservoir_buffer' at 0x7f881e5a0470>}}
Save models to : /home/zihan/research/MARS/data/model/20220418_0309/pettingzoo_boxing_v1_nfsp. 
 Save logs to: /home/zihan/research/MARS/data/log/20220418_0309/pettingzoo_boxing_v1_nfsp.
/home/zihan/anaconda3/envs/x/lib/python3.7/site-packages/ecos/ecos.py:26: UserWarning: Converting G to a CSC matrix; may take a while.
  warn("Converting G to a CSC matrix; may take a while.")
/home/zihan/anaconda3/envs/x/lib/python3.7/site-packages/ecos/ecos.py:29: UserWarning: Converting A to a CSC matrix; may take a while.
  warn("Converting A to a CSC matrix; may take a while.")
Process Process-6:
Traceback (most recent call last):
  File "/home/zihan/anaconda3/envs/x/lib/python3.7/multiprocessing/process.py", line 297, in _bootstrap
    self.run()
  File "/home/zihan/anaconda3/envs/x/lib/python3.7/multiprocessing/process.py", line 99, in run
    self._target(*self._args, **self._kwargs)
  File "/home/zihan/research/MARS/updateModel.py", line 20, in updateModel
    update_normal(env, model, info_queue, save_id, args)
  File "/home/zihan/research/MARS/updateModel.py", line 43, in update_normal
    loss = model.update()
  File "/home/zihan/research/MARS/mars/rl/agents/multiagent.py", line 272, in update
    loss = agent.update()
  File "/home/zihan/research/MARS/mars/rl/agents/dqn.py", line 123, in update
    q_values = self.model(state)
  File "/home/zihan/anaconda3/envs/x/lib/python3.7/site-packages/torch/nn/modules/module.py", line 1110, in _call_impl
    return forward_call(*input, **kwargs)
  File "/home/zihan/research/MARS/mars/rl/agents/dqn.py", line 186, in forward
    return self.net(x)
  File "/home/zihan/anaconda3/envs/x/lib/python3.7/site-packages/torch/nn/modules/module.py", line 1110, in _call_impl
    return forward_call(*input, **kwargs)
  File "/home/zihan/research/MARS/mars/rl/common/networks.py", line 69, in forward
    x = self.body(x)
  File "/home/zihan/anaconda3/envs/x/lib/python3.7/site-packages/torch/nn/modules/module.py", line 1110, in _call_impl
    return forward_call(*input, **kwargs)
  File "/home/zihan/anaconda3/envs/x/lib/python3.7/site-packages/torch/nn/modules/container.py", line 141, in forward
    input = module(input)
  File "/home/zihan/anaconda3/envs/x/lib/python3.7/site-packages/torch/nn/modules/module.py", line 1110, in _call_impl
    return forward_call(*input, **kwargs)
  File "/home/zihan/anaconda3/envs/x/lib/python3.7/site-packages/torch/nn/modules/linear.py", line 103, in forward
    return F.linear(input, self.weight, self.bias)
  File "/home/zihan/anaconda3/envs/x/lib/python3.7/site-packages/torch/nn/functional.py", line 1958, in linear
    return torch._C._nn.linear(input, weight, bias)
RuntimeError: CUDA error: CUBLAS_STATUS_NOT_INITIALIZED when calling `cublasCreate(handle)`
pygame 2.0.1 (SDL 2.0.14, Python 3.7.0)
Hello from the pygame community. https://www.pygame.org/contribute.html
boxing_v1 pettingzoo
Load boxing_v1 environment in type pettingzoo.
Env observation space: Box(0.0, 1.0, (128,), float32) action space: Discrete(18)
random seed: 23
Arguments:  {'env_name': 'boxing_v1', 'env_type': 'pettingzoo', 'num_envs': 1, 'ram': True, 'seed': 'random', 'algorithm': 'DQN', 'algorithm_spec': {'episodic_update': False, 'dueling': False, 'replay_buffer_size': '1e5', 'gamma': 0.99, 'multi_step': 1, 'target_update_interval': 1000, 'eps_start': 1.0, 'eps_final': 0.001, 'eps_decay': 100000}, 'num_process': 5, 'batch_size': 128, 'max_episodes': 50000, 'max_steps_per_episode': 300, 'train_start_frame': 10000, 'optimizer': 'adam', 'learning_rate': '1e-4', 'device': 'gpu', 'update_itr': 1, 'log_avg_window': 20, 'log_interval': 20, 'render': False, 'test': False, 'exploit': False, 'load_model_idx': False, 'load_model_full_path': False, 'multiprocess': True, 'eval_models': False, 'save_path': '', 'save_interval': 2000, 'net_architecture': {'hidden_dim_list': [128, 128, 128, 128], 'hidden_activation': 'ReLU', 'output_activation': False}, 'marl_method': 'nfsp', 'marl_spec': {'min_update_interval': 20, 'score_avg_window': 10, 'global_state': False, 'eta': 0.1}, 'add_components': {'replay_buffer': <AutoProxy[replay_buffer] object, typeid 'replay_buffer' at 0x7f881e631f60>, 'reservoir_buffer': <AutoProxy[reservoir_buffer] object, typeid 'reservoir_buffer' at 0x7f881e5a0470>}}
Save models to : /home/zihan/research/MARS/data/model/20220418_0309/pettingzoo_boxing_v1_nfsp. 
 Save logs to: /home/zihan/research/MARS/data/log/20220418_0309/pettingzoo_boxing_v1_nfsp.
/home/zihan/anaconda3/envs/x/lib/python3.7/site-packages/ecos/ecos.py:26: UserWarning: Converting G to a CSC matrix; may take a while.
  warn("Converting G to a CSC matrix; may take a while.")
/home/zihan/anaconda3/envs/x/lib/python3.7/site-packages/ecos/ecos.py:29: UserWarning: Converting A to a CSC matrix; may take a while.
  warn("Converting A to a CSC matrix; may take a while.")
Process Process-2:
Traceback (most recent call last):
  File "/home/zihan/anaconda3/envs/x/lib/python3.7/multiprocessing/process.py", line 297, in _bootstrap
    self.run()
  File "/home/zihan/anaconda3/envs/x/lib/python3.7/multiprocessing/process.py", line 99, in run
    self._target(*self._args, **self._kwargs)
  File "/home/zihan/research/MARS/rolloutExperience.py", line 25, in rolloutExperience
    rollout_normal(env, model, info_queue, save_id, args)
  File "/home/zihan/research/MARS/rolloutExperience.py", line 50, in rollout_normal
    obs_to_store)  # action: (agent, env, action_dim)
  File "/home/zihan/research/MARS/mars/rl/agents/multiagent.py", line 155, in choose_action
    action = agent.choose_action(state, Greedy=greedy)
  File "/home/zihan/research/MARS/mars/rl/agents/dqn.py", line 90, in choose_action
    action = self.model.choose_action(state, epsilon)
  File "/home/zihan/research/MARS/mars/rl/agents/dqn.py", line 201, in choose_action
    q_value = self.net(state)
  File "/home/zihan/anaconda3/envs/x/lib/python3.7/site-packages/torch/nn/modules/module.py", line 1110, in _call_impl
    return forward_call(*input, **kwargs)
  File "/home/zihan/research/MARS/mars/rl/common/networks.py", line 69, in forward
    x = self.body(x)
  File "/home/zihan/anaconda3/envs/x/lib/python3.7/site-packages/torch/nn/modules/module.py", line 1110, in _call_impl
    return forward_call(*input, **kwargs)
  File "/home/zihan/anaconda3/envs/x/lib/python3.7/site-packages/torch/nn/modules/container.py", line 141, in forward
    input = module(input)
  File "/home/zihan/anaconda3/envs/x/lib/python3.7/site-packages/torch/nn/modules/module.py", line 1110, in _call_impl
    return forward_call(*input, **kwargs)
  File "/home/zihan/anaconda3/envs/x/lib/python3.7/site-packages/torch/nn/modules/linear.py", line 103, in forward
    return F.linear(input, self.weight, self.bias)
  File "/home/zihan/anaconda3/envs/x/lib/python3.7/site-packages/torch/nn/functional.py", line 1958, in linear
    return torch._C._nn.linear(input, weight, bias)
RuntimeError: CUDA error: CUBLAS_STATUS_NOT_INITIALIZED when calling `cublasCreate(handle)`
pygame 2.0.1 (SDL 2.0.14, Python 3.7.0)
Hello from the pygame community. https://www.pygame.org/contribute.html
boxing_v1 pettingzoo
Load boxing_v1 environment in type pettingzoo.
Env observation space: Box(0.0, 1.0, (128,), float32) action space: Discrete(18)
random seed: 23
Arguments:  {'env_name': 'boxing_v1', 'env_type': 'pettingzoo', 'num_envs': 1, 'ram': True, 'seed': 'random', 'algorithm': 'DQN', 'algorithm_spec': {'episodic_update': False, 'dueling': False, 'replay_buffer_size': '1e5', 'gamma': 0.99, 'multi_step': 1, 'target_update_interval': 1000, 'eps_start': 1.0, 'eps_final': 0.001, 'eps_decay': 100000}, 'num_process': 5, 'batch_size': 128, 'max_episodes': 50000, 'max_steps_per_episode': 300, 'train_start_frame': 10000, 'optimizer': 'adam', 'learning_rate': '1e-4', 'device': 'gpu', 'update_itr': 1, 'log_avg_window': 20, 'log_interval': 20, 'render': False, 'test': False, 'exploit': False, 'load_model_idx': False, 'load_model_full_path': False, 'multiprocess': True, 'eval_models': False, 'save_path': '', 'save_interval': 2000, 'net_architecture': {'hidden_dim_list': [128, 128, 128, 128], 'hidden_activation': 'ReLU', 'output_activation': False}, 'marl_method': 'nfsp', 'marl_spec': {'min_update_interval': 20, 'score_avg_window': 10, 'global_state': False, 'eta': 0.1}, 'add_components': {'replay_buffer': <AutoProxy[replay_buffer] object, typeid 'replay_buffer' at 0x7f881e632f60>, 'reservoir_buffer': <AutoProxy[reservoir_buffer] object, typeid 'reservoir_buffer' at 0x7f881e5a0470>}}
Save models to : /home/zihan/research/MARS/data/model/20220418_0309/pettingzoo_boxing_v1_nfsp. 
 Save logs to: /home/zihan/research/MARS/data/log/20220418_0309/pettingzoo_boxing_v1_nfsp.
/home/zihan/anaconda3/envs/x/lib/python3.7/site-packages/ecos/ecos.py:26: UserWarning: Converting G to a CSC matrix; may take a while.
  warn("Converting G to a CSC matrix; may take a while.")
/home/zihan/anaconda3/envs/x/lib/python3.7/site-packages/ecos/ecos.py:29: UserWarning: Converting A to a CSC matrix; may take a while.
  warn("Converting A to a CSC matrix; may take a while.")
Process Process-7:
Traceback (most recent call last):
  File "/home/zihan/anaconda3/envs/x/lib/python3.7/multiprocessing/process.py", line 297, in _bootstrap
    self.run()
  File "/home/zihan/anaconda3/envs/x/lib/python3.7/multiprocessing/process.py", line 99, in run
    self._target(*self._args, **self._kwargs)
  File "/home/zihan/research/MARS/updateModel.py", line 20, in updateModel
    update_normal(env, model, info_queue, save_id, args)
  File "/home/zihan/research/MARS/updateModel.py", line 43, in update_normal
    loss = model.update()
  File "/home/zihan/research/MARS/mars/rl/agents/multiagent.py", line 272, in update
    loss = agent.update()
  File "/home/zihan/research/MARS/mars/rl/agents/dqn.py", line 123, in update
    q_values = self.model(state)
  File "/home/zihan/anaconda3/envs/x/lib/python3.7/site-packages/torch/nn/modules/module.py", line 1110, in _call_impl
    return forward_call(*input, **kwargs)
  File "/home/zihan/research/MARS/mars/rl/agents/dqn.py", line 186, in forward
    return self.net(x)
  File "/home/zihan/anaconda3/envs/x/lib/python3.7/site-packages/torch/nn/modules/module.py", line 1110, in _call_impl
    return forward_call(*input, **kwargs)
  File "/home/zihan/research/MARS/mars/rl/common/networks.py", line 69, in forward
    x = self.body(x)
  File "/home/zihan/anaconda3/envs/x/lib/python3.7/site-packages/torch/nn/modules/module.py", line 1110, in _call_impl
    return forward_call(*input, **kwargs)
  File "/home/zihan/anaconda3/envs/x/lib/python3.7/site-packages/torch/nn/modules/container.py", line 141, in forward
    input = module(input)
  File "/home/zihan/anaconda3/envs/x/lib/python3.7/site-packages/torch/nn/modules/module.py", line 1110, in _call_impl
    return forward_call(*input, **kwargs)
  File "/home/zihan/anaconda3/envs/x/lib/python3.7/site-packages/torch/nn/modules/linear.py", line 103, in forward
    return F.linear(input, self.weight, self.bias)
  File "/home/zihan/anaconda3/envs/x/lib/python3.7/site-packages/torch/nn/functional.py", line 1958, in linear
    return torch._C._nn.linear(input, weight, bias)
RuntimeError: CUDA error: CUBLAS_STATUS_NOT_INITIALIZED when calling `cublasCreate(handle)`
pygame 2.0.1 (SDL 2.0.14, Python 3.7.0)
Hello from the pygame community. https://www.pygame.org/contribute.html
boxing_v1 pettingzoo
Load boxing_v1 environment in type pettingzoo.
Env observation space: Box(0.0, 1.0, (128,), float32) action space: Discrete(18)
random seed: 23
Arguments:  {'env_name': 'boxing_v1', 'env_type': 'pettingzoo', 'num_envs': 1, 'ram': True, 'seed': 'random', 'algorithm': 'DQN', 'algorithm_spec': {'episodic_update': False, 'dueling': False, 'replay_buffer_size': '1e5', 'gamma': 0.99, 'multi_step': 1, 'target_update_interval': 1000, 'eps_start': 1.0, 'eps_final': 0.001, 'eps_decay': 100000}, 'num_process': 5, 'batch_size': 128, 'max_episodes': 50000, 'max_steps_per_episode': 300, 'train_start_frame': 10000, 'optimizer': 'adam', 'learning_rate': '1e-4', 'device': 'gpu', 'update_itr': 1, 'log_avg_window': 20, 'log_interval': 20, 'render': False, 'test': False, 'exploit': False, 'load_model_idx': False, 'load_model_full_path': False, 'multiprocess': True, 'eval_models': False, 'save_path': '', 'save_interval': 2000, 'net_architecture': {'hidden_dim_list': [128, 128, 128, 128], 'hidden_activation': 'ReLU', 'output_activation': False}, 'marl_method': 'nfsp', 'marl_spec': {'min_update_interval': 20, 'score_avg_window': 10, 'global_state': False, 'eta': 0.1}, 'add_components': {'replay_buffer': <AutoProxy[replay_buffer] object, typeid 'replay_buffer' at 0x7f881e631f60>, 'reservoir_buffer': <AutoProxy[reservoir_buffer] object, typeid 'reservoir_buffer' at 0x7f881e5a0470>}}
Save models to : /home/zihan/research/MARS/data/model/20220418_0309/pettingzoo_boxing_v1_nfsp. 
 Save logs to: /home/zihan/research/MARS/data/log/20220418_0309/pettingzoo_boxing_v1_nfsp.
/home/zihan/anaconda3/envs/x/lib/python3.7/site-packages/ecos/ecos.py:26: UserWarning: Converting G to a CSC matrix; may take a while.
  warn("Converting G to a CSC matrix; may take a while.")
/home/zihan/anaconda3/envs/x/lib/python3.7/site-packages/ecos/ecos.py:29: UserWarning: Converting A to a CSC matrix; may take a while.
  warn("Converting A to a CSC matrix; may take a while.")
Process Process-3:
Traceback (most recent call last):
  File "/home/zihan/anaconda3/envs/x/lib/python3.7/multiprocessing/process.py", line 297, in _bootstrap
    self.run()
  File "/home/zihan/anaconda3/envs/x/lib/python3.7/multiprocessing/process.py", line 99, in run
    self._target(*self._args, **self._kwargs)
  File "/home/zihan/research/MARS/updateModel.py", line 20, in updateModel
    update_normal(env, model, info_queue, save_id, args)
  File "/home/zihan/research/MARS/updateModel.py", line 43, in update_normal
    loss = model.update()
  File "/home/zihan/research/MARS/mars/rl/agents/multiagent.py", line 272, in update
    loss = agent.update()
  File "/home/zihan/research/MARS/mars/rl/agents/dqn.py", line 123, in update
    q_values = self.model(state)
  File "/home/zihan/anaconda3/envs/x/lib/python3.7/site-packages/torch/nn/modules/module.py", line 1110, in _call_impl
    return forward_call(*input, **kwargs)
  File "/home/zihan/research/MARS/mars/rl/agents/dqn.py", line 186, in forward
    return self.net(x)
  File "/home/zihan/anaconda3/envs/x/lib/python3.7/site-packages/torch/nn/modules/module.py", line 1110, in _call_impl
    return forward_call(*input, **kwargs)
  File "/home/zihan/research/MARS/mars/rl/common/networks.py", line 69, in forward
    x = self.body(x)
  File "/home/zihan/anaconda3/envs/x/lib/python3.7/site-packages/torch/nn/modules/module.py", line 1110, in _call_impl
    return forward_call(*input, **kwargs)
  File "/home/zihan/anaconda3/envs/x/lib/python3.7/site-packages/torch/nn/modules/container.py", line 141, in forward
    input = module(input)
  File "/home/zihan/anaconda3/envs/x/lib/python3.7/site-packages/torch/nn/modules/module.py", line 1110, in _call_impl
    return forward_call(*input, **kwargs)
  File "/home/zihan/anaconda3/envs/x/lib/python3.7/site-packages/torch/nn/modules/linear.py", line 103, in forward
    return F.linear(input, self.weight, self.bias)
  File "/home/zihan/anaconda3/envs/x/lib/python3.7/site-packages/torch/nn/functional.py", line 1958, in linear
    return torch._C._nn.linear(input, weight, bias)
RuntimeError: CUDA error: CUBLAS_STATUS_NOT_INITIALIZED when calling `cublasCreate(handle)`
pygame 2.0.1 (SDL 2.0.14, Python 3.7.0)
Hello from the pygame community. https://www.pygame.org/contribute.html
/home/zihan/anaconda3/envs/x/lib/python3.7/site-packages/ecos/ecos.py:26: UserWarning: Converting G to a CSC matrix; may take a while.
  warn("Converting G to a CSC matrix; may take a while.")
/home/zihan/anaconda3/envs/x/lib/python3.7/site-packages/ecos/ecos.py:29: UserWarning: Converting A to a CSC matrix; may take a while.
  warn("Converting A to a CSC matrix; may take a while.")
[W CudaIPCTypes.cpp:15] Producer process has been terminated before all shared CUDA tensors released. See Note [Sharing CUDA tensors]
