pygame 2.0.1 (SDL 2.0.14, Python 3.7.0)
Hello from the pygame community. https://www.pygame.org/contribute.html
boxing_v1 pettingzoo
/home/zihan/anaconda3/envs/x/lib/python3.7/site-packages/ecos/ecos.py:26: UserWarning: Converting G to a CSC matrix; may take a while.
  warn("Converting G to a CSC matrix; may take a while.")
/home/zihan/anaconda3/envs/x/lib/python3.7/site-packages/ecos/ecos.py:29: UserWarning: Converting A to a CSC matrix; may take a while.
  warn("Converting A to a CSC matrix; may take a while.")
random seed: [91, 69]
<SubprocVectorEnv instance>
No agent are not learnable.
Arguments:  {'env_name': 'boxing_v1', 'env_type': 'pettingzoo', 'num_envs': 2, 'ram': True, 'seed': 'random', 'algorithm': 'NashPPO', 'algorithm_spec': {'episodic_update': True, 'dueling': False, 'replay_buffer_size': '1e5', 'gamma': 0.99, 'multi_step': 1, 'target_update_interval': 1000, 'eps_start': 1.0, 'eps_final': 0.01, 'eps_decay': 30000, 'lambda': 0.95, 'eps_clip': 0.2, 'K_epoch': 4, 'GAE': True}, 'batch_size': 128, 'max_episodes': 10000, 'max_steps_per_episode': 10000, 'train_start_frame': 0, 'optimizer': 'adam', 'learning_rate': '1e-4', 'device': 'gpu', 'update_itr': 1, 'log_avg_window': 20, 'log_interval': 20, 'render': False, 'test': False, 'exploit': False, 'load_model_idx': False, 'load_model_full_path': False, 'multiprocess': False, 'eval_models': False, 'save_path': '', 'save_interval': 2000, 'net_architecture': {'hidden_dim_list': [64, 64, 64], 'hidden_activation': 'ReLU', 'output_activation': False, 'policy': {'hidden_dim_list': [128, 128, 128, 128], 'hidden_activation': 'ReLU', 'output_activation': 'Softmax'}, 'value': {'hidden_dim_list': [128, 128, 128, 128], 'hidden_activation': 'ReLU', 'output_activation': False}}, 'marl_method': 'nash_ppo', 'marl_spec': {'min_update_interval': 20, 'score_avg_window': 10, 'global_state': True}}
Save models to : /home/zihan/research/MARS/data/model/20220119_0526/pettingzoo_boxing_v1_nash_ppo. 
 Save logs to: /home/zihan/research/MARS/data/log/20220119_0526/pettingzoo_boxing_v1_nash_ppo.
Episode: 1/10000 (0.0100%),                 avg. length: 1784.0,                last time consumption/overall running time: 32.3071s / 32.3071 s
env0_first_0:                 episode reward: 2.0000,                 loss: -0.1613
env0_second_0:                 episode reward: -2.0000,                 loss: -0.1531
env1_first_0:                 episode reward: -9.0000,                 loss: nan
env1_second_0:                 episode reward: 9.0000,                 loss: nan
Episode: 21/10000 (0.2100%),                 avg. length: 1784.0,                last time consumption/overall running time: 600.8722s / 633.1794 s
env0_first_0:                 episode reward: -2.3000,                 loss: -0.0863
env0_second_0:                 episode reward: 2.3000,                 loss: -0.0913
env1_first_0:                 episode reward: -0.1000,                 loss: nan
env1_second_0:                 episode reward: 0.1000,                 loss: nan
Episode: 41/10000 (0.4100%),                 avg. length: 1784.0,                last time consumption/overall running time: 602.9199s / 1236.0993 s
env0_first_0:                 episode reward: -0.8000,                 loss: 0.0477
env0_second_0:                 episode reward: 0.8000,                 loss: 0.0536
env1_first_0:                 episode reward: -2.1500,                 loss: nan
env1_second_0:                 episode reward: 2.1500,                 loss: nan
Episode: 61/10000 (0.6100%),                 avg. length: 1784.0,                last time consumption/overall running time: 600.5101s / 1836.6094 s
env0_first_0:                 episode reward: -2.0000,                 loss: -0.0250
env0_second_0:                 episode reward: 2.0000,                 loss: -0.0209
env1_first_0:                 episode reward: -1.4000,                 loss: nan
env1_second_0:                 episode reward: 1.4000,                 loss: nan
Episode: 81/10000 (0.8100%),                 avg. length: 1784.0,                last time consumption/overall running time: 601.6956s / 2438.3050 s
env0_first_0:                 episode reward: -2.5000,                 loss: 0.0297
env0_second_0:                 episode reward: 2.5000,                 loss: 0.0260
env1_first_0:                 episode reward: -4.1000,                 loss: nan
env1_second_0:                 episode reward: 4.1000,                 loss: nan
Episode: 101/10000 (1.0100%),                 avg. length: 1784.0,                last time consumption/overall running time: 602.0544s / 3040.3593 s
env0_first_0:                 episode reward: 0.5500,                 loss: -0.1230
env0_second_0:                 episode reward: -0.5500,                 loss: -0.1238
env1_first_0:                 episode reward: 1.4500,                 loss: nan
env1_second_0:                 episode reward: -1.4500,                 loss: nan
Episode: 121/10000 (1.2100%),                 avg. length: 1784.0,                last time consumption/overall running time: 601.5022s / 3641.8616 s
env0_first_0:                 episode reward: -0.3000,                 loss: -0.1824
env0_second_0:                 episode reward: 0.3000,                 loss: -0.1820
env1_first_0:                 episode reward: -0.7500,                 loss: nan
env1_second_0:                 episode reward: 0.7500,                 loss: nan
Episode: 141/10000 (1.4100%),                 avg. length: 1784.0,                last time consumption/overall running time: 604.4858s / 4246.3474 s
env0_first_0:                 episode reward: -0.8500,                 loss: 0.0145
env0_second_0:                 episode reward: 0.8500,                 loss: 0.0126
env1_first_0:                 episode reward: -0.5000,                 loss: nan
env1_second_0:                 episode reward: 0.5000,                 loss: nan
Episode: 161/10000 (1.6100%),                 avg. length: 1784.0,                last time consumption/overall running time: 600.2503s / 4846.5977 s
env0_first_0:                 episode reward: 0.3000,                 loss: -0.1283
env0_second_0:                 episode reward: -0.3000,                 loss: -0.1295
env1_first_0:                 episode reward: -0.8000,                 loss: nan
env1_second_0:                 episode reward: 0.8000,                 loss: nan
Episode: 181/10000 (1.8100%),                 avg. length: 1784.0,                last time consumption/overall running time: 604.8698s / 5451.4675 s
env0_first_0:                 episode reward: -1.8500,                 loss: -0.1013
env0_second_0:                 episode reward: 1.8500,                 loss: -0.0991
env1_first_0:                 episode reward: -2.1500,                 loss: nan
env1_second_0:                 episode reward: 2.1500,                 loss: nan
Episode: 201/10000 (2.0100%),                 avg. length: 1784.0,                last time consumption/overall running time: 604.1780s / 6055.6455 s
env0_first_0:                 episode reward: -1.8000,                 loss: -0.0882
env0_second_0:                 episode reward: 1.8000,                 loss: -0.0873
env1_first_0:                 episode reward: -1.7000,                 loss: nan
env1_second_0:                 episode reward: 1.7000,                 loss: nan
Episode: 221/10000 (2.2100%),                 avg. length: 1784.0,                last time consumption/overall running time: 601.8130s / 6657.4585 s
env0_first_0:                 episode reward: -2.3500,                 loss: -0.1630
env0_second_0:                 episode reward: 2.3500,                 loss: -0.1601
env1_first_0:                 episode reward: -1.5000,                 loss: nan
env1_second_0:                 episode reward: 1.5000,                 loss: nan
Episode: 241/10000 (2.4100%),                 avg. length: 1784.0,                last time consumption/overall running time: 604.6792s / 7262.1377 s
env0_first_0:                 episode reward: -0.9000,                 loss: -0.1410
env0_second_0:                 episode reward: 0.9000,                 loss: -0.1461
env1_first_0:                 episode reward: 1.0000,                 loss: nan
env1_second_0:                 episode reward: -1.0000,                 loss: nan
Episode: 261/10000 (2.6100%),                 avg. length: 1784.0,                last time consumption/overall running time: 604.4415s / 7866.5793 s
env0_first_0:                 episode reward: -0.2500,                 loss: -0.0737
env0_second_0:                 episode reward: 0.2500,                 loss: -0.0739
env1_first_0:                 episode reward: -0.6500,                 loss: nan
env1_second_0:                 episode reward: 0.6500,                 loss: nan
Episode: 281/10000 (2.8100%),                 avg. length: 1784.0,                last time consumption/overall running time: 602.3163s / 8468.8956 s
env0_first_0:                 episode reward: -2.1500,                 loss: -0.0926
env0_second_0:                 episode reward: 2.1500,                 loss: -0.0888
env1_first_0:                 episode reward: -2.6500,                 loss: nan
env1_second_0:                 episode reward: 2.6500,                 loss: nan
Episode: 301/10000 (3.0100%),                 avg. length: 1784.0,                last time consumption/overall running time: 599.7478s / 9068.6434 s
env0_first_0:                 episode reward: -3.0000,                 loss: -0.1891
env0_second_0:                 episode reward: 3.0000,                 loss: -0.1835
env1_first_0:                 episode reward: -0.7500,                 loss: nan
env1_second_0:                 episode reward: 0.7500,                 loss: nan
Episode: 321/10000 (3.2100%),                 avg. length: 1784.0,                last time consumption/overall running time: 599.4343s / 9668.0777 s
env0_first_0:                 episode reward: 1.4000,                 loss: -0.1228
env0_second_0:                 episode reward: -1.4000,                 loss: -0.1222
env1_first_0:                 episode reward: -0.7500,                 loss: nan
env1_second_0:                 episode reward: 0.7500,                 loss: nan
Episode: 341/10000 (3.4100%),                 avg. length: 1784.0,                last time consumption/overall running time: 601.4948s / 10269.5725 s
env0_first_0:                 episode reward: -0.3000,                 loss: -0.0998
env0_second_0:                 episode reward: 0.3000,                 loss: -0.0982
env1_first_0:                 episode reward: 0.1000,                 loss: nan
env1_second_0:                 episode reward: -0.1000,                 loss: nan
Episode: 361/10000 (3.6100%),                 avg. length: 1784.0,                last time consumption/overall running time: 600.7305s / 10870.3031 s
env0_first_0:                 episode reward: -1.1500,                 loss: -0.0043
env0_second_0:                 episode reward: 1.1500,                 loss: 0.0008
env1_first_0:                 episode reward: -1.5000,                 loss: nan
env1_second_0:                 episode reward: 1.5000,                 loss: nan
Episode: 381/10000 (3.8100%),                 avg. length: 1784.0,                last time consumption/overall running time: 600.0260s / 11470.3291 s
env0_first_0:                 episode reward: -0.8000,                 loss: -0.0367
env0_second_0:                 episode reward: 0.8000,                 loss: -0.0343
env1_first_0:                 episode reward: -1.1500,                 loss: nan
env1_second_0:                 episode reward: 1.1500,                 loss: nan
Episode: 401/10000 (4.0100%),                 avg. length: 1784.0,                last time consumption/overall running time: 600.3222s / 12070.6513 s
env0_first_0:                 episode reward: 0.5000,                 loss: 0.0083
env0_second_0:                 episode reward: -0.5000,                 loss: 0.0068
env1_first_0:                 episode reward: -0.1500,                 loss: nan
env1_second_0:                 episode reward: 0.1500,                 loss: nan
Episode: 421/10000 (4.2100%),                 avg. length: 1784.0,                last time consumption/overall running time: 597.7014s / 12668.3527 s
env0_first_0:                 episode reward: -0.9500,                 loss: 0.0122
env0_second_0:                 episode reward: 0.9500,                 loss: 0.0120
env1_first_0:                 episode reward: -3.9500,                 loss: nan
env1_second_0:                 episode reward: 3.9500,                 loss: nan
Episode: 441/10000 (4.4100%),                 avg. length: 1784.0,                last time consumption/overall running time: 602.3295s / 13270.6822 s
env0_first_0:                 episode reward: -0.3000,                 loss: 0.0918
env0_second_0:                 episode reward: 0.3000,                 loss: 0.0960
env1_first_0:                 episode reward: 0.2000,                 loss: nan
env1_second_0:                 episode reward: -0.2000,                 loss: nan
Episode: 461/10000 (4.6100%),                 avg. length: 1784.0,                last time consumption/overall running time: 598.9874s / 13869.6696 s
env0_first_0:                 episode reward: 0.0000,                 loss: 0.0432
env0_second_0:                 episode reward: 0.0000,                 loss: 0.0450
env1_first_0:                 episode reward: -1.3000,                 loss: nan
env1_second_0:                 episode reward: 1.3000,                 loss: nan
Episode: 481/10000 (4.8100%),                 avg. length: 1784.0,                last time consumption/overall running time: 600.0826s / 14469.7523 s
env0_first_0:                 episode reward: -3.6000,                 loss: 0.0585
env0_second_0:                 episode reward: 3.6000,                 loss: 0.0593
env1_first_0:                 episode reward: -1.6500,                 loss: nan
env1_second_0:                 episode reward: 1.6500,                 loss: nan
Episode: 501/10000 (5.0100%),                 avg. length: 1784.0,                last time consumption/overall running time: 595.7432s / 15065.4955 s
env0_first_0:                 episode reward: -2.1000,                 loss: 0.1392
env0_second_0:                 episode reward: 2.1000,                 loss: 0.1366
env1_first_0:                 episode reward: 0.5500,                 loss: nan
env1_second_0:                 episode reward: -0.5500,                 loss: nan
Episode: 521/10000 (5.2100%),                 avg. length: 1784.0,                last time consumption/overall running time: 597.1522s / 15662.6477 s
env0_first_0:                 episode reward: -5.0000,                 loss: 0.1984
env0_second_0:                 episode reward: 5.0000,                 loss: 0.1988
env1_first_0:                 episode reward: -5.0000,                 loss: nan
env1_second_0:                 episode reward: 5.0000,                 loss: nan
Episode: 541/10000 (5.4100%),                 avg. length: 1784.0,                last time consumption/overall running time: 594.8927s / 16257.5403 s
env0_first_0:                 episode reward: -2.0000,                 loss: 0.0750
env0_second_0:                 episode reward: 2.0000,                 loss: 0.0799
env1_first_0:                 episode reward: -3.5500,                 loss: nan
env1_second_0:                 episode reward: 3.5500,                 loss: nan
Episode: 561/10000 (5.6100%),                 avg. length: 1784.0,                last time consumption/overall running time: 598.2174s / 16855.7578 s
env0_first_0:                 episode reward: -0.7500,                 loss: -0.1381
env0_second_0:                 episode reward: 0.7500,                 loss: -0.1318
env1_first_0:                 episode reward: -3.5000,                 loss: nan
env1_second_0:                 episode reward: 3.5000,                 loss: nan
Episode: 581/10000 (5.8100%),                 avg. length: 1784.0,                last time consumption/overall running time: 600.0721s / 17455.8298 s
env0_first_0:                 episode reward: -0.1000,                 loss: -0.0719
env0_second_0:                 episode reward: 0.1000,                 loss: -0.0776
env1_first_0:                 episode reward: -0.7000,                 loss: nan
env1_second_0:                 episode reward: 0.7000,                 loss: nan
Episode: 601/10000 (6.0100%),                 avg. length: 1784.0,                last time consumption/overall running time: 600.9031s / 18056.7329 s
env0_first_0:                 episode reward: -2.2500,                 loss: 0.0264
env0_second_0:                 episode reward: 2.2500,                 loss: 0.0207
env1_first_0:                 episode reward: -2.4500,                 loss: nan
env1_second_0:                 episode reward: 2.4500,                 loss: nan
Episode: 621/10000 (6.2100%),                 avg. length: 1784.0,                last time consumption/overall running time: 601.1245s / 18657.8574 s
env0_first_0:                 episode reward: -1.7500,                 loss: -0.0869
env0_second_0:                 episode reward: 1.7500,                 loss: -0.0797
env1_first_0:                 episode reward: -1.5500,                 loss: nan
env1_second_0:                 episode reward: 1.5500,                 loss: nan
Episode: 641/10000 (6.4100%),                 avg. length: 1784.0,                last time consumption/overall running time: 596.7827s / 19254.6401 s
env0_first_0:                 episode reward: -0.6500,                 loss: -0.1188
env0_second_0:                 episode reward: 0.6500,                 loss: -0.1136
env1_first_0:                 episode reward: 1.5000,                 loss: nan
env1_second_0:                 episode reward: -1.5000,                 loss: nan
Episode: 661/10000 (6.6100%),                 avg. length: 1784.0,                last time consumption/overall running time: 600.2442s / 19854.8843 s
env0_first_0:                 episode reward: 0.4500,                 loss: 0.0221
env0_second_0:                 episode reward: -0.4500,                 loss: 0.0212
env1_first_0:                 episode reward: -3.9000,                 loss: nan
env1_second_0:                 episode reward: 3.9000,                 loss: nan
Episode: 681/10000 (6.8100%),                 avg. length: 1784.0,                last time consumption/overall running time: 599.6831s / 20454.5675 s
env0_first_0:                 episode reward: -1.4500,                 loss: -0.0606
env0_second_0:                 episode reward: 1.4500,                 loss: -0.0645
env1_first_0:                 episode reward: -0.8500,                 loss: nan
env1_second_0:                 episode reward: 0.8500,                 loss: nan
Episode: 701/10000 (7.0100%),                 avg. length: 1784.0,                last time consumption/overall running time: 597.8105s / 21052.3780 s
env0_first_0:                 episode reward: 1.0000,                 loss: -0.0049
env0_second_0:                 episode reward: -1.0000,                 loss: -0.0046
env1_first_0:                 episode reward: -0.4000,                 loss: nan
env1_second_0:                 episode reward: 0.4000,                 loss: nan
Episode: 721/10000 (7.2100%),                 avg. length: 1784.0,                last time consumption/overall running time: 600.9134s / 21653.2914 s
env0_first_0:                 episode reward: 0.8500,                 loss: -0.0761
env0_second_0:                 episode reward: -0.8500,                 loss: -0.0761
env1_first_0:                 episode reward: -2.9500,                 loss: nan
env1_second_0:                 episode reward: 2.9500,                 loss: nan
Episode: 741/10000 (7.4100%),                 avg. length: 1784.0,                last time consumption/overall running time: 598.6655s / 22251.9569 s
env0_first_0:                 episode reward: -0.7500,                 loss: -0.0079
env0_second_0:                 episode reward: 0.7500,                 loss: -0.0123
env1_first_0:                 episode reward: 1.6000,                 loss: nan
env1_second_0:                 episode reward: -1.6000,                 loss: nan
Episode: 761/10000 (7.6100%),                 avg. length: 1784.0,                last time consumption/overall running time: 597.3974s / 22849.3543 s
env0_first_0:                 episode reward: 1.0500,                 loss: -0.0161
env0_second_0:                 episode reward: -1.0500,                 loss: -0.0111
env1_first_0:                 episode reward: 1.6500,                 loss: nan
env1_second_0:                 episode reward: -1.6500,                 loss: nan
Episode: 781/10000 (7.8100%),                 avg. length: 1784.0,                last time consumption/overall running time: 596.6332s / 23445.9875 s
env0_first_0:                 episode reward: -0.3500,                 loss: 0.0484
env0_second_0:                 episode reward: 0.3500,                 loss: 0.0392
env1_first_0:                 episode reward: -0.6000,                 loss: nan
env1_second_0:                 episode reward: 0.6000,                 loss: nan
Episode: 801/10000 (8.0100%),                 avg. length: 1784.0,                last time consumption/overall running time: 593.2576s / 24039.2450 s
env0_first_0:                 episode reward: -0.8500,                 loss: -0.0564
env0_second_0:                 episode reward: 0.8500,                 loss: -0.0591
env1_first_0:                 episode reward: -1.3000,                 loss: nan
env1_second_0:                 episode reward: 1.3000,                 loss: nan
Episode: 821/10000 (8.2100%),                 avg. length: 1784.0,                last time consumption/overall running time: 595.0481s / 24634.2931 s
env0_first_0:                 episode reward: -0.7500,                 loss: 0.0183
env0_second_0:                 episode reward: 0.7500,                 loss: 0.0234
env1_first_0:                 episode reward: -3.3500,                 loss: nan
env1_second_0:                 episode reward: 3.3500,                 loss: nan
Episode: 841/10000 (8.4100%),                 avg. length: 1784.0,                last time consumption/overall running time: 598.4013s / 25232.6945 s
env0_first_0:                 episode reward: -2.1000,                 loss: -0.0337
env0_second_0:                 episode reward: 2.1000,                 loss: -0.0401
env1_first_0:                 episode reward: -0.4500,                 loss: nan
env1_second_0:                 episode reward: 0.4500,                 loss: nan
Episode: 861/10000 (8.6100%),                 avg. length: 1784.0,                last time consumption/overall running time: 602.2589s / 25834.9533 s
env0_first_0:                 episode reward: 0.3000,                 loss: -0.0373
env0_second_0:                 episode reward: -0.3000,                 loss: -0.0412
env1_first_0:                 episode reward: -4.1500,                 loss: nan
env1_second_0:                 episode reward: 4.1500,                 loss: nan
Episode: 881/10000 (8.8100%),                 avg. length: 1784.0,                last time consumption/overall running time: 599.6971s / 26434.6504 s
env0_first_0:                 episode reward: 0.2500,                 loss: 0.1010
env0_second_0:                 episode reward: -0.2500,                 loss: 0.1030
env1_first_0:                 episode reward: 0.0000,                 loss: nan
env1_second_0:                 episode reward: 0.0000,                 loss: nan
Episode: 901/10000 (9.0100%),                 avg. length: 1784.0,                last time consumption/overall running time: 600.3600s / 27035.0104 s
env0_first_0:                 episode reward: 0.3000,                 loss: 0.0494
env0_second_0:                 episode reward: -0.3000,                 loss: 0.0466
env1_first_0:                 episode reward: -2.9000,                 loss: nan
env1_second_0:                 episode reward: 2.9000,                 loss: nan
Episode: 921/10000 (9.2100%),                 avg. length: 1784.0,                last time consumption/overall running time: 597.7059s / 27632.7163 s
env0_first_0:                 episode reward: -1.5000,                 loss: -0.0111
env0_second_0:                 episode reward: 1.5000,                 loss: -0.0075
env1_first_0:                 episode reward: -0.8500,                 loss: nan
env1_second_0:                 episode reward: 0.8500,                 loss: nan
Episode: 941/10000 (9.4100%),                 avg. length: 1784.0,                last time consumption/overall running time: 600.0796s / 28232.7959 s
env0_first_0:                 episode reward: -2.1500,                 loss: 0.0069
env0_second_0:                 episode reward: 2.1500,                 loss: 0.0067
env1_first_0:                 episode reward: -1.3500,                 loss: nan
env1_second_0:                 episode reward: 1.3500,                 loss: nan
Episode: 961/10000 (9.6100%),                 avg. length: 1784.0,                last time consumption/overall running time: 595.4255s / 28828.2214 s
env0_first_0:                 episode reward: -2.5000,                 loss: -0.0785
env0_second_0:                 episode reward: 2.5000,                 loss: -0.0806
env1_first_0:                 episode reward: 1.0000,                 loss: nan
env1_second_0:                 episode reward: -1.0000,                 loss: nan
Episode: 981/10000 (9.8100%),                 avg. length: 1784.0,                last time consumption/overall running time: 596.3273s / 29424.5487 s
env0_first_0:                 episode reward: 0.8000,                 loss: 0.0332
env0_second_0:                 episode reward: -0.8000,                 loss: 0.0322
env1_first_0:                 episode reward: -1.6500,                 loss: nan
env1_second_0:                 episode reward: 1.6500,                 loss: nan
Episode: 1001/10000 (10.0100%),                 avg. length: 1784.0,                last time consumption/overall running time: 600.5888s / 30025.1374 s
env0_first_0:                 episode reward: -0.3500,                 loss: -0.0867
env0_second_0:                 episode reward: 0.3500,                 loss: -0.0848
env1_first_0:                 episode reward: 0.7500,                 loss: nan
env1_second_0:                 episode reward: -0.7500,                 loss: nan
Episode: 1021/10000 (10.2100%),                 avg. length: 1784.0,                last time consumption/overall running time: 599.4356s / 30624.5731 s
env0_first_0:                 episode reward: -0.2000,                 loss: 0.0224
env0_second_0:                 episode reward: 0.2000,                 loss: 0.0161
env1_first_0:                 episode reward: -1.8500,                 loss: nan
env1_second_0:                 episode reward: 1.8500,                 loss: nan
Episode: 1041/10000 (10.4100%),                 avg. length: 1784.0,                last time consumption/overall running time: 598.0863s / 31222.6593 s
env0_first_0:                 episode reward: 0.1500,                 loss: -0.0244
env0_second_0:                 episode reward: -0.1500,                 loss: -0.0226
env1_first_0:                 episode reward: -2.5500,                 loss: nan
env1_second_0:                 episode reward: 2.5500,                 loss: nan
Episode: 1061/10000 (10.6100%),                 avg. length: 1784.0,                last time consumption/overall running time: 598.7240s / 31821.3834 s
env0_first_0:                 episode reward: -0.3500,                 loss: -0.0463
env0_second_0:                 episode reward: 0.3500,                 loss: -0.0367
env1_first_0:                 episode reward: -1.2500,                 loss: nan
env1_second_0:                 episode reward: 1.2500,                 loss: nan
Episode: 1081/10000 (10.8100%),                 avg. length: 1784.0,                last time consumption/overall running time: 599.3844s / 32420.7678 s
env0_first_0:                 episode reward: -1.4000,                 loss: -0.0330
env0_second_0:                 episode reward: 1.4000,                 loss: -0.0258
env1_first_0:                 episode reward: -0.8500,                 loss: nan
env1_second_0:                 episode reward: 0.8500,                 loss: nan
Episode: 1101/10000 (11.0100%),                 avg. length: 1784.0,                last time consumption/overall running time: 600.3924s / 33021.1602 s
env0_first_0:                 episode reward: -1.0000,                 loss: 0.0118
env0_second_0:                 episode reward: 1.0000,                 loss: 0.0102
env1_first_0:                 episode reward: -0.1000,                 loss: nan
env1_second_0:                 episode reward: 0.1000,                 loss: nan
Episode: 1121/10000 (11.2100%),                 avg. length: 1784.0,                last time consumption/overall running time: 599.2352s / 33620.3954 s
env0_first_0:                 episode reward: 0.7500,                 loss: -0.0478
env0_second_0:                 episode reward: -0.7500,                 loss: -0.0461
env1_first_0:                 episode reward: -1.2500,                 loss: nan
env1_second_0:                 episode reward: 1.2500,                 loss: nan
Episode: 1141/10000 (11.4100%),                 avg. length: 1784.0,                last time consumption/overall running time: 597.6002s / 34217.9956 s
env0_first_0:                 episode reward: 0.5000,                 loss: -0.1097
env0_second_0:                 episode reward: -0.5000,                 loss: -0.1056
env1_first_0:                 episode reward: -0.6500,                 loss: nan
env1_second_0:                 episode reward: 0.6500,                 loss: nan
Episode: 1161/10000 (11.6100%),                 avg. length: 1784.0,                last time consumption/overall running time: 598.8916s / 34816.8872 s
env0_first_0:                 episode reward: -1.6000,                 loss: -0.0861
env0_second_0:                 episode reward: 1.6000,                 loss: -0.0884
env1_first_0:                 episode reward: -0.7500,                 loss: nan
env1_second_0:                 episode reward: 0.7500,                 loss: nan
Episode: 1181/10000 (11.8100%),                 avg. length: 1784.0,                last time consumption/overall running time: 597.5648s / 35414.4519 s
env0_first_0:                 episode reward: -1.2000,                 loss: -0.0127
env0_second_0:                 episode reward: 1.2000,                 loss: -0.0136
env1_first_0:                 episode reward: 0.4000,                 loss: nan
env1_second_0:                 episode reward: -0.4000,                 loss: nan
Episode: 1201/10000 (12.0100%),                 avg. length: 1784.0,                last time consumption/overall running time: 597.4083s / 36011.8602 s
env0_first_0:                 episode reward: -1.2000,                 loss: -0.0229
env0_second_0:                 episode reward: 1.2000,                 loss: -0.0300
env1_first_0:                 episode reward: -3.1500,                 loss: nan
env1_second_0:                 episode reward: 3.1500,                 loss: nan
Episode: 1221/10000 (12.2100%),                 avg. length: 1784.0,                last time consumption/overall running time: 595.3215s / 36607.1817 s
env0_first_0:                 episode reward: 0.5500,                 loss: 0.0773
env0_second_0:                 episode reward: -0.5500,                 loss: 0.0673
env1_first_0:                 episode reward: -0.3500,                 loss: nan
env1_second_0:                 episode reward: 0.3500,                 loss: nan
Episode: 1241/10000 (12.4100%),                 avg. length: 1784.0,                last time consumption/overall running time: 612.9483s / 37220.1300 s
env0_first_0:                 episode reward: 0.5000,                 loss: 0.1874
env0_second_0:                 episode reward: -0.5000,                 loss: 0.1962
env1_first_0:                 episode reward: -3.1500,                 loss: nan
env1_second_0:                 episode reward: 3.1500,                 loss: nan
Episode: 1261/10000 (12.6100%),                 avg. length: 1784.0,                last time consumption/overall running time: 688.4416s / 37908.5717 s
env0_first_0:                 episode reward: -1.2000,                 loss: 0.2630
env0_second_0:                 episode reward: 1.2000,                 loss: 0.2608
env1_first_0:                 episode reward: -3.1000,                 loss: nan
env1_second_0:                 episode reward: 3.1000,                 loss: nan
Episode: 1281/10000 (12.8100%),                 avg. length: 1784.0,                last time consumption/overall running time: 706.8526s / 38615.4243 s
env0_first_0:                 episode reward: 1.4500,                 loss: -0.0070
env0_second_0:                 episode reward: -1.4500,                 loss: 0.0041
env1_first_0:                 episode reward: -2.7000,                 loss: nan
env1_second_0:                 episode reward: 2.7000,                 loss: nan
Episode: 1301/10000 (13.0100%),                 avg. length: 1784.0,                last time consumption/overall running time: 700.4138s / 39315.8381 s
env0_first_0:                 episode reward: 0.7000,                 loss: 0.1035
env0_second_0:                 episode reward: -0.7000,                 loss: 0.1108
env1_first_0:                 episode reward: -1.2500,                 loss: nan
env1_second_0:                 episode reward: 1.2500,                 loss: nan
Episode: 1321/10000 (13.2100%),                 avg. length: 1784.0,                last time consumption/overall running time: 704.7121s / 40020.5502 s
env0_first_0:                 episode reward: -3.9000,                 loss: 0.1018
env0_second_0:                 episode reward: 3.9000,                 loss: 0.0995
env1_first_0:                 episode reward: 0.3500,                 loss: nan
env1_second_0:                 episode reward: -0.3500,                 loss: nan
Episode: 1341/10000 (13.4100%),                 avg. length: 1784.0,                last time consumption/overall running time: 704.8788s / 40725.4290 s
env0_first_0:                 episode reward: 0.7000,                 loss: -0.0549
env0_second_0:                 episode reward: -0.7000,                 loss: -0.0567
env1_first_0:                 episode reward: -1.5500,                 loss: nan
env1_second_0:                 episode reward: 1.5500,                 loss: nan
Episode: 1361/10000 (13.6100%),                 avg. length: 1784.0,                last time consumption/overall running time: 703.3556s / 41428.7846 s
env0_first_0:                 episode reward: -1.3500,                 loss: -0.0342
env0_second_0:                 episode reward: 1.3500,                 loss: -0.0325
env1_first_0:                 episode reward: -1.4000,                 loss: nan
env1_second_0:                 episode reward: 1.4000,                 loss: nan
Episode: 1381/10000 (13.8100%),                 avg. length: 1784.0,                last time consumption/overall running time: 704.4815s / 42133.2661 s
env0_first_0:                 episode reward: -4.1000,                 loss: 0.1879
env0_second_0:                 episode reward: 4.1000,                 loss: 0.1849
env1_first_0:                 episode reward: -4.1500,                 loss: nan
env1_second_0:                 episode reward: 4.1500,                 loss: nan
Episode: 1401/10000 (14.0100%),                 avg. length: 1784.0,                last time consumption/overall running time: 702.7974s / 42836.0635 s
env0_first_0:                 episode reward: -3.0000,                 loss: 0.3935
env0_second_0:                 episode reward: 3.0000,                 loss: 0.3880
env1_first_0:                 episode reward: -2.5500,                 loss: nan
env1_second_0:                 episode reward: 2.5500,                 loss: nan
Episode: 1421/10000 (14.2100%),                 avg. length: 1784.0,                last time consumption/overall running time: 704.0019s / 43540.0654 s
env0_first_0:                 episode reward: -5.6500,                 loss: 0.4508
env0_second_0:                 episode reward: 5.6500,                 loss: 0.4492
env1_first_0:                 episode reward: -6.4000,                 loss: nan
env1_second_0:                 episode reward: 6.4000,                 loss: nan
Episode: 1441/10000 (14.4100%),                 avg. length: 1784.0,                last time consumption/overall running time: 702.6034s / 44242.6688 s
env0_first_0:                 episode reward: 0.6500,                 loss: 0.5922
env0_second_0:                 episode reward: -0.6500,                 loss: 0.5800
env1_first_0:                 episode reward: 1.0000,                 loss: nan
env1_second_0:                 episode reward: -1.0000,                 loss: nan
Episode: 1461/10000 (14.6100%),                 avg. length: 1784.0,                last time consumption/overall running time: 704.6899s / 44947.3587 s
env0_first_0:                 episode reward: -4.5500,                 loss: 0.9095
env0_second_0:                 episode reward: 4.5500,                 loss: 0.9163
env1_first_0:                 episode reward: -2.7500,                 loss: nan
env1_second_0:                 episode reward: 2.7500,                 loss: nan
Episode: 1481/10000 (14.8100%),                 avg. length: 1784.0,                last time consumption/overall running time: 702.3120s / 45649.6708 s
env0_first_0:                 episode reward: 1.9000,                 loss: 0.8926
env0_second_0:                 episode reward: -1.9000,                 loss: 0.8943
env1_first_0:                 episode reward: -3.3500,                 loss: nan
env1_second_0:                 episode reward: 3.3500,                 loss: nan
Episode: 1501/10000 (15.0100%),                 avg. length: 1784.0,                last time consumption/overall running time: 704.1677s / 46353.8385 s
env0_first_0:                 episode reward: -5.8500,                 loss: 0.7989
env0_second_0:                 episode reward: 5.8500,                 loss: 0.7878
env1_first_0:                 episode reward: -9.4500,                 loss: nan
env1_second_0:                 episode reward: 9.4500,                 loss: nan
Episode: 1521/10000 (15.2100%),                 avg. length: 1784.0,                last time consumption/overall running time: 704.7274s / 47058.5659 s
env0_first_0:                 episode reward: -6.6500,                 loss: 0.5079
env0_second_0:                 episode reward: 6.6500,                 loss: 0.5045
env1_first_0:                 episode reward: 0.0000,                 loss: nan
env1_second_0:                 episode reward: 0.0000,                 loss: nan
Episode: 1541/10000 (15.4100%),                 avg. length: 1784.0,                last time consumption/overall running time: 702.3343s / 47760.9002 s
env0_first_0:                 episode reward: -8.5500,                 loss: 0.7836
env0_second_0:                 episode reward: 8.5500,                 loss: 0.7748
env1_first_0:                 episode reward: -5.9500,                 loss: nan
env1_second_0:                 episode reward: 5.9500,                 loss: nan
Episode: 1561/10000 (15.6100%),                 avg. length: 1736.9,                last time consumption/overall running time: 687.0553s / 48447.9555 s
env0_first_0:                 episode reward: -23.8500,                 loss: 2.1199
env0_second_0:                 episode reward: 23.8500,                 loss: 2.1051
env1_first_0:                 episode reward: -22.2500,                 loss: nan
env1_second_0:                 episode reward: 22.2500,                 loss: nan
Episode: 1581/10000 (15.8100%),                 avg. length: 1734.9,                last time consumption/overall running time: 686.8285s / 49134.7840 s
env0_first_0:                 episode reward: -28.1000,                 loss: 2.7464
env0_second_0:                 episode reward: 28.1000,                 loss: 2.7673
env1_first_0:                 episode reward: -29.6000,                 loss: nan
env1_second_0:                 episode reward: 29.6000,                 loss: nan
Episode: 1601/10000 (16.0100%),                 avg. length: 1627.55,                last time consumption/overall running time: 646.9394s / 49781.7234 s
env0_first_0:                 episode reward: -20.7000,                 loss: 1.6761
env0_second_0:                 episode reward: 20.7000,                 loss: 1.6939
env1_first_0:                 episode reward: -11.9500,                 loss: nan
env1_second_0:                 episode reward: 11.9500,                 loss: nan
Episode: 1621/10000 (16.2100%),                 avg. length: 1773.85,                last time consumption/overall running time: 698.8012s / 50480.5246 s
env0_first_0:                 episode reward: -24.2500,                 loss: 2.0627
env0_second_0:                 episode reward: 24.2500,                 loss: 2.1082
env1_first_0:                 episode reward: -22.3500,                 loss: nan
env1_second_0:                 episode reward: 22.3500,                 loss: nan
Episode: 1641/10000 (16.4100%),                 avg. length: 1525.2,                last time consumption/overall running time: 606.3558s / 51086.8804 s
env0_first_0:                 episode reward: -33.2500,                 loss: 3.8308
env0_second_0:                 episode reward: 33.2500,                 loss: 3.8389
env1_first_0:                 episode reward: -35.6500,                 loss: nan
env1_second_0:                 episode reward: 35.6500,                 loss: nan
Episode: 1661/10000 (16.6100%),                 avg. length: 1669.5,                last time consumption/overall running time: 660.3345s / 51747.2149 s
env0_first_0:                 episode reward: -28.8000,                 loss: 3.3631
env0_second_0:                 episode reward: 28.8000,                 loss: 3.3056
env1_first_0:                 episode reward: -26.2500,                 loss: nan
env1_second_0:                 episode reward: 26.2500,                 loss: nan
Episode: 1681/10000 (16.8100%),                 avg. length: 1707.35,                last time consumption/overall running time: 673.7669s / 52420.9818 s
env0_first_0:                 episode reward: -22.5500,                 loss: 2.1871
env0_second_0:                 episode reward: 22.5500,                 loss: 2.1907
env1_first_0:                 episode reward: -11.6500,                 loss: nan
env1_second_0:                 episode reward: 11.6500,                 loss: nan
Episode: 1701/10000 (17.0100%),                 avg. length: 1729.2,                last time consumption/overall running time: 681.3852s / 53102.3670 s
env0_first_0:                 episode reward: -18.6000,                 loss: 2.5645
env0_second_0:                 episode reward: 18.6000,                 loss: 2.5756
env1_first_0:                 episode reward: -17.6500,                 loss: nan
env1_second_0:                 episode reward: 17.6500,                 loss: nan
Episode: 1721/10000 (17.2100%),                 avg. length: 1729.25,                last time consumption/overall running time: 684.5980s / 53786.9649 s
env0_first_0:                 episode reward: -17.8500,                 loss: 2.4117
env0_second_0:                 episode reward: 17.8500,                 loss: 2.4325
env1_first_0:                 episode reward: -20.3000,                 loss: nan
env1_second_0:                 episode reward: 20.3000,                 loss: nan
Episode: 1741/10000 (17.4100%),                 avg. length: 1636.5,                last time consumption/overall running time: 647.3565s / 54434.3214 s
env0_first_0:                 episode reward: -18.3000,                 loss: 3.3494
env0_second_0:                 episode reward: 18.3000,                 loss: 3.3464
env1_first_0:                 episode reward: -23.2000,                 loss: nan
env1_second_0:                 episode reward: 23.2000,                 loss: nan
Episode: 1761/10000 (17.6100%),                 avg. length: 1672.0,                last time consumption/overall running time: 662.7665s / 55097.0879 s
env0_first_0:                 episode reward: -20.6000,                 loss: 3.0127
env0_second_0:                 episode reward: 20.6000,                 loss: 3.0412
env1_first_0:                 episode reward: -22.4500,                 loss: nan
env1_second_0:                 episode reward: 22.4500,                 loss: nan
Episode: 1781/10000 (17.8100%),                 avg. length: 1656.25,                last time consumption/overall running time: 655.1708s / 55752.2588 s
env0_first_0:                 episode reward: -22.1000,                 loss: 3.4625
env0_second_0:                 episode reward: 22.1000,                 loss: 3.4592
env1_first_0:                 episode reward: -21.1500,                 loss: nan
env1_second_0:                 episode reward: 21.1500,                 loss: nan
Episode: 1801/10000 (18.0100%),                 avg. length: 1521.0,                last time consumption/overall running time: 602.6962s / 56354.9549 s
env0_first_0:                 episode reward: -25.0000,                 loss: 4.0530
env0_second_0:                 episode reward: 25.0000,                 loss: 4.0425
env1_first_0:                 episode reward: -19.9500,                 loss: nan
env1_second_0:                 episode reward: 19.9500,                 loss: nan
Episode: 1821/10000 (18.2100%),                 avg. length: 1501.15,                last time consumption/overall running time: 595.1896s / 56950.1445 s
env0_first_0:                 episode reward: -20.7500,                 loss: 4.4734
env0_second_0:                 episode reward: 20.7500,                 loss: 4.4627
env1_first_0:                 episode reward: -25.7500,                 loss: nan
env1_second_0:                 episode reward: 25.7500,                 loss: nan
Episode: 1841/10000 (18.4100%),                 avg. length: 1569.7,                last time consumption/overall running time: 621.2803s / 57571.4248 s
env0_first_0:                 episode reward: -24.9500,                 loss: 3.8654
env0_second_0:                 episode reward: 24.9500,                 loss: 3.8666
env1_first_0:                 episode reward: -15.1000,                 loss: nan
env1_second_0:                 episode reward: 15.1000,                 loss: nan
Episode: 1861/10000 (18.6100%),                 avg. length: 1643.75,                last time consumption/overall running time: 652.5883s / 58224.0131 s
env0_first_0:                 episode reward: -21.3500,                 loss: 3.4116
env0_second_0:                 episode reward: 21.3500,                 loss: 3.3935
env1_first_0:                 episode reward: -13.6500,                 loss: nan
env1_second_0:                 episode reward: 13.6500,                 loss: nan
Episode: 1881/10000 (18.8100%),                 avg. length: 1610.8,                last time consumption/overall running time: 637.4468s / 58861.4598 s
env0_first_0:                 episode reward: -18.4000,                 loss: 3.1488
env0_second_0:                 episode reward: 18.4000,                 loss: 3.1417
env1_first_0:                 episode reward: -17.2500,                 loss: nan
env1_second_0:                 episode reward: 17.2500,                 loss: nan
Episode: 1901/10000 (19.0100%),                 avg. length: 1418.1,                last time consumption/overall running time: 561.6941s / 59423.1540 s
env0_first_0:                 episode reward: -29.5500,                 loss: 4.9942
env0_second_0:                 episode reward: 29.5500,                 loss: 5.0547
env1_first_0:                 episode reward: -27.9500,                 loss: nan
env1_second_0:                 episode reward: 27.9500,                 loss: nan
Episode: 1921/10000 (19.2100%),                 avg. length: 1429.55,                last time consumption/overall running time: 567.5054s / 59990.6593 s
env0_first_0:                 episode reward: -30.2000,                 loss: 5.6728
env0_second_0:                 episode reward: 30.2000,                 loss: 5.6186
env1_first_0:                 episode reward: -32.5500,                 loss: nan
env1_second_0:                 episode reward: 32.5500,                 loss: nan
Episode: 1941/10000 (19.4100%),                 avg. length: 1784.0,                last time consumption/overall running time: 708.7794s / 60699.4387 s
env0_first_0:                 episode reward: -7.0500,                 loss: 0.6783
env0_second_0:                 episode reward: 7.0500,                 loss: 0.6866
env1_first_0:                 episode reward: -4.2000,                 loss: nan
env1_second_0:                 episode reward: 4.2000,                 loss: nan
Episode: 1961/10000 (19.6100%),                 avg. length: 1780.9,                last time consumption/overall running time: 701.3603s / 61400.7990 s
env0_first_0:                 episode reward: -1.9500,                 loss: 0.1920
env0_second_0:                 episode reward: 1.9500,                 loss: 0.2094
env1_first_0:                 episode reward: -1.4500,                 loss: nan
env1_second_0:                 episode reward: 1.4500,                 loss: nan
Episode: 1981/10000 (19.8100%),                 avg. length: 1539.8,                last time consumption/overall running time: 610.1472s / 62010.9463 s