pygame 2.0.1 (SDL 2.0.14, Python 3.7.0)
Hello from the pygame community. https://www.pygame.org/contribute.html
boxing_v1 pettingzoo
/home/zihan/anaconda3/envs/x/lib/python3.7/site-packages/ecos/ecos.py:26: UserWarning: Converting G to a CSC matrix; may take a while.
  warn("Converting G to a CSC matrix; may take a while.")
/home/zihan/anaconda3/envs/x/lib/python3.7/site-packages/ecos/ecos.py:29: UserWarning: Converting A to a CSC matrix; may take a while.
  warn("Converting A to a CSC matrix; may take a while.")
random seed: [91, 69]
<SubprocVectorEnv instance>
ParallelDQN(
  (net): MLP(
    (body): Sequential(
      (0): Linear(in_features=128, out_features=128, bias=True)
      (1): ReLU()
      (2): Linear(in_features=128, out_features=128, bias=True)
      (3): ReLU()
      (4): Linear(in_features=128, out_features=128, bias=True)
      (5): ReLU()
      (6): Linear(in_features=128, out_features=128, bias=True)
      (7): ReLU()
      (8): Linear(in_features=128, out_features=18, bias=True)
    )
  )
)
ParallelDQN(
  (net): MLP(
    (body): Sequential(
      (0): Linear(in_features=128, out_features=128, bias=True)
      (1): ReLU()
      (2): Linear(in_features=128, out_features=128, bias=True)
      (3): ReLU()
      (4): Linear(in_features=128, out_features=128, bias=True)
      (5): ReLU()
      (6): Linear(in_features=128, out_features=128, bias=True)
      (7): ReLU()
      (8): Linear(in_features=128, out_features=18, bias=True)
    )
  )
)
No agent are not learnable.
Arguments:  {'env_name': 'boxing_v1', 'env_type': 'pettingzoo', 'num_envs': 2, 'ram': True, 'seed': 'random', 'algorithm': 'DQN', 'algorithm_spec': {'episodic_update': False, 'dueling': False, 'replay_buffer_size': '1e5', 'gamma': 0.99, 'multi_step': 1, 'target_update_interval': 1000, 'eps_start': 1.0, 'eps_final': 0.01, 'eps_decay': 30000}, 'batch_size': 128, 'max_episodes': 10000, 'max_steps_per_episode': 10000, 'train_start_frame': 10000, 'optimizer': 'adam', 'learning_rate': '1e-4', 'device': 'gpu', 'update_itr': 1, 'log_avg_window': 20, 'log_interval': 20, 'render': False, 'test': False, 'exploit': False, 'load_model_idx': False, 'load_model_full_path': False, 'multiprocess': False, 'eval_models': False, 'save_path': '', 'save_interval': 2000, 'net_architecture': {'hidden_dim_list': [128, 128, 128, 128], 'hidden_activation': 'ReLU', 'output_activation': False}, 'marl_method': 'nfsp', 'marl_spec': {'min_update_interval': 20, 'score_avg_window': 10, 'global_state': False, 'eta': 0.1}}
Save models to : /home/zihan/research/MARS/data/model/20220119_0526/pettingzoo_boxing_v1_nfsp. 
 Save logs to: /home/zihan/research/MARS/data/log/20220119_0526/pettingzoo_boxing_v1_nfsp.
Episode: 1/10000 (0.0100%),                 avg. length: 1784.0,                last time consumption/overall running time: 12.1571s / 12.1571 s
env0_first_0:                 episode reward: 3.0000,                 loss: nan
env0_second_0:                 episode reward: -3.0000,                 loss: nan
env1_first_0:                 episode reward: 3.0000,                 loss: nan
env1_second_0:                 episode reward: -3.0000,                 loss: nan
Episode: 21/10000 (0.2100%),                 avg. length: 1784.0,                last time consumption/overall running time: 1039.0733s / 1051.2303 s
env0_first_0:                 episode reward: 3.2000,                 loss: 0.0087
env0_second_0:                 episode reward: -3.2000,                 loss: 0.0085
env1_first_0:                 episode reward: -1.5500,                 loss: nan
env1_second_0:                 episode reward: 1.5500,                 loss: nan
Episode: 41/10000 (0.4100%),                 avg. length: 1784.0,                last time consumption/overall running time: 1334.6201s / 2385.8504 s
env0_first_0:                 episode reward: -1.2000,                 loss: 0.0172
env0_second_0:                 episode reward: 1.2000,                 loss: 0.0160
env1_first_0:                 episode reward: -1.1000,                 loss: nan
env1_second_0:                 episode reward: 1.1000,                 loss: nan
Episode: 61/10000 (0.6100%),                 avg. length: 1587.55,                last time consumption/overall running time: 1207.2231s / 3593.0735 s
env0_first_0:                 episode reward: -20.8500,                 loss: 0.0520
env0_second_0:                 episode reward: 20.8500,                 loss: 0.0490
env1_first_0:                 episode reward: -28.0500,                 loss: nan
env1_second_0:                 episode reward: 28.0500,                 loss: nan
Episode: 81/10000 (0.8100%),                 avg. length: 1207.6,                last time consumption/overall running time: 920.6139s / 4513.6874 s
env0_first_0:                 episode reward: -41.8500,                 loss: 0.1024
env0_second_0:                 episode reward: 41.8500,                 loss: 0.0934
env1_first_0:                 episode reward: -38.3500,                 loss: nan
env1_second_0:                 episode reward: 38.3500,                 loss: nan
Episode: 101/10000 (1.0100%),                 avg. length: 782.9,                last time consumption/overall running time: 597.0408s / 5110.7282 s
env0_first_0:                 episode reward: -57.0500,                 loss: 0.1224
env0_second_0:                 episode reward: 57.0500,                 loss: 0.1390
env1_first_0:                 episode reward: -51.2000,                 loss: nan
env1_second_0:                 episode reward: 51.2000,                 loss: nan
Episode: 121/10000 (1.2100%),                 avg. length: 594.25,                last time consumption/overall running time: 454.8505s / 5565.5787 s
env0_first_0:                 episode reward: -72.3500,                 loss: 0.1589
env0_second_0:                 episode reward: 72.3500,                 loss: 0.2087
env1_first_0:                 episode reward: -27.2000,                 loss: nan
env1_second_0:                 episode reward: 27.2000,                 loss: nan
Episode: 141/10000 (1.4100%),                 avg. length: 327.8,                last time consumption/overall running time: 251.3882s / 5816.9669 s
env0_first_0:                 episode reward: -76.2500,                 loss: 0.1845
env0_second_0:                 episode reward: 76.2500,                 loss: 0.2715
env1_first_0:                 episode reward: -70.4500,                 loss: nan
env1_second_0:                 episode reward: 70.4500,                 loss: nan
Episode: 161/10000 (1.6100%),                 avg. length: 323.55,                last time consumption/overall running time: 249.6204s / 6066.5873 s
env0_first_0:                 episode reward: -77.0500,                 loss: 0.2082
env0_second_0:                 episode reward: 77.0500,                 loss: 0.2923
env1_first_0:                 episode reward: -67.0500,                 loss: nan
env1_second_0:                 episode reward: 67.0500,                 loss: nan
Episode: 181/10000 (1.8100%),                 avg. length: 315.65,                last time consumption/overall running time: 242.1226s / 6308.7099 s
env0_first_0:                 episode reward: -70.6000,                 loss: 0.2503
env0_second_0:                 episode reward: 70.6000,                 loss: 0.3348
env1_first_0:                 episode reward: -79.4000,                 loss: nan
env1_second_0:                 episode reward: 79.4000,                 loss: nan
Episode: 201/10000 (2.0100%),                 avg. length: 255.35,                last time consumption/overall running time: 196.5148s / 6505.2247 s
env0_first_0:                 episode reward: -83.0500,                 loss: 0.2930
env0_second_0:                 episode reward: 83.0500,                 loss: 0.3695
env1_first_0:                 episode reward: -85.3000,                 loss: nan
env1_second_0:                 episode reward: 85.3000,                 loss: nan
Episode: 221/10000 (2.2100%),                 avg. length: 277.8,                last time consumption/overall running time: 213.4208s / 6718.6455 s
env0_first_0:                 episode reward: -87.9000,                 loss: 0.3135
env0_second_0:                 episode reward: 87.9000,                 loss: 0.4160
env1_first_0:                 episode reward: -83.9500,                 loss: nan
env1_second_0:                 episode reward: 83.9500,                 loss: nan
Episode: 241/10000 (2.4100%),                 avg. length: 375.75,                last time consumption/overall running time: 289.7779s / 7008.4234 s
env0_first_0:                 episode reward: -77.2500,                 loss: 0.3251
env0_second_0:                 episode reward: 77.2500,                 loss: 0.4032
env1_first_0:                 episode reward: -60.3000,                 loss: nan
env1_second_0:                 episode reward: 60.3000,                 loss: nan
Episode: 261/10000 (2.6100%),                 avg. length: 267.25,                last time consumption/overall running time: 205.0564s / 7213.4798 s
env0_first_0:                 episode reward: -82.3000,                 loss: 0.3251
env0_second_0:                 episode reward: 82.3000,                 loss: 0.3573
env1_first_0:                 episode reward: -87.5500,                 loss: nan
env1_second_0:                 episode reward: 87.5500,                 loss: nan
Episode: 281/10000 (2.8100%),                 avg. length: 261.6,                last time consumption/overall running time: 201.4400s / 7414.9198 s
env0_first_0:                 episode reward: -85.1500,                 loss: 0.3189
env0_second_0:                 episode reward: 85.1500,                 loss: 0.3690
env1_first_0:                 episode reward: -73.0000,                 loss: nan
env1_second_0:                 episode reward: 73.0000,                 loss: nan
Episode: 301/10000 (3.0100%),                 avg. length: 275.7,                last time consumption/overall running time: 211.4172s / 7626.3370 s
env0_first_0:                 episode reward: -80.0500,                 loss: 0.3352
env0_second_0:                 episode reward: 80.0500,                 loss: 0.4079
env1_first_0:                 episode reward: -73.9500,                 loss: nan
env1_second_0:                 episode reward: 73.9500,                 loss: nan
Episode: 321/10000 (3.2100%),                 avg. length: 256.4,                last time consumption/overall running time: 196.6327s / 7822.9697 s
env0_first_0:                 episode reward: -70.7000,                 loss: 0.3564
env0_second_0:                 episode reward: 70.7000,                 loss: 0.4031
env1_first_0:                 episode reward: -83.6000,                 loss: nan
env1_second_0:                 episode reward: 83.6000,                 loss: nan
Episode: 341/10000 (3.4100%),                 avg. length: 302.05,                last time consumption/overall running time: 232.3335s / 8055.3032 s
env0_first_0:                 episode reward: -76.6500,                 loss: 0.3883
env0_second_0:                 episode reward: 76.6500,                 loss: 0.4071
env1_first_0:                 episode reward: -70.2000,                 loss: nan
env1_second_0:                 episode reward: 70.2000,                 loss: nan
Episode: 361/10000 (3.6100%),                 avg. length: 275.4,                last time consumption/overall running time: 211.4917s / 8266.7949 s
env0_first_0:                 episode reward: -77.9000,                 loss: 0.4017
env0_second_0:                 episode reward: 77.9000,                 loss: 0.4238
env1_first_0:                 episode reward: -80.6500,                 loss: nan
env1_second_0:                 episode reward: 80.6500,                 loss: nan
Episode: 381/10000 (3.8100%),                 avg. length: 272.25,                last time consumption/overall running time: 209.4970s / 8476.2919 s
env0_first_0:                 episode reward: -89.3500,                 loss: 0.4254
env0_second_0:                 episode reward: 89.3500,                 loss: 0.4540
env1_first_0:                 episode reward: -75.4000,                 loss: nan
env1_second_0:                 episode reward: 75.4000,                 loss: nan
Episode: 401/10000 (4.0100%),                 avg. length: 271.35,                last time consumption/overall running time: 207.9807s / 8684.2726 s
env0_first_0:                 episode reward: -84.0500,                 loss: 0.4352
env0_second_0:                 episode reward: 84.0500,                 loss: 0.4600
env1_first_0:                 episode reward: -88.7500,                 loss: nan
env1_second_0:                 episode reward: 88.7500,                 loss: nan
Episode: 421/10000 (4.2100%),                 avg. length: 244.25,                last time consumption/overall running time: 187.9014s / 8872.1740 s
env0_first_0:                 episode reward: -79.8000,                 loss: 0.4390
env0_second_0:                 episode reward: 79.8000,                 loss: 0.4636
env1_first_0:                 episode reward: -81.1000,                 loss: nan
env1_second_0:                 episode reward: 81.1000,                 loss: nan
Episode: 441/10000 (4.4100%),                 avg. length: 278.9,                last time consumption/overall running time: 214.4688s / 9086.6428 s
env0_first_0:                 episode reward: -76.8000,                 loss: 0.4846
env0_second_0:                 episode reward: 76.8000,                 loss: 0.4739
env1_first_0:                 episode reward: -85.7500,                 loss: nan
env1_second_0:                 episode reward: 85.7500,                 loss: nan
Episode: 461/10000 (4.6100%),                 avg. length: 258.2,                last time consumption/overall running time: 198.2717s / 9284.9145 s
env0_first_0:                 episode reward: -72.3000,                 loss: 0.5213
env0_second_0:                 episode reward: 72.3000,                 loss: 0.4727
env1_first_0:                 episode reward: -92.8000,                 loss: nan
env1_second_0:                 episode reward: 92.8000,                 loss: nan
Episode: 481/10000 (4.8100%),                 avg. length: 262.9,                last time consumption/overall running time: 201.9305s / 9486.8450 s
env0_first_0:                 episode reward: -75.9500,                 loss: 0.5176
env0_second_0:                 episode reward: 75.9500,                 loss: 0.4800
env1_first_0:                 episode reward: -93.6500,                 loss: nan
env1_second_0:                 episode reward: 93.6500,                 loss: nan
Episode: 501/10000 (5.0100%),                 avg. length: 313.25,                last time consumption/overall running time: 240.3204s / 9727.1653 s
env0_first_0:                 episode reward: -66.4000,                 loss: 0.5347
env0_second_0:                 episode reward: 66.4000,                 loss: 0.5043
env1_first_0:                 episode reward: -75.0000,                 loss: nan
env1_second_0:                 episode reward: 75.0000,                 loss: nan
Episode: 521/10000 (5.2100%),                 avg. length: 273.8,                last time consumption/overall running time: 210.6925s / 9937.8578 s
env0_first_0:                 episode reward: -89.3000,                 loss: 0.5831
env0_second_0:                 episode reward: 89.3000,                 loss: 0.5221
env1_first_0:                 episode reward: -75.5000,                 loss: nan
env1_second_0:                 episode reward: 75.5000,                 loss: nan
Episode: 541/10000 (5.4100%),                 avg. length: 309.95,                last time consumption/overall running time: 238.2866s / 10176.1444 s
env0_first_0:                 episode reward: -86.6500,                 loss: 0.5747
env0_second_0:                 episode reward: 86.6500,                 loss: 0.4958
env1_first_0:                 episode reward: -60.5500,                 loss: nan
env1_second_0:                 episode reward: 60.5500,                 loss: nan
Episode: 561/10000 (5.6100%),                 avg. length: 430.1,                last time consumption/overall running time: 329.7546s / 10505.8990 s
env0_first_0:                 episode reward: -62.8500,                 loss: 0.5662
env0_second_0:                 episode reward: 62.8500,                 loss: 0.5203
env1_first_0:                 episode reward: -69.6500,                 loss: nan
env1_second_0:                 episode reward: 69.6500,                 loss: nan
Episode: 581/10000 (5.8100%),                 avg. length: 397.45,                last time consumption/overall running time: 304.5633s / 10810.4623 s
env0_first_0:                 episode reward: -76.5500,                 loss: 0.6035
env0_second_0:                 episode reward: 76.5500,                 loss: 0.5282
env1_first_0:                 episode reward: -81.2500,                 loss: nan
env1_second_0:                 episode reward: 81.2500,                 loss: nan
Episode: 601/10000 (6.0100%),                 avg. length: 723.15,                last time consumption/overall running time: 553.9089s / 11364.3712 s
env0_first_0:                 episode reward: -58.2500,                 loss: 0.4686
env0_second_0:                 episode reward: 58.2500,                 loss: 0.4590
env1_first_0:                 episode reward: -44.0000,                 loss: nan
env1_second_0:                 episode reward: 44.0000,                 loss: nan
Episode: 621/10000 (6.2100%),                 avg. length: 333.85,                last time consumption/overall running time: 256.3133s / 11620.6845 s
env0_first_0:                 episode reward: -86.4500,                 loss: 0.4376
env0_second_0:                 episode reward: 86.4500,                 loss: 0.4324
env1_first_0:                 episode reward: -78.2500,                 loss: nan
env1_second_0:                 episode reward: 78.2500,                 loss: nan
Episode: 641/10000 (6.4100%),                 avg. length: 308.05,                last time consumption/overall running time: 236.9082s / 11857.5928 s
env0_first_0:                 episode reward: -78.3500,                 loss: 0.4386
env0_second_0:                 episode reward: 78.3500,                 loss: 0.4015
env1_first_0:                 episode reward: -60.6500,                 loss: nan
env1_second_0:                 episode reward: 60.6500,                 loss: nan
Episode: 661/10000 (6.6100%),                 avg. length: 322.65,                last time consumption/overall running time: 247.5155s / 12105.1083 s
env0_first_0:                 episode reward: -61.9000,                 loss: 0.4588
env0_second_0:                 episode reward: 61.9000,                 loss: 0.4054
env1_first_0:                 episode reward: -67.0500,                 loss: nan
env1_second_0:                 episode reward: 67.0500,                 loss: nan
Episode: 681/10000 (6.8100%),                 avg. length: 352.9,                last time consumption/overall running time: 271.0466s / 12376.1548 s
env0_first_0:                 episode reward: -70.4000,                 loss: 0.4560
env0_second_0:                 episode reward: 70.4000,                 loss: 0.4034
env1_first_0:                 episode reward: -69.8000,                 loss: nan
env1_second_0:                 episode reward: 69.8000,                 loss: nan
Episode: 701/10000 (7.0100%),                 avg. length: 275.15,                last time consumption/overall running time: 212.6648s / 12588.8196 s
env0_first_0:                 episode reward: -83.9500,                 loss: 0.4866
env0_second_0:                 episode reward: 83.9500,                 loss: 0.4181
env1_first_0:                 episode reward: -74.2000,                 loss: nan
env1_second_0:                 episode reward: 74.2000,                 loss: nan
Episode: 721/10000 (7.2100%),                 avg. length: 313.8,                last time consumption/overall running time: 241.8232s / 12830.6428 s
env0_first_0:                 episode reward: -69.1000,                 loss: 0.5402
env0_second_0:                 episode reward: 69.1000,                 loss: 0.4527
env1_first_0:                 episode reward: -74.9000,                 loss: nan
env1_second_0:                 episode reward: 74.9000,                 loss: nan
Episode: 741/10000 (7.4100%),                 avg. length: 279.1,                last time consumption/overall running time: 213.6856s / 13044.3284 s
env0_first_0:                 episode reward: -71.4000,                 loss: 0.5896
env0_second_0:                 episode reward: 71.4000,                 loss: 0.5485
env1_first_0:                 episode reward: -78.4000,                 loss: nan
env1_second_0:                 episode reward: 78.4000,                 loss: nan
Episode: 761/10000 (7.6100%),                 avg. length: 273.65,                last time consumption/overall running time: 211.0567s / 13255.3851 s
env0_first_0:                 episode reward: -84.3000,                 loss: 0.6598
env0_second_0:                 episode reward: 84.3000,                 loss: 0.5921
env1_first_0:                 episode reward: -74.4000,                 loss: nan
env1_second_0:                 episode reward: 74.4000,                 loss: nan
Episode: 781/10000 (7.8100%),                 avg. length: 257.95,                last time consumption/overall running time: 199.2863s / 13454.6714 s
env0_first_0:                 episode reward: -83.8500,                 loss: 0.6636
env0_second_0:                 episode reward: 83.8500,                 loss: 0.6028
env1_first_0:                 episode reward: -79.6000,                 loss: nan
env1_second_0:                 episode reward: 79.6000,                 loss: nan
Episode: 801/10000 (8.0100%),                 avg. length: 293.55,                last time consumption/overall running time: 225.1186s / 13679.7900 s
env0_first_0:                 episode reward: -81.3500,                 loss: 0.7141
env0_second_0:                 episode reward: 81.3500,                 loss: 0.6275
env1_first_0:                 episode reward: -82.3000,                 loss: nan
env1_second_0:                 episode reward: 82.3000,                 loss: nan
Episode: 821/10000 (8.2100%),                 avg. length: 260.25,                last time consumption/overall running time: 199.9055s / 13879.6954 s
env0_first_0:                 episode reward: -82.9500,                 loss: 0.7037
env0_second_0:                 episode reward: 82.9500,                 loss: 0.6286
env1_first_0:                 episode reward: -88.7500,                 loss: nan
env1_second_0:                 episode reward: 88.7500,                 loss: nan
Episode: 841/10000 (8.4100%),                 avg. length: 283.85,                last time consumption/overall running time: 217.7054s / 14097.4008 s
env0_first_0:                 episode reward: -82.4000,                 loss: 0.7756
env0_second_0:                 episode reward: 82.4000,                 loss: 0.6256
env1_first_0:                 episode reward: -76.8000,                 loss: nan
env1_second_0:                 episode reward: 76.8000,                 loss: nan
Episode: 861/10000 (8.6100%),                 avg. length: 287.6,                last time consumption/overall running time: 221.3782s / 14318.7790 s
env0_first_0:                 episode reward: -80.6500,                 loss: 0.7844
env0_second_0:                 episode reward: 80.6500,                 loss: 0.6680
env1_first_0:                 episode reward: -76.5500,                 loss: nan
env1_second_0:                 episode reward: 76.5500,                 loss: nan
Episode: 881/10000 (8.8100%),                 avg. length: 332.6,                last time consumption/overall running time: 255.0909s / 14573.8699 s
env0_first_0:                 episode reward: -58.8000,                 loss: 0.8272
env0_second_0:                 episode reward: 58.8000,                 loss: 0.7096
env1_first_0:                 episode reward: -73.5000,                 loss: nan
env1_second_0:                 episode reward: 73.5000,                 loss: nan
Episode: 901/10000 (9.0100%),                 avg. length: 268.4,                last time consumption/overall running time: 206.6762s / 14780.5461 s
env0_first_0:                 episode reward: -92.1000,                 loss: 0.8707
env0_second_0:                 episode reward: 92.1000,                 loss: 0.7021
env1_first_0:                 episode reward: -73.8000,                 loss: nan
env1_second_0:                 episode reward: 73.8000,                 loss: nan
Episode: 921/10000 (9.2100%),                 avg. length: 280.75,                last time consumption/overall running time: 215.6057s / 14996.1519 s
env0_first_0:                 episode reward: -64.5500,                 loss: 0.8934
env0_second_0:                 episode reward: 64.5500,                 loss: 0.7106
env1_first_0:                 episode reward: -84.1500,                 loss: nan
env1_second_0:                 episode reward: 84.1500,                 loss: nan
Episode: 941/10000 (9.4100%),                 avg. length: 391.55,                last time consumption/overall running time: 301.3274s / 15297.4793 s
env0_first_0:                 episode reward: -65.9000,                 loss: 0.8408
env0_second_0:                 episode reward: 65.9000,                 loss: 0.7247
env1_first_0:                 episode reward: -66.1500,                 loss: nan
env1_second_0:                 episode reward: 66.1500,                 loss: nan
Episode: 961/10000 (9.6100%),                 avg. length: 288.55,                last time consumption/overall running time: 221.5428s / 15519.0221 s
env0_first_0:                 episode reward: -71.5500,                 loss: 0.9126
env0_second_0:                 episode reward: 71.5500,                 loss: 0.7807
env1_first_0:                 episode reward: -83.4500,                 loss: nan
env1_second_0:                 episode reward: 83.4500,                 loss: nan
Episode: 981/10000 (9.8100%),                 avg. length: 315.35,                last time consumption/overall running time: 242.2052s / 15761.2272 s
env0_first_0:                 episode reward: -68.0000,                 loss: 0.9801
env0_second_0:                 episode reward: 68.0000,                 loss: 0.8005
env1_first_0:                 episode reward: -75.4000,                 loss: nan
env1_second_0:                 episode reward: 75.4000,                 loss: nan
Episode: 1001/10000 (10.0100%),                 avg. length: 294.6,                last time consumption/overall running time: 226.3619s / 15987.5892 s
env0_first_0:                 episode reward: -80.0000,                 loss: 1.0031
env0_second_0:                 episode reward: 80.0000,                 loss: 0.8265
env1_first_0:                 episode reward: -74.7500,                 loss: nan
env1_second_0:                 episode reward: 74.7500,                 loss: nan
Episode: 1021/10000 (10.2100%),                 avg. length: 293.35,                last time consumption/overall running time: 225.3001s / 16212.8893 s
env0_first_0:                 episode reward: -82.6000,                 loss: 0.9444
env0_second_0:                 episode reward: 82.6000,                 loss: 0.7658
env1_first_0:                 episode reward: -82.7500,                 loss: nan
env1_second_0:                 episode reward: 82.7500,                 loss: nan
Episode: 1041/10000 (10.4100%),                 avg. length: 262.8,                last time consumption/overall running time: 201.6177s / 16414.5070 s
env0_first_0:                 episode reward: -84.9000,                 loss: 0.9357
env0_second_0:                 episode reward: 84.9000,                 loss: 0.8160
env1_first_0:                 episode reward: -79.0000,                 loss: nan
env1_second_0:                 episode reward: 79.0000,                 loss: nan
Episode: 1061/10000 (10.6100%),                 avg. length: 270.45,                last time consumption/overall running time: 208.4474s / 16622.9544 s
env0_first_0:                 episode reward: -81.8500,                 loss: 0.9285
env0_second_0:                 episode reward: 81.8500,                 loss: 0.8171
env1_first_0:                 episode reward: -79.6000,                 loss: nan
env1_second_0:                 episode reward: 79.6000,                 loss: nan
Episode: 1081/10000 (10.8100%),                 avg. length: 331.0,                last time consumption/overall running time: 254.1197s / 16877.0741 s
env0_first_0:                 episode reward: -75.4000,                 loss: 0.9733
env0_second_0:                 episode reward: 75.4000,                 loss: 0.8236
env1_first_0:                 episode reward: -78.6500,                 loss: nan
env1_second_0:                 episode reward: 78.6500,                 loss: nan
Episode: 1101/10000 (11.0100%),                 avg. length: 1319.85,                last time consumption/overall running time: 1009.0613s / 17886.1354 s
env0_first_0:                 episode reward: -18.0500,                 loss: 0.7757
env0_second_0:                 episode reward: 18.0500,                 loss: 0.6504
env1_first_0:                 episode reward: -27.3500,                 loss: nan
env1_second_0:                 episode reward: 27.3500,                 loss: nan
Episode: 1121/10000 (11.2100%),                 avg. length: 337.8,                last time consumption/overall running time: 259.9171s / 18146.0525 s
env0_first_0:                 episode reward: -76.7500,                 loss: 0.4815
env0_second_0:                 episode reward: 76.7500,                 loss: 0.4199
env1_first_0:                 episode reward: -73.8500,                 loss: nan
env1_second_0:                 episode reward: 73.8500,                 loss: nan
Episode: 1141/10000 (11.4100%),                 avg. length: 332.0,                last time consumption/overall running time: 255.1174s / 18401.1699 s
env0_first_0:                 episode reward: -72.4500,                 loss: 0.4407
env0_second_0:                 episode reward: 72.4500,                 loss: 0.3842
env1_first_0:                 episode reward: -78.5500,                 loss: nan
env1_second_0:                 episode reward: 78.5500,                 loss: nan
Episode: 1161/10000 (11.6100%),                 avg. length: 398.8,                last time consumption/overall running time: 306.0034s / 18707.1733 s
env0_first_0:                 episode reward: -75.5000,                 loss: 0.4084
env0_second_0:                 episode reward: 75.5000,                 loss: 0.3844
env1_first_0:                 episode reward: -67.3000,                 loss: nan
env1_second_0:                 episode reward: 67.3000,                 loss: nan
Episode: 1181/10000 (11.8100%),                 avg. length: 607.25,                last time consumption/overall running time: 464.6346s / 19171.8079 s
env0_first_0:                 episode reward: -61.7000,                 loss: 0.4448
env0_second_0:                 episode reward: 61.7000,                 loss: 0.3967
env1_first_0:                 episode reward: -64.7000,                 loss: nan
env1_second_0:                 episode reward: 64.7000,                 loss: nan
Episode: 1201/10000 (12.0100%),                 avg. length: 309.15,                last time consumption/overall running time: 237.8510s / 19409.6590 s
env0_first_0:                 episode reward: -78.4500,                 loss: 0.5762
env0_second_0:                 episode reward: 78.4500,                 loss: 0.4635
env1_first_0:                 episode reward: -77.9500,                 loss: nan
env1_second_0:                 episode reward: 77.9500,                 loss: nan
Episode: 1221/10000 (12.2100%),                 avg. length: 335.8,                last time consumption/overall running time: 258.6569s / 19668.3158 s
env0_first_0:                 episode reward: -65.6500,                 loss: 0.7406
env0_second_0:                 episode reward: 65.6500,                 loss: 0.5587
env1_first_0:                 episode reward: -75.1000,                 loss: nan
env1_second_0:                 episode reward: 75.1000,                 loss: nan
Episode: 1241/10000 (12.4100%),                 avg. length: 347.0,                last time consumption/overall running time: 267.2387s / 19935.5545 s
env0_first_0:                 episode reward: -71.0000,                 loss: 0.9227
env0_second_0:                 episode reward: 71.0000,                 loss: 0.6706
env1_first_0:                 episode reward: -74.2000,                 loss: nan
env1_second_0:                 episode reward: 74.2000,                 loss: nan
Episode: 1261/10000 (12.6100%),                 avg. length: 318.0,                last time consumption/overall running time: 244.3391s / 20179.8936 s
env0_first_0:                 episode reward: -59.0000,                 loss: 0.9633
env0_second_0:                 episode reward: 59.0000,                 loss: 0.7104
env1_first_0:                 episode reward: -74.8000,                 loss: nan
env1_second_0:                 episode reward: 74.8000,                 loss: nan
Episode: 1281/10000 (12.8100%),                 avg. length: 306.8,                last time consumption/overall running time: 236.3244s / 20416.2180 s
env0_first_0:                 episode reward: -77.4500,                 loss: 1.0478
env0_second_0:                 episode reward: 77.4500,                 loss: 0.7561
env1_first_0:                 episode reward: -65.5500,                 loss: nan
env1_second_0:                 episode reward: 65.5500,                 loss: nan
Episode: 1301/10000 (13.0100%),                 avg. length: 286.7,                last time consumption/overall running time: 220.5170s / 20636.7350 s
env0_first_0:                 episode reward: -79.6500,                 loss: 1.0210
env0_second_0:                 episode reward: 79.6500,                 loss: 0.7325
env1_first_0:                 episode reward: -63.2000,                 loss: nan
env1_second_0:                 episode reward: 63.2000,                 loss: nan
Episode: 1321/10000 (13.2100%),                 avg. length: 298.75,                last time consumption/overall running time: 229.1624s / 20865.8974 s
env0_first_0:                 episode reward: -81.7000,                 loss: 1.1198
env0_second_0:                 episode reward: 81.7000,                 loss: 0.7604
env1_first_0:                 episode reward: -70.2000,                 loss: nan
env1_second_0:                 episode reward: 70.2000,                 loss: nan
Episode: 1341/10000 (13.4100%),                 avg. length: 338.75,                last time consumption/overall running time: 259.9150s / 21125.8124 s
env0_first_0:                 episode reward: -72.3500,                 loss: 1.1723
env0_second_0:                 episode reward: 72.3500,                 loss: 0.7976
env1_first_0:                 episode reward: -78.3500,                 loss: nan
env1_second_0:                 episode reward: 78.3500,                 loss: nan
Episode: 1361/10000 (13.6100%),                 avg. length: 283.0,                last time consumption/overall running time: 217.2410s / 21343.0534 s
env0_first_0:                 episode reward: -69.4000,                 loss: 1.1615
env0_second_0:                 episode reward: 69.4000,                 loss: 0.8256
env1_first_0:                 episode reward: -83.7000,                 loss: nan
env1_second_0:                 episode reward: 83.7000,                 loss: nan
Episode: 1381/10000 (13.8100%),                 avg. length: 260.8,                last time consumption/overall running time: 200.4347s / 21543.4881 s
env0_first_0:                 episode reward: -77.2000,                 loss: 1.2091
env0_second_0:                 episode reward: 77.2000,                 loss: 0.8511
env1_first_0:                 episode reward: -75.7500,                 loss: nan
env1_second_0:                 episode reward: 75.7500,                 loss: nan
Episode: 1401/10000 (14.0100%),                 avg. length: 301.25,                last time consumption/overall running time: 230.9286s / 21774.4167 s
env0_first_0:                 episode reward: -75.9000,                 loss: 1.1532
env0_second_0:                 episode reward: 75.9000,                 loss: 0.8526
env1_first_0:                 episode reward: -82.5500,                 loss: nan
env1_second_0:                 episode reward: 82.5500,                 loss: nan
Episode: 1421/10000 (14.2100%),                 avg. length: 348.15,                last time consumption/overall running time: 267.2645s / 22041.6812 s
env0_first_0:                 episode reward: -81.1000,                 loss: 1.0446
env0_second_0:                 episode reward: 81.1000,                 loss: 0.8000
env1_first_0:                 episode reward: -68.9000,                 loss: nan
env1_second_0:                 episode reward: 68.9000,                 loss: nan
Episode: 1441/10000 (14.4100%),                 avg. length: 237.85,                last time consumption/overall running time: 182.7398s / 22224.4210 s
env0_first_0:                 episode reward: -74.3000,                 loss: 1.0430
env0_second_0:                 episode reward: 74.3000,                 loss: 0.7768
env1_first_0:                 episode reward: -98.9000,                 loss: nan
env1_second_0:                 episode reward: 98.9000,                 loss: nan
Episode: 1461/10000 (14.6100%),                 avg. length: 265.9,                last time consumption/overall running time: 203.9742s / 22428.3952 s
env0_first_0:                 episode reward: -82.9500,                 loss: 1.0659
env0_second_0:                 episode reward: 82.9500,                 loss: 0.7795
env1_first_0:                 episode reward: -81.8000,                 loss: nan
env1_second_0:                 episode reward: 81.8000,                 loss: nan
Episode: 1481/10000 (14.8100%),                 avg. length: 243.1,                last time consumption/overall running time: 186.5888s / 22614.9839 s
env0_first_0:                 episode reward: -83.0500,                 loss: 0.9612
env0_second_0:                 episode reward: 83.0500,                 loss: 0.7168
env1_first_0:                 episode reward: -88.1000,                 loss: nan
env1_second_0:                 episode reward: 88.1000,                 loss: nan
Episode: 1501/10000 (15.0100%),                 avg. length: 225.4,                last time consumption/overall running time: 173.2105s / 22788.1945 s
env0_first_0:                 episode reward: -88.2500,                 loss: 0.8952
env0_second_0:                 episode reward: 88.2500,                 loss: 0.6869
env1_first_0:                 episode reward: -88.6500,                 loss: nan
env1_second_0:                 episode reward: 88.6500,                 loss: nan
Episode: 1521/10000 (15.2100%),                 avg. length: 238.95,                last time consumption/overall running time: 183.8448s / 22972.0392 s
env0_first_0:                 episode reward: -84.7000,                 loss: 0.8464
env0_second_0:                 episode reward: 84.7000,                 loss: 0.6467
env1_first_0:                 episode reward: -81.9500,                 loss: nan
env1_second_0:                 episode reward: 81.9500,                 loss: nan
Episode: 1541/10000 (15.4100%),                 avg. length: 241.85,                last time consumption/overall running time: 186.3726s / 23158.4118 s
env0_first_0:                 episode reward: -86.4000,                 loss: 0.8448
env0_second_0:                 episode reward: 86.4000,                 loss: 0.6535
env1_first_0:                 episode reward: -83.8000,                 loss: nan
env1_second_0:                 episode reward: 83.8000,                 loss: nan
Episode: 1561/10000 (15.6100%),                 avg. length: 248.35,                last time consumption/overall running time: 191.4001s / 23349.8120 s
env0_first_0:                 episode reward: -87.5500,                 loss: 0.8048
env0_second_0:                 episode reward: 87.5500,                 loss: 0.6342
env1_first_0:                 episode reward: -89.1000,                 loss: nan
env1_second_0:                 episode reward: 89.1000,                 loss: nan
Episode: 1581/10000 (15.8100%),                 avg. length: 253.6,                last time consumption/overall running time: 195.6004s / 23545.4123 s
env0_first_0:                 episode reward: -78.6000,                 loss: 0.8105
env0_second_0:                 episode reward: 78.6000,                 loss: 0.6282
env1_first_0:                 episode reward: -83.3000,                 loss: nan
env1_second_0:                 episode reward: 83.3000,                 loss: nan
Episode: 1601/10000 (16.0100%),                 avg. length: 418.35,                last time consumption/overall running time: 320.7471s / 23866.1594 s
env0_first_0:                 episode reward: -79.2000,                 loss: 0.8153
env0_second_0:                 episode reward: 79.2000,                 loss: 0.6229
env1_first_0:                 episode reward: -79.2500,                 loss: nan
env1_second_0:                 episode reward: 79.2500,                 loss: nan
Episode: 1621/10000 (16.2100%),                 avg. length: 434.95,                last time consumption/overall running time: 333.7553s / 24199.9146 s
env0_first_0:                 episode reward: -49.6500,                 loss: 0.7310
env0_second_0:                 episode reward: 49.6500,                 loss: 0.5746
env1_first_0:                 episode reward: -73.4500,                 loss: nan
env1_second_0:                 episode reward: 73.4500,                 loss: nan
Episode: 1641/10000 (16.4100%),                 avg. length: 380.95,                last time consumption/overall running time: 291.3935s / 24491.3081 s
env0_first_0:                 episode reward: -66.0500,                 loss: 0.7966
env0_second_0:                 episode reward: 66.0500,                 loss: 0.6120
env1_first_0:                 episode reward: -66.9000,                 loss: nan
env1_second_0:                 episode reward: 66.9000,                 loss: nan
Episode: 1661/10000 (16.6100%),                 avg. length: 333.3,                last time consumption/overall running time: 254.4801s / 24745.7882 s
env0_first_0:                 episode reward: -76.7500,                 loss: 0.8513
env0_second_0:                 episode reward: 76.7500,                 loss: 0.6627
env1_first_0:                 episode reward: -61.2000,                 loss: nan
env1_second_0:                 episode reward: 61.2000,                 loss: nan
Episode: 1681/10000 (16.8100%),                 avg. length: 320.6,                last time consumption/overall running time: 246.3376s / 24992.1259 s
env0_first_0:                 episode reward: -66.1500,                 loss: 0.9616
env0_second_0:                 episode reward: 66.1500,                 loss: 0.7077
env1_first_0:                 episode reward: -73.7000,                 loss: nan
env1_second_0:                 episode reward: 73.7000,                 loss: nan
Episode: 1701/10000 (17.0100%),                 avg. length: 290.05,                last time consumption/overall running time: 221.9054s / 25214.0313 s
env0_first_0:                 episode reward: -75.6000,                 loss: 1.0275
env0_second_0:                 episode reward: 75.6000,                 loss: 0.6971
env1_first_0:                 episode reward: -76.5500,                 loss: nan
env1_second_0:                 episode reward: 76.5500,                 loss: nan
Episode: 1721/10000 (17.2100%),                 avg. length: 304.5,                last time consumption/overall running time: 233.1869s / 25447.2181 s
env0_first_0:                 episode reward: -77.5500,                 loss: 1.0215
env0_second_0:                 episode reward: 77.5500,                 loss: 0.6827
env1_first_0:                 episode reward: -81.0500,                 loss: nan
env1_second_0:                 episode reward: 81.0500,                 loss: nan
Episode: 1741/10000 (17.4100%),                 avg. length: 290.4,                last time consumption/overall running time: 223.3234s / 25670.5416 s
env0_first_0:                 episode reward: -69.4500,                 loss: 1.0409
env0_second_0:                 episode reward: 69.4500,                 loss: 0.6947
env1_first_0:                 episode reward: -80.1000,                 loss: nan
env1_second_0:                 episode reward: 80.1000,                 loss: nan
Episode: 1761/10000 (17.6100%),                 avg. length: 403.55,                last time consumption/overall running time: 308.1564s / 25978.6979 s
env0_first_0:                 episode reward: -70.5000,                 loss: 1.1013
env0_second_0:                 episode reward: 70.5000,                 loss: 0.7639
env1_first_0:                 episode reward: -69.9000,                 loss: nan
env1_second_0:                 episode reward: 69.9000,                 loss: nan
Episode: 1781/10000 (17.8100%),                 avg. length: 751.0,                last time consumption/overall running time: 574.8269s / 26553.5249 s
env0_first_0:                 episode reward: -35.5500,                 loss: 0.9923
env0_second_0:                 episode reward: 35.5500,                 loss: 0.7767
env1_first_0:                 episode reward: -55.2000,                 loss: nan
env1_second_0:                 episode reward: 55.2000,                 loss: nan
Episode: 1801/10000 (18.0100%),                 avg. length: 630.85,                last time consumption/overall running time: 483.1721s / 27036.6969 s
env0_first_0:                 episode reward: -48.1500,                 loss: 0.8464
env0_second_0:                 episode reward: 48.1500,                 loss: 0.6773
env1_first_0:                 episode reward: -55.3000,                 loss: nan
env1_second_0:                 episode reward: 55.3000,                 loss: nan
Episode: 1821/10000 (18.2100%),                 avg. length: 254.35,                last time consumption/overall running time: 195.1156s / 27231.8126 s
env0_first_0:                 episode reward: -91.3000,                 loss: 0.6984
env0_second_0:                 episode reward: 91.3000,                 loss: 0.6041
env1_first_0:                 episode reward: -89.8000,                 loss: nan
env1_second_0:                 episode reward: 89.8000,                 loss: nan
Episode: 1841/10000 (18.4100%),                 avg. length: 242.55,                last time consumption/overall running time: 186.8315s / 27418.6441 s
env0_first_0:                 episode reward: -84.0500,                 loss: 0.6839
env0_second_0:                 episode reward: 84.0500,                 loss: 0.6062
env1_first_0:                 episode reward: -92.5500,                 loss: nan
env1_second_0:                 episode reward: 92.5500,                 loss: nan
Episode: 1861/10000 (18.6100%),                 avg. length: 362.5,                last time consumption/overall running time: 277.0920s / 27695.7360 s
env0_first_0:                 episode reward: -64.3000,                 loss: 0.6784
env0_second_0:                 episode reward: 64.3000,                 loss: 0.5774
env1_first_0:                 episode reward: -73.8500,                 loss: nan
env1_second_0:                 episode reward: 73.8500,                 loss: nan
Episode: 1881/10000 (18.8100%),                 avg. length: 358.4,                last time consumption/overall running time: 275.1362s / 27970.8723 s
env0_first_0:                 episode reward: -80.6000,                 loss: 0.6551
env0_second_0:                 episode reward: 80.6000,                 loss: 0.5710
env1_first_0:                 episode reward: -81.8000,                 loss: nan
env1_second_0:                 episode reward: 81.8000,                 loss: nan
Episode: 1901/10000 (19.0100%),                 avg. length: 332.65,                last time consumption/overall running time: 253.8315s / 28224.7038 s
env0_first_0:                 episode reward: -73.0500,                 loss: 0.7973
env0_second_0:                 episode reward: 73.0500,                 loss: 0.7017
env1_first_0:                 episode reward: -75.9500,                 loss: nan
env1_second_0:                 episode reward: 75.9500,                 loss: nan
Episode: 1921/10000 (19.2100%),                 avg. length: 306.45,                last time consumption/overall running time: 235.9754s / 28460.6791 s
env0_first_0:                 episode reward: -74.1500,                 loss: 0.9505
env0_second_0:                 episode reward: 74.1500,                 loss: 0.7742
env1_first_0:                 episode reward: -71.5500,                 loss: nan
env1_second_0:                 episode reward: 71.5500,                 loss: nan
Episode: 1941/10000 (19.4100%),                 avg. length: 316.4,                last time consumption/overall running time: 243.1551s / 28703.8342 s
env0_first_0:                 episode reward: -80.3000,                 loss: 1.0252
env0_second_0:                 episode reward: 80.3000,                 loss: 0.7930
env1_first_0:                 episode reward: -77.3500,                 loss: nan
env1_second_0:                 episode reward: 77.3500,                 loss: nan
Episode: 1961/10000 (19.6100%),                 avg. length: 293.2,                last time consumption/overall running time: 225.2860s / 28929.1202 s
env0_first_0:                 episode reward: -78.6500,                 loss: 1.0555
env0_second_0:                 episode reward: 78.6500,                 loss: 0.8179
env1_first_0:                 episode reward: -80.8000,                 loss: nan
env1_second_0:                 episode reward: 80.8000,                 loss: nan
Episode: 1981/10000 (19.8100%),                 avg. length: 284.95,                last time consumption/overall running time: 218.9025s / 29148.0227 s
env0_first_0:                 episode reward: -89.9000,                 loss: 1.0716
env0_second_0:                 episode reward: 89.9000,                 loss: 0.8313
env1_first_0:                 episode reward: -71.4000,                 loss: nan
env1_second_0:                 episode reward: 71.4000,                 loss: nan
Episode: 2001/10000 (20.0100%),                 avg. length: 255.7,                last time consumption/overall running time: 197.0188s / 29345.0415 s
env0_first_0:                 episode reward: -71.6500,                 loss: 1.0016
env0_second_0:                 episode reward: 71.6500,                 loss: 0.8538
env1_first_0:                 episode reward: -91.6000,                 loss: nan
env1_second_0:                 episode reward: 91.6000,                 loss: nan
Episode: 2021/10000 (20.2100%),                 avg. length: 299.4,                last time consumption/overall running time: 229.9279s / 29574.9694 s
env0_first_0:                 episode reward: -73.0500,                 loss: 1.0023
env0_second_0:                 episode reward: 73.0500,                 loss: 0.8406
env1_first_0:                 episode reward: -87.5500,                 loss: nan
env1_second_0:                 episode reward: 87.5500,                 loss: nan
Episode: 2041/10000 (20.4100%),                 avg. length: 266.9,                last time consumption/overall running time: 204.8673s / 29779.8367 s
env0_first_0:                 episode reward: -85.0500,                 loss: 1.0274
env0_second_0:                 episode reward: 85.0500,                 loss: 0.8124
env1_first_0:                 episode reward: -85.6500,                 loss: nan
env1_second_0:                 episode reward: 85.6500,                 loss: nan
Episode: 2061/10000 (20.6100%),                 avg. length: 262.55,                last time consumption/overall running time: 201.0452s / 29980.8819 s
env0_first_0:                 episode reward: -84.1500,                 loss: 0.9969
env0_second_0:                 episode reward: 84.1500,                 loss: 0.7467
env1_first_0:                 episode reward: -76.5500,                 loss: nan
env1_second_0:                 episode reward: 76.5500,                 loss: nan
Episode: 2081/10000 (20.8100%),                 avg. length: 255.5,                last time consumption/overall running time: 197.4158s / 30178.2978 s
env0_first_0:                 episode reward: -87.4500,                 loss: 0.9378
env0_second_0:                 episode reward: 87.4500,                 loss: 0.7050
env1_first_0:                 episode reward: -79.0500,                 loss: nan
env1_second_0:                 episode reward: 79.0500,                 loss: nan
Episode: 2101/10000 (21.0100%),                 avg. length: 263.3,                last time consumption/overall running time: 202.4469s / 30380.7447 s
env0_first_0:                 episode reward: -91.5500,                 loss: 0.9026
env0_second_0:                 episode reward: 91.5500,                 loss: 0.6694
env1_first_0:                 episode reward: -82.0000,                 loss: nan
env1_second_0:                 episode reward: 82.0000,                 loss: nan
Episode: 2121/10000 (21.2100%),                 avg. length: 263.05,                last time consumption/overall running time: 201.7436s / 30582.4883 s
env0_first_0:                 episode reward: -78.8000,                 loss: 0.8760
env0_second_0:                 episode reward: 78.8000,                 loss: 0.6607
env1_first_0:                 episode reward: -86.5500,                 loss: nan
env1_second_0:                 episode reward: 86.5500,                 loss: nan
Episode: 2141/10000 (21.4100%),                 avg. length: 264.8,                last time consumption/overall running time: 202.4905s / 30784.9788 s
env0_first_0:                 episode reward: -77.7500,                 loss: 0.8686
env0_second_0:                 episode reward: 77.7500,                 loss: 0.6164
env1_first_0:                 episode reward: -86.4500,                 loss: nan
env1_second_0:                 episode reward: 86.4500,                 loss: nan
Episode: 2161/10000 (21.6100%),                 avg. length: 241.05,                last time consumption/overall running time: 184.7922s / 30969.7710 s
env0_first_0:                 episode reward: -83.0500,                 loss: 0.8843
env0_second_0:                 episode reward: 83.0500,                 loss: 0.6343
env1_first_0:                 episode reward: -81.6500,                 loss: nan
env1_second_0:                 episode reward: 81.6500,                 loss: nan
Episode: 2181/10000 (21.8100%),                 avg. length: 333.25,                last time consumption/overall running time: 256.1725s / 31225.9434 s
env0_first_0:                 episode reward: -72.7000,                 loss: 0.8628
env0_second_0:                 episode reward: 72.7000,                 loss: 0.6419
env1_first_0:                 episode reward: -79.8500,                 loss: nan
env1_second_0:                 episode reward: 79.8500,                 loss: nan
Episode: 2201/10000 (22.0100%),                 avg. length: 317.65,                last time consumption/overall running time: 243.8580s / 31469.8014 s
env0_first_0:                 episode reward: -82.6000,                 loss: 0.8731
env0_second_0:                 episode reward: 82.6000,                 loss: 0.6915
env1_first_0:                 episode reward: -82.2500,                 loss: nan
env1_second_0:                 episode reward: 82.2500,                 loss: nan
Episode: 2221/10000 (22.2100%),                 avg. length: 288.25,                last time consumption/overall running time: 220.7012s / 31690.5026 s
env0_first_0:                 episode reward: -84.7500,                 loss: 0.9511
env0_second_0:                 episode reward: 84.7500,                 loss: 0.7082
env1_first_0:                 episode reward: -85.3000,                 loss: nan
env1_second_0:                 episode reward: 85.3000,                 loss: nan
Episode: 2241/10000 (22.4100%),                 avg. length: 252.65,                last time consumption/overall running time: 193.7398s / 31884.2424 s
env0_first_0:                 episode reward: -88.5500,                 loss: 0.9793
env0_second_0:                 episode reward: 88.5500,                 loss: 0.7246
env1_first_0:                 episode reward: -92.0000,                 loss: nan
env1_second_0:                 episode reward: 92.0000,                 loss: nan
Episode: 2261/10000 (22.6100%),                 avg. length: 239.6,                last time consumption/overall running time: 184.4325s / 32068.6749 s
env0_first_0:                 episode reward: -91.8000,                 loss: 0.9236
env0_second_0:                 episode reward: 91.8000,                 loss: 0.7260
env1_first_0:                 episode reward: -75.6500,                 loss: nan
env1_second_0:                 episode reward: 75.6500,                 loss: nan
Episode: 2281/10000 (22.8100%),                 avg. length: 252.45,                last time consumption/overall running time: 194.6410s / 32263.3159 s
env0_first_0:                 episode reward: -85.6500,                 loss: 0.9337