pygame 2.0.1 (SDL 2.0.14, Python 3.7.0)
Hello from the pygame community. https://www.pygame.org/contribute.html
pong_v2 pettingzoo
/home/zihan/anaconda3/envs/x/lib/python3.7/site-packages/ecos/ecos.py:26: UserWarning: Converting G to a CSC matrix; may take a while.
  warn("Converting G to a CSC matrix; may take a while.")
/home/zihan/anaconda3/envs/x/lib/python3.7/site-packages/ecos/ecos.py:29: UserWarning: Converting A to a CSC matrix; may take a while.
  warn("Converting A to a CSC matrix; may take a while.")
random seed: [91, 69]
<SubprocVectorEnv instance>
ParallelDQN(
  (net): MLP(
    (body): Sequential(
      (0): Linear(in_features=128, out_features=128, bias=True)
      (1): ReLU()
      (2): Linear(in_features=128, out_features=128, bias=True)
      (3): ReLU()
      (4): Linear(in_features=128, out_features=128, bias=True)
      (5): ReLU()
      (6): Linear(in_features=128, out_features=128, bias=True)
      (7): ReLU()
      (8): Linear(in_features=128, out_features=6, bias=True)
    )
  )
)
ParallelDQN(
  (net): MLP(
    (body): Sequential(
      (0): Linear(in_features=128, out_features=128, bias=True)
      (1): ReLU()
      (2): Linear(in_features=128, out_features=128, bias=True)
      (3): ReLU()
      (4): Linear(in_features=128, out_features=128, bias=True)
      (5): ReLU()
      (6): Linear(in_features=128, out_features=128, bias=True)
      (7): ReLU()
      (8): Linear(in_features=128, out_features=6, bias=True)
    )
  )
)
No agent are not learnable.
Arguments:  {'env_name': 'pong_v2', 'env_type': 'pettingzoo', 'num_envs': 2, 'ram': True, 'seed': 'random', 'algorithm': 'DQN', 'algorithm_spec': {'episodic_update': False, 'dueling': False, 'replay_buffer_size': '1e5', 'gamma': 0.99, 'multi_step': 1, 'target_update_interval': 1000, 'eps_start': 1.0, 'eps_final': 0.01, 'eps_decay': 30000}, 'batch_size': 128, 'max_episodes': 10000, 'max_steps_per_episode': 10000, 'train_start_frame': 10000, 'optimizer': 'adam', 'learning_rate': '1e-4', 'device': 'gpu', 'update_itr': 1, 'log_avg_window': 20, 'log_interval': 20, 'render': False, 'test': False, 'exploit': False, 'load_model_idx': False, 'load_model_full_path': False, 'multiprocess': False, 'eval_models': False, 'save_path': '', 'save_interval': 2000, 'net_architecture': {'hidden_dim_list': [128, 128, 128, 128], 'hidden_activation': 'ReLU', 'output_activation': False}, 'marl_method': 'nfsp', 'marl_spec': {'min_update_interval': 20, 'score_avg_window': 10, 'global_state': False, 'eta': 0.1}}
Save models to : /home/zihan/research/MARS/data/model/20220119_0526/pettingzoo_pong_v2_nfsp. 
 Save logs to: /home/zihan/research/MARS/data/log/20220119_0526/pettingzoo_pong_v2_nfsp.
Episode: 1/10000 (0.0100%),                 avg. length: 1349.0,                last time consumption/overall running time: 9.0235s / 9.0235 s
env0_first_0:                 episode reward: 2.0000,                 loss: nan
env0_second_0:                 episode reward: -2.0000,                 loss: nan
env1_first_0:                 episode reward: 9.0000,                 loss: nan
env1_second_0:                 episode reward: -9.0000,                 loss: nan
Episode: 21/10000 (0.2100%),                 avg. length: 1174.25,                last time consumption/overall running time: 572.5947s / 581.6182 s
env0_first_0:                 episode reward: -1.1000,                 loss: 0.0034
env0_second_0:                 episode reward: 1.1000,                 loss: 0.0033
env1_first_0:                 episode reward: 0.8000,                 loss: nan
env1_second_0:                 episode reward: -0.8000,                 loss: nan
Episode: 41/10000 (0.4100%),                 avg. length: 1183.05,                last time consumption/overall running time: 860.3504s / 1441.9686 s
env0_first_0:                 episode reward: -6.0500,                 loss: 0.0032
env0_second_0:                 episode reward: 6.0500,                 loss: 0.0034
env1_first_0:                 episode reward: -1.4500,                 loss: nan
env1_second_0:                 episode reward: 1.4500,                 loss: nan
Episode: 61/10000 (0.6100%),                 avg. length: 1280.5,                last time consumption/overall running time: 949.2227s / 2391.1914 s
env0_first_0:                 episode reward: -10.3500,                 loss: 0.0091
env0_second_0:                 episode reward: 10.3500,                 loss: 0.0079
env1_first_0:                 episode reward: -9.2000,                 loss: nan
env1_second_0:                 episode reward: 9.2000,                 loss: nan
Episode: 81/10000 (0.8100%),                 avg. length: 1887.95,                last time consumption/overall running time: 1415.5822s / 3806.7736 s
env0_first_0:                 episode reward: -11.6000,                 loss: 0.0208
env0_second_0:                 episode reward: 11.6000,                 loss: 0.0122
env1_first_0:                 episode reward: -11.1500,                 loss: nan
env1_second_0:                 episode reward: 11.1500,                 loss: nan
Episode: 101/10000 (1.0100%),                 avg. length: 3013.8,                last time consumption/overall running time: 2272.4475s / 6079.2211 s
env0_first_0:                 episode reward: -11.7500,                 loss: 0.0116
env0_second_0:                 episode reward: 11.7500,                 loss: 0.0069
env1_first_0:                 episode reward: -10.0000,                 loss: nan
env1_second_0:                 episode reward: 10.0000,                 loss: nan
Episode: 121/10000 (1.2100%),                 avg. length: 2986.8,                last time consumption/overall running time: 2254.3837s / 8333.6048 s
env0_first_0:                 episode reward: -10.8500,                 loss: 0.0052
env0_second_0:                 episode reward: 10.8500,                 loss: 0.0044
env1_first_0:                 episode reward: -9.8500,                 loss: nan
env1_second_0:                 episode reward: 9.8500,                 loss: nan
Episode: 141/10000 (1.4100%),                 avg. length: 2827.55,                last time consumption/overall running time: 2133.9031s / 10467.5079 s
env0_first_0:                 episode reward: -10.2500,                 loss: 0.0051
env0_second_0:                 episode reward: 10.2500,                 loss: 0.0043
env1_first_0:                 episode reward: -12.0000,                 loss: nan
env1_second_0:                 episode reward: 12.0000,                 loss: nan
Episode: 161/10000 (1.6100%),                 avg. length: 3260.6,                last time consumption/overall running time: 2459.5309s / 12927.0388 s
env0_first_0:                 episode reward: -9.0000,                 loss: 0.0044
env0_second_0:                 episode reward: 9.0000,                 loss: 0.0042
env1_first_0:                 episode reward: -7.4000,                 loss: nan
env1_second_0:                 episode reward: 7.4000,                 loss: nan
Episode: 181/10000 (1.8100%),                 avg. length: 2989.75,                last time consumption/overall running time: 2255.6555s / 15182.6943 s
env0_first_0:                 episode reward: -8.1500,                 loss: 0.0045
env0_second_0:                 episode reward: 8.1500,                 loss: 0.0035
env1_first_0:                 episode reward: -9.8000,                 loss: nan
env1_second_0:                 episode reward: 9.8000,                 loss: nan
Episode: 201/10000 (2.0100%),                 avg. length: 3086.8,                last time consumption/overall running time: 2328.8146s / 17511.5089 s
env0_first_0:                 episode reward: -11.5500,                 loss: 0.0048
env0_second_0:                 episode reward: 11.5500,                 loss: 0.0039
env1_first_0:                 episode reward: -11.4500,                 loss: nan
env1_second_0:                 episode reward: 11.4500,                 loss: nan
Episode: 221/10000 (2.2100%),                 avg. length: 3011.55,                last time consumption/overall running time: 2270.3858s / 19781.8947 s
env0_first_0:                 episode reward: -8.7500,                 loss: 0.0042
env0_second_0:                 episode reward: 8.7500,                 loss: 0.0036
env1_first_0:                 episode reward: -9.8000,                 loss: nan
env1_second_0:                 episode reward: 9.8000,                 loss: nan
Episode: 241/10000 (2.4100%),                 avg. length: 2985.55,                last time consumption/overall running time: 2252.2846s / 22034.1793 s
env0_first_0:                 episode reward: -10.9000,                 loss: 0.0040
env0_second_0:                 episode reward: 10.9000,                 loss: 0.0033
env1_first_0:                 episode reward: -10.8000,                 loss: nan
env1_second_0:                 episode reward: 10.8000,                 loss: nan
Episode: 261/10000 (2.6100%),                 avg. length: 2922.8,                last time consumption/overall running time: 2203.4777s / 24237.6570 s
env0_first_0:                 episode reward: -9.0500,                 loss: 0.0044
env0_second_0:                 episode reward: 9.0500,                 loss: 0.0038
env1_first_0:                 episode reward: -11.7000,                 loss: nan
env1_second_0:                 episode reward: 11.7000,                 loss: nan
Episode: 281/10000 (2.8100%),                 avg. length: 3106.1,                last time consumption/overall running time: 2345.6519s / 26583.3089 s
env0_first_0:                 episode reward: -10.8000,                 loss: 0.0041
env0_second_0:                 episode reward: 10.8000,                 loss: 0.0034
env1_first_0:                 episode reward: -9.2000,                 loss: nan
env1_second_0:                 episode reward: 9.2000,                 loss: nan
Episode: 301/10000 (3.0100%),                 avg. length: 3224.65,                last time consumption/overall running time: 2430.8971s / 29014.2060 s
env0_first_0:                 episode reward: -10.3500,                 loss: 0.0042
env0_second_0:                 episode reward: 10.3500,                 loss: 0.0033
env1_first_0:                 episode reward: -9.4500,                 loss: nan
env1_second_0:                 episode reward: 9.4500,                 loss: nan
Episode: 321/10000 (3.2100%),                 avg. length: 2981.85,                last time consumption/overall running time: 2248.2705s / 31262.4765 s
env0_first_0:                 episode reward: -10.0000,                 loss: 0.0044
env0_second_0:                 episode reward: 10.0000,                 loss: 0.0033
env1_first_0:                 episode reward: -10.1000,                 loss: nan
env1_second_0:                 episode reward: 10.1000,                 loss: nan
Episode: 341/10000 (3.4100%),                 avg. length: 3298.95,                last time consumption/overall running time: 2486.0875s / 33748.5640 s
env0_first_0:                 episode reward: -7.6000,                 loss: 0.0046
env0_second_0:                 episode reward: 7.6000,                 loss: 0.0035
env1_first_0:                 episode reward: -9.9500,                 loss: nan
env1_second_0:                 episode reward: 9.9500,                 loss: nan
Episode: 361/10000 (3.6100%),                 avg. length: 3276.2,                last time consumption/overall running time: 2469.9439s / 36218.5079 s
env0_first_0:                 episode reward: -10.9500,                 loss: 0.0047
env0_second_0:                 episode reward: 10.9500,                 loss: 0.0028
env1_first_0:                 episode reward: -11.8000,                 loss: nan
env1_second_0:                 episode reward: 11.8000,                 loss: nan
Episode: 381/10000 (3.8100%),                 avg. length: 3374.9,                last time consumption/overall running time: 2816.9134s / 39035.4213 s
env0_first_0:                 episode reward: -10.3000,                 loss: 0.0041
env0_second_0:                 episode reward: 10.3000,                 loss: 0.0031
env1_first_0:                 episode reward: -8.1000,                 loss: nan
env1_second_0:                 episode reward: 8.1000,                 loss: nan
Episode: 401/10000 (4.0100%),                 avg. length: 3413.85,                last time consumption/overall running time: 3039.2567s / 42074.6780 s
env0_first_0:                 episode reward: -10.8500,                 loss: 0.0039
env0_second_0:                 episode reward: 10.8500,                 loss: 0.0030
env1_first_0:                 episode reward: -8.8500,                 loss: nan
env1_second_0:                 episode reward: 8.8500,                 loss: nan
Episode: 421/10000 (4.2100%),                 avg. length: 3211.15,                last time consumption/overall running time: 2862.7907s / 44937.4687 s
env0_first_0:                 episode reward: -10.5500,                 loss: 0.0043
env0_second_0:                 episode reward: 10.5500,                 loss: 0.0028
env1_first_0:                 episode reward: -10.8500,                 loss: nan
env1_second_0:                 episode reward: 10.8500,                 loss: nan
Episode: 441/10000 (4.4100%),                 avg. length: 3160.0,                last time consumption/overall running time: 2827.2186s / 47764.6872 s
env0_first_0:                 episode reward: -11.2500,                 loss: 0.0041
env0_second_0:                 episode reward: 11.2500,                 loss: 0.0028
env1_first_0:                 episode reward: -10.4500,                 loss: nan
env1_second_0:                 episode reward: 10.4500,                 loss: nan
Episode: 461/10000 (4.6100%),                 avg. length: 3267.9,                last time consumption/overall running time: 2923.4437s / 50688.1309 s
env0_first_0:                 episode reward: -10.1000,                 loss: 0.0037
env0_second_0:                 episode reward: 10.1000,                 loss: 0.0026
env1_first_0:                 episode reward: -13.3000,                 loss: nan
env1_second_0:                 episode reward: 13.3000,                 loss: nan
Episode: 481/10000 (4.8100%),                 avg. length: 3153.05,                last time consumption/overall running time: 2813.8849s / 53502.0159 s
env0_first_0:                 episode reward: -10.9000,                 loss: 0.0040
env0_second_0:                 episode reward: 10.9000,                 loss: 0.0028
env1_first_0:                 episode reward: -10.4500,                 loss: nan
env1_second_0:                 episode reward: 10.4500,                 loss: nan
Episode: 501/10000 (5.0100%),                 avg. length: 3078.3,                last time consumption/overall running time: 2747.1115s / 56249.1273 s
env0_first_0:                 episode reward: -10.1500,                 loss: 0.0041
env0_second_0:                 episode reward: 10.1500,                 loss: 0.0028
env1_first_0:                 episode reward: -11.4000,                 loss: nan
env1_second_0:                 episode reward: 11.4000,                 loss: nan
Episode: 521/10000 (5.2100%),                 avg. length: 3013.6,                last time consumption/overall running time: 2688.2423s / 58937.3696 s
env0_first_0:                 episode reward: -10.0000,                 loss: 0.0039
env0_second_0:                 episode reward: 10.0000,                 loss: 0.0030
env1_first_0:                 episode reward: -12.4000,                 loss: nan
env1_second_0:                 episode reward: 12.4000,                 loss: nan
Episode: 541/10000 (5.4100%),                 avg. length: 3085.55,                last time consumption/overall running time: 2753.5129s / 61690.8826 s
env0_first_0:                 episode reward: -10.5000,                 loss: 0.0041
env0_second_0:                 episode reward: 10.5000,                 loss: 0.0029
env1_first_0:                 episode reward: -11.8000,                 loss: nan
env1_second_0:                 episode reward: 11.8000,                 loss: nan
Episode: 561/10000 (5.6100%),                 avg. length: 2809.4,                last time consumption/overall running time: 2507.0967s / 64197.9793 s
env0_first_0:                 episode reward: -12.2000,                 loss: 0.0037
env0_second_0:                 episode reward: 12.2000,                 loss: 0.0029
env1_first_0:                 episode reward: -12.6000,                 loss: nan
env1_second_0:                 episode reward: 12.6000,                 loss: nan
Episode: 581/10000 (5.8100%),                 avg. length: 3011.1,                last time consumption/overall running time: 2686.6023s / 66884.5816 s
env0_first_0:                 episode reward: -10.7000,                 loss: 0.0040
env0_second_0:                 episode reward: 10.7000,                 loss: 0.0029
env1_first_0:                 episode reward: -11.6500,                 loss: nan
env1_second_0:                 episode reward: 11.6500,                 loss: nan
Episode: 601/10000 (6.0100%),                 avg. length: 3267.3,                last time consumption/overall running time: 2915.9392s / 69800.5209 s
env0_first_0:                 episode reward: -11.9500,                 loss: 0.0038
env0_second_0:                 episode reward: 11.9500,                 loss: 0.0027
env1_first_0:                 episode reward: -11.2000,                 loss: nan
env1_second_0:                 episode reward: 11.2000,                 loss: nan
Episode: 621/10000 (6.2100%),                 avg. length: 3209.4,                last time consumption/overall running time: 2862.9579s / 72663.4788 s
env0_first_0:                 episode reward: -12.9000,                 loss: 0.0036
env0_second_0:                 episode reward: 12.9000,                 loss: 0.0026
env1_first_0:                 episode reward: -8.5500,                 loss: nan
env1_second_0:                 episode reward: 8.5500,                 loss: nan
Episode: 641/10000 (6.4100%),                 avg. length: 3373.15,                last time consumption/overall running time: 3012.7911s / 75676.2699 s
env0_first_0:                 episode reward: -11.1500,                 loss: 0.0036
env0_second_0:                 episode reward: 11.1500,                 loss: 0.0023
env1_first_0:                 episode reward: -10.3000,                 loss: nan
env1_second_0:                 episode reward: 10.3000,                 loss: nan
Episode: 661/10000 (6.6100%),                 avg. length: 3330.75,                last time consumption/overall running time: 2976.6262s / 78652.8961 s
env0_first_0:                 episode reward: -9.8500,                 loss: 0.0037
env0_second_0:                 episode reward: 9.8500,                 loss: 0.0025
env1_first_0:                 episode reward: -9.3500,                 loss: nan
env1_second_0:                 episode reward: 9.3500,                 loss: nan
Episode: 681/10000 (6.8100%),                 avg. length: 3353.1,                last time consumption/overall running time: 2994.3893s / 81647.2854 s
env0_first_0:                 episode reward: -8.6000,                 loss: 0.0037
env0_second_0:                 episode reward: 8.6000,                 loss: 0.0028
env1_first_0:                 episode reward: -10.1000,                 loss: nan
env1_second_0:                 episode reward: 10.1000,                 loss: nan
Episode: 701/10000 (7.0100%),                 avg. length: 2914.65,                last time consumption/overall running time: 2603.2817s / 84250.5671 s
env0_first_0:                 episode reward: -12.1500,                 loss: 0.0039
env0_second_0:                 episode reward: 12.1500,                 loss: 0.0027
env1_first_0:                 episode reward: -11.6500,                 loss: nan
env1_second_0:                 episode reward: 11.6500,                 loss: nan
Episode: 721/10000 (7.2100%),                 avg. length: 3169.9,                last time consumption/overall running time: 2829.4503s / 87080.0174 s
env0_first_0:                 episode reward: -11.3000,                 loss: 0.0039
env0_second_0:                 episode reward: 11.3000,                 loss: 0.0026
env1_first_0:                 episode reward: -10.2500,                 loss: nan
env1_second_0:                 episode reward: 10.2500,                 loss: nan
Episode: 741/10000 (7.4100%),                 avg. length: 3056.35,                last time consumption/overall running time: 2728.7694s / 89808.7869 s
env0_first_0:                 episode reward: -11.4500,                 loss: 0.0039
env0_second_0:                 episode reward: 11.4500,                 loss: 0.0028
env1_first_0:                 episode reward: -9.8500,                 loss: nan
env1_second_0:                 episode reward: 9.8500,                 loss: nan
Episode: 761/10000 (7.6100%),                 avg. length: 3100.2,                last time consumption/overall running time: 2769.7049s / 92578.4918 s
env0_first_0:                 episode reward: -11.1000,                 loss: 0.0040
env0_second_0:                 episode reward: 11.1000,                 loss: 0.0025
env1_first_0:                 episode reward: -9.0500,                 loss: nan
env1_second_0:                 episode reward: 9.0500,                 loss: nan
Episode: 781/10000 (7.8100%),                 avg. length: 3266.55,                last time consumption/overall running time: 2922.7354s / 95501.2271 s
env0_first_0:                 episode reward: -9.7500,                 loss: 0.0039
env0_second_0:                 episode reward: 9.7500,                 loss: 0.0027
env1_first_0:                 episode reward: -9.9500,                 loss: nan
env1_second_0:                 episode reward: 9.9500,                 loss: nan
Episode: 801/10000 (8.0100%),                 avg. length: 3249.65,                last time consumption/overall running time: 2900.4629s / 98401.6901 s
env0_first_0:                 episode reward: -12.5500,                 loss: 0.0035
env0_second_0:                 episode reward: 12.5500,                 loss: 0.0024
env1_first_0:                 episode reward: -9.9500,                 loss: nan
env1_second_0:                 episode reward: 9.9500,                 loss: nan
Episode: 821/10000 (8.2100%),                 avg. length: 3367.35,                last time consumption/overall running time: 3002.5760s / 101404.2661 s
env0_first_0:                 episode reward: -11.0000,                 loss: 0.0035
env0_second_0:                 episode reward: 11.0000,                 loss: 0.0024
env1_first_0:                 episode reward: -10.3000,                 loss: nan
env1_second_0:                 episode reward: 10.3000,                 loss: nan
Episode: 841/10000 (8.4100%),                 avg. length: 3078.2,                last time consumption/overall running time: 2746.3178s / 104150.5839 s
env0_first_0:                 episode reward: -12.5000,                 loss: 0.0039
env0_second_0:                 episode reward: 12.5000,                 loss: 0.0025
env1_first_0:                 episode reward: -11.7000,                 loss: nan
env1_second_0:                 episode reward: 11.7000,                 loss: nan
Episode: 861/10000 (8.6100%),                 avg. length: 3110.3,                last time consumption/overall running time: 2774.9400s / 106925.5239 s
env0_first_0:                 episode reward: -10.4500,                 loss: 0.0039
env0_second_0:                 episode reward: 10.4500,                 loss: 0.0024
env1_first_0:                 episode reward: -9.7000,                 loss: nan
env1_second_0:                 episode reward: 9.7000,                 loss: nan
Episode: 881/10000 (8.8100%),                 avg. length: 3325.7,                last time consumption/overall running time: 2963.0939s / 109888.6178 s
env0_first_0:                 episode reward: -11.2000,                 loss: 0.0037
env0_second_0:                 episode reward: 11.2000,                 loss: 0.0024
env1_first_0:                 episode reward: -10.9000,                 loss: nan
env1_second_0:                 episode reward: 10.9000,                 loss: nan
Episode: 901/10000 (9.0100%),                 avg. length: 3072.5,                last time consumption/overall running time: 2738.5397s / 112627.1575 s
env0_first_0:                 episode reward: -9.8000,                 loss: 0.0037
env0_second_0:                 episode reward: 9.8000,                 loss: 0.0028
env1_first_0:                 episode reward: -12.7000,                 loss: nan
env1_second_0:                 episode reward: 12.7000,                 loss: nan
Episode: 921/10000 (9.2100%),                 avg. length: 3071.35,                last time consumption/overall running time: 2739.0238s / 115366.1812 s
env0_first_0:                 episode reward: -10.9000,                 loss: 0.0038
env0_second_0:                 episode reward: 10.9000,                 loss: 0.0024
env1_first_0:                 episode reward: -10.6500,                 loss: nan
env1_second_0:                 episode reward: 10.6500,                 loss: nan
Episode: 941/10000 (9.4100%),                 avg. length: 3092.35,                last time consumption/overall running time: 2757.8101s / 118123.9914 s
env0_first_0:                 episode reward: -8.8000,                 loss: 0.0040
env0_second_0:                 episode reward: 8.8000,                 loss: 0.0029
env1_first_0:                 episode reward: -13.1000,                 loss: nan
env1_second_0:                 episode reward: 13.1000,                 loss: nan
Episode: 961/10000 (9.6100%),                 avg. length: 2964.9,                last time consumption/overall running time: 2643.4370s / 120767.4283 s
env0_first_0:                 episode reward: -9.4500,                 loss: 0.0037
env0_second_0:                 episode reward: 9.4500,                 loss: 0.0027
env1_first_0:                 episode reward: -12.6500,                 loss: nan
env1_second_0:                 episode reward: 12.6500,                 loss: nan
Episode: 981/10000 (9.8100%),                 avg. length: 2862.9,                last time consumption/overall running time: 2553.5679s / 123320.9962 s
env0_first_0:                 episode reward: -10.8000,                 loss: 0.0039
env0_second_0:                 episode reward: 10.8000,                 loss: 0.0027
env1_first_0:                 episode reward: -14.4000,                 loss: nan
env1_second_0:                 episode reward: 14.4000,                 loss: nan
Episode: 1001/10000 (10.0100%),                 avg. length: 3052.4,                last time consumption/overall running time: 2720.8151s / 126041.8113 s
env0_first_0:                 episode reward: -13.2500,                 loss: 0.0037
env0_second_0:                 episode reward: 13.2500,                 loss: 0.0024
env1_first_0:                 episode reward: -11.2000,                 loss: nan
env1_second_0:                 episode reward: 11.2000,                 loss: nan
Episode: 1021/10000 (10.2100%),                 avg. length: 2987.6,                last time consumption/overall running time: 2666.0477s / 128707.8589 s
env0_first_0:                 episode reward: -12.0500,                 loss: 0.0038
env0_second_0:                 episode reward: 12.0500,                 loss: 0.0026
env1_first_0:                 episode reward: -11.4500,                 loss: nan
env1_second_0:                 episode reward: 11.4500,                 loss: nan
Episode: 1041/10000 (10.4100%),                 avg. length: 3257.05,                last time consumption/overall running time: 2906.2335s / 131614.0924 s
env0_first_0:                 episode reward: -7.8000,                 loss: 0.0039
env0_second_0:                 episode reward: 7.8000,                 loss: 0.0029
env1_first_0:                 episode reward: -11.4000,                 loss: nan
env1_second_0:                 episode reward: 11.4000,                 loss: nan
Episode: 1061/10000 (10.6100%),                 avg. length: 3438.9,                last time consumption/overall running time: 3067.0759s / 134681.1683 s
env0_first_0:                 episode reward: -9.3500,                 loss: 0.0035
env0_second_0:                 episode reward: 9.3500,                 loss: 0.0025
env1_first_0:                 episode reward: -11.2000,                 loss: nan
env1_second_0:                 episode reward: 11.2000,                 loss: nan
Episode: 1081/10000 (10.8100%),                 avg. length: 3253.25,                last time consumption/overall running time: 2899.6877s / 137580.8560 s
env0_first_0:                 episode reward: -9.9500,                 loss: 0.0036
env0_second_0:                 episode reward: 9.9500,                 loss: 0.0023
env1_first_0:                 episode reward: -12.2500,                 loss: nan
env1_second_0:                 episode reward: 12.2500,                 loss: nan
Episode: 1101/10000 (11.0100%),                 avg. length: 3374.0,                last time consumption/overall running time: 3008.0938s / 140588.9499 s
env0_first_0:                 episode reward: -9.7000,                 loss: 0.0035
env0_second_0:                 episode reward: 9.7000,                 loss: 0.0026
env1_first_0:                 episode reward: -11.5000,                 loss: nan
env1_second_0:                 episode reward: 11.5000,                 loss: nan
Episode: 1121/10000 (11.2100%),                 avg. length: 3422.85,                last time consumption/overall running time: 3050.5415s / 143639.4914 s
env0_first_0:                 episode reward: -10.0000,                 loss: 0.0036
env0_second_0:                 episode reward: 10.0000,                 loss: 0.0024
env1_first_0:                 episode reward: -10.9500,                 loss: nan
env1_second_0:                 episode reward: 10.9500,                 loss: nan
Episode: 1141/10000 (11.4100%),                 avg. length: 3287.05,                last time consumption/overall running time: 2733.4944s / 146372.9857 s
env0_first_0:                 episode reward: -10.6000,                 loss: 0.0035
env0_second_0:                 episode reward: 10.6000,                 loss: 0.0026
env1_first_0:                 episode reward: -10.0000,                 loss: nan
env1_second_0:                 episode reward: 10.0000,                 loss: nan
Episode: 1161/10000 (11.6100%),                 avg. length: 3287.0,                last time consumption/overall running time: 2541.2030s / 148914.1888 s
env0_first_0:                 episode reward: -10.8500,                 loss: 0.0035
env0_second_0:                 episode reward: 10.8500,                 loss: 0.0025
env1_first_0:                 episode reward: -9.7500,                 loss: nan
env1_second_0:                 episode reward: 9.7500,                 loss: nan
Episode: 1181/10000 (11.8100%),                 avg. length: 2966.9,                last time consumption/overall running time: 2265.8777s / 151180.0664 s
env0_first_0:                 episode reward: -12.5500,                 loss: 0.0035
env0_second_0:                 episode reward: 12.5500,                 loss: 0.0025
env1_first_0:                 episode reward: -10.8000,                 loss: nan
env1_second_0:                 episode reward: 10.8000,                 loss: nan
Episode: 1201/10000 (12.0100%),                 avg. length: 3084.15,                last time consumption/overall running time: 2352.5312s / 153532.5977 s
env0_first_0:                 episode reward: -11.4500,                 loss: 0.0037
env0_second_0:                 episode reward: 11.4500,                 loss: 0.0026
env1_first_0:                 episode reward: -12.3000,                 loss: nan
env1_second_0:                 episode reward: 12.3000,                 loss: nan
Episode: 1221/10000 (12.2100%),                 avg. length: 3122.95,                last time consumption/overall running time: 2383.8415s / 155916.4392 s
env0_first_0:                 episode reward: -11.3000,                 loss: 0.0040
env0_second_0:                 episode reward: 11.3000,                 loss: 0.0025
env1_first_0:                 episode reward: -9.4000,                 loss: nan
env1_second_0:                 episode reward: 9.4000,                 loss: nan
Episode: 1241/10000 (12.4100%),                 avg. length: 3060.35,                last time consumption/overall running time: 2333.1018s / 158249.5410 s
env0_first_0:                 episode reward: -12.4000,                 loss: 0.0038
env0_second_0:                 episode reward: 12.4000,                 loss: 0.0024
env1_first_0:                 episode reward: -12.1500,                 loss: nan
env1_second_0:                 episode reward: 12.1500,                 loss: nan
Episode: 1261/10000 (12.6100%),                 avg. length: 2966.1,                last time consumption/overall running time: 2266.8777s / 160516.4187 s
env0_first_0:                 episode reward: -11.6000,                 loss: 0.0036
env0_second_0:                 episode reward: 11.6000,                 loss: 0.0024
env1_first_0:                 episode reward: -10.3500,                 loss: nan
env1_second_0:                 episode reward: 10.3500,                 loss: nan
Episode: 1281/10000 (12.8100%),                 avg. length: 3060.35,                last time consumption/overall running time: 2333.7150s / 162850.1337 s
env0_first_0:                 episode reward: -9.4000,                 loss: 0.0039
env0_second_0:                 episode reward: 9.4000,                 loss: 0.0027
env1_first_0:                 episode reward: -9.3500,                 loss: nan
env1_second_0:                 episode reward: 9.3500,                 loss: nan
Episode: 1301/10000 (13.0100%),                 avg. length: 3364.5,                last time consumption/overall running time: 2563.8583s / 165413.9920 s
env0_first_0:                 episode reward: -9.2500,                 loss: 0.0044
env0_second_0:                 episode reward: 9.2500,                 loss: 0.0027
env1_first_0:                 episode reward: -11.3000,                 loss: nan
env1_second_0:                 episode reward: 11.3000,                 loss: nan
Episode: 1321/10000 (13.2100%),                 avg. length: 3147.15,                last time consumption/overall running time: 2396.8065s / 167810.7985 s
env0_first_0:                 episode reward: -11.5500,                 loss: 0.0038
env0_second_0:                 episode reward: 11.5500,                 loss: 0.0026
env1_first_0:                 episode reward: -11.6500,                 loss: nan
env1_second_0:                 episode reward: 11.6500,                 loss: nan
Episode: 1341/10000 (13.4100%),                 avg. length: 3039.2,                last time consumption/overall running time: 2317.9397s / 170128.7382 s
env0_first_0:                 episode reward: -9.8500,                 loss: 0.0034
env0_second_0:                 episode reward: 9.8500,                 loss: 0.0022
env1_first_0:                 episode reward: -12.5000,                 loss: nan
env1_second_0:                 episode reward: 12.5000,                 loss: nan
Episode: 1361/10000 (13.6100%),                 avg. length: 3122.5,                last time consumption/overall running time: 2379.2094s / 172507.9476 s
env0_first_0:                 episode reward: -12.8000,                 loss: 0.0036
env0_second_0:                 episode reward: 12.8000,                 loss: 0.0029
env1_first_0:                 episode reward: -11.2000,                 loss: nan
env1_second_0:                 episode reward: 11.2000,                 loss: nan
Episode: 1381/10000 (13.8100%),                 avg. length: 3297.35,                last time consumption/overall running time: 2514.2955s / 175022.2431 s
env0_first_0:                 episode reward: -10.4000,                 loss: 0.0036
env0_second_0:                 episode reward: 10.4000,                 loss: 0.0028
env1_first_0:                 episode reward: -12.9500,                 loss: nan
env1_second_0:                 episode reward: 12.9500,                 loss: nan
Episode: 1401/10000 (14.0100%),                 avg. length: 3138.3,                last time consumption/overall running time: 2390.4258s / 177412.6689 s
env0_first_0:                 episode reward: -9.9500,                 loss: 0.0036
env0_second_0:                 episode reward: 9.9500,                 loss: 0.0026
env1_first_0:                 episode reward: -10.2500,                 loss: nan
env1_second_0:                 episode reward: 10.2500,                 loss: nan
Episode: 1421/10000 (14.2100%),                 avg. length: 2975.1,                last time consumption/overall running time: 2264.3079s / 179676.9769 s
env0_first_0:                 episode reward: -12.8500,                 loss: 0.0039
env0_second_0:                 episode reward: 12.8500,                 loss: 0.0026
env1_first_0:                 episode reward: -9.8000,                 loss: nan
env1_second_0:                 episode reward: 9.8000,                 loss: nan
Episode: 1441/10000 (14.4100%),                 avg. length: 3016.4,                last time consumption/overall running time: 2295.1185s / 181972.0953 s
env0_first_0:                 episode reward: -12.0500,                 loss: 0.0039
env0_second_0:                 episode reward: 12.0500,                 loss: 0.0024
env1_first_0:                 episode reward: -11.3000,                 loss: nan
env1_second_0:                 episode reward: 11.3000,                 loss: nan
Episode: 1461/10000 (14.6100%),                 avg. length: 3282.85,                last time consumption/overall running time: 2501.5843s / 184473.6796 s
env0_first_0:                 episode reward: -9.9500,                 loss: 0.0038
env0_second_0:                 episode reward: 9.9500,                 loss: 0.0026
env1_first_0:                 episode reward: -11.2500,                 loss: nan
env1_second_0:                 episode reward: 11.2500,                 loss: nan
Episode: 1481/10000 (14.8100%),                 avg. length: 3230.1,                last time consumption/overall running time: 2456.8856s / 186930.5652 s
env0_first_0:                 episode reward: -12.2500,                 loss: 0.0037
env0_second_0:                 episode reward: 12.2500,                 loss: 0.0024
env1_first_0:                 episode reward: -10.9500,                 loss: nan
env1_second_0:                 episode reward: 10.9500,                 loss: nan
Episode: 1501/10000 (15.0100%),                 avg. length: 3307.7,                last time consumption/overall running time: 2517.8783s / 189448.4434 s
env0_first_0:                 episode reward: -9.9500,                 loss: 0.0036
env0_second_0:                 episode reward: 9.9500,                 loss: 0.0023
env1_first_0:                 episode reward: -12.0500,                 loss: nan
env1_second_0:                 episode reward: 12.0500,                 loss: nan
Episode: 1521/10000 (15.2100%),                 avg. length: 3359.55,                last time consumption/overall running time: 2551.1352s / 191999.5787 s
env0_first_0:                 episode reward: -11.6000,                 loss: 0.0036
env0_second_0:                 episode reward: 11.6000,                 loss: 0.0025
env1_first_0:                 episode reward: -9.7000,                 loss: nan
env1_second_0:                 episode reward: 9.7000,                 loss: nan
Episode: 1541/10000 (15.4100%),                 avg. length: 3240.85,                last time consumption/overall running time: 2456.9404s / 194456.5191 s
env0_first_0:                 episode reward: -12.9000,                 loss: 0.0037
env0_second_0:                 episode reward: 12.9000,                 loss: 0.0026
env1_first_0:                 episode reward: -10.5500,                 loss: nan
env1_second_0:                 episode reward: 10.5500,                 loss: nan
Episode: 1561/10000 (15.6100%),                 avg. length: 3356.55,                last time consumption/overall running time: 2544.4583s / 197000.9774 s
env0_first_0:                 episode reward: -8.9500,                 loss: 0.0038
env0_second_0:                 episode reward: 8.9500,                 loss: 0.0026
env1_first_0:                 episode reward: -11.7500,                 loss: nan
env1_second_0:                 episode reward: 11.7500,                 loss: nan
Episode: 1581/10000 (15.8100%),                 avg. length: 3080.45,                last time consumption/overall running time: 2335.0017s / 199335.9791 s
env0_first_0:                 episode reward: -10.2000,                 loss: 0.0038
env0_second_0:                 episode reward: 10.2000,                 loss: 0.0027
env1_first_0:                 episode reward: -11.0500,                 loss: nan
env1_second_0:                 episode reward: 11.0500,                 loss: nan
Episode: 1601/10000 (16.0100%),                 avg. length: 3182.6,                last time consumption/overall running time: 2405.0683s / 201741.0474 s
env0_first_0:                 episode reward: -10.6500,                 loss: 0.0040
env0_second_0:                 episode reward: 10.6500,                 loss: 0.0030
env1_first_0:                 episode reward: -11.2000,                 loss: nan
env1_second_0:                 episode reward: 11.2000,                 loss: nan
Episode: 1621/10000 (16.2100%),                 avg. length: 3316.35,                last time consumption/overall running time: 2505.0846s / 204246.1320 s
env0_first_0:                 episode reward: -11.3500,                 loss: 0.0037
env0_second_0:                 episode reward: 11.3500,                 loss: 0.0026
env1_first_0:                 episode reward: -10.6000,                 loss: nan
env1_second_0:                 episode reward: 10.6000,                 loss: nan
Episode: 1641/10000 (16.4100%),                 avg. length: 3104.85,                last time consumption/overall running time: 2343.7146s / 206589.8466 s
env0_first_0:                 episode reward: -13.9500,                 loss: 0.0037
env0_second_0:                 episode reward: 13.9500,                 loss: 0.0024
env1_first_0:                 episode reward: -11.8500,                 loss: nan
env1_second_0:                 episode reward: 11.8500,                 loss: nan
Episode: 1661/10000 (16.6100%),                 avg. length: 3203.45,                last time consumption/overall running time: 2419.6780s / 209009.5246 s
env0_first_0:                 episode reward: -11.7000,                 loss: 0.0039
env0_second_0:                 episode reward: 11.7000,                 loss: 0.0026
env1_first_0:                 episode reward: -8.4500,                 loss: nan
env1_second_0:                 episode reward: 8.4500,                 loss: nan
Episode: 1681/10000 (16.8100%),                 avg. length: 3317.1,                last time consumption/overall running time: 2506.2901s / 211515.8147 s
env0_first_0:                 episode reward: -9.7000,                 loss: 0.0039
env0_second_0:                 episode reward: 9.7000,                 loss: 0.0029
env1_first_0:                 episode reward: -10.9500,                 loss: nan
env1_second_0:                 episode reward: 10.9500,                 loss: nan
Episode: 1701/10000 (17.0100%),                 avg. length: 3303.95,                last time consumption/overall running time: 2496.0895s / 214011.9041 s
env0_first_0:                 episode reward: -10.6000,                 loss: 0.0039
env0_second_0:                 episode reward: 10.6000,                 loss: 0.0026
env1_first_0:                 episode reward: -9.4000,                 loss: nan
env1_second_0:                 episode reward: 9.4000,                 loss: nan
Episode: 1721/10000 (17.2100%),                 avg. length: 3256.35,                last time consumption/overall running time: 2458.5197s / 216470.4239 s
env0_first_0:                 episode reward: -9.8500,                 loss: 0.0039
env0_second_0:                 episode reward: 9.8500,                 loss: 0.0025
env1_first_0:                 episode reward: -11.4500,                 loss: nan
env1_second_0:                 episode reward: 11.4500,                 loss: nan
Episode: 1741/10000 (17.4100%),                 avg. length: 3272.1,                last time consumption/overall running time: 2467.6616s / 218938.0854 s
env0_first_0:                 episode reward: -10.8000,                 loss: 0.0040
env0_second_0:                 episode reward: 10.8000,                 loss: 0.0024
env1_first_0:                 episode reward: -12.1500,                 loss: nan
env1_second_0:                 episode reward: 12.1500,                 loss: nan
Episode: 1761/10000 (17.6100%),                 avg. length: 3111.05,                last time consumption/overall running time: 2347.4233s / 221285.5088 s
env0_first_0:                 episode reward: -13.4500,                 loss: 0.0039
env0_second_0:                 episode reward: 13.4500,                 loss: 0.0023
env1_first_0:                 episode reward: -10.0500,                 loss: nan
env1_second_0:                 episode reward: 10.0500,                 loss: nan
Episode: 1781/10000 (17.8100%),                 avg. length: 3436.8,                last time consumption/overall running time: 2591.2254s / 223876.7342 s
env0_first_0:                 episode reward: -9.7500,                 loss: 0.0035
env0_second_0:                 episode reward: 9.7500,                 loss: 0.0024
env1_first_0:                 episode reward: -11.0000,                 loss: nan
env1_second_0:                 episode reward: 11.0000,                 loss: nan
Episode: 1801/10000 (18.0100%),                 avg. length: 3361.9,                last time consumption/overall running time: 2530.3504s / 226407.0846 s
env0_first_0:                 episode reward: -11.7500,                 loss: 0.0036
env0_second_0:                 episode reward: 11.7500,                 loss: 0.0023
env1_first_0:                 episode reward: -10.1500,                 loss: nan
env1_second_0:                 episode reward: 10.1500,                 loss: nan
Episode: 1821/10000 (18.2100%),                 avg. length: 3151.65,                last time consumption/overall running time: 2372.0489s / 228779.1335 s
env0_first_0:                 episode reward: -12.1500,                 loss: 0.0038
env0_second_0:                 episode reward: 12.1500,                 loss: 0.0026
env1_first_0:                 episode reward: -10.8000,                 loss: nan
env1_second_0:                 episode reward: 10.8000,                 loss: nan
Episode: 1841/10000 (18.4100%),                 avg. length: 3357.4,                last time consumption/overall running time: 2525.6849s / 231304.8184 s
env0_first_0:                 episode reward: -11.7500,                 loss: 0.0037
env0_second_0:                 episode reward: 11.7500,                 loss: 0.0024
env1_first_0:                 episode reward: -7.8500,                 loss: nan
env1_second_0:                 episode reward: 7.8500,                 loss: nan
Episode: 1861/10000 (18.6100%),                 avg. length: 3324.7,                last time consumption/overall running time: 2507.4677s / 233812.2861 s
env0_first_0:                 episode reward: -10.2000,                 loss: 0.0037
env0_second_0:                 episode reward: 10.2000,                 loss: 0.0025
env1_first_0:                 episode reward: -11.2500,                 loss: nan
env1_second_0:                 episode reward: 11.2500,                 loss: nan
Episode: 1881/10000 (18.8100%),                 avg. length: 2980.6,                last time consumption/overall running time: 2245.9643s / 236058.2504 s
env0_first_0:                 episode reward: -12.4500,                 loss: 0.0038
env0_second_0:                 episode reward: 12.4500,                 loss: 0.0024
env1_first_0:                 episode reward: -9.7000,                 loss: nan
env1_second_0:                 episode reward: 9.7000,                 loss: nan
Episode: 1901/10000 (19.0100%),                 avg. length: 3185.85,                last time consumption/overall running time: 2401.6573s / 238459.9077 s
env0_first_0:                 episode reward: -11.9500,                 loss: 0.0043
env0_second_0:                 episode reward: 11.9500,                 loss: 0.0027
env1_first_0:                 episode reward: -11.3000,                 loss: nan
env1_second_0:                 episode reward: 11.3000,                 loss: nan
Episode: 1921/10000 (19.2100%),                 avg. length: 3084.3,                last time consumption/overall running time: 2324.3469s / 240784.2546 s
env0_first_0:                 episode reward: -10.9000,                 loss: 0.0038
env0_second_0:                 episode reward: 10.9000,                 loss: 0.0025
env1_first_0:                 episode reward: -11.2500,                 loss: nan
env1_second_0:                 episode reward: 11.2500,                 loss: nan
Episode: 1941/10000 (19.4100%),                 avg. length: 2969.0,                last time consumption/overall running time: 2236.2143s / 243020.4689 s
env0_first_0:                 episode reward: -9.7000,                 loss: 0.0039
env0_second_0:                 episode reward: 9.7000,                 loss: 0.0025
env1_first_0:                 episode reward: -14.0000,                 loss: nan
env1_second_0:                 episode reward: 14.0000,                 loss: nan
Episode: 1961/10000 (19.6100%),                 avg. length: 3125.1,                last time consumption/overall running time: 2355.0367s / 245375.5056 s
env0_first_0:                 episode reward: -9.8500,                 loss: 0.0039
env0_second_0:                 episode reward: 9.8500,                 loss: 0.0023
env1_first_0:                 episode reward: -12.4000,                 loss: nan
env1_second_0:                 episode reward: 12.4000,                 loss: nan
Episode: 1981/10000 (19.8100%),                 avg. length: 2963.55,                last time consumption/overall running time: 2231.8026s / 247607.3082 s
env0_first_0:                 episode reward: -10.1000,                 loss: 0.0042
env0_second_0:                 episode reward: 10.1000,                 loss: 0.0028
env1_first_0:                 episode reward: -10.1500,                 loss: nan
env1_second_0:                 episode reward: 10.1500,                 loss: nan
Episode: 2001/10000 (20.0100%),                 avg. length: 2808.5,                last time consumption/overall running time: 2117.2477s / 249724.5559 s
env0_first_0:                 episode reward: -12.0000,                 loss: 0.0041
env0_second_0:                 episode reward: 12.0000,                 loss: 0.0024
env1_first_0:                 episode reward: -12.6000,                 loss: nan
env1_second_0:                 episode reward: 12.6000,                 loss: nan
Episode: 2021/10000 (20.2100%),                 avg. length: 3072.6,                last time consumption/overall running time: 2315.5108s / 252040.0667 s
env0_first_0:                 episode reward: -12.3500,                 loss: 0.0040
env0_second_0:                 episode reward: 12.3500,                 loss: 0.0024
env1_first_0:                 episode reward: -11.4500,                 loss: nan
env1_second_0:                 episode reward: 11.4500,                 loss: nan
Episode: 2041/10000 (20.4100%),                 avg. length: 2849.95,                last time consumption/overall running time: 2144.7676s / 254184.8343 s
env0_first_0:                 episode reward: -13.3500,                 loss: 0.0038
env0_second_0:                 episode reward: 13.3500,                 loss: 0.0021
env1_first_0:                 episode reward: -12.4000,                 loss: nan
env1_second_0:                 episode reward: 12.4000,                 loss: nan
Episode: 2061/10000 (20.6100%),                 avg. length: 3111.75,                last time consumption/overall running time: 2342.6434s / 256527.4776 s
env0_first_0:                 episode reward: -11.4000,                 loss: 0.0039
env0_second_0:                 episode reward: 11.4000,                 loss: 0.0025
env1_first_0:                 episode reward: -14.0000,                 loss: nan
env1_second_0:                 episode reward: 14.0000,                 loss: nan
Episode: 2081/10000 (20.8100%),                 avg. length: 3048.45,                last time consumption/overall running time: 2291.4102s / 258818.8878 s
env0_first_0:                 episode reward: -12.9000,                 loss: 0.0036
env0_second_0:                 episode reward: 12.9000,                 loss: 0.0021
env1_first_0:                 episode reward: -13.5000,                 loss: nan
env1_second_0:                 episode reward: 13.5000,                 loss: nan
Episode: 2101/10000 (21.0100%),                 avg. length: 3084.55,                last time consumption/overall running time: 2317.9690s / 261136.8568 s
env0_first_0:                 episode reward: -13.4000,                 loss: 0.0039
env0_second_0:                 episode reward: 13.4000,                 loss: 0.0024
env1_first_0:                 episode reward: -11.2000,                 loss: nan
env1_second_0:                 episode reward: 11.2000,                 loss: nan
Episode: 2121/10000 (21.2100%),                 avg. length: 3030.45,                last time consumption/overall running time: 2276.9328s / 263413.7896 s
env0_first_0:                 episode reward: -11.8500,                 loss: 0.0039
env0_second_0:                 episode reward: 11.8500,                 loss: 0.0024
env1_first_0:                 episode reward: -13.0500,                 loss: nan
env1_second_0:                 episode reward: 13.0500,                 loss: nan
Episode: 2141/10000 (21.4100%),                 avg. length: 3178.55,                last time consumption/overall running time: 2388.0011s / 265801.7907 s
env0_first_0:                 episode reward: -11.5000,                 loss: 0.0039
env0_second_0:                 episode reward: 11.5000,                 loss: 0.0024
env1_first_0:                 episode reward: -12.4500,                 loss: nan
env1_second_0:                 episode reward: 12.4500,                 loss: nan
Episode: 2161/10000 (21.6100%),                 avg. length: 2978.65,                last time consumption/overall running time: 2236.9746s / 268038.7653 s
env0_first_0:                 episode reward: -9.6500,                 loss: 0.0040
env0_second_0:                 episode reward: 9.6500,                 loss: 0.0024
env1_first_0:                 episode reward: -12.4500,                 loss: nan
env1_second_0:                 episode reward: 12.4500,                 loss: nan
Episode: 2181/10000 (21.8100%),                 avg. length: 3120.45,                last time consumption/overall running time: 2344.8745s / 270383.6398 s
env0_first_0:                 episode reward: -9.3000,                 loss: 0.0044
env0_second_0:                 episode reward: 9.3000,                 loss: 0.0027
env1_first_0:                 episode reward: -12.2000,                 loss: nan
env1_second_0:                 episode reward: 12.2000,                 loss: nan
Episode: 2201/10000 (22.0100%),                 avg. length: 3115.3,                last time consumption/overall running time: 2342.2601s / 272725.8999 s
env0_first_0:                 episode reward: -11.2500,                 loss: 0.0042
env0_second_0:                 episode reward: 11.2500,                 loss: 0.0026
env1_first_0:                 episode reward: -11.7000,                 loss: nan
env1_second_0:                 episode reward: 11.7000,                 loss: nan
Episode: 2221/10000 (22.2100%),                 avg. length: 3014.3,                last time consumption/overall running time: 2264.1159s / 274990.0158 s
env0_first_0:                 episode reward: -12.8500,                 loss: 0.0039
env0_second_0:                 episode reward: 12.8500,                 loss: 0.0026
env1_first_0:                 episode reward: -13.7000,                 loss: nan
env1_second_0:                 episode reward: 13.7000,                 loss: nan
Episode: 2241/10000 (22.4100%),                 avg. length: 3046.85,                last time consumption/overall running time: 2288.2060s / 277278.2218 s
env0_first_0:                 episode reward: -12.3000,                 loss: 0.0035
env0_second_0:                 episode reward: 12.3000,                 loss: 0.0023
env1_first_0:                 episode reward: -13.3000,                 loss: nan
env1_second_0:                 episode reward: 13.3000,                 loss: nan
Episode: 2261/10000 (22.6100%),                 avg. length: 3598.7,                last time consumption/overall running time: 2702.1867s / 279980.4085 s
env0_first_0:                 episode reward: -10.3000,                 loss: 0.0036
env0_second_0:                 episode reward: 10.3000,                 loss: 0.0025
env1_first_0:                 episode reward: -10.6000,                 loss: nan
env1_second_0:                 episode reward: 10.6000,                 loss: nan
Episode: 2281/10000 (22.8100%),                 avg. length: 3278.35,                last time consumption/overall running time: 2461.5222s / 282441.9307 s