pygame 2.0.1 (SDL 2.0.14, Python 3.7.0)
Hello from the pygame community. https://www.pygame.org/contribute.html
surround_v1 pettingzoo
/home/zihan/anaconda3/envs/x/lib/python3.7/site-packages/ecos/ecos.py:26: UserWarning: Converting G to a CSC matrix; may take a while.
  warn("Converting G to a CSC matrix; may take a while.")
/home/zihan/anaconda3/envs/x/lib/python3.7/site-packages/ecos/ecos.py:29: UserWarning: Converting A to a CSC matrix; may take a while.
  warn("Converting A to a CSC matrix; may take a while.")
random seed: [91, 69]
<SubprocVectorEnv instance>
ParallelDQN(
  (net): MLP(
    (body): Sequential(
      (0): Linear(in_features=128, out_features=256, bias=True)
      (1): ReLU()
      (2): Linear(in_features=256, out_features=256, bias=True)
      (3): ReLU()
      (4): Linear(in_features=256, out_features=256, bias=True)
      (5): ReLU()
      (6): Linear(in_features=256, out_features=256, bias=True)
      (7): ReLU()
      (8): Linear(in_features=256, out_features=5, bias=True)
    )
  )
)
ParallelDQN(
  (net): MLP(
    (body): Sequential(
      (0): Linear(in_features=128, out_features=256, bias=True)
      (1): ReLU()
      (2): Linear(in_features=256, out_features=256, bias=True)
      (3): ReLU()
      (4): Linear(in_features=256, out_features=256, bias=True)
      (5): ReLU()
      (6): Linear(in_features=256, out_features=256, bias=True)
      (7): ReLU()
      (8): Linear(in_features=256, out_features=5, bias=True)
    )
  )
)
No agent are not learnable.
Arguments:  {'env_name': 'surround_v1', 'env_type': 'pettingzoo', 'num_envs': 2, 'ram': True, 'seed': 'random', 'algorithm': 'DQN', 'algorithm_spec': {'episodic_update': False, 'dueling': False, 'replay_buffer_size': '1e5', 'gamma': 0.99, 'multi_step': 1, 'target_update_interval': 1000, 'eps_start': 1.0, 'eps_final': 0.01, 'eps_decay': 30000}, 'batch_size': 128, 'max_episodes': 10000, 'max_steps_per_episode': 10000, 'train_start_frame': 10000, 'optimizer': 'adam', 'learning_rate': '1e-4', 'device': 'gpu', 'update_itr': 1, 'log_avg_window': 20, 'log_interval': 20, 'render': False, 'test': False, 'exploit': False, 'load_model_idx': False, 'load_model_full_path': False, 'multiprocess': False, 'eval_models': False, 'save_path': '', 'save_interval': 2000, 'net_architecture': {'hidden_dim_list': [256, 256, 256, 256], 'hidden_activation': 'ReLU', 'output_activation': False}, 'marl_method': 'nfsp', 'marl_spec': {'min_update_interval': 20, 'score_avg_window': 10, 'global_state': False, 'eta': 0.1}}
Save models to : /home/zihan/research/MARS/data/model/20220119_0526/pettingzoo_surround_v1_nfsp. 
 Save logs to: /home/zihan/research/MARS/data/log/20220119_0526/pettingzoo_surround_v1_nfsp.
Episode: 1/10000 (0.0100%),                 avg. length: 1660.0,                last time consumption/overall running time: 10.5291s / 10.5291 s
env0_first_0:                 episode reward: 0.0000,                 loss: nan
env0_second_0:                 episode reward: 0.0000,                 loss: nan
env1_first_0:                 episode reward: 2.0000,                 loss: nan
env1_second_0:                 episode reward: -2.0000,                 loss: nan
Episode: 21/10000 (0.2100%),                 avg. length: 1514.8,                last time consumption/overall running time: 823.5592s / 834.0882 s
env0_first_0:                 episode reward: -2.0000,                 loss: 0.0044
env0_second_0:                 episode reward: 2.0000,                 loss: 0.0043
env1_first_0:                 episode reward: -2.5500,                 loss: nan
env1_second_0:                 episode reward: 2.5500,                 loss: nan
Episode: 41/10000 (0.4100%),                 avg. length: 1701.65,                last time consumption/overall running time: 1249.7304s / 2083.8187 s
env0_first_0:                 episode reward: -1.7500,                 loss: 0.0037
env0_second_0:                 episode reward: 1.7500,                 loss: 0.0033
env1_first_0:                 episode reward: -2.8500,                 loss: nan
env1_second_0:                 episode reward: 2.8500,                 loss: nan
Episode: 61/10000 (0.6100%),                 avg. length: 1873.75,                last time consumption/overall running time: 1400.8723s / 3484.6910 s
env0_first_0:                 episode reward: 0.9500,                 loss: 0.0027
env0_second_0:                 episode reward: -0.9500,                 loss: 0.0025
env1_first_0:                 episode reward: 0.3500,                 loss: nan
env1_second_0:                 episode reward: -0.3500,                 loss: nan
Episode: 81/10000 (0.8100%),                 avg. length: 2053.6,                last time consumption/overall running time: 1544.1746s / 5028.8656 s
env0_first_0:                 episode reward: -0.0500,                 loss: 0.0019
env0_second_0:                 episode reward: 0.0500,                 loss: 0.0020
env1_first_0:                 episode reward: 0.4500,                 loss: nan
env1_second_0:                 episode reward: -0.4500,                 loss: nan
Episode: 101/10000 (1.0100%),                 avg. length: 1860.45,                last time consumption/overall running time: 1399.1426s / 6428.0082 s
env0_first_0:                 episode reward: 0.9500,                 loss: 0.0016
env0_second_0:                 episode reward: -0.9500,                 loss: 0.0019
env1_first_0:                 episode reward: 0.4000,                 loss: nan
env1_second_0:                 episode reward: -0.4000,                 loss: nan
Episode: 121/10000 (1.2100%),                 avg. length: 1972.0,                last time consumption/overall running time: 1484.7525s / 7912.7607 s
env0_first_0:                 episode reward: -0.8000,                 loss: 0.0016
env0_second_0:                 episode reward: 0.8000,                 loss: 0.0017
env1_first_0:                 episode reward: 0.4500,                 loss: nan
env1_second_0:                 episode reward: -0.4500,                 loss: nan
Episode: 141/10000 (1.4100%),                 avg. length: 1872.55,                last time consumption/overall running time: 1411.9504s / 9324.7110 s
env0_first_0:                 episode reward: -0.5000,                 loss: 0.0016
env0_second_0:                 episode reward: 0.5000,                 loss: 0.0016
env1_first_0:                 episode reward: -0.3000,                 loss: nan
env1_second_0:                 episode reward: 0.3000,                 loss: nan
Episode: 161/10000 (1.6100%),                 avg. length: 1935.0,                last time consumption/overall running time: 1457.4551s / 10782.1662 s
env0_first_0:                 episode reward: 1.9000,                 loss: 0.0014
env0_second_0:                 episode reward: -1.9000,                 loss: 0.0018
env1_first_0:                 episode reward: 3.5500,                 loss: nan
env1_second_0:                 episode reward: -3.5500,                 loss: nan
Episode: 181/10000 (1.8100%),                 avg. length: 1730.4,                last time consumption/overall running time: 1303.6359s / 12085.8021 s
env0_first_0:                 episode reward: -2.6000,                 loss: 0.0017
env0_second_0:                 episode reward: 2.6000,                 loss: 0.0018
env1_first_0:                 episode reward: -2.0000,                 loss: nan
env1_second_0:                 episode reward: 2.0000,                 loss: nan
Episode: 201/10000 (2.0100%),                 avg. length: 1892.85,                last time consumption/overall running time: 1427.1076s / 13512.9097 s
env0_first_0:                 episode reward: 3.2500,                 loss: 0.0018
env0_second_0:                 episode reward: -3.2500,                 loss: 0.0019
env1_first_0:                 episode reward: 2.1000,                 loss: nan
env1_second_0:                 episode reward: -2.1000,                 loss: nan
Episode: 221/10000 (2.2100%),                 avg. length: 2054.95,                last time consumption/overall running time: 1550.1179s / 15063.0276 s
env0_first_0:                 episode reward: 0.4500,                 loss: 0.0016
env0_second_0:                 episode reward: -0.4500,                 loss: 0.0019
env1_first_0:                 episode reward: 1.2000,                 loss: nan
env1_second_0:                 episode reward: -1.2000,                 loss: nan
Episode: 241/10000 (2.4100%),                 avg. length: 2029.4,                last time consumption/overall running time: 1529.7786s / 16592.8062 s
env0_first_0:                 episode reward: 1.2500,                 loss: 0.0017
env0_second_0:                 episode reward: -1.2500,                 loss: 0.0019