pygame 2.0.1 (SDL 2.0.14, Python 3.7.0)
Hello from the pygame community. https://www.pygame.org/contribute.html
boxing_v1 pettingzoo
/home/zihan/anaconda3/envs/x/lib/python3.7/site-packages/ecos/ecos.py:26: UserWarning: Converting G to a CSC matrix; may take a while.
  warn("Converting G to a CSC matrix; may take a while.")
/home/zihan/anaconda3/envs/x/lib/python3.7/site-packages/ecos/ecos.py:29: UserWarning: Converting A to a CSC matrix; may take a while.
  warn("Converting A to a CSC matrix; may take a while.")
random seed: [91, 69]
<SubprocVectorEnv instance>
ParallelDQN(
  (net): MLP(
    (body): Sequential(
      (0): Linear(in_features=128, out_features=128, bias=True)
      (1): ReLU()
      (2): Linear(in_features=128, out_features=128, bias=True)
      (3): ReLU()
      (4): Linear(in_features=128, out_features=128, bias=True)
      (5): ReLU()
      (6): Linear(in_features=128, out_features=128, bias=True)
      (7): ReLU()
      (8): Linear(in_features=128, out_features=18, bias=True)
    )
  )
)
ParallelDQN(
  (net): MLP(
    (body): Sequential(
      (0): Linear(in_features=128, out_features=128, bias=True)
      (1): ReLU()
      (2): Linear(in_features=128, out_features=128, bias=True)
      (3): ReLU()
      (4): Linear(in_features=128, out_features=128, bias=True)
      (5): ReLU()
      (6): Linear(in_features=128, out_features=128, bias=True)
      (7): ReLU()
      (8): Linear(in_features=128, out_features=18, bias=True)
    )
  )
)
No agent are not learnable.
Arguments:  {'env_name': 'boxing_v1', 'env_type': 'pettingzoo', 'num_envs': 2, 'ram': True, 'seed': 'random', 'algorithm': 'NashDQN', 'algorithm_spec': {'episodic_update': False, 'dueling': False, 'replay_buffer_size': '1e5', 'gamma': 0.99, 'multi_step': 1, 'target_update_interval': 1000, 'eps_start': 1.0, 'eps_final': 0.01, 'eps_decay': 30000}, 'batch_size': 128, 'max_episodes': 10000, 'max_steps_per_episode': 10000, 'train_start_frame': 0, 'optimizer': 'adam', 'learning_rate': '1e-4', 'device': 'gpu', 'update_itr': 0.1, 'log_avg_window': 20, 'log_interval': 20, 'render': False, 'test': False, 'exploit': False, 'load_model_idx': False, 'load_model_full_path': False, 'multiprocess': False, 'eval_models': False, 'save_path': '', 'save_interval': 2000, 'net_architecture': {'hidden_dim_list': [128, 128, 128, 128], 'hidden_activation': 'ReLU', 'output_activation': False}, 'marl_method': 'nash_dqn', 'marl_spec': {'min_update_interval': 20, 'score_avg_window': 10, 'global_state': False}}
Save models to : /home/zihan/research/MARS/data/model/20220119_0521/pettingzoo_boxing_v1_nash_dqn. 
 Save logs to: /home/zihan/research/MARS/data/log/20220119_0521/pettingzoo_boxing_v1_nash_dqn.
Episode: 1/10000 (0.0100%),                 avg. length: 1784.0,                last time consumption/overall running time: 43.4883s / 43.4883 s
env0_first_0:                 episode reward: -2.0000,                 loss: 0.0056
env0_second_0:                 episode reward: 2.0000,                 loss: 0.0056
env1_first_0:                 episode reward: -13.0000,                 loss: nan
env1_second_0:                 episode reward: 13.0000,                 loss: nan
Episode: 21/10000 (0.2100%),                 avg. length: 1784.0,                last time consumption/overall running time: 1558.1818s / 1601.6701 s
env0_first_0:                 episode reward: -1.9000,                 loss: 0.0175
env0_second_0:                 episode reward: 1.9000,                 loss: 0.0169
env1_first_0:                 episode reward: 1.4500,                 loss: nan
env1_second_0:                 episode reward: -1.4500,                 loss: nan
Episode: 41/10000 (0.4100%),                 avg. length: 1784.0,                last time consumption/overall running time: 1953.9673s / 3555.6374 s
env0_first_0:                 episode reward: 1.3500,                 loss: 0.0178
env0_second_0:                 episode reward: -1.3500,                 loss: 0.0179
env1_first_0:                 episode reward: 0.1000,                 loss: nan
env1_second_0:                 episode reward: -0.1000,                 loss: nan
Episode: 61/10000 (0.6100%),                 avg. length: 1784.0,                last time consumption/overall running time: 2066.7230s / 5622.3603 s
env0_first_0:                 episode reward: -1.3000,                 loss: 0.0182
env0_second_0:                 episode reward: 1.3000,                 loss: 0.0180
env1_first_0:                 episode reward: -0.4000,                 loss: nan
env1_second_0:                 episode reward: 0.4000,                 loss: nan
Episode: 81/10000 (0.8100%),                 avg. length: 1784.0,                last time consumption/overall running time: 2103.7477s / 7726.1080 s
env0_first_0:                 episode reward: -0.0500,                 loss: 0.0157
env0_second_0:                 episode reward: 0.0500,                 loss: 0.0160
env1_first_0:                 episode reward: -1.0500,                 loss: nan
env1_second_0:                 episode reward: 1.0500,                 loss: nan
Episode: 101/10000 (1.0100%),                 avg. length: 1784.0,                last time consumption/overall running time: 2098.1921s / 9824.3001 s
env0_first_0:                 episode reward: 0.0000,                 loss: 0.0150
env0_second_0:                 episode reward: 0.0000,                 loss: 0.0152
env1_first_0:                 episode reward: -1.2000,                 loss: nan
env1_second_0:                 episode reward: 1.2000,                 loss: nan
Episode: 121/10000 (1.2100%),                 avg. length: 1784.0,                last time consumption/overall running time: 2102.5478s / 11926.8479 s
env0_first_0:                 episode reward: -0.6500,                 loss: 0.0163
env0_second_0:                 episode reward: 0.6500,                 loss: 0.0166
env1_first_0:                 episode reward: 0.8000,                 loss: nan
env1_second_0:                 episode reward: -0.8000,                 loss: nan
Episode: 141/10000 (1.4100%),                 avg. length: 1784.0,                last time consumption/overall running time: 2117.6597s / 14044.5076 s
env0_first_0:                 episode reward: -1.4500,                 loss: 0.0161
env0_second_0:                 episode reward: 1.4500,                 loss: 0.0160
env1_first_0:                 episode reward: 0.3000,                 loss: nan
env1_second_0:                 episode reward: -0.3000,                 loss: nan
Episode: 161/10000 (1.6100%),                 avg. length: 1784.0,                last time consumption/overall running time: 2110.4252s / 16154.9329 s
env0_first_0:                 episode reward: -4.2000,                 loss: 0.0160
env0_second_0:                 episode reward: 4.2000,                 loss: 0.0164
env1_first_0:                 episode reward: -2.9500,                 loss: nan
env1_second_0:                 episode reward: 2.9500,                 loss: nan
Episode: 181/10000 (1.8100%),                 avg. length: 1784.0,                last time consumption/overall running time: 2100.2476s / 18255.1805 s
env0_first_0:                 episode reward: -2.6500,                 loss: 0.0178
env0_second_0:                 episode reward: 2.6500,                 loss: 0.0179
env1_first_0:                 episode reward: -0.4000,                 loss: nan
env1_second_0:                 episode reward: 0.4000,                 loss: nan
Episode: 201/10000 (2.0100%),                 avg. length: 1784.0,                last time consumption/overall running time: 2111.4073s / 20366.5878 s
env0_first_0:                 episode reward: -1.9500,                 loss: 0.0166
env0_second_0:                 episode reward: 1.9500,                 loss: 0.0163
env1_first_0:                 episode reward: -2.1000,                 loss: nan
env1_second_0:                 episode reward: 2.1000,                 loss: nan
Episode: 221/10000 (2.2100%),                 avg. length: 1784.0,                last time consumption/overall running time: 2101.4292s / 22468.0170 s
env0_first_0:                 episode reward: -0.4000,                 loss: 0.0140
env0_second_0:                 episode reward: 0.4000,                 loss: 0.0145
env1_first_0:                 episode reward: -2.0500,                 loss: nan
env1_second_0:                 episode reward: 2.0500,                 loss: nan
Episode: 241/10000 (2.4100%),                 avg. length: 1784.0,                last time consumption/overall running time: 2100.5032s / 24568.5202 s
env0_first_0:                 episode reward: -3.5500,                 loss: 0.0153
env0_second_0:                 episode reward: 3.5500,                 loss: 0.0155
env1_first_0:                 episode reward: 1.4000,                 loss: nan
env1_second_0:                 episode reward: -1.4000,                 loss: nan
Episode: 261/10000 (2.6100%),                 avg. length: 1784.0,                last time consumption/overall running time: 2089.0678s / 26657.5880 s
env0_first_0:                 episode reward: -1.6500,                 loss: 0.0145
env0_second_0:                 episode reward: 1.6500,                 loss: 0.0150
env1_first_0:                 episode reward: -2.7500,                 loss: nan
env1_second_0:                 episode reward: 2.7500,                 loss: nan
Episode: 281/10000 (2.8100%),                 avg. length: 1784.0,                last time consumption/overall running time: 2097.2665s / 28754.8545 s
env0_first_0:                 episode reward: -3.9000,                 loss: 0.0160
env0_second_0:                 episode reward: 3.9000,                 loss: 0.0159
env1_first_0:                 episode reward: -1.8500,                 loss: nan
env1_second_0:                 episode reward: 1.8500,                 loss: nan
Episode: 301/10000 (3.0100%),                 avg. length: 1784.0,                last time consumption/overall running time: 2099.2551s / 30854.1096 s
env0_first_0:                 episode reward: -2.2000,                 loss: 0.0181
env0_second_0:                 episode reward: 2.2000,                 loss: 0.0185
env1_first_0:                 episode reward: -1.5500,                 loss: nan
env1_second_0:                 episode reward: 1.5500,                 loss: nan
Episode: 321/10000 (3.2100%),                 avg. length: 1784.0,                last time consumption/overall running time: 2104.9084s / 32959.0180 s
env0_first_0:                 episode reward: -1.2500,                 loss: 0.0201
env0_second_0:                 episode reward: 1.2500,                 loss: 0.0194
env1_first_0:                 episode reward: -1.6000,                 loss: nan
env1_second_0:                 episode reward: 1.6000,                 loss: nan
Episode: 341/10000 (3.4100%),                 avg. length: 1784.0,                last time consumption/overall running time: 2101.3930s / 35060.4110 s
env0_first_0:                 episode reward: 0.2500,                 loss: 0.0191
env0_second_0:                 episode reward: -0.2500,                 loss: 0.0186
env1_first_0:                 episode reward: -0.4500,                 loss: nan
env1_second_0:                 episode reward: 0.4500,                 loss: nan
Episode: 361/10000 (3.6100%),                 avg. length: 1784.0,                last time consumption/overall running time: 2102.0210s / 37162.4320 s
env0_first_0:                 episode reward: 0.7000,                 loss: 0.0172
env0_second_0:                 episode reward: -0.7000,                 loss: 0.0177
env1_first_0:                 episode reward: 0.3000,                 loss: nan
env1_second_0:                 episode reward: -0.3000,                 loss: nan
Episode: 381/10000 (3.8100%),                 avg. length: 1784.0,                last time consumption/overall running time: 2425.9119s / 39588.3439 s
env0_first_0:                 episode reward: -2.3000,                 loss: 0.0172
env0_second_0:                 episode reward: 2.3000,                 loss: 0.0173
env1_first_0:                 episode reward: -1.4500,                 loss: nan
env1_second_0:                 episode reward: 1.4500,                 loss: nan
Episode: 401/10000 (4.0100%),                 avg. length: 1784.0,                last time consumption/overall running time: 2462.6242s / 42050.9682 s
env0_first_0:                 episode reward: -2.5000,                 loss: 0.0197
env0_second_0:                 episode reward: 2.5000,                 loss: 0.0187
env1_first_0:                 episode reward: -2.1500,                 loss: nan
env1_second_0:                 episode reward: 2.1500,                 loss: nan
Episode: 421/10000 (4.2100%),                 avg. length: 1784.0,                last time consumption/overall running time: 2468.3536s / 44519.3218 s
env0_first_0:                 episode reward: -3.3500,                 loss: 0.0196
env0_second_0:                 episode reward: 3.3500,                 loss: 0.0189
env1_first_0:                 episode reward: -1.9500,                 loss: nan
env1_second_0:                 episode reward: 1.9500,                 loss: nan
Episode: 441/10000 (4.4100%),                 avg. length: 1784.0,                last time consumption/overall running time: 2445.8250s / 46965.1468 s
env0_first_0:                 episode reward: -4.6500,                 loss: 0.0190
env0_second_0:                 episode reward: 4.6500,                 loss: 0.0187
env1_first_0:                 episode reward: -3.9500,                 loss: nan
env1_second_0:                 episode reward: 3.9500,                 loss: nan
Episode: 461/10000 (4.6100%),                 avg. length: 1784.0,                last time consumption/overall running time: 2438.6540s / 49403.8009 s
env0_first_0:                 episode reward: -1.1000,                 loss: 0.0173
env0_second_0:                 episode reward: 1.1000,                 loss: 0.0168
env1_first_0:                 episode reward: -1.7500,                 loss: nan
env1_second_0:                 episode reward: 1.7500,                 loss: nan
Episode: 481/10000 (4.8100%),                 avg. length: 1784.0,                last time consumption/overall running time: 2440.8089s / 51844.6097 s
env0_first_0:                 episode reward: -1.8000,                 loss: 0.0179
env0_second_0:                 episode reward: 1.8000,                 loss: 0.0174
env1_first_0:                 episode reward: 1.5000,                 loss: nan
env1_second_0:                 episode reward: -1.5000,                 loss: nan
Episode: 501/10000 (5.0100%),                 avg. length: 1784.0,                last time consumption/overall running time: 2436.2443s / 54280.8540 s
env0_first_0:                 episode reward: 0.5500,                 loss: 0.0195
env0_second_0:                 episode reward: -0.5500,                 loss: 0.0178
env1_first_0:                 episode reward: -3.2000,                 loss: nan
env1_second_0:                 episode reward: 3.2000,                 loss: nan
Episode: 521/10000 (5.2100%),                 avg. length: 1784.0,                last time consumption/overall running time: 2449.7406s / 56730.5947 s
env0_first_0:                 episode reward: -2.1500,                 loss: 0.0192
env0_second_0:                 episode reward: 2.1500,                 loss: 0.0182
env1_first_0:                 episode reward: -1.8500,                 loss: nan
env1_second_0:                 episode reward: 1.8500,                 loss: nan
Episode: 541/10000 (5.4100%),                 avg. length: 1784.0,                last time consumption/overall running time: 2456.7939s / 59187.3886 s
env0_first_0:                 episode reward: -3.9000,                 loss: 0.0198
env0_second_0:                 episode reward: 3.9000,                 loss: 0.0200
env1_first_0:                 episode reward: -0.2000,                 loss: nan
env1_second_0:                 episode reward: 0.2000,                 loss: nan
Episode: 561/10000 (5.6100%),                 avg. length: 1784.0,                last time consumption/overall running time: 2441.4561s / 61628.8447 s
env0_first_0:                 episode reward: -2.5500,                 loss: 0.0190
env0_second_0:                 episode reward: 2.5500,                 loss: 0.0187
env1_first_0:                 episode reward: -0.8500,                 loss: nan
env1_second_0:                 episode reward: 0.8500,                 loss: nan
Episode: 581/10000 (5.8100%),                 avg. length: 1784.0,                last time consumption/overall running time: 2449.0226s / 64077.8673 s
env0_first_0:                 episode reward: -2.7000,                 loss: 0.0206
env0_second_0:                 episode reward: 2.7000,                 loss: 0.0195
env1_first_0:                 episode reward: -2.9500,                 loss: nan
env1_second_0:                 episode reward: 2.9500,                 loss: nan
Episode: 601/10000 (6.0100%),                 avg. length: 1784.0,                last time consumption/overall running time: 2455.8460s / 66533.7133 s
env0_first_0:                 episode reward: -1.4500,                 loss: 0.0207
env0_second_0:                 episode reward: 1.4500,                 loss: 0.0207
env1_first_0:                 episode reward: -3.6500,                 loss: nan
env1_second_0:                 episode reward: 3.6500,                 loss: nan
Episode: 621/10000 (6.2100%),                 avg. length: 1784.0,                last time consumption/overall running time: 2449.2513s / 68982.9646 s
env0_first_0:                 episode reward: -1.7500,                 loss: 0.0227
env0_second_0:                 episode reward: 1.7500,                 loss: 0.0216
env1_first_0:                 episode reward: -3.2500,                 loss: nan
env1_second_0:                 episode reward: 3.2500,                 loss: nan
Episode: 641/10000 (6.4100%),                 avg. length: 1784.0,                last time consumption/overall running time: 2442.9743s / 71425.9389 s
env0_first_0:                 episode reward: -6.5000,                 loss: 0.0273
env0_second_0:                 episode reward: 6.5000,                 loss: 0.0247
env1_first_0:                 episode reward: -4.5000,                 loss: nan
env1_second_0:                 episode reward: 4.5000,                 loss: nan
Episode: 661/10000 (6.6100%),                 avg. length: 1784.0,                last time consumption/overall running time: 2445.3184s / 73871.2573 s
env0_first_0:                 episode reward: -0.3000,                 loss: 0.0285
env0_second_0:                 episode reward: 0.3000,                 loss: 0.0270
env1_first_0:                 episode reward: -1.7500,                 loss: nan
env1_second_0:                 episode reward: 1.7500,                 loss: nan
Episode: 681/10000 (6.8100%),                 avg. length: 1784.0,                last time consumption/overall running time: 2439.7074s / 76310.9647 s
env0_first_0:                 episode reward: -3.1000,                 loss: 0.0273
env0_second_0:                 episode reward: 3.1000,                 loss: 0.0246
env1_first_0:                 episode reward: -6.8500,                 loss: nan
env1_second_0:                 episode reward: 6.8500,                 loss: nan
Episode: 701/10000 (7.0100%),                 avg. length: 1784.0,                last time consumption/overall running time: 2455.2306s / 78766.1953 s
env0_first_0:                 episode reward: -4.0000,                 loss: 0.0345
env0_second_0:                 episode reward: 4.0000,                 loss: 0.0285
env1_first_0:                 episode reward: -1.2500,                 loss: nan
env1_second_0:                 episode reward: 1.2500,                 loss: nan
Episode: 721/10000 (7.2100%),                 avg. length: 1784.0,                last time consumption/overall running time: 2451.9642s / 81218.1595 s
env0_first_0:                 episode reward: -7.7000,                 loss: 0.0449
env0_second_0:                 episode reward: 7.7000,                 loss: 0.0369
env1_first_0:                 episode reward: -5.5500,                 loss: nan
env1_second_0:                 episode reward: 5.5500,                 loss: nan
Episode: 741/10000 (7.4100%),                 avg. length: 1784.0,                last time consumption/overall running time: 2448.1335s / 83666.2930 s
env0_first_0:                 episode reward: -2.7500,                 loss: 0.0500
env0_second_0:                 episode reward: 2.7500,                 loss: 0.0418
env1_first_0:                 episode reward: -5.7500,                 loss: nan
env1_second_0:                 episode reward: 5.7500,                 loss: nan
Episode: 761/10000 (7.6100%),                 avg. length: 1784.0,                last time consumption/overall running time: 2451.0295s / 86117.3225 s
env0_first_0:                 episode reward: -7.4500,                 loss: 0.0435
env0_second_0:                 episode reward: 7.4500,                 loss: 0.0379
env1_first_0:                 episode reward: -3.4000,                 loss: nan
env1_second_0:                 episode reward: 3.4000,                 loss: nan
Episode: 781/10000 (7.8100%),                 avg. length: 1784.0,                last time consumption/overall running time: 2450.1106s / 88567.4331 s
env0_first_0:                 episode reward: -5.7000,                 loss: 0.0420
env0_second_0:                 episode reward: 5.7000,                 loss: 0.0370
env1_first_0:                 episode reward: -6.3500,                 loss: nan
env1_second_0:                 episode reward: 6.3500,                 loss: nan
Episode: 801/10000 (8.0100%),                 avg. length: 1784.0,                last time consumption/overall running time: 2445.8349s / 91013.2680 s
env0_first_0:                 episode reward: -4.6000,                 loss: 0.0471
env0_second_0:                 episode reward: 4.6000,                 loss: 0.0445
env1_first_0:                 episode reward: -4.2500,                 loss: nan
env1_second_0:                 episode reward: 4.2500,                 loss: nan
Episode: 821/10000 (8.2100%),                 avg. length: 1784.0,                last time consumption/overall running time: 2439.0153s / 93452.2833 s
env0_first_0:                 episode reward: -4.1000,                 loss: 0.0466
env0_second_0:                 episode reward: 4.1000,                 loss: 0.0450
env1_first_0:                 episode reward: -6.8000,                 loss: nan
env1_second_0:                 episode reward: 6.8000,                 loss: nan
Episode: 841/10000 (8.4100%),                 avg. length: 1784.0,                last time consumption/overall running time: 2442.2221s / 95894.5054 s
env0_first_0:                 episode reward: -8.5000,                 loss: 0.0448
env0_second_0:                 episode reward: 8.5000,                 loss: 0.0447
env1_first_0:                 episode reward: -4.7000,                 loss: nan
env1_second_0:                 episode reward: 4.7000,                 loss: nan
Episode: 861/10000 (8.6100%),                 avg. length: 1784.0,                last time consumption/overall running time: 2420.8180s / 98315.3234 s
env0_first_0:                 episode reward: -8.7500,                 loss: 0.0466
env0_second_0:                 episode reward: 8.7500,                 loss: 0.0423
env1_first_0:                 episode reward: -5.5000,                 loss: nan
env1_second_0:                 episode reward: 5.5000,                 loss: nan
Episode: 881/10000 (8.8100%),                 avg. length: 1784.0,                last time consumption/overall running time: 2413.4675s / 100728.7909 s
env0_first_0:                 episode reward: -8.7500,                 loss: 0.0616
env0_second_0:                 episode reward: 8.7500,                 loss: 0.0531
env1_first_0:                 episode reward: -7.9500,                 loss: nan
env1_second_0:                 episode reward: 7.9500,                 loss: nan
Episode: 901/10000 (9.0100%),                 avg. length: 1784.0,                last time consumption/overall running time: 2405.6622s / 103134.4531 s
env0_first_0:                 episode reward: -5.1500,                 loss: 0.0557
env0_second_0:                 episode reward: 5.1500,                 loss: 0.0552
env1_first_0:                 episode reward: -6.5500,                 loss: nan
env1_second_0:                 episode reward: 6.5500,                 loss: nan
Episode: 921/10000 (9.2100%),                 avg. length: 1784.0,                last time consumption/overall running time: 2411.2469s / 105545.6999 s
env0_first_0:                 episode reward: -4.4500,                 loss: 0.0470
env0_second_0:                 episode reward: 4.4500,                 loss: 0.0458
env1_first_0:                 episode reward: -8.6500,                 loss: nan
env1_second_0:                 episode reward: 8.6500,                 loss: nan
Episode: 941/10000 (9.4100%),                 avg. length: 1784.0,                last time consumption/overall running time: 2412.6546s / 107958.3545 s
env0_first_0:                 episode reward: -5.5500,                 loss: 0.0542
env0_second_0:                 episode reward: 5.5500,                 loss: 0.0476
env1_first_0:                 episode reward: -5.9000,                 loss: nan
env1_second_0:                 episode reward: 5.9000,                 loss: nan
Episode: 961/10000 (9.6100%),                 avg. length: 1784.0,                last time consumption/overall running time: 2406.3972s / 110364.7517 s
env0_first_0:                 episode reward: -5.2000,                 loss: 0.0428
env0_second_0:                 episode reward: 5.2000,                 loss: 0.0453
env1_first_0:                 episode reward: -3.3500,                 loss: nan
env1_second_0:                 episode reward: 3.3500,                 loss: nan
Episode: 981/10000 (9.8100%),                 avg. length: 1784.0,                last time consumption/overall running time: 2407.7048s / 112772.4565 s
env0_first_0:                 episode reward: -10.9000,                 loss: 0.0518
env0_second_0:                 episode reward: 10.9000,                 loss: 0.0479
env1_first_0:                 episode reward: -10.6000,                 loss: nan
env1_second_0:                 episode reward: 10.6000,                 loss: nan
Episode: 1001/10000 (10.0100%),                 avg. length: 1784.0,                last time consumption/overall running time: 2408.1066s / 115180.5631 s
env0_first_0:                 episode reward: -10.6500,                 loss: 0.0642
env0_second_0:                 episode reward: 10.6500,                 loss: 0.0571
env1_first_0:                 episode reward: -8.3000,                 loss: nan
env1_second_0:                 episode reward: 8.3000,                 loss: nan
Episode: 1021/10000 (10.2100%),                 avg. length: 1784.0,                last time consumption/overall running time: 2413.1882s / 117593.7512 s
env0_first_0:                 episode reward: -8.9000,                 loss: 0.0757
env0_second_0:                 episode reward: 8.9000,                 loss: 0.0676
env1_first_0:                 episode reward: -10.8500,                 loss: nan
env1_second_0:                 episode reward: 10.8500,                 loss: nan
Episode: 1041/10000 (10.4100%),                 avg. length: 1784.0,                last time consumption/overall running time: 2412.3702s / 120006.1215 s
env0_first_0:                 episode reward: -2.1000,                 loss: 0.0729
env0_second_0:                 episode reward: 2.1000,                 loss: 0.0644
env1_first_0:                 episode reward: -7.8500,                 loss: nan
env1_second_0:                 episode reward: 7.8500,                 loss: nan
Episode: 1061/10000 (10.6100%),                 avg. length: 1784.0,                last time consumption/overall running time: 2416.8817s / 122423.0032 s
env0_first_0:                 episode reward: -2.9500,                 loss: 0.0675
env0_second_0:                 episode reward: 2.9500,                 loss: 0.0576
env1_first_0:                 episode reward: -2.4000,                 loss: nan
env1_second_0:                 episode reward: 2.4000,                 loss: nan
Episode: 1081/10000 (10.8100%),                 avg. length: 1784.0,                last time consumption/overall running time: 2418.0195s / 124841.0228 s
env0_first_0:                 episode reward: -7.8000,                 loss: 0.0610
env0_second_0:                 episode reward: 7.8000,                 loss: 0.0677
env1_first_0:                 episode reward: -6.9000,                 loss: nan
env1_second_0:                 episode reward: 6.9000,                 loss: nan
Episode: 1101/10000 (11.0100%),                 avg. length: 1784.0,                last time consumption/overall running time: 2403.7901s / 127244.8128 s
env0_first_0:                 episode reward: -4.6500,                 loss: 0.0666
env0_second_0:                 episode reward: 4.6500,                 loss: 0.0669
env1_first_0:                 episode reward: -12.9000,                 loss: nan
env1_second_0:                 episode reward: 12.9000,                 loss: nan
Episode: 1121/10000 (11.2100%),                 avg. length: 1783.45,                last time consumption/overall running time: 2412.2552s / 129657.0680 s
env0_first_0:                 episode reward: -20.4000,                 loss: 0.0781
env0_second_0:                 episode reward: 20.4000,                 loss: 0.0700
env1_first_0:                 episode reward: -18.0500,                 loss: nan
env1_second_0:                 episode reward: 18.0500,                 loss: nan
Episode: 1141/10000 (11.4100%),                 avg. length: 1782.85,                last time consumption/overall running time: 2410.1322s / 132067.2002 s
env0_first_0:                 episode reward: -11.1000,                 loss: 0.0840
env0_second_0:                 episode reward: 11.1000,                 loss: 0.0875
env1_first_0:                 episode reward: -11.0500,                 loss: nan
env1_second_0:                 episode reward: 11.0500,                 loss: nan
Episode: 1161/10000 (11.6100%),                 avg. length: 1784.0,                last time consumption/overall running time: 2415.2645s / 134482.4647 s
env0_first_0:                 episode reward: -13.3500,                 loss: 0.0762
env0_second_0:                 episode reward: 13.3500,                 loss: 0.0811
env1_first_0:                 episode reward: -13.9500,                 loss: nan
env1_second_0:                 episode reward: 13.9500,                 loss: nan
Episode: 1181/10000 (11.8100%),                 avg. length: 1784.0,                last time consumption/overall running time: 2426.2237s / 136908.6884 s
env0_first_0:                 episode reward: -9.1500,                 loss: 0.0700
env0_second_0:                 episode reward: 9.1500,                 loss: 0.0827
env1_first_0:                 episode reward: -14.0500,                 loss: nan
env1_second_0:                 episode reward: 14.0500,                 loss: nan
Episode: 1201/10000 (12.0100%),                 avg. length: 1784.0,                last time consumption/overall running time: 2421.7592s / 139330.4476 s
env0_first_0:                 episode reward: -17.4000,                 loss: 0.0845
env0_second_0:                 episode reward: 17.4000,                 loss: 0.0926
env1_first_0:                 episode reward: -16.5500,                 loss: nan
env1_second_0:                 episode reward: 16.5500,                 loss: nan
Episode: 1221/10000 (12.2100%),                 avg. length: 1784.0,                last time consumption/overall running time: 2418.9771s / 141749.4247 s
env0_first_0:                 episode reward: -20.1000,                 loss: 0.0859
env0_second_0:                 episode reward: 20.1000,                 loss: 0.0820
env1_first_0:                 episode reward: -13.0500,                 loss: nan
env1_second_0:                 episode reward: 13.0500,                 loss: nan
Episode: 1241/10000 (12.4100%),                 avg. length: 1778.8,                last time consumption/overall running time: 2411.8213s / 144161.2460 s
env0_first_0:                 episode reward: -18.9500,                 loss: 0.0746
env0_second_0:                 episode reward: 18.9500,                 loss: 0.0722
env1_first_0:                 episode reward: -14.6500,                 loss: nan
env1_second_0:                 episode reward: 14.6500,                 loss: nan
Episode: 1261/10000 (12.6100%),                 avg. length: 1757.55,                last time consumption/overall running time: 2342.3140s / 146503.5600 s
env0_first_0:                 episode reward: -21.7000,                 loss: 0.0858