pygame 2.0.1 (SDL 2.0.14, Python 3.7.0)
Hello from the pygame community. https://www.pygame.org/contribute.html
boxing_v1 pettingzoo
/home/zihan/anaconda3/envs/x/lib/python3.7/site-packages/ecos/ecos.py:26: UserWarning: Converting G to a CSC matrix; may take a while.
  warn("Converting G to a CSC matrix; may take a while.")
/home/zihan/anaconda3/envs/x/lib/python3.7/site-packages/ecos/ecos.py:29: UserWarning: Converting A to a CSC matrix; may take a while.
  warn("Converting A to a CSC matrix; may take a while.")
random seed: [91, 69]
<SubprocVectorEnv instance>
ParallelDQN(
  (net): MLP(
    (body): Sequential(
      (0): Linear(in_features=128, out_features=128, bias=True)
      (1): ReLU()
      (2): Linear(in_features=128, out_features=128, bias=True)
      (3): ReLU()
      (4): Linear(in_features=128, out_features=128, bias=True)
      (5): ReLU()
      (6): Linear(in_features=128, out_features=128, bias=True)
      (7): ReLU()
      (8): Linear(in_features=128, out_features=18, bias=True)
    )
  )
)
ParallelDQN(
  (net): MLP(
    (body): Sequential(
      (0): Linear(in_features=128, out_features=128, bias=True)
      (1): ReLU()
      (2): Linear(in_features=128, out_features=128, bias=True)
      (3): ReLU()
      (4): Linear(in_features=128, out_features=128, bias=True)
      (5): ReLU()
      (6): Linear(in_features=128, out_features=128, bias=True)
      (7): ReLU()
      (8): Linear(in_features=128, out_features=18, bias=True)
    )
  )
)
Agents No. [1] (index starting from 0) are not learnable.
Arguments:  {'env_name': 'boxing_v1', 'env_type': 'pettingzoo', 'num_envs': 2, 'ram': True, 'seed': 'random', 'algorithm': 'DQN', 'algorithm_spec': {'episodic_update': False, 'dueling': False, 'replay_buffer_size': '1e5', 'gamma': 0.99, 'multi_step': 1, 'target_update_interval': 1000, 'eps_start': 1.0, 'eps_final': 0.01, 'eps_decay': 30000}, 'batch_size': 128, 'max_episodes': 10000, 'max_steps_per_episode': 10000, 'train_start_frame': 0, 'optimizer': 'adam', 'learning_rate': '1e-4', 'device': 'gpu', 'update_itr': 1, 'log_avg_window': 20, 'log_interval': 20, 'render': False, 'test': False, 'exploit': False, 'load_model_idx': False, 'load_model_full_path': False, 'multiprocess': False, 'eval_models': False, 'save_path': '', 'save_interval': 2000, 'net_architecture': {'hidden_dim_list': [128, 128, 128, 128], 'hidden_activation': 'ReLU', 'output_activation': False}, 'marl_method': 'nxdo2', 'marl_spec': {'min_update_interval': 20, 'score_avg_window': 10, 'global_state': False, 'selfplay_score_delta': 80, 'trainable_agent_idx': 0, 'opponent_idx': 1}}
Save models to : /home/zihan/research/MARS/data/model/20220119_0521/pettingzoo_boxing_v1_nxdo2. 
 Save logs to: /home/zihan/research/MARS/data/log/20220119_0521/pettingzoo_boxing_v1_nxdo2.
boxing_v1 pettingzoo
Load boxing_v1 environment in type pettingzoo.
Env observation space: Box(0.0, 1.0, (128,), float32) action space: Discrete(18)
random seed: 11
DQNBase(
  (net): MLP(
    (body): Sequential(
      (0): Linear(in_features=128, out_features=128, bias=True)
      (1): ReLU()
      (2): Linear(in_features=128, out_features=128, bias=True)
      (3): ReLU()
      (4): Linear(in_features=128, out_features=128, bias=True)
      (5): ReLU()
      (6): Linear(in_features=128, out_features=128, bias=True)
      (7): ReLU()
      (8): Linear(in_features=128, out_features=18, bias=True)
    )
  )
)
DQNBase(
  (net): MLP(
    (body): Sequential(
      (0): Linear(in_features=128, out_features=128, bias=True)
      (1): ReLU()
      (2): Linear(in_features=128, out_features=128, bias=True)
      (3): ReLU()
      (4): Linear(in_features=128, out_features=128, bias=True)
      (5): ReLU()
      (6): Linear(in_features=128, out_features=128, bias=True)
      (7): ReLU()
      (8): Linear(in_features=128, out_features=18, bias=True)
    )
  )
)
Episode: 1/10000 (0.0100%),                 avg. length: 1784.0,                last time consumption/overall running time: 17.7500s / 17.7500 s
env0_first_0:                 episode reward: 1.0000,                 loss: 0.0003
env0_second_0:                 episode reward: -1.0000,                 loss: nan
env1_first_0:                 episode reward: 7.0000,                 loss: nan
env1_second_0:                 episode reward: -7.0000,                 loss: nan
Episode: 21/10000 (0.2100%),                 avg. length: 1272.7,                last time consumption/overall running time: 301.8446s / 319.5947 s
env0_first_0:                 episode reward: 65.9500,                 loss: 0.0313
env0_second_0:                 episode reward: -65.9500,                 loss: nan
env1_first_0:                 episode reward: 68.9500,                 loss: nan
env1_second_0:                 episode reward: -68.9500,                 loss: nan
Score delta: 178.2, save the model to .//data/model/20220119_0521/pettingzoo_boxing_v1_nxdo2/21_0.
Episode: 41/10000 (0.4100%),                 avg. length: 1637.9,                last time consumption/overall running time: 719.4074s / 1039.0020 s
env0_first_0:                 episode reward: -18.4500,                 loss: nan
env0_second_0:                 episode reward: 18.4500,                 loss: 0.0200
env1_first_0:                 episode reward: -14.0500,                 loss: nan
env1_second_0:                 episode reward: 14.0500,                 loss: nan
Episode: 61/10000 (0.6100%),                 avg. length: 1625.65,                last time consumption/overall running time: 768.6905s / 1807.6925 s
env0_first_0:                 episode reward: -32.3000,                 loss: 0.0511
env0_second_0:                 episode reward: 32.3000,                 loss: 0.0566
env1_first_0:                 episode reward: -29.9000,                 loss: nan
env1_second_0:                 episode reward: 29.9000,                 loss: nan
Score delta: 86.8, save the model to .//data/model/20220119_0521/pettingzoo_boxing_v1_nxdo2/45_1.
Episode: 81/10000 (0.8100%),                 avg. length: 1784.0,                last time consumption/overall running time: 810.8063s / 2618.4988 s
env0_first_0:                 episode reward: -0.1500,                 loss: 0.0394
env0_second_0:                 episode reward: 0.1500,                 loss: nan
env1_first_0:                 episode reward: -1.1000,                 loss: nan
env1_second_0:                 episode reward: 1.1000,                 loss: nan
Episode: 101/10000 (1.0100%),                 avg. length: 1680.65,                last time consumption/overall running time: 763.5166s / 3382.0155 s
env0_first_0:                 episode reward: 11.6000,                 loss: 0.0072
env0_second_0:                 episode reward: -11.6000,                 loss: nan
env1_first_0:                 episode reward: 9.8000,                 loss: nan
env1_second_0:                 episode reward: -9.8000,                 loss: nan
Episode: 121/10000 (1.2100%),                 avg. length: 1246.35,                last time consumption/overall running time: 573.4577s / 3955.4731 s
env0_first_0:                 episode reward: 45.7000,                 loss: 0.0183
env0_second_0:                 episode reward: -45.7000,                 loss: 0.0682
env1_first_0:                 episode reward: 50.5500,                 loss: nan
env1_second_0:                 episode reward: -50.5500,                 loss: nan
Score delta: 83.4, save the model to .//data/model/20220119_0521/pettingzoo_boxing_v1_nxdo2/105_0.
Episode: 141/10000 (1.4100%),                 avg. length: 1769.2,                last time consumption/overall running time: 875.2530s / 4830.7261 s
env0_first_0:                 episode reward: -40.5500,                 loss: 0.0268
env0_second_0:                 episode reward: 40.5500,                 loss: 0.0630
env1_first_0:                 episode reward: -33.6500,                 loss: nan
env1_second_0:                 episode reward: 33.6500,                 loss: nan
Score delta: 80.4, save the model to .//data/model/20220119_0521/pettingzoo_boxing_v1_nxdo2/135_1.
Episode: 161/10000 (1.6100%),                 avg. length: 1775.45,                last time consumption/overall running time: 800.1715s / 5630.8976 s
env0_first_0:                 episode reward: 19.3500,                 loss: 0.0487
env0_second_0:                 episode reward: -19.3500,                 loss: nan
env1_first_0:                 episode reward: 16.1500,                 loss: nan
env1_second_0:                 episode reward: -16.1500,                 loss: nan
Episode: 181/10000 (1.8100%),                 avg. length: 1524.35,                last time consumption/overall running time: 763.2565s / 6394.1541 s
env0_first_0:                 episode reward: 35.8000,                 loss: 0.0494
env0_second_0:                 episode reward: -35.8000,                 loss: 0.0423
env1_first_0:                 episode reward: 39.7500,                 loss: nan
env1_second_0:                 episode reward: -39.7500,                 loss: nan
Score delta: 86.2, save the model to .//data/model/20220119_0521/pettingzoo_boxing_v1_nxdo2/175_0.
Episode: 201/10000 (2.0100%),                 avg. length: 1741.9,                last time consumption/overall running time: 903.2585s / 7297.4126 s
env0_first_0:                 episode reward: -15.8000,                 loss: 0.0544
env0_second_0:                 episode reward: 15.8000,                 loss: 0.0393
env1_first_0:                 episode reward: -22.3500,                 loss: nan
env1_second_0:                 episode reward: 22.3500,                 loss: nan
Score delta: 83.6, save the model to .//data/model/20220119_0521/pettingzoo_boxing_v1_nxdo2/198_1.
Episode: 221/10000 (2.2100%),                 avg. length: 1784.0,                last time consumption/overall running time: 803.3868s / 8100.7994 s
env0_first_0:                 episode reward: 2.7000,                 loss: 0.0452
env0_second_0:                 episode reward: -2.7000,                 loss: nan
env1_first_0:                 episode reward: 4.1500,                 loss: nan
env1_second_0:                 episode reward: -4.1500,                 loss: nan
Episode: 241/10000 (2.4100%),                 avg. length: 1776.7,                last time consumption/overall running time: 912.9203s / 9013.7197 s
env0_first_0:                 episode reward: 32.6000,                 loss: 0.0403
env0_second_0:                 episode reward: -32.6000,                 loss: 0.0429
env1_first_0:                 episode reward: 30.2500,                 loss: nan
env1_second_0:                 episode reward: -30.2500,                 loss: nan
Score delta: 81.8, save the model to .//data/model/20220119_0521/pettingzoo_boxing_v1_nxdo2/239_0.
Episode: 261/10000 (2.6100%),                 avg. length: 1784.0,                last time consumption/overall running time: 801.3452s / 9815.0649 s
env0_first_0:                 episode reward: -10.2500,                 loss: nan
env0_second_0:                 episode reward: 10.2500,                 loss: 0.0445
env1_first_0:                 episode reward: -7.8000,                 loss: nan
env1_second_0:                 episode reward: 7.8000,                 loss: nan
Episode: 281/10000 (2.8100%),                 avg. length: 1545.6,                last time consumption/overall running time: 851.6606s / 10666.7255 s
env0_first_0:                 episode reward: 23.0000,                 loss: 0.0454
env0_second_0:                 episode reward: -23.0000,                 loss: 0.0455
env1_first_0:                 episode reward: 13.0500,                 loss: nan
env1_second_0:                 episode reward: -13.0500,                 loss: nan
Score delta: 86.2, save the model to .//data/model/20220119_0521/pettingzoo_boxing_v1_nxdo2/263_1.
Episode: 301/10000 (3.0100%),                 avg. length: 1249.25,                last time consumption/overall running time: 658.7003s / 11325.4258 s
env0_first_0:                 episode reward: -28.3000,                 loss: 0.0624
env0_second_0:                 episode reward: 28.3000,                 loss: 0.0463
env1_first_0:                 episode reward: -28.4000,                 loss: nan
env1_second_0:                 episode reward: 28.4000,                 loss: nan
Score delta: 124.2, save the model to .//data/model/20220119_0521/pettingzoo_boxing_v1_nxdo2/284_0.
Episode: 321/10000 (3.2100%),                 avg. length: 1074.25,                last time consumption/overall running time: 680.2750s / 12005.7008 s
env0_first_0:                 episode reward: 11.2500,                 loss: 0.0785
env0_second_0:                 episode reward: -11.2500,                 loss: 0.0501
env1_first_0:                 episode reward: 13.1000,                 loss: nan
env1_second_0:                 episode reward: -13.1000,                 loss: nan
Score delta: 151.2, save the model to .//data/model/20220119_0521/pettingzoo_boxing_v1_nxdo2/305_1.
Episode: 341/10000 (3.4100%),                 avg. length: 1300.5,                last time consumption/overall running time: 756.7808s / 12762.4816 s
env0_first_0:                 episode reward: -27.5500,                 loss: 0.1195
env0_second_0:                 episode reward: 27.5500,                 loss: 0.0498
env1_first_0:                 episode reward: -27.5500,                 loss: nan
env1_second_0:                 episode reward: 27.5500,                 loss: nan
Score delta: 80.4, save the model to .//data/model/20220119_0521/pettingzoo_boxing_v1_nxdo2/326_0.
Episode: 361/10000 (3.6100%),                 avg. length: 1076.7,                last time consumption/overall running time: 720.4393s / 13482.9209 s
env0_first_0:                 episode reward: 7.6000,                 loss: 0.1366
env0_second_0:                 episode reward: -7.6000,                 loss: 0.0598
env1_first_0:                 episode reward: 3.0500,                 loss: nan
env1_second_0:                 episode reward: -3.0500,                 loss: nan
Score delta: 143.4, save the model to .//data/model/20220119_0521/pettingzoo_boxing_v1_nxdo2/347_1.
Episode: 381/10000 (3.8100%),                 avg. length: 765.25,                last time consumption/overall running time: 523.0823s / 14006.0032 s
env0_first_0:                 episode reward: 13.6500,                 loss: 0.1895
env0_second_0:                 episode reward: -13.6500,                 loss: 0.0618
env1_first_0:                 episode reward: 7.6000,                 loss: nan
env1_second_0:                 episode reward: -7.6000,                 loss: nan
Score delta: 120.2, save the model to .//data/model/20220119_0521/pettingzoo_boxing_v1_nxdo2/368_0.
Episode: 401/10000 (4.0100%),                 avg. length: 1121.75,                last time consumption/overall running time: 777.1472s / 14783.1504 s
env0_first_0:                 episode reward: -37.2000,                 loss: 0.2123
env0_second_0:                 episode reward: 37.2000,                 loss: 0.0717
env1_first_0:                 episode reward: -56.5500,                 loss: nan
env1_second_0:                 episode reward: 56.5500,                 loss: nan
Score delta: 131.2, save the model to .//data/model/20220119_0521/pettingzoo_boxing_v1_nxdo2/389_1.
Episode: 421/10000 (4.2100%),                 avg. length: 608.65,                last time consumption/overall running time: 366.8910s / 15150.0414 s
env0_first_0:                 episode reward: 61.9500,                 loss: 0.2329
env0_second_0:                 episode reward: -61.9500,                 loss: 0.0895
env1_first_0:                 episode reward: 60.6500,                 loss: nan
env1_second_0:                 episode reward: -60.6500,                 loss: nan
Score delta: 102.2, save the model to .//data/model/20220119_0521/pettingzoo_boxing_v1_nxdo2/411_0.
Episode: 441/10000 (4.4100%),                 avg. length: 613.35,                last time consumption/overall running time: 586.6289s / 15736.6703 s
env0_first_0:                 episode reward: 13.0000,                 loss: 0.2389
env0_second_0:                 episode reward: -13.0000,                 loss: 0.1212
env1_first_0:                 episode reward: -11.5000,                 loss: nan
env1_second_0:                 episode reward: 11.5000,                 loss: nan
Score delta: 104.6, save the model to .//data/model/20220119_0521/pettingzoo_boxing_v1_nxdo2/439_1.
Episode: 461/10000 (4.6100%),                 avg. length: 509.2,                last time consumption/overall running time: 345.4399s / 16082.1102 s
env0_first_0:                 episode reward: 35.3000,                 loss: 0.2509
env0_second_0:                 episode reward: -35.3000,                 loss: 0.1651
env1_first_0:                 episode reward: 29.8500,                 loss: nan
env1_second_0:                 episode reward: -29.8500,                 loss: nan
Score delta: 94.0, save the model to .//data/model/20220119_0521/pettingzoo_boxing_v1_nxdo2/460_0.
Episode: 481/10000 (4.8100%),                 avg. length: 488.05,                last time consumption/overall running time: 222.0208s / 16304.1309 s
env0_first_0:                 episode reward: 46.3000,                 loss: nan
env0_second_0:                 episode reward: -46.3000,                 loss: 0.1937
env1_first_0:                 episode reward: 25.7500,                 loss: nan
env1_second_0:                 episode reward: -25.7500,                 loss: nan
Episode: 501/10000 (5.0100%),                 avg. length: 634.35,                last time consumption/overall running time: 287.6131s / 16591.7441 s
env0_first_0:                 episode reward: 40.1000,                 loss: nan
env0_second_0:                 episode reward: -40.1000,                 loss: 0.2626
env1_first_0:                 episode reward: 4.6000,                 loss: nan
env1_second_0:                 episode reward: -4.6000,                 loss: nan
Episode: 521/10000 (5.2100%),                 avg. length: 681.3,                last time consumption/overall running time: 652.5960s / 17244.3401 s
env0_first_0:                 episode reward: -44.7000,                 loss: 0.2965
env0_second_0:                 episode reward: 44.7000,                 loss: 0.2984
env1_first_0:                 episode reward: -52.5000,                 loss: nan
env1_second_0:                 episode reward: 52.5000,                 loss: nan
Score delta: 92.0, save the model to .//data/model/20220119_0521/pettingzoo_boxing_v1_nxdo2/512_1.
Episode: 541/10000 (5.4100%),                 avg. length: 595.45,                last time consumption/overall running time: 521.9857s / 17766.3258 s
env0_first_0:                 episode reward: 27.4000,                 loss: 0.3205
env0_second_0:                 episode reward: -27.4000,                 loss: nan
env1_first_0:                 episode reward: 51.3000,                 loss: nan
env1_second_0:                 episode reward: -51.3000,                 loss: nan
Score delta: 87.4, save the model to .//data/model/20220119_0521/pettingzoo_boxing_v1_nxdo2/541_0.
Episode: 561/10000 (5.6100%),                 avg. length: 819.0,                last time consumption/overall running time: 366.9909s / 18133.3167 s
env0_first_0:                 episode reward: -14.6000,                 loss: nan
env0_second_0:                 episode reward: 14.6000,                 loss: 0.3446
env1_first_0:                 episode reward: -29.3000,                 loss: nan
env1_second_0:                 episode reward: 29.3000,                 loss: nan
Episode: 581/10000 (5.8100%),                 avg. length: 537.3,                last time consumption/overall running time: 626.9579s / 18760.2747 s
env0_first_0:                 episode reward: -78.0000,                 loss: 0.2429
env0_second_0:                 episode reward: 78.0000,                 loss: 0.3663
env1_first_0:                 episode reward: -77.0000,                 loss: nan
env1_second_0:                 episode reward: 77.0000,                 loss: nan
Score delta: 87.6, save the model to .//data/model/20220119_0521/pettingzoo_boxing_v1_nxdo2/566_1.
Episode: 601/10000 (6.0100%),                 avg. length: 1142.45,                last time consumption/overall running time: 511.5837s / 19271.8583 s
env0_first_0:                 episode reward: 3.2500,                 loss: 0.2919
env0_second_0:                 episode reward: -3.2500,                 loss: nan
env1_first_0:                 episode reward: -11.0500,                 loss: nan
env1_second_0:                 episode reward: 11.0500,                 loss: nan
Episode: 621/10000 (6.2100%),                 avg. length: 484.25,                last time consumption/overall running time: 448.0672s / 19719.9256 s
env0_first_0:                 episode reward: -20.7000,                 loss: 0.2865
env0_second_0:                 episode reward: 20.7000,                 loss: 0.3641
env1_first_0:                 episode reward: -29.9000,                 loss: nan
env1_second_0:                 episode reward: 29.9000,                 loss: nan
Score delta: 93.6, save the model to .//data/model/20220119_0521/pettingzoo_boxing_v1_nxdo2/605_0.
Episode: 641/10000 (6.4100%),                 avg. length: 321.5,                last time consumption/overall running time: 573.9149s / 20293.8405 s
env0_first_0:                 episode reward: -91.9000,                 loss: 0.2237
env0_second_0:                 episode reward: 91.9000,                 loss: 0.3491
env1_first_0:                 episode reward: -81.9000,                 loss: nan
env1_second_0:                 episode reward: 81.9000,                 loss: nan
Score delta: 81.8, save the model to .//data/model/20220119_0521/pettingzoo_boxing_v1_nxdo2/626_1.
Episode: 661/10000 (6.6100%),                 avg. length: 277.25,                last time consumption/overall running time: 125.9280s / 20419.7684 s
env0_first_0:                 episode reward: -79.1000,                 loss: 0.2185
env0_second_0:                 episode reward: 79.1000,                 loss: nan
env1_first_0:                 episode reward: -81.4000,                 loss: nan
env1_second_0:                 episode reward: 81.4000,                 loss: nan
Episode: 681/10000 (6.8100%),                 avg. length: 695.65,                last time consumption/overall running time: 312.0776s / 20731.8460 s
env0_first_0:                 episode reward: -12.1500,                 loss: 0.2226
env0_second_0:                 episode reward: 12.1500,                 loss: nan
env1_first_0:                 episode reward: -0.5500,                 loss: nan
env1_second_0:                 episode reward: 0.5500,                 loss: nan
Episode: 701/10000 (7.0100%),                 avg. length: 540.0,                last time consumption/overall running time: 559.0002s / 21290.8462 s
env0_first_0:                 episode reward: 2.1500,                 loss: 0.2189
env0_second_0:                 episode reward: -2.1500,                 loss: 0.3519
env1_first_0:                 episode reward: -14.6500,                 loss: nan
env1_second_0:                 episode reward: 14.6500,                 loss: nan
Score delta: 82.6, save the model to .//data/model/20220119_0521/pettingzoo_boxing_v1_nxdo2/684_0.
Episode: 721/10000 (7.2100%),                 avg. length: 913.05,                last time consumption/overall running time: 874.6922s / 22165.5384 s
env0_first_0:                 episode reward: 12.4500,                 loss: 0.2053
env0_second_0:                 episode reward: -12.4500,                 loss: 0.3552
env1_first_0:                 episode reward: 10.7000,                 loss: nan
env1_second_0:                 episode reward: -10.7000,                 loss: nan
Score delta: 97.8, save the model to .//data/model/20220119_0521/pettingzoo_boxing_v1_nxdo2/705_1.
Episode: 741/10000 (7.4100%),                 avg. length: 773.4,                last time consumption/overall running time: 659.1654s / 22824.7037 s
env0_first_0:                 episode reward: -29.2500,                 loss: 0.2091
env0_second_0:                 episode reward: 29.2500,                 loss: 0.3565
env1_first_0:                 episode reward: -47.5500,                 loss: nan
env1_second_0:                 episode reward: 47.5500,                 loss: nan
Score delta: 89.0, save the model to .//data/model/20220119_0521/pettingzoo_boxing_v1_nxdo2/729_0.
Episode: 761/10000 (7.6100%),                 avg. length: 437.95,                last time consumption/overall running time: 699.1781s / 23523.8818 s
env0_first_0:                 episode reward: -66.5500,                 loss: 0.0690
env0_second_0:                 episode reward: 66.5500,                 loss: 0.3475
env1_first_0:                 episode reward: -62.2000,                 loss: nan
env1_second_0:                 episode reward: 62.2000,                 loss: nan
Score delta: 107.0, save the model to .//data/model/20220119_0521/pettingzoo_boxing_v1_nxdo2/754_1.
Episode: 781/10000 (7.8100%),                 avg. length: 293.0,                last time consumption/overall running time: 133.8820s / 23657.7638 s
env0_first_0:                 episode reward: -89.7000,                 loss: 0.0686
env0_second_0:                 episode reward: 89.7000,                 loss: nan
env1_first_0:                 episode reward: -91.8500,                 loss: nan
env1_second_0:                 episode reward: 91.8500,                 loss: nan
Episode: 801/10000 (8.0100%),                 avg. length: 302.9,                last time consumption/overall running time: 137.3667s / 23795.1306 s
env0_first_0:                 episode reward: -92.1000,                 loss: 0.0959
env0_second_0:                 episode reward: 92.1000,                 loss: nan
env1_first_0:                 episode reward: -89.6500,                 loss: nan
env1_second_0:                 episode reward: 89.6500,                 loss: nan
Episode: 821/10000 (8.2100%),                 avg. length: 311.35,                last time consumption/overall running time: 140.1981s / 23935.3287 s
env0_first_0:                 episode reward: -91.3000,                 loss: 0.1300
env0_second_0:                 episode reward: 91.3000,                 loss: nan
env1_first_0:                 episode reward: -90.0000,                 loss: nan
env1_second_0:                 episode reward: 90.0000,                 loss: nan
Episode: 841/10000 (8.4100%),                 avg. length: 847.9,                last time consumption/overall running time: 378.1482s / 24313.4769 s
env0_first_0:                 episode reward: -54.6000,                 loss: 0.1834
env0_second_0:                 episode reward: 54.6000,                 loss: nan
env1_first_0:                 episode reward: -49.8500,                 loss: nan
env1_second_0:                 episode reward: 49.8500,                 loss: nan
Episode: 861/10000 (8.6100%),                 avg. length: 1237.45,                last time consumption/overall running time: 556.0111s / 24869.4880 s
env0_first_0:                 episode reward: -11.1500,                 loss: 0.2526
env0_second_0:                 episode reward: 11.1500,                 loss: nan
env1_first_0:                 episode reward: -9.7500,                 loss: nan
env1_second_0:                 episode reward: 9.7500,                 loss: nan
Episode: 881/10000 (8.8100%),                 avg. length: 770.25,                last time consumption/overall running time: 725.5930s / 25595.0810 s
env0_first_0:                 episode reward: 14.0500,                 loss: 0.2838
env0_second_0:                 episode reward: -14.0500,                 loss: 0.3316
env1_first_0:                 episode reward: 12.0500,                 loss: nan
env1_second_0:                 episode reward: -12.0500,                 loss: nan
Score delta: 82.4, save the model to .//data/model/20220119_0521/pettingzoo_boxing_v1_nxdo2/874_0.
Episode: 901/10000 (9.0100%),                 avg. length: 518.05,                last time consumption/overall running time: 234.5335s / 25829.6146 s
env0_first_0:                 episode reward: -15.6500,                 loss: nan
env0_second_0:                 episode reward: 15.6500,                 loss: 0.3539
env1_first_0:                 episode reward: -9.3000,                 loss: nan
env1_second_0:                 episode reward: 9.3000,                 loss: nan
Episode: 921/10000 (9.2100%),                 avg. length: 371.5,                last time consumption/overall running time: 169.5876s / 25999.2022 s
env0_first_0:                 episode reward: 2.2000,                 loss: nan
env0_second_0:                 episode reward: -2.2000,                 loss: 0.3980
env1_first_0:                 episode reward: 11.5500,                 loss: nan
env1_second_0:                 episode reward: -11.5500,                 loss: nan
Episode: 941/10000 (9.4100%),                 avg. length: 491.45,                last time consumption/overall running time: 764.9240s / 26764.1262 s
env0_first_0:                 episode reward: -0.6000,                 loss: nan
env0_second_0:                 episode reward: 0.6000,                 loss: 0.3963
env1_first_0:                 episode reward: -23.3500,                 loss: nan
env1_second_0:                 episode reward: 23.3500,                 loss: nan
Score delta: 95.8, save the model to .//data/model/20220119_0521/pettingzoo_boxing_v1_nxdo2/941_1.
Episode: 961/10000 (9.6100%),                 avg. length: 720.7,                last time consumption/overall running time: 323.6411s / 27087.7673 s
env0_first_0:                 episode reward: -19.7000,                 loss: 0.3181
env0_second_0:                 episode reward: 19.7000,                 loss: nan
env1_first_0:                 episode reward: -26.3000,                 loss: nan
env1_second_0:                 episode reward: 26.3000,                 loss: nan
Episode: 981/10000 (9.8100%),                 avg. length: 625.3,                last time consumption/overall running time: 282.3056s / 27370.0729 s
env0_first_0:                 episode reward: -39.9500,                 loss: 0.3816
env0_second_0:                 episode reward: 39.9500,                 loss: nan
env1_first_0:                 episode reward: -31.1500,                 loss: nan
env1_second_0:                 episode reward: 31.1500,                 loss: nan
Episode: 1001/10000 (10.0100%),                 avg. length: 495.1,                last time consumption/overall running time: 224.3223s / 27594.3952 s
env0_first_0:                 episode reward: -43.1500,                 loss: 0.4031
env0_second_0:                 episode reward: 43.1500,                 loss: nan
env1_first_0:                 episode reward: -46.0000,                 loss: nan
env1_second_0:                 episode reward: 46.0000,                 loss: nan
Episode: 1021/10000 (10.2100%),                 avg. length: 651.55,                last time consumption/overall running time: 292.0685s / 27886.4637 s
env0_first_0:                 episode reward: -32.8500,                 loss: 0.3720
env0_second_0:                 episode reward: 32.8500,                 loss: nan
env1_first_0:                 episode reward: -39.4000,                 loss: nan
env1_second_0:                 episode reward: 39.4000,                 loss: nan
Episode: 1041/10000 (10.4100%),                 avg. length: 882.3,                last time consumption/overall running time: 394.4619s / 28280.9256 s
env0_first_0:                 episode reward: -3.2500,                 loss: 0.3609
env0_second_0:                 episode reward: 3.2500,                 loss: nan
env1_first_0:                 episode reward: 1.7000,                 loss: nan
env1_second_0:                 episode reward: -1.7000,                 loss: nan
Episode: 1061/10000 (10.6100%),                 avg. length: 1066.8,                last time consumption/overall running time: 977.3029s / 29258.2285 s
env0_first_0:                 episode reward: 30.1000,                 loss: 0.3116
env0_second_0:                 episode reward: -30.1000,                 loss: 0.4105
env1_first_0:                 episode reward: 20.5500,                 loss: nan
env1_second_0:                 episode reward: -20.5500,                 loss: nan
Score delta: 89.8, save the model to .//data/model/20220119_0521/pettingzoo_boxing_v1_nxdo2/1058_0.
Episode: 1081/10000 (10.8100%),                 avg. length: 444.7,                last time consumption/overall running time: 784.6159s / 30042.8444 s
env0_first_0:                 episode reward: -30.6000,                 loss: nan
env0_second_0:                 episode reward: 30.6000,                 loss: 0.4346
env1_first_0:                 episode reward: -45.5500,                 loss: nan
env1_second_0:                 episode reward: 45.5500,                 loss: nan
Score delta: 82.8, save the model to .//data/model/20220119_0521/pettingzoo_boxing_v1_nxdo2/1081_1.
Episode: 1101/10000 (11.0100%),                 avg. length: 734.6,                last time consumption/overall running time: 330.4579s / 30373.3023 s
env0_first_0:                 episode reward: 8.5500,                 loss: 0.2935
env0_second_0:                 episode reward: -8.5500,                 loss: nan
env1_first_0:                 episode reward: -22.2500,                 loss: nan
env1_second_0:                 episode reward: 22.2500,                 loss: nan
Episode: 1121/10000 (11.2100%),                 avg. length: 534.25,                last time consumption/overall running time: 240.8657s / 30614.1679 s
env0_first_0:                 episode reward: -23.5000,                 loss: 0.3178
env0_second_0:                 episode reward: 23.5000,                 loss: nan
env1_first_0:                 episode reward: 8.0500,                 loss: nan
env1_second_0:                 episode reward: -8.0500,                 loss: nan
Episode: 1141/10000 (11.4100%),                 avg. length: 507.2,                last time consumption/overall running time: 228.9851s / 30843.1530 s
env0_first_0:                 episode reward: 1.0000,                 loss: 0.3759
env0_second_0:                 episode reward: -1.0000,                 loss: nan
env1_first_0:                 episode reward: 36.0500,                 loss: nan
env1_second_0:                 episode reward: -36.0500,                 loss: nan
Episode: 1161/10000 (11.6100%),                 avg. length: 512.35,                last time consumption/overall running time: 520.5540s / 31363.7070 s
env0_first_0:                 episode reward: 0.9000,                 loss: 0.3840
env0_second_0:                 episode reward: -0.9000,                 loss: 0.4580
env1_first_0:                 episode reward: 2.7500,                 loss: nan
env1_second_0:                 episode reward: -2.7500,                 loss: nan
Score delta: 83.0, save the model to .//data/model/20220119_0521/pettingzoo_boxing_v1_nxdo2/1151_0.
Episode: 1181/10000 (11.8100%),                 avg. length: 600.9,                last time consumption/overall running time: 886.8301s / 32250.5371 s
env0_first_0:                 episode reward: -30.6500,                 loss: 0.4285
env0_second_0:                 episode reward: 30.6500,                 loss: 0.4579
env1_first_0:                 episode reward: -47.5000,                 loss: nan
env1_second_0:                 episode reward: 47.5000,                 loss: nan
Score delta: 89.8, save the model to .//data/model/20220119_0521/pettingzoo_boxing_v1_nxdo2/1173_1.
Episode: 1201/10000 (12.0100%),                 avg. length: 484.15,                last time consumption/overall running time: 218.5461s / 32469.0832 s
env0_first_0:                 episode reward: -54.3000,                 loss: 0.3768
env0_second_0:                 episode reward: 54.3000,                 loss: nan
env1_first_0:                 episode reward: -56.5000,                 loss: nan
env1_second_0:                 episode reward: 56.5000,                 loss: nan
Episode: 1221/10000 (12.2100%),                 avg. length: 516.05,                last time consumption/overall running time: 232.2720s / 32701.3552 s
env0_first_0:                 episode reward: -51.4500,                 loss: 0.4293
env0_second_0:                 episode reward: 51.4500,                 loss: nan
env1_first_0:                 episode reward: -33.9000,                 loss: nan
env1_second_0:                 episode reward: 33.9000,                 loss: nan
Episode: 1241/10000 (12.4100%),                 avg. length: 478.0,                last time consumption/overall running time: 214.3174s / 32915.6726 s
env0_first_0:                 episode reward: -22.0500,                 loss: 0.4740
env0_second_0:                 episode reward: 22.0500,                 loss: nan
env1_first_0:                 episode reward: -30.6500,                 loss: nan
env1_second_0:                 episode reward: 30.6500,                 loss: nan
Episode: 1261/10000 (12.6100%),                 avg. length: 550.9,                last time consumption/overall running time: 248.5157s / 33164.1883 s
env0_first_0:                 episode reward: 10.4000,                 loss: 0.4855
env0_second_0:                 episode reward: -10.4000,                 loss: nan
env1_first_0:                 episode reward: 8.1500,                 loss: nan
env1_second_0:                 episode reward: -8.1500,                 loss: nan
Episode: 1281/10000 (12.8100%),                 avg. length: 811.95,                last time consumption/overall running time: 776.7814s / 33940.9697 s
env0_first_0:                 episode reward: 53.1500,                 loss: 0.4988
env0_second_0:                 episode reward: -53.1500,                 loss: 0.3442
env1_first_0:                 episode reward: 37.7000,                 loss: nan
env1_second_0:                 episode reward: -37.7000,                 loss: nan
Score delta: 84.4, save the model to .//data/model/20220119_0521/pettingzoo_boxing_v1_nxdo2/1264_0.
Episode: 1301/10000 (13.0100%),                 avg. length: 628.25,                last time consumption/overall running time: 285.0365s / 34226.0062 s
env0_first_0:                 episode reward: 62.0000,                 loss: nan
env0_second_0:                 episode reward: -62.0000,                 loss: 0.3205
env1_first_0:                 episode reward: 44.8500,                 loss: nan
env1_second_0:                 episode reward: -44.8500,                 loss: nan
Episode: 1321/10000 (13.2100%),                 avg. length: 504.8,                last time consumption/overall running time: 229.5313s / 34455.5375 s
env0_first_0:                 episode reward: 31.5500,                 loss: nan
env0_second_0:                 episode reward: -31.5500,                 loss: 0.3618
env1_first_0:                 episode reward: 19.4500,                 loss: nan
env1_second_0:                 episode reward: -19.4500,                 loss: nan
Episode: 1341/10000 (13.4100%),                 avg. length: 679.55,                last time consumption/overall running time: 308.6321s / 34764.1696 s
env0_first_0:                 episode reward: -6.0500,                 loss: nan
env0_second_0:                 episode reward: 6.0500,                 loss: 0.3728
env1_first_0:                 episode reward: 10.0500,                 loss: nan
env1_second_0:                 episode reward: -10.0500,                 loss: nan
Episode: 1361/10000 (13.6100%),                 avg. length: 829.2,                last time consumption/overall running time: 374.8174s / 35138.9870 s
env0_first_0:                 episode reward: 0.6500,                 loss: nan
env0_second_0:                 episode reward: -0.6500,                 loss: 0.4167
env1_first_0:                 episode reward: 1.0000,                 loss: nan
env1_second_0:                 episode reward: -1.0000,                 loss: nan
Episode: 1381/10000 (13.8100%),                 avg. length: 544.75,                last time consumption/overall running time: 899.7382s / 36038.7251 s
env0_first_0:                 episode reward: -49.0500,                 loss: 0.4373
env0_second_0:                 episode reward: 49.0500,                 loss: 0.4362
env1_first_0:                 episode reward: -42.1500,                 loss: nan
env1_second_0:                 episode reward: 42.1500,                 loss: nan
Score delta: 95.8, save the model to .//data/model/20220119_0521/pettingzoo_boxing_v1_nxdo2/1372_1.
Episode: 1401/10000 (14.0100%),                 avg. length: 691.15,                last time consumption/overall running time: 312.5036s / 36351.2287 s
env0_first_0:                 episode reward: -45.9000,                 loss: 0.4221
env0_second_0:                 episode reward: 45.9000,                 loss: nan
env1_first_0:                 episode reward: -15.2500,                 loss: nan
env1_second_0:                 episode reward: 15.2500,                 loss: nan
Episode: 1421/10000 (14.2100%),                 avg. length: 508.85,                last time consumption/overall running time: 229.0895s / 36580.3183 s