pygame 2.0.0 (SDL 2.0.12, python 3.7.10)
Hello from the pygame community. https://www.pygame.org/contribute.html
combat_tank_v1 pettingzoo
Load combat_tank_v1 environment in type pettingzoo.
Env observation space: Box(0.0, 1.0, (128,), float32) action space: Discrete(18)
random seed: 72
<env.wrappers.mars_wrappers.Dict2TupleWrapper object at 0x7ff0087c1290>
Agents No. [0] (index starting from 0) are not learnable.
Agent No. [0] loads model from:  ../data/model/20211205_2241/pettingzoo_combat_tank_v1_nash_dqn/2000_0
Arguments:  {'env_name': 'combat_tank_v1', 'env_type': 'pettingzoo', 'num_envs': 1, 'ram': True, 'seed': 'random', 'algorithm': 'NashDQN', 'algorithm_spec': {'episodic_update': False, 'dueling': False, 'replay_buffer_size': '1e5', 'gamma': 0.99, 'multi_step': 1, 'target_update_interval': 1000, 'eps_start': 1.0, 'eps_final': 0.01, 'eps_decay': 30000}, 'batch_size': 128, 'max_episodes': 10000, 'max_steps_per_episode': 10000, 'train_start_frame': 0, 'optimizer': 'adam', 'learning_rate': '1e-4', 'device': 'gpu', 'update_itr': 0.1, 'log_avg_window': 20, 'log_interval': 20, 'render': False, 'test': False, 'exploit': True, 'load_model_idx': False, 'load_model_full_path': '../data/model/20211205_2241/pettingzoo_combat_tank_v1_nash_dqn/2000_0', 'save_path': '', 'save_interval': 2000, 'net_architecture': {'hidden_dim_list': [64, 64, 64, 64], 'hidden_activation': 'ReLU', 'output_activation': False}, 'marl_method': 'nash_dqn', 'marl_spec': {'min_update_interval': 20, 'score_avg_window': 10, 'global_state': False}, 'against_baseline': False}
Save models to : /home/zihan/research/MARS/data/model/20211205_2241_exploit/pettingzoo_combat_tank_v1_nash_dqn. 
 Save logs to: /home/zihan/research/MARS/data/log/20211205_2241_exploit/pettingzoo_combat_tank_v1_nash_dqn.
Episode: 1, avg. length 2045.0
first_0:                 episode reward: 1.0000,                 loss: nan
second_0:                 episode reward: -1.0000,                 loss: 0.9675
Episode: 21, avg. length 2045.0
first_0:                 episode reward: -0.2500,                 loss: nan
second_0:                 episode reward: 0.2500,                 loss: 0.3229
Episode: 41, avg. length 2045.0
first_0:                 episode reward: 0.0000,                 loss: nan
second_0:                 episode reward: 0.0000,                 loss: 0.1065
Episode: 61, avg. length 2045.0
first_0:                 episode reward: 0.4000,                 loss: nan
second_0:                 episode reward: -0.4000,                 loss: 0.0647
Episode: 81, avg. length 2045.0
first_0:                 episode reward: 0.4000,                 loss: nan
second_0:                 episode reward: -0.4000,                 loss: 0.0445
Episode: 101, avg. length 2045.0
first_0:                 episode reward: 0.4000,                 loss: nan
second_0:                 episode reward: -0.4000,                 loss: 0.0365
Episode: 121, avg. length 2045.0
first_0:                 episode reward: 0.2500,                 loss: nan
second_0:                 episode reward: -0.2500,                 loss: 0.0327
Episode: 141, avg. length 2045.0
first_0:                 episode reward: -0.2000,                 loss: nan
second_0:                 episode reward: 0.2000,                 loss: 0.0263
Episode: 161, avg. length 2045.0
first_0:                 episode reward: -0.0500,                 loss: nan
second_0:                 episode reward: 0.0500,                 loss: 0.0241
Episode: 181, avg. length 2045.0
first_0:                 episode reward: 0.0500,                 loss: nan
second_0:                 episode reward: -0.0500,                 loss: 0.0229
Episode: 201, avg. length 2045.0
first_0:                 episode reward: -0.1000,                 loss: nan
second_0:                 episode reward: 0.1000,                 loss: 0.0213
Episode: 221, avg. length 2045.0
first_0:                 episode reward: 0.5000,                 loss: nan
second_0:                 episode reward: -0.5000,                 loss: 0.0198
Episode: 241, avg. length 2045.0
first_0:                 episode reward: 0.2500,                 loss: nan
second_0:                 episode reward: -0.2500,                 loss: 0.0189
Episode: 261, avg. length 2045.0
first_0:                 episode reward: 0.0000,                 loss: nan
second_0:                 episode reward: 0.0000,                 loss: 0.0176
Episode: 281, avg. length 2045.0
first_0:                 episode reward: 0.2000,                 loss: nan
second_0:                 episode reward: -0.2000,                 loss: 0.0184
Episode: 301, avg. length 2045.0
first_0:                 episode reward: 0.5500,                 loss: nan
second_0:                 episode reward: -0.5500,                 loss: 0.0182
Episode: 321, avg. length 2045.0
first_0:                 episode reward: 0.2000,                 loss: nan
second_0:                 episode reward: -0.2000,                 loss: 0.0174
Episode: 341, avg. length 2045.0
first_0:                 episode reward: 0.4500,                 loss: nan
second_0:                 episode reward: -0.4500,                 loss: 0.0181
Episode: 361, avg. length 2045.0
first_0:                 episode reward: 0.7500,                 loss: nan
second_0:                 episode reward: -0.7500,                 loss: 0.0182
Episode: 381, avg. length 2045.0
first_0:                 episode reward: 0.6500,                 loss: nan
second_0:                 episode reward: -0.6500,                 loss: 0.0185
Episode: 401, avg. length 2045.0
first_0:                 episode reward: -0.0500,                 loss: nan
second_0:                 episode reward: 0.0500,                 loss: 0.0182
Episode: 421, avg. length 2045.0
first_0:                 episode reward: 0.0000,                 loss: nan
second_0:                 episode reward: 0.0000,                 loss: 0.0172
Episode: 441, avg. length 2045.0
first_0:                 episode reward: 0.3500,                 loss: nan
second_0:                 episode reward: -0.3500,                 loss: 0.0179
Episode: 461, avg. length 2045.0
first_0:                 episode reward: -0.3500,                 loss: nan
second_0:                 episode reward: 0.3500,                 loss: 0.0171
Episode: 481, avg. length 2045.0
first_0:                 episode reward: 0.4500,                 loss: nan
second_0:                 episode reward: -0.4500,                 loss: 0.0183
Episode: 501, avg. length 2045.0
first_0:                 episode reward: 0.2000,                 loss: nan
second_0:                 episode reward: -0.2000,                 loss: 0.0191
Episode: 521, avg. length 2045.0
first_0:                 episode reward: 0.1500,                 loss: nan
second_0:                 episode reward: -0.1500,                 loss: 0.0174
Episode: 541, avg. length 2045.0
first_0:                 episode reward: 0.7500,                 loss: nan
second_0:                 episode reward: -0.7500,                 loss: 0.0174
Episode: 561, avg. length 2045.0
first_0:                 episode reward: 0.2000,                 loss: nan
second_0:                 episode reward: -0.2000,                 loss: 0.0180
Episode: 581, avg. length 2045.0
first_0:                 episode reward: 0.2000,                 loss: nan
second_0:                 episode reward: -0.2000,                 loss: 0.0196
Episode: 601, avg. length 2045.0
first_0:                 episode reward: 1.1500,                 loss: nan
second_0:                 episode reward: -1.1500,                 loss: 0.0185
Episode: 621, avg. length 2045.0
first_0:                 episode reward: 0.4000,                 loss: nan
second_0:                 episode reward: -0.4000,                 loss: 0.0182
Episode: 641, avg. length 2045.0
first_0:                 episode reward: 0.0500,                 loss: nan
second_0:                 episode reward: -0.0500,                 loss: 0.0173
Episode: 661, avg. length 2045.0
first_0:                 episode reward: 0.1500,                 loss: nan
second_0:                 episode reward: -0.1500,                 loss: 0.0173
Episode: 681, avg. length 2045.0
first_0:                 episode reward: -0.0500,                 loss: nan
second_0:                 episode reward: 0.0500,                 loss: 0.0173
Episode: 701, avg. length 2045.0
first_0:                 episode reward: 0.5000,                 loss: nan
second_0:                 episode reward: -0.5000,                 loss: 0.0173
Episode: 721, avg. length 2045.0
first_0:                 episode reward: 0.3000,                 loss: nan
second_0:                 episode reward: -0.3000,                 loss: 0.0162
Episode: 741, avg. length 2045.0
first_0:                 episode reward: 0.2000,                 loss: nan
second_0:                 episode reward: -0.2000,                 loss: 0.0178
Episode: 761, avg. length 2045.0
first_0:                 episode reward: 0.8000,                 loss: nan
second_0:                 episode reward: -0.8000,                 loss: 0.0197
Episode: 781, avg. length 2045.0
first_0:                 episode reward: 1.0500,                 loss: nan
second_0:                 episode reward: -1.0500,                 loss: 0.0198
Episode: 801, avg. length 2045.0
first_0:                 episode reward: 0.5000,                 loss: nan
second_0:                 episode reward: -0.5000,                 loss: 0.0193
Episode: 821, avg. length 2045.0
first_0:                 episode reward: 0.4000,                 loss: nan
second_0:                 episode reward: -0.4000,                 loss: 0.0165
Episode: 841, avg. length 2045.0
first_0:                 episode reward: 0.6000,                 loss: nan
second_0:                 episode reward: -0.6000,                 loss: 0.0166
Episode: 861, avg. length 2045.0
first_0:                 episode reward: 0.4500,                 loss: nan
second_0:                 episode reward: -0.4500,                 loss: 0.0158
Episode: 881, avg. length 2045.0
first_0:                 episode reward: 0.2000,                 loss: nan
second_0:                 episode reward: -0.2000,                 loss: 0.0149
Episode: 901, avg. length 2045.0
first_0:                 episode reward: 0.4500,                 loss: nan
second_0:                 episode reward: -0.4500,                 loss: 0.0152
Episode: 921, avg. length 2045.0
first_0:                 episode reward: 0.3000,                 loss: nan
second_0:                 episode reward: -0.3000,                 loss: 0.0154
Episode: 941, avg. length 2045.0
first_0:                 episode reward: -0.1000,                 loss: nan
second_0:                 episode reward: 0.1000,                 loss: 0.0161
Episode: 961, avg. length 2045.0
first_0:                 episode reward: 0.6000,                 loss: nan
second_0:                 episode reward: -0.6000,                 loss: 0.0164
Episode: 981, avg. length 2045.0
first_0:                 episode reward: 0.6500,                 loss: nan
second_0:                 episode reward: -0.6500,                 loss: 0.0193
Episode: 1001, avg. length 2045.0
first_0:                 episode reward: 0.3500,                 loss: nan
second_0:                 episode reward: -0.3500,                 loss: 0.0199
Episode: 1021, avg. length 2045.0
first_0:                 episode reward: 0.5000,                 loss: nan
second_0:                 episode reward: -0.5000,                 loss: 0.0178
Episode: 1041, avg. length 2045.0
first_0:                 episode reward: 0.6000,                 loss: nan
second_0:                 episode reward: -0.6000,                 loss: 0.0161
Episode: 1061, avg. length 2045.0
first_0:                 episode reward: 0.6000,                 loss: nan
second_0:                 episode reward: -0.6000,                 loss: 0.0161
Episode: 1081, avg. length 2045.0
first_0:                 episode reward: 0.1500,                 loss: nan
second_0:                 episode reward: -0.1500,                 loss: 0.0158
Episode: 1101, avg. length 2045.0
first_0:                 episode reward: 0.2000,                 loss: nan
second_0:                 episode reward: -0.2000,                 loss: 0.0156
Episode: 1121, avg. length 2045.0
first_0:                 episode reward: 1.2500,                 loss: nan
second_0:                 episode reward: -1.2500,                 loss: 0.0156
Episode: 1141, avg. length 2045.0
first_0:                 episode reward: 0.4000,                 loss: nan
second_0:                 episode reward: -0.4000,                 loss: 0.0160
Episode: 1161, avg. length 2045.0
first_0:                 episode reward: 0.7500,                 loss: nan
second_0:                 episode reward: -0.7500,                 loss: 0.0155
Episode: 1181, avg. length 2045.0
first_0:                 episode reward: 0.5500,                 loss: nan
second_0:                 episode reward: -0.5500,                 loss: 0.0153
Episode: 1201, avg. length 2045.0
first_0:                 episode reward: 0.1500,                 loss: nan
second_0:                 episode reward: -0.1500,                 loss: 0.0161
Episode: 1221, avg. length 2045.0
first_0:                 episode reward: 1.0500,                 loss: nan
second_0:                 episode reward: -1.0500,                 loss: 0.0167
Episode: 1241, avg. length 2045.0
first_0:                 episode reward: 0.2500,                 loss: nan
second_0:                 episode reward: -0.2500,                 loss: 0.0159
Episode: 1261, avg. length 2045.0
first_0:                 episode reward: -0.3000,                 loss: nan
second_0:                 episode reward: 0.3000,                 loss: 0.0158
Episode: 1281, avg. length 2045.0
first_0:                 episode reward: 0.7500,                 loss: nan
second_0:                 episode reward: -0.7500,                 loss: 0.0156
Episode: 1301, avg. length 2045.0
first_0:                 episode reward: 0.3500,                 loss: nan
second_0:                 episode reward: -0.3500,                 loss: 0.0155
Episode: 1321, avg. length 2045.0
first_0:                 episode reward: 0.1000,                 loss: nan
second_0:                 episode reward: -0.1000,                 loss: 0.0155
Episode: 1341, avg. length 2045.0
first_0:                 episode reward: 0.5000,                 loss: nan
second_0:                 episode reward: -0.5000,                 loss: 0.0150
Episode: 1361, avg. length 2045.0
first_0:                 episode reward: 0.1500,                 loss: nan
second_0:                 episode reward: -0.1500,                 loss: 0.0144
Episode: 1381, avg. length 2045.0
first_0:                 episode reward: 1.1500,                 loss: nan
second_0:                 episode reward: -1.1500,                 loss: 0.0146
Episode: 1401, avg. length 2045.0
first_0:                 episode reward: 1.3000,                 loss: nan
second_0:                 episode reward: -1.3000,                 loss: 0.0154
Episode: 1421, avg. length 2045.0
first_0:                 episode reward: 0.2000,                 loss: nan
second_0:                 episode reward: -0.2000,                 loss: 0.0163
Episode: 1441, avg. length 2045.0
first_0:                 episode reward: 0.6500,                 loss: nan
second_0:                 episode reward: -0.6500,                 loss: 0.0160
Episode: 1461, avg. length 2045.0
first_0:                 episode reward: 0.0500,                 loss: nan
second_0:                 episode reward: -0.0500,                 loss: 0.0156
Episode: 1481, avg. length 2045.0
first_0:                 episode reward: 0.6500,                 loss: nan
second_0:                 episode reward: -0.6500,                 loss: 0.0144
Episode: 1501, avg. length 2045.0
first_0:                 episode reward: 0.2000,                 loss: nan
second_0:                 episode reward: -0.2000,                 loss: 0.0150
Episode: 1521, avg. length 2045.0
first_0:                 episode reward: 0.5000,                 loss: nan
second_0:                 episode reward: -0.5000,                 loss: 0.0140
Episode: 1541, avg. length 2045.0
first_0:                 episode reward: 0.3500,                 loss: nan
second_0:                 episode reward: -0.3500,                 loss: 0.0148