pygame 2.0.1 (SDL 2.0.14, Python 3.7.0)
Hello from the pygame community. https://www.pygame.org/contribute.html
surround_v1 pettingzoo
/home/zihan/anaconda3/envs/x/lib/python3.7/site-packages/ecos/ecos.py:26: UserWarning: Converting G to a CSC matrix; may take a while.
  warn("Converting G to a CSC matrix; may take a while.")
/home/zihan/anaconda3/envs/x/lib/python3.7/site-packages/ecos/ecos.py:29: UserWarning: Converting A to a CSC matrix; may take a while.
  warn("Converting A to a CSC matrix; may take a while.")
random seed: [42, 91]
<SubprocVectorEnv instance>
ParallelDQN(
  (net): MLP(
    (body): Sequential(
      (0): Linear(in_features=128, out_features=256, bias=True)
      (1): ReLU()
      (2): Linear(in_features=256, out_features=256, bias=True)
      (3): ReLU()
      (4): Linear(in_features=256, out_features=256, bias=True)
      (5): ReLU()
      (6): Linear(in_features=256, out_features=256, bias=True)
      (7): ReLU()
      (8): Linear(in_features=256, out_features=5, bias=True)
    )
  )
)
ParallelDQN(
  (net): MLP(
    (body): Sequential(
      (0): Linear(in_features=128, out_features=256, bias=True)
      (1): ReLU()
      (2): Linear(in_features=256, out_features=256, bias=True)
      (3): ReLU()
      (4): Linear(in_features=256, out_features=256, bias=True)
      (5): ReLU()
      (6): Linear(in_features=256, out_features=256, bias=True)
      (7): ReLU()
      (8): Linear(in_features=256, out_features=5, bias=True)
    )
  )
)
Agents No. [1] (index starting from 0) are not learnable.
Arguments:  {'env_name': 'surround_v1', 'env_type': 'pettingzoo', 'num_envs': 2, 'ram': True, 'seed': 'random', 'algorithm': 'DQN', 'algorithm_spec': {'episodic_update': False, 'dueling': False, 'replay_buffer_size': '1e5', 'gamma': 0.99, 'multi_step': 1, 'target_update_interval': 1000, 'eps_start': 1.0, 'eps_final': 0.01, 'eps_decay': 30000}, 'batch_size': 128, 'max_episodes': 10000, 'max_steps_per_episode': 10000, 'train_start_frame': 0, 'optimizer': 'adam', 'learning_rate': '1e-4', 'device': 'gpu', 'update_itr': 1, 'log_avg_window': 20, 'log_interval': 20, 'render': False, 'test': False, 'exploit': False, 'load_model_idx': False, 'load_model_full_path': False, 'multiprocess': False, 'eval_models': False, 'save_path': '', 'save_interval': 2000, 'net_architecture': {'hidden_dim_list': [256, 256, 256, 256], 'hidden_activation': 'ReLU', 'output_activation': False}, 'marl_method': 'nxdo2', 'marl_spec': {'min_update_interval': 20, 'score_avg_window': 10, 'global_state': False, 'selfplay_score_delta': 16, 'trainable_agent_idx': 0, 'opponent_idx': 1}}
Save models to : /home/zihan/research/MARS/data/model/20220114_0533/pettingzoo_surround_v1_nxdo2. 
 Save logs to: /home/zihan/research/MARS/data/log/20220114_0533/pettingzoo_surround_v1_nxdo2.
{'env_name': 'surround_v1', 'env_type': 'pettingzoo', 'num_envs': 2, 'ram': True, 'seed': 'random', 'algorithm': 'DQN', 'algorithm_spec': {'episodic_update': False, 'dueling': False, 'replay_buffer_size': '1e5', 'gamma': 0.99, 'multi_step': 1, 'target_update_interval': 1000, 'eps_start': 1.0, 'eps_final': 0.01, 'eps_decay': 30000}, 'batch_size': 128, 'max_episodes': 10000, 'max_steps_per_episode': 10000, 'train_start_frame': 0, 'optimizer': 'adam', 'learning_rate': '1e-4', 'device': 'gpu', 'update_itr': 1, 'log_avg_window': 20, 'log_interval': 20, 'render': False, 'test': False, 'exploit': False, 'load_model_idx': False, 'load_model_full_path': False, 'multiprocess': False, 'eval_models': False, 'save_path': '', 'save_interval': 2000, 'net_architecture': {'hidden_dim_list': [256, 256, 256, 256], 'hidden_activation': 'ReLU', 'output_activation': False}, 'marl_method': 'nxdo2', 'marl_spec': {'min_update_interval': 20, 'score_avg_window': 10, 'global_state': False, 'selfplay_score_delta': 16, 'trainable_agent_idx': 0, 'opponent_idx': 1}}
surround_v1 pettingzoo
random seed: [26, 82]
ParallelDQN(
  (net): MLP(
    (body): Sequential(
      (0): Linear(in_features=128, out_features=256, bias=True)
      (1): ReLU()
      (2): Linear(in_features=256, out_features=256, bias=True)
      (3): ReLU()
      (4): Linear(in_features=256, out_features=256, bias=True)
      (5): ReLU()
      (6): Linear(in_features=256, out_features=256, bias=True)
      (7): ReLU()
      (8): Linear(in_features=256, out_features=5, bias=True)
    )
  )
)
ParallelDQN(
  (net): MLP(
    (body): Sequential(
      (0): Linear(in_features=128, out_features=256, bias=True)
      (1): ReLU()
      (2): Linear(in_features=256, out_features=256, bias=True)
      (3): ReLU()
      (4): Linear(in_features=256, out_features=256, bias=True)
      (5): ReLU()
      (6): Linear(in_features=256, out_features=256, bias=True)
      (7): ReLU()
      (8): Linear(in_features=256, out_features=5, bias=True)
    )
  )
)
Episode: 1/10000 (0.0100%),                 avg. length: 1220.0,                last time consumption/overall running time: 12.9943s / 12.9943 s
env0_first_0:                 episode reward: -7.0000,                 loss: 0.0033
env0_second_0:                 episode reward: 7.0000,                 loss: nan
env1_first_0:                 episode reward: 4.0000,                 loss: nan
env1_second_0:                 episode reward: -4.0000,                 loss: nan
Episode: 21/10000 (0.2100%),                 avg. length: 1481.7,                last time consumption/overall running time: 279.0381s / 292.0324 s
env0_first_0:                 episode reward: -3.7000,                 loss: 0.0042
env0_second_0:                 episode reward: 3.7000,                 loss: nan
env1_first_0:                 episode reward: -1.7500,                 loss: nan
env1_second_0:                 episode reward: 1.7500,                 loss: nan
Episode: 41/10000 (0.4100%),                 avg. length: 1288.1,                last time consumption/overall running time: 252.0683s / 544.1007 s
env0_first_0:                 episode reward: 2.1000,                 loss: 0.0057
env0_second_0:                 episode reward: -2.1000,                 loss: nan
env1_first_0:                 episode reward: 5.6000,                 loss: nan
env1_second_0:                 episode reward: -5.6000,                 loss: nan
Episode: 61/10000 (0.6100%),                 avg. length: 1513.0,                last time consumption/overall running time: 252.6483s / 796.7491 s
env0_first_0:                 episode reward: 4.3000,                 loss: nan
env0_second_0:                 episode reward: -4.3000,                 loss: nan
env1_first_0:                 episode reward: -2.1500,                 loss: nan
env1_second_0:                 episode reward: 2.1500,                 loss: nan
Score delta: 16.4, save the model to .//data/model/20220114_0533/pettingzoo_surround_v1_nxdo2/46_0.
Episode: 81/10000 (0.8100%),                 avg. length: 1267.0,                last time consumption/overall running time: 191.5076s / 988.2567 s
env0_first_0:                 episode reward: -0.5500,                 loss: nan
env0_second_0:                 episode reward: 0.5500,                 loss: 0.0020
env1_first_0:                 episode reward: -7.7000,                 loss: nan
env1_second_0:                 episode reward: 7.7000,                 loss: nan
Episode: 101/10000 (1.0100%),                 avg. length: 1244.55,                last time consumption/overall running time: 182.5662s / 1170.8230 s
env0_first_0:                 episode reward: -2.6000,                 loss: nan
env0_second_0:                 episode reward: 2.6000,                 loss: 0.0020
env1_first_0:                 episode reward: -8.6500,                 loss: nan
env1_second_0:                 episode reward: 8.6500,                 loss: nan
Episode: 121/10000 (1.2100%),                 avg. length: 1324.0,                last time consumption/overall running time: 198.0171s / 1368.8400 s
env0_first_0:                 episode reward: -2.0000,                 loss: nan
env0_second_0:                 episode reward: 2.0000,                 loss: 0.0015
env1_first_0:                 episode reward: -8.0500,                 loss: nan
env1_second_0:                 episode reward: 8.0500,                 loss: nan
Episode: 141/10000 (1.4100%),                 avg. length: 1184.3,                last time consumption/overall running time: 184.1058s / 1552.9459 s
env0_first_0:                 episode reward: -0.5500,                 loss: nan
env0_second_0:                 episode reward: 0.5500,                 loss: 0.0012
env1_first_0:                 episode reward: -9.0500,                 loss: nan
env1_second_0:                 episode reward: 9.0500,                 loss: nan
Episode: 161/10000 (1.6100%),                 avg. length: 1254.4,                last time consumption/overall running time: 185.3774s / 1738.3233 s
env0_first_0:                 episode reward: -2.3500,                 loss: nan
env0_second_0:                 episode reward: 2.3500,                 loss: 0.0011
env1_first_0:                 episode reward: -8.1500,                 loss: nan
env1_second_0:                 episode reward: 8.1500,                 loss: nan
Episode: 181/10000 (1.8100%),                 avg. length: 1238.35,                last time consumption/overall running time: 191.7210s / 1930.0443 s
env0_first_0:                 episode reward: -2.0000,                 loss: nan
env0_second_0:                 episode reward: 2.0000,                 loss: 0.0010
env1_first_0:                 episode reward: -8.5500,                 loss: nan
env1_second_0:                 episode reward: 8.5500,                 loss: nan
Episode: 201/10000 (2.0100%),                 avg. length: 1198.45,                last time consumption/overall running time: 185.8742s / 2115.9185 s
env0_first_0:                 episode reward: -1.8500,                 loss: nan
env0_second_0:                 episode reward: 1.8500,                 loss: 0.0010
env1_first_0:                 episode reward: -8.7500,                 loss: nan
env1_second_0:                 episode reward: 8.7500,                 loss: nan
Episode: 221/10000 (2.2100%),                 avg. length: 1117.15,                last time consumption/overall running time: 165.7399s / 2281.6584 s
env0_first_0:                 episode reward: -3.9500,                 loss: nan
env0_second_0:                 episode reward: 3.9500,                 loss: 0.0010
env1_first_0:                 episode reward: -9.3500,                 loss: nan
env1_second_0:                 episode reward: 9.3500,                 loss: nan
Episode: 241/10000 (2.4100%),                 avg. length: 1184.3,                last time consumption/overall running time: 185.6505s / 2467.3090 s
env0_first_0:                 episode reward: -3.3500,                 loss: nan
env0_second_0:                 episode reward: 3.3500,                 loss: 0.0009
env1_first_0:                 episode reward: -8.9500,                 loss: nan
env1_second_0:                 episode reward: 8.9500,                 loss: nan
Episode: 261/10000 (2.6100%),                 avg. length: 1108.6,                last time consumption/overall running time: 167.5505s / 2634.8595 s
env0_first_0:                 episode reward: -3.6500,                 loss: nan
env0_second_0:                 episode reward: 3.6500,                 loss: 0.0009
env1_first_0:                 episode reward: -9.4000,                 loss: nan
env1_second_0:                 episode reward: 9.4000,                 loss: nan
Episode: 281/10000 (2.8100%),                 avg. length: 1099.2,                last time consumption/overall running time: 163.6500s / 2798.5094 s
env0_first_0:                 episode reward: -5.1000,                 loss: nan
env0_second_0:                 episode reward: 5.1000,                 loss: 0.0008
env1_first_0:                 episode reward: -9.5000,                 loss: nan
env1_second_0:                 episode reward: 9.5000,                 loss: nan
Episode: 301/10000 (3.0100%),                 avg. length: 1245.45,                last time consumption/overall running time: 185.3359s / 2983.8453 s
env0_first_0:                 episode reward: 0.2000,                 loss: nan
env0_second_0:                 episode reward: -0.2000,                 loss: 0.0083
env1_first_0:                 episode reward: -8.1500,                 loss: nan
env1_second_0:                 episode reward: 8.1500,                 loss: nan
Episode: 321/10000 (3.2100%),                 avg. length: 1154.7,                last time consumption/overall running time: 175.1027s / 3158.9480 s
env0_first_0:                 episode reward: 3.0000,                 loss: nan
env0_second_0:                 episode reward: -3.0000,                 loss: 0.0265
env1_first_0:                 episode reward: -8.7500,                 loss: nan
env1_second_0:                 episode reward: 8.7500,                 loss: nan
Episode: 341/10000 (3.4100%),                 avg. length: 1104.6,                last time consumption/overall running time: 171.4857s / 3330.4338 s
env0_first_0:                 episode reward: 3.9000,                 loss: nan
env0_second_0:                 episode reward: -3.9000,                 loss: 0.0269
env1_first_0:                 episode reward: -9.3000,                 loss: nan
env1_second_0:                 episode reward: 9.3000,                 loss: nan
Episode: 361/10000 (3.6100%),                 avg. length: 1172.15,                last time consumption/overall running time: 180.7514s / 3511.1851 s
env0_first_0:                 episode reward: 1.2500,                 loss: nan
env0_second_0:                 episode reward: -1.2500,                 loss: 0.0173
env1_first_0:                 episode reward: -8.4000,                 loss: nan
env1_second_0:                 episode reward: 8.4000,                 loss: nan
Episode: 381/10000 (3.8100%),                 avg. length: 1150.6,                last time consumption/overall running time: 178.0540s / 3689.2391 s
env0_first_0:                 episode reward: -0.5000,                 loss: nan
env0_second_0:                 episode reward: 0.5000,                 loss: 0.0064
env1_first_0:                 episode reward: -8.7000,                 loss: nan
env1_second_0:                 episode reward: 8.7000,                 loss: nan
Episode: 401/10000 (4.0100%),                 avg. length: 1123.6,                last time consumption/overall running time: 172.0215s / 3861.2606 s
env0_first_0:                 episode reward: -3.8000,                 loss: nan
env0_second_0:                 episode reward: 3.8000,                 loss: 0.0031
env1_first_0:                 episode reward: -9.0500,                 loss: nan
env1_second_0:                 episode reward: 9.0500,                 loss: nan
Episode: 421/10000 (4.2100%),                 avg. length: 1139.85,                last time consumption/overall running time: 170.0069s / 4031.2675 s
env0_first_0:                 episode reward: -1.7500,                 loss: nan
env0_second_0:                 episode reward: 1.7500,                 loss: 0.0020
env1_first_0:                 episode reward: -8.8500,                 loss: nan
env1_second_0:                 episode reward: 8.8500,                 loss: nan
Episode: 441/10000 (4.4100%),                 avg. length: 1224.7,                last time consumption/overall running time: 190.3132s / 4221.5807 s
env0_first_0:                 episode reward: -2.7500,                 loss: nan
env0_second_0:                 episode reward: 2.7500,                 loss: 0.0016
env1_first_0:                 episode reward: -8.3000,                 loss: nan
env1_second_0:                 episode reward: 8.3000,                 loss: nan
Episode: 461/10000 (4.6100%),                 avg. length: 1158.5,                last time consumption/overall running time: 180.2571s / 4401.8378 s
env0_first_0:                 episode reward: -4.6500,                 loss: nan
env0_second_0:                 episode reward: 4.6500,                 loss: 0.0014
env1_first_0:                 episode reward: -8.9500,                 loss: nan
env1_second_0:                 episode reward: 8.9500,                 loss: nan
Episode: 481/10000 (4.8100%),                 avg. length: 1161.7,                last time consumption/overall running time: 175.8127s / 4577.6505 s
env0_first_0:                 episode reward: -4.9000,                 loss: nan
env0_second_0:                 episode reward: 4.9000,                 loss: 0.0011
env1_first_0:                 episode reward: -8.8500,                 loss: nan
env1_second_0:                 episode reward: 8.8500,                 loss: nan
Episode: 501/10000 (5.0100%),                 avg. length: 1118.6,                last time consumption/overall running time: 171.7126s / 4749.3631 s
env0_first_0:                 episode reward: -2.8000,                 loss: nan
env0_second_0:                 episode reward: 2.8000,                 loss: 0.0010
env1_first_0:                 episode reward: -9.2000,                 loss: nan
env1_second_0:                 episode reward: 9.2000,                 loss: nan
Episode: 521/10000 (5.2100%),                 avg. length: 1146.8,                last time consumption/overall running time: 174.2421s / 4923.6053 s
env0_first_0:                 episode reward: -3.6000,                 loss: nan
env0_second_0:                 episode reward: 3.6000,                 loss: 0.0011
env1_first_0:                 episode reward: -9.0500,                 loss: nan
env1_second_0:                 episode reward: 9.0500,                 loss: nan
Episode: 541/10000 (5.4100%),                 avg. length: 1132.35,                last time consumption/overall running time: 170.4651s / 5094.0703 s
env0_first_0:                 episode reward: -5.4500,                 loss: nan
env0_second_0:                 episode reward: 5.4500,                 loss: 0.0010
env1_first_0:                 episode reward: -9.0500,                 loss: nan
env1_second_0:                 episode reward: 9.0500,                 loss: nan
Episode: 561/10000 (5.6100%),                 avg. length: 1122.65,                last time consumption/overall running time: 176.8939s / 5270.9643 s
env0_first_0:                 episode reward: -6.1500,                 loss: nan
env0_second_0:                 episode reward: 6.1500,                 loss: 0.0009
env1_first_0:                 episode reward: -9.0500,                 loss: nan
env1_second_0:                 episode reward: 9.0500,                 loss: nan
Episode: 581/10000 (5.8100%),                 avg. length: 1125.1,                last time consumption/overall running time: 166.7549s / 5437.7192 s
env0_first_0:                 episode reward: -3.3000,                 loss: nan
env0_second_0:                 episode reward: 3.3000,                 loss: 0.0009
env1_first_0:                 episode reward: -9.1000,                 loss: nan
env1_second_0:                 episode reward: 9.1000,                 loss: nan
Episode: 601/10000 (6.0100%),                 avg. length: 1128.65,                last time consumption/overall running time: 170.8360s / 5608.5552 s
env0_first_0:                 episode reward: -2.1000,                 loss: nan
env0_second_0:                 episode reward: 2.1000,                 loss: 0.0010
env1_first_0:                 episode reward: -9.0500,                 loss: nan
env1_second_0:                 episode reward: 9.0500,                 loss: nan
Episode: 621/10000 (6.2100%),                 avg. length: 1156.3,                last time consumption/overall running time: 163.7852s / 5772.3404 s
env0_first_0:                 episode reward: -5.0500,                 loss: nan
env0_second_0:                 episode reward: 5.0500,                 loss: 0.0011
env1_first_0:                 episode reward: -8.2000,                 loss: nan
env1_second_0:                 episode reward: 8.2000,                 loss: nan
Episode: 641/10000 (6.4100%),                 avg. length: 1364.15,                last time consumption/overall running time: 178.2168s / 5950.5572 s
env0_first_0:                 episode reward: -1.1500,                 loss: nan
env0_second_0:                 episode reward: 1.1500,                 loss: 0.0017
env1_first_0:                 episode reward: -6.5500,                 loss: nan
env1_second_0:                 episode reward: 6.5500,                 loss: nan
Episode: 661/10000 (6.6100%),                 avg. length: 1339.95,                last time consumption/overall running time: 186.8670s / 6137.4242 s
env0_first_0:                 episode reward: -1.4500,                 loss: nan
env0_second_0:                 episode reward: 1.4500,                 loss: 0.0020
env1_first_0:                 episode reward: -7.4500,                 loss: nan
env1_second_0:                 episode reward: 7.4500,                 loss: nan
Episode: 681/10000 (6.8100%),                 avg. length: 1131.65,                last time consumption/overall running time: 155.7732s / 6293.1974 s
env0_first_0:                 episode reward: -4.0500,                 loss: nan
env0_second_0:                 episode reward: 4.0500,                 loss: 0.0015
env1_first_0:                 episode reward: -8.9500,                 loss: nan
env1_second_0:                 episode reward: 8.9500,                 loss: nan
Episode: 701/10000 (7.0100%),                 avg. length: 1147.2,                last time consumption/overall running time: 158.2669s / 6451.4643 s
env0_first_0:                 episode reward: -3.1000,                 loss: nan
env0_second_0:                 episode reward: 3.1000,                 loss: 0.0014
env1_first_0:                 episode reward: -8.9000,                 loss: nan
env1_second_0:                 episode reward: 8.9000,                 loss: nan
Episode: 721/10000 (7.2100%),                 avg. length: 1170.95,                last time consumption/overall running time: 152.2976s / 6603.7619 s
env0_first_0:                 episode reward: -2.4500,                 loss: nan
env0_second_0:                 episode reward: 2.4500,                 loss: 0.0013
env1_first_0:                 episode reward: -8.6000,                 loss: nan
env1_second_0:                 episode reward: 8.6000,                 loss: nan
Episode: 741/10000 (7.4100%),                 avg. length: 1134.05,                last time consumption/overall running time: 147.3538s / 6751.1157 s
env0_first_0:                 episode reward: -4.1000,                 loss: nan
env0_second_0:                 episode reward: 4.1000,                 loss: 0.0013
env1_first_0:                 episode reward: -8.9000,                 loss: nan
env1_second_0:                 episode reward: 8.9000,                 loss: nan
Episode: 761/10000 (7.6100%),                 avg. length: 1102.85,                last time consumption/overall running time: 151.5674s / 6902.6831 s
env0_first_0:                 episode reward: -4.6500,                 loss: nan
env0_second_0:                 episode reward: 4.6500,                 loss: 0.0011
env1_first_0:                 episode reward: -9.0000,                 loss: nan
env1_second_0:                 episode reward: 9.0000,                 loss: nan
Episode: 781/10000 (7.8100%),                 avg. length: 1163.7,                last time consumption/overall running time: 147.9981s / 7050.6812 s
env0_first_0:                 episode reward: -4.4000,                 loss: nan
env0_second_0:                 episode reward: 4.4000,                 loss: 0.0010
env1_first_0:                 episode reward: -8.6000,                 loss: nan
env1_second_0:                 episode reward: 8.6000,                 loss: nan
Episode: 801/10000 (8.0100%),                 avg. length: 1200.65,                last time consumption/overall running time: 159.3558s / 7210.0370 s
env0_first_0:                 episode reward: -3.7500,                 loss: nan
env0_second_0:                 episode reward: 3.7500,                 loss: 0.0009
env1_first_0:                 episode reward: -8.5500,                 loss: nan
env1_second_0:                 episode reward: 8.5500,                 loss: nan
Episode: 821/10000 (8.2100%),                 avg. length: 1288.3,                last time consumption/overall running time: 172.8392s / 7382.8762 s
env0_first_0:                 episode reward: -3.0500,                 loss: nan
env0_second_0:                 episode reward: 3.0500,                 loss: 0.0011
env1_first_0:                 episode reward: -7.1500,                 loss: nan
env1_second_0:                 episode reward: 7.1500,                 loss: nan
Episode: 841/10000 (8.4100%),                 avg. length: 1352.4,                last time consumption/overall running time: 181.7216s / 7564.5977 s
env0_first_0:                 episode reward: -1.6000,                 loss: nan
env0_second_0:                 episode reward: 1.6000,                 loss: 0.0013
env1_first_0:                 episode reward: -6.9000,                 loss: nan
env1_second_0:                 episode reward: 6.9000,                 loss: nan
Episode: 861/10000 (8.6100%),                 avg. length: 1309.55,                last time consumption/overall running time: 170.6166s / 7735.2143 s
env0_first_0:                 episode reward: -4.0000,                 loss: nan
env0_second_0:                 episode reward: 4.0000,                 loss: 0.0016
env1_first_0:                 episode reward: -6.8500,                 loss: nan
env1_second_0:                 episode reward: 6.8500,                 loss: nan
Episode: 881/10000 (8.8100%),                 avg. length: 1216.7,                last time consumption/overall running time: 162.4928s / 7897.7071 s
env0_first_0:                 episode reward: -3.4500,                 loss: nan
env0_second_0:                 episode reward: 3.4500,                 loss: 0.0014
env1_first_0:                 episode reward: -8.1500,                 loss: nan
env1_second_0:                 episode reward: 8.1500,                 loss: nan
Episode: 901/10000 (9.0100%),                 avg. length: 1141.8,                last time consumption/overall running time: 150.8377s / 8048.5449 s
env0_first_0:                 episode reward: -2.7500,                 loss: nan
env0_second_0:                 episode reward: 2.7500,                 loss: 0.0012
env1_first_0:                 episode reward: -9.0000,                 loss: nan
env1_second_0:                 episode reward: 9.0000,                 loss: nan
Episode: 921/10000 (9.2100%),                 avg. length: 1274.9,                last time consumption/overall running time: 171.3042s / 8219.8491 s
env0_first_0:                 episode reward: -4.7000,                 loss: nan
env0_second_0:                 episode reward: 4.7000,                 loss: 0.0012
env1_first_0:                 episode reward: -8.2000,                 loss: nan
env1_second_0:                 episode reward: 8.2000,                 loss: nan
Episode: 941/10000 (9.4100%),                 avg. length: 1163.65,                last time consumption/overall running time: 156.7471s / 8376.5962 s
env0_first_0:                 episode reward: -2.8000,                 loss: nan
env0_second_0:                 episode reward: 2.8000,                 loss: 0.0012
env1_first_0:                 episode reward: -8.5000,                 loss: nan
env1_second_0:                 episode reward: 8.5000,                 loss: nan
Episode: 961/10000 (9.6100%),                 avg. length: 1191.5,                last time consumption/overall running time: 161.0007s / 8537.5969 s
env0_first_0:                 episode reward: -3.3000,                 loss: nan
env0_second_0:                 episode reward: 3.3000,                 loss: 0.0013
env1_first_0:                 episode reward: -8.2000,                 loss: nan
env1_second_0:                 episode reward: 8.2000,                 loss: nan
Episode: 981/10000 (9.8100%),                 avg. length: 1220.85,                last time consumption/overall running time: 168.4747s / 8706.0716 s
env0_first_0:                 episode reward: -4.2500,                 loss: nan
env0_second_0:                 episode reward: 4.2500,                 loss: 0.0012
env1_first_0:                 episode reward: -7.9500,                 loss: nan
env1_second_0:                 episode reward: 7.9500,                 loss: nan
Episode: 1001/10000 (10.0100%),                 avg. length: 1211.3,                last time consumption/overall running time: 160.0955s / 8866.1671 s
env0_first_0:                 episode reward: -3.5500,                 loss: nan
env0_second_0:                 episode reward: 3.5500,                 loss: 0.0011
env1_first_0:                 episode reward: -8.4500,                 loss: nan
env1_second_0:                 episode reward: 8.4500,                 loss: nan
Episode: 1021/10000 (10.2100%),                 avg. length: 1198.9,                last time consumption/overall running time: 161.3844s / 9027.5515 s
env0_first_0:                 episode reward: -3.6500,                 loss: nan
env0_second_0:                 episode reward: 3.6500,                 loss: 0.0011
env1_first_0:                 episode reward: -8.3500,                 loss: nan
env1_second_0:                 episode reward: 8.3500,                 loss: nan
Episode: 1041/10000 (10.4100%),                 avg. length: 1220.35,                last time consumption/overall running time: 158.2242s / 9185.7757 s
env0_first_0:                 episode reward: -3.1500,                 loss: nan
env0_second_0:                 episode reward: 3.1500,                 loss: 0.0012
env1_first_0:                 episode reward: -8.3500,                 loss: nan
env1_second_0:                 episode reward: 8.3500,                 loss: nan
Episode: 1061/10000 (10.6100%),                 avg. length: 1157.25,                last time consumption/overall running time: 153.5411s / 9339.3167 s
env0_first_0:                 episode reward: -2.7000,                 loss: nan
env0_second_0:                 episode reward: 2.7000,                 loss: 0.0012
env1_first_0:                 episode reward: -8.8500,                 loss: nan
env1_second_0:                 episode reward: 8.8500,                 loss: nan
Episode: 1081/10000 (10.8100%),                 avg. length: 1188.6,                last time consumption/overall running time: 155.8995s / 9495.2162 s
env0_first_0:                 episode reward: -4.1000,                 loss: nan
env0_second_0:                 episode reward: 4.1000,                 loss: 0.0012
env1_first_0:                 episode reward: -7.9000,                 loss: nan
env1_second_0:                 episode reward: 7.9000,                 loss: nan
Episode: 1101/10000 (11.0100%),                 avg. length: 1316.1,                last time consumption/overall running time: 182.4188s / 9677.6350 s
env0_first_0:                 episode reward: -4.2000,                 loss: nan
env0_second_0:                 episode reward: 4.2000,                 loss: 0.0013
env1_first_0:                 episode reward: -7.4000,                 loss: nan
env1_second_0:                 episode reward: 7.4000,                 loss: nan
Episode: 1121/10000 (11.2100%),                 avg. length: 1146.8,                last time consumption/overall running time: 158.6265s / 9836.2615 s
env0_first_0:                 episode reward: -4.2500,                 loss: nan
env0_second_0:                 episode reward: 4.2500,                 loss: 0.0014
env1_first_0:                 episode reward: -8.9000,                 loss: nan
env1_second_0:                 episode reward: 8.9000,                 loss: nan
Episode: 1141/10000 (11.4100%),                 avg. length: 1351.1,                last time consumption/overall running time: 175.9005s / 10012.1620 s
env0_first_0:                 episode reward: -2.2000,                 loss: nan
env0_second_0:                 episode reward: 2.2000,                 loss: 0.0015
env1_first_0:                 episode reward: -7.0000,                 loss: nan
env1_second_0:                 episode reward: 7.0000,                 loss: nan
Episode: 1161/10000 (11.6100%),                 avg. length: 1214.85,                last time consumption/overall running time: 156.3857s / 10168.5477 s
env0_first_0:                 episode reward: -4.5000,                 loss: nan
env0_second_0:                 episode reward: 4.5000,                 loss: 0.0015
env1_first_0:                 episode reward: -8.1500,                 loss: nan
env1_second_0:                 episode reward: 8.1500,                 loss: nan
Episode: 1181/10000 (11.8100%),                 avg. length: 1212.15,                last time consumption/overall running time: 161.7078s / 10330.2555 s
env0_first_0:                 episode reward: -4.2500,                 loss: nan
env0_second_0:                 episode reward: 4.2500,                 loss: 0.0015
env1_first_0:                 episode reward: -8.1500,                 loss: nan
env1_second_0:                 episode reward: 8.1500,                 loss: nan
Episode: 1201/10000 (12.0100%),                 avg. length: 1186.0,                last time consumption/overall running time: 161.9006s / 10492.1561 s
env0_first_0:                 episode reward: -5.8500,                 loss: nan
env0_second_0:                 episode reward: 5.8500,                 loss: 0.0013
env1_first_0:                 episode reward: -8.5000,                 loss: nan
env1_second_0:                 episode reward: 8.5000,                 loss: nan
Episode: 1221/10000 (12.2100%),                 avg. length: 1299.35,                last time consumption/overall running time: 176.7963s / 10668.9523 s
env0_first_0:                 episode reward: -5.1000,                 loss: nan
env0_second_0:                 episode reward: 5.1000,                 loss: 0.0013
env1_first_0:                 episode reward: -7.0000,                 loss: nan
env1_second_0:                 episode reward: 7.0000,                 loss: nan
Episode: 1241/10000 (12.4100%),                 avg. length: 1222.75,                last time consumption/overall running time: 168.2373s / 10837.1897 s
env0_first_0:                 episode reward: -4.7000,                 loss: nan
env0_second_0:                 episode reward: 4.7000,                 loss: 0.0014
env1_first_0:                 episode reward: -7.9000,                 loss: nan
env1_second_0:                 episode reward: 7.9000,                 loss: nan
Episode: 1261/10000 (12.6100%),                 avg. length: 1185.0,                last time consumption/overall running time: 156.4222s / 10993.6119 s
env0_first_0:                 episode reward: -6.1500,                 loss: nan
env0_second_0:                 episode reward: 6.1500,                 loss: 0.0013
env1_first_0:                 episode reward: -7.6000,                 loss: nan
env1_second_0:                 episode reward: 7.6000,                 loss: nan
Episode: 1281/10000 (12.8100%),                 avg. length: 1288.75,                last time consumption/overall running time: 173.6799s / 11167.2918 s
env0_first_0:                 episode reward: -3.6500,                 loss: nan
env0_second_0:                 episode reward: 3.6500,                 loss: 0.0014
env1_first_0:                 episode reward: -7.7000,                 loss: nan
env1_second_0:                 episode reward: 7.7000,                 loss: nan
Episode: 1301/10000 (13.0100%),                 avg. length: 1442.7,                last time consumption/overall running time: 190.1526s / 11357.4444 s
env0_first_0:                 episode reward: -5.7000,                 loss: nan
env0_second_0:                 episode reward: 5.7000,                 loss: 0.0016
env1_first_0:                 episode reward: -4.6000,                 loss: nan
env1_second_0:                 episode reward: 4.6000,                 loss: nan
Episode: 1321/10000 (13.2100%),                 avg. length: 1194.35,                last time consumption/overall running time: 161.7509s / 11519.1952 s
env0_first_0:                 episode reward: -5.8500,                 loss: nan
env0_second_0:                 episode reward: 5.8500,                 loss: 0.0014
env1_first_0:                 episode reward: -7.9500,                 loss: nan/home/zihan/research/MARS/mars/rollout.py:21: FutureWarning: arrays to stack must be passed as a "sequence" type such as list or tuple. Support for non-sequence iterables such as generators is deprecated as of NumPy 1.16 and will raise an error in the future.
  rollout_normal(env, model, save_id, args)
/home/zihan/anaconda3/envs/x/lib/python3.7/site-packages/numpy/core/shape_base.py:420: VisibleDeprecationWarning: Creating an ndarray from ragged nested sequences (which is a list-or-tuple of lists-or-tuples-or ndarrays with different lengths or shapes) is deprecated. If you meant to do this, you must specify 'dtype=object' when creating the ndarray.
  arrays = [asanyarray(arr) for arr in arrays]
/home/zihan/anaconda3/envs/x/lib/python3.7/site-packages/numpy/core/fromnumeric.py:3441: RuntimeWarning: Mean of empty slice.
  out=out, **kwargs)
/home/zihan/anaconda3/envs/x/lib/python3.7/site-packages/numpy/core/_methods.py:189: RuntimeWarning: invalid value encountered in double_scalars
  ret = ret.dtype.type(ret / rcount)

env1_second_0:                 episode reward: 7.9500,                 loss: nan
Episode: 1341/10000 (13.4100%),                 avg. length: 1147.0,                last time consumption/overall running time: 153.1950s / 11672.3902 s
env0_first_0:                 episode reward: -6.2500,                 loss: nan
env0_second_0:                 episode reward: 6.2500,                 loss: 0.0012
env1_first_0:                 episode reward: -7.2500,                 loss: nan
env1_second_0:                 episode reward: 7.2500,                 loss: nan
Traceback (most recent call last):
  File "general_train.py", line 31, in <module>
    launch_rollout(parser_args.env, parser_args.method, parser_args.save_id)
  File "general_train.py", line 24, in launch_rollout
    rollout(env, model, args, save_id)
  File "/home/zihan/research/MARS/mars/rollout.py", line 21, in rollout
    rollout_normal(env, model, save_id, args)
  File "/home/zihan/research/MARS/mars/rollout.py", line 133, in rollout_normal
    model, logger, env, args
  File "/home/zihan/research/MARS/mars/marl/double_oracle.py", line 235, in step
    added_row.append(self.evaluate(env, eval_agents, args)[0])  # reward for current learnable model
  File "/home/zihan/research/MARS/mars/marl/double_oracle.py", line 131, in evaluate
    rewards += np.array(reward)
ValueError: non-broadcastable output operand with shape (2,) doesn't match the broadcast shape (2,2)
