pygame 2.0.1 (SDL 2.0.14, Python 3.7.0)
Hello from the pygame community. https://www.pygame.org/contribute.html
ice_hockey_v1 pettingzoo
/home/zihan/anaconda3/envs/x/lib/python3.7/site-packages/ecos/ecos.py:26: UserWarning: Converting G to a CSC matrix; may take a while.
  warn("Converting G to a CSC matrix; may take a while.")
/home/zihan/anaconda3/envs/x/lib/python3.7/site-packages/ecos/ecos.py:29: UserWarning: Converting A to a CSC matrix; may take a while.
  warn("Converting A to a CSC matrix; may take a while.")
random seed: [9, 65]
<SubprocVectorEnv instance>
ParallelDQN(
  (net): MLP(
    (body): Sequential(
      (0): Linear(in_features=128, out_features=256, bias=True)
      (1): ReLU()
      (2): Linear(in_features=256, out_features=256, bias=True)
      (3): ReLU()
      (4): Linear(in_features=256, out_features=256, bias=True)
      (5): ReLU()
      (6): Linear(in_features=256, out_features=256, bias=True)
      (7): ReLU()
      (8): Linear(in_features=256, out_features=18, bias=True)
    )
  )
)
ParallelDQN(
  (net): MLP(
    (body): Sequential(
      (0): Linear(in_features=128, out_features=256, bias=True)
      (1): ReLU()
      (2): Linear(in_features=256, out_features=256, bias=True)
      (3): ReLU()
      (4): Linear(in_features=256, out_features=256, bias=True)
      (5): ReLU()
      (6): Linear(in_features=256, out_features=256, bias=True)
      (7): ReLU()
      (8): Linear(in_features=256, out_features=18, bias=True)
    )
  )
)
Agents No. [1] (index starting from 0) are not learnable.
Arguments:  {'env_name': 'ice_hockey_v1', 'env_type': 'pettingzoo', 'num_envs': 2, 'ram': True, 'seed': 'random', 'algorithm': 'DQN', 'algorithm_spec': {'episodic_update': False, 'dueling': False, 'replay_buffer_size': '1e5', 'gamma': 0.99, 'multi_step': 1, 'target_update_interval': 1000, 'eps_start': 1.0, 'eps_final': 0.01, 'eps_decay': 30000}, 'batch_size': 128, 'max_episodes': 10000, 'max_steps_per_episode': 10000, 'train_start_frame': 0, 'optimizer': 'adam', 'learning_rate': '1e-4', 'device': 'gpu', 'update_itr': 1, 'log_avg_window': 20, 'log_interval': 20, 'render': False, 'test': False, 'exploit': False, 'load_model_idx': False, 'load_model_full_path': False, 'multiprocess': False, 'eval_models': False, 'save_path': '', 'save_interval': 2000, 'net_architecture': {'hidden_dim_list': [256, 256, 256, 256], 'hidden_activation': 'ReLU', 'output_activation': False}, 'marl_method': 'nxdo2', 'marl_spec': {'min_update_interval': 20, 'score_avg_window': 10, 'global_state': False, 'selfplay_score_delta': 10, 'trainable_agent_idx': 0, 'opponent_idx': 1}}
Save models to : /home/zihan/research/MARS/data/model/20220114_0533/pettingzoo_ice_hockey_v1_nxdo2. 
 Save logs to: /home/zihan/research/MARS/data/log/20220114_0533/pettingzoo_ice_hockey_v1_nxdo2.
{'env_name': 'ice_hockey_v1', 'env_type': 'pettingzoo', 'num_envs': 2, 'ram': True, 'seed': 'random', 'algorithm': 'DQN', 'algorithm_spec': {'episodic_update': False, 'dueling': False, 'replay_buffer_size': '1e5', 'gamma': 0.99, 'multi_step': 1, 'target_update_interval': 1000, 'eps_start': 1.0, 'eps_final': 0.01, 'eps_decay': 30000}, 'batch_size': 128, 'max_episodes': 10000, 'max_steps_per_episode': 10000, 'train_start_frame': 0, 'optimizer': 'adam', 'learning_rate': '1e-4', 'device': 'gpu', 'update_itr': 1, 'log_avg_window': 20, 'log_interval': 20, 'render': False, 'test': False, 'exploit': False, 'load_model_idx': False, 'load_model_full_path': False, 'multiprocess': False, 'eval_models': False, 'save_path': '', 'save_interval': 2000, 'net_architecture': {'hidden_dim_list': [256, 256, 256, 256], 'hidden_activation': 'ReLU', 'output_activation': False}, 'marl_method': 'nxdo2', 'marl_spec': {'min_update_interval': 20, 'score_avg_window': 10, 'global_state': False, 'selfplay_score_delta': 10, 'trainable_agent_idx': 0, 'opponent_idx': 1}}
ice_hockey_v1 pettingzoo
random seed: [84, 35]
ParallelDQN(
  (net): MLP(
    (body): Sequential(
      (0): Linear(in_features=128, out_features=256, bias=True)
      (1): ReLU()
      (2): Linear(in_features=256, out_features=256, bias=True)
      (3): ReLU()
      (4): Linear(in_features=256, out_features=256, bias=True)
      (5): ReLU()
      (6): Linear(in_features=256, out_features=256, bias=True)
      (7): ReLU()
      (8): Linear(in_features=256, out_features=18, bias=True)
    )
  )
)
ParallelDQN(
  (net): MLP(
    (body): Sequential(
      (0): Linear(in_features=128, out_features=256, bias=True)
      (1): ReLU()
      (2): Linear(in_features=256, out_features=256, bias=True)
      (3): ReLU()
      (4): Linear(in_features=256, out_features=256, bias=True)
      (5): ReLU()
      (6): Linear(in_features=256, out_features=256, bias=True)
      (7): ReLU()
      (8): Linear(in_features=256, out_features=18, bias=True)
    )
  )
)
Episode: 1/10000 (0.0100%),                 avg. length: 2715.0,                last time consumption/overall running time: 27.9809s / 27.9809 s
env0_first_0:                 episode reward: 0.0000,                 loss: 0.0000
env0_second_0:                 episode reward: 0.0000,                 loss: nan
env1_first_0:                 episode reward: 0.0000,                 loss: nan
env1_second_0:                 episode reward: 0.0000,                 loss: nan
Episode: 21/10000 (0.2100%),                 avg. length: 2731.5,                last time consumption/overall running time: 550.6063s / 578.5872 s
env0_first_0:                 episode reward: 0.3500,                 loss: 0.0027
env0_second_0:                 episode reward: -0.3500,                 loss: nan
env1_first_0:                 episode reward: 0.4500,                 loss: nan
env1_second_0:                 episode reward: -0.4500,                 loss: nan
Episode: 41/10000 (0.4100%),                 avg. length: 2744.2,                last time consumption/overall running time: 477.4438s / 1056.0310 s
env0_first_0:                 episode reward: 0.8000,                 loss: 0.0052
env0_second_0:                 episode reward: -0.8000,                 loss: nan
env1_first_0:                 episode reward: 0.1500,                 loss: nan
env1_second_0:                 episode reward: -0.1500,                 loss: nan
Episode: 61/10000 (0.6100%),                 avg. length: 2736.35,                last time consumption/overall running time: 449.8821s / 1505.9131 s
env0_first_0:                 episode reward: 0.0000,                 loss: 0.0044
env0_second_0:                 episode reward: 0.0000,                 loss: nan
env1_first_0:                 episode reward: 0.2000,                 loss: nan
env1_second_0:                 episode reward: -0.2000,                 loss: nan
Episode: 81/10000 (0.8100%),                 avg. length: 2737.1,                last time consumption/overall running time: 455.2556s / 1961.1687 s
env0_first_0:                 episode reward: 0.1000,                 loss: 0.0054
env0_second_0:                 episode reward: -0.1000,                 loss: nan
env1_first_0:                 episode reward: 0.3500,                 loss: nan
env1_second_0:                 episode reward: -0.3500,                 loss: nan
Episode: 101/10000 (1.0100%),                 avg. length: 2726.05,                last time consumption/overall running time: 444.3988s / 2405.5675 s
env0_first_0:                 episode reward: 0.1500,                 loss: 0.0057
env0_second_0:                 episode reward: -0.1500,                 loss: nan
env1_first_0:                 episode reward: 0.3500,                 loss: nan
env1_second_0:                 episode reward: -0.3500,                 loss: nan
Episode: 121/10000 (1.2100%),                 avg. length: 2718.8,                last time consumption/overall running time: 437.5775s / 2843.1450 s
env0_first_0:                 episode reward: 0.1000,                 loss: 0.0029
env0_second_0:                 episode reward: -0.1000,                 loss: nan
env1_first_0:                 episode reward: 0.1000,                 loss: nan
env1_second_0:                 episode reward: -0.1000,                 loss: nan
Episode: 141/10000 (1.4100%),                 avg. length: 2733.6,                last time consumption/overall running time: 451.2502s / 3294.3952 s
env0_first_0:                 episode reward: 0.1000,                 loss: 0.0013
env0_second_0:                 episode reward: -0.1000,                 loss: nan
env1_first_0:                 episode reward: 0.2500,                 loss: nan
env1_second_0:                 episode reward: -0.2500,                 loss: nan
Episode: 161/10000 (1.6100%),                 avg. length: 2733.4,                last time consumption/overall running time: 439.7634s / 3734.1586 s
env0_first_0:                 episode reward: 0.3000,                 loss: 0.0011
env0_second_0:                 episode reward: -0.3000,                 loss: nan
env1_first_0:                 episode reward: 0.4000,                 loss: nan
env1_second_0:                 episode reward: -0.4000,                 loss: nan
Episode: 181/10000 (1.8100%),                 avg. length: 2743.0,                last time consumption/overall running time: 450.6810s / 4184.8396 s
env0_first_0:                 episode reward: 0.7000,                 loss: 0.0009
env0_second_0:                 episode reward: -0.7000,                 loss: nan
env1_first_0:                 episode reward: 0.5500,                 loss: nan
env1_second_0:                 episode reward: -0.5500,                 loss: nan
Episode: 201/10000 (2.0100%),                 avg. length: 2753.35,                last time consumption/overall running time: 448.7830s / 4633.6226 s
env0_first_0:                 episode reward: 0.2000,                 loss: 0.0009
env0_second_0:                 episode reward: -0.2000,                 loss: nan
env1_first_0:                 episode reward: 0.7000,                 loss: nan
env1_second_0:                 episode reward: -0.7000,                 loss: nan
Episode: 221/10000 (2.2100%),                 avg. length: 2732.95,                last time consumption/overall running time: 436.2343s / 5069.8570 s
env0_first_0:                 episode reward: 0.1500,                 loss: 0.0010
env0_second_0:                 episode reward: -0.1500,                 loss: nan
env1_first_0:                 episode reward: 1.2000,                 loss: nan
env1_second_0:                 episode reward: -1.2000,                 loss: nan
Episode: 241/10000 (2.4100%),                 avg. length: 2737.95,                last time consumption/overall running time: 441.9432s / 5511.8001 s
env0_first_0:                 episode reward: 0.3000,                 loss: 0.0008
env0_second_0:                 episode reward: -0.3000,                 loss: nan
env1_first_0:                 episode reward: 0.7500,                 loss: nan
env1_second_0:                 episode reward: -0.7500,                 loss: nan
Episode: 261/10000 (2.6100%),                 avg. length: 2735.45,                last time consumption/overall running time: 409.7082s / 5921.5084 s
env0_first_0:                 episode reward: 0.9000,                 loss: 0.0005
env0_second_0:                 episode reward: -0.9000,                 loss: nan
env1_first_0:                 episode reward: 0.5000,                 loss: nan
env1_second_0:                 episode reward: -0.5000,                 loss: nan
Episode: 281/10000 (2.8100%),                 avg. length: 2737.25,                last time consumption/overall running time: 396.6741s / 6318.1824 s
env0_first_0:                 episode reward: 0.4500,                 loss: 0.0004
env0_second_0:                 episode reward: -0.4500,                 loss: nan
env1_first_0:                 episode reward: 0.8000,                 loss: nan
env1_second_0:                 episode reward: -0.8000,                 loss: nan
Episode: 301/10000 (3.0100%),                 avg. length: 2742.35,                last time consumption/overall running time: 428.5052s / 6746.6876 s
env0_first_0:                 episode reward: 0.4500,                 loss: 0.0004
env0_second_0:                 episode reward: -0.4500,                 loss: nan
env1_first_0:                 episode reward: 0.7500,                 loss: nan
env1_second_0:                 episode reward: -0.7500,                 loss: nan
Episode: 321/10000 (3.2100%),                 avg. length: 2750.75,                last time consumption/overall running time: 425.0277s / 7171.7153 s
env0_first_0:                 episode reward: 0.9000,                 loss: 0.0004
env0_second_0:                 episode reward: -0.9000,                 loss: nan
env1_first_0:                 episode reward: 0.8500,                 loss: nan
env1_second_0:                 episode reward: -0.8500,                 loss: nan
Episode: 341/10000 (3.4100%),                 avg. length: 2732.0,                last time consumption/overall running time: 416.1762s / 7587.8915 s
env0_first_0:                 episode reward: 0.5500,                 loss: 0.0006
env0_second_0:                 episode reward: -0.5500,                 loss: nan
env1_first_0:                 episode reward: 0.5500,                 loss: nan
env1_second_0:                 episode reward: -0.5500,                 loss: nan
Episode: 361/10000 (3.6100%),                 avg. length: 2749.85,                last time consumption/overall running time: 418.5087s / 8006.4002 s
env0_first_0:                 episode reward: 0.6000,                 loss: 0.0006
env0_second_0:                 episode reward: -0.6000,                 loss: nan
env1_first_0:                 episode reward: 0.3500,                 loss: nan
env1_second_0:                 episode reward: -0.3500,                 loss: nan
Episode: 381/10000 (3.8100%),                 avg. length: 2749.9,                last time consumption/overall running time: 423.7237s / 8430.1239 s
env0_first_0:                 episode reward: 0.7500,                 loss: 0.0007
env0_second_0:                 episode reward: -0.7500,                 loss: nan
env1_first_0:                 episode reward: 0.5500,                 loss: nan
env1_second_0:                 episode reward: -0.5500,                 loss: nan
Episode: 401/10000 (4.0100%),                 avg. length: 2734.9,                last time consumption/overall running time: 424.9138s / 8855.0377 s
env0_first_0:                 episode reward: 0.6000,                 loss: 0.0006
env0_second_0:                 episode reward: -0.6000,                 loss: nan
env1_first_0:                 episode reward: 0.2500,                 loss: nan
env1_second_0:                 episode reward: -0.2500,                 loss: nan
Episode: 421/10000 (4.2100%),                 avg. length: 2728.0,                last time consumption/overall running time: 417.1204s / 9272.1581 s
env0_first_0:                 episode reward: 0.4500,                 loss: 0.0005
env0_second_0:                 episode reward: -0.4500,                 loss: nan
env1_first_0:                 episode reward: 0.9500,                 loss: nan
env1_second_0:                 episode reward: -0.9500,                 loss: nan
Episode: 441/10000 (4.4100%),                 avg. length: 2718.85,                last time consumption/overall running time: 421.3953s / 9693.5534 s
env0_first_0:                 episode reward: 0.3000,                 loss: 0.0005
env0_second_0:                 episode reward: -0.3000,                 loss: nan
env1_first_0:                 episode reward: 0.6000,                 loss: nan
env1_second_0:                 episode reward: -0.6000,                 loss: nan
Episode: 461/10000 (4.6100%),                 avg. length: 2735.3,                last time consumption/overall running time: 424.7281s / 10118.2816 s
env0_first_0:                 episode reward: 0.2000,                 loss: 0.0006
env0_second_0:                 episode reward: -0.2000,                 loss: nan
env1_first_0:                 episode reward: 0.7500,                 loss: nan
env1_second_0:                 episode reward: -0.7500,                 loss: nan
Episode: 481/10000 (4.8100%),                 avg. length: 2730.05,                last time consumption/overall running time: 427.1390s / 10545.4206 s
env0_first_0:                 episode reward: 0.3500,                 loss: 0.0005
env0_second_0:                 episode reward: -0.3500,                 loss: nan
env1_first_0:                 episode reward: 0.2000,                 loss: nan
env1_second_0:                 episode reward: -0.2000,                 loss: nan
Episode: 501/10000 (5.0100%),                 avg. length: 2734.3,                last time consumption/overall running time: 428.3531s / 10973.7737 s
env0_first_0:                 episode reward: 0.8000,                 loss: 0.0005
env0_second_0:                 episode reward: -0.8000,                 loss: nan
env1_first_0:                 episode reward: 0.6000,                 loss: nan
env1_second_0:                 episode reward: -0.6000,                 loss: nan
Episode: 521/10000 (5.2100%),                 avg. length: 2731.65,                last time consumption/overall running time: 423.1050s / 11396.8787 s
env0_first_0:                 episode reward: 0.5500,                 loss: 0.0005
env0_second_0:                 episode reward: -0.5500,                 loss: nan
env1_first_0:                 episode reward: 0.7500,                 loss: nan
env1_second_0:                 episode reward: -0.7500,                 loss: nan
Episode: 541/10000 (5.4100%),                 avg. length: 2731.75,                last time consumption/overall running time: 413.8564s / 11810.7350 s
env0_first_0:                 episode reward: 0.6500,                 loss: 0.0005
env0_second_0:                 episode reward: -0.6500,                 loss: nan
env1_first_0:                 episode reward: 0.5000,                 loss: nan
env1_second_0:                 episode reward: -0.5000,                 loss: nan
Episode: 561/10000 (5.6100%),                 avg. length: 2731.65,                last time consumption/overall running time: 396.7435s / 12207.4786 s
env0_first_0:                 episode reward: 0.6000,                 loss: 0.0005
env0_second_0:                 episode reward: -0.6000,                 loss: nan
env1_first_0:                 episode reward: 0.5000,                 loss: nan
env1_second_0:                 episode reward: -0.5000,                 loss: nan
Episode: 581/10000 (5.8100%),                 avg. length: 2729.6,                last time consumption/overall running time: 392.6431s / 12600.1217 s
env0_first_0:                 episode reward: 0.3000,                 loss: 0.0006
env0_second_0:                 episode reward: -0.3000,                 loss: nan
env1_first_0:                 episode reward: 0.5500,                 loss: nan
env1_second_0:                 episode reward: -0.5500,                 loss: nan
Episode: 601/10000 (6.0100%),                 avg. length: 2740.8,                last time consumption/overall running time: 412.9010s / 13013.0227 s
env0_first_0:                 episode reward: 0.6000,                 loss: 0.0007
env0_second_0:                 episode reward: -0.6000,                 loss: nan
env1_first_0:                 episode reward: 0.8000,                 loss: nan
env1_second_0:                 episode reward: -0.8000,                 loss: nan
Episode: 621/10000 (6.2100%),                 avg. length: 2730.05,                last time consumption/overall running time: 391.8537s / 13404.8764 s
env0_first_0:                 episode reward: 0.6500,                 loss: 0.0006
env0_second_0:                 episode reward: -0.6500,                 loss: nan
env1_first_0:                 episode reward: 0.8500,                 loss: nan
env1_second_0:                 episode reward: -0.8500,                 loss: nan
Episode: 641/10000 (6.4100%),                 avg. length: 2728.65,                last time consumption/overall running time: 380.2425s / 13785.1189 s
env0_first_0:                 episode reward: 0.2500,                 loss: 0.0005
env0_second_0:                 episode reward: -0.2500,                 loss: nan
env1_first_0:                 episode reward: 0.6000,                 loss: nan
env1_second_0:                 episode reward: -0.6000,                 loss: nan
Episode: 661/10000 (6.6100%),                 avg. length: 2733.55,                last time consumption/overall running time: 388.4876s / 14173.6065 s
env0_first_0:                 episode reward: 0.5000,                 loss: 0.0004
env0_second_0:                 episode reward: -0.5000,                 loss: nan
env1_first_0:                 episode reward: 0.4000,                 loss: nan
env1_second_0:                 episode reward: -0.4000,                 loss: nan
Episode: 681/10000 (6.8100%),                 avg. length: 2726.9,                last time consumption/overall running time: 373.9016s / 14547.5081 s
env0_first_0:                 episode reward: 0.1500,                 loss: 0.0004
env0_second_0:                 episode reward: -0.1500,                 loss: nan
env1_first_0:                 episode reward: 0.6500,                 loss: nan
env1_second_0:                 episode reward: -0.6500,                 loss: nan
Episode: 701/10000 (7.0100%),                 avg. length: 2720.85,                last time consumption/overall running time: 388.8294s / 14936.3375 s
env0_first_0:                 episode reward: 0.2000,                 loss: 0.0003
env0_second_0:                 episode reward: -0.2000,                 loss: nan
env1_first_0:                 episode reward: 0.6000,                 loss: nan
env1_second_0:                 episode reward: -0.6000,                 loss: nan
Episode: 721/10000 (7.2100%),                 avg. length: 2722.15,                last time consumption/overall running time: 382.2415s / 15318.5790 s
env0_first_0:                 episode reward: 0.2500,                 loss: 0.0003
env0_second_0:                 episode reward: -0.2500,                 loss: nan
env1_first_0:                 episode reward: 0.4000,                 loss: nan
env1_second_0:                 episode reward: -0.4000,                 loss: nan
Episode: 741/10000 (7.4100%),                 avg. length: 2724.15,                last time consumption/overall running time: 371.4635s / 15690.0425 s
env0_first_0:                 episode reward: 0.1000,                 loss: 0.0003
env0_second_0:                 episode reward: -0.1000,                 loss: nan
env1_first_0:                 episode reward: 0.2000,                 loss: nan
env1_second_0:                 episode reward: -0.2000,                 loss: nan
Episode: 761/10000 (7.6100%),                 avg. length: 2721.0,                last time consumption/overall running time: 372.5215s / 16062.5640 s
env0_first_0:                 episode reward: 0.4000,                 loss: 0.0003
env0_second_0:                 episode reward: -0.4000,                 loss: nan
env1_first_0:                 episode reward: 0.2000,                 loss: nan
env1_second_0:                 episode reward: -0.2000,                 loss: nan
Episode: 781/10000 (7.8100%),                 avg. length: 2728.55,                last time consumption/overall running time: 367.2630s / 16429.8270 s
env0_first_0:                 episode reward: 0.4000,                 loss: 0.0004
env0_second_0:                 episode reward: -0.4000,                 loss: nan
env1_first_0:                 episode reward: 0.1000,                 loss: nan
env1_second_0:                 episode reward: -0.1000,                 loss: nan
Episode: 801/10000 (8.0100%),                 avg. length: 2722.7,                last time consumption/overall running time: 363.0324s / 16792.8594 s
env0_first_0:                 episode reward: 0.2500,                 loss: 0.0003
env0_second_0:                 episode reward: -0.2500,                 loss: nan
env1_first_0:                 episode reward: 0.3500,                 loss: nan
env1_second_0:                 episode reward: -0.3500,                 loss: nan
Episode: 821/10000 (8.2100%),                 avg. length: 2731.8,                last time consumption/overall running time: 372.2602s / 17165.1196 s
env0_first_0:                 episode reward: -0.0500,                 loss: 0.0002
env0_second_0:                 episode reward: 0.0500,                 loss: nan
env1_first_0:                 episode reward: 0.1000,                 loss: nan
env1_second_0:                 episode reward: -0.1000,                 loss: nan
Episode: 841/10000 (8.4100%),                 avg. length: 2726.35,                last time consumption/overall running time: 373.4458s / 17538.5654 s
env0_first_0:                 episode reward: 0.2000,                 loss: 0.0003
env0_second_0:                 episode reward: -0.2000,                 loss: nan
env1_first_0:                 episode reward: 0.2000,                 loss: nan
env1_second_0:                 episode reward: -0.2000,                 loss: nan
Episode: 861/10000 (8.6100%),                 avg. length: 2721.65,                last time consumption/overall running time: 377.3822s / 17915.9476 s
env0_first_0:                 episode reward: 0.2500,                 loss: 0.0002
env0_second_0:                 episode reward: -0.2500,                 loss: nan
env1_first_0:                 episode reward: 0.3000,                 loss: nan
env1_second_0:                 episode reward: -0.3000,                 loss: nan
Episode: 881/10000 (8.8100%),                 avg. length: 2727.55,                last time consumption/overall running time: 375.4768s / 18291.4244 s
env0_first_0:                 episode reward: 0.4000,                 loss: 0.0002
env0_second_0:                 episode reward: -0.4000,                 loss: nan
env1_first_0:                 episode reward: 0.7500,                 loss: nan
env1_second_0:                 episode reward: -0.7500,                 loss: nan
Episode: 901/10000 (9.0100%),                 avg. length: 2731.75,                last time consumption/overall running time: 371.0231s / 18662.4475 s
env0_first_0:                 episode reward: -0.1000,                 loss: 0.0002
env0_second_0:                 episode reward: 0.1000,                 loss: nan
env1_first_0:                 episode reward: 0.5500,                 loss: nan
env1_second_0:                 episode reward: -0.5500,                 loss: nan
Episode: 921/10000 (9.2100%),                 avg. length: 2745.2,                last time consumption/overall running time: 380.3339s / 19042.7813 s
env0_first_0:                 episode reward: 0.3500,                 loss: 0.0003
env0_second_0:                 episode reward: -0.3500,                 loss: nan
env1_first_0:                 episode reward: 2.1000,                 loss: nan
env1_second_0:                 episode reward: -2.1000,                 loss: nan
Episode: 941/10000 (9.4100%),                 avg. length: 2744.6,                last time consumption/overall running time: 380.8690s / 19423.6503 s
env0_first_0:                 episode reward: 0.5000,                 loss: 0.0003
env0_second_0:                 episode reward: -0.5000,                 loss: nan
env1_first_0:                 episode reward: 1.5500,                 loss: nan
env1_second_0:                 episode reward: -1.5500,                 loss: nan
Episode: 961/10000 (9.6100%),                 avg. length: 2753.1,                last time consumption/overall running time: 396.0823s / 19819.7326 s
env0_first_0:                 episode reward: 0.9000,                 loss: 0.0003
env0_second_0:                 episode reward: -0.9000,                 loss: nan
env1_first_0:                 episode reward: 1.7000,                 loss: nan
env1_second_0:                 episode reward: -1.7000,                 loss: nan
Episode: 981/10000 (9.8100%),                 avg. length: 2742.55,                last time consumption/overall running time: 389.2672s / 20208.9998 s
env0_first_0:                 episode reward: 0.6500,                 loss: 0.0003
env0_second_0:                 episode reward: -0.6500,                 loss: nan
env1_first_0:                 episode reward: 1.2500,                 loss: nan
env1_second_0:                 episode reward: -1.2500,                 loss: nan
Episode: 1001/10000 (10.0100%),                 avg. length: 2751.25,                last time consumption/overall running time: 374.8800s / 20583.8798 s
env0_first_0:                 episode reward: 0.7000,                 loss: 0.0003
env0_second_0:                 episode reward: -0.7000,                 loss: nan
env1_first_0:                 episode reward: 1.5500,                 loss: nan
env1_second_0:                 episode reward: -1.5500,                 loss: nan
Episode: 1021/10000 (10.2100%),                 avg. length: 2749.45,                last time consumption/overall running time: 383.7058s / 20967.5856 s
env0_first_0:                 episode reward: 1.0500,                 loss: 0.0003
env0_second_0:                 episode reward: -1.0500,                 loss: nan
env1_first_0:                 episode reward: 1.3000,                 loss: nan
env1_second_0:                 episode reward: -1.3000,                 loss: nan
Episode: 1041/10000 (10.4100%),                 avg. length: 2744.85,                last time consumption/overall running time: 378.2115s / 21345.7971 s
env0_first_0:                 episode reward: 0.7500,                 loss: 0.0003
env0_second_0:                 episode reward: -0.7500,                 loss: nan
env1_first_0:                 episode reward: 1.1000,                 loss: nan
env1_second_0:                 episode reward: -1.1000,                 loss: nan
Episode: 1061/10000 (10.6100%),                 avg. length: 2742.8,                last time consumption/overall running time: 386.1578s / 21731.9549 s
env0_first_0:                 episode reward: 0.7500,                 loss: 0.0003
env0_second_0:                 episode reward: -0.7500,                 loss: nan
env1_first_0:                 episode reward: 1.2000,                 loss: nan
env1_second_0:                 episode reward: -1.2000,                 loss: nan
Episode: 1081/10000 (10.8100%),                 avg. length: 2746.2,                last time consumption/overall running time: 382.6695s / 22114.6244 s
env0_first_0:                 episode reward: 1.1500,                 loss: 0.0003
env0_second_0:                 episode reward: -1.1500,                 loss: nan
env1_first_0:                 episode reward: 1.2000,                 loss: nan
env1_second_0:                 episode reward: -1.2000,                 loss: nan
Episode: 1101/10000 (11.0100%),                 avg. length: 2745.85,                last time consumption/overall running time: 366.5410s / 22481.1654 s
env0_first_0:                 episode reward: 0.7000,                 loss: 0.0003
env0_second_0:                 episode reward: -0.7000,                 loss: nan
env1_first_0:                 episode reward: 1.7000,                 loss: nan
env1_second_0:                 episode reward: -1.7000,                 loss: nan
Episode: 1121/10000 (11.2100%),                 avg. length: 2747.05,                last time consumption/overall running time: 374.5423s / 22855.7077 s
env0_first_0:                 episode reward: 0.7000,                 loss: 0.0003
env0_second_0:                 episode reward: -0.7000,                 loss: nan
env1_first_0:                 episode reward: 1.7500,                 loss: nan
env1_second_0:                 episode reward: -1.7500,                 loss: nan
Episode: 1141/10000 (11.4100%),                 avg. length: 2752.1,                last time consumption/overall running time: 386.3058s / 23242.0135 s
env0_first_0:                 episode reward: 1.0500,                 loss: 0.0003
env0_second_0:                 episode reward: -1.0500,                 loss: nan
env1_first_0:                 episode reward: 1.6000,                 loss: nan
env1_second_0:                 episode reward: -1.6000,                 loss: nan
Episode: 1161/10000 (11.6100%),                 avg. length: 2752.7,                last time consumption/overall running time: 387.7074s / 23629.7209 s
env0_first_0:                 episode reward: 0.9000,                 loss: 0.0003
env0_second_0:                 episode reward: -0.9000,                 loss: nan
env1_first_0:                 episode reward: 1.3500,                 loss: nan
env1_second_0:                 episode reward: -1.3500,                 loss: nan
Episode: 1181/10000 (11.8100%),                 avg. length: 2758.95,                last time consumption/overall running time: 380.3601s / 24010.0810 s
env0_first_0:                 episode reward: 0.9500,                 loss: 0.0003
env0_second_0:                 episode reward: -0.9500,                 loss: nan
env1_first_0:                 episode reward: 1.8000,                 loss: nan
env1_second_0:                 episode reward: -1.8000,                 loss: nan
Episode: 1201/10000 (12.0100%),                 avg. length: 2760.65,                last time consumption/overall running time: 375.9883s / 24386.0694 s
env0_first_0:                 episode reward: 1.5500,                 loss: 0.0004
env0_second_0:                 episode reward: -1.5500,                 loss: nan
env1_first_0:                 episode reward: 1.3500,                 loss: nan
env1_second_0:                 episode reward: -1.3500,                 loss: nan
Episode: 1221/10000 (12.2100%),                 avg. length: 2759.85,                last time consumption/overall running time: 380.6578s / 24766.7272 s
env0_first_0:                 episode reward: 1.1000,                 loss: 0.0004
env0_second_0:                 episode reward: -1.1000,                 loss: nan
env1_first_0:                 episode reward: 2.2500,                 loss: nan
env1_second_0:                 episode reward: -2.2500,                 loss: nan
Episode: 1241/10000 (12.4100%),                 avg. length: 2760.5,                last time consumption/overall running time: 388.3498s / 25155.0770 s
env0_first_0:                 episode reward: 1.3000,                 loss: 0.0003
env0_second_0:                 episode reward: -1.3000,                 loss: nan
env1_first_0:                 episode reward: 1.2000,                 loss: nan
env1_second_0:                 episode reward: -1.2000,                 loss: nan
Episode: 1261/10000 (12.6100%),                 avg. length: 2759.1,                last time consumption/overall running time: 379.7183s / 25534.7953 s
env0_first_0:                 episode reward: 1.4000,                 loss: 0.0003
env0_second_0:                 episode reward: -1.4000,                 loss: nan
env1_first_0:                 episode reward: 1.6000,                 loss: nan
env1_second_0:                 episode reward: -1.6000,                 loss: nan
Episode: 1281/10000 (12.8100%),                 avg. length: 2743.65,                last time consumption/overall running time: 394.4835s / 25929.2788 s
env0_first_0:                 episode reward: 1.1500,                 loss: 0.0003
env0_second_0:                 episode reward: -1.1500,                 loss: nan
env1_first_0:                 episode reward: 0.7500,                 loss: nan
env1_second_0:                 episode reward: -0.7500,                 loss: nan
Episode: 1301/10000 (13.0100%),                 avg. length: 2754.5,                last time consumption/overall running time: 387.6378s / 26316.9166 s
env0_first_0:                 episode reward: 1.4000,                 loss: 0.0003
env0_second_0:                 episode reward: -1.4000,                 loss: nan
env1_first_0:                 episode reward: 1.3000,                 loss: nan
env1_second_0:                 episode reward: -1.3000,                 loss: nan
Episode: 1321/10000 (13.2100%),                 avg. length: 2743.15,                last time consumption/overall running time: 384.5152s / 26701.4318 s
env0_first_0:                 episode reward: 0.8000,                 loss: 0.0003
env0_second_0:                 episode reward: -0.8000,                 loss: nan
env1_first_0:                 episode reward: 1.0500,                 loss: nan
env1_second_0:                 episode reward: -1.0500,                 loss: nan
Episode: 1341/10000 (13.4100%),                 avg. length: 2740.1,                last time consumption/overall running time: 378.4400s / 27079.8719 s
env0_first_0:                 episode reward: 0.7000,                 loss: 0.0003
env0_second_0:                 episode reward: -0.7000,                 loss: nan
env1_first_0:                 episode reward: 0.9500,                 loss: nan
env1_second_0:                 episode reward: -0.9500,                 loss: nan
Episode: 1361/10000 (13.6100%),                 avg. length: 2739.4,                last time consumption/overall running time: 382.3055s / 27462.1774 s
env0_first_0:                 episode reward: 0.8000,                 loss: 0.0002
env0_second_0:                 episode reward: -0.8000,                 loss: nan
env1_first_0:                 episode reward: 0.8000,                 loss: nan
env1_second_0:                 episode reward: -0.8000,                 loss: nan
Episode: 1381/10000 (13.8100%),                 avg. length: 2732.3,                last time consumption/overall running time: 387.5886s / 27849.7661 s
env0_first_0:                 episode reward: 0.5000,                 loss: 0.0002
env0_second_0:                 episode reward: -0.5000,                 loss: nan
env1_first_0:                 episode reward: 0.7500,                 loss: nan
env1_second_0:                 episode reward: -0.7500,                 loss: nan
Episode: 1401/10000 (14.0100%),                 avg. length: 2737.55,                last time consumption/overall running time: 389.3129s / 28239.0790 s
env0_first_0:                 episode reward: 0.6000,                 loss: 0.0003
env0_second_0:                 episode reward: -0.6000,                 loss: nan
env1_first_0:                 episode reward: 0.8000,                 loss: nan
env1_second_0:                 episode reward: -0.8000,                 loss: nan
Episode: 1421/10000 (14.2100%),                 avg. length: 2728.9,                last time consumption/overall running time: 361.4145s / 28600.4935 s
env0_first_0:                 episode reward: 0.3000,                 loss: 0.0004
env0_second_0:                 episode reward: -0.3000,                 loss: nan
env1_first_0:                 episode reward: 0.5000,                 loss: nan
env1_second_0:                 episode reward: -0.5000,                 loss: nan
Episode: 1441/10000 (14.4100%),                 avg. length: 2736.7,                last time consumption/overall running time: 365.5194s / 28966.0128 s
env0_first_0:                 episode reward: 0.7000,                 loss: 0.0003
env0_second_0:                 episode reward: -0.7000,                 loss: nan
env1_first_0:                 episode reward: 0.4000,                 loss: nan
env1_second_0:                 episode reward: -0.4000,                 loss: nan
Episode: 1461/10000 (14.6100%),                 avg. length: 2740.35,                last time consumption/overall running time: 363.6504s / 29329.6632 s
env0_first_0:                 episode reward: 0.5500,                 loss: 0.0004
env0_second_0:                 episode reward: -0.5500,                 loss: nan
env1_first_0:                 episode reward: 0.6000,                 loss: nan
env1_second_0:                 episode reward: -0.6000,                 loss: nan
Episode: 1481/10000 (14.8100%),                 avg. length: 2725.9,                last time consumption/overall running time: 374.9381s / 29704.6013 s
env0_first_0:                 episode reward: 0.3500,                 loss: 0.0004
env0_second_0:                 episode reward: -0.3500,                 loss: nan
env1_first_0:                 episode reward: 0.4500,                 loss: nan
env1_second_0:                 episode reward: -0.4500,                 loss: nan
Episode: 1501/10000 (15.0100%),                 avg. length: 2726.25,                last time consumption/overall running time: 388.7933s / 30093.3947 s
env0_first_0:                 episode reward: 0.4000,                 loss: 0.0003
env0_second_0:                 episode reward: -0.4000,                 loss: nan
env1_first_0:                 episode reward: 0.5000,                 loss: nan
env1_second_0:                 episode reward: -0.5000,                 loss: nan
Episode: 1521/10000 (15.2100%),                 avg. length: 2731.5,                last time consumption/overall running time: 380.0156s / 30473.4102 s
env0_first_0:                 episode reward: 0.4500,                 loss: 0.0004
env0_second_0:                 episode reward: -0.4500,                 loss: nan
env1_first_0:                 episode reward: 0.7500,                 loss: nan
env1_second_0:                 episode reward: -0.7500,                 loss: nan
Episode: 1541/10000 (15.4100%),                 avg. length: 2720.0,                last time consumption/overall running time: 380.1277s / 30853.5379 s
env0_first_0:                 episode reward: 0.0500,                 loss: 0.0010
env0_second_0:                 episode reward: -0.0500,                 loss: nan
env1_first_0:                 episode reward: 0.3500,                 loss: nan
env1_second_0:                 episode reward: -0.3500,                 loss: nan
Episode: 1561/10000 (15.6100%),                 avg. length: 2723.7,                last time consumption/overall running time: 363.3690s / 31216.9069 s
env0_first_0:                 episode reward: 0.0000,                 loss: 0.0007
env0_second_0:                 episode reward: 0.0000,                 loss: nan
env1_first_0:                 episode reward: 0.3000,                 loss: nan
env1_second_0:                 episode reward: -0.3000,                 loss: nan
Episode: 1581/10000 (15.8100%),                 avg. length: 2718.75,                last time consumption/overall running time: 362.8361s / 31579.7430 s
env0_first_0:                 episode reward: 0.1000,                 loss: 0.0006
env0_second_0:                 episode reward: -0.1000,                 loss: nan
env1_first_0:                 episode reward: 0.0000,                 loss: nan
env1_second_0:                 episode reward: 0.0000,                 loss: nan
Episode: 1601/10000 (16.0100%),                 avg. length: 2724.7,                last time consumption/overall running time: 370.8667s / 31950.6097 s
env0_first_0:                 episode reward: 0.0500,                 loss: 0.0005
env0_second_0:                 episode reward: -0.0500,                 loss: nan
env1_first_0:                 episode reward: -0.2000,                 loss: nan
env1_second_0:                 episode reward: 0.2000,                 loss: nan
Episode: 1621/10000 (16.2100%),                 avg. length: 2718.75,                last time consumption/overall running time: 376.9078s / 32327.5175 s
env0_first_0:                 episode reward: 0.1500,                 loss: 0.0004
env0_second_0:                 episode reward: -0.1500,                 loss: nan
env1_first_0:                 episode reward: 0.1500,                 loss: nan
env1_second_0:                 episode reward: -0.1500,                 loss: nan
Episode: 1641/10000 (16.4100%),                 avg. length: 2725.0,                last time consumption/overall running time: 383.6380s / 32711.1555 s
env0_first_0:                 episode reward: 0.0000,                 loss: 0.0004
env0_second_0:                 episode reward: 0.0000,                 loss: nan
env1_first_0:                 episode reward: 0.2500,                 loss: nan
env1_second_0:                 episode reward: -0.2500,                 loss: nan
Episode: 1661/10000 (16.6100%),                 avg. length: 2732.0,                last time consumption/overall running time: 377.7213s / 33088.8768 s
env0_first_0:                 episode reward: 0.2000,                 loss: 0.0004
env0_second_0:                 episode reward: -0.2000,                 loss: nan
env1_first_0:                 episode reward: 0.3000,                 loss: nan
env1_second_0:                 episode reward: -0.3000,                 loss: nan
Episode: 1681/10000 (16.8100%),                 avg. length: 2720.75,                last time consumption/overall running time: 374.6778s / 33463.5547 s
env0_first_0:                 episode reward: 0.3000,                 loss: 0.0003
env0_second_0:                 episode reward: -0.3000,                 loss: nan
env1_first_0:                 episode reward: 0.0000,                 loss: nan
env1_second_0:                 episode reward: 0.0000,                 loss: nan
Episode: 1701/10000 (17.0100%),                 avg. length: 2718.75,                last time consumption/overall running time: 373.8116s / 33837.3663 s
env0_first_0:                 episode reward: 0.3500,                 loss: 0.0003
env0_second_0:                 episode reward: -0.3500,                 loss: nan
env1_first_0:                 episode reward: -0.0500,                 loss: nan
env1_second_0:                 episode reward: 0.0500,                 loss: nan
Episode: 1721/10000 (17.2100%),                 avg. length: 2724.75,                last time consumption/overall running time: 374.4681s / 34211.8343 s
env0_first_0:                 episode reward: 0.0500,                 loss: 0.0004
env0_second_0:                 episode reward: -0.0500,                 loss: nan
env1_first_0:                 episode reward: 0.2000,                 loss: nan
env1_second_0:                 episode reward: -0.2000,                 loss: nan
Episode: 1741/10000 (17.4100%),                 avg. length: 2718.35,                last time consumption/overall running time: 386.2238s / 34598.0582 s
env0_first_0:                 episode reward: 0.1000,                 loss: 0.0003
env0_second_0:                 episode reward: -0.1000,                 loss: nan
env1_first_0:                 episode reward: 0.3500,                 loss: nan
env1_second_0:                 episode reward: -0.3500,                 loss: nan
Episode: 1761/10000 (17.6100%),                 avg. length: 2730.15,                last time consumption/overall running time: 366.8266s / 34964.8848 s
env0_first_0:                 episode reward: -0.1000,                 loss: 0.0003
env0_second_0:                 episode reward: 0.1000,                 loss: nan
env1_first_0:                 episode reward: 0.3000,                 loss: nan
env1_second_0:                 episode reward: -0.3000,                 loss: nan
Episode: 1781/10000 (17.8100%),                 avg. length: 2728.5,                last time consumption/overall running time: 401.2393s / 35366.1241 s
env0_first_0:                 episode reward: 0.5000,                 loss: 0.0004
env0_second_0:                 episode reward: -0.5000,                 loss: nan
env1_first_0:                 episode reward: 0.3500,                 loss: nan
env1_second_0:                 episode reward: -0.3500,                 loss: nan
Episode: 1801/10000 (18.0100%),                 avg. length: 2720.0,                last time consumption/overall running time: 393.4707s / 35759.5948 s
env0_first_0:                 episode reward: 0.0500,                 loss: 0.0003
env0_second_0:                 episode reward: -0.0500,                 loss: nan
env1_first_0:                 episode reward: 0.2000,                 loss: nan
env1_second_0:                 episode reward: -0.2000,                 loss: nan
Episode: 1821/10000 (18.2100%),                 avg. length: 2731.85,                last time consumption/overall running time: 384.0905s / 36143.6854 s
env0_first_0:                 episode reward: 0.4500,                 loss: 0.0003
env0_second_0:                 episode reward: -0.4500,                 loss: nan
env1_first_0:                 episode reward: 0.2000,                 loss: nan
env1_second_0:                 episode reward: -0.2000,                 loss: nan
Episode: 1841/10000 (18.4100%),                 avg. length: 2725.75,                last time consumption/overall running time: 391.3752s / 36535.0606 s
env0_first_0:                 episode reward: 0.5500,                 loss: 0.0003
env0_second_0:                 episode reward: -0.5500,                 loss: nan
env1_first_0:                 episode reward: -0.0500,                 loss: nan
env1_second_0:                 episode reward: 0.0500,                 loss: nan
Episode: 1861/10000 (18.6100%),                 avg. length: 2745.6,                last time consumption/overall running time: 400.5565s / 36935.6171 s
env0_first_0:                 episode reward: 0.8500,                 loss: 0.0003
env0_second_0:                 episode reward: -0.8500,                 loss: nan
env1_first_0:                 episode reward: 0.9000,                 loss: nan
env1_second_0:                 episode reward: -0.9000,                 loss: nan
Episode: 1881/10000 (18.8100%),                 avg. length: 2727.6,                last time consumption/overall running time: 398.5455s / 37334.1625 s
env0_first_0:                 episode reward: 0.4500,                 loss: 0.0004
env0_second_0:                 episode reward: -0.4500,                 loss: nan
env1_first_0:                 episode reward: 0.4500,                 loss: nan
env1_second_0:                 episode reward: -0.4500,                 loss: nan
Episode: 1901/10000 (19.0100%),                 avg. length: 2718.85,                last time consumption/overall running time: 384.2532s / 37718.4157 s
env0_first_0:                 episode reward: 0.1500,                 loss: 0.0003
env0_second_0:                 episode reward: -0.1500,                 loss: nan
env1_first_0:                 episode reward: 0.3000,                 loss: nan
env1_second_0:                 episode reward: -0.3000,                 loss: nan
Episode: 1921/10000 (19.2100%),                 avg. length: 2717.1,                last time consumption/overall running time: 399.7041s / 38118.1198 s
env0_first_0:                 episode reward: 0.1500,                 loss: 0.0003
env0_second_0:                 episode reward: -0.1500,                 loss: nan
env1_first_0:                 episode reward: 0.1500,                 loss: nan
env1_second_0:                 episode reward: -0.1500,                 loss: nan
Episode: 1941/10000 (19.4100%),                 avg. length: 2720.2,                last time consumption/overall running time: 408.9940s / 38527.1138 s
env0_first_0:                 episode reward: 0.1000,                 loss: 0.0003
env0_second_0:                 episode reward: -0.1000,                 loss: nan
env1_first_0:                 episode reward: 0.3000,                 loss: nan
env1_second_0:                 episode reward: -0.3000,                 loss: nan
Episode: 1961/10000 (19.6100%),                 avg. length: 2720.7,                last time consumption/overall running time: 381.2116s / 38908.3254 s
env0_first_0:                 episode reward: 0.3000,                 loss: 0.0003
env0_second_0:                 episode reward: -0.3000,                 loss: nan
env1_first_0:                 episode reward: 0.2000,                 loss: nan
env1_second_0:                 episode reward: -0.2000,                 loss: nan
Episode: 1981/10000 (19.8100%),                 avg. length: 2723.95,                last time consumption/overall running time: 376.0219s / 39284.3472 s
env0_first_0:                 episode reward: 0.3500,                 loss: 0.0003
env0_second_0:                 episode reward: -0.3500,                 loss: nan
env1_first_0:                 episode reward: 0.3000,                 loss: nan
env1_second_0:                 episode reward: -0.3000,                 loss: nan
Episode: 2001/10000 (20.0100%),                 avg. length: 2722.4,                last time consumption/overall running time: 372.1864s / 39656.5337 s
env0_first_0:                 episode reward: 0.1500,                 loss: 0.0003
env0_second_0:                 episode reward: -0.1500,                 loss: nan
env1_first_0:                 episode reward: 0.3000,                 loss: nan
env1_second_0:                 episode reward: -0.3000,                 loss: nan
Episode: 2021/10000 (20.2100%),                 avg. length: 2735.55,                last time consumption/overall running time: 377.9549s / 40034.4886 s
env0_first_0:                 episode reward: 0.6000,                 loss: 0.0003
env0_second_0:                 episode reward: -0.6000,                 loss: nan
env1_first_0:                 episode reward: 0.3500,                 loss: nan
env1_second_0:                 episode reward: -0.3500,                 loss: nan
Episode: 2041/10000 (20.4100%),                 avg. length: 2725.7,                last time consumption/overall running time: 378.1253s / 40412.6139 s
env0_first_0:                 episode reward: -0.1000,                 loss: 0.0002
env0_second_0:                 episode reward: 0.1000,                 loss: nan
env1_first_0:                 episode reward: 0.1500,                 loss: nan
env1_second_0:                 episode reward: -0.1500,                 loss: nan
Episode: 2061/10000 (20.6100%),                 avg. length: 2719.2,                last time consumption/overall running time: 377.1884s / 40789.8023 s
env0_first_0:                 episode reward: 0.1500,                 loss: 0.0002
env0_second_0:                 episode reward: -0.1500,                 loss: nan
env1_first_0:                 episode reward: 0.5000,                 loss: nan
env1_second_0:                 episode reward: -0.5000,                 loss: nan
Episode: 2081/10000 (20.8100%),                 avg. length: 2718.95,                last time consumption/overall running time: 390.7471s / 41180.5493 s
env0_first_0:                 episode reward: 0.3000,                 loss: 0.0003
env0_second_0:                 episode reward: -0.3000,                 loss: nan
env1_first_0:                 episode reward: -0.2000,                 loss: nan
env1_second_0:                 episode reward: 0.2000,                 loss: nan
Episode: 2101/10000 (21.0100%),                 avg. length: 2728.4,                last time consumption/overall running time: 397.7541s / 41578.3035 s
env0_first_0:                 episode reward: 0.0500,                 loss: 0.0005
env0_second_0:                 episode reward: -0.0500,                 loss: nan
env1_first_0:                 episode reward: 0.2500,                 loss: nan
env1_second_0:                 episode reward: -0.2500,                 loss: nan
Episode: 2121/10000 (21.2100%),                 avg. length: 2729.65,                last time consumption/overall running time: 396.4795s / 41974.7830 s
env0_first_0:                 episode reward: 0.2500,                 loss: 0.0005
env0_second_0:                 episode reward: -0.2500,                 loss: nan
env1_first_0:                 episode reward: 0.4500,                 loss: nan
env1_second_0:                 episode reward: -0.4500,                 loss: nan
Episode: 2141/10000 (21.4100%),                 avg. length: 2731.25,                last time consumption/overall running time: 374.7431s / 42349.5261 s
env0_first_0:                 episode reward: 0.3500,                 loss: 0.0008
env0_second_0:                 episode reward: -0.3500,                 loss: nan
env1_first_0:                 episode reward: 0.4500,                 loss: nan
env1_second_0:                 episode reward: -0.4500,                 loss: nan
Episode: 2161/10000 (21.6100%),                 avg. length: 2740.15,                last time consumption/overall running time: 375.0039s / 42724.5299 s
env0_first_0:                 episode reward: 0.0500,                 loss: 0.0008
env0_second_0:                 episode reward: -0.0500,                 loss: nan
env1_first_0:                 episode reward: 0.0500,                 loss: nan
env1_second_0:                 episode reward: -0.0500,                 loss: nan
Episode: 2181/10000 (21.8100%),                 avg. length: 2717.0,                last time consumption/overall running time: 372.2736s / 43096.8036 s
env0_first_0:                 episode reward: 0.0000,                 loss: 0.0010
env0_second_0:                 episode reward: 0.0000,                 loss: nan
env1_first_0:                 episode reward: 0.1000,                 loss: nan
env1_second_0:                 episode reward: -0.1000,                 loss: nan
Episode: 2201/10000 (22.0100%),                 avg. length: 2719.3,                last time consumption/overall running time: 412.0472s / 43508.8508 s
env0_first_0:                 episode reward: 0.2000,                 loss: 0.0007
env0_second_0:                 episode reward: -0.2000,                 loss: nan
env1_first_0:                 episode reward: 0.0500,                 loss: nan
env1_second_0:                 episode reward: -0.0500,                 loss: nan
Episode: 2221/10000 (22.2100%),                 avg. length: 2716.95,                last time consumption/overall running time: 359.6922s / 43868.5429 s
env0_first_0:                 episode reward: 0.1000,                 loss: 0.0008
env0_second_0:                 episode reward: -0.1000,                 loss: nan
env1_first_0:                 episode reward: 0.0000,                 loss: nan
env1_second_0:                 episode reward: 0.0000,                 loss: nan
Episode: 2241/10000 (22.4100%),                 avg. length: 2717.3,                last time consumption/overall running time: 379.5370s / 44248.0799 s
env0_first_0:                 episode reward: 0.2000,                 loss: 0.0007
env0_second_0:                 episode reward: -0.2000,                 loss: nan
env1_first_0:                 episode reward: 0.2500,                 loss: nan
env1_second_0:                 episode reward: -0.2500,                 loss: nan
Episode: 2261/10000 (22.6100%),                 avg. length: 2722.8,                last time consumption/overall running time: 399.1187s / 44647.1986 s
env0_first_0:                 episode reward: -0.1000,                 loss: 0.0005
env0_second_0:                 episode reward: 0.1000,                 loss: nan
env1_first_0:                 episode reward: -0.0500,                 loss: nan
env1_second_0:                 episode reward: 0.0500,                 loss: nan
Episode: 2281/10000 (22.8100%),                 avg. length: 2720.85,                last time consumption/overall running time: 380.9409s / 45028.1395 s
env0_first_0:                 episode reward: 0.2500,                 loss: 0.0006
env0_second_0:                 episode reward: -0.2500,                 loss: nan
env1_first_0:                 episode reward: 0.2000,                 loss: nan
env1_second_0:                 episode reward: -0.2000,                 loss: nan
Episode: 2301/10000 (23.0100%),                 avg. length: 2731.1,                last time consumption/overall running time: 385.9840s / 45414.1235 s
env0_first_0:                 episode reward: 0.5500,                 loss: 0.0004
env0_second_0:                 episode reward: -0.5500,                 loss: nan
env1_first_0:                 episode reward: 0.2000,                 loss: nan
env1_second_0:                 episode reward: -0.2000,                 loss: nan
Episode: 2321/10000 (23.2100%),                 avg. length: 2720.95,                last time consumption/overall running time: 379.7502s / 45793.8737 s
env0_first_0:                 episode reward: -0.0500,                 loss: 0.0007
env0_second_0:                 episode reward: 0.0500,                 loss: nan
env1_first_0:                 episode reward: -0.1000,                 loss: nan
env1_second_0:                 episode reward: 0.1000,                 loss: nan
Episode: 2341/10000 (23.4100%),                 avg. length: 2724.45,                last time consumption/overall running time: 393.2755s / 46187.1492 s
env0_first_0:                 episode reward: -0.2000,                 loss: 0.0006
env0_second_0:                 episode reward: 0.2000,                 loss: nan
env1_first_0:                 episode reward: 0.2000,                 loss: nan
env1_second_0:                 episode reward: -0.2000,                 loss: nan
Episode: 2361/10000 (23.6100%),                 avg. length: 2733.55,                last time consumption/overall running time: 412.7496s / 46599.8988 s
env0_first_0:                 episode reward: 0.5000,                 loss: 0.0006