wandb: W&B API key is configured. Use `wandb login --relogin` to force relogin
wandb: Tracking run with wandb version 0.13.0
wandb: Run data is saved locally in /home/zihan/research/MARS/wandb/run-20220920_023126-860owmo0
wandb: Run `wandb offline` to turn off syncing.
wandb: Syncing run pettingzoo_surround_v2_nfsp_202209200231
wandb: ⭐️ View project at https://wandb.ai/quantumiracle/Pettingzoo_MARS
wandb: 🚀 View run at https://wandb.ai/quantumiracle/Pettingzoo_MARS/runs/860owmo0
wandb: 429 encountered (Filestream rate limit exceeded, retrying in 2.4253387971085885 seconds), retrying request
wandb: 429 encountered (Filestream rate limit exceeded, retrying in 4.548860274580378 seconds), retrying request
wandb: 429 encountered (Filestream rate limit exceeded, retrying in 2.190262095654905 seconds), retrying request
wandb: 429 encountered (Filestream rate limit exceeded, retrying in 4.782801835866394 seconds), retrying request
wandb: 429 encountered (Filestream rate limit exceeded, retrying in 9.327155575788323 seconds), retrying request
wandb: 429 encountered (Filestream rate limit exceeded, retrying in 17.62644952627245 seconds), retrying request
wandb: 429 encountered (Filestream rate limit exceeded, retrying in 36.91460811866639 seconds), retrying request
wandb: 429 encountered (Filestream rate limit exceeded, retrying in 75.24103561129213 seconds), retrying request
wandb: 429 encountered (Filestream rate limit exceeded, retrying in 2.2669463033379733 seconds), retrying request
wandb: 429 encountered (Filestream rate limit exceeded, retrying in 2.0963843961765796 seconds), retrying request
wandb: 429 encountered (Filestream rate limit exceeded, retrying in 2.213045425528282 seconds), retrying request
wandb: 429 encountered (Filestream rate limit exceeded, retrying in 2.3832839742782523 seconds), retrying request
wandb: 429 encountered (Filestream rate limit exceeded, retrying in 2.2437336490469404 seconds), retrying request
wandb: 429 encountered (Filestream rate limit exceeded, retrying in 2.2605456066762115 seconds), retrying request
wandb: 429 encountered (Filestream rate limit exceeded, retrying in 4.300587749108983 seconds), retrying request
wandb: 429 encountered (Filestream rate limit exceeded, retrying in 2.063190056552784 seconds), retrying request
wandb: 429 encountered (Filestream rate limit exceeded, retrying in 4.258195825808892 seconds), retrying request
wandb: 429 encountered (Filestream rate limit exceeded, retrying in 2.46920386213943 seconds), retrying request
wandb: 429 encountered (Filestream rate limit exceeded, retrying in 2.0636158781298906 seconds), retrying request
wandb: 429 encountered (Filestream rate limit exceeded, retrying in 2.3502315879804074 seconds), retrying request
wandb: 429 encountered (Filestream rate limit exceeded, retrying in 2.4659697772013685 seconds), retrying request
wandb: 429 encountered (Filestream rate limit exceeded, retrying in 4.93119649189219 seconds), retrying request
wandb: 429 encountered (Filestream rate limit exceeded, retrying in 2.469687967605513 seconds), retrying request
wandb: 429 encountered (Filestream rate limit exceeded, retrying in 4.05286191389093 seconds), retrying request
wandb: 429 encountered (Filestream rate limit exceeded, retrying in 2.1648487722732157 seconds), retrying request
wandb: 429 encountered (Filestream rate limit exceeded, retrying in 4.251561084937979 seconds), retrying request
wandb: 429 encountered (Filestream rate limit exceeded, retrying in 2.481851910290175 seconds), retrying request
wandb: 429 encountered (Filestream rate limit exceeded, retrying in 4.163541404528215 seconds), retrying request
wandb: 429 encountered (Filestream rate limit exceeded, retrying in 2.1209599848706953 seconds), retrying request
wandb: 429 encountered (Filestream rate limit exceeded, retrying in 4.520871112605446 seconds), retrying request
wandb: 429 encountered (Filestream rate limit exceeded, retrying in 2.173021527066649 seconds), retrying request
wandb: 429 encountered (Filestream rate limit exceeded, retrying in 2.027947144746483 seconds), retrying request
pettingzoo_surround_v2
default:  {'env_name': 'surround_v2', 'env_type': 'pettingzoo', 'num_envs': 5, 'ram': True, 'seed': 'random', 'record_video': False, 'algorithm': 'NFSP', 'algorithm_spec': {'episodic_update': False, 'dueling': False, 'replay_buffer_size': '1e5', 'gamma': 0.99, 'multi_step': 1, 'target_update_interval': 1000, 'eps_start': 1.0, 'eps_final': 0.001, 'eps_decay': 100000}, 'num_process': 1, 'batch_size': 128, 'max_episodes': 10000, 'max_steps_per_episode': 300, 'train_start_frame': 10000, 'save_id': 0, 'optimizer': 'adam', 'learning_rate': '1e-4', 'device': 'gpu', 'update_itr': 1, 'log_avg_window': 20, 'log_interval': 20, 'render': False, 'test': False, 'exploit': False, 'load_model_idx': False, 'load_model_full_path': False, 'multiprocess': False, 'eval_models': False, 'save_path': '', 'save_interval': 2000, 'wandb_activate': False, 'wandb_entity': '', 'wandb_project': '', 'wandb_group': '', 'wandb_name': '', 'net_architecture': {'hidden_dim_list': [128, 128, 128, 128], 'hidden_activation': 'ReLU', 'output_activation': False, 'policy': {'hidden_dim_list': [128, 128, 128, 128], 'hidden_activation': 'ReLU', 'output_activation': 'Softmax'}}, 'marl_method': 'nfsp', 'marl_spec': {'min_update_interval': 20, 'score_avg_window': 10, 'global_state': False, 'eta': 0.1}}
{'env_name': 'surround_v2', 'env_type': 'pettingzoo', 'num_envs': 5, 'ram': True, 'seed': 'random', 'record_video': True, 'algorithm': 'NFSP', 'algorithm_spec': {'episodic_update': False, 'dueling': False, 'replay_buffer_size': '1e5', 'gamma': 0.99, 'multi_step': 1, 'target_update_interval': 1000, 'eps_start': 1.0, 'eps_final': 0.001, 'eps_decay': 100000}, 'num_process': 1, 'batch_size': 128, 'max_episodes': 10000, 'max_steps_per_episode': 300, 'train_start_frame': 10000, 'save_id': 202209200231, 'optimizer': 'adam', 'learning_rate': '1e-4', 'device': 'gpu', 'update_itr': 1, 'log_avg_window': 20, 'log_interval': 20, 'render': False, 'test': False, 'exploit': False, 'load_model_idx': False, 'load_model_full_path': False, 'multiprocess': False, 'eval_models': False, 'save_path': '', 'save_interval': 2000, 'wandb_activate': True, 'wandb_entity': 'quantumiracle', 'wandb_project': '', 'wandb_group': '', 'wandb_name': '', 'net_architecture': {'hidden_dim_list': [128, 128, 128, 128], 'hidden_activation': 'ReLU', 'output_activation': False, 'policy': {'hidden_dim_list': [128, 128, 128, 128], 'hidden_activation': 'ReLU', 'output_activation': 'Softmax'}}, 'marl_method': 'nfsp', 'marl_spec': {'min_update_interval': 20, 'score_avg_window': 10, 'global_state': False, 'eta': 0.1}, 'record_video_interval': 1000}
args:  {'env_name': 'surround_v2', 'env_type': 'pettingzoo', 'num_envs': 5, 'ram': True, 'seed': 'random', 'record_video': True, 'algorithm': 'NFSP', 'algorithm_spec': {'episodic_update': False, 'dueling': False, 'replay_buffer_size': '1e5', 'gamma': 0.99, 'multi_step': 1, 'target_update_interval': 1000, 'eps_start': 1.0, 'eps_final': 0.001, 'eps_decay': 100000}, 'num_process': 1, 'batch_size': 128, 'max_episodes': 10000, 'max_steps_per_episode': 300, 'train_start_frame': 10000, 'save_id': 202209200231, 'optimizer': 'adam', 'learning_rate': '1e-4', 'device': 'gpu', 'update_itr': 1, 'log_avg_window': 20, 'log_interval': 20, 'render': False, 'test': False, 'exploit': False, 'load_model_idx': False, 'load_model_full_path': False, 'multiprocess': False, 'eval_models': False, 'save_path': '', 'save_interval': 2000, 'wandb_activate': True, 'wandb_entity': 'quantumiracle', 'wandb_project': 'Pettingzoo_MARS', 'wandb_group': '202209200231', 'wandb_name': 'pettingzoo_surround_v2_nfsp_202209200231', 'net_architecture': {'hidden_dim_list': [128, 128, 128, 128], 'hidden_activation': 'ReLU', 'output_activation': False, 'policy': {'hidden_dim_list': [128, 128, 128, 128], 'hidden_activation': 'ReLU', 'output_activation': 'Softmax'}}, 'marl_method': 'nfsp', 'marl_spec': {'min_update_interval': 20, 'score_avg_window': 10, 'global_state': False, 'eta': 0.1}, 'record_video_interval': 1000}
surround_v2 pettingzoo
record video: interval 1000, length 300
Load surround_v2 environment in type pettingzoo.
Env observation space: <bound method aec_to_parallel_wrapper.observation_space of <pettingzoo.utils.conversions.aec_to_parallel_wrapper object at 0x7f1444300278>> action space: <bound method aec_to_parallel_wrapper.action_space of <pettingzoo.utils.conversions.aec_to_parallel_wrapper object at 0x7f1444300278>>
random seed: [269, 799, 573, 780, 47]
<mars.env.wrappers.mars_wrappers.SSVecWrapper object at 0x7f14443f3a20>
discrete_policy 5 Discrete(5)
discrete_policy 5 Discrete(5)
discrete_policy 5 Discrete(5)
discrete_policy 5 Discrete(5)
discrete_policy 5 Discrete(5)
No agent are not learnable.
Arguments:  {'env_name': 'surround_v2', 'env_type': 'pettingzoo', 'num_envs': 5, 'ram': True, 'seed': 'random', 'record_video': True, 'algorithm': 'NFSP', 'algorithm_spec': {'episodic_update': False, 'dueling': False, 'replay_buffer_size': '1e5', 'gamma': 0.99, 'multi_step': 1, 'target_update_interval': 1000, 'eps_start': 1.0, 'eps_final': 0.001, 'eps_decay': 100000}, 'num_process': 1, 'batch_size': 128, 'max_episodes': 10000, 'max_steps_per_episode': 300, 'train_start_frame': 10000, 'save_id': 202209200231, 'optimizer': 'adam', 'learning_rate': '1e-4', 'device': 'gpu', 'update_itr': 1, 'log_avg_window': 20, 'log_interval': 20, 'render': False, 'test': False, 'exploit': False, 'load_model_idx': False, 'load_model_full_path': False, 'multiprocess': False, 'eval_models': False, 'save_path': '', 'save_interval': 2000, 'wandb_activate': True, 'wandb_entity': 'quantumiracle', 'wandb_project': 'Pettingzoo_MARS', 'wandb_group': '202209200231', 'wandb_name': 'pettingzoo_surround_v2_nfsp_202209200231', 'net_architecture': {'hidden_dim_list': [128, 128, 128, 128], 'hidden_activation': 'ReLU', 'output_activation': False, 'policy': {'hidden_dim_list': [128, 128, 128, 128], 'hidden_activation': 'ReLU', 'output_activation': 'Softmax'}}, 'marl_method': 'nfsp', 'marl_spec': {'min_update_interval': 20, 'score_avg_window': 10, 'global_state': False, 'eta': 0.1}, 'record_video_interval': 1000}
Save models to : /home/zihan/research/MARS/data/model/202209200231/pettingzoo_surround_v2_nfsp. 
 Save logs to: /home/zihan/research/MARS/data/log/202209200231/pettingzoo_surround_v2_nfsp.
Episode: 1/10000 (0.0100%),                 avg. length: 299.0,                last time consumption/overall running time: 3.05s / 3.05 s
first_0:                 episode reward: 2.0000,                 loss: nan
second_0:                 episode reward: -2.0000,                 loss: nan
Episode: 21/10000 (0.2100%),                 avg. length: 299.0,                last time consumption/overall running time: 61.39s / 64.44 s
first_0:                 episode reward: 0.2500,                 loss: nan
second_0:                 episode reward: -0.2500,                 loss: nan
Episode: 41/10000 (0.4100%),                 avg. length: 299.0,                last time consumption/overall running time: 125.13s / 189.57 s
first_0:                 episode reward: -0.4500,                 loss: 2.1950
second_0:                 episode reward: 0.4500,                 loss: 2.1310
Episode: 61/10000 (0.6100%),                 avg. length: 299.0,                last time consumption/overall running time: 213.78s / 403.35 s
first_0:                 episode reward: 0.4000,                 loss: 1.6832
second_0:                 episode reward: -0.4000,                 loss: 1.6476
Episode: 81/10000 (0.8100%),                 avg. length: 299.0,                last time consumption/overall running time: 291.87s / 695.22 s
first_0:                 episode reward: -0.5000,                 loss: 1.6208
second_0:                 episode reward: 0.5000,                 loss: 1.5971
Episode: 101/10000 (1.0100%),                 avg. length: 299.0,                last time consumption/overall running time: 311.98s / 1007.19 s
first_0:                 episode reward: -1.0000,                 loss: 1.5970
second_0:                 episode reward: 1.0000,                 loss: 1.5739
Episode: 121/10000 (1.2100%),                 avg. length: 299.0,                last time consumption/overall running time: 319.66s / 1326.85 swandb: 429 encountered (Filestream rate limit exceeded, retrying in 2.208817223784825 seconds), retrying request
wandb: 429 encountered (Filestream rate limit exceeded, retrying in 4.34912059724629 seconds), retrying request
wandb: 429 encountered (Filestream rate limit exceeded, retrying in 2.43638744708903 seconds), retrying request
wandb: 429 encountered (Filestream rate limit exceeded, retrying in 4.667519407903559 seconds), retrying request
wandb: 429 encountered (Filestream rate limit exceeded, retrying in 8.535364923676923 seconds), retrying request
wandb: 429 encountered (Filestream rate limit exceeded, retrying in 19.351896468067558 seconds), retrying request
wandb: 429 encountered (Filestream rate limit exceeded, retrying in 35.29629196598874 seconds), retrying request
wandb: 429 encountered (Filestream rate limit exceeded, retrying in 2.2493233752781974 seconds), retrying request
wandb: 429 encountered (Filestream rate limit exceeded, retrying in 4.3814752181629855 seconds), retrying request
wandb: 429 encountered (Filestream rate limit exceeded, retrying in 2.4351210547203705 seconds), retrying request
wandb: 429 encountered (Filestream rate limit exceeded, retrying in 4.5350325975648635 seconds), retrying request
wandb: 429 encountered (Filestream rate limit exceeded, retrying in 2.386708137554142 seconds), retrying request
wandb: 429 encountered (Filestream rate limit exceeded, retrying in 2.323126006544252 seconds), retrying request
wandb: 429 encountered (Filestream rate limit exceeded, retrying in 4.76317997935804 seconds), retrying request
wandb: 429 encountered (Filestream rate limit exceeded, retrying in 2.2265250079606167 seconds), retrying request
wandb: 429 encountered (Filestream rate limit exceeded, retrying in 4.827992029862535 seconds), retrying request
wandb: 429 encountered (Filestream rate limit exceeded, retrying in 19.553433601201196 seconds), retrying request
wandb: 429 encountered (Filestream rate limit exceeded, retrying in 2.112394891429177 seconds), retrying request
wandb: 429 encountered (Filestream rate limit exceeded, retrying in 2.3662021193563954 seconds), retrying request
wandb: 429 encountered (Filestream rate limit exceeded, retrying in 4.9383908282953985 seconds), retrying request
wandb: 429 encountered (Filestream rate limit exceeded, retrying in 2.2437023662040785 seconds), retrying request
wandb: 429 encountered (Filestream rate limit exceeded, retrying in 2.059725865983051 seconds), retrying request
wandb: 429 encountered (Filestream rate limit exceeded, retrying in 2.293715386097039 seconds), retrying request
wandb: 429 encountered (Filestream rate limit exceeded, retrying in 4.14630204213498 seconds), retrying request
wandb: 429 encountered (Filestream rate limit exceeded, retrying in 8.014448056818512 seconds), retrying request
wandb: 429 encountered (Filestream rate limit exceeded, retrying in 18.951686689723605 seconds), retrying request
wandb: 429 encountered (Filestream rate limit exceeded, retrying in 71.67974122125945 seconds), retrying request
wandb: 429 encountered (Filestream rate limit exceeded, retrying in 2.333106722874766 seconds), retrying request
wandb: 429 encountered (Filestream rate limit exceeded, retrying in 2.220341469166811 seconds), retrying request
wandb: 429 encountered (Filestream rate limit exceeded, retrying in 4.628500909578256 seconds), retrying request
wandb: 429 encountered (Filestream rate limit exceeded, retrying in 2.486066809628179 seconds), retrying request
wandb: 429 encountered (Filestream rate limit exceeded, retrying in 2.340519491378589 seconds), retrying request
wandb: 429 encountered (Filestream rate limit exceeded, retrying in 4.636987320331416 seconds), retrying request
wandb: 429 encountered (Filestream rate limit exceeded, retrying in 8.266353915621409 seconds), retrying request
wandb: 429 encountered (Filestream rate limit exceeded, retrying in 2.045573807516056 seconds), retrying request
wandb: 429 encountered (Filestream rate limit exceeded, retrying in 4.219748161173169 seconds), retrying request
wandb: 429 encountered (Filestream rate limit exceeded, retrying in 2.2820142303173174 seconds), retrying request
wandb: 429 encountered (Filestream rate limit exceeded, retrying in 2.468181086287351 seconds), retrying request
wandb: 429 encountered (Filestream rate limit exceeded, retrying in 4.8899060396602465 seconds), retrying request
wandb: 429 encountered (Filestream rate limit exceeded, retrying in 2.489540399403308 seconds), retrying request
wandb: 429 encountered (Filestream rate limit exceeded, retrying in 4.772903897193615 seconds), retrying request
wandb: 429 encountered (Filestream rate limit exceeded, retrying in 2.373907685688704 seconds), retrying request
wandb: 429 encountered (Filestream rate limit exceeded, retrying in 2.4451060559722726 seconds), retrying request
wandb: 429 encountered (Filestream rate limit exceeded, retrying in 2.3234303602718476 seconds), retrying request
wandb: 429 encountered (Filestream rate limit exceeded, retrying in 2.0259723703261883 seconds), retrying request
wandb: 429 encountered (Filestream rate limit exceeded, retrying in 4.025564684969996 seconds), retrying request
wandb: 429 encountered (Filestream rate limit exceeded, retrying in 9.686343720797067 seconds), retrying request
wandb: 429 encountered (Filestream rate limit exceeded, retrying in 18.288120426378534 seconds), retrying request
wandb: 429 encountered (Filestream rate limit exceeded, retrying in 37.30106518438479 seconds), retrying request
wandb: 429 encountered (Filestream rate limit exceeded, retrying in 2.1364704549995466 seconds), retrying request
wandb: 429 encountered (Filestream rate limit exceeded, retrying in 4.785958495438817 seconds), retrying request
wandb: 429 encountered (Filestream rate limit exceeded, retrying in 2.1554166963328534 seconds), retrying request
wandb: 429 encountered (Filestream rate limit exceeded, retrying in 2.199147674649122 seconds), retrying request
wandb: 429 encountered (Filestream rate limit exceeded, retrying in 9.97430496070828 seconds), retrying request
wandb: 429 encountered (Filestream rate limit exceeded, retrying in 19.69794762095257 seconds), retrying request
wandb: 429 encountered (Filestream rate limit exceeded, retrying in 36.19349367923965 seconds), retrying request
wandb: 429 encountered (Filestream rate limit exceeded, retrying in 77.80736598024029 seconds), retrying request
wandb: 429 encountered (Filestream rate limit exceeded, retrying in 145.1152801810309 seconds), retrying request
wandb: 429 encountered (Filestream rate limit exceeded, retrying in 2.3633541878300925 seconds), retrying request
wandb: 429 encountered (Filestream rate limit exceeded, retrying in 18.32920677812409 seconds), retrying request
wandb: 429 encountered (Filestream rate limit exceeded, retrying in 34.49876295099319 seconds), retrying request
wandb: 429 encountered (Filestream rate limit exceeded, retrying in 2.3117898921798776 seconds), retrying request
wandb: 429 encountered (Filestream rate limit exceeded, retrying in 2.2283799526914048 seconds), retrying request
wandb: 429 encountered (Filestream rate limit exceeded, retrying in 2.409655800613232 seconds), retrying request
wandb: 429 encountered (Filestream rate limit exceeded, retrying in 2.1536532003081708 seconds), retrying request
wandb: 429 encountered (Filestream rate limit exceeded, retrying in 4.262062745075225 seconds), retrying request
wandb: 429 encountered (Filestream rate limit exceeded, retrying in 2.207999981085843 seconds), retrying request
wandb: 429 encountered (Filestream rate limit exceeded, retrying in 4.807437315248302 seconds), retrying request
wandb: 429 encountered (Filestream rate limit exceeded, retrying in 2.407253800894673 seconds), retrying request
wandb: 429 encountered (Filestream rate limit exceeded, retrying in 2.2131759153592765 seconds), retrying request
wandb: 429 encountered (Filestream rate limit exceeded, retrying in 4.741497622007136 seconds), retrying request
wandb: 429 encountered (Filestream rate limit exceeded, retrying in 2.3507490536180757 seconds), retrying request
wandb: 429 encountered (Filestream rate limit exceeded, retrying in 4.376677738190379 seconds), retrying request
wandb: 429 encountered (Filestream rate limit exceeded, retrying in 2.2415949518010425 seconds), retrying request
wandb: 429 encountered (Filestream rate limit exceeded, retrying in 4.655579523142566 seconds), retrying request
wandb: 429 encountered (Filestream rate limit exceeded, retrying in 2.1821863835784883 seconds), retrying request
wandb: 429 encountered (Filestream rate limit exceeded, retrying in 2.4990243958047493 seconds), retrying request
wandb: 429 encountered (Filestream rate limit exceeded, retrying in 4.033982709738506 seconds), retrying request
wandb: 429 encountered (Filestream rate limit exceeded, retrying in 9.52384560829207 seconds), retrying request
wandb: 429 encountered (Filestream rate limit exceeded, retrying in 2.1980291168338066 seconds), retrying request
wandb: 429 encountered (Filestream rate limit exceeded, retrying in 4.851943481841237 seconds), retrying request
wandb: 429 encountered (Filestream rate limit exceeded, retrying in 2.328200438057066 seconds), retrying request
wandb: 429 encountered (Filestream rate limit exceeded, retrying in 2.199270184699264 seconds), retrying request
wandb: 429 encountered (Filestream rate limit exceeded, retrying in 4.977453121848857 seconds), retrying request
wandb: 429 encountered (Filestream rate limit exceeded, retrying in 2.144799168799268 seconds), retrying request
wandb: 429 encountered (Filestream rate limit exceeded, retrying in 4.8820062546126195 seconds), retrying request
wandb: 429 encountered (Filestream rate limit exceeded, retrying in 8.610122111775954 seconds), retrying request
wandb: 429 encountered (Filestream rate limit exceeded, retrying in 2.2948082466270048 seconds), retrying request
wandb: 429 encountered (Filestream rate limit exceeded, retrying in 4.2602912272592866 seconds), retrying request
wandb: 429 encountered (Filestream rate limit exceeded, retrying in 2.0161839357535456 seconds), retrying request
wandb: 429 encountered (Filestream rate limit exceeded, retrying in 2.3777304178490573 seconds), retrying request
wandb: 429 encountered (Filestream rate limit exceeded, retrying in 2.296366425429629 seconds), retrying request
wandb: 429 encountered (Filestream rate limit exceeded, retrying in 4.51184999276304 seconds), retrying request
wandb: 429 encountered (Filestream rate limit exceeded, retrying in 2.051866740365115 seconds), retrying request
wandb: 429 encountered (Filestream rate limit exceeded, retrying in 4.997090029242229 seconds), retrying request
wandb: 429 encountered (Filestream rate limit exceeded, retrying in 2.3512321188226 seconds), retrying request
wandb: 429 encountered (Filestream rate limit exceeded, retrying in 4.401906472140109 seconds), retrying request
wandb: 429 encountered (Filestream rate limit exceeded, retrying in 2.175410270520715 seconds), retrying request
wandb: 429 encountered (Filestream rate limit exceeded, retrying in 2.0729720397426674 seconds), retrying request
wandb: 429 encountered (Filestream rate limit exceeded, retrying in 2.0537480451793013 seconds), retrying request
wandb: 429 encountered (Filestream rate limit exceeded, retrying in 2.378467010419591 seconds), retrying request
wandb: 429 encountered (Filestream rate limit exceeded, retrying in 4.145505958031347 seconds), retrying request
wandb: 429 encountered (Filestream rate limit exceeded, retrying in 2.380709777484846 seconds), retrying request
wandb: 429 encountered (Filestream rate limit exceeded, retrying in 4.876194512805534 seconds), retrying request
wandb: 429 encountered (Filestream rate limit exceeded, retrying in 2.386120783069187 seconds), retrying request
wandb: 429 encountered (Filestream rate limit exceeded, retrying in 4.658175927052917 seconds), retrying request
wandb: 429 encountered (Filestream rate limit exceeded, retrying in 2.4303376723792143 seconds), retrying request
wandb: 429 encountered (Filestream rate limit exceeded, retrying in 4.019617806598452 seconds), retrying request
wandb: 429 encountered (Filestream rate limit exceeded, retrying in 2.440405866215798 seconds), retrying request
wandb: 429 encountered (Filestream rate limit exceeded, retrying in 2.1774456678704532 seconds), retrying request
wandb: 429 encountered (Filestream rate limit exceeded, retrying in 2.222968499106733 seconds), retrying request
wandb: 429 encountered (Filestream rate limit exceeded, retrying in 2.114462898249219 seconds), retrying request
wandb: 429 encountered (Filestream rate limit exceeded, retrying in 4.513841707790226 seconds), retrying request
wandb: 429 encountered (Filestream rate limit exceeded, retrying in 2.197747323194696 seconds), retrying request
wandb: 429 encountered (Filestream rate limit exceeded, retrying in 2.473392182350313 seconds), retrying request
wandb: 429 encountered (Filestream rate limit exceeded, retrying in 4.101912163564695 seconds), retrying request
wandb: 429 encountered (Filestream rate limit exceeded, retrying in 2.0036471107504683 seconds), retrying request
wandb: 429 encountered (Filestream rate limit exceeded, retrying in 4.906735308623137 seconds), retrying request
wandb: 429 encountered (Filestream rate limit exceeded, retrying in 2.085801937843547 seconds), retrying request
wandb: 429 encountered (Filestream rate limit exceeded, retrying in 4.392212460950938 seconds), retrying request
wandb: 429 encountered (Filestream rate limit exceeded, retrying in 2.2295153310172977 seconds), retrying request
wandb: 429 encountered (Filestream rate limit exceeded, retrying in 2.0765372960280413 seconds), retrying request
wandb: 429 encountered (Filestream rate limit exceeded, retrying in 2.293962931921443 seconds), retrying request
wandb: 429 encountered (Filestream rate limit exceeded, retrying in 2.3459583275879186 seconds), retrying request
wandb: 429 encountered (Filestream rate limit exceeded, retrying in 4.652038614408434 seconds), retrying request
wandb: 429 encountered (Filestream rate limit exceeded, retrying in 4.6859109678202655 seconds), retrying request
wandb: 429 encountered (Filestream rate limit exceeded, retrying in 2.377577780523551 seconds), retrying request
wandb: 429 encountered (Filestream rate limit exceeded, retrying in 4.507041796034812 seconds), retrying request
wandb: 429 encountered (Filestream rate limit exceeded, retrying in 8.030604032466721 seconds), retrying request
wandb: 429 encountered (Filestream rate limit exceeded, retrying in 2.4877640855862455 seconds), retrying request
wandb: 429 encountered (Filestream rate limit exceeded, retrying in 2.2038527217453594 seconds), retrying request
wandb: 429 encountered (Filestream rate limit exceeded, retrying in 4.168133389465713 seconds), retrying request
wandb: 429 encountered (Filestream rate limit exceeded, retrying in 2.1685244924200835 seconds), retrying request
wandb: 429 encountered (Filestream rate limit exceeded, retrying in 4.247352760877822 seconds), retrying request
wandb: 429 encountered (Filestream rate limit exceeded, retrying in 8.410833121353669 seconds), retrying request
wandb: 429 encountered (Filestream rate limit exceeded, retrying in 2.47762177270294 seconds), retrying request
wandb: 429 encountered (Filestream rate limit exceeded, retrying in 4.1440341408914625 seconds), retrying request
wandb: 429 encountered (Filestream rate limit exceeded, retrying in 2.2386628400065596 seconds), retrying request
wandb: 429 encountered (Filestream rate limit exceeded, retrying in 4.213839278546437 seconds), retrying request
wandb: 429 encountered (Filestream rate limit exceeded, retrying in 2.3991215946511977 seconds), retrying request
wandb: 429 encountered (Filestream rate limit exceeded, retrying in 4.422749228195182 seconds), retrying request
wandb: 429 encountered (Filestream rate limit exceeded, retrying in 2.4787211039801607 seconds), retrying request
wandb: 429 encountered (Filestream rate limit exceeded, retrying in 2.4001783786622943 seconds), retrying request
wandb: 429 encountered (Filestream rate limit exceeded, retrying in 4.09437868822724 seconds), retrying request
wandb: 429 encountered (Filestream rate limit exceeded, retrying in 2.031551608942079 seconds), retrying request
wandb: 429 encountered (Filestream rate limit exceeded, retrying in 2.0023478727032673 seconds), retrying request
wandb: 429 encountered (Filestream rate limit exceeded, retrying in 4.205501001231758 seconds), retrying request
wandb: 429 encountered (Filestream rate limit exceeded, retrying in 2.3846182268776634 seconds), retrying request
wandb: 429 encountered (Filestream rate limit exceeded, retrying in 4.488075181096382 seconds), retrying request
wandb: 429 encountered (Filestream rate limit exceeded, retrying in 2.127505803698662 seconds), retrying request
wandb: 429 encountered (Filestream rate limit exceeded, retrying in 4.882856488033764 seconds), retrying request
wandb: 429 encountered (Filestream rate limit exceeded, retrying in 2.263515712775982 seconds), retrying request
wandb: 429 encountered (Filestream rate limit exceeded, retrying in 2.085739895958884 seconds), retrying request
wandb: 429 encountered (Filestream rate limit exceeded, retrying in 4.085904690705745 seconds), retrying request
wandb: 429 encountered (Filestream rate limit exceeded, retrying in 2.4485856969375086 seconds), retrying request
wandb: 429 encountered (Filestream rate limit exceeded, retrying in 2.3752482205239875 seconds), retrying request
wandb: 429 encountered (Filestream rate limit exceeded, retrying in 4.164153710693499 seconds), retrying request
wandb: 429 encountered (Filestream rate limit exceeded, retrying in 2.374871376045947 seconds), retrying request
wandb: 429 encountered (Filestream rate limit exceeded, retrying in 2.06134841792919 seconds), retrying request
wandb: 429 encountered (Filestream rate limit exceeded, retrying in 4.067196885087544 seconds), retrying request
wandb: 429 encountered (Filestream rate limit exceeded, retrying in 2.2190439747585087 seconds), retrying request
wandb: 429 encountered (Filestream rate limit exceeded, retrying in 2.195303009477753 seconds), retrying request
wandb: 429 encountered (Filestream rate limit exceeded, retrying in 4.480732821180586 seconds), retrying request
wandb: 429 encountered (Filestream rate limit exceeded, retrying in 2.0593942424139966 seconds), retrying request
wandb: 429 encountered (Filestream rate limit exceeded, retrying in 2.1315506323194557 seconds), retrying request
wandb: 429 encountered (Filestream rate limit exceeded, retrying in 4.881536615612159 seconds), retrying request
wandb: 429 encountered (Filestream rate limit exceeded, retrying in 2.14515229266671 seconds), retrying request
wandb: 429 encountered (Filestream rate limit exceeded, retrying in 4.152408665217051 seconds), retrying request
wandb: 429 encountered (Filestream rate limit exceeded, retrying in 2.199683224662739 seconds), retrying request
wandb: 429 encountered (Filestream rate limit exceeded, retrying in 4.308293363237358 seconds), retrying request

first_0:                 episode reward: -0.2500,                 loss: 1.5786
second_0:                 episode reward: 0.2500,                 loss: 1.5571
Episode: 141/10000 (1.4100%),                 avg. length: 299.0,                last time consumption/overall running time: 323.66s / 1650.52 s
first_0:                 episode reward: -0.3000,                 loss: 1.5656
second_0:                 episode reward: 0.3000,                 loss: 1.5421
Episode: 161/10000 (1.6100%),                 avg. length: 299.0,                last time consumption/overall running time: 326.15s / 1976.66 s
first_0:                 episode reward: -0.5500,                 loss: 1.5578
second_0:                 episode reward: 0.5500,                 loss: 1.5313
Episode: 181/10000 (1.8100%),                 avg. length: 299.0,                last time consumption/overall running time: 328.14s / 2304.80 s
first_0:                 episode reward: -1.2500,                 loss: 1.5473
second_0:                 episode reward: 1.2500,                 loss: 1.5222
Episode: 201/10000 (2.0100%),                 avg. length: 299.0,                last time consumption/overall running time: 328.93s / 2633.73 s
first_0:                 episode reward: -1.1000,                 loss: 1.5369
second_0:                 episode reward: 1.1000,                 loss: 1.5115
Episode: 221/10000 (2.2100%),                 avg. length: 299.0,                last time consumption/overall running time: 330.58s / 2964.31 s
first_0:                 episode reward: -0.3000,                 loss: 1.5275
second_0:                 episode reward: 0.3000,                 loss: 1.5034
Episode: 241/10000 (2.4100%),                 avg. length: 299.0,                last time consumption/overall running time: 332.47s / 3296.78 s
first_0:                 episode reward: -0.8500,                 loss: 1.5215
second_0:                 episode reward: 0.8500,                 loss: 1.4945
Episode: 261/10000 (2.6100%),                 avg. length: 299.0,                last time consumption/overall running time: 336.04s / 3632.82 s
first_0:                 episode reward: -1.4500,                 loss: 1.5161
second_0:                 episode reward: 1.4500,                 loss: 1.4885
Episode: 281/10000 (2.8100%),                 avg. length: 299.0,                last time consumption/overall running time: 338.24s / 3971.06 s
first_0:                 episode reward: -0.7000,                 loss: 1.5111
second_0:                 episode reward: 0.7000,                 loss: 1.4829
Episode: 301/10000 (3.0100%),                 avg. length: 299.0,                last time consumption/overall running time: 339.73s / 4310.79 s
first_0:                 episode reward: -1.7000,                 loss: 1.5078
second_0:                 episode reward: 1.7000,                 loss: 1.4779
Episode: 321/10000 (3.2100%),                 avg. length: 299.0,                last time consumption/overall running time: 337.98s / 4648.77 s
first_0:                 episode reward: -1.1500,                 loss: 1.5045
second_0:                 episode reward: 1.1500,                 loss: 1.4710
Episode: 341/10000 (3.4100%),                 avg. length: 299.0,                last time consumption/overall running time: 338.07s / 4986.84 s
first_0:                 episode reward: -1.3500,                 loss: 1.4996
second_0:                 episode reward: 1.3500,                 loss: 1.4681
Episode: 361/10000 (3.6100%),                 avg. length: 299.0,                last time consumption/overall running time: 342.05s / 5328.90 s
first_0:                 episode reward: -1.6500,                 loss: 1.4945
second_0:                 episode reward: 1.6500,                 loss: 1.4618
Episode: 381/10000 (3.8100%),                 avg. length: 299.0,                last time consumption/overall running time: 345.22s / 5674.12 s
first_0:                 episode reward: -1.7500,                 loss: 1.4922
second_0:                 episode reward: 1.7500,                 loss: 1.4535
Episode: 401/10000 (4.0100%),                 avg. length: 299.0,                last time consumption/overall running time: 344.84s / 6018.96 s
first_0:                 episode reward: -0.6500,                 loss: 1.4856
second_0:                 episode reward: 0.6500,                 loss: 1.4461
Episode: 421/10000 (4.2100%),                 avg. length: 299.0,                last time consumption/overall running time: 345.78s / 6364.74 s
first_0:                 episode reward: -1.8000,                 loss: 1.4810
second_0:                 episode reward: 1.8000,                 loss: 1.4387
Episode: 441/10000 (4.4100%),                 avg. length: 299.0,                last time consumption/overall running time: 345.09s / 6709.84 s
first_0:                 episode reward: -1.5000,                 loss: 1.4777
second_0:                 episode reward: 1.5000,                 loss: 1.4330
Episode: 461/10000 (4.6100%),                 avg. length: 299.0,                last time consumption/overall running time: 346.68s / 7056.52 s
first_0:                 episode reward: -1.4000,                 loss: 1.4757
second_0:                 episode reward: 1.4000,                 loss: 1.4297
Episode: 481/10000 (4.8100%),                 avg. length: 299.0,                last time consumption/overall running time: 346.87s / 7403.39 s
first_0:                 episode reward: -1.3000,                 loss: 1.4725
second_0:                 episode reward: 1.3000,                 loss: 1.4249
Episode: 501/10000 (5.0100%),                 avg. length: 299.0,                last time consumption/overall running time: 345.61s / 7749.00 s
first_0:                 episode reward: -1.5000,                 loss: 1.4695
second_0:                 episode reward: 1.5000,                 loss: 1.4249
Episode: 521/10000 (5.2100%),                 avg. length: 299.0,                last time consumption/overall running time: 349.02s / 8098.02 s
first_0:                 episode reward: -1.0000,                 loss: 1.4660
second_0:                 episode reward: 1.0000,                 loss: 1.4239
Episode: 541/10000 (5.4100%),                 avg. length: 299.0,                last time consumption/overall running time: 349.96s / 8447.98 s
first_0:                 episode reward: -1.4500,                 loss: 1.4634
second_0:                 episode reward: 1.4500,                 loss: 1.4236
Episode: 561/10000 (5.6100%),                 avg. length: 299.0,                last time consumption/overall running time: 351.23s / 8799.21 s
first_0:                 episode reward: -1.9500,                 loss: 1.4616
second_0:                 episode reward: 1.9500,                 loss: 1.4204
Episode: 581/10000 (5.8100%),                 avg. length: 299.0,                last time consumption/overall running time: 352.94s / 9152.15 s
first_0:                 episode reward: -1.4500,                 loss: 1.4581
second_0:                 episode reward: 1.4500,                 loss: 1.4150
Episode: 601/10000 (6.0100%),                 avg. length: 299.0,                last time consumption/overall running time: 352.10s / 9504.25 s
first_0:                 episode reward: -1.3500,                 loss: 1.4532
second_0:                 episode reward: 1.3500,                 loss: 1.4091
Episode: 621/10000 (6.2100%),                 avg. length: 299.0,                last time consumption/overall running time: 355.54s / 9859.79 s
first_0:                 episode reward: -2.0500,                 loss: 1.4514
second_0:                 episode reward: 2.0500,                 loss: 1.4027
Episode: 641/10000 (6.4100%),                 avg. length: 299.0,                last time consumption/overall running time: 356.97s / 10216.76 s
first_0:                 episode reward: -1.4500,                 loss: 1.4499
second_0:                 episode reward: 1.4500,                 loss: 1.3966
Episode: 661/10000 (6.6100%),                 avg. length: 299.0,                last time consumption/overall running time: 360.28s / 10577.05 s
first_0:                 episode reward: -2.0000,                 loss: 1.4479wandb: 429 encountered (Filestream rate limit exceeded, retrying in 2.078106381407792 seconds), retrying request
wandb: 429 encountered (Filestream rate limit exceeded, retrying in 4.480397168658632 seconds), retrying request
wandb: 429 encountered (Filestream rate limit exceeded, retrying in 2.3593188729318815 seconds), retrying request
wandb: 429 encountered (Filestream rate limit exceeded, retrying in 2.476437802525712 seconds), retrying request
wandb: 429 encountered (Filestream rate limit exceeded, retrying in 4.679137130888989 seconds), retrying request
wandb: 429 encountered (Filestream rate limit exceeded, retrying in 9.479530575657805 seconds), retrying request
wandb: 429 encountered (Filestream rate limit exceeded, retrying in 2.1496245815890815 seconds), retrying request
wandb: 429 encountered (Filestream rate limit exceeded, retrying in 2.1290888298139574 seconds), retrying request
wandb: 429 encountered (Filestream rate limit exceeded, retrying in 2.268608787723165 seconds), retrying request
wandb: 429 encountered (Filestream rate limit exceeded, retrying in 4.897109776333843 seconds), retrying request
wandb: 429 encountered (Filestream rate limit exceeded, retrying in 2.100291991958121 seconds), retrying request
wandb: 429 encountered (Filestream rate limit exceeded, retrying in 4.0579778923506415 seconds), retrying request
wandb: 429 encountered (Filestream rate limit exceeded, retrying in 2.2775371898481644 seconds), retrying request
wandb: 429 encountered (Filestream rate limit exceeded, retrying in 4.607169684711808 seconds), retrying request
wandb: 429 encountered (Filestream rate limit exceeded, retrying in 2.3567074193283584 seconds), retrying request
wandb: 429 encountered (Filestream rate limit exceeded, retrying in 2.2906166337575065 seconds), retrying request
wandb: 429 encountered (Filestream rate limit exceeded, retrying in 4.322822067608372 seconds), retrying request
wandb: 429 encountered (Filestream rate limit exceeded, retrying in 2.1264320865708646 seconds), retrying request
wandb: 429 encountered (Filestream rate limit exceeded, retrying in 2.472159636416741 seconds), retrying request
wandb: 429 encountered (Filestream rate limit exceeded, retrying in 4.61849648048751 seconds), retrying request
wandb: 429 encountered (Filestream rate limit exceeded, retrying in 2.3989768152534348 seconds), retrying request
wandb: 429 encountered (Filestream rate limit exceeded, retrying in 2.177169192356749 seconds), retrying request
wandb: 429 encountered (Filestream rate limit exceeded, retrying in 4.532752290412564 seconds), retrying request
wandb: 429 encountered (Filestream rate limit exceeded, retrying in 2.3229202879216033 seconds), retrying request
wandb: 429 encountered (Filestream rate limit exceeded, retrying in 2.0823205498291806 seconds), retrying request
wandb: 429 encountered (Filestream rate limit exceeded, retrying in 2.446941723716954 seconds), retrying request
wandb: 429 encountered (Filestream rate limit exceeded, retrying in 4.381286700702529 seconds), retrying request
wandb: 429 encountered (Filestream rate limit exceeded, retrying in 2.4269161437011335 seconds), retrying request
wandb: 429 encountered (Filestream rate limit exceeded, retrying in 2.0045284280014877 seconds), retrying request
wandb: 429 encountered (Filestream rate limit exceeded, retrying in 2.0642812101203325 seconds), retrying request
wandb: 429 encountered (Filestream rate limit exceeded, retrying in 4.733719057357998 seconds), retrying request
wandb: 429 encountered (Filestream rate limit exceeded, retrying in 2.4803790437029005 seconds), retrying request
wandb: 429 encountered (Filestream rate limit exceeded, retrying in 4.278707298988893 seconds), retrying request
wandb: 429 encountered (Filestream rate limit exceeded, retrying in 2.0119564754797787 seconds), retrying request
wandb: 429 encountered (Filestream rate limit exceeded, retrying in 4.799166523441022 seconds), retrying request
wandb: 429 encountered (Filestream rate limit exceeded, retrying in 2.467322543286441 seconds), retrying request
wandb: 429 encountered (Filestream rate limit exceeded, retrying in 2.0607388791002683 seconds), retrying request
wandb: 429 encountered (Filestream rate limit exceeded, retrying in 4.21094692668526 seconds), retrying request
wandb: 429 encountered (Filestream rate limit exceeded, retrying in 2.214418686130478 seconds), retrying request
wandb: 429 encountered (Filestream rate limit exceeded, retrying in 4.716435042279651 seconds), retrying request
wandb: 429 encountered (Filestream rate limit exceeded, retrying in 2.3737517428455632 seconds), retrying request
wandb: 429 encountered (Filestream rate limit exceeded, retrying in 2.0044005066319475 seconds), retrying request
wandb: 429 encountered (Filestream rate limit exceeded, retrying in 2.265614599349167 seconds), retrying request
wandb: 429 encountered (Filestream rate limit exceeded, retrying in 4.434199932285367 seconds), retrying request
wandb: 429 encountered (Filestream rate limit exceeded, retrying in 2.0975011241650288 seconds), retrying request
wandb: 429 encountered (Filestream rate limit exceeded, retrying in 2.4568692282241176 seconds), retrying request
wandb: 429 encountered (Filestream rate limit exceeded, retrying in 4.931526324876583 seconds), retrying request
wandb: 429 encountered (Filestream rate limit exceeded, retrying in 2.0342093792264935 seconds), retrying request
wandb: 429 encountered (Filestream rate limit exceeded, retrying in 2.4661362269056215 seconds), retrying request
wandb: 429 encountered (Filestream rate limit exceeded, retrying in 4.568942458348218 seconds), retrying request
wandb: 429 encountered (Filestream rate limit exceeded, retrying in 2.482398946316817 seconds), retrying request
wandb: 429 encountered (Filestream rate limit exceeded, retrying in 2.2658005045053335 seconds), retrying request
wandb: 429 encountered (Filestream rate limit exceeded, retrying in 4.155303925149899 seconds), retrying request
wandb: 429 encountered (Filestream rate limit exceeded, retrying in 8.665898677853415 seconds), retrying request
wandb: 429 encountered (Filestream rate limit exceeded, retrying in 19.635197205200384 seconds), retrying request
wandb: 429 encountered (Filestream rate limit exceeded, retrying in 36.03199156293202 seconds), retrying request
wandb: 429 encountered (Filestream rate limit exceeded, retrying in 2.2170936382731283 seconds), retrying request
wandb: 429 encountered (Filestream rate limit exceeded, retrying in 4.24222735581286 seconds), retrying request
wandb: 429 encountered (Filestream rate limit exceeded, retrying in 9.900299466609473 seconds), retrying request
wandb: 429 encountered (Filestream rate limit exceeded, retrying in 16.331164735508857 seconds), retrying request
wandb: 429 encountered (Filestream rate limit exceeded, retrying in 2.3331653019755194 seconds), retrying request
wandb: 429 encountered (Filestream rate limit exceeded, retrying in 4.376811090712946 seconds), retrying request
wandb: 429 encountered (Filestream rate limit exceeded, retrying in 2.369735105634602 seconds), retrying request
wandb: 429 encountered (Filestream rate limit exceeded, retrying in 4.752692525858375 seconds), retrying request
wandb: 429 encountered (Filestream rate limit exceeded, retrying in 2.289885535793008 seconds), retrying request
wandb: 429 encountered (Filestream rate limit exceeded, retrying in 2.477972386938675 seconds), retrying request
wandb: 429 encountered (Filestream rate limit exceeded, retrying in 2.351434700136717 seconds), retrying request
wandb: 429 encountered (Filestream rate limit exceeded, retrying in 4.990682500989546 seconds), retrying request
wandb: 429 encountered (Filestream rate limit exceeded, retrying in 2.282752552402488 seconds), retrying request
wandb: 429 encountered (Filestream rate limit exceeded, retrying in 2.179485600231573 seconds), retrying request
wandb: 429 encountered (Filestream rate limit exceeded, retrying in 2.1043419285546383 seconds), retrying request
wandb: 429 encountered (Filestream rate limit exceeded, retrying in 4.345311569450931 seconds), retrying request
wandb: 429 encountered (Filestream rate limit exceeded, retrying in 2.2240574832264786 seconds), retrying request
wandb: 429 encountered (Filestream rate limit exceeded, retrying in 4.809848394745982 seconds), retrying request
wandb: 429 encountered (Filestream rate limit exceeded, retrying in 2.441766619683581 seconds), retrying request
wandb: 429 encountered (Filestream rate limit exceeded, retrying in 2.300845436391852 seconds), retrying request
wandb: 429 encountered (Filestream rate limit exceeded, retrying in 4.531937923901414 seconds), retrying request
wandb: 429 encountered (Filestream rate limit exceeded, retrying in 2.4389931672578418 seconds), retrying request
wandb: 429 encountered (Filestream rate limit exceeded, retrying in 2.136686754067079 seconds), retrying request
wandb: 429 encountered (Filestream rate limit exceeded, retrying in 4.680439570055193 seconds), retrying request
wandb: 429 encountered (Filestream rate limit exceeded, retrying in 2.0431842611733497 seconds), retrying request
wandb: 429 encountered (Filestream rate limit exceeded, retrying in 4.117254774907851 seconds), retrying request
wandb: 429 encountered (Filestream rate limit exceeded, retrying in 2.0205401571578676 seconds), retrying request
wandb: 429 encountered (Filestream rate limit exceeded, retrying in 4.734313319208927 seconds), retrying request
wandb: 429 encountered (Filestream rate limit exceeded, retrying in 2.0663180603665787 seconds), retrying request
wandb: 429 encountered (Filestream rate limit exceeded, retrying in 2.2365475747987644 seconds), retrying request
wandb: 429 encountered (Filestream rate limit exceeded, retrying in 4.338955733968878 seconds), retrying request
wandb: 429 encountered (Filestream rate limit exceeded, retrying in 2.04735488512772 seconds), retrying request
wandb: 429 encountered (Filestream rate limit exceeded, retrying in 2.2635934303980623 seconds), retrying request
wandb: 429 encountered (Filestream rate limit exceeded, retrying in 2.1968555892998345 seconds), retrying request
wandb: 429 encountered (Filestream rate limit exceeded, retrying in 4.777523325592523 seconds), retrying request
wandb: 429 encountered (Filestream rate limit exceeded, retrying in 2.135543881752604 seconds), retrying request
wandb: 429 encountered (Filestream rate limit exceeded, retrying in 4.12255786222044 seconds), retrying request
wandb: 429 encountered (Filestream rate limit exceeded, retrying in 8.195802480855008 seconds), retrying request
wandb: 429 encountered (Filestream rate limit exceeded, retrying in 18.764789269747368 seconds), retrying request
wandb: 429 encountered (Filestream rate limit exceeded, retrying in 32.982619177167116 seconds), retrying request
wandb: 429 encountered (Filestream rate limit exceeded, retrying in 8.396660904742568 seconds), retrying request
wandb: 429 encountered (Filestream rate limit exceeded, retrying in 36.143115304209026 seconds), retrying request
wandb: 429 encountered (Filestream rate limit exceeded, retrying in 2.106239836518957 seconds), retrying request
wandb: 429 encountered (Filestream rate limit exceeded, retrying in 4.69072286380441 seconds), retrying request
wandb: 429 encountered (Filestream rate limit exceeded, retrying in 2.0476680443274153 seconds), retrying request
wandb: 429 encountered (Filestream rate limit exceeded, retrying in 2.4597735675886545 seconds), retrying request
wandb: 429 encountered (Filestream rate limit exceeded, retrying in 4.636109021828194 seconds), retrying request
wandb: 429 encountered (Filestream rate limit exceeded, retrying in 17.4478781871838 seconds), retrying request
wandb: 429 encountered (Filestream rate limit exceeded, retrying in 33.71311502087436 seconds), retrying request
wandb: 429 encountered (Filestream rate limit exceeded, retrying in 2.0249601315798538 seconds), retrying request
wandb: 429 encountered (Filestream rate limit exceeded, retrying in 4.2987123144668375 seconds), retrying request
wandb: 429 encountered (Filestream rate limit exceeded, retrying in 2.3972225893149175 seconds), retrying request
wandb: 429 encountered (Filestream rate limit exceeded, retrying in 4.179529740935639 seconds), retrying request
wandb: 429 encountered (Filestream rate limit exceeded, retrying in 2.1411106312748167 seconds), retrying request
wandb: 429 encountered (Filestream rate limit exceeded, retrying in 4.905549676586769 seconds), retrying request
wandb: 429 encountered (Filestream rate limit exceeded, retrying in 2.170853654600236 seconds), retrying request
wandb: 429 encountered (Filestream rate limit exceeded, retrying in 2.498811483204621 seconds), retrying request
wandb: 429 encountered (Filestream rate limit exceeded, retrying in 4.785004751141622 seconds), retrying request
wandb: 429 encountered (Filestream rate limit exceeded, retrying in 2.077626529882117 seconds), retrying request
wandb: 429 encountered (Filestream rate limit exceeded, retrying in 2.478351901160309 seconds), retrying request
wandb: 429 encountered (Filestream rate limit exceeded, retrying in 4.907707490518969 seconds), retrying request
wandb: 429 encountered (Filestream rate limit exceeded, retrying in 2.2757972496565997 seconds), retrying request
wandb: 429 encountered (Filestream rate limit exceeded, retrying in 4.033974698529212 seconds), retrying request
wandb: 429 encountered (Filestream rate limit exceeded, retrying in 2.1502112404132316 seconds), retrying request
wandb: 429 encountered (Filestream rate limit exceeded, retrying in 4.834932376702719 seconds), retrying request
wandb: 429 encountered (Filestream rate limit exceeded, retrying in 2.1467338022910667 seconds), retrying request
wandb: 429 encountered (Filestream rate limit exceeded, retrying in 2.1392468701841425 seconds), retrying request
wandb: 429 encountered (Filestream rate limit exceeded, retrying in 2.143827877938289 seconds), retrying request
wandb: 429 encountered (Filestream rate limit exceeded, retrying in 4.840157263485982 seconds), retrying request
wandb: 429 encountered (Filestream rate limit exceeded, retrying in 2.0263597702618212 seconds), retrying request
wandb: 429 encountered (Filestream rate limit exceeded, retrying in 2.4608585377879617 seconds), retrying request
wandb: 429 encountered (Filestream rate limit exceeded, retrying in 4.866486223951382 seconds), retrying request
wandb: 429 encountered (Filestream rate limit exceeded, retrying in 2.356650390651086 seconds), retrying request
wandb: 429 encountered (Filestream rate limit exceeded, retrying in 2.221175563638556 seconds), retrying request
wandb: 429 encountered (Filestream rate limit exceeded, retrying in 2.4845972490248096 seconds), retrying request
wandb: 429 encountered (Filestream rate limit exceeded, retrying in 4.759557943499678 seconds), retrying request
wandb: 429 encountered (Filestream rate limit exceeded, retrying in 2.1470487312842206 seconds), retrying request
wandb: 429 encountered (Filestream rate limit exceeded, retrying in 4.915426263774871 seconds), retrying request
wandb: 429 encountered (Filestream rate limit exceeded, retrying in 2.383179464996599 seconds), retrying request
wandb: 429 encountered (Filestream rate limit exceeded, retrying in 4.567506390538997 seconds), retrying request
wandb: 429 encountered (Filestream rate limit exceeded, retrying in 2.0980500174027488 seconds), retrying request
wandb: 429 encountered (Filestream rate limit exceeded, retrying in 4.3839130183088635 seconds), retrying request
wandb: 429 encountered (Filestream rate limit exceeded, retrying in 2.2732198606569143 seconds), retrying request
wandb: 429 encountered (Filestream rate limit exceeded, retrying in 2.219169485435492 seconds), retrying request
wandb: 429 encountered (Filestream rate limit exceeded, retrying in 4.871724365282424 seconds), retrying request
wandb: 429 encountered (Filestream rate limit exceeded, retrying in 2.001427153969846 seconds), retrying request
wandb: 429 encountered (Filestream rate limit exceeded, retrying in 4.002396508126033 seconds), retrying request
wandb: 429 encountered (Filestream rate limit exceeded, retrying in 2.3335441723321315 seconds), retrying request
wandb: 429 encountered (Filestream rate limit exceeded, retrying in 2.0362439011420097 seconds), retrying request
wandb: 429 encountered (Filestream rate limit exceeded, retrying in 2.041103886603657 seconds), retrying request
wandb: 429 encountered (Filestream rate limit exceeded, retrying in 4.421260864100625 seconds), retrying request
wandb: 429 encountered (Filestream rate limit exceeded, retrying in 8.270959043856003 seconds), retrying request
wandb: 429 encountered (Filestream rate limit exceeded, retrying in 17.564486153133934 seconds), retrying request
wandb: 429 encountered (Filestream rate limit exceeded, retrying in 2.0068566479682604 seconds), retrying request
wandb: 429 encountered (Filestream rate limit exceeded, retrying in 4.491831485351334 seconds), retrying request
wandb: 429 encountered (Filestream rate limit exceeded, retrying in 2.2990466095933413 seconds), retrying request
wandb: 429 encountered (Filestream rate limit exceeded, retrying in 4.3833003518579 seconds), retrying request
wandb: 429 encountered (Filestream rate limit exceeded, retrying in 2.3764180244561617 seconds), retrying request
wandb: 429 encountered (Filestream rate limit exceeded, retrying in 4.906757957233922 seconds), retrying request
wandb: 429 encountered (Filestream rate limit exceeded, retrying in 2.189577480002175 seconds), retrying request
wandb: 429 encountered (Filestream rate limit exceeded, retrying in 4.310719607173494 seconds), retrying request
wandb: 429 encountered (Filestream rate limit exceeded, retrying in 2.331460833102408 seconds), retrying request
wandb: 429 encountered (Filestream rate limit exceeded, retrying in 4.779792801271758 seconds), retrying request
wandb: 429 encountered (Filestream rate limit exceeded, retrying in 2.2458099074512194 seconds), retrying request
wandb: 429 encountered (Filestream rate limit exceeded, retrying in 2.453040578718928 seconds), retrying request
wandb: 429 encountered (Filestream rate limit exceeded, retrying in 17.4526885336812 seconds), retrying request
wandb: 429 encountered (Filestream rate limit exceeded, retrying in 75.6074584744909 seconds), retrying request
wandb: 429 encountered (Filestream rate limit exceeded, retrying in 139.370647620976 seconds), retrying request
wandb: 429 encountered (Filestream rate limit exceeded, retrying in 281.16356399730284 seconds), retrying request
wandb: 429 encountered (Filestream rate limit exceeded, retrying in 304.919392321051 seconds), retrying request
wandb: 429 encountered (Filestream rate limit exceeded, retrying in 355.5435499576016 seconds), retrying request

second_0:                 episode reward: 2.0000,                 loss: 1.3923
Episode: 681/10000 (6.8100%),                 avg. length: 299.0,                last time consumption/overall running time: 358.89s / 10935.93 s
first_0:                 episode reward: -2.2500,                 loss: 1.4444
second_0:                 episode reward: 2.2500,                 loss: 1.3902
Episode: 701/10000 (7.0100%),                 avg. length: 299.0,                last time consumption/overall running time: 359.36s / 11295.29 s
first_0:                 episode reward: -1.9000,                 loss: 1.4391
second_0:                 episode reward: 1.9000,                 loss: 1.3848
Episode: 721/10000 (7.2100%),                 avg. length: 299.0,                last time consumption/overall running time: 360.15s / 11655.45 s
first_0:                 episode reward: -2.1000,                 loss: 1.4345
second_0:                 episode reward: 2.1000,                 loss: 1.3795
Episode: 741/10000 (7.4100%),                 avg. length: 299.0,                last time consumption/overall running time: 363.57s / 12019.02 s
first_0:                 episode reward: -1.9000,                 loss: 1.4302
second_0:                 episode reward: 1.9000,                 loss: 1.3762
Episode: 761/10000 (7.6100%),                 avg. length: 299.0,                last time consumption/overall running time: 365.81s / 12384.84 s
first_0:                 episode reward: -1.6000,                 loss: 1.4225
second_0:                 episode reward: 1.6000,                 loss: 1.3667
Episode: 781/10000 (7.8100%),                 avg. length: 299.0,                last time consumption/overall running time: 366.11s / 12750.95 s
first_0:                 episode reward: -1.6500,                 loss: 1.4179
second_0:                 episode reward: 1.6500,                 loss: 1.3597
Episode: 801/10000 (8.0100%),                 avg. length: 299.0,                last time consumption/overall running time: 363.92s / 13114.87 s
first_0:                 episode reward: -1.6500,                 loss: 1.4097
second_0:                 episode reward: 1.6500,                 loss: 1.3540
Episode: 821/10000 (8.2100%),                 avg. length: 299.0,                last time consumption/overall running time: 361.53s / 13476.40 s
first_0:                 episode reward: -1.7500,                 loss: 1.4027
second_0:                 episode reward: 1.7500,                 loss: 1.3427
Episode: 841/10000 (8.4100%),                 avg. length: 299.0,                last time consumption/overall running time: 358.39s / 13834.80 s
first_0:                 episode reward: -1.4500,                 loss: 1.3946
second_0:                 episode reward: 1.4500,                 loss: 1.3351
Episode: 861/10000 (8.6100%),                 avg. length: 299.0,                last time consumption/overall running time: 362.58s / 14197.38 s
first_0:                 episode reward: -1.1500,                 loss: 1.3885
second_0:                 episode reward: 1.1500,                 loss: 1.3302
Episode: 881/10000 (8.8100%),                 avg. length: 299.0,                last time consumption/overall running time: 363.38s / 14560.76 s
first_0:                 episode reward: -1.3500,                 loss: 1.3824
second_0:                 episode reward: 1.3500,                 loss: 1.3252
Episode: 901/10000 (9.0100%),                 avg. length: 299.0,                last time consumption/overall running time: 359.83s / 14920.59 s
first_0:                 episode reward: -1.8500,                 loss: 1.3747
second_0:                 episode reward: 1.8500,                 loss: 1.3202
Episode: 921/10000 (9.2100%),                 avg. length: 299.0,                last time consumption/overall running time: 362.25s / 15282.84 s
first_0:                 episode reward: -1.4500,                 loss: 1.3673
second_0:                 episode reward: 1.4500,                 loss: 1.3171
Episode: 941/10000 (9.4100%),                 avg. length: 299.0,                last time consumption/overall running time: 365.00s / 15647.84 s
first_0:                 episode reward: -1.2000,                 loss: 1.3586
second_0:                 episode reward: 1.2000,                 loss: 1.3145
Episode: 961/10000 (9.6100%),                 avg. length: 299.0,                last time consumption/overall running time: 361.55s / 16009.39 s
first_0:                 episode reward: -0.8000,                 loss: 1.3531
second_0:                 episode reward: 0.8000,                 loss: 1.3095
Episode: 981/10000 (9.8100%),                 avg. length: 299.0,                last time consumption/overall running time: 362.36s / 16371.75 s
first_0:                 episode reward: -1.0500,                 loss: 1.3462
second_0:                 episode reward: 1.0500,                 loss: 1.3062
Episode: 1001/10000 (10.0100%),                 avg. length: 299.0,                last time consumption/overall running time: 362.77s / 16734.51 s
first_0:                 episode reward: -1.4500,                 loss: 1.3382
second_0:                 episode reward: 1.4500,                 loss: 1.3005
Episode: 1021/10000 (10.2100%),                 avg. length: 299.0,                last time consumption/overall running time: 360.86s / 17095.37 s
first_0:                 episode reward: -1.0000,                 loss: 1.3308
second_0:                 episode reward: 1.0000,                 loss: 1.2975
Episode: 1041/10000 (10.4100%),                 avg. length: 299.0,                last time consumption/overall running time: 365.64s / 17461.01 s
first_0:                 episode reward: -1.6500,                 loss: 1.3224
second_0:                 episode reward: 1.6500,                 loss: 1.2940
Episode: 1061/10000 (10.6100%),                 avg. length: 299.0,                last time consumption/overall running time: 358.84s / 17819.86 s
first_0:                 episode reward: -1.7500,                 loss: 1.3147
second_0:                 episode reward: 1.7500,                 loss: 1.2865
Episode: 1081/10000 (10.8100%),                 avg. length: 299.0,                last time consumption/overall running time: 361.36s / 18181.22 s
first_0:                 episode reward: -1.2000,                 loss: 1.3095
second_0:                 episode reward: 1.2000,                 loss: 1.2819
Episode: 1101/10000 (11.0100%),                 avg. length: 299.0,                last time consumption/overall running time: 362.04s / 18543.25 s
first_0:                 episode reward: -1.0000,                 loss: 1.2998
second_0:                 episode reward: 1.0000,                 loss: 1.2767
Episode: 1121/10000 (11.2100%),                 avg. length: 299.0,                last time consumption/overall running time: 362.43s / 18905.69 s
first_0:                 episode reward: -0.6000,                 loss: 1.2933
second_0:                 episode reward: 0.6000,                 loss: 1.2736
Episode: 1141/10000 (11.4100%),                 avg. length: 299.0,                last time consumption/overall running time: 363.53s / 19269.22 s
first_0:                 episode reward: -0.9000,                 loss: 1.2891
second_0:                 episode reward: 0.9000,                 loss: 1.2660
Episode: 1161/10000 (11.6100%),                 avg. length: 299.0,                last time consumption/overall running time: 363.56s / 19632.77 s
first_0:                 episode reward: -1.6500,                 loss: 1.2801
second_0:                 episode reward: 1.6500,                 loss: 1.2586
Episode: 1181/10000 (11.8100%),                 avg. length: 299.0,                last time consumption/overall running time: 361.77s / 19994.55 s
first_0:                 episode reward: -0.8000,                 loss: 1.2728
second_0:                 episode reward: 0.8000,                 loss: 1.2535
Episode: 1201/10000 (12.0100%),                 avg. length: 299.0,                last time consumption/overall running time: 362.70s / 20357.25 s
first_0:                 episode reward: -1.2000,                 loss: 1.2669wandb: 429 encountered (Filestream rate limit exceeded, retrying in 361.9162257565281 seconds), retrying request
wandb: 429 encountered (Filestream rate limit exceeded, retrying in 327.61790744187584 seconds), retrying request
wandb: 429 encountered (Filestream rate limit exceeded, retrying in 335.8632811926134 seconds), retrying request
wandb: 429 encountered (Filestream rate limit exceeded, retrying in 2.453889819113917 seconds), retrying request
wandb: 429 encountered (Filestream rate limit exceeded, retrying in 4.01953086083016 seconds), retrying request
wandb: 429 encountered (Filestream rate limit exceeded, retrying in 2.159317137262612 seconds), retrying request
wandb: 429 encountered (Filestream rate limit exceeded, retrying in 4.052126009971063 seconds), retrying request
wandb: 429 encountered (Filestream rate limit exceeded, retrying in 2.47030068875843 seconds), retrying request
wandb: 429 encountered (Filestream rate limit exceeded, retrying in 4.412298722975329 seconds), retrying request
wandb: 429 encountered (Filestream rate limit exceeded, retrying in 2.2225894097409498 seconds), retrying request
wandb: 429 encountered (Filestream rate limit exceeded, retrying in 4.1923454543991605 seconds), retrying request
wandb: 429 encountered (Filestream rate limit exceeded, retrying in 2.0632244856737914 seconds), retrying request
wandb: 429 encountered (Filestream rate limit exceeded, retrying in 4.150461422661885 seconds), retrying request
wandb: 429 encountered (Filestream rate limit exceeded, retrying in 9.742206042803836 seconds), retrying request
wandb: 429 encountered (Filestream rate limit exceeded, retrying in 2.49863922706162 seconds), retrying request
wandb: 429 encountered (Filestream rate limit exceeded, retrying in 4.480811454668443 seconds), retrying request
wandb: 429 encountered (Filestream rate limit exceeded, retrying in 2.1320606417605994 seconds), retrying request
wandb: 429 encountered (Filestream rate limit exceeded, retrying in 2.498651034568029 seconds), retrying request
wandb: 429 encountered (Filestream rate limit exceeded, retrying in 2.268861607984758 seconds), retrying request
wandb: 429 encountered (Filestream rate limit exceeded, retrying in 4.250028667910195 seconds), retrying request
wandb: 429 encountered (Filestream rate limit exceeded, retrying in 2.0037264869454114 seconds), retrying request
wandb: 429 encountered (Filestream rate limit exceeded, retrying in 4.015526812950956 seconds), retrying request
wandb: 429 encountered (Filestream rate limit exceeded, retrying in 2.0548357807918602 seconds), retrying request
wandb: 429 encountered (Filestream rate limit exceeded, retrying in 4.907161684210314 seconds), retrying request
wandb: 429 encountered (Filestream rate limit exceeded, retrying in 2.1491145097079074 seconds), retrying request
wandb: 429 encountered (Filestream rate limit exceeded, retrying in 4.510512884694892 seconds), retrying request
wandb: 429 encountered (Filestream rate limit exceeded, retrying in 8.270597816002425 seconds), retrying request
wandb: 429 encountered (Filestream rate limit exceeded, retrying in 2.4068732535719017 seconds), retrying request
wandb: 429 encountered (Filestream rate limit exceeded, retrying in 4.359357758514305 seconds), retrying request
wandb: 429 encountered (Filestream rate limit exceeded, retrying in 8.323097514921848 seconds), retrying request
wandb: 429 encountered (Filestream rate limit exceeded, retrying in 2.2337268784427384 seconds), retrying request
wandb: 429 encountered (Filestream rate limit exceeded, retrying in 2.2064589134617383 seconds), retrying request
wandb: 429 encountered (Filestream rate limit exceeded, retrying in 4.540603564297956 seconds), retrying request
wandb: 429 encountered (Filestream rate limit exceeded, retrying in 2.2980676657654824 seconds), retrying request
wandb: 429 encountered (Filestream rate limit exceeded, retrying in 2.131168946595884 seconds), retrying request
wandb: 429 encountered (Filestream rate limit exceeded, retrying in 4.423941275184338 seconds), retrying request
wandb: 429 encountered (Filestream rate limit exceeded, retrying in 2.0753519793763004 seconds), retrying request
wandb: 429 encountered (Filestream rate limit exceeded, retrying in 4.77286540570915 seconds), retrying request
wandb: 429 encountered (Filestream rate limit exceeded, retrying in 2.1550140558907573 seconds), retrying request
wandb: 429 encountered (Filestream rate limit exceeded, retrying in 4.795136417863834 seconds), retrying request
wandb: 429 encountered (Filestream rate limit exceeded, retrying in 2.262030791413488 seconds), retrying request
wandb: 429 encountered (Filestream rate limit exceeded, retrying in 4.893628960417054 seconds), retrying request
wandb: 429 encountered (Filestream rate limit exceeded, retrying in 2.1565821754005707 seconds), retrying request
wandb: 429 encountered (Filestream rate limit exceeded, retrying in 2.070027801148976 seconds), retrying request
wandb: 429 encountered (Filestream rate limit exceeded, retrying in 4.039553570068179 seconds), retrying request
wandb: 429 encountered (Filestream rate limit exceeded, retrying in 2.3858271138707368 seconds), retrying request
wandb: 429 encountered (Filestream rate limit exceeded, retrying in 4.349534575690452 seconds), retrying request
wandb: 429 encountered (Filestream rate limit exceeded, retrying in 2.3451345440445532 seconds), retrying request
wandb: 429 encountered (Filestream rate limit exceeded, retrying in 2.422993011465619 seconds), retrying request
wandb: 429 encountered (Filestream rate limit exceeded, retrying in 4.815408936009976 seconds), retrying request
/home/zihan/anaconda3/envs/x/lib/python3.7/site-packages/tensorflow/python/framework/dtypes.py:516: FutureWarning: Passing (type, 1) or '1type' as a synonym of type is deprecated; in a future version of numpy, it will be understood as (type, (1,)) / '(1,)type'.
  _np_qint8 = np.dtype([("qint8", np.int8, 1)])
/home/zihan/anaconda3/envs/x/lib/python3.7/site-packages/tensorflow/python/framework/dtypes.py:517: FutureWarning: Passing (type, 1) or '1type' as a synonym of type is deprecated; in a future version of numpy, it will be understood as (type, (1,)) / '(1,)type'.
  _np_quint8 = np.dtype([("quint8", np.uint8, 1)])
/home/zihan/anaconda3/envs/x/lib/python3.7/site-packages/tensorflow/python/framework/dtypes.py:518: FutureWarning: Passing (type, 1) or '1type' as a synonym of type is deprecated; in a future version of numpy, it will be understood as (type, (1,)) / '(1,)type'.
  _np_qint16 = np.dtype([("qint16", np.int16, 1)])
/home/zihan/anaconda3/envs/x/lib/python3.7/site-packages/tensorflow/python/framework/dtypes.py:519: --- Logging error ---
Traceback (most recent call last):
  File "/home/zihan/anaconda3/envs/x/lib/python3.7/logging/__init__.py", line 987, in emit
    self.flush()
  File "/home/zihan/anaconda3/envs/x/lib/python3.7/logging/__init__.py", line 967, in flush
    self.stream.flush()
OSError: [Errno 28] No space left on device
Call stack:
  File "/home/zihan/anaconda3/envs/x/lib/python3.7/threading.py", line 885, in _bootstrap
    self._bootstrap_inner()
  File "/home/zihan/anaconda3/envs/x/lib/python3.7/threading.py", line 917, in _bootstrap_inner
    self.run()
  File "/home/zihan/anaconda3/envs/x/lib/python3.7/threading.py", line 865, in run
    self._target(*self._args, **self._kwargs)
  File "/home/zihan/anaconda3/envs/x/lib/python3.7/site-packages/wandb/sdk/internal/tb_watcher.py", line 278, in _thread_except_body
    self._thread_body()
  File "/home/zihan/anaconda3/envs/x/lib/python3.7/site-packages/wandb/sdk/internal/tb_watcher.py", line 287, in _thread_body
    self._process_events()
  File "/home/zihan/anaconda3/envs/x/lib/python3.7/site-packages/wandb/sdk/internal/tb_watcher.py", line 263, in _process_events
    for event in self._generator.Load():
  File "/home/zihan/anaconda3/envs/x/lib/python3.7/site-packages/tensorboard/backend/event_processing/directory_watcher.py", line 89, in Load
    for event in self._LoadInternal():
  File "/home/zihan/anaconda3/envs/x/lib/python3.7/site-packages/tensorboard/backend/event_processing/directory_watcher.py", line 118, in _LoadInternal
    logger.info('No path found after %s', self._path)
Message: 'No path found after %s'
Arguments: ('.//data/tensorboard/202209200231/pettingzoo_surround_v2_nfsp/events.out.tfevents.1663641188.princeton-rbtg.3704080.0',)
