wandb: W&B API key is configured. Use `wandb login --relogin` to force relogin
wandb: Tracking run with wandb version 0.13.0
wandb: Run data is saved locally in /home/zihan/research/MARS/wandb/run-20220920_023126-3iy6qmjd
wandb: Run `wandb offline` to turn off syncing.
wandb: Syncing run pettingzoo_boxing_v2_nash_dqn_202209200231
wandb: ⭐️ View project at https://wandb.ai/quantumiracle/Pettingzoo_MARS
wandb: 🚀 View run at https://wandb.ai/quantumiracle/Pettingzoo_MARS/runs/3iy6qmjd
wandb: 429 encountered (Filestream rate limit exceeded, retrying in 2.300875931857083 seconds), retrying request
wandb: 429 encountered (Filestream rate limit exceeded, retrying in 4.883393299214962 seconds), retrying request
wandb: 429 encountered (Filestream rate limit exceeded, retrying in 2.0313511892325957 seconds), retrying request
wandb: 429 encountered (Filestream rate limit exceeded, retrying in 4.882773855565805 seconds), retrying request
wandb: 429 encountered (Filestream rate limit exceeded, retrying in 2.3989923697703626 seconds), retrying request
wandb: 429 encountered (Filestream rate limit exceeded, retrying in 2.4467107765230733 seconds), retrying request
wandb: 429 encountered (Filestream rate limit exceeded, retrying in 4.777064181879595 seconds), retrying request
wandb: 429 encountered (Filestream rate limit exceeded, retrying in 8.126407678429429 seconds), retrying request
wandb: 429 encountered (Filestream rate limit exceeded, retrying in 36.110558425759415 seconds), retrying request
wandb: 429 encountered (Filestream rate limit exceeded, retrying in 2.1698536145527947 seconds), retrying request
wandb: 429 encountered (Filestream rate limit exceeded, retrying in 4.479689826662647 seconds), retrying request
wandb: 429 encountered (Filestream rate limit exceeded, retrying in 2.422591874107991 seconds), retrying request
wandb: 429 encountered (Filestream rate limit exceeded, retrying in 4.496419984721036 seconds), retrying request
wandb: 429 encountered (Filestream rate limit exceeded, retrying in 2.1829448164357323 seconds), retrying request
wandb: 429 encountered (Filestream rate limit exceeded, retrying in 4.33580722706223 seconds), retrying request
wandb: 429 encountered (Filestream rate limit exceeded, retrying in 9.12231202558194 seconds), retrying request
wandb: 429 encountered (Filestream rate limit exceeded, retrying in 33.41030032855745 seconds), retrying request
wandb: 429 encountered (Filestream rate limit exceeded, retrying in 64.40176727511466 seconds), retrying request
wandb: 429 encountered (Filestream rate limit exceeded, retrying in 2.0448472343799473 seconds), retrying request
wandb: 429 encountered (Filestream rate limit exceeded, retrying in 4.614749216378859 seconds), retrying request
wandb: 429 encountered (Filestream rate limit exceeded, retrying in 8.626310556393221 seconds), retrying request
wandb: 429 encountered (Filestream rate limit exceeded, retrying in 19.075586980903246 seconds), retrying request
wandb: 429 encountered (Filestream rate limit exceeded, retrying in 32.1093077905262 seconds), retrying request
wandb: 429 encountered (Filestream rate limit exceeded, retrying in 70.7792144303731 seconds), retrying request
wandb: 429 encountered (Filestream rate limit exceeded, retrying in 137.9566166521064 seconds), retrying request
wandb: 429 encountered (Filestream rate limit exceeded, retrying in 290.55030008857136 seconds), retrying request
wandb: 429 encountered (Filestream rate limit exceeded, retrying in 2.4431923904981487 seconds), retrying request
wandb: 429 encountered (Filestream rate limit exceeded, retrying in 2.0235707383837833 seconds), retrying request
wandb: 429 encountered (Filestream rate limit exceeded, retrying in 2.126881605803623 seconds), retrying request
wandb: 429 encountered (Filestream rate limit exceeded, retrying in 2.1069907867569286 seconds), retrying request
wandb: 429 encountered (Filestream rate limit exceeded, retrying in 2.0411645546608677 seconds), retrying request
wandb: 429 encountered (Filestream rate limit exceeded, retrying in 2.3498264738572074 seconds), retrying request
wandb: 429 encountered (Filestream rate limit exceeded, retrying in 4.065052486261996 seconds), retrying request
wandb: 429 encountered (Filestream rate limit exceeded, retrying in 2.4648741078959926 seconds), retrying request
wandb: 429 encountered (Filestream rate limit exceeded, retrying in 4.361751118572569 seconds), retrying request
wandb: 429 encountered (Filestream rate limit exceeded, retrying in 2.2915026179297917 seconds), retrying request
wandb: 429 encountered (Filestream rate limit exceeded, retrying in 2.3169589404862605 seconds), retrying request
wandb: 429 encountered (Filestream rate limit exceeded, retrying in 4.240629235343444 seconds), retrying request
wandb: 429 encountered (Filestream rate limit exceeded, retrying in 2.071266416768413 seconds), retrying request
wandb: 429 encountered (Filestream rate limit exceeded, retrying in 2.2821934546142284 seconds), retrying request
wandb: 429 encountered (Filestream rate limit exceeded, retrying in 2.2822278727555463 seconds), retrying request
wandb: 429 encountered (Filestream rate limit exceeded, retrying in 2.151376085547363 seconds), retrying request
wandb: 429 encountered (Filestream rate limit exceeded, retrying in 4.52255830569028 seconds), retrying request
wandb: 429 encountered (Filestream rate limit exceeded, retrying in 8.109811247888734 seconds), retrying request
wandb: 429 encountered (Filestream rate limit exceeded, retrying in 16.162802646395715 seconds), retrying request
wandb: 429 encountered (Filestream rate limit exceeded, retrying in 35.378408161716486 seconds), retrying request
wandb: 429 encountered (Filestream rate limit exceeded, retrying in 2.2256358842897854 seconds), retrying request
wandb: 429 encountered (Filestream rate limit exceeded, retrying in 2.110256024511308 seconds), retrying request
wandb: 429 encountered (Filestream rate limit exceeded, retrying in 2.2904567178852147 seconds), retrying request
wandb: 429 encountered (Filestream rate limit exceeded, retrying in 4.920310298305634 seconds), retrying request
wandb: 429 encountered (Filestream rate limit exceeded, retrying in 2.3044217355041674 seconds), retrying request
wandb: 429 encountered (Filestream rate limit exceeded, retrying in 4.757199347604356 seconds), retrying request
wandb: 429 encountered (Filestream rate limit exceeded, retrying in 9.920430253833057 seconds), retrying request
wandb: 429 encountered (Filestream rate limit exceeded, retrying in 2.1888602194680535 seconds), retrying request
wandb: 429 encountered (Filestream rate limit exceeded, retrying in 2.401843122540905 seconds), retrying request
wandb: 429 encountered (Filestream rate limit exceeded, retrying in 4.705219145480346 seconds), retrying request
wandb: 429 encountered (Filestream rate limit exceeded, retrying in 2.282030746907126 seconds), retrying request
wandb: 429 encountered (Filestream rate limit exceeded, retrying in 2.2051933392349974 seconds), retrying request
wandb: 429 encountered (Filestream rate limit exceeded, retrying in 2.249417892222153 seconds), retrying request
wandb: 429 encountered (Filestream rate limit exceeded, retrying in 2.1501682961853863 seconds), retrying request
wandb: 429 encountered (Filestream rate limit exceeded, retrying in 4.809301981559508 seconds), retrying request
wandb: 429 encountered (Filestream rate limit exceeded, retrying in 2.032805062754863 seconds), retrying request
wandb: 429 encountered (Filestream rate limit exceeded, retrying in 4.33438089262306 seconds), retrying request
wandb: 429 encountered (Filestream rate limit exceeded, retrying in 2.449496208893609 seconds), retrying request
wandb: 429 encountered (Filestream rate limit exceeded, retrying in 4.513021744064214 seconds), retrying request
wandb: 429 encountered (Filestream rate limit exceeded, retrying in 2.0135109529291495 seconds), retrying request
wandb: 429 encountered (Filestream rate limit exceeded, retrying in 2.227073895037603 seconds), retrying request
wandb: 429 encountered (Filestream rate limit exceeded, retrying in 4.058099353076026 seconds), retrying request
wandb: 429 encountered (Filestream rate limit exceeded, retrying in 2.2893854923884267 seconds), retrying request
wandb: 429 encountered (Filestream rate limit exceeded, retrying in 2.1124765422787597 seconds), retrying request
wandb: 429 encountered (Filestream rate limit exceeded, retrying in 4.4244737838196855 seconds), retrying request
wandb: 429 encountered (Filestream rate limit exceeded, retrying in 2.2906990064767045 seconds), retrying request
wandb: 429 encountered (Filestream rate limit exceeded, retrying in 4.631644499984118 seconds), retrying request
wandb: 429 encountered (Filestream rate limit exceeded, retrying in 2.4724025195899637 seconds), retrying request
wandb: 429 encountered (Filestream rate limit exceeded, retrying in 2.441342533526844 seconds), retrying request
wandb: 429 encountered (Filestream rate limit exceeded, retrying in 2.1973412725846733 seconds), retrying request
wandb: 429 encountered (Filestream rate limit exceeded, retrying in 4.680404137959984 seconds), retrying request
wandb: 429 encountered (Filestream rate limit exceeded, retrying in 2.0062762936338863 seconds), retrying request
wandb: 429 encountered (Filestream rate limit exceeded, retrying in 2.042572622792238 seconds), retrying request
wandb: 429 encountered (Filestream rate limit exceeded, retrying in 4.24815557064265 seconds), retrying request
wandb: 429 encountered (Filestream rate limit exceeded, retrying in 2.256839211933896 seconds), retrying request
wandb: 429 encountered (Filestream rate limit exceeded, retrying in 2.4196424219157433 seconds), retrying request
wandb: 429 encountered (Filestream rate limit exceeded, retrying in 4.36249243605439 seconds), retrying request
wandb: 429 encountered (Filestream rate limit exceeded, retrying in 2.1397755772379803 seconds), retrying request
wandb: 429 encountered (Filestream rate limit exceeded, retrying in 4.603518752083618 seconds), retrying request
wandb: 429 encountered (Filestream rate limit exceeded, retrying in 2.428911821663324 seconds), retrying request
wandb: 429 encountered (Filestream rate limit exceeded, retrying in 2.417415497534903 seconds), retrying request
wandb: 429 encountered (Filestream rate limit exceeded, retrying in 2.2213539987768076 seconds), retrying request
wandb: 429 encountered (Filestream rate limit exceeded, retrying in 4.627247010618897 seconds), retrying request
wandb: 429 encountered (Filestream rate limit exceeded, retrying in 2.196381575886032 seconds), retrying request
wandb: 429 encountered (Filestream rate limit exceeded, retrying in 2.3785339663825145 seconds), retrying request
wandb: 429 encountered (Filestream rate limit exceeded, retrying in 2.3002372959974244 seconds), retrying request
wandb: 429 encountered (Filestream rate limit exceeded, retrying in 2.3432958473649306 seconds), retrying request
wandb: 429 encountered (Filestream rate limit exceeded, retrying in 2.465512469426001 seconds), retrying request
wandb: 429 encountered (Filestream rate limit exceeded, retrying in 2.1632761295483496 seconds), retrying request
wandb: 429 encountered (Filestream rate limit exceeded, retrying in 4.268778451157567 seconds), retrying request
wandb: 429 encountered (Filestream rate limit exceeded, retrying in 2.4925531729243033 seconds), retrying request
wandb: 429 encountered (Filestream rate limit exceeded, retrying in 4.986641082929563 seconds), retrying request
wandb: 429 encountered (Filestream rate limit exceeded, retrying in 2.1170611734333864 seconds), retrying request
wandb: 429 encountered (Filestream rate limit exceeded, retrying in 4.867698314990084 seconds), retrying request
wandb: 429 encountered (Filestream rate limit exceeded, retrying in 9.15125743799873 seconds), retrying request
wandb: 429 encountered (Filestream rate limit exceeded, retrying in 37.80980077217898 seconds), retrying request
wandb: 429 encountered (Filestream rate limit exceeded, retrying in 2.3755243377764255 seconds), retrying request
wandb: 429 encountered (Filestream rate limit exceeded, retrying in 2.1123677317054694 seconds), retrying request
wandb: 429 encountered (Filestream rate limit exceeded, retrying in 2.396319130177259 seconds), retrying request
wandb: 429 encountered (Filestream rate limit exceeded, retrying in 4.606460310336043 seconds), retrying request
wandb: 429 encountered (Filestream rate limit exceeded, retrying in 9.213086802660635 seconds), retrying request
wandb: 429 encountered (Filestream rate limit exceeded, retrying in 2.028993227003829 seconds), retrying request
wandb: 429 encountered (Filestream rate limit exceeded, retrying in 2.21209991222013 seconds), retrying request
wandb: 429 encountered (Filestream rate limit exceeded, retrying in 2.289877714642255 seconds), retrying request
wandb: 429 encountered (Filestream rate limit exceeded, retrying in 2.221921649386287 seconds), retrying request
wandb: 429 encountered (Filestream rate limit exceeded, retrying in 2.481220543343782 seconds), retrying request
wandb: 429 encountered (Filestream rate limit exceeded, retrying in 4.7774055950166385 seconds), retrying request
wandb: 429 encountered (Filestream rate limit exceeded, retrying in 2.1419490672385075 seconds), retrying request
wandb: 429 encountered (Filestream rate limit exceeded, retrying in 4.022137074642406 seconds), retrying request
wandb: 429 encountered (Filestream rate limit exceeded, retrying in 4.21298973973311 seconds), retrying request
wandb: 429 encountered (Filestream rate limit exceeded, retrying in 9.172662972163588 seconds), retrying request
wandb: 429 encountered (Filestream rate limit exceeded, retrying in 17.85362887543078 seconds), retrying request
wandb: 429 encountered (Filestream rate limit exceeded, retrying in 79.46821158928437 seconds), retrying request
wandb: 429 encountered (Filestream rate limit exceeded, retrying in 155.71987211119097 seconds), retrying request
wandb: 429 encountered (Filestream rate limit exceeded, retrying in 2.479826393002572 seconds), retrying request
wandb: 429 encountered (Filestream rate limit exceeded, retrying in 2.1319004204360525 seconds), retrying request
wandb: 429 encountered (Filestream rate limit exceeded, retrying in 4.66335131903008 seconds), retrying request
wandb: 429 encountered (Filestream rate limit exceeded, retrying in 2.242504389647386 seconds), retrying request
wandb: 429 encountered (Filestream rate limit exceeded, retrying in 4.401467441474052 seconds), retrying request
wandb: 429 encountered (Filestream rate limit exceeded, retrying in 2.3539925720314976 seconds), retrying request
wandb: 429 encountered (Filestream rate limit exceeded, retrying in 4.784952064973005 seconds), retrying request
wandb: 429 encountered (Filestream rate limit exceeded, retrying in 2.054696001499009 seconds), retrying request
wandb: 429 encountered (Filestream rate limit exceeded, retrying in 2.300842807767269 seconds), retrying request
wandb: 429 encountered (Filestream rate limit exceeded, retrying in 2.4045099747933762 seconds), retrying request
wandb: 429 encountered (Filestream rate limit exceeded, retrying in 2.248850407715092 seconds), retrying request
wandb: 429 encountered (Filestream rate limit exceeded, retrying in 2.474346819419639 seconds), retrying request
wandb: 429 encountered (Filestream rate limit exceeded, retrying in 4.91262085884356 seconds), retrying request
wandb: 429 encountered (Filestream rate limit exceeded, retrying in 2.1249098423010064 seconds), retrying request
wandb: 429 encountered (Filestream rate limit exceeded, retrying in 2.0891282957001343 seconds), retrying request
wandb: 429 encountered (Filestream rate limit exceeded, retrying in 2.4144293708494224 seconds), retrying request
wandb: 429 encountered (Filestream rate limit exceeded, retrying in 4.578480069473826 seconds), retrying request
wandb: 429 encountered (Filestream rate limit exceeded, retrying in 2.110203674070557 seconds), retrying request
wandb: 429 encountered (Filestream rate limit exceeded, retrying in 2.469169623183894 seconds), retrying request
wandb: 429 encountered (Filestream rate limit exceeded, retrying in 4.555905506185882 seconds), retrying request
wandb: 429 encountered (Filestream rate limit exceeded, retrying in 9.894334198006018 seconds), retrying request
wandb: 429 encountered (Filestream rate limit exceeded, retrying in 18.328162117791294 seconds), retrying request
wandb: 429 encountered (Filestream rate limit exceeded, retrying in 34.78003302532843 seconds), retrying request
wandb: 429 encountered (Filestream rate limit exceeded, retrying in 2.4158181378170527 seconds), retrying request
wandb: 429 encountered (Filestream rate limit exceeded, retrying in 4.637012043275092 seconds), retrying request
pettingzoo_boxing_v2
default:  {'env_name': 'boxing_v2', 'env_type': 'pettingzoo', 'num_envs': 5, 'ram': True, 'seed': 'random', 'record_video': False, 'algorithm': 'NashDQN', 'algorithm_spec': {'episodic_update': False, 'dueling': False, 'replay_buffer_size': '1e5', 'gamma': 0.99, 'multi_step': 1, 'target_update_interval': 1000, 'eps_start': 1.0, 'eps_final': 0.001, 'eps_decay': 1000000}, 'num_process': 1, 'batch_size': 128, 'max_episodes': 10000, 'max_steps_per_episode': 300, 'train_start_frame': 0, 'save_id': 0, 'optimizer': 'adam', 'learning_rate': '1e-4', 'device': 'gpu', 'update_itr': 1, 'log_avg_window': 20, 'log_interval': 20, 'render': False, 'test': False, 'exploit': False, 'load_model_idx': False, 'load_model_full_path': False, 'multiprocess': False, 'eval_models': False, 'save_path': '', 'save_interval': 2000, 'wandb_activate': False, 'wandb_entity': '', 'wandb_project': '', 'wandb_group': '', 'wandb_name': '', 'net_architecture': {'hidden_dim_list': [128, 128, 128, 128], 'hidden_activation': 'ReLU', 'output_activation': False}, 'marl_method': 'nash_dqn', 'marl_spec': {'min_update_interval': 20, 'score_avg_window': 10, 'global_state': False}}
{'env_name': 'boxing_v2', 'env_type': 'pettingzoo', 'num_envs': 5, 'ram': True, 'seed': 'random', 'record_video': True, 'algorithm': 'NashDQN', 'algorithm_spec': {'episodic_update': False, 'dueling': False, 'replay_buffer_size': '1e5', 'gamma': 0.99, 'multi_step': 1, 'target_update_interval': 1000, 'eps_start': 1.0, 'eps_final': 0.001, 'eps_decay': 1000000}, 'num_process': 1, 'batch_size': 128, 'max_episodes': 10000, 'max_steps_per_episode': 300, 'train_start_frame': 0, 'save_id': 202209200231, 'optimizer': 'adam', 'learning_rate': '1e-4', 'device': 'gpu', 'update_itr': 1, 'log_avg_window': 20, 'log_interval': 20, 'render': False, 'test': False, 'exploit': False, 'load_model_idx': False, 'load_model_full_path': False, 'multiprocess': False, 'eval_models': False, 'save_path': '', 'save_interval': 2000, 'wandb_activate': True, 'wandb_entity': 'quantumiracle', 'wandb_project': '', 'wandb_group': '', 'wandb_name': '', 'net_architecture': {'hidden_dim_list': [128, 128, 128, 128], 'hidden_activation': 'ReLU', 'output_activation': False}, 'marl_method': 'nash_dqn', 'marl_spec': {'min_update_interval': 20, 'score_avg_window': 10, 'global_state': False}, 'record_video_interval': 1000}
args:  {'env_name': 'boxing_v2', 'env_type': 'pettingzoo', 'num_envs': 5, 'ram': True, 'seed': 'random', 'record_video': True, 'algorithm': 'NashDQN', 'algorithm_spec': {'episodic_update': False, 'dueling': False, 'replay_buffer_size': '1e5', 'gamma': 0.99, 'multi_step': 1, 'target_update_interval': 1000, 'eps_start': 1.0, 'eps_final': 0.001, 'eps_decay': 1000000}, 'num_process': 1, 'batch_size': 128, 'max_episodes': 10000, 'max_steps_per_episode': 300, 'train_start_frame': 0, 'save_id': 202209200231, 'optimizer': 'adam', 'learning_rate': '1e-4', 'device': 'gpu', 'update_itr': 1, 'log_avg_window': 20, 'log_interval': 20, 'render': False, 'test': False, 'exploit': False, 'load_model_idx': False, 'load_model_full_path': False, 'multiprocess': False, 'eval_models': False, 'save_path': '', 'save_interval': 2000, 'wandb_activate': True, 'wandb_entity': 'quantumiracle', 'wandb_project': 'Pettingzoo_MARS', 'wandb_group': '202209200231', 'wandb_name': 'pettingzoo_boxing_v2_nash_dqn_202209200231', 'net_architecture': {'hidden_dim_list': [128, 128, 128, 128], 'hidden_activation': 'ReLU', 'output_activation': False}, 'marl_method': 'nash_dqn', 'marl_spec': {'min_update_interval': 20, 'score_avg_window': 10, 'global_state': False}, 'record_video_interval': 1000}
boxing_v2 pettingzoo
record video: interval 1000, length 300
Load boxing_v2 environment in type pettingzoo.
Env observation space: <bound method aec_to_parallel_wrapper.observation_space of <pettingzoo.utils.conversions.aec_to_parallel_wrapper object at 0x7f897dcd20f0>> action space: <bound method aec_to_parallel_wrapper.action_space of <pettingzoo.utils.conversions.aec_to_parallel_wrapper object at 0x7f897dcd20f0>>
random seed: [950, 454, 637, 826, 142]
<mars.env.wrappers.mars_wrappers.SSVecWrapper object at 0x7f897ddc6780>
discrete_policy 18 Discrete(18)
discrete_policy 18 Discrete(18)
discrete_policy 18 Discrete(18)
Agents No. [1] (index starting from 0) are not learnable.
Arguments:  {'env_name': 'boxing_v2', 'env_type': 'pettingzoo', 'num_envs': 5, 'ram': True, 'seed': 'random', 'record_video': True, 'algorithm': 'NashDQN', 'algorithm_spec': {'episodic_update': False, 'dueling': False, 'replay_buffer_size': '1e5', 'gamma': 0.99, 'multi_step': 1, 'target_update_interval': 1000, 'eps_start': 1.0, 'eps_final': 0.001, 'eps_decay': 1000000}, 'num_process': 1, 'batch_size': 128, 'max_episodes': 10000, 'max_steps_per_episode': 300, 'train_start_frame': 0, 'save_id': 202209200231, 'optimizer': 'adam', 'learning_rate': '1e-4', 'device': 'gpu', 'update_itr': 1, 'log_avg_window': 20, 'log_interval': 20, 'render': False, 'test': False, 'exploit': False, 'load_model_idx': False, 'load_model_full_path': False, 'multiprocess': False, 'eval_models': False, 'save_path': '', 'save_interval': 2000, 'wandb_activate': True, 'wandb_entity': 'quantumiracle', 'wandb_project': 'Pettingzoo_MARS', 'wandb_group': '202209200231', 'wandb_name': 'pettingzoo_boxing_v2_nash_dqn_202209200231', 'net_architecture': {'hidden_dim_list': [128, 128, 128, 128], 'hidden_activation': 'ReLU', 'output_activation': False}, 'marl_method': 'nash_dqn', 'marl_spec': {'min_update_interval': 20, 'score_avg_window': 10, 'global_state': False}, 'record_video_interval': 1000}
Save models to : /home/zihan/research/MARS/data/model/202209200231/pettingzoo_boxing_v2_nash_dqn. 
 Save logs to: /home/zihan/research/MARS/data/log/202209200231/pettingzoo_boxing_v2_nash_dqn.
Episode: 1/10000 (0.0100%),                 avg. length: 299.0,                last time consumption/overall running time: 42.79s / 42.79 s
first_0:                 episode reward: 0.0000,                 loss: 0.0077
second_0:                 episode reward: 0.0000,                 loss: nan
Episode: 21/10000 (0.2100%),                 avg. length: 299.0,                last time consumption/overall running time: 992.50s / 1035.30 s
first_0:                 episode reward: -0.6000,                 loss: 0.0085
second_0:                 episode reward: 0.6000,                 loss: nan
Episode: 41/10000 (0.4100%),                 avg. length: 299.0,                last time consumption/overall running time: 1169.10s / 2204.39 s
first_0:                 episode reward: -0.1000,                 loss: 0.0088
second_0:                 episode reward: 0.1000,                 loss: nan
Episode: 61/10000 (0.6100%),                 avg. length: 299.0,                last time consumption/overall running time: 1192.44s / 3396.83 s
first_0:                 episode reward: 0.4500,                 loss: 0.0089
second_0:                 episode reward: -0.4500,                 loss: nan
Episode: 81/10000 (0.8100%),                 avg. length: 299.0,                last time consumption/overall running time: 1218.77s / 4615.60 s
first_0:                 episode reward: -0.4500,                 loss: 0.0089
second_0:                 episode reward: 0.4500,                 loss: nan
Episode: 101/10000 (1.0100%),                 avg. length: 299.0,                last time consumption/overall running time: 1216.63s / 5832.23 s
first_0:                 episode reward: -0.4000,                 loss: 0.0085
second_0:                 episode reward: 0.4000,                 loss: nan
Episode: 121/10000 (1.2100%),                 avg. length: 299.0,                last time consumption/overall running time: 1215.43s / 7047.66 s
first_0:                 episode reward: -0.3500,                 loss: 0.0079
second_0:                 episode reward: 0.3500,                 loss: nan
Episode: 141/10000 (1.4100%),                 avg. length: 299.0,                last time consumption/overall running time: 1214.07s / 8261.73 s
first_0:                 episode reward: -0.5500,                 loss: 0.0083
second_0:                 episode reward: 0.5500,                 loss: nan
Episode: 161/10000 (1.6100%),                 avg. length: 299.0,                last time consumption/overall running time: 1208.95s / 9470.67 swandb: 429 encountered (Filestream rate limit exceeded, retrying in 2.4790288575048285 seconds), retrying request
wandb: 429 encountered (Filestream rate limit exceeded, retrying in 4.143895561911256 seconds), retrying request
wandb: 429 encountered (Filestream rate limit exceeded, retrying in 2.036376817623812 seconds), retrying request
wandb: 429 encountered (Filestream rate limit exceeded, retrying in 4.234638680394791 seconds), retrying request
wandb: 429 encountered (Filestream rate limit exceeded, retrying in 2.2320034755308384 seconds), retrying request
wandb: 429 encountered (Filestream rate limit exceeded, retrying in 4.993658641117122 seconds), retrying request
wandb: 429 encountered (Filestream rate limit exceeded, retrying in 2.032518825132769 seconds), retrying request
wandb: 429 encountered (Filestream rate limit exceeded, retrying in 2.3295982504115953 seconds), retrying request
wandb: 429 encountered (Filestream rate limit exceeded, retrying in 4.746547667927865 seconds), retrying request
wandb: 429 encountered (Filestream rate limit exceeded, retrying in 4.5582925172559845 seconds), retrying request
wandb: 429 encountered (Filestream rate limit exceeded, retrying in 2.104601651160139 seconds), retrying request
wandb: 429 encountered (Filestream rate limit exceeded, retrying in 16.648369966035734 seconds), retrying request
wandb: 429 encountered (Filestream rate limit exceeded, retrying in 39.2128614668014 seconds), retrying request
wandb: 429 encountered (Filestream rate limit exceeded, retrying in 2.2468233882301964 seconds), retrying request
wandb: 429 encountered (Filestream rate limit exceeded, retrying in 4.0685471136410465 seconds), retrying request
wandb: 429 encountered (Filestream rate limit exceeded, retrying in 2.444078012186817 seconds), retrying request
wandb: 429 encountered (Filestream rate limit exceeded, retrying in 4.275691468644103 seconds), retrying request
wandb: 429 encountered (Filestream rate limit exceeded, retrying in 2.2057042826587643 seconds), retrying request
wandb: 429 encountered (Filestream rate limit exceeded, retrying in 4.521325002498051 seconds), retrying request
wandb: 429 encountered (Filestream rate limit exceeded, retrying in 9.882935481420784 seconds), retrying request
wandb: 429 encountered (Filestream rate limit exceeded, retrying in 36.43818192378783 seconds), retrying request
wandb: 429 encountered (Filestream rate limit exceeded, retrying in 8.197008167395776 seconds), retrying request
wandb: 429 encountered (Filestream rate limit exceeded, retrying in 17.197352201538994 seconds), retrying request
wandb: 429 encountered (Filestream rate limit exceeded, retrying in 37.28023054260634 seconds), retrying request
wandb: 429 encountered (Filestream rate limit exceeded, retrying in 2.218378632818391 seconds), retrying request
wandb: 429 encountered (Filestream rate limit exceeded, retrying in 2.0387149165876393 seconds), retrying request
wandb: 429 encountered (Filestream rate limit exceeded, retrying in 4.570544474825365 seconds), retrying request
wandb: 429 encountered (Filestream rate limit exceeded, retrying in 8.459136159460323 seconds), retrying request
wandb: 429 encountered (Filestream rate limit exceeded, retrying in 2.114106740042832 seconds), retrying request
wandb: 429 encountered (Filestream rate limit exceeded, retrying in 2.3436923274265715 seconds), retrying request
wandb: 429 encountered (Filestream rate limit exceeded, retrying in 4.775180547338876 seconds), retrying request
wandb: 429 encountered (Filestream rate limit exceeded, retrying in 2.067379729694294 seconds), retrying request
wandb: 429 encountered (Filestream rate limit exceeded, retrying in 2.030409704952497 seconds), retrying request
wandb: 429 encountered (Filestream rate limit exceeded, retrying in 4.131399720054849 seconds), retrying request
wandb: 429 encountered (Filestream rate limit exceeded, retrying in 9.943948550049079 seconds), retrying request
wandb: 429 encountered (Filestream rate limit exceeded, retrying in 18.324704448087722 seconds), retrying request
wandb: 429 encountered (Filestream rate limit exceeded, retrying in 37.998644132288916 seconds), retrying request
wandb: 429 encountered (Filestream rate limit exceeded, retrying in 78.94983088348827 seconds), retrying request
wandb: 429 encountered (Filestream rate limit exceeded, retrying in 134.26517559046084 seconds), retrying request
wandb: 429 encountered (Filestream rate limit exceeded, retrying in 270.0325798022912 seconds), retrying request
wandb: 429 encountered (Filestream rate limit exceeded, retrying in 2.490631721003513 seconds), retrying request
wandb: 429 encountered (Filestream rate limit exceeded, retrying in 4.2248214408572835 seconds), retrying request
wandb: 429 encountered (Filestream rate limit exceeded, retrying in 2.0559994579232477 seconds), retrying request
wandb: 429 encountered (Filestream rate limit exceeded, retrying in 2.425507492690375 seconds), retrying request
wandb: 429 encountered (Filestream rate limit exceeded, retrying in 2.059289311983329 seconds), retrying request
wandb: 429 encountered (Filestream rate limit exceeded, retrying in 4.399927555064338 seconds), retrying request
wandb: 429 encountered (Filestream rate limit exceeded, retrying in 2.0080090626183997 seconds), retrying request
wandb: 429 encountered (Filestream rate limit exceeded, retrying in 4.947328326257314 seconds), retrying request
wandb: 429 encountered (Filestream rate limit exceeded, retrying in 2.496573288956771 seconds), retrying request
wandb: 429 encountered (Filestream rate limit exceeded, retrying in 2.45447155815601 seconds), retrying request
wandb: 429 encountered (Filestream rate limit exceeded, retrying in 4.3192212572846875 seconds), retrying request
wandb: 429 encountered (Filestream rate limit exceeded, retrying in 2.007897667982061 seconds), retrying request
wandb: 429 encountered (Filestream rate limit exceeded, retrying in 4.061469526561374 seconds), retrying request
wandb: 429 encountered (Filestream rate limit exceeded, retrying in 8.840758185937922 seconds), retrying request
wandb: 429 encountered (Filestream rate limit exceeded, retrying in 18.041899840772967 seconds), retrying request
wandb: 429 encountered (Filestream rate limit exceeded, retrying in 2.0342503035887023 seconds), retrying request
wandb: 429 encountered (Filestream rate limit exceeded, retrying in 4.206278570915049 seconds), retrying request
wandb: 429 encountered (Filestream rate limit exceeded, retrying in 2.423310493458159 seconds), retrying request
wandb: 429 encountered (Filestream rate limit exceeded, retrying in 4.469525911614435 seconds), retrying request
wandb: 429 encountered (Filestream rate limit exceeded, retrying in 2.3747464786192816 seconds), retrying request
wandb: 429 encountered (Filestream rate limit exceeded, retrying in 4.550888483734571 seconds), retrying request
wandb: 429 encountered (Filestream rate limit exceeded, retrying in 8.4315610096102 seconds), retrying request
wandb: 429 encountered (Filestream rate limit exceeded, retrying in 39.426368568284516 seconds), retrying request
wandb: 429 encountered (Filestream rate limit exceeded, retrying in 9.097962976596737 seconds), retrying request
wandb: 429 encountered (Filestream rate limit exceeded, retrying in 2.18827426812933 seconds), retrying request
wandb: 429 encountered (Filestream rate limit exceeded, retrying in 4.638053051311118 seconds), retrying request
wandb: 429 encountered (Filestream rate limit exceeded, retrying in 2.440088118480183 seconds), retrying request
wandb: 429 encountered (Filestream rate limit exceeded, retrying in 4.9931242580878585 seconds), retrying request
wandb: 429 encountered (Filestream rate limit exceeded, retrying in 8.469917761342131 seconds), retrying request
wandb: 429 encountered (Filestream rate limit exceeded, retrying in 2.3957003384431896 seconds), retrying request
wandb: 429 encountered (Filestream rate limit exceeded, retrying in 2.3853694638802465 seconds), retrying request
wandb: 429 encountered (Filestream rate limit exceeded, retrying in 2.068224475522193 seconds), retrying request
wandb: 429 encountered (Filestream rate limit exceeded, retrying in 4.6448909441691795 seconds), retrying request
wandb: 429 encountered (Filestream rate limit exceeded, retrying in 2.0594682541697904 seconds), retrying request
wandb: 429 encountered (Filestream rate limit exceeded, retrying in 4.035663323797535 seconds), retrying request
wandb: 429 encountered (Filestream rate limit exceeded, retrying in 2.199830248856228 seconds), retrying request
wandb: 429 encountered (Filestream rate limit exceeded, retrying in 2.061483188780745 seconds), retrying request
wandb: 429 encountered (Filestream rate limit exceeded, retrying in 4.6142766702027656 seconds), retrying request
wandb: 429 encountered (Filestream rate limit exceeded, retrying in 2.4411639187166037 seconds), retrying request
wandb: 429 encountered (Filestream rate limit exceeded, retrying in 4.240578988289083 seconds), retrying request
wandb: 429 encountered (Filestream rate limit exceeded, retrying in 2.150381193547487 seconds), retrying request
wandb: 429 encountered (Filestream rate limit exceeded, retrying in 4.309673777865001 seconds), retrying request
wandb: 429 encountered (Filestream rate limit exceeded, retrying in 2.3813676399295036 seconds), retrying request
wandb: 429 encountered (Filestream rate limit exceeded, retrying in 2.3001358185323455 seconds), retrying request
wandb: 429 encountered (Filestream rate limit exceeded, retrying in 2.302829728367993 seconds), retrying request
wandb: 429 encountered (Filestream rate limit exceeded, retrying in 2.0049537192605373 seconds), retrying request
wandb: 429 encountered (Filestream rate limit exceeded, retrying in 4.474719135762305 seconds), retrying request
wandb: 429 encountered (Filestream rate limit exceeded, retrying in 2.449151682682997 seconds), retrying request
wandb: 429 encountered (Filestream rate limit exceeded, retrying in 2.256966411384994 seconds), retrying request
wandb: 429 encountered (Filestream rate limit exceeded, retrying in 4.827622676515466 seconds), retrying request
wandb: 429 encountered (Filestream rate limit exceeded, retrying in 2.207769831419748 seconds), retrying request
wandb: 429 encountered (Filestream rate limit exceeded, retrying in 2.184729384735406 seconds), retrying request
wandb: 429 encountered (Filestream rate limit exceeded, retrying in 2.44607414917887 seconds), retrying request
wandb: 429 encountered (Filestream rate limit exceeded, retrying in 4.908721992236555 seconds), retrying request
wandb: 429 encountered (Filestream rate limit exceeded, retrying in 2.494424674744364 seconds), retrying request
wandb: 429 encountered (Filestream rate limit exceeded, retrying in 4.814516818288474 seconds), retrying request
wandb: 429 encountered (Filestream rate limit exceeded, retrying in 2.0332219514821115 seconds), retrying request
wandb: 429 encountered (Filestream rate limit exceeded, retrying in 2.247357460137731 seconds), retrying request
wandb: 429 encountered (Filestream rate limit exceeded, retrying in 2.312233202228475 seconds), retrying request
wandb: 429 encountered (Filestream rate limit exceeded, retrying in 4.773817019843388 seconds), retrying request
wandb: 429 encountered (Filestream rate limit exceeded, retrying in 2.2584148243658997 seconds), retrying request
wandb: 429 encountered (Filestream rate limit exceeded, retrying in 2.4964037659750757 seconds), retrying request
wandb: 429 encountered (Filestream rate limit exceeded, retrying in 4.351989772184474 seconds), retrying request
wandb: 429 encountered (Filestream rate limit exceeded, retrying in 2.2267687106351484 seconds), retrying request
wandb: 429 encountered (Filestream rate limit exceeded, retrying in 4.737619613457742 seconds), retrying request
wandb: 429 encountered (Filestream rate limit exceeded, retrying in 2.3958571258324897 seconds), retrying request
wandb: 429 encountered (Filestream rate limit exceeded, retrying in 4.135484294976733 seconds), retrying request
wandb: 429 encountered (Filestream rate limit exceeded, retrying in 2.148555061888606 seconds), retrying request
wandb: 429 encountered (Filestream rate limit exceeded, retrying in 4.300423556735362 seconds), retrying request
wandb: 429 encountered (Filestream rate limit exceeded, retrying in 2.4148142723867485 seconds), retrying request
wandb: 429 encountered (Filestream rate limit exceeded, retrying in 2.134830997654256 seconds), retrying request
wandb: 429 encountered (Filestream rate limit exceeded, retrying in 2.2702889513908593 seconds), retrying request
wandb: 429 encountered (Filestream rate limit exceeded, retrying in 4.126766627377317 seconds), retrying request
wandb: 429 encountered (Filestream rate limit exceeded, retrying in 4.820899807453956 seconds), retrying request
wandb: 429 encountered (Filestream rate limit exceeded, retrying in 2.281752176574239 seconds), retrying request
wandb: 429 encountered (Filestream rate limit exceeded, retrying in 4.4230405664855486 seconds), retrying request
wandb: 429 encountered (Filestream rate limit exceeded, retrying in 2.4531849209781877 seconds), retrying request
wandb: 429 encountered (Filestream rate limit exceeded, retrying in 4.657405126187727 seconds), retrying request
wandb: 429 encountered (Filestream rate limit exceeded, retrying in 2.4005545374420323 seconds), retrying request
wandb: 429 encountered (Filestream rate limit exceeded, retrying in 4.9926145420304655 seconds), retrying request
wandb: 429 encountered (Filestream rate limit exceeded, retrying in 2.312564451693288 seconds), retrying request
wandb: 429 encountered (Filestream rate limit exceeded, retrying in 4.873113856185072 seconds), retrying request
wandb: 429 encountered (Filestream rate limit exceeded, retrying in 2.2884564893086585 seconds), retrying request
wandb: 429 encountered (Filestream rate limit exceeded, retrying in 4.648950320676098 seconds), retrying request
wandb: 429 encountered (Filestream rate limit exceeded, retrying in 2.2776342799802727 seconds), retrying request
wandb: 429 encountered (Filestream rate limit exceeded, retrying in 4.537476937621526 seconds), retrying request
wandb: 429 encountered (Filestream rate limit exceeded, retrying in 9.8115254215024 seconds), retrying request
wandb: 429 encountered (Filestream rate limit exceeded, retrying in 2.4622283352047534 seconds), retrying request
wandb: 429 encountered (Filestream rate limit exceeded, retrying in 4.817850081547945 seconds), retrying request
wandb: 429 encountered (Filestream rate limit exceeded, retrying in 2.116605804853506 seconds), retrying request
wandb: 429 encountered (Filestream rate limit exceeded, retrying in 4.754905830076006 seconds), retrying request
wandb: 429 encountered (Filestream rate limit exceeded, retrying in 4.9356526214152705 seconds), retrying request
wandb: 429 encountered (Filestream rate limit exceeded, retrying in 2.4078835580226 seconds), retrying request
wandb: 429 encountered (Filestream rate limit exceeded, retrying in 4.193871344174632 seconds), retrying request
wandb: 429 encountered (Filestream rate limit exceeded, retrying in 2.1368207234113914 seconds), retrying request
wandb: 429 encountered (Filestream rate limit exceeded, retrying in 4.415538700754789 seconds), retrying request
wandb: 429 encountered (Filestream rate limit exceeded, retrying in 8.583015844792627 seconds), retrying request
wandb: 429 encountered (Filestream rate limit exceeded, retrying in 17.32680641717505 seconds), retrying request
wandb: 429 encountered (Filestream rate limit exceeded, retrying in 37.73083712022534 seconds), retrying request
wandb: 429 encountered (Filestream rate limit exceeded, retrying in 2.024154871089836 seconds), retrying request
wandb: 429 encountered (Filestream rate limit exceeded, retrying in 4.588522409221204 seconds), retrying request
wandb: 429 encountered (Filestream rate limit exceeded, retrying in 2.0567695590767863 seconds), retrying request
wandb: 429 encountered (Filestream rate limit exceeded, retrying in 4.64205568713864 seconds), retrying request
wandb: 429 encountered (Filestream rate limit exceeded, retrying in 9.507085464370821 seconds), retrying request
wandb: 429 encountered (Filestream rate limit exceeded, retrying in 18.527063323974236 seconds), retrying request
wandb: 429 encountered (Filestream rate limit exceeded, retrying in 39.143628683568366 seconds), retrying request
wandb: 429 encountered (Filestream rate limit exceeded, retrying in 2.089380209772563 seconds), retrying request
wandb: 429 encountered (Filestream rate limit exceeded, retrying in 4.298334835234151 seconds), retrying request
wandb: 429 encountered (Filestream rate limit exceeded, retrying in 2.2894126801477213 seconds), retrying request
wandb: 429 encountered (Filestream rate limit exceeded, retrying in 4.439042879788162 seconds), retrying request
wandb: 429 encountered (Filestream rate limit exceeded, retrying in 2.2142312081722313 seconds), retrying request
wandb: 429 encountered (Filestream rate limit exceeded, retrying in 2.2772160469278426 seconds), retrying request
wandb: 429 encountered (Filestream rate limit exceeded, retrying in 4.591991790496956 seconds), retrying request
wandb: 429 encountered (Filestream rate limit exceeded, retrying in 8.449942798289324 seconds), retrying request
wandb: 429 encountered (Filestream rate limit exceeded, retrying in 17.050814502963497 seconds), retrying request
wandb: 429 encountered (Filestream rate limit exceeded, retrying in 33.56215970695598 seconds), retrying request
wandb: 429 encountered (Filestream rate limit exceeded, retrying in 76.1399160721747 seconds), retrying request
wandb: 429 encountered (Filestream rate limit exceeded, retrying in 2.1900258637196592 seconds), retrying request
wandb: 429 encountered (Filestream rate limit exceeded, retrying in 2.2595072606230544 seconds), retrying request
wandb: 429 encountered (Filestream rate limit exceeded, retrying in 2.205855891259965 seconds), retrying request
wandb: 429 encountered (Filestream rate limit exceeded, retrying in 4.727896926298058 seconds), retrying request
wandb: 429 encountered (Filestream rate limit exceeded, retrying in 2.2567770935708005 seconds), retrying request
wandb: 429 encountered (Filestream rate limit exceeded, retrying in 4.0147745509197215 seconds), retrying request
wandb: 429 encountered (Filestream rate limit exceeded, retrying in 2.364478629098631 seconds), retrying request
wandb: 429 encountered (Filestream rate limit exceeded, retrying in 2.4137345300888757 seconds), retrying request
wandb: 429 encountered (Filestream rate limit exceeded, retrying in 2.0161916037823726 seconds), retrying request
wandb: 429 encountered (Filestream rate limit exceeded, retrying in 2.132166969592279 seconds), retrying request
wandb: 429 encountered (Filestream rate limit exceeded, retrying in 2.100728934245882 seconds), retrying request
wandb: 429 encountered (Filestream rate limit exceeded, retrying in 4.745980036124416 seconds), retrying request
wandb: 429 encountered (Filestream rate limit exceeded, retrying in 2.120838067049475 seconds), retrying request
wandb: 429 encountered (Filestream rate limit exceeded, retrying in 8.12067848079256 seconds), retrying request
wandb: 429 encountered (Filestream rate limit exceeded, retrying in 16.213011997795995 seconds), retrying request
wandb: 429 encountered (Filestream rate limit exceeded, retrying in 34.13523413084447 seconds), retrying request
wandb: 429 encountered (Filestream rate limit exceeded, retrying in 75.64779940879815 seconds), retrying request
wandb: 429 encountered (Filestream rate limit exceeded, retrying in 2.3562538226511847 seconds), retrying request
wandb: 429 encountered (Filestream rate limit exceeded, retrying in 4.877026752794138 seconds), retrying request
wandb: 429 encountered (Filestream rate limit exceeded, retrying in 2.090650658669617 seconds), retrying request
wandb: 429 encountered (Filestream rate limit exceeded, retrying in 4.196865668826807 seconds), retrying request
wandb: 429 encountered (Filestream rate limit exceeded, retrying in 2.3649817806753237 seconds), retrying request
wandb: 429 encountered (Filestream rate limit exceeded, retrying in 4.781081091670377 seconds), retrying request
wandb: 429 encountered (Filestream rate limit exceeded, retrying in 9.099477123360852 seconds), retrying request
wandb: 429 encountered (Filestream rate limit exceeded, retrying in 17.40719707992878 seconds), retrying request
wandb: 429 encountered (Filestream rate limit exceeded, retrying in 38.26540220170587 seconds), retrying request
wandb: 429 encountered (Filestream rate limit exceeded, retrying in 2.003222356496903 seconds), retrying request
wandb: 429 encountered (Filestream rate limit exceeded, retrying in 4.481944721644019 seconds), retrying request
wandb: 429 encountered (Filestream rate limit exceeded, retrying in 2.347278112147516 seconds), retrying request
wandb: 429 encountered (Filestream rate limit exceeded, retrying in 2.1191203408659622 seconds), retrying request
wandb: 429 encountered (Filestream rate limit exceeded, retrying in 4.5806795575009085 seconds), retrying request
wandb: 429 encountered (Filestream rate limit exceeded, retrying in 9.535429687380327 seconds), retrying request
wandb: 429 encountered (Filestream rate limit exceeded, retrying in 4.3765335428266345 seconds), retrying request
wandb: 429 encountered (Filestream rate limit exceeded, retrying in 2.2365302616761102 seconds), retrying request
wandb: 429 encountered (Filestream rate limit exceeded, retrying in 4.39771157374077 seconds), retrying request
wandb: 429 encountered (Filestream rate limit exceeded, retrying in 2.2058949418851053 seconds), retrying request
wandb: 429 encountered (Filestream rate limit exceeded, retrying in 2.3830995542721265 seconds), retrying request
wandb: 429 encountered (Filestream rate limit exceeded, retrying in 2.3781586758008775 seconds), retrying request
wandb: 429 encountered (Filestream rate limit exceeded, retrying in 2.1181500661209944 seconds), retrying request
wandb: 429 encountered (Filestream rate limit exceeded, retrying in 4.345814304908215 seconds), retrying request
wandb: 429 encountered (Filestream rate limit exceeded, retrying in 2.2106279811358496 seconds), retrying request
wandb: 429 encountered (Filestream rate limit exceeded, retrying in 4.919379548966268 seconds), retrying request
wandb: 429 encountered (Filestream rate limit exceeded, retrying in 2.0800660292825897 seconds), retrying request
wandb: 429 encountered (Filestream rate limit exceeded, retrying in 4.633434839050034 seconds), retrying request
wandb: 429 encountered (Filestream rate limit exceeded, retrying in 2.1495880766944775 seconds), retrying request
wandb: 429 encountered (Filestream rate limit exceeded, retrying in 2.149813832151907 seconds), retrying request
wandb: 429 encountered (Filestream rate limit exceeded, retrying in 2.2497557584255268 seconds), retrying request
wandb: 429 encountered (Filestream rate limit exceeded, retrying in 4.394967411462691 seconds), retrying request
wandb: 429 encountered (Filestream rate limit exceeded, retrying in 8.651199053335215 seconds), retrying request
wandb: 429 encountered (Filestream rate limit exceeded, retrying in 2.3864103043468794 seconds), retrying request
wandb: 429 encountered (Filestream rate limit exceeded, retrying in 4.36812487775763 seconds), retrying request
wandb: 429 encountered (Filestream rate limit exceeded, retrying in 2.1703147508763676 seconds), retrying request
wandb: 429 encountered (Filestream rate limit exceeded, retrying in 2.345166392487638 seconds), retrying request
wandb: 429 encountered (Filestream rate limit exceeded, retrying in 2.07625540929192 seconds), retrying request
wandb: 429 encountered (Filestream rate limit exceeded, retrying in 2.3241416148629632 seconds), retrying request
wandb: 429 encountered (Filestream rate limit exceeded, retrying in 2.322209197367499 seconds), retrying request
wandb: 429 encountered (Filestream rate limit exceeded, retrying in 4.6318514595391695 seconds), retrying request
wandb: 429 encountered (Filestream rate limit exceeded, retrying in 9.044732206943051 seconds), retrying request
wandb: 429 encountered (Filestream rate limit exceeded, retrying in 9.35976804510424 seconds), retrying request
wandb: 429 encountered (Filestream rate limit exceeded, retrying in 16.717327875798087 seconds), retrying request
wandb: 429 encountered (Filestream rate limit exceeded, retrying in 37.89579192407838 seconds), retrying request
wandb: 429 encountered (Filestream rate limit exceeded, retrying in 2.105828393747367 seconds), retrying request
wandb: 429 encountered (Filestream rate limit exceeded, retrying in 4.269466478186401 seconds), retrying request
wandb: 429 encountered (Filestream rate limit exceeded, retrying in 2.0000547454798285 seconds), retrying request
wandb: 429 encountered (Filestream rate limit exceeded, retrying in 4.847343261298615 seconds), retrying request
wandb: 429 encountered (Filestream rate limit exceeded, retrying in 2.345422547698075 seconds), retrying request
wandb: 429 encountered (Filestream rate limit exceeded, retrying in 4.167644007873233 seconds), retrying request
wandb: 429 encountered (Filestream rate limit exceeded, retrying in 2.1407719644419863 seconds), retrying request
wandb: 429 encountered (Filestream rate limit exceeded, retrying in 2.1375131273181696 seconds), retrying request
wandb: 429 encountered (Filestream rate limit exceeded, retrying in 2.446672916829819 seconds), retrying request
wandb: 429 encountered (Filestream rate limit exceeded, retrying in 4.557075595554667 seconds), retrying request
wandb: 429 encountered (Filestream rate limit exceeded, retrying in 2.3444114355847256 seconds), retrying request
wandb: 429 encountered (Filestream rate limit exceeded, retrying in 4.063128633591864 seconds), retrying request
wandb: 429 encountered (Filestream rate limit exceeded, retrying in 2.3705321571103264 seconds), retrying request
wandb: 429 encountered (Filestream rate limit exceeded, retrying in 2.033619491645277 seconds), retrying request
wandb: 429 encountered (Filestream rate limit exceeded, retrying in 4.413683760632985 seconds), retrying request
wandb: 429 encountered (Filestream rate limit exceeded, retrying in 2.449158335146382 seconds), retrying request
wandb: 429 encountered (Filestream rate limit exceeded, retrying in 2.4918646444284542 seconds), retrying request
wandb: 429 encountered (Filestream rate limit exceeded, retrying in 4.541388879921017 seconds), retrying request
wandb: 429 encountered (Filestream rate limit exceeded, retrying in 2.3017181965783253 seconds), retrying request
wandb: 429 encountered (Filestream rate limit exceeded, retrying in 4.421952471807547 seconds), retrying request
wandb: 429 encountered (Filestream rate limit exceeded, retrying in 2.3731650155722996 seconds), retrying request
wandb: 429 encountered (Filestream rate limit exceeded, retrying in 2.3647552304879595 seconds), retrying request
wandb: 429 encountered (Filestream rate limit exceeded, retrying in 2.4053264911129317 seconds), retrying request
wandb: 429 encountered (Filestream rate limit exceeded, retrying in 4.332579946513485 seconds), retrying request
wandb: 429 encountered (Filestream rate limit exceeded, retrying in 2.2704954075902535 seconds), retrying request
wandb: 429 encountered (Filestream rate limit exceeded, retrying in 17.502239561967237 seconds), retrying request
wandb: 429 encountered (Filestream rate limit exceeded, retrying in 37.133590762439376 seconds), retrying request
/home/zihan/anaconda3/envs/x/lib/python3.7/site-packages/tensorflow/python/framework/dtypes.py:516: FutureWarning: Passing (type, 1) or '1type' as a synonym of type is deprecated; in a future version of numpy, it will be understo