pygame 2.0.1 (SDL 2.0.14, Python 3.7.0)
Hello from the pygame community. https://www.pygame.org/contribute.html
/home/zihan/anaconda3/envs/x/lib/python3.7/site-packages/ecos/ecos.py:26: UserWarning: Converting G to a CSC matrix; may take a while.
  warn("Converting G to a CSC matrix; may take a while.")
/home/zihan/anaconda3/envs/x/lib/python3.7/site-packages/ecos/ecos.py:29: UserWarning: Converting A to a CSC matrix; may take a while.
  warn("Converting A to a CSC matrix; may take a while.")
boxing_v1 pettingzoo
Load boxing_v1 environment in type pettingzoo.
Env observation space: Box(0.0, 1.0, (128,), float32) action space: Discrete(18)
random seed: 23
<mars.env.wrappers.mars_wrappers.Dict2TupleWrapper object at 0x7fb6fbf59550>
DQNBase(
  (net): MLP(
    (body): Sequential(
      (0): Linear(in_features=128, out_features=128, bias=True)
      (1): ReLU()
      (2): Linear(in_features=128, out_features=128, bias=True)
      (3): ReLU()
      (4): Linear(in_features=128, out_features=128, bias=True)
      (5): ReLU()
      (6): Linear(in_features=128, out_features=128, bias=True)
      (7): ReLU()
      (8): Linear(in_features=128, out_features=18, bias=True)
    )
  )
)
DQNBase(
  (net): MLP(
    (body): Sequential(
      (0): Linear(in_features=128, out_features=128, bias=True)
      (1): ReLU()
      (2): Linear(in_features=128, out_features=128, bias=True)
      (3): ReLU()
      (4): Linear(in_features=128, out_features=128, bias=True)
      (5): ReLU()
      (6): Linear(in_features=128, out_features=128, bias=True)
      (7): ReLU()
      (8): Linear(in_features=128, out_features=18, bias=True)
    )
  )
)
Agents No. [1] (index starting from 0) are not learnable.
{'env_name': 'boxing_v1', 'env_type': 'pettingzoo', 'num_envs': 1, 'ram': True, 'seed': 'random', 'algorithm': 'DQN', 'algorithm_spec': {'episodic_update': False, 'dueling': False, 'replay_buffer_size': '1e5', 'gamma': 0.99, 'multi_step': 1, 'target_update_interval': 1000, 'eps_start': 1.0, 'eps_final': 0.001, 'eps_decay': 100000}, 'num_process': 5, 'batch_size': 128, 'max_episodes': 50000, 'max_steps_per_episode': 300, 'train_start_frame': 0, 'optimizer': 'adam', 'learning_rate': '1e-4', 'device': 'gpu', 'update_itr': 1, 'log_avg_window': 20, 'log_interval': 20, 'render': False, 'test': False, 'exploit': False, 'load_model_idx': False, 'load_model_full_path': False, 'multiprocess': True, 'eval_models': False, 'save_path': '', 'save_interval': 2000, 'net_architecture': {'hidden_dim_list': [128, 128, 128, 128], 'hidden_activation': 'ReLU', 'output_activation': False}, 'marl_method': 'selfplay2', 'marl_spec': {'min_update_interval': 20, 'score_avg_window': 10, 'global_state': False, 'selfplay_score_delta': 80, 'trainable_agent_idx': 0, 'opponent_idx': 1}, 'add_components': {'replay_buffer': <AutoProxy[replay_buffer] object, typeid 'replay_buffer' at 0x7fb70c0a82b0>}}
pygame 2.0.1 (SDL 2.0.14, Python 3.7.0)
Hello from the pygame community. https://www.pygame.org/contribute.html
boxing_v1 pettingzoo
Load boxing_v1 environment in type pettingzoo.
Env observation space: Box(0.0, 1.0, (128,), float32) action space: Discrete(18)
random seed: 23
Arguments:  {'env_name': 'boxing_v1', 'env_type': 'pettingzoo', 'num_envs': 1, 'ram': True, 'seed': 'random', 'algorithm': 'DQN', 'algorithm_spec': {'episodic_update': False, 'dueling': False, 'replay_buffer_size': '1e5', 'gamma': 0.99, 'multi_step': 1, 'target_update_interval': 1000, 'eps_start': 1.0, 'eps_final': 0.001, 'eps_decay': 100000}, 'num_process': 5, 'batch_size': 128, 'max_episodes': 50000, 'max_steps_per_episode': 300, 'train_start_frame': 0, 'optimizer': 'adam', 'learning_rate': '1e-4', 'device': 'gpu', 'update_itr': 1, 'log_avg_window': 20, 'log_interval': 20, 'render': False, 'test': False, 'exploit': False, 'load_model_idx': False, 'load_model_full_path': False, 'multiprocess': True, 'eval_models': False, 'save_path': '', 'save_interval': 2000, 'net_architecture': {'hidden_dim_list': [128, 128, 128, 128], 'hidden_activation': 'ReLU', 'output_activation': False}, 'marl_method': 'selfplay2', 'marl_spec': {'min_update_interval': 20, 'score_avg_window': 10, 'global_state': False, 'selfplay_score_delta': 80, 'trainable_agent_idx': 0, 'opponent_idx': 1}, 'add_components': {'replay_buffer': <AutoProxy[replay_buffer] object, typeid 'replay_buffer' at 0x7feb2ae05f98>}}
Save models to : /home/zihan/research/MARS/data/model/20220418_0316/pettingzoo_boxing_v1_selfplay2. 
 Save logs to: /home/zihan/research/MARS/data/log/20220418_0316/pettingzoo_boxing_v1_selfplay2.
Process ID: 0, episode: 20/50000 (0.0400%),                     avg. length: 299.0,                    last time consumption/overall running time: 26.64s / 26.64 s
first_0:                     episode reward: 0.4500
second_0:                     episode reward: -0.4500
Process ID: 0, episode: 40/50000 (0.0800%),                     avg. length: 299.0,                    last time consumption/overall running time: 29.60s / 56.24 s
first_0:                     episode reward: 4.2500
second_0:                     episode reward: -4.2500
Process ID: 0, episode: 60/50000 (0.1200%),                     avg. length: 299.0,                    last time consumption/overall running time: 29.19s / 85.43 s
first_0:                     episode reward: 4.1000
second_0:                     episode reward: -4.1000
Process ID: 0, episode: 80/50000 (0.1600%),                     avg. length: 299.0,                    last time consumption/overall running time: 28.65s / 114.08 s
first_0:                     episode reward: 8.1000
second_0:                     episode reward: -8.1000
Process ID: 0, episode: 100/50000 (0.2000%),                     avg. length: 299.0,                    last time consumption/overall running time: 29.00s / 143.08 s
first_0:                     episode reward: 14.8000
second_0:                     episode reward: -14.8000
Process ID: 0, episode: 120/50000 (0.2400%),                     avg. length: 299.0,                    last time consumption/overall running time: 28.63s / 171.71 s
first_0:                     episode reward: 32.1500
second_0:                     episode reward: -32.1500
Process ID: 0, episode: 140/50000 (0.2800%),                     avg. length: 299.0,                    last time consumption/overall running time: 29.78s / 201.48 s
first_0:                     episode reward: 36.6500
second_0:                     episode reward: -36.6500
Process ID: 0, episode: 160/50000 (0.3200%),                     avg. length: 299.0,                    last time consumption/overall running time: 30.36s / 231.85 s
first_0:                     episode reward: 41.6500
second_0:                     episode reward: -41.6500
Process ID: 0, episode: 180/50000 (0.3600%),                     avg. length: 299.0,                    last time consumption/overall running time: 31.05s / 262.90 s
first_0:                     episode reward: 45.7000
second_0:                     episode reward: -45.7000
Process ID: 0, episode: 200/50000 (0.4000%),                     avg. length: 299.0,                    last time consumption/overall running time: 31.57s / 294.47 s
first_0:                     episode reward: 53.6000
second_0:                     episode reward: -53.6000
Process ID: 0, episode: 220/50000 (0.4400%),                     avg. length: 299.0,                    last time consumption/overall running time: 33.31s / 327.78 s
first_0:                     episode reward: 57.0000
second_0:                     episode reward: -57.0000
Process ID: 0, episode: 240/50000 (0.4800%),                     avg. length: 299.0,                    last time consumption/overall running time: 34.25s / 362.03 s
first_0:                     episode reward: 64.0000
second_0:                     episode reward: -64.0000
Process ID: 0, episode: 260/50000 (0.5200%),                     avg. length: 299.0,                    last time consumption/overall running time: 36.42s / 398.44 s
first_0:                     episode reward: 62.6000
second_0:                     episode reward: -62.6000
Process ID: 0, episode: 280/50000 (0.5600%),                     avg. length: 299.0,                    last time consumption/overall running time: 37.66s / 436.11 s
first_0:                     episode reward: 69.1500
second_0:                     episode reward: -69.1500
Process ID: 0, episode: 300/50000 (0.6000%),                     avg. length: 299.0,                    last time consumption/overall running time: 37.56s / 473.67 s
first_0:                     episode reward: 79.0500
second_0:                     episode reward: -79.0500
Process ID: 0, episode: 320/50000 (0.6400%),                     avg. length: 299.0,                    last time consumption/overall running time: 39.63s / 513.30 s
first_0:                     episode reward: 82.1500
second_0:                     episode reward: -82.1500
Process ID: 0, episode: 340/50000 (0.6800%),                     avg. length: 299.0,                    last time consumption/overall running time: 40.83s / 554.13 s
first_0:                     episode reward: 85.0000
second_0:                     episode reward: -85.0000
Process ID: 0, episode: 360/50000 (0.7200%),                     avg. length: 299.0,                    last time consumption/overall running time: 41.90s / 596.03 s
first_0:                     episode reward: 88.5000
second_0:                     episode reward: -88.5000
Process ID: 0, episode: 380/50000 (0.7600%),                     avg. length: 297.75,                    last time consumption/overall running time: 42.09s / 638.11 s
first_0:                     episode reward: 91.2000
second_0:                     episode reward: -91.2000
Process ID: 0, episode: 400/50000 (0.8000%),                     avg. length: 295.05,                    last time consumption/overall running time: 40.68s / 678.80 s
first_0:                     episode reward: 94.8000
second_0:                     episode reward: -94.8000
Process ID: 0, episode: 420/50000 (0.8400%),                     avg. length: 288.5,                    last time consumption/overall running time: 40.88s / 719.68 s
first_0:                     episode reward: 97.3500
second_0:                     episode reward: -97.3500
Process ID: 0, episode: 440/50000 (0.8800%),                     avg. length: 293.1,                    last time consumption/overall running time: 40.94s / 760.61 s
first_0:                     episode reward: 94.7500
second_0:                     episode reward: -94.7500
Process ID: 0, episode: 460/50000 (0.9200%),                     avg. length: 292.1,                    last time consumption/overall running time: 41.00s / 801.61 s
first_0:                     episode reward: 96.6500
second_0:                     episode reward: -96.6500
Process ID: 0, episode: 480/50000 (0.9600%),                     avg. length: 294.75,                    last time consumption/overall running time: 41.02s / 842.64 s
first_0:                     episode reward: 93.4000
second_0:                     episode reward: -93.4000
Process ID: 0, episode: 500/50000 (1.0000%),                     avg. length: 289.05,                    last time consumption/overall running time: 40.65s / 883.28 s
first_0:                     episode reward: 96.8000
second_0:                     episode reward: -96.8000
Process ID: 0, episode: 520/50000 (1.0400%),                     avg. length: 278.05,                    last time consumption/overall running time: 40.98s / 924.27 s
first_0:                     episode reward: 100.0000
second_0:                     episode reward: -100.0000
Process ID: 0, episode: 540/50000 (1.0800%),                     avg. length: 280.65,                    last time consumption/overall running time: 39.22s / 963.49 s
first_0:                     episode reward: 98.9500
second_0:                     episode reward: -98.9500
Process ID: 0, episode: 560/50000 (1.1200%),                     avg. length: 272.7,                    last time consumption/overall running time: 37.63s / 1001.12 s
first_0:                     episode reward: 99.6500
second_0:                     episode reward: -99.6500
Process ID: 0, episode: 580/50000 (1.1600%),                     avg. length: 274.2,                    last time consumption/overall running time: 38.22s / 1039.34 s
first_0:                     episode reward: 89.5500
second_0:                     episode reward: -89.5500
Process ID: 0, episode: 600/50000 (1.2000%),                     avg. length: 299.0,                    last time consumption/overall running time: 42.61s / 1081.95 s
first_0:                     episode reward: 1.6000
second_0:                     episode reward: -1.6000
Process ID: 0, episode: 620/50000 (1.2400%),                     avg. length: 299.0,                    last time consumption/overall running time: 43.10s / 1125.05 s
first_0:                     episode reward: 3.9500
second_0:                     episode reward: -3.9500
Process ID: 0, episode: 640/50000 (1.2800%),                     avg. length: 299.0,                    last time consumption/overall running time: 42.51s / 1167.56 s
first_0:                     episode reward: 5.1000
second_0:                     episode reward: -5.1000
Process ID: 0, episode: 660/50000 (1.3200%),                     avg. length: 299.0,                    last time consumption/overall running time: 42.76s / 1210.33 s
first_0:                     episode reward: 2.1500
second_0:                     episode reward: -2.1500
Process ID: 0, episode: 680/50000 (1.3600%),                     avg. length: 299.0,                    last time consumption/overall running time: 42.94s / 1253.26 s
first_0:                     episode reward: 1.1500
second_0:                     episode reward: -1.1500
Process ID: 0, episode: 700/50000 (1.4000%),                     avg. length: 299.0,                    last time consumption/overall running time: 43.10s / 1296.36 s
first_0:                     episode reward: 0.2000
second_0:                     episode reward: -0.2000
Process ID: 0, episode: 720/50000 (1.4400%),                     avg. length: 299.0,                    last time consumption/overall running time: 43.55s / 1339.91 s
first_0:                     episode reward: 0.4000
second_0:                     episode reward: -0.4000
Process ID: 0, episode: 740/50000 (1.4800%),                     avg. length: 299.0,                    last time consumption/overall running time: 44.43s / 1384.34 s
first_0:                     episode reward: 0.1500
second_0:                     episode reward: -0.1500
Process ID: 0, episode: 760/50000 (1.5200%),                     avg. length: 299.0,                    last time consumption/overall running time: 44.26s / 1428.60 s
first_0:                     episode reward: 0.0000
second_0:                     episode reward: 0.0000
Process ID: 0, episode: 780/50000 (1.5600%),                     avg. length: 299.0,                    last time consumption/overall running time: 43.49s / 1472.09 s
first_0:                     episode reward: 0.0000
second_0:                     episode reward: 0.0000
Process ID: 0, episode: 800/50000 (1.6000%),                     avg. length: 299.0,                    last time consumption/overall running time: 43.69s / 1515.78 s
first_0:                     episode reward: 0.0000
second_0:                     episode reward: 0.0000
Process ID: 0, episode: 820/50000 (1.6400%),                     avg. length: 299.0,                    last time consumption/overall running time: 44.25s / 1560.03 s
first_0:                     episode reward: 0.0000
second_0:                     episode reward: 0.0000
Process ID: 0, episode: 840/50000 (1.6800%),                     avg. length: 299.0,                    last time consumption/overall running time: 44.21s / 1604.24 s
first_0:                     episode reward: 0.0000
second_0:                     episode reward: 0.0000
Process ID: 0, episode: 860/50000 (1.7200%),                     avg. length: 299.0,                    last time consumption/overall running time: 43.69s / 1647.93 s
first_0:                     episode reward: 0.0000
second_0:                     episode reward: 0.0000
Process ID: 0, episode: 880/50000 (1.7600%),                     avg. length: 299.0,                    last time consumption/overall running time: 42.96s / 1690.89 s
first_0:                     episode reward: 0.0000
second_0:                     episode reward: 0.0000
Process ID: 0, episode: 900/50000 (1.8000%),                     avg. length: 299.0,                    last time consumption/overall running time: 42.97s / 1733.86 s
first_0:                     episode reward: 0.0000
second_0:                     episode reward: 0.0000
Process ID: 0, episode: 920/50000 (1.8400%),                     avg. length: 299.0,                    last time consumption/overall running time: 42.72s / 1776.57 s
first_0:                     episode reward: 0.0000
second_0:                     episode reward: 0.0000
Process ID: 0, episode: 940/50000 (1.8800%),                     avg. length: 299.0,                    last time consumption/overall running time: 42.87s / 1819.45 s
first_0:                     episode reward: 0.0000
second_0:                     episode reward: 0.0000
Process ID: 0, episode: 960/50000 (1.9200%),                     avg. length: 299.0,                    last time consumption/overall running time: 42.38s / 1861.82 s
first_0:                     episode reward: 0.0000
second_0:                     episode reward: 0.0000
Process ID: 0, episode: 980/50000 (1.9600%),                     avg. length: 299.0,                    last time consumption/overall running time: 43.77s / 1905.59 s
first_0:                     episode reward: 0.0000
second_0:                     episode reward: 0.0000
Process ID: 0, episode: 1000/50000 (2.0000%),                     avg. length: 299.0,                    last time consumption/overall running time: 44.62s / 1950.22 s
first_0:                     episode reward: 0.0000
second_0:                     episode reward: 0.0000
Process ID: 0, episode: 1020/50000 (2.0400%),                     avg. length: 299.0,                    last time consumption/overall running time: 44.43s / 1994.64 s
first_0:                     episode reward: 0.0000
second_0:                     episode reward: 0.0000
Process ID: 0, episode: 1040/50000 (2.0800%),                     avg. length: 299.0,                    last time consumption/overall running time: 45.30s / 2039.94 s
first_0:                     episode reward: 0.0000
second_0:                     episode reward: 0.0000
Process ID: 0, episode: 1060/50000 (2.1200%),                     avg. length: 299.0,                    last time consumption/overall running time: 45.36s / 2085.30 s
first_0:                     episode reward: 0.0000
second_0:                     episode reward: 0.0000
Process ID: 0, episode: 1080/50000 (2.1600%),                     avg. length: 299.0,                    last time consumption/overall running time: 44.50s / 2129.80 s
first_0:                     episode reward: 0.0000
second_0:                     episode reward: 0.0000
Process ID: 0, episode: 1100/50000 (2.2000%),                     avg. length: 299.0,                    last time consumption/overall running time: 45.97s / 2175.77 s
first_0:                     episode reward: 0.0000
second_0:                     episode reward: 0.0000
Process ID: 0, episode: 1120/50000 (2.2400%),                     avg. length: 299.0,                    last time consumption/overall running time: 43.83s / 2219.60 s
first_0:                     episode reward: 0.0000
second_0:                     episode reward: 0.0000
Process ID: 0, episode: 1140/50000 (2.2800%),                     avg. length: 299.0,                    last time consumption/overall running time: 43.89s / 2263.49 s
first_0:                     episode reward: 0.0000
second_0:                     episode reward: 0.0000
Process ID: 0, episode: 1160/50000 (2.3200%),                     avg. length: 299.0,                    last time consumption/overall running time: 43.58s / 2307.07 s
first_0:                     episode reward: 0.0000
second_0:                     episode reward: 0.0000
Process ID: 0, episode: 1180/50000 (2.3600%),                     avg. length: 299.0,                    last time consumption/overall running time: 44.39s / 2351.46 s
first_0:                     episode reward: 0.0000
second_0:                     episode reward: 0.0000
Process ID: 0, episode: 1200/50000 (2.4000%),                     avg. length: 299.0,                    last time consumption/overall running time: 44.22s / 2395.68 s
first_0:                     episode reward: 0.0000
second_0:                     episode reward: 0.0000
Process ID: 0, episode: 1220/50000 (2.4400%),                     avg. length: 299.0,                    last time consumption/overall running time: 45.33s / 2441.00 s
first_0:                     episode reward: 0.0000
second_0:                     episode reward: 0.0000
Process ID: 0, episode: 1240/50000 (2.4800%),                     avg. length: 299.0,                    last time consumption/overall running time: 43.30s / 2484.30 s
first_0:                     episode reward: 0.0000
second_0:                     episode reward: 0.0000
Process ID: 0, episode: 1260/50000 (2.5200%),                     avg. length: 299.0,                    last time consumption/overall running time: 44.07s / 2528.37 s
first_0:                     episode reward: 0.0000
second_0:                     episode reward: 0.0000
Process ID: 0, episode: 1280/50000 (2.5600%),                     avg. length: 299.0,                    last time consumption/overall running time: 44.50s / 2572.88 s
first_0:                     episode reward: 0.0000
second_0:                     episode reward: 0.0000
Process ID: 0, episode: 1300/50000 (2.6000%),                     avg. length: 299.0,                    last time consumption/overall running time: 43.69s / 2616.57 s
first_0:                     episode reward: 0.0000
second_0:                     episode reward: 0.0000
Process ID: 0, episode: 1320/50000 (2.6400%),                     avg. length: 299.0,                    last time consumption/overall running time: 43.87s / 2660.43 s
first_0:                     episode reward: 0.0000
second_0:                     episode reward: 0.0000
Process ID: 0, episode: 1340/50000 (2.6800%),                     avg. length: 299.0,                    last time consumption/overall running time: 43.46s / 2703.89 s
first_0:                     episode reward: 0.0000
second_0:                     episode reward: 0.0000
Process ID: 0, episode: 1360/50000 (2.7200%),                     avg. length: 299.0,                    last time consumption/overall running time: 42.74s / 2746.63 s
first_0:                     episode reward: 0.0000
second_0:                     episode reward: 0.0000
Process ID: 0, episode: 1380/50000 (2.7600%),                     avg. length: 299.0,                    last time consumption/overall running time: 42.70s / 2789.33 s
first_0:                     episode reward: 0.0000
second_0:                     episode reward: 0.0000
Process ID: 0, episode: 1400/50000 (2.8000%),                     avg. length: 299.0,                    last time consumption/overall running time: 45.53s / 2834.86 s
first_0:                     episode reward: 0.0000
second_0:                     episode reward: 0.0000
Process ID: 0, episode: 1420/50000 (2.8400%),                     avg. length: 299.0,                    last time consumption/overall running time: 45.44s / 2880.30 s
first_0:                     episode reward: 0.0000
second_0:                     episode reward: 0.0000
Process ID: 0, episode: 1440/50000 (2.8800%),                     avg. length: 299.0,                    last time consumption/overall running time: 44.05s / 2924.35 s
first_0:                     episode reward: 0.0000
second_0:                     episode reward: 0.0000
Process ID: 0, episode: 1460/50000 (2.9200%),                     avg. length: 299.0,                    last time consumption/overall running time: 43.64s / 2967.99 s
first_0:                     episode reward: 0.0000
second_0:                     episode reward: 0.0000
Process ID: 0, episode: 1480/50000 (2.9600%),                     avg. length: 299.0,                    last time consumption/overall running time: 45.33s / 3013.33 s
first_0:                     episode reward: 0.0000
second_0:                     episode reward: 0.0000
Process ID: 0, episode: 1500/50000 (3.0000%),                     avg. length: 299.0,                    last time consumption/overall running time: 45.08s / 3058.41 s
first_0:                     episode reward: 0.0000
second_0:                     episode reward: 0.0000
Process ID: 0, episode: 1520/50000 (3.0400%),                     avg. length: 299.0,                    last time consumption/overall running time: 45.84s / 3104.25 s
first_0:                     episode reward: 0.0000
second_0:                     episode reward: 0.0000
Process ID: 0, episode: 1540/50000 (3.0800%),                     avg. length: 299.0,                    last time consumption/overall running time: 45.09s / 3149.34 s
first_0:                     episode reward: 0.0000
second_0:                     episode reward: 0.0000
Process ID: 0, episode: 1560/50000 (3.1200%),                     avg. length: 299.0,                    last time consumption/overall running time: 44.96s / 3194.30 s
first_0:                     episode reward: 0.0000
second_0:                     episode reward: 0.0000
Process ID: 0, episode: 1580/50000 (3.1600%),                     avg. length: 299.0,                    last time consumption/overall running time: 45.07s / 3239.37 s
first_0:                     episode reward: 0.0000
second_0:                     episode reward: 0.0000
Process ID: 0, episode: 1600/50000 (3.2000%),                     avg. length: 299.0,                    last time consumption/overall running time: 45.01s / 3284.38 s
first_0:                     episode reward: 0.0000
second_0:                     episode reward: 0.0000
Process ID: 0, episode: 1620/50000 (3.2400%),                     avg. length: 299.0,                    last time consumption/overall running time: 45.31s / 3329.69 s
first_0:                     episode reward: 0.0000
second_0:                     episode reward: 0.0000
Process ID: 0, episode: 1640/50000 (3.2800%),                     avg. length: 299.0,                    last time consumption/overall running time: 43.55s / 3373.24 s
first_0:                     episode reward: 0.0000
second_0:                     episode reward: 0.0000
Process ID: 0, episode: 1660/50000 (3.3200%),                     avg. length: 299.0,                    last time consumption/overall running time: 45.09s / 3418.34 s
first_0:                     episode reward: 0.0000
second_0:                     episode reward: 0.0000
Process ID: 0, episode: 1680/50000 (3.3600%),                     avg. length: 299.0,                    last time consumption/overall running time: 44.89s / 3463.23 s
first_0:                     episode reward: 0.0000
second_0:                     episode reward: 0.0000
Process ID: 0, episode: 1700/50000 (3.4000%),                     avg. length: 299.0,                    last time consumption/overall running time: 44.76s / 3508.00 s
first_0:                     episode reward: 0.0000