pygame 2.0.1 (SDL 2.0.14, Python 3.7.0)
Hello from the pygame community. https://www.pygame.org/contribute.html
/home/zihan/anaconda3/envs/x/lib/python3.7/site-packages/ecos/ecos.py:26: UserWarning: Converting G to a CSC matrix; may take a while.
  warn("Converting G to a CSC matrix; may take a while.")
/home/zihan/anaconda3/envs/x/lib/python3.7/site-packages/ecos/ecos.py:29: UserWarning: Converting A to a CSC matrix; may take a while.
  warn("Converting A to a CSC matrix; may take a while.")
boxing_v1 pettingzoo
Load boxing_v1 environment in type pettingzoo.
Env observation space: Box(0.0, 1.0, (128,), float32) action space: Discrete(18)
random seed: 23
<mars.env.wrappers.mars_wrappers.Dict2TupleWrapper object at 0x7faf871a7c18>
DQNBase(
  (net): MLP(
    (body): Sequential(
      (0): Linear(in_features=128, out_features=128, bias=True)
      (1): ReLU()
      (2): Linear(in_features=128, out_features=128, bias=True)
      (3): ReLU()
      (4): Linear(in_features=128, out_features=128, bias=True)
      (5): ReLU()
      (6): Linear(in_features=128, out_features=128, bias=True)
      (7): ReLU()
      (8): Linear(in_features=128, out_features=18, bias=True)
    )
  )
)
DQNBase(
  (net): MLP(
    (body): Sequential(
      (0): Linear(in_features=128, out_features=128, bias=True)
      (1): ReLU()
      (2): Linear(in_features=128, out_features=128, bias=True)
      (3): ReLU()
      (4): Linear(in_features=128, out_features=128, bias=True)
      (5): ReLU()
      (6): Linear(in_features=128, out_features=128, bias=True)
      (7): ReLU()
      (8): Linear(in_features=128, out_features=18, bias=True)
    )
  )
)
No agent are not learnable.
{'env_name': 'boxing_v1', 'env_type': 'pettingzoo', 'num_envs': 1, 'ram': True, 'seed': 'random', 'algorithm': 'DQN', 'algorithm_spec': {'episodic_update': False, 'dueling': False, 'replay_buffer_size': '1e5', 'gamma': 0.99, 'multi_step': 1, 'target_update_interval': 1000, 'eps_start': 1.0, 'eps_final': 0.001, 'eps_decay': 100000}, 'num_process': 5, 'batch_size': 128, 'max_episodes': 50000, 'max_steps_per_episode': 300, 'train_start_frame': 10000, 'optimizer': 'adam', 'learning_rate': '1e-4', 'device': 'gpu', 'update_itr': 1, 'log_avg_window': 20, 'log_interval': 20, 'render': False, 'test': False, 'exploit': False, 'load_model_idx': False, 'load_model_full_path': False, 'multiprocess': True, 'eval_models': False, 'save_path': '', 'save_interval': 2000, 'net_architecture': {'hidden_dim_list': [128, 128, 128, 128], 'hidden_activation': 'ReLU', 'output_activation': False}, 'marl_method': 'nfsp', 'marl_spec': {'min_update_interval': 20, 'score_avg_window': 10, 'global_state': False, 'eta': 0.1}, 'add_components': {'replay_buffer': <AutoProxy[replay_buffer] object, typeid 'replay_buffer' at 0x7faf871abe48>, 'reservoir_buffer': <AutoProxy[reservoir_buffer] object, typeid 'reservoir_buffer' at 0x7faf87192358>}}
pygame 2.0.1 (SDL 2.0.14, Python 3.7.0)
Hello from the pygame community. https://www.pygame.org/contribute.html
boxing_v1 pettingzoo
Load boxing_v1 environment in type pettingzoo.
Env observation space: Box(0.0, 1.0, (128,), float32) action space: Discrete(18)
random seed: 23
Arguments:  {'env_name': 'boxing_v1', 'env_type': 'pettingzoo', 'num_envs': 1, 'ram': True, 'seed': 'random', 'algorithm': 'DQN', 'algorithm_spec': {'episodic_update': False, 'dueling': False, 'replay_buffer_size': '1e5', 'gamma': 0.99, 'multi_step': 1, 'target_update_interval': 1000, 'eps_start': 1.0, 'eps_final': 0.001, 'eps_decay': 100000}, 'num_process': 5, 'batch_size': 128, 'max_episodes': 50000, 'max_steps_per_episode': 300, 'train_start_frame': 10000, 'optimizer': 'adam', 'learning_rate': '1e-4', 'device': 'gpu', 'update_itr': 1, 'log_avg_window': 20, 'log_interval': 20, 'render': False, 'test': False, 'exploit': False, 'load_model_idx': False, 'load_model_full_path': False, 'multiprocess': True, 'eval_models': False, 'save_path': '', 'save_interval': 2000, 'net_architecture': {'hidden_dim_list': [128, 128, 128, 128], 'hidden_activation': 'ReLU', 'output_activation': False}, 'marl_method': 'nfsp', 'marl_spec': {'min_update_interval': 20, 'score_avg_window': 10, 'global_state': False, 'eta': 0.1}, 'add_components': {'replay_buffer': <AutoProxy[replay_buffer] object, typeid 'replay_buffer' at 0x7f43249d6e10>, 'reservoir_buffer': <AutoProxy[reservoir_buffer] object, typeid 'reservoir_buffer' at 0x7f4324943358>}}
Save models to : /home/zihan/research/MARS/data/model/20220418_0316/pettingzoo_boxing_v1_nfsp. 
 Save logs to: /home/zihan/research/MARS/data/log/20220418_0316/pettingzoo_boxing_v1_nfsp.
Process ID: 0, episode: 20/50000 (0.0400%),                     avg. length: 299.0,                    last time consumption/overall running time: 30.86s / 30.86 s
first_0:                     episode reward: 0.0500
second_0:                     episode reward: -0.0500
Process ID: 0, episode: 40/50000 (0.0800%),                     avg. length: 299.0,                    last time consumption/overall running time: 28.24s / 59.09 s
first_0:                     episode reward: -0.1500
second_0:                     episode reward: 0.1500
Process ID: 0, episode: 60/50000 (0.1200%),                     avg. length: 299.0,                    last time consumption/overall running time: 30.44s / 89.53 s
first_0:                     episode reward: -0.1500
second_0:                     episode reward: 0.1500
Process ID: 0, episode: 80/50000 (0.1600%),                     avg. length: 299.0,                    last time consumption/overall running time: 32.34s / 121.87 s
first_0:                     episode reward: -0.1500
second_0:                     episode reward: 0.1500
Process ID: 0, episode: 100/50000 (0.2000%),                     avg. length: 299.0,                    last time consumption/overall running time: 35.78s / 157.65 s
first_0:                     episode reward: -0.2500
second_0:                     episode reward: 0.2500
Process ID: 0, episode: 120/50000 (0.2400%),                     avg. length: 299.0,                    last time consumption/overall running time: 39.57s / 197.22 s
first_0:                     episode reward: -0.7000
second_0:                     episode reward: 0.7000
Process ID: 0, episode: 140/50000 (0.2800%),                     avg. length: 299.0,                    last time consumption/overall running time: 43.67s / 240.89 s
first_0:                     episode reward: -1.0500
second_0:                     episode reward: 1.0500
Process ID: 0, episode: 160/50000 (0.3200%),                     avg. length: 299.0,                    last time consumption/overall running time: 47.89s / 288.78 s
first_0:                     episode reward: -0.6500
second_0:                     episode reward: 0.6500
Process ID: 0, episode: 180/50000 (0.3600%),                     avg. length: 299.0,                    last time consumption/overall running time: 51.46s / 340.24 s
first_0:                     episode reward: -1.0000
second_0:                     episode reward: 1.0000
Process ID: 0, episode: 200/50000 (0.4000%),                     avg. length: 299.0,                    last time consumption/overall running time: 50.89s / 391.13 s
first_0:                     episode reward: 0.0500
second_0:                     episode reward: -0.0500
Process ID: 0, episode: 220/50000 (0.4400%),                     avg. length: 299.0,                    last time consumption/overall running time: 52.71s / 443.84 s
first_0:                     episode reward: -0.1500
second_0:                     episode reward: 0.1500
Process ID: 0, episode: 240/50000 (0.4800%),                     avg. length: 299.0,                    last time consumption/overall running time: 51.51s / 495.35 s
first_0:                     episode reward: 1.2000
second_0:                     episode reward: -1.2000
Process ID: 0, episode: 260/50000 (0.5200%),                     avg. length: 299.0,                    last time consumption/overall running time: 51.83s / 547.18 s
first_0:                     episode reward: 0.2000
second_0:                     episode reward: -0.2000
Process ID: 0, episode: 280/50000 (0.5600%),                     avg. length: 299.0,                    last time consumption/overall running time: 53.08s / 600.26 s
first_0:                     episode reward: 1.6500
second_0:                     episode reward: -1.6500
Process ID: 0, episode: 300/50000 (0.6000%),                     avg. length: 299.0,                    last time consumption/overall running time: 53.60s / 653.86 s
first_0:                     episode reward: -0.9000
second_0:                     episode reward: 0.9000
Process ID: 0, episode: 320/50000 (0.6400%),                     avg. length: 299.0,                    last time consumption/overall running time: 53.10s / 706.97 s
first_0:                     episode reward: -0.7000
second_0:                     episode reward: 0.7000
Process ID: 0, episode: 340/50000 (0.6800%),                     avg. length: 299.0,                    last time consumption/overall running time: 53.47s / 760.44 s
first_0:                     episode reward: -1.1500
second_0:                     episode reward: 1.1500
Process ID: 0, episode: 360/50000 (0.7200%),                     avg. length: 299.0,                    last time consumption/overall running time: 53.31s / 813.75 s
first_0:                     episode reward: -1.1000
second_0:                     episode reward: 1.1000
Process ID: 0, episode: 380/50000 (0.7600%),                     avg. length: 299.0,                    last time consumption/overall running time: 54.07s / 867.81 s
first_0:                     episode reward: 0.9500
second_0:                     episode reward: -0.9500
Process ID: 0, episode: 400/50000 (0.8000%),                     avg. length: 299.0,                    last time consumption/overall running time: 54.04s / 921.86 s
first_0:                     episode reward: -0.1500
second_0:                     episode reward: 0.1500
Process ID: 0, episode: 420/50000 (0.8400%),                     avg. length: 299.0,                    last time consumption/overall running time: 53.03s / 974.89 s
first_0:                     episode reward: 0.3500
second_0:                     episode reward: -0.3500
Process ID: 0, episode: 440/50000 (0.8800%),                     avg. length: 299.0,                    last time consumption/overall running time: 53.37s / 1028.25 s
first_0:                     episode reward: 1.0500
second_0:                     episode reward: -1.0500
Process ID: 0, episode: 460/50000 (0.9200%),                     avg. length: 299.0,                    last time consumption/overall running time: 54.44s / 1082.69 s
first_0:                     episode reward: 0.6000
second_0:                     episode reward: -0.6000
Process ID: 0, episode: 480/50000 (0.9600%),                     avg. length: 299.0,                    last time consumption/overall running time: 53.45s / 1136.14 s
first_0:                     episode reward: 1.3000
second_0:                     episode reward: -1.3000
Process ID: 0, episode: 500/50000 (1.0000%),                     avg. length: 299.0,                    last time consumption/overall running time: 55.27s / 1191.42 s
first_0:                     episode reward: 0.0000
second_0:                     episode reward: 0.0000
Process ID: 0, episode: 520/50000 (1.0400%),                     avg. length: 299.0,                    last time consumption/overall running time: 54.64s / 1246.05 s
first_0:                     episode reward: 1.9500
second_0:                     episode reward: -1.9500
Process ID: 0, episode: 540/50000 (1.0800%),                     avg. length: 299.0,                    last time consumption/overall running time: 53.93s / 1299.98 s
first_0:                     episode reward: 1.1500
second_0:                     episode reward: -1.1500
Process ID: 0, episode: 560/50000 (1.1200%),                     avg. length: 299.0,                    last time consumption/overall running time: 55.03s / 1355.02 s
first_0:                     episode reward: -0.1000
second_0:                     episode reward: 0.1000
Process ID: 0, episode: 580/50000 (1.1600%),                     avg. length: 299.0,                    last time consumption/overall running time: 54.90s / 1409.91 s
first_0:                     episode reward: -0.2500
second_0:                     episode reward: 0.2500
Process ID: 0, episode: 600/50000 (1.2000%),                     avg. length: 299.0,                    last time consumption/overall running time: 55.66s / 1465.57 s
first_0:                     episode reward: -1.0500
second_0:                     episode reward: 1.0500
Process ID: 0, episode: 620/50000 (1.2400%),                     avg. length: 299.0,                    last time consumption/overall running time: 55.89s / 1521.46 s
first_0:                     episode reward: -0.4500
second_0:                     episode reward: 0.4500
Process ID: 0, episode: 640/50000 (1.2800%),                     avg. length: 299.0,                    last time consumption/overall running time: 55.42s / 1576.88 s
first_0:                     episode reward: -0.5000
second_0:                     episode reward: 0.5000
Process ID: 0, episode: 660/50000 (1.3200%),                     avg. length: 299.0,                    last time consumption/overall running time: 54.89s / 1631.78 s
first_0:                     episode reward: 0.1500
second_0:                     episode reward: -0.1500
Process ID: 0, episode: 680/50000 (1.3600%),                     avg. length: 299.0,                    last time consumption/overall running time: 56.02s / 1687.80 s
first_0:                     episode reward: -1.0500
second_0:                     episode reward: 1.0500
Process ID: 0, episode: 700/50000 (1.4000%),                     avg. length: 299.0,                    last time consumption/overall running time: 55.74s / 1743.54 s
first_0:                     episode reward: -0.2500
second_0:                     episode reward: 0.2500
Process ID: 0, episode: 720/50000 (1.4400%),                     avg. length: 299.0,                    last time consumption/overall running time: 55.92s / 1799.46 s
first_0:                     episode reward: 0.0500
second_0:                     episode reward: -0.0500
Process ID: 0, episode: 740/50000 (1.4800%),                     avg. length: 299.0,                    last time consumption/overall running time: 56.57s / 1856.03 s
first_0:                     episode reward: 0.5500
second_0:                     episode reward: -0.5500
Process ID: 0, episode: 760/50000 (1.5200%),                     avg. length: 299.0,                    last time consumption/overall running time: 56.33s / 1912.36 s
first_0:                     episode reward: -1.1500
second_0:                     episode reward: 1.1500
Process ID: 0, episode: 780/50000 (1.5600%),                     avg. length: 299.0,                    last time consumption/overall running time: 55.66s / 1968.03 s
first_0:                     episode reward: -0.1500
second_0:                     episode reward: 0.1500
Process ID: 0, episode: 800/50000 (1.6000%),                     avg. length: 299.0,                    last time consumption/overall running time: 56.01s / 2024.04 s
first_0:                     episode reward: -0.7000
second_0:                     episode reward: 0.7000
Process ID: 0, episode: 820/50000 (1.6400%),                     avg. length: 299.0,                    last time consumption/overall running time: 54.68s / 2078.72 s
first_0:                     episode reward: 0.7000
second_0:                     episode reward: -0.7000
Process ID: 0, episode: 840/50000 (1.6800%),                     avg. length: 299.0,                    last time consumption/overall running time: 55.11s / 2133.83 s
first_0:                     episode reward: -1.1000
second_0:                     episode reward: 1.1000
Process ID: 0, episode: 860/50000 (1.7200%),                     avg. length: 299.0,                    last time consumption/overall running time: 55.06s / 2188.89 s
first_0:                     episode reward: -1.1000
second_0:                     episode reward: 1.1000
Process ID: 0, episode: 880/50000 (1.7600%),                     avg. length: 299.0,                    last time consumption/overall running time: 56.40s / 2245.29 s
first_0:                     episode reward: -0.7500
second_0:                     episode reward: 0.7500
Process ID: 0, episode: 900/50000 (1.8000%),                     avg. length: 299.0,                    last time consumption/overall running time: 55.02s / 2300.31 s
first_0:                     episode reward: -1.1000
second_0:                     episode reward: 1.1000
Process ID: 0, episode: 920/50000 (1.8400%),                     avg. length: 299.0,                    last time consumption/overall running time: 55.90s / 2356.21 s
first_0:                     episode reward: 0.3000
second_0:                     episode reward: -0.3000
Process ID: 0, episode: 940/50000 (1.8800%),                     avg. length: 299.0,                    last time consumption/overall running time: 56.31s / 2412.52 s
first_0:                     episode reward: 0.6000
second_0:                     episode reward: -0.6000
Process ID: 0, episode: 960/50000 (1.9200%),                     avg. length: 299.0,                    last time consumption/overall running time: 56.29s / 2468.81 s
first_0:                     episode reward: -0.2500
second_0:                     episode reward: 0.2500
Process ID: 0, episode: 980/50000 (1.9600%),                     avg. length: 299.0,                    last time consumption/overall running time: 56.77s / 2525.57 s
first_0:                     episode reward: 0.5000
second_0:                     episode reward: -0.5000
Process ID: 0, episode: 1000/50000 (2.0000%),                     avg. length: 299.0,                    last time consumption/overall running time: 56.83s / 2582.41 s
first_0:                     episode reward: -0.4000
second_0:                     episode reward: 0.4000
Process ID: 0, episode: 1020/50000 (2.0400%),                     avg. length: 299.0,                    last time consumption/overall running time: 56.01s / 2638.41 s
first_0:                     episode reward: 1.6000
second_0:                     episode reward: -1.6000
Process ID: 0, episode: 1040/50000 (2.0800%),                     avg. length: 299.0,                    last time consumption/overall running time: 56.47s / 2694.88 s
first_0:                     episode reward: -0.5000
second_0:                     episode reward: 0.5000
Process ID: 0, episode: 1060/50000 (2.1200%),                     avg. length: 299.0,                    last time consumption/overall running time: 55.56s / 2750.44 s
first_0:                     episode reward: -0.9500
second_0:                     episode reward: 0.9500
Process ID: 0, episode: 1080/50000 (2.1600%),                     avg. length: 299.0,                    last time consumption/overall running time: 56.26s / 2806.70 s
first_0:                     episode reward: -2.4000
second_0:                     episode reward: 2.4000/home/zihan/anaconda3/envs/x/lib/python3.7/multiprocessing/semaphore_tracker.py:144: UserWarning: semaphore_tracker: There appear to be 3 leaked semaphores to clean up at shutdown
  len(cache))
