pygame 2.0.1 (SDL 2.0.14, Python 3.7.0)
Hello from the pygame community. https://www.pygame.org/contribute.html
/home/zihan/anaconda3/envs/x/lib/python3.7/site-packages/ecos/ecos.py:26: UserWarning: Converting G to a CSC matrix; may take a while.
  warn("Converting G to a CSC matrix; may take a while.")
/home/zihan/anaconda3/envs/x/lib/python3.7/site-packages/ecos/ecos.py:29: UserWarning: Converting A to a CSC matrix; may take a while.
  warn("Converting A to a CSC matrix; may take a while.")
boxing_v1 pettingzoo
Load boxing_v1 environment in type pettingzoo.
Env observation space: Box(0.0, 1.0, (128,), float32) action space: Discrete(18)
random seed: 23
<mars.env.wrappers.mars_wrappers.Dict2TupleWrapper object at 0x7fdcd2bfc240>
DQNBase(
  (net): MLP(
    (body): Sequential(
      (0): Linear(in_features=128, out_features=128, bias=True)
      (1): ReLU()
      (2): Linear(in_features=128, out_features=128, bias=True)
      (3): ReLU()
      (4): Linear(in_features=128, out_features=128, bias=True)
      (5): ReLU()
      (6): Linear(in_features=128, out_features=128, bias=True)
      (7): ReLU()
      (8): Linear(in_features=128, out_features=18, bias=True)
    )
  )
)
DQNBase(
  (net): MLP(
    (body): Sequential(
      (0): Linear(in_features=128, out_features=128, bias=True)
      (1): ReLU()
      (2): Linear(in_features=128, out_features=128, bias=True)
      (3): ReLU()
      (4): Linear(in_features=128, out_features=128, bias=True)
      (5): ReLU()
      (6): Linear(in_features=128, out_features=128, bias=True)
      (7): ReLU()
      (8): Linear(in_features=128, out_features=18, bias=True)
    )
  )
)
Agents No. [1] (index starting from 0) are not learnable.
{'env_name': 'boxing_v1', 'env_type': 'pettingzoo', 'num_envs': 1, 'ram': True, 'seed': 'random', 'algorithm': 'DQN', 'algorithm_spec': {'episodic_update': False, 'dueling': False, 'replay_buffer_size': '1e5', 'gamma': 0.99, 'multi_step': 1, 'target_update_interval': 1000, 'eps_start': 1.0, 'eps_final': 0.001, 'eps_decay': 100000}, 'num_process': 5, 'batch_size': 128, 'max_episodes': 50000, 'max_steps_per_episode': 300, 'train_start_frame': 0, 'optimizer': 'adam', 'learning_rate': '1e-4', 'device': 'gpu', 'update_itr': 1, 'log_avg_window': 20, 'log_interval': 20, 'render': False, 'test': False, 'exploit': False, 'load_model_idx': False, 'load_model_full_path': False, 'multiprocess': True, 'eval_models': False, 'save_path': '', 'save_interval': 2000, 'net_architecture': {'hidden_dim_list': [128, 128, 128, 128], 'hidden_activation': 'ReLU', 'output_activation': False}, 'marl_method': 'fictitious_selfplay2', 'marl_spec': {'min_update_interval': 20, 'score_avg_window': 10, 'global_state': False, 'selfplay_score_delta': 80, 'trainable_agent_idx': 0, 'opponent_idx': 1}, 'add_components': {'replay_buffer': <AutoProxy[replay_buffer] object, typeid 'replay_buffer' at 0x7fdcd2c02be0>}}
pygame 2.0.1 (SDL 2.0.14, Python 3.7.0)
Hello from the pygame community. https://www.pygame.org/contribute.html
boxing_v1 pettingzoo
Load boxing_v1 environment in type pettingzoo.
Env observation space: Box(0.0, 1.0, (128,), float32) action space: Discrete(18)
random seed: 23
Arguments:  {'env_name': 'boxing_v1', 'env_type': 'pettingzoo', 'num_envs': 1, 'ram': True, 'seed': 'random', 'algorithm': 'DQN', 'algorithm_spec': {'episodic_update': False, 'dueling': False, 'replay_buffer_size': '1e5', 'gamma': 0.99, 'multi_step': 1, 'target_update_interval': 1000, 'eps_start': 1.0, 'eps_final': 0.001, 'eps_decay': 100000}, 'num_process': 5, 'batch_size': 128, 'max_episodes': 50000, 'max_steps_per_episode': 300, 'train_start_frame': 0, 'optimizer': 'adam', 'learning_rate': '1e-4', 'device': 'gpu', 'update_itr': 1, 'log_avg_window': 20, 'log_interval': 20, 'render': False, 'test': False, 'exploit': False, 'load_model_idx': False, 'load_model_full_path': False, 'multiprocess': True, 'eval_models': False, 'save_path': '', 'save_interval': 2000, 'net_architecture': {'hidden_dim_list': [128, 128, 128, 128], 'hidden_activation': 'ReLU', 'output_activation': False}, 'marl_method': 'fictitious_selfplay2', 'marl_spec': {'min_update_interval': 20, 'score_avg_window': 10, 'global_state': False, 'selfplay_score_delta': 80, 'trainable_agent_idx': 0, 'opponent_idx': 1}, 'add_components': {'replay_buffer': <AutoProxy[replay_buffer] object, typeid 'replay_buffer' at 0x7fd3da02be48>}}
Save models to : /home/zihan/research/MARS/data/model/20220418_0316/pettingzoo_boxing_v1_fictitious_selfplay2. 
 Save logs to: /home/zihan/research/MARS/data/log/20220418_0316/pettingzoo_boxing_v1_fictitious_selfplay2.
Process ID: 0, episode: 20/50000 (0.0400%),                     avg. length: 299.0,                    last time consumption/overall running time: 29.59s / 29.59 s
first_0:                     episode reward: 0.2500
second_0:                     episode reward: -0.2500
Process ID: 0, episode: 40/50000 (0.0800%),                     avg. length: 299.0,                    last time consumption/overall running time: 30.24s / 59.83 s
first_0:                     episode reward: 2.5000
second_0:                     episode reward: -2.5000
Process ID: 0, episode: 60/50000 (0.1200%),                     avg. length: 299.0,                    last time consumption/overall running time: 28.69s / 88.52 s
first_0:                     episode reward: 3.6500
second_0:                     episode reward: -3.6500
Process ID: 0, episode: 80/50000 (0.1600%),                     avg. length: 299.0,                    last time consumption/overall running time: 29.27s / 117.79 s
first_0:                     episode reward: 2.0500
second_0:                     episode reward: -2.0500
Process ID: 0, episode: 100/50000 (0.2000%),                     avg. length: 299.0,                    last time consumption/overall running time: 29.47s / 147.27 s
first_0:                     episode reward: 5.3500
second_0:                     episode reward: -5.3500
Process ID: 0, episode: 120/50000 (0.2400%),                     avg. length: 299.0,                    last time consumption/overall running time: 29.72s / 176.98 s
first_0:                     episode reward: 15.1500
second_0:                     episode reward: -15.1500
Process ID: 0, episode: 140/50000 (0.2800%),                     avg. length: 299.0,                    last time consumption/overall running time: 30.08s / 207.06 s
first_0:                     episode reward: 20.2000
second_0:                     episode reward: -20.2000
Process ID: 0, episode: 160/50000 (0.3200%),                     avg. length: 299.0,                    last time consumption/overall running time: 30.31s / 237.37 s
first_0:                     episode reward: 26.5500
second_0:                     episode reward: -26.5500
Process ID: 0, episode: 180/50000 (0.3600%),                     avg. length: 299.0,                    last time consumption/overall running time: 31.41s / 268.78 s
first_0:                     episode reward: 32.5000
second_0:                     episode reward: -32.5000
Process ID: 0, episode: 200/50000 (0.4000%),                     avg. length: 299.0,                    last time consumption/overall running time: 32.78s / 301.56 s
first_0:                     episode reward: 43.4500
second_0:                     episode reward: -43.4500
Process ID: 0, episode: 220/50000 (0.4400%),                     avg. length: 299.0,                    last time consumption/overall running time: 32.79s / 334.35 s
first_0:                     episode reward: 48.0000
second_0:                     episode reward: -48.0000
Process ID: 0, episode: 240/50000 (0.4800%),                     avg. length: 299.0,                    last time consumption/overall running time: 35.33s / 369.68 s
first_0:                     episode reward: 50.3000
second_0:                     episode reward: -50.3000
Process ID: 0, episode: 260/50000 (0.5200%),                     avg. length: 299.0,                    last time consumption/overall running time: 37.12s / 406.79 s
first_0:                     episode reward: 57.3000
second_0:                     episode reward: -57.3000
Process ID: 0, episode: 280/50000 (0.5600%),                     avg. length: 299.0,                    last time consumption/overall running time: 38.64s / 445.44 s
first_0:                     episode reward: 53.9500
second_0:                     episode reward: -53.9500
Process ID: 0, episode: 300/50000 (0.6000%),                     avg. length: 299.0,                    last time consumption/overall running time: 41.14s / 486.57 s
first_0:                     episode reward: 62.4000
second_0:                     episode reward: -62.4000
Process ID: 0, episode: 320/50000 (0.6400%),                     avg. length: 299.0,                    last time consumption/overall running time: 42.03s / 528.61 s
first_0:                     episode reward: 61.7000
second_0:                     episode reward: -61.7000
Process ID: 0, episode: 340/50000 (0.6800%),                     avg. length: 299.0,                    last time consumption/overall running time: 43.25s / 571.85 s
first_0:                     episode reward: 70.3000
second_0:                     episode reward: -70.3000
Process ID: 0, episode: 360/50000 (0.7200%),                     avg. length: 299.0,                    last time consumption/overall running time: 43.57s / 615.42 s
first_0:                     episode reward: 70.1000
second_0:                     episode reward: -70.1000
Process ID: 0, episode: 380/50000 (0.7600%),                     avg. length: 299.0,                    last time consumption/overall running time: 43.74s / 659.17 s
first_0:                     episode reward: 67.7000
second_0:                     episode reward: -67.7000
Process ID: 0, episode: 400/50000 (0.8000%),                     avg. length: 299.0,                    last time consumption/overall running time: 42.48s / 701.65 s
first_0:                     episode reward: 67.8500
second_0:                     episode reward: -67.8500
Process ID: 0, episode: 420/50000 (0.8400%),                     avg. length: 298.25,                    last time consumption/overall running time: 43.70s / 745.35 s
first_0:                     episode reward: 80.6500
second_0:                     episode reward: -80.6500
Process ID: 0, episode: 440/50000 (0.8800%),                     avg. length: 298.7,                    last time consumption/overall running time: 44.15s / 789.50 s
first_0:                     episode reward: 73.6000
second_0:                     episode reward: -73.6000
Process ID: 0, episode: 460/50000 (0.9200%),                     avg. length: 298.6,                    last time consumption/overall running time: 44.62s / 834.12 s
first_0:                     episode reward: 65.1500
second_0:                     episode reward: -65.1500
Process ID: 0, episode: 480/50000 (0.9600%),                     avg. length: 298.5,                    last time consumption/overall running time: 41.73s / 875.84 s
first_0:                     episode reward: 75.3500
second_0:                     episode reward: -75.3500
Process ID: 0, episode: 500/50000 (1.0000%),                     avg. length: 297.1,                    last time consumption/overall running time: 43.99s / 919.83 s
first_0:                     episode reward: 71.4500
second_0:                     episode reward: -71.4500
Process ID: 0, episode: 520/50000 (1.0400%),                     avg. length: 292.7,                    last time consumption/overall running time: 43.49s / 963.32 s
first_0:                     episode reward: 79.5000
second_0:                     episode reward: -79.5000
Process ID: 0, episode: 540/50000 (1.0800%),                     avg. length: 290.5,                    last time consumption/overall running time: 42.69s / 1006.01 s
first_0:                     episode reward: 72.6500
second_0:                     episode reward: -72.6500
Process ID: 0, episode: 560/50000 (1.1200%),                     avg. length: 295.5,                    last time consumption/overall running time: 42.22s / 1048.22 s
first_0:                     episode reward: 85.6000
second_0:                     episode reward: -85.6000
Process ID: 0, episode: 580/50000 (1.1600%),                     avg. length: 293.95,                    last time consumption/overall running time: 41.19s / 1089.42 s
first_0:                     episode reward: 94.4000
second_0:                     episode reward: -94.4000
Process ID: 0, episode: 600/50000 (1.2000%),                     avg. length: 290.6,                    last time consumption/overall running time: 41.73s / 1131.14 s
first_0:                     episode reward: 97.7000
second_0:                     episode reward: -97.7000
Process ID: 0, episode: 620/50000 (1.2400%),                     avg. length: 285.85,                    last time consumption/overall running time: 41.58s / 1172.72 s
first_0:                     episode reward: 98.9000
second_0:                     episode reward: -98.9000
Process ID: 0, episode: 640/50000 (1.2800%),                     avg. length: 277.2,                    last time consumption/overall running time: 39.63s / 1212.36 s
first_0:                     episode reward: 99.1000
second_0:                     episode reward: -99.1000
Process ID: 0, episode: 660/50000 (1.3200%),                     avg. length: 277.15,                    last time consumption/overall running time: 41.13s / 1253.49 s
first_0:                     episode reward: 99.5500
second_0:                     episode reward: -99.5500
Process ID: 0, episode: 680/50000 (1.3600%),                     avg. length: 264.75,                    last time consumption/overall running time: 39.15s / 1292.64 s
first_0:                     episode reward: 100.0000
second_0:                     episode reward: -100.0000
Process ID: 0, episode: 700/50000 (1.4000%),                     avg. length: 276.55,                    last time consumption/overall running time: 40.21s / 1332.85 s
first_0:                     episode reward: 98.5500
second_0:                     episode reward: -98.5500
Process ID: 0, episode: 720/50000 (1.4400%),                     avg. length: 262.15,                    last time consumption/overall running time: 38.42s / 1371.27 s
first_0:                     episode reward: 100.0000
second_0:                     episode reward: -100.0000
Process ID: 0, episode: 740/50000 (1.4800%),                     avg. length: 286.45,                    last time consumption/overall running time: 41.24s / 1412.51 s
first_0:                     episode reward: 98.5500
second_0:                     episode reward: -98.5500
Process ID: 0, episode: 760/50000 (1.5200%),                     avg. length: 264.6,                    last time consumption/overall running time: 38.24s / 1450.75 s
first_0:                     episode reward: 99.1500
second_0:                     episode reward: -99.1500
Process ID: 0, episode: 780/50000 (1.5600%),                     avg. length: 288.8,                    last time consumption/overall running time: 43.22s / 1493.97 s
first_0:                     episode reward: 34.7500
second_0:                     episode reward: -34.7500
Process ID: 0, episode: 800/50000 (1.6000%),                     avg. length: 299.0,                    last time consumption/overall running time: 43.07s / 1537.04 s
first_0:                     episode reward: 0.3000
second_0:                     episode reward: -0.3000
Process ID: 0, episode: 820/50000 (1.6400%),                     avg. length: 299.0,                    last time consumption/overall running time: 45.30s / 1582.35 s
first_0:                     episode reward: 19.2500
second_0:                     episode reward: -19.2500
Process ID: 0, episode: 840/50000 (1.6800%),                     avg. length: 296.7,                    last time consumption/overall running time: 44.69s / 1627.03 s
first_0:                     episode reward: 30.6500
second_0:                     episode reward: -30.6500
Process ID: 0, episode: 860/50000 (1.7200%),                     avg. length: 289.0,                    last time consumption/overall running time: 42.34s / 1669.38 s
first_0:                     episode reward: 82.6500
second_0:                     episode reward: -82.6500
Process ID: 0, episode: 880/50000 (1.7600%),                     avg. length: 284.6,                    last time consumption/overall running time: 42.10s / 1711.47 s
first_0:                     episode reward: 88.0500
second_0:                     episode reward: -88.0500
Process ID: 0, episode: 900/50000 (1.8000%),                     avg. length: 288.7,                    last time consumption/overall running time: 41.34s / 1752.81 s
first_0:                     episode reward: 89.7000
second_0:                     episode reward: -89.7000
Process ID: 0, episode: 920/50000 (1.8400%),                     avg. length: 288.75,                    last time consumption/overall running time: 43.35s / 1796.16 s
first_0:                     episode reward: 79.5500
second_0:                     episode reward: -79.5500
Process ID: 0, episode: 940/50000 (1.8800%),                     avg. length: 274.05,                    last time consumption/overall running time: 40.63s / 1836.80 s
first_0:                     episode reward: 94.4500
second_0:                     episode reward: -94.4500
Process ID: 0, episode: 960/50000 (1.9200%),                     avg. length: 277.4,                    last time consumption/overall running time: 41.08s / 1877.88 s
first_0:                     episode reward: 91.1000
second_0:                     episode reward: -91.1000
Process ID: 0, episode: 980/50000 (1.9600%),                     avg. length: 272.75,                    last time consumption/overall running time: 38.81s / 1916.69 s
first_0:                     episode reward: 95.2000
second_0:                     episode reward: -95.2000
Process ID: 0, episode: 1000/50000 (2.0000%),                     avg. length: 272.6,                    last time consumption/overall running time: 39.96s / 1956.65 s
first_0:                     episode reward: 94.7000
second_0:                     episode reward: -94.7000
Process ID: 0, episode: 1020/50000 (2.0400%),                     avg. length: 282.95,                    last time consumption/overall running time: 41.83s / 1998.49 s
first_0:                     episode reward: 89.9000
second_0:                     episode reward: -89.9000
Process ID: 0, episode: 1040/50000 (2.0800%),                     avg. length: 269.55,                    last time consumption/overall running time: 39.57s / 2038.05 s
first_0:                     episode reward: 95.7000
second_0:                     episode reward: -95.7000
Process ID: 0, episode: 1060/50000 (2.1200%),                     avg. length: 278.25,                    last time consumption/overall running time: 41.11s / 2079.17 s
first_0:                     episode reward: 90.4000
second_0:                     episode reward: -90.4000
Process ID: 0, episode: 1080/50000 (2.1600%),                     avg. length: 267.7,                    last time consumption/overall running time: 38.60s / 2117.77 s
first_0:                     episode reward: 86.8500
second_0:                     episode reward: -86.8500
Process ID: 0, episode: 1100/50000 (2.2000%),                     avg. length: 283.0,                    last time consumption/overall running time: 40.98s / 2158.75 s
first_0:                     episode reward: 88.4000
second_0:                     episode reward: -88.4000
Process ID: 0, episode: 1120/50000 (2.2400%),                     avg. length: 274.75,                    last time consumption/overall running time: 39.87s / 2198.62 s
first_0:                     episode reward: 81.2000
second_0:                     episode reward: -81.2000
Process ID: 0, episode: 1140/50000 (2.2800%),                     avg. length: 276.05,                    last time consumption/overall running time: 40.82s / 2239.44 s
first_0:                     episode reward: 88.4000
second_0:                     episode reward: -88.4000
Process ID: 0, episode: 1160/50000 (2.3200%),                     avg. length: 284.35,                    last time consumption/overall running time: 41.76s / 2281.20 s
first_0:                     episode reward: 76.4500
second_0:                     episode reward: -76.4500
Process ID: 0, episode: 1180/50000 (2.3600%),                     avg. length: 297.95,                    last time consumption/overall running time: 44.77s / 2325.97 s
first_0:                     episode reward: 33.8500
second_0:                     episode reward: -33.8500
Process ID: 0, episode: 1200/50000 (2.4000%),                     avg. length: 295.65,                    last time consumption/overall running time: 43.60s / 2369.57 s
first_0:                     episode reward: 32.4000
second_0:                     episode reward: -32.4000
Process ID: 0, episode: 1220/50000 (2.4400%),                     avg. length: 296.9,                    last time consumption/overall running time: 42.72s / 2412.29 s
first_0:                     episode reward: 30.9000
second_0:                     episode reward: -30.9000
Process ID: 0, episode: 1240/50000 (2.4800%),                     avg. length: 296.8,                    last time consumption/overall running time: 44.12s / 2456.41 s
first_0:                     episode reward: 10.0500
second_0:                     episode reward: -10.0500
Process ID: 0, episode: 1260/50000 (2.5200%),                     avg. length: 298.0,                    last time consumption/overall running time: 45.67s / 2502.08 s
first_0:                     episode reward: 27.5000
second_0:                     episode reward: -27.5000
Process ID: 0, episode: 1280/50000 (2.5600%),                     avg. length: 294.7,                    last time consumption/overall running time: 43.62s / 2545.70 s
first_0:                     episode reward: 20.3500
second_0:                     episode reward: -20.3500
Process ID: 0, episode: 1300/50000 (2.6000%),                     avg. length: 299.0,                    last time consumption/overall running time: 43.85s / 2589.55 s
first_0:                     episode reward: 0.0000
second_0:                     episode reward: 0.0000
Process ID: 0, episode: 1320/50000 (2.6400%),                     avg. length: 297.3,                    last time consumption/overall running time: 44.38s / 2633.94 s
first_0:                     episode reward: 19.0000
second_0:                     episode reward: -19.0000
Process ID: 0, episode: 1340/50000 (2.6800%),                     avg. length: 295.3,                    last time consumption/overall running time: 43.14s / 2677.07 s
first_0:                     episode reward: 32.4500
second_0:                     episode reward: -32.4500
Process ID: 0, episode: 1360/50000 (2.7200%),                     avg. length: 296.2,                    last time consumption/overall running time: 44.63s / 2721.70 s
first_0:                     episode reward: 16.2500
second_0:                     episode reward: -16.2500
Process ID: 0, episode: 1380/50000 (2.7600%),                     avg. length: 294.8,                    last time consumption/overall running time: 43.32s / 2765.02 s
first_0:                     episode reward: 29.9500
second_0:                     episode reward: -29.9500
Process ID: 0, episode: 1400/50000 (2.8000%),                     avg. length: 297.25,                    last time consumption/overall running time: 43.33s / 2808.35 s
first_0:                     episode reward: 33.5500
second_0:                     episode reward: -33.5500
Process ID: 0, episode: 1420/50000 (2.8400%),                     avg. length: 294.05,                    last time consumption/overall running time: 42.80s / 2851.15 s
first_0:                     episode reward: 45.0500
second_0:                     episode reward: -45.0500
Process ID: 0, episode: 1440/50000 (2.8800%),                     avg. length: 297.3,                    last time consumption/overall running time: 43.57s / 2894.71 s
first_0:                     episode reward: 24.6500
second_0:                     episode reward: -24.6500
Process ID: 0, episode: 1460/50000 (2.9200%),                     avg. length: 294.55,                    last time consumption/overall running time: 42.35s / 2937.06 s
first_0:                     episode reward: 65.7000
second_0:                     episode reward: -65.7000
Process ID: 0, episode: 1480/50000 (2.9600%),                     avg. length: 299.0,                    last time consumption/overall running time: 42.95s / 2980.01 s
first_0:                     episode reward: 7.1000
second_0:                     episode reward: -7.1000
Process ID: 0, episode: 1500/50000 (3.0000%),                     avg. length: 298.65,                    last time consumption/overall running time: 42.92s / 3022.93 s
first_0:                     episode reward: 7.3500
second_0:                     episode reward: -7.3500
Process ID: 0, episode: 1520/50000 (3.0400%),                     avg. length: 299.0,                    last time consumption/overall running time: 45.36s / 3068.29 s
first_0:                     episode reward: 4.7000
second_0:                     episode reward: -4.7000
Process ID: 0, episode: 1540/50000 (3.0800%),                     avg. length: 299.0,                    last time consumption/overall running time: 44.37s / 3112.65 s
first_0:                     episode reward: 0.0000
second_0:                     episode reward: 0.0000
Process ID: 0, episode: 1560/50000 (3.1200%),                     avg. length: 299.0,                    last time consumption/overall running time: 44.61s / 3157.26 s
first_0:                     episode reward: -0.1000
second_0:                     episode reward: 0.1000
Process ID: 0, episode: 1580/50000 (3.1600%),                     avg. length: 299.0,                    last time consumption/overall running time: 45.85s / 3203.11 s
first_0:                     episode reward: 4.6500
second_0:                     episode reward: -4.6500
Process ID: 0, episode: 1600/50000 (3.2000%),                     avg. length: 299.0,                    last time consumption/overall running time: 44.52s / 3247.63 s
first_0:                     episode reward: 0.0000
second_0:                     episode reward: 0.0000
Process ID: 0, episode: 1620/50000 (3.2400%),                     avg. length: 299.0,                    last time consumption/overall running time: 45.50s / 3293.13 s
first_0:                     episode reward: 0.0000
second_0:                     episode reward: 0.0000
Process ID: 0, episode: 1640/50000 (3.2800%),                     avg. length: 299.0,                    last time consumption/overall running time: 43.93s / 3337.06 s
first_0:                     episode reward: 0.0000
second_0:                     episode reward: 0.0000
Process ID: 0, episode: 1660/50000 (3.3200%),                     avg. length: 299.0,                    last time consumption/overall running time: 44.99s / 3382.05 s
first_0:                     episode reward: 0.0000
second_0:                     episode reward: 0.0000
Process ID: 0, episode: 1680/50000 (3.3600%),                     avg. length: 299.0,                    last time consumption/overall running time: 44.38s / 3426.43 s