pygame 2.0.0 (SDL 2.0.12, python 3.7.10)
Hello from the pygame community. https://www.pygame.org/contribute.html
boxing_v1 pettingzoo
Load boxing_v1 environment in type pettingzoo.
Env observation space: Box(0.0, 1.0, (128,), float32) action space: Discrete(18)
random seed: 58
<env.wrappers.mars_wrappers.Dict2TupleWrapper object at 0x7fd692dc9f10>
Agents No. [0] (index starting from 0) are not learnable.
Agent No. [0] loads model from:  ../data/model/20211120_1257/pettingzoo_boxing_v1_nxdo2/21301_0
Arguments:  {'env_name': 'boxing_v1', 'env_type': 'pettingzoo', 'num_envs': 1, 'ram': True, 'seed': 'random', 'algorithm': 'DQN', 'algorithm_spec': {'episodic_update': False, 'dueling': False, 'replay_buffer_size': '1e5', 'gamma': 0.99, 'multi_step': 1, 'target_update_interval': 1000, 'eps_start': 1.0, 'eps_final': 0.01, 'eps_decay': 30000}, 'batch_size': 128, 'max_episodes': 10000, 'max_steps_per_episode': 10000, 'train_start_frame': 0, 'optimizer': 'adam', 'learning_rate': '1e-4', 'device': 'gpu', 'update_itr': 1, 'log_avg_window': 20, 'log_interval': 20, 'render': False, 'test': False, 'exploit': True, 'load_model_idx': False, 'load_model_full_path': '../data/model/20211120_1257/pettingzoo_boxing_v1_nxdo2/21301_0', 'save_path': '', 'save_interval': 2000, 'net_architecture': {'hidden_dim_list': [64, 64, 64, 64], 'hidden_activation': 'ReLU', 'output_activation': False}, 'marl_method': 'nxdo2', 'marl_spec': {'min_update_interval': 20, 'score_avg_window': 10, 'selfplay_score_delta': 60, 'trainable_agent_idx': 0, 'opponent_idx': 1}, 'against_baseline': False}
Save models to : /home/zihan/research/MARS/data/model/20211120_1257_exploit/pettingzoo_boxing_v1_nxdo2. 
 Save logs to: /home/zihan/research/MARS/data/log/20211120_1257_exploit/pettingzoo_boxing_v1_nxdo2.
Episode: 1, avg. length 577.0
first_0:                 episode reward: 92.0000,                 loss: nan
second_0:                 episode reward: -92.0000,                 loss: 1.1081
Episode: 21, avg. length 526.8
first_0:                 episode reward: 96.2000,                 loss: nan
second_0:                 episode reward: -96.2000,                 loss: 0.3102
Episode: 41, avg. length 712.75
first_0:                 episode reward: 90.5500,                 loss: nan
second_0:                 episode reward: -90.5500,                 loss: 0.2722
Episode: 61, avg. length 891.15
first_0:                 episode reward: 87.4000,                 loss: nan
second_0:                 episode reward: -87.4000,                 loss: 0.2174
Episode: 81, avg. length 975.85
first_0:                 episode reward: 90.0500,                 loss: nan
second_0:                 episode reward: -90.0500,                 loss: 0.1953
Episode: 101, avg. length 778.45
first_0:                 episode reward: 93.7500,                 loss: nan
second_0:                 episode reward: -93.7500,                 loss: 0.1871
Episode: 121, avg. length 822.25
first_0:                 episode reward: 90.6000,                 loss: nan
second_0:                 episode reward: -90.6000,                 loss: 0.1752
Episode: 141, avg. length 1199.35
first_0:                 episode reward: 72.6500,                 loss: nan
second_0:                 episode reward: -72.6500,                 loss: 0.1567
Episode: 161, avg. length 1782.05
first_0:                 episode reward: 29.8500,                 loss: nan
second_0:                 episode reward: -29.8500,                 loss: 0.1366
Episode: 181, avg. length 1784.0
first_0:                 episode reward: 18.3500,                 loss: nan
second_0:                 episode reward: -18.3500,                 loss: 0.1278
Episode: 201, avg. length 1784.0
first_0:                 episode reward: 5.5500,                 loss: nan
second_0:                 episode reward: -5.5500,                 loss: 0.0882
Episode: 221, avg. length 1709.25
first_0:                 episode reward: 10.3500,                 loss: nan
second_0:                 episode reward: -10.3500,                 loss: 0.0453
Episode: 241, avg. length 1784.0
first_0:                 episode reward: 5.7500,                 loss: nan
second_0:                 episode reward: -5.7500,                 loss: 0.0325
Episode: 261, avg. length 1784.0
first_0:                 episode reward: 2.3000,                 loss: nan
second_0:                 episode reward: -2.3000,                 loss: 0.0266
Episode: 281, avg. length 1784.0
first_0:                 episode reward: 8.9500,                 loss: nan
second_0:                 episode reward: -8.9500,                 loss: 0.0240
Episode: 301, avg. length 1634.1
first_0:                 episode reward: 19.3000,                 loss: nan
second_0:                 episode reward: -19.3000,                 loss: 0.0255
Episode: 321, avg. length 1784.0
first_0:                 episode reward: 6.0500,                 loss: nan
second_0:                 episode reward: -6.0500,                 loss: 0.0299
Episode: 341, avg. length 1449.1
first_0:                 episode reward: 46.7000,                 loss: nan
second_0:                 episode reward: -46.7000,                 loss: 0.0320
Episode: 361, avg. length 1707.45
first_0:                 episode reward: 18.1500,                 loss: nan
second_0:                 episode reward: -18.1500,                 loss: 0.0480
Episode: 381, avg. length 1715.9
first_0:                 episode reward: 11.7500,                 loss: nan
second_0:                 episode reward: -11.7500,                 loss: 0.0513
Episode: 401, avg. length 1707.95
first_0:                 episode reward: 12.2500,                 loss: nan
second_0:                 episode reward: -12.2500,                 loss: 0.0528
Episode: 421, avg. length 1784.0
first_0:                 episode reward: 6.6000,                 loss: nan
second_0:                 episode reward: -6.6000,                 loss: 0.0384
Episode: 441, avg. length 1758.35
first_0:                 episode reward: 5.5000,                 loss: nan
second_0:                 episode reward: -5.5000,                 loss: 0.0275
Episode: 461, avg. length 1784.0
first_0:                 episode reward: 6.7000,                 loss: nan
second_0:                 episode reward: -6.7000,                 loss: 0.0211
Episode: 481, avg. length 1784.0
first_0:                 episode reward: 6.6500,                 loss: nan
second_0:                 episode reward: -6.6500,                 loss: 0.0215
Episode: 501, avg. length 1784.0
first_0:                 episode reward: 6.3500,                 loss: nan
second_0:                 episode reward: -6.3500,                 loss: 0.0222
Episode: 521, avg. length 1784.0
first_0:                 episode reward: 6.8000,                 loss: nan
second_0:                 episode reward: -6.8000,                 loss: 0.0257
Episode: 541, avg. length 1784.0
first_0:                 episode reward: 7.3000,                 loss: nan
second_0:                 episode reward: -7.3000,                 loss: 0.0269
Episode: 561, avg. length 1709.75
first_0:                 episode reward: 9.4500,                 loss: nan
second_0:                 episode reward: -9.4500,                 loss: 0.0286
Episode: 581, avg. length 1784.0
first_0:                 episode reward: 4.9000,                 loss: nan
second_0:                 episode reward: -4.9000,                 loss: 0.0321
Episode: 601, avg. length 1784.0
first_0:                 episode reward: 1.7000,                 loss: nan
second_0:                 episode reward: -1.7000,                 loss: 0.0358
Episode: 621, avg. length 1563.2
first_0:                 episode reward: 16.6000,                 loss: nan
second_0:                 episode reward: -16.6000,                 loss: 0.0434
Episode: 641, avg. length 1649.6
first_0:                 episode reward: 5.2500,                 loss: nan
second_0:                 episode reward: -5.2500,                 loss: 0.0480
Episode: 661, avg. length 1721.6
first_0:                 episode reward: -11.5500,                 loss: nan
second_0:                 episode reward: 11.5500,                 loss: 0.0507
Episode: 681, avg. length 1784.0
first_0:                 episode reward: -36.3000,                 loss: nan
second_0:                 episode reward: 36.3000,                 loss: 0.0502
Episode: 701, avg. length 1784.0
first_0:                 episode reward: -54.1500,                 loss: nan
second_0:                 episode reward: 54.1500,                 loss: 0.0487
Episode: 721, avg. length 1538.85
first_0:                 episode reward: -80.7500,                 loss: nan
second_0:                 episode reward: 80.7500,                 loss: 0.0581
Episode: 741, avg. length 1343.3
first_0:                 episode reward: -78.3000,                 loss: nan
second_0:                 episode reward: 78.3000,                 loss: 0.0762
Episode: 761, avg. length 1154.8
first_0:                 episode reward: -56.8500,                 loss: nan
second_0:                 episode reward: 56.8500,                 loss: 0.0934
Episode: 781, avg. length 929.75
first_0:                 episode reward: -86.3500,                 loss: nan
second_0:                 episode reward: 86.3500,                 loss: 0.1010
Episode: 801, avg. length 838.65
first_0:                 episode reward: -86.6000,                 loss: nan
second_0:                 episode reward: 86.6000,                 loss: 0.1121
Episode: 821, avg. length 732.35
first_0:                 episode reward: -88.1000,                 loss: nan
second_0:                 episode reward: 88.1000,                 loss: 0.1213
Episode: 841, avg. length 829.9
first_0:                 episode reward: -53.0500,                 loss: nan
second_0:                 episode reward: 53.0500,                 loss: 0.1283
Episode: 861, avg. length 863.75
first_0:                 episode reward: -78.9000,                 loss: nan
second_0:                 episode reward: 78.9000,                 loss: 0.1354
Episode: 881, avg. length 830.65
first_0:                 episode reward: -70.8500,                 loss: nan
second_0:                 episode reward: 70.8500,                 loss: 0.1412
Episode: 901, avg. length 742.75
first_0:                 episode reward: -77.4000,                 loss: nan
second_0:                 episode reward: 77.4000,                 loss: 0.1403
Episode: 921, avg. length 847.05
first_0:                 episode reward: -58.3000,                 loss: nan
second_0:                 episode reward: 58.3000,                 loss: 0.1308
Episode: 941, avg. length 854.7
first_0:                 episode reward: -73.1000,                 loss: nan
second_0:                 episode reward: 73.1000,                 loss: 0.1231
Episode: 961, avg. length 733.0
first_0:                 episode reward: -79.0500,                 loss: nan
second_0:                 episode reward: 79.0500,                 loss: 0.1108
Episode: 981, avg. length 644.9
first_0:                 episode reward: -90.4500,                 loss: nan
second_0:                 episode reward: 90.4500,                 loss: 0.1066
Episode: 1001, avg. length 597.5
first_0:                 episode reward: -87.5500,                 loss: nan
second_0:                 episode reward: 87.5500,                 loss: 0.0973
Episode: 1021, avg. length 794.35
first_0:                 episode reward: -88.6500,                 loss: nan
second_0:                 episode reward: 88.6500,                 loss: 0.0888
Episode: 1041, avg. length 810.8
first_0:                 episode reward: -78.5500,                 loss: nan
second_0:                 episode reward: 78.5500,                 loss: 0.0808
Episode: 1061, avg. length 708.0
first_0:                 episode reward: -73.0000,                 loss: nan
second_0:                 episode reward: 73.0000,                 loss: 0.0748
Episode: 1081, avg. length 771.35
first_0:                 episode reward: -76.7500,                 loss: nan
second_0:                 episode reward: 76.7500,                 loss: 0.0710
Episode: 1101, avg. length 625.75
first_0:                 episode reward: -91.6000,                 loss: nan
second_0:                 episode reward: 91.6000,                 loss: 0.0694
Episode: 1121, avg. length 704.5
first_0:                 episode reward: -82.6000,                 loss: nan
second_0:                 episode reward: 82.6000,                 loss: 0.0692
Episode: 1141, avg. length 652.25
first_0:                 episode reward: -75.3000,                 loss: nan
second_0:                 episode reward: 75.3000,                 loss: 0.0703
Episode: 1161, avg. length 514.3
first_0:                 episode reward: -93.8500,                 loss: nan
second_0:                 episode reward: 93.8500,                 loss: 0.0711
Episode: 1181, avg. length 638.8
first_0:                 episode reward: -73.4000,                 loss: nan
second_0:                 episode reward: 73.4000,                 loss: 0.0708
Episode: 1201, avg. length 550.2
first_0:                 episode reward: -87.9500,                 loss: nan
second_0:                 episode reward: 87.9500,                 loss: 0.0737
Episode: 1221, avg. length 604.95
first_0:                 episode reward: -72.9000,                 loss: nan
second_0:                 episode reward: 72.9000,                 loss: 0.0736
Episode: 1241, avg. length 671.15
first_0:                 episode reward: -87.4000,                 loss: nan
second_0:                 episode reward: 87.4000,                 loss: 0.0699
Episode: 1261, avg. length 848.5
first_0:                 episode reward: -55.4000,                 loss: nan
second_0:                 episode reward: 55.4000,                 loss: 0.0702
Episode: 1281, avg. length 881.85
first_0:                 episode reward: -40.4000,                 loss: nan
second_0:                 episode reward: 40.4000,                 loss: 0.0718
Episode: 1301, avg. length 1313.9
first_0:                 episode reward: -19.6000,                 loss: nan
second_0:                 episode reward: 19.6000,                 loss: 0.0755
Episode: 1321, avg. length 1661.25
first_0:                 episode reward: 2.9000,                 loss: nan
second_0:                 episode reward: -2.9000,                 loss: 0.0870
Episode: 1341, avg. length 1624.4
first_0:                 episode reward: -5.7000,                 loss: nan
second_0:                 episode reward: 5.7000,                 loss: 0.1083
Episode: 1361, avg. length 1492.65
first_0:                 episode reward: -34.0500,                 loss: nan
second_0:                 episode reward: 34.0500,                 loss: 0.1226
Episode: 1381, avg. length 955.2
first_0:                 episode reward: -71.6500,                 loss: nan
second_0:                 episode reward: 71.6500,                 loss: 0.0981
Episode: 1401, avg. length 1015.0
first_0:                 episode reward: -55.1500,                 loss: nan
second_0:                 episode reward: 55.1500,                 loss: 0.0926
Episode: 1421, avg. length 992.35
first_0:                 episode reward: -59.0500,                 loss: nan
second_0:                 episode reward: 59.0500,                 loss: 0.0864
Episode: 1441, avg. length 1381.8
first_0:                 episode reward: -25.8500,                 loss: nan
second_0:                 episode reward: 25.8500,                 loss: 0.0823
Episode: 1461, avg. length 1775.2
first_0:                 episode reward: -42.8000,                 loss: nan
second_0:                 episode reward: 42.8000,                 loss: 0.0891
Episode: 1481, avg. length 1714.7
first_0:                 episode reward: -51.7500,                 loss: nan
second_0:                 episode reward: 51.7500,                 loss: 0.1096
Episode: 1501, avg. length 1784.0
first_0:                 episode reward: -42.0500,                 loss: nan
second_0:                 episode reward: 42.0500,                 loss: 0.1305
Episode: 1521, avg. length 1692.1
first_0:                 episode reward: -36.2500,                 loss: nan
second_0:                 episode reward: 36.2500,                 loss: 0.0833
Episode: 1541, avg. length 1775.1
first_0:                 episode reward: -54.9000,                 loss: nan
second_0:                 episode reward: 54.9000,                 loss: 0.0777
Episode: 1561, avg. length 1724.15
first_0:                 episode reward: -58.4500,                 loss: nan
second_0:                 episode reward: 58.4500,                 loss: 0.0827
Episode: 1581, avg. length 1305.6
first_0:                 episode reward: -59.4000,                 loss: nan
second_0:                 episode reward: 59.4000,                 loss: 0.0936
Episode: 1601, avg. length 908.25
first_0:                 episode reward: -56.3500,                 loss: nan
second_0:                 episode reward: 56.3500,                 loss: 0.0945
Episode: 1621, avg. length 1537.65
first_0:                 episode reward: -66.7500,                 loss: nan
second_0:                 episode reward: 66.7500,                 loss: 0.0904
Episode: 1641, avg. length 1574.2
first_0:                 episode reward: -62.2000,                 loss: nan
second_0:                 episode reward: 62.2000,                 loss: 0.0878
Episode: 1661, avg. length 1428.3
first_0:                 episode reward: -62.6000,                 loss: nan
second_0:                 episode reward: 62.6000,                 loss: 0.0970
Episode: 1681, avg. length 907.1
first_0:                 episode reward: -90.3000,                 loss: nan
second_0:                 episode reward: 90.3000,                 loss: 0.0979
Episode: 1701, avg. length 829.5
first_0:                 episode reward: -79.3500,                 loss: nan
second_0:                 episode reward: 79.3500,                 loss: 0.0961
Episode: 1721, avg. length 1016.1
first_0:                 episode reward: -84.4500,                 loss: nan
second_0:                 episode reward: 84.4500,                 loss: 0.0883
Episode: 1741, avg. length 1415.55
first_0:                 episode reward: -71.4500,                 loss: nan
second_0:                 episode reward: 71.4500,                 loss: 0.0889
Episode: 1761, avg. length 1093.75
first_0:                 episode reward: -68.4500,                 loss: nan
second_0:                 episode reward: 68.4500,                 loss: 0.0869
Episode: 1781, avg. length 1297.9
first_0:                 episode reward: -71.6000,                 loss: nan
second_0:                 episode reward: 71.6000,                 loss: 0.0890
Episode: 1801, avg. length 678.25
first_0:                 episode reward: -90.7500,                 loss: nan
second_0:                 episode reward: 90.7500,                 loss: 0.0907
Episode: 1821, avg. length 1191.4
first_0:                 episode reward: -75.7000,                 loss: nan
second_0:                 episode reward: 75.7000,                 loss: 0.0879
Episode: 1841, avg. length 1172.3
first_0:                 episode reward: -75.7000,                 loss: nan
second_0:                 episode reward: 75.7000,                 loss: 0.0839
Episode: 1861, avg. length 872.85
first_0:                 episode reward: -84.6500,                 loss: nan
second_0:                 episode reward: 84.6500,                 loss: 0.0846
Episode: 1881, avg. length 1333.5
first_0:                 episode reward: -55.0000,                 loss: nan
second_0:                 episode reward: 55.0000,                 loss: 0.0858
Episode: 1901, avg. length 1239.7
first_0:                 episode reward: -56.6500,                 loss: nan
second_0:                 episode reward: 56.6500,                 loss: 0.0879
Episode: 1921, avg. length 1317.4
first_0:                 episode reward: -69.0500,                 loss: nan
second_0:                 episode reward: 69.0500,                 loss: 0.0894
Episode: 1941, avg. length 1265.15
first_0:                 episode reward: -78.6000,                 loss: nan
second_0:                 episode reward: 78.6000,                 loss: 0.1026
Episode: 1961, avg. length 1024.55
first_0:                 episode reward: -86.4500,                 loss: nan
second_0:                 episode reward: 86.4500,                 loss: 0.1181
Episode: 1981, avg. length 1068.15
first_0:                 episode reward: -79.8000,                 loss: nan
second_0:                 episode reward: 79.8000,                 loss: 0.1381
Episode: 2001, avg. length 619.95
first_0:                 episode reward: -91.6500,                 loss: nan
second_0:                 episode reward: 91.6500,                 loss: 0.1444
Episode: 2021, avg. length 412.8
first_0:                 episode reward: -96.1500,                 loss: nan
second_0:                 episode reward: 96.1500,                 loss: 0.1337
Episode: 2041, avg. length 306.5
first_0:                 episode reward: -98.1000,                 loss: nan
second_0:                 episode reward: 98.1000,                 loss: 0.1174
Episode: 2061, avg. length 345.95
first_0:                 episode reward: -97.2000,                 loss: nan
second_0:                 episode reward: 97.2000,                 loss: 0.1076
Episode: 2081, avg. length 396.85
first_0:                 episode reward: -96.4000,                 loss: nan
second_0:                 episode reward: 96.4000,                 loss: 0.1052
Episode: 2101, avg. length 563.1
first_0:                 episode reward: -88.6500,                 loss: nan
second_0:                 episode reward: 88.6500,                 loss: 0.0946
Episode: 2121, avg. length 386.85
first_0:                 episode reward: -84.4000,                 loss: nan
second_0:                 episode reward: 84.4000,                 loss: 0.0870
Episode: 2141, avg. length 404.05
first_0:                 episode reward: -95.3500,                 loss: nan
second_0:                 episode reward: 95.3500,                 loss: 0.0820
Episode: 2161, avg. length 413.75
first_0:                 episode reward: -90.9500,                 loss: nan
second_0:                 episode reward: 90.9500,                 loss: 0.0764
Episode: 2181, avg. length 340.05
first_0:                 episode reward: -96.8000,                 loss: nan
second_0:                 episode reward: 96.8000,                 loss: 0.0718
Episode: 2201, avg. length 372.85
first_0:                 episode reward: -95.5000,                 loss: nan
second_0:                 episode reward: 95.5000,                 loss: 0.0681
Episode: 2221, avg. length 326.3
first_0:                 episode reward: -96.9500,                 loss: nan
second_0:                 episode reward: 96.9500,                 loss: 0.0635
Episode: 2241, avg. length 375.1
first_0:                 episode reward: -94.9500,                 loss: nan
second_0:                 episode reward: 94.9500,                 loss: 0.0597
Episode: 2261, avg. length 367.3
first_0:                 episode reward: -95.8500,                 loss: nan
second_0:                 episode reward: 95.8500,                 loss: 0.0603
Episode: 2281, avg. length 355.4
first_0:                 episode reward: -95.7500,                 loss: nan
second_0:                 episode reward: 95.7500,                 loss: 0.0581
Episode: 2301, avg. length 318.15
first_0:                 episode reward: -96.8000,                 loss: nan
second_0:                 episode reward: 96.8000,                 loss: 0.0580
Episode: 2321, avg. length 316.25
first_0:                 episode reward: -97.0500,                 loss: nan
second_0:                 episode reward: 97.0500,                 loss: 0.0572
Episode: 2341, avg. length 306.05
first_0:                 episode reward: -96.9000,                 loss: nan
second_0:                 episode reward: 96.9000,                 loss: 0.0572
Episode: 2361, avg. length 445.5
first_0:                 episode reward: -98.0500,                 loss: nan
second_0:                 episode reward: 98.0500,                 loss: 0.0553
Episode: 2381, avg. length 304.4
first_0:                 episode reward: -97.8500,                 loss: nan
second_0:                 episode reward: 97.8500,                 loss: 0.0545
Episode: 2401, avg. length 284.75
first_0:                 episode reward: -97.5500,                 loss: nan
second_0:                 episode reward: 97.5500,                 loss: 0.0532
Episode: 2421, avg. length 274.4
first_0:                 episode reward: -98.3500,                 loss: nan
second_0:                 episode reward: 98.3500,                 loss: 0.0540
Episode: 2441, avg. length 303.0
first_0:                 episode reward: -97.6500,                 loss: nan
second_0:                 episode reward: 97.6500,                 loss: 0.0546
Episode: 2461, avg. length 298.6
first_0:                 episode reward: -96.5500,                 loss: nan
second_0:                 episode reward: 96.5500,                 loss: 0.0551
Episode: 2481, avg. length 270.85
first_0:                 episode reward: -97.6500,                 loss: nan
second_0:                 episode reward: 97.6500,                 loss: 0.0534
Episode: 2501, avg. length 357.45
first_0:                 episode reward: -96.5000,                 loss: nan
second_0:                 episode reward: 96.5000,                 loss: 0.0536
Episode: 2521, avg. length 267.9
first_0:                 episode reward: -98.3500,                 loss: nan
second_0:                 episode reward: 98.3500,                 loss: 0.0551
Episode: 2541, avg. length 260.1
first_0:                 episode reward: -99.1500,                 loss: nan
second_0:                 episode reward: 99.1500,                 loss: 0.0523
Episode: 2561, avg. length 261.55
first_0:                 episode reward: -99.6000,                 loss: nan
second_0:                 episode reward: 99.6000,                 loss: 0.0527
Episode: 2581, avg. length 268.45
first_0:                 episode reward: -88.5000,                 loss: nan
second_0:                 episode reward: 88.5000,                 loss: 0.0517
Episode: 2601, avg. length 260.15
first_0:                 episode reward: -98.6500,                 loss: nan
second_0:                 episode reward: 98.6500,                 loss: 0.0504
Episode: 2621, avg. length 304.25
first_0:                 episode reward: -97.7000,                 loss: nan
second_0:                 episode reward: 97.7000,                 loss: 0.0501
Episode: 2641, avg. length 287.1
first_0:                 episode reward: -97.8500,                 loss: nan
second_0:                 episode reward: 97.8500,                 loss: 0.0507
Episode: 2661, avg. length 280.9
first_0:                 episode reward: -93.3500,                 loss: nan
second_0:                 episode reward: 93.3500,                 loss: 0.0505
Episode: 2681, avg. length 307.9
first_0:                 episode reward: -95.2500,                 loss: nan
second_0:                 episode reward: 95.2500,                 loss: 0.0497
Episode: 2701, avg. length 268.9
first_0:                 episode reward: -99.3000,                 loss: nan
second_0:                 episode reward: 99.3000,                 loss: 0.0502
Episode: 2721, avg. length 245.95
first_0:                 episode reward: -88.9500,                 loss: nan
second_0:                 episode reward: 88.9500,                 loss: 0.0494
Episode: 2741, avg. length 268.4
first_0:                 episode reward: -98.5000,                 loss: nan
second_0:                 episode reward: 98.5000,                 loss: 0.0477
Episode: 2761, avg. length 268.65
first_0:                 episode reward: -97.8500,                 loss: nan
second_0:                 episode reward: 97.8500,                 loss: 0.0478
Episode: 2781, avg. length 262.05
first_0:                 episode reward: -96.8500,                 loss: nan
second_0:                 episode reward: 96.8500,                 loss: 0.0494
Episode: 2801, avg. length 256.35
first_0:                 episode reward: -96.4500,                 loss: nan
second_0:                 episode reward: 96.4500,                 loss: 0.0479
Episode: 2821, avg. length 250.6
first_0:                 episode reward: -98.5000,                 loss: nan
second_0:                 episode reward: 98.5000,                 loss: 0.0467
Episode: 2841, avg. length 237.15
first_0:                 episode reward: -99.4000,                 loss: nan
second_0:                 episode reward: 99.4000,                 loss: 0.0454
Episode: 2861, avg. length 257.95
first_0:                 episode reward: -98.6500,                 loss: nan
second_0:                 episode reward: 98.6500,                 loss: 0.0449
Episode: 2881, avg. length 253.4
first_0:                 episode reward: -98.6500,                 loss: nan
second_0:                 episode reward: 98.6500,                 loss: 0.0468
Episode: 2901, avg. length 276.1
first_0:                 episode reward: -98.4500,                 loss: nan
second_0:                 episode reward: 98.4500,                 loss: 0.0452
Episode: 2921, avg. length 283.75
first_0:                 episode reward: -99.2000,                 loss: nan
second_0:                 episode reward: 99.2000,                 loss: 0.0452
Episode: 2941, avg. length 264.35
first_0:                 episode reward: -97.5500,                 loss: nan
second_0:                 episode reward: 97.5500,                 loss: 0.0460
Episode: 2961, avg. length 264.25
first_0:                 episode reward: -97.3000,                 loss: nan
second_0:                 episode reward: 97.3000,                 loss: 0.0459
Episode: 2981, avg. length 255.4
first_0:                 episode reward: -99.0000,                 loss: nan
second_0:                 episode reward: 99.0000,                 loss: 0.0464
Episode: 3001, avg. length 286.05
first_0:                 episode reward: -93.5000,                 loss: nan
second_0:                 episode reward: 93.5000,                 loss: 0.0481
Episode: 3021, avg. length 254.1
first_0:                 episode reward: -98.9000,                 loss: nan
second_0:                 episode reward: 98.9000,                 loss: 0.0507
Episode: 3041, avg. length 258.7
first_0:                 episode reward: -96.2500,                 loss: nan
second_0:                 episode reward: 96.2500,                 loss: 0.0499
Episode: 3061, avg. length 257.7
first_0:                 episode reward: -99.4000,                 loss: nan
second_0:                 episode reward: 99.4000,                 loss: 0.0487
Episode: 3081, avg. length 260.3
first_0:                 episode reward: -97.0500,                 loss: nan
second_0:                 episode reward: 97.0500,                 loss: 0.0478
Episode: 3101, avg. length 258.1
first_0:                 episode reward: -97.8000,                 loss: nan
second_0:                 episode reward: 97.8000,                 loss: 0.0494
Episode: 3121, avg. length 292.45
first_0:                 episode reward: -95.5000,                 loss: nan
second_0:                 episode reward: 95.5000,                 loss: 0.0492
Episode: 3141, avg. length 273.65
first_0:                 episode reward: -99.6500,                 loss: nan
second_0:                 episode reward: 99.6500,                 loss: 0.0516
Episode: 3161, avg. length 272.1
first_0:                 episode reward: -97.6500,                 loss: nan
second_0:                 episode reward: 97.6500,                 loss: 0.0498
Episode: 3181, avg. length 251.65
first_0:                 episode reward: -98.8000,                 loss: nan
second_0:                 episode reward: 98.8000,                 loss: 0.0495
Episode: 3201, avg. length 261.5
first_0:                 episode reward: -99.1000,                 loss: nan
second_0:                 episode reward: 99.1000,                 loss: 0.0481
Episode: 3221, avg. length 254.55
first_0:                 episode reward: -99.1500,                 loss: nan
second_0:                 episode reward: 99.1500,                 loss: 0.0482
Episode: 3241, avg. length 256.4
first_0:                 episode reward: -98.0500,                 loss: nan
second_0:                 episode reward: 98.0500,                 loss: 0.0461
Episode: 3261, avg. length 267.75
first_0:                 episode reward: -95.0500,                 loss: nan
second_0:                 episode reward: 95.0500,                 loss: 0.0472
Episode: 3281, avg. length 259.6
first_0:                 episode reward: -98.9000,                 loss: nan
second_0:                 episode reward: 98.9000,                 loss: 0.0490
Episode: 3301, avg. length 244.5
first_0:                 episode reward: -99.2500,                 loss: nan
second_0:                 episode reward: 99.2500,                 loss: 0.0497
Episode: 3321, avg. length 251.55
first_0:                 episode reward: -98.0500,                 loss: nan
second_0:                 episode reward: 98.0500,                 loss: 0.0481
Episode: 3341, avg. length 252.65
first_0:                 episode reward: -99.2000,                 loss: nan
second_0:                 episode reward: 99.2000,                 loss: 0.0481
Episode: 3361, avg. length 334.95
first_0:                 episode reward: -98.3500,                 loss: nan
second_0:                 episode reward: 98.3500,                 loss: 0.0459
Episode: 3381, avg. length 369.6
first_0:                 episode reward: -94.9500,                 loss: nan
second_0:                 episode reward: 94.9500,                 loss: 0.0437
Episode: 3401, avg. length 256.8
first_0:                 episode reward: -98.8000,                 loss: nan
second_0:                 episode reward: 98.8000,                 loss: 0.0443
Episode: 3421, avg. length 271.05
first_0:                 episode reward: -96.2500,                 loss: nan
second_0:                 episode reward: 96.2500,                 loss: 0.0440
Episode: 3441, avg. length 262.2
first_0:                 episode reward: -98.3000,                 loss: nan
second_0:                 episode reward: 98.3000,                 loss: 0.0447
Episode: 3461, avg. length 261.15
first_0:                 episode reward: -99.2000,                 loss: nan
second_0:                 episode reward: 99.2000,                 loss: 0.0453
Episode: 3481, avg. length 257.8
first_0:                 episode reward: -98.2000,                 loss: nan
second_0:                 episode reward: 98.2000,                 loss: 0.0446
Episode: 3501, avg. length 251.0
first_0:                 episode reward: -99.2000,                 loss: nan
second_0:                 episode reward: 99.2000,                 loss: 0.0455
Episode: 3521, avg. length 269.8
first_0:                 episode reward: -89.2000,                 loss: nan
second_0:                 episode reward: 89.2000,                 loss: 0.0433
Episode: 3541, avg. length 255.9
first_0:                 episode reward: -98.8500,                 loss: nan
second_0:                 episode reward: 98.8500,                 loss: 0.0434
Episode: 3561, avg. length 287.1
first_0:                 episode reward: -99.4000,                 loss: nan
second_0:                 episode reward: 99.4000,                 loss: 0.0428
Episode: 3581, avg. length 257.85
first_0:                 episode reward: -99.3000,                 loss: nan
second_0:                 episode reward: 99.3000,                 loss: 0.0413
Episode: 3601, avg. length 269.1
first_0:                 episode reward: -99.2000,                 loss: nan
second_0:                 episode reward: 99.2000,                 loss: 0.0409
Episode: 3621, avg. length 256.7
first_0:                 episode reward: -98.8000,                 loss: nan
second_0:                 episode reward: 98.8000,                 loss: 0.0413
Episode: 3641, avg. length 244.35
first_0:                 episode reward: -98.4000,                 loss: nan
second_0:                 episode reward: 98.4000,                 loss: 0.0408
Episode: 3661, avg. length 328.15
first_0:                 episode reward: -97.6000,                 loss: nan
second_0:                 episode reward: 97.6000,                 loss: 0.0400
Episode: 3681, avg. length 272.8
first_0:                 episode reward: -97.6500,                 loss: nan
second_0:                 episode reward: 97.6500,                 loss: 0.0383
Episode: 3701, avg. length 244.3
first_0:                 episode reward: -99.3000,                 loss: nan
second_0:                 episode reward: 99.3000,                 loss: 0.0389
Episode: 3721, avg. length 326.0
first_0:                 episode reward: -94.6500,                 loss: nan
second_0:                 episode reward: 94.6500,                 loss: 0.0386
Episode: 3741, avg. length 247.8
first_0:                 episode reward: -99.1500,                 loss: nan
second_0:                 episode reward: 99.1500,                 loss: 0.0396
Episode: 3761, avg. length 259.25
first_0:                 episode reward: -98.7000,                 loss: nan
second_0:                 episode reward: 98.7000,                 loss: 0.0392
Episode: 3781, avg. length 240.65
first_0:                 episode reward: -99.4500,                 loss: nan
second_0:                 episode reward: 99.4500,                 loss: 0.0388
Episode: 3801, avg. length 307.15
first_0:                 episode reward: -84.5000,                 loss: nan
second_0:                 episode reward: 84.5000,                 loss: 0.0401
Episode: 3821, avg. length 246.9
first_0:                 episode reward: -98.8500,                 loss: nan
second_0:                 episode reward: 98.8500,                 loss: 0.0394
Episode: 3841, avg. length 241.85
first_0:                 episode reward: -99.0000,                 loss: nan
second_0:                 episode reward: 99.0000,                 loss: 0.0377
Episode: 3861, avg. length 242.25
first_0:                 episode reward: -99.4000,                 loss: nan
second_0:                 episode reward: 99.4000,                 loss: 0.0381
Episode: 3881, avg. length 245.15
first_0:                 episode reward: -98.8500,                 loss: nan
second_0:                 episode reward: 98.8500,                 loss: 0.0367
Episode: 3901, avg. length 248.1
first_0:                 episode reward: -99.3000,                 loss: nan
second_0:                 episode reward: 99.3000,                 loss: 0.0377
Episode: 3921, avg. length 262.65
first_0:                 episode reward: -98.5000,                 loss: nan
second_0:                 episode reward: 98.5000,                 loss: 0.0382
Episode: 3941, avg. length 248.7
first_0:                 episode reward: -98.3000,                 loss: nan
second_0:                 episode reward: 98.3000,                 loss: 0.0387
Episode: 3961, avg. length 264.3
first_0:                 episode reward: -98.1500,                 loss: nan
second_0:                 episode reward: 98.1500,                 loss: 0.0392
Episode: 3981, avg. length 256.6
first_0:                 episode reward: -98.4500,                 loss: nan
second_0:                 episode reward: 98.4500,                 loss: 0.0394
Episode: 4001, avg. length 249.15
first_0:                 episode reward: -88.9500,                 loss: nan
second_0:                 episode reward: 88.9500,                 loss: 0.0402
Episode: 4021, avg. length 262.05
first_0:                 episode reward: -99.5000,                 loss: nan
second_0:                 episode reward: 99.5000,                 loss: 0.0401
Episode: 4041, avg. length 253.3
first_0:                 episode reward: -98.4000,                 loss: nan
second_0:                 episode reward: 98.4000,                 loss: 0.0399
Episode: 4061, avg. length 267.45
first_0:                 episode reward: -98.1500,                 loss: nan
second_0:                 episode reward: 98.1500,                 loss: 0.0408
Episode: 4081, avg. length 269.1
first_0:                 episode reward: -97.8000,                 loss: nan
second_0:                 episode reward: 97.8000,                 loss: 0.0417
Episode: 4101, avg. length 250.35
first_0:                 episode reward: -98.5500,                 loss: nan
second_0:                 episode reward: 98.5500,                 loss: 0.0424
Episode: 4121, avg. length 251.3
first_0:                 episode reward: -98.6000,                 loss: nan
second_0:                 episode reward: 98.6000,                 loss: 0.0431
Episode: 4141, avg. length 244.9
first_0:                 episode reward: -99.0500,                 loss: nan
second_0:                 episode reward: 99.0500,                 loss: 0.0437
Episode: 4161, avg. length 257.5
first_0:                 episode reward: -98.7000,                 loss: nan
second_0:                 episode reward: 98.7000,                 loss: 0.0453
Episode: 4181, avg. length 252.05
first_0:                 episode reward: -99.3000,                 loss: nan
second_0:                 episode reward: 99.3000,                 loss: 0.0440
Episode: 4201, avg. length 249.5
first_0:                 episode reward: -88.7000,                 loss: nan
second_0:                 episode reward: 88.7000,                 loss: 0.0455
Episode: 4221, avg. length 241.1
first_0:                 episode reward: -97.2500,                 loss: nan
second_0:                 episode reward: 97.2500,                 loss: 0.0449
Episode: 4241, avg. length 236.3
first_0:                 episode reward: -89.3500,                 loss: nan
second_0:                 episode reward: 89.3500,                 loss: 0.0449
Episode: 4261, avg. length 262.45
first_0:                 episode reward: -97.7000,                 loss: nan
second_0:                 episode reward: 97.7000,                 loss: 0.0451
Episode: 4281, avg. length 239.75
first_0:                 episode reward: -99.0500,                 loss: nan
second_0:                 episode reward: 99.0500,                 loss: 0.0450
Episode: 4301, avg. length 246.25
first_0:                 episode reward: -98.4500,                 loss: nan
second_0:                 episode reward: 98.4500,                 loss: 0.0454
Episode: 4321, avg. length 249.35
first_0:                 episode reward: -98.2500,                 loss: nan
second_0:                 episode reward: 98.2500,                 loss: 0.0444
Episode: 4341, avg. length 253.45
first_0:                 episode reward: -97.6500,                 loss: nan
second_0:                 episode reward: 97.6500,                 loss: 0.0457
Episode: 4361, avg. length 246.65
first_0:                 episode reward: -99.5000,                 loss: nan
second_0:                 episode reward: 99.5000,                 loss: 0.0470
Episode: 4381, avg. length 262.15
first_0:                 episode reward: -97.1000,                 loss: nan
second_0:                 episode reward: 97.1000,                 loss: 0.0460
Episode: 4401, avg. length 241.25
first_0:                 episode reward: -98.9000,                 loss: nan
second_0:                 episode reward: 98.9000,                 loss: 0.0461
Episode: 4421, avg. length 232.75
first_0:                 episode reward: -99.7500,                 loss: nan
second_0:                 episode reward: 99.7500,                 loss: 0.0451
Episode: 4441, avg. length 269.75
first_0:                 episode reward: -98.5500,                 loss: nan
second_0:                 episode reward: 98.5500,                 loss: 0.0450
Episode: 4461, avg. length 263.15
first_0:                 episode reward: -96.5500,                 loss: nan
second_0:                 episode reward: 96.5500,                 loss: 0.0453
Episode: 4481, avg. length 249.9
first_0:                 episode reward: -99.0000,                 loss: nan
second_0:                 episode reward: 99.0000,                 loss: 0.0445
Episode: 4501, avg. length 233.65
first_0:                 episode reward: -99.4500,                 loss: nan
second_0:                 episode reward: 99.4500,                 loss: 0.0447
Episode: 4521, avg. length 279.05
first_0:                 episode reward: -98.2500,                 loss: nan
second_0:                 episode reward: 98.2500,                 loss: 0.0437
Episode: 4541, avg. length 242.05
first_0:                 episode reward: -99.6000,                 loss: nan
second_0:                 episode reward: 99.6000,                 loss: 0.0418
Episode: 4561, avg. length 260.2
first_0:                 episode reward: -98.0000,                 loss: nan
second_0:                 episode reward: 98.0000,                 loss: 0.0413
Episode: 4581, avg. length 248.35
first_0:                 episode reward: -98.7500,                 loss: nan
second_0:                 episode reward: 98.7500,                 loss: 0.0421
Episode: 4601, avg. length 268.75
first_0:                 episode reward: -98.5500,                 loss: nan
second_0:                 episode reward: 98.5500,                 loss: 0.0425
Episode: 4621, avg. length 299.25
first_0:                 episode reward: -98.5500,                 loss: nan
second_0:                 episode reward: 98.5500,                 loss: 0.0413
Episode: 4641, avg. length 269.85
first_0:                 episode reward: -97.3500,                 loss: nan
second_0:                 episode reward: 97.3500,                 loss: 0.0409
Episode: 4661, avg. length 260.2
first_0:                 episode reward: -98.5500,                 loss: nan
second_0:                 episode reward: 98.5500,                 loss: 0.0424
Episode: 4681, avg. length 263.3
first_0:                 episode reward: -98.2500,                 loss: nan
second_0:                 episode reward: 98.2500,                 loss: 0.0420
Episode: 4701, avg. length 247.35
first_0:                 episode reward: -98.9000,                 loss: nan
second_0:                 episode reward: 98.9000,                 loss: 0.0425
Episode: 4721, avg. length 261.75
first_0:                 episode reward: -95.0000,                 loss: nan
second_0:                 episode reward: 95.0000,                 loss: 0.0416
Episode: 4741, avg. length 255.5
first_0:                 episode reward: -97.0000,                 loss: nan
second_0:                 episode reward: 97.0000,                 loss: 0.0412
Episode: 4761, avg. length 264.1
first_0:                 episode reward: -99.2500,                 loss: nan
second_0:                 episode reward: 99.2500,                 loss: 0.0410
Episode: 4781, avg. length 255.25
first_0:                 episode reward: -97.5500,                 loss: nan
second_0:                 episode reward: 97.5500,                 loss: 0.0413
Episode: 4801, avg. length 245.3
first_0:                 episode reward: -88.9000,                 loss: nan
second_0:                 episode reward: 88.9000,                 loss: 0.0419
Episode: 4821, avg. length 287.35
first_0:                 episode reward: -96.6000,                 loss: nan
second_0:                 episode reward: 96.6000,                 loss: 0.0423
Episode: 4841, avg. length 252.45
first_0:                 episode reward: -96.1000,                 loss: nan
second_0:                 episode reward: 96.1000,                 loss: 0.0421
Episode: 4861, avg. length 258.05
first_0:                 episode reward: -96.9000,                 loss: nan
second_0:                 episode reward: 96.9000,                 loss: 0.0426
Episode: 4881, avg. length 263.4
first_0:                 episode reward: -97.4000,                 loss: nan
second_0:                 episode reward: 97.4000,                 loss: 0.0416
Episode: 4901, avg. length 248.85
first_0:                 episode reward: -98.2500,                 loss: nan
second_0:                 episode reward: 98.2500,                 loss: 0.0424
Episode: 4921, avg. length 251.15
first_0:                 episode reward: -98.2500,                 loss: nan
second_0:                 episode reward: 98.2500,                 loss: 0.0433
Episode: 4941, avg. length 263.95
first_0:                 episode reward: -98.1500,                 loss: nan
second_0:                 episode reward: 98.1500,                 loss: 0.0435
Episode: 4961, avg. length 269.45
first_0:                 episode reward: -95.2500,                 loss: nan
second_0:                 episode reward: 95.2500,                 loss: 0.0436
Episode: 4981, avg. length 366.55
first_0:                 episode reward: -91.9500,                 loss: nan
second_0:                 episode reward: 91.9500,                 loss: 0.0435
Episode: 5001, avg. length 251.0
first_0:                 episode reward: -97.5500,                 loss: nan
second_0:                 episode reward: 97.5500,                 loss: 0.0427
Episode: 5021, avg. length 250.65
first_0:                 episode reward: -99.3000,                 loss: nan
second_0:                 episode reward: 99.3000,                 loss: 0.0416
Episode: 5041, avg. length 253.2
first_0:                 episode reward: -99.1000,                 loss: nan
second_0:                 episode reward: 99.1000,                 loss: 0.0411
Episode: 5061, avg. length 248.05
first_0:                 episode reward: -98.7000,                 loss: nan
second_0:                 episode reward: 98.7000,                 loss: 0.0412
Episode: 5081, avg. length 247.8
first_0:                 episode reward: -99.2500,                 loss: nan
second_0:                 episode reward: 99.2500,                 loss: 0.0414
Episode: 5101, avg. length 262.5
first_0:                 episode reward: -97.4000,                 loss: nan
second_0:                 episode reward: 97.4000,                 loss: 0.0415
Episode: 5121, avg. length 266.05
first_0:                 episode reward: -94.3500,                 loss: nan
second_0:                 episode reward: 94.3500,                 loss: 0.0416
Episode: 5141, avg. length 247.65
first_0:                 episode reward: -98.5500,                 loss: nan
second_0:                 episode reward: 98.5500,                 loss: 0.0408
Episode: 5161, avg. length 264.5
first_0:                 episode reward: -96.8000,                 loss: nan
second_0:                 episode reward: 96.8000,                 loss: 0.0416
Episode: 5181, avg. length 241.65
first_0:                 episode reward: -99.2500,                 loss: nan
second_0:                 episode reward: 99.2500,                 loss: 0.0413
Episode: 5201, avg. length 258.25
first_0:                 episode reward: -96.1000,                 loss: nan
second_0:                 episode reward: 96.1000,                 loss: 0.0428
Episode: 5221, avg. length 281.0
first_0:                 episode reward: -98.5000,                 loss: nan
second_0:                 episode reward: 98.5000,                 loss: 0.0421
Episode: 5241, avg. length 263.4
first_0:                 episode reward: -97.3500,                 loss: nan
second_0:                 episode reward: 97.3500,                 loss: 0.0416
Episode: 5261, avg. length 246.85
first_0:                 episode reward: -98.6000,                 loss: nan
second_0:                 episode reward: 98.6000,                 loss: 0.0411
Episode: 5281, avg. length 239.35
first_0:                 episode reward: -99.4500,                 loss: nan
second_0:                 episode reward: 99.4500,                 loss: 0.0407
Episode: 5301, avg. length 260.75
first_0:                 episode reward: -98.5000,                 loss: nan
second_0:                 episode reward: 98.5000,                 loss: 0.0415
Episode: 5321, avg. length 253.1
first_0:                 episode reward: -98.5500,                 loss: nan
second_0:                 episode reward: 98.5500,                 loss: 0.0424
Episode: 5341, avg. length 247.15
first_0:                 episode reward: -99.2500,                 loss: nan
second_0:                 episode reward: 99.2500,                 loss: 0.0411
Episode: 5361, avg. length 254.95
first_0:                 episode reward: -95.9500,                 loss: nan
second_0:                 episode reward: 95.9500,                 loss: 0.0433
Episode: 5381, avg. length 258.85
first_0:                 episode reward: -99.3000,                 loss: nan
second_0:                 episode reward: 99.3000,                 loss: 0.0438
Episode: 5401, avg. length 239.65
first_0:                 episode reward: -98.3500,                 loss: nan
second_0:                 episode reward: 98.3500,                 loss: 0.0431
Episode: 5421, avg. length 245.5
first_0:                 episode reward: -99.4500,                 loss: nan
second_0:                 episode reward: 99.4500,                 loss: 0.0425
Episode: 5441, avg. length 237.45
first_0:                 episode reward: -98.3500,                 loss: nan
second_0:                 episode reward: 98.3500,                 loss: 0.0419
Episode: 5461, avg. length 236.95
first_0:                 episode reward: -99.0000,                 loss: nan
second_0:                 episode reward: 99.0000,                 loss: 0.0408
Episode: 5481, avg. length 244.3
first_0:                 episode reward: -98.8500,                 loss: nan
second_0:                 episode reward: 98.8500,                 loss: 0.0421
Episode: 5501, avg. length 242.35
first_0:                 episode reward: -99.0500,                 loss: nan
second_0:                 episode reward: 99.0500,                 loss: 0.0441
Episode: 5521, avg. length 255.05
first_0:                 episode reward: -98.4000,                 loss: nan
second_0:                 episode reward: 98.4000,                 loss: 0.0422
Episode: 5541, avg. length 238.65
first_0:                 episode reward: -97.3500,                 loss: nan
second_0:                 episode reward: 97.3500,                 loss: 0.0428
Episode: 5561, avg. length 235.85
first_0:                 episode reward: -99.3500,                 loss: nan
second_0:                 episode reward: 99.3500,                 loss: 0.0443
Episode: 5581, avg. length 233.85
first_0:                 episode reward: -98.4500,                 loss: nan
second_0:                 episode reward: 98.4500,                 loss: 0.0443
Episode: 5601, avg. length 233.1
first_0:                 episode reward: -98.1000,                 loss: nan
second_0:                 episode reward: 98.1000,                 loss: 0.0442
Episode: 5621, avg. length 241.6
first_0:                 episode reward: -98.0000,                 loss: nan
second_0:                 episode reward: 98.0000,                 loss: 0.0445
Episode: 5641, avg. length 240.95
first_0:                 episode reward: -98.1500,                 loss: nan
second_0:                 episode reward: 98.1500,                 loss: 0.0445
Episode: 5661, avg. length 231.8
first_0:                 episode reward: -99.2000,                 loss: nan
second_0:                 episode reward: 99.2000,                 loss: 0.0450
Episode: 5681, avg. length 235.65
first_0:                 episode reward: -99.0000,                 loss: nan
second_0:                 episode reward: 99.0000,                 loss: 0.0427
Episode: 5701, avg. length 225.2
first_0:                 episode reward: -99.7000,                 loss: nan
second_0:                 episode reward: 99.7000,                 loss: 0.0442
Episode: 5721, avg. length 233.65
first_0:                 episode reward: -99.3500,                 loss: nan
second_0:                 episode reward: 99.3500,                 loss: 0.0442
Episode: 5741, avg. length 232.1
first_0:                 episode reward: -99.1500,                 loss: nan
second_0:                 episode reward: 99.1500,                 loss: 0.0438
Episode: 5761, avg. length 238.5
first_0:                 episode reward: -98.5000,                 loss: nan
second_0:                 episode reward: 98.5000,                 loss: 0.0427
Episode: 5781, avg. length 229.95
first_0:                 episode reward: -99.8500,                 loss: nan
second_0:                 episode reward: 99.8500,                 loss: 0.0438
Episode: 5801, avg. length 244.2
first_0:                 episode reward: -98.4000,                 loss: nan
second_0:                 episode reward: 98.4000,                 loss: 0.0441
Episode: 5821, avg. length 256.3
first_0:                 episode reward: -98.4000,                 loss: nan
second_0:                 episode reward: 98.4000,                 loss: 0.0448
Episode: 5841, avg. length 234.75
first_0:                 episode reward: -98.7500,                 loss: nan
second_0:                 episode reward: 98.7500,                 loss: 0.0449
Episode: 5861, avg. length 236.4
first_0:                 episode reward: -99.1500,                 loss: nan
second_0:                 episode reward: 99.1500,                 loss: 0.0459
Episode: 5881, avg. length 221.2
first_0:                 episode reward: -99.7000,                 loss: nan
second_0:                 episode reward: 99.7000,                 loss: 0.0444
Episode: 5901, avg. length 229.75
first_0:                 episode reward: -99.0000,                 loss: nan
second_0:                 episode reward: 99.0000,                 loss: 0.0445
Episode: 5921, avg. length 250.05
first_0:                 episode reward: -98.7500,                 loss: nan
second_0:                 episode reward: 98.7500,                 loss: 0.0442
Episode: 5941, avg. length 273.85
first_0:                 episode reward: -99.5000,                 loss: nan
second_0:                 episode reward: 99.5000,                 loss: 0.0445
Episode: 5961, avg. length 254.7
first_0:                 episode reward: -98.3500,                 loss: nan
second_0:                 episode reward: 98.3500,                 loss: 0.0426
Episode: 5981, avg. length 261.1
first_0:                 episode reward: -98.2500,                 loss: nan
second_0:                 episode reward: 98.2500,                 loss: 0.0438
Episode: 6001, avg. length 241.55
first_0:                 episode reward: -96.6500,                 loss: nan
second_0:                 episode reward: 96.6500,                 loss: 0.0432
Episode: 6021, avg. length 242.7
first_0:                 episode reward: -91.8000,                 loss: nan
second_0:                 episode reward: 91.8000,                 loss: 0.0440
Episode: 6041, avg. length 225.5
first_0:                 episode reward: -99.9000,                 loss: nan
second_0:                 episode reward: 99.9000,                 loss: 0.0442
Episode: 6061, avg. length 224.85
first_0:                 episode reward: -99.9500,                 loss: nan
second_0:                 episode reward: 99.9500,                 loss: 0.0422
Episode: 6081, avg. length 233.6
first_0:                 episode reward: -98.9500,                 loss: nan
second_0:                 episode reward: 98.9500,                 loss: 0.0429
Episode: 6101, avg. length 224.1
first_0:                 episode reward: -99.7500,                 loss: nan
second_0:                 episode reward: 99.7500,                 loss: 0.0424
Episode: 6121, avg. length 237.2
first_0:                 episode reward: -98.8500,                 loss: nan
second_0:                 episode reward: 98.8500,                 loss: 0.0420
Episode: 6141, avg. length 233.65
first_0:                 episode reward: -99.0500,                 loss: nan
second_0:                 episode reward: 99.0500,                 loss: 0.0428
Episode: 6161, avg. length 236.2
first_0:                 episode reward: -97.8500,                 loss: nan
second_0:                 episode reward: 97.8500,                 loss: 0.0434
Episode: 6181, avg. length 242.3
first_0:                 episode reward: -99.4500,                 loss: nan
second_0:                 episode reward: 99.4500,                 loss: 0.0423
Episode: 6201, avg. length 222.75
first_0:                 episode reward: -98.8000,                 loss: nan
second_0:                 episode reward: 98.8000,                 loss: 0.0422
Episode: 6221, avg. length 242.1
first_0:                 episode reward: -96.6000,                 loss: nan
second_0:                 episode reward: 96.6000,                 loss: 0.0430
Episode: 6241, avg. length 234.4
first_0:                 episode reward: -99.0000,                 loss: nan
second_0:                 episode reward: 99.0000,                 loss: 0.0432
Episode: 6261, avg. length 231.65
first_0:                 episode reward: -98.0500,                 loss: nan
second_0:                 episode reward: 98.0500,                 loss: 0.0435
Episode: 6281, avg. length 233.65
first_0:                 episode reward: -92.2000,                 loss: nan
second_0:                 episode reward: 92.2000,                 loss: 0.0443
Episode: 6301, avg. length 222.1
first_0:                 episode reward: -99.5000,                 loss: nan
second_0:                 episode reward: 99.5000,                 loss: 0.0429
Episode: 6321, avg. length 224.95
first_0:                 episode reward: -99.3500,                 loss: nan
second_0:                 episode reward: 99.3500,                 loss: 0.0432
Episode: 6341, avg. length 217.0
first_0:                 episode reward: -99.9000,                 loss: nan
second_0:                 episode reward: 99.9000,                 loss: 0.0434
Episode: 6361, avg. length 220.95
first_0:                 episode reward: -99.8500,                 loss: nan
second_0:                 episode reward: 99.8500,                 loss: 0.0426
Episode: 6381, avg. length 232.7
first_0:                 episode reward: -98.0500,                 loss: nan
second_0:                 episode reward: 98.0500,                 loss: 0.0457
Episode: 6401, avg. length 222.65
first_0:                 episode reward: -99.6500,                 loss: nan
second_0:                 episode reward: 99.6500,                 loss: 0.0458
Episode: 6421, avg. length 227.5
first_0:                 episode reward: -99.1000,                 loss: nan
second_0:                 episode reward: 99.1000,                 loss: 0.0442
Episode: 6441, avg. length 227.7
first_0:                 episode reward: -99.3500,                 loss: nan
second_0:                 episode reward: 99.3500,                 loss: 0.0444
Episode: 6461, avg. length 229.7
first_0:                 episode reward: -99.6000,                 loss: nan
second_0:                 episode reward: 99.6000,                 loss: 0.0445
Episode: 6481, avg. length 226.15
first_0:                 episode reward: -99.1000,                 loss: nan
second_0:                 episode reward: 99.1000,                 loss: 0.0454
Episode: 6501, avg. length 226.4
first_0:                 episode reward: -99.7500,                 loss: nan
second_0:                 episode reward: 99.7500,                 loss: 0.0447
Episode: 6521, avg. length 240.75
first_0:                 episode reward: -98.7500,                 loss: nan
second_0:                 episode reward: 98.7500,                 loss: 0.0455
Episode: 6541, avg. length 263.2
first_0:                 episode reward: -94.9000,                 loss: nan
second_0:                 episode reward: 94.9000,                 loss: 0.0446
Episode: 6561, avg. length 240.0
first_0:                 episode reward: -98.0000,                 loss: nan
second_0:                 episode reward: 98.0000,                 loss: 0.0452
Episode: 6581, avg. length 252.85
first_0:                 episode reward: -98.2500,                 loss: nan
second_0:                 episode reward: 98.2500,                 loss: 0.0464
Episode: 6601, avg. length 222.6
first_0:                 episode reward: -99.7000,                 loss: nan
second_0:                 episode reward: 99.7000,                 loss: 0.0456
Episode: 6621, avg. length 236.9
first_0:                 episode reward: -98.2000,                 loss: nan
second_0:                 episode reward: 98.2000,                 loss: 0.0462
Episode: 6641, avg. length 224.3
first_0:                 episode reward: -99.6000,                 loss: nan
second_0:                 episode reward: 99.6000,                 loss: 0.0462
Episode: 6661, avg. length 235.7
first_0:                 episode reward: -98.8000,                 loss: nan
second_0:                 episode reward: 98.8000,                 loss: 0.0450
Episode: 6681, avg. length 231.0
first_0:                 episode reward: -99.2500,                 loss: nan
second_0:                 episode reward: 99.2500,                 loss: 0.0434
Episode: 6701, avg. length 228.6
first_0:                 episode reward: -98.8500,                 loss: nan
second_0:                 episode reward: 98.8500,                 loss: 0.0440
Episode: 6721, avg. length 227.55
first_0:                 episode reward: -99.6000,                 loss: nan
second_0:                 episode reward: 99.6000,                 loss: 0.0442
Episode: 6741, avg. length 231.4
first_0:                 episode reward: -99.3500,                 loss: nan
second_0:                 episode reward: 99.3500,                 loss: 0.0462
Episode: 6761, avg. length 226.0
first_0:                 episode reward: -99.4000,                 loss: nan
second_0:                 episode reward: 99.4000,                 loss: 0.0473
Episode: 6781, avg. length 254.8
first_0:                 episode reward: -96.7500,                 loss: nan
second_0:                 episode reward: 96.7500,                 loss: 0.0502
Episode: 6801, avg. length 242.85
first_0:                 episode reward: -99.1000,                 loss: nan
second_0:                 episode reward: 99.1000,                 loss: 0.0495
Episode: 6821, avg. length 239.25
first_0:                 episode reward: -98.3000,                 loss: nan
second_0:                 episode reward: 98.3000,                 loss: 0.0498
Episode: 6841, avg. length 229.3
first_0:                 episode reward: -99.4000,                 loss: nan
second_0:                 episode reward: 99.4000,                 loss: 0.0494
Episode: 6861, avg. length 236.45
first_0:                 episode reward: -98.0500,                 loss: nan
second_0:                 episode reward: 98.0500,                 loss: 0.0504
Episode: 6881, avg. length 222.95
first_0:                 episode reward: -99.8000,                 loss: nan
second_0:                 episode reward: 99.8000,                 loss: 0.0503
Episode: 6901, avg. length 219.2
first_0:                 episode reward: -99.9500,                 loss: nan
second_0:                 episode reward: 99.9500,                 loss: 0.0472
Episode: 6921, avg. length 218.9
first_0:                 episode reward: -99.8000,                 loss: nan
second_0:                 episode reward: 99.8000,                 loss: 0.0475
Episode: 6941, avg. length 216.4
first_0:                 episode reward: -99.7500,                 loss: nan
second_0:                 episode reward: 99.7500,                 loss: 0.0473
Episode: 6961, avg. length 222.35
first_0:                 episode reward: -99.5500,                 loss: nan
second_0:                 episode reward: 99.5500,                 loss: 0.0495
Episode: 6981, avg. length 242.4
first_0:                 episode reward: -98.2500,                 loss: nan
second_0:                 episode reward: 98.2500,                 loss: 0.0488
Episode: 7001, avg. length 231.65
first_0:                 episode reward: -98.7000,                 loss: nan
second_0:                 episode reward: 98.7000,                 loss: 0.0506
Episode: 7021, avg. length 230.7
first_0:                 episode reward: -99.3500,                 loss: nan
second_0:                 episode reward: 99.3500,                 loss: 0.0498
Episode: 7041, avg. length 230.25
first_0:                 episode reward: -99.7500,                 loss: nan
second_0:                 episode reward: 99.7500,                 loss: 0.0516
Episode: 7061, avg. length 224.7
first_0:                 episode reward: -99.4000,                 loss: nan
second_0:                 episode reward: 99.4000,                 loss: 0.0502
Episode: 7081, avg. length 225.3
first_0:                 episode reward: -99.8500,                 loss: nan
second_0:                 episode reward: 99.8500,                 loss: 0.0488
Episode: 7101, avg. length 240.35
first_0:                 episode reward: -98.9000,                 loss: nan
second_0:                 episode reward: 98.9000,                 loss: 0.0486
Episode: 7121, avg. length 221.55
first_0:                 episode reward: -99.9000,                 loss: nan
second_0:                 episode reward: 99.9000,                 loss: 0.0509
Episode: 7141, avg. length 246.5
first_0:                 episode reward: -98.1000,                 loss: nan
second_0:                 episode reward: 98.1000,                 loss: 0.0482
Episode: 7161, avg. length 229.35
first_0:                 episode reward: -99.8500,                 loss: nan
second_0:                 episode reward: 99.8500,                 loss: 0.0483
Episode: 7181, avg. length 243.9
first_0:                 episode reward: -97.4500,                 loss: nan
second_0:                 episode reward: 97.4500,                 loss: 0.0468
Episode: 7201, avg. length 306.8
first_0:                 episode reward: -99.3000,                 loss: nan
second_0:                 episode reward: 99.3000,                 loss: 0.0452
Episode: 7221, avg. length 237.35
first_0:                 episode reward: -99.0500,                 loss: nan
second_0:                 episode reward: 99.0500,                 loss: 0.0439
Episode: 7241, avg. length 239.35
first_0:                 episode reward: -97.7000,                 loss: nan
second_0:                 episode reward: 97.7000,                 loss: 0.0426
Episode: 7261, avg. length 231.9
first_0:                 episode reward: -98.0000,                 loss: nan
second_0:                 episode reward: 98.0000,                 loss: 0.0433
Episode: 7281, avg. length 231.15
first_0:                 episode reward: -99.7500,                 loss: nan
second_0:                 episode reward: 99.7500,                 loss: 0.0429
Episode: 7301, avg. length 226.5
first_0:                 episode reward: -98.5500,                 loss: nan
second_0:                 episode reward: 98.5500,                 loss: 0.0424
Episode: 7321, avg. length 221.85
first_0:                 episode reward: -99.7000,                 loss: nan
second_0:                 episode reward: 99.7000,                 loss: 0.0416
Episode: 7341, avg. length 218.7
first_0:                 episode reward: -99.7000,                 loss: nan
second_0:                 episode reward: 99.7000,                 loss: 0.0429
Episode: 7361, avg. length 225.65
first_0:                 episode reward: -99.7000,                 loss: nan
second_0:                 episode reward: 99.7000,                 loss: 0.0418
Episode: 7381, avg. length 235.3
first_0:                 episode reward: -98.4500,                 loss: nan
second_0:                 episode reward: 98.4500,                 loss: 0.0425
Episode: 7401, avg. length 226.5
first_0:                 episode reward: -98.9500,                 loss: nan
second_0:                 episode reward: 98.9500,                 loss: 0.0415
Episode: 7421, avg. length 240.45
first_0:                 episode reward: -95.1000,                 loss: nan
second_0:                 episode reward: 95.1000,                 loss: 0.0419
Episode: 7441, avg. length 223.7
first_0:                 episode reward: -100.0000,                 loss: nan
second_0:                 episode reward: 100.0000,                 loss: 0.0424
Episode: 7461, avg. length 220.1
first_0:                 episode reward: -99.9000,                 loss: nan
second_0:                 episode reward: 99.9000,                 loss: 0.0412
Episode: 7481, avg. length 225.6
first_0:                 episode reward: -99.6500,                 loss: nan
second_0:                 episode reward: 99.6500,                 loss: 0.0408
Episode: 7501, avg. length 219.85
first_0:                 episode reward: -99.6500,                 loss: nan
second_0:                 episode reward: 99.6500,                 loss: 0.0414
Episode: 7521, avg. length 225.65
first_0:                 episode reward: -99.4000,                 loss: nan
second_0:                 episode reward: 99.4000,                 loss: 0.0407
Episode: 7541, avg. length 230.35
first_0:                 episode reward: -93.0000,                 loss: nan
second_0:                 episode reward: 93.0000,                 loss: 0.0412
Episode: 7561, avg. length 236.5
first_0:                 episode reward: -97.0500,                 loss: nan
second_0:                 episode reward: 97.0500,                 loss: 0.0416
Episode: 7581, avg. length 225.8
first_0:                 episode reward: -99.4500,                 loss: nan
second_0:                 episode reward: 99.4500,                 loss: 0.0419
Episode: 7601, avg. length 223.15
first_0:                 episode reward: -99.2500,                 loss: nan
second_0:                 episode reward: 99.2500,                 loss: 0.0416
Episode: 7621, avg. length 218.15
first_0:                 episode reward: -99.9000,                 loss: nan
second_0:                 episode reward: 99.9000,                 loss: 0.0396
Episode: 7641, avg. length 225.45
first_0:                 episode reward: -99.1000,                 loss: nan
second_0:                 episode reward: 99.1000,                 loss: 0.0442
Episode: 7661, avg. length 237.85
first_0:                 episode reward: -99.5000,                 loss: nan
second_0:                 episode reward: 99.5000,                 loss: 0.0440
Episode: 7681, avg. length 228.9
first_0:                 episode reward: -99.1500,                 loss: nan
second_0:                 episode reward: 99.1500,                 loss: 0.0441
Episode: 7701, avg. length 223.5
first_0:                 episode reward: -99.6000,                 loss: nan
second_0:                 episode reward: 99.6000,                 loss: 0.0429
Episode: 7721, avg. length 219.55
first_0:                 episode reward: -99.7500,                 loss: nan
second_0:                 episode reward: 99.7500,                 loss: 0.0444
Episode: 7741, avg. length 225.95
first_0:                 episode reward: -99.4000,                 loss: nan
second_0:                 episode reward: 99.4000,                 loss: 0.0452
Episode: 7761, avg. length 223.5
first_0:                 episode reward: -99.1000,                 loss: nan
second_0:                 episode reward: 99.1000,                 loss: 0.0448
Episode: 7781, avg. length 222.05
first_0:                 episode reward: -99.4500,                 loss: nan
second_0:                 episode reward: 99.4500,                 loss: 0.0440
Episode: 7801, avg. length 219.45
first_0:                 episode reward: -99.6000,                 loss: nan
second_0:                 episode reward: 99.6000,                 loss: 0.0433
Episode: 7821, avg. length 238.25
first_0:                 episode reward: -98.7000,                 loss: nan
second_0:                 episode reward: 98.7000,                 loss: 0.0425
Episode: 7841, avg. length 252.95
first_0:                 episode reward: -97.7500,                 loss: nan
second_0:                 episode reward: 97.7500,                 loss: 0.0431
Episode: 7861, avg. length 227.25
first_0:                 episode reward: -97.8000,                 loss: nan
second_0:                 episode reward: 97.8000,                 loss: 0.0448
Episode: 7881, avg. length 232.1
first_0:                 episode reward: -98.8500,                 loss: nan
second_0:                 episode reward: 98.8500,                 loss: 0.0452
Episode: 7901, avg. length 226.9
first_0:                 episode reward: -99.1000,                 loss: nan
second_0:                 episode reward: 99.1000,                 loss: 0.0449
Episode: 7921, avg. length 234.25
first_0:                 episode reward: -99.5500,                 loss: nan
second_0:                 episode reward: 99.5500,                 loss: 0.0447
Episode: 7941, avg. length 230.55
first_0:                 episode reward: -99.5500,                 loss: nan
second_0:                 episode reward: 99.5500,                 loss: 0.0451
Episode: 7961, avg. length 237.1
first_0:                 episode reward: -89.0000,                 loss: nan
second_0:                 episode reward: 89.0000,                 loss: 0.0453
Episode: 7981, avg. length 232.55
first_0:                 episode reward: -99.0500,                 loss: nan
second_0:                 episode reward: 99.0500,                 loss: 0.0467
Episode: 8001, avg. length 233.75
first_0:                 episode reward: -99.3000,                 loss: nan
second_0:                 episode reward: 99.3000,                 loss: 0.0473
Episode: 8021, avg. length 237.5
first_0:                 episode reward: -98.6000,                 loss: nan
second_0:                 episode reward: 98.6000,                 loss: 0.0480
Episode: 8041, avg. length 234.35
first_0:                 episode reward: -99.1500,                 loss: nan
second_0:                 episode reward: 99.1500,                 loss: 0.0488
Episode: 8061, avg. length 240.5
first_0:                 episode reward: -99.0000,                 loss: nan
second_0:                 episode reward: 99.0000,                 loss: 0.0467
Episode: 8081, avg. length 232.05
first_0:                 episode reward: -97.9000,                 loss: nan
second_0:                 episode reward: 97.9000,                 loss: 0.0490
Episode: 8101, avg. length 229.3
first_0:                 episode reward: -99.4500,                 loss: nan
second_0:                 episode reward: 99.4500,                 loss: 0.0485
Episode: 8121, avg. length 232.4
first_0:                 episode reward: -99.7500,                 loss: nan
second_0:                 episode reward: 99.7500,                 loss: 0.0500
Episode: 8141, avg. length 236.35
first_0:                 episode reward: -98.2500,                 loss: nan
second_0:                 episode reward: 98.2500,                 loss: 0.0471
Episode: 8161, avg. length 228.65
first_0:                 episode reward: -98.5500,                 loss: nan
second_0:                 episode reward: 98.5500,                 loss: 0.0489
Episode: 8181, avg. length 259.25
first_0:                 episode reward: -95.8000,                 loss: nan
second_0:                 episode reward: 95.8000,                 loss: 0.0482
Episode: 8201, avg. length 236.45
first_0:                 episode reward: -98.1500,                 loss: nan
second_0:                 episode reward: 98.1500,                 loss: 0.0487
Episode: 8221, avg. length 227.6
first_0:                 episode reward: -99.2500,                 loss: nan
second_0:                 episode reward: 99.2500,                 loss: 0.0475
Episode: 8241, avg. length 240.35
first_0:                 episode reward: -99.6500,                 loss: nan
second_0:                 episode reward: 99.6500,                 loss: 0.0477
Episode: 8261, avg. length 240.8
first_0:                 episode reward: -97.3000,                 loss: nan
second_0:                 episode reward: 97.3000,                 loss: 0.0517
Episode: 8281, avg. length 227.55
first_0:                 episode reward: -99.9000,                 loss: nan
second_0:                 episode reward: 99.9000,                 loss: 0.0487
Episode: 8301, avg. length 236.65
first_0:                 episode reward: -96.8500,                 loss: nan
second_0:                 episode reward: 96.8500,                 loss: 0.0488
Episode: 8321, avg. length 229.15
first_0:                 episode reward: -99.1500,                 loss: nan
second_0:                 episode reward: 99.1500,                 loss: 0.0482
Episode: 8341, avg. length 241.4
first_0:                 episode reward: -99.3000,                 loss: nan
second_0:                 episode reward: 99.3000,                 loss: 0.0488
Episode: 8361, avg. length 252.45
first_0:                 episode reward: -98.9500,                 loss: nan
second_0:                 episode reward: 98.9500,                 loss: 0.0488
Episode: 8381, avg. length 228.2
first_0:                 episode reward: -99.5500,                 loss: nan
second_0:                 episode reward: 99.5500,                 loss: 0.0471
Episode: 8401, avg. length 237.3
first_0:                 episode reward: -98.8500,                 loss: nan
second_0:                 episode reward: 98.8500,                 loss: 0.0452
Episode: 8421, avg. length 229.05
first_0:                 episode reward: -99.3000,                 loss: nan
second_0:                 episode reward: 99.3000,                 loss: 0.0468
Episode: 8441, avg. length 227.6
first_0:                 episode reward: -99.6000,                 loss: nan
second_0:                 episode reward: 99.6000,                 loss: 0.0464
Episode: 8461, avg. length 231.9
first_0:                 episode reward: -99.0500,                 loss: nan
second_0:                 episode reward: 99.0500,                 loss: 0.0448
Episode: 8481, avg. length 230.05
first_0:                 episode reward: -99.4000,                 loss: nan
second_0:                 episode reward: 99.4000,                 loss: 0.0470
Episode: 8501, avg. length 242.95
first_0:                 episode reward: -98.5000,                 loss: nan
second_0:                 episode reward: 98.5000,                 loss: 0.0472
Episode: 8521, avg. length 242.75
first_0:                 episode reward: -99.0500,                 loss: nan
second_0:                 episode reward: 99.0500,                 loss: 0.0466
Episode: 8541, avg. length 240.55
first_0:                 episode reward: -95.5000,                 loss: nan
second_0:                 episode reward: 95.5000,                 loss: 0.0457
Episode: 8561, avg. length 228.3
first_0:                 episode reward: -99.7500,                 loss: nan
second_0:                 episode reward: 99.7500,                 loss: 0.0462
Episode: 8581, avg. length 225.8
first_0:                 episode reward: -99.5000,                 loss: nan
second_0:                 episode reward: 99.5000,                 loss: 0.0452
Episode: 8601, avg. length 242.0
first_0:                 episode reward: -98.8500,                 loss: nan
second_0:                 episode reward: 98.8500,                 loss: 0.0468
Episode: 8621, avg. length 229.2
first_0:                 episode reward: -99.8500,                 loss: nan
second_0:                 episode reward: 99.8500,                 loss: 0.0487
Episode: 8641, avg. length 311.05
first_0:                 episode reward: -94.5000,                 loss: nan
second_0:                 episode reward: 94.5000,                 loss: 0.0443
Episode: 8661, avg. length 314.2
first_0:                 episode reward: -94.0000,                 loss: nan
second_0:                 episode reward: 94.0000,                 loss: 0.0418
Episode: 8681, avg. length 234.7
first_0:                 episode reward: -99.5000,                 loss: nan
second_0:                 episode reward: 99.5000,                 loss: 0.0413
Episode: 8701, avg. length 237.65
first_0:                 episode reward: -99.2000,                 loss: nan
second_0:                 episode reward: 99.2000,                 loss: 0.0407
Episode: 8721, avg. length 237.7
first_0:                 episode reward: -98.9500,                 loss: nan
second_0:                 episode reward: 98.9500,                 loss: 0.0404
Episode: 8741, avg. length 233.6
first_0:                 episode reward: -99.8000,                 loss: nan
second_0:                 episode reward: 99.8000,                 loss: 0.0400
Episode: 8761, avg. length 228.75
first_0:                 episode reward: -99.0500,                 loss: nan
second_0:                 episode reward: 99.0500,                 loss: 0.0398
Episode: 8781, avg. length 226.85
first_0:                 episode reward: -99.2500,                 loss: nan
second_0:                 episode reward: 99.2500,                 loss: 0.0394
Episode: 8801, avg. length 231.3
first_0:                 episode reward: -99.2000,                 loss: nan
second_0:                 episode reward: 99.2000,                 loss: 0.0400
Episode: 8821, avg. length 254.95
first_0:                 episode reward: -93.5500,                 loss: nan
second_0:                 episode reward: 93.5500,                 loss: 0.0399
Episode: 8841, avg. length 228.5
first_0:                 episode reward: -97.9000,                 loss: nan
second_0:                 episode reward: 97.9000,                 loss: 0.0389
Episode: 8861, avg. length 218.5
first_0:                 episode reward: -99.9500,                 loss: nan
second_0:                 episode reward: 99.9500,                 loss: 0.0393
Episode: 8881, avg. length 221.5
first_0:                 episode reward: -99.2000,                 loss: nan
second_0:                 episode reward: 99.2000,                 loss: 0.0397
Episode: 8901, avg. length 227.7
first_0:                 episode reward: -99.2000,                 loss: nan
second_0:                 episode reward: 99.2000,                 loss: 0.0398
Episode: 8921, avg. length 229.8
first_0:                 episode reward: -99.6500,                 loss: nan
second_0:                 episode reward: 99.6500,                 loss: 0.0392
Episode: 8941, avg. length 229.05
first_0:                 episode reward: -99.3500,                 loss: nan
second_0:                 episode reward: 99.3500,                 loss: 0.0397
Episode: 8961, avg. length 237.6
first_0:                 episode reward: -99.6500,                 loss: nan
second_0:                 episode reward: 99.6500,                 loss: 0.0394
Episode: 8981, avg. length 227.7
first_0:                 episode reward: -99.4500,                 loss: nan
second_0:                 episode reward: 99.4500,                 loss: 0.0400
Episode: 9001, avg. length 227.3
first_0:                 episode reward: -99.6000,                 loss: nan
second_0:                 episode reward: 99.6000,                 loss: 0.0392
Episode: 9021, avg. length 232.15
first_0:                 episode reward: -99.0500,                 loss: nan
second_0:                 episode reward: 99.0500,                 loss: 0.0392
Episode: 9041, avg. length 223.6
first_0:                 episode reward: -99.5000,                 loss: nan
second_0:                 episode reward: 99.5000,                 loss: 0.0393
Episode: 9061, avg. length 232.2
first_0:                 episode reward: -99.2500,                 loss: nan
second_0:                 episode reward: 99.2500,                 loss: 0.0404
Episode: 9081, avg. length 225.15
first_0:                 episode reward: -99.5000,                 loss: nan
second_0:                 episode reward: 99.5000,                 loss: 0.0436
Episode: 9101, avg. length 261.7
first_0:                 episode reward: -99.6500,                 loss: nan
second_0:                 episode reward: 99.6500,                 loss: 0.0448
Episode: 9121, avg. length 237.7
first_0:                 episode reward: -97.7000,                 loss: nan
second_0:                 episode reward: 97.7000,                 loss: 0.0451
Episode: 9141, avg. length 233.5
first_0:                 episode reward: -99.3500,                 loss: nan
second_0:                 episode reward: 99.3500,                 loss: 0.0450
Episode: 9161, avg. length 229.6
first_0:                 episode reward: -99.3500,                 loss: nan
second_0:                 episode reward: 99.3500,                 loss: 0.0451
Episode: 9181, avg. length 298.25
first_0:                 episode reward: -94.9000,                 loss: nan
second_0:                 episode reward: 94.9000,                 loss: 0.0446
Episode: 9201, avg. length 259.3
first_0:                 episode reward: -86.7500,                 loss: nan
second_0:                 episode reward: 86.7500,                 loss: 0.0466
Episode: 9221, avg. length 231.0
first_0:                 episode reward: -99.1000,                 loss: nan
second_0:                 episode reward: 99.1000,                 loss: 0.0450
Episode: 9241, avg. length 240.3
first_0:                 episode reward: -98.8500,                 loss: nan
second_0:                 episode reward: 98.8500,                 loss: 0.0437
Episode: 9261, avg. length 243.7
first_0:                 episode reward: -98.4500,                 loss: nan
second_0:                 episode reward: 98.4500,                 loss: 0.0451
Episode: 9281, avg. length 233.4
first_0:                 episode reward: -99.6500,                 loss: nan
second_0:                 episode reward: 99.6500,                 loss: 0.0441
Episode: 9301, avg. length 223.1
first_0:                 episode reward: -99.3500,                 loss: nan
second_0:                 episode reward: 99.3500,                 loss: 0.0438
Episode: 9321, avg. length 244.75
first_0:                 episode reward: -98.7000,                 loss: nan
second_0:                 episode reward: 98.7000,                 loss: 0.0450
Episode: 9341, avg. length 219.15
first_0:                 episode reward: -99.4500,                 loss: nan
second_0:                 episode reward: 99.4500,                 loss: 0.0429
Episode: 9361, avg. length 222.4
first_0:                 episode reward: -99.7000,                 loss: nan
second_0:                 episode reward: 99.7000,                 loss: 0.0430
Episode: 9381, avg. length 230.05
first_0:                 episode reward: -99.4000,                 loss: nan
second_0:                 episode reward: 99.4000,                 loss: 0.0437
Episode: 9401, avg. length 220.75
first_0:                 episode reward: -99.7500,                 loss: nan
second_0:                 episode reward: 99.7500,                 loss: 0.0414
Episode: 9421, avg. length 225.6
first_0:                 episode reward: -99.4500,                 loss: nan
second_0:                 episode reward: 99.4500,                 loss: 0.0423
Episode: 9441, avg. length 232.05
first_0:                 episode reward: -98.6500,                 loss: nan
second_0:                 episode reward: 98.6500,                 loss: 0.0428
Episode: 9461, avg. length 231.55
first_0:                 episode reward: -99.1000,                 loss: nan
second_0:                 episode reward: 99.1000,                 loss: 0.0426
Episode: 9481, avg. length 236.2
first_0:                 episode reward: -92.5500,                 loss: nan
second_0:                 episode reward: 92.5500,                 loss: 0.0407
Episode: 9501, avg. length 226.2
first_0:                 episode reward: -97.2000,                 loss: nan
second_0:                 episode reward: 97.2000,                 loss: 0.0398
Episode: 9521, avg. length 222.3
first_0:                 episode reward: -99.5500,                 loss: nan
second_0:                 episode reward: 99.5500,                 loss: 0.0422
Episode: 9541, avg. length 232.1
first_0:                 episode reward: -98.2000,                 loss: nan
second_0:                 episode reward: 98.2000,                 loss: 0.0425
Episode: 9561, avg. length 232.75
first_0:                 episode reward: -99.0500,                 loss: nan
second_0:                 episode reward: 99.0500,                 loss: 0.0422
Episode: 9581, avg. length 240.15
first_0:                 episode reward: -98.6000,                 loss: nan
second_0:                 episode reward: 98.6000,                 loss: 0.0431
Episode: 9601, avg. length 224.3
first_0:                 episode reward: -99.8500,                 loss: nan
second_0:                 episode reward: 99.8500,                 loss: 0.0439
Episode: 9621, avg. length 219.05
first_0:                 episode reward: -99.7500,                 loss: nan
second_0:                 episode reward: 99.7500,                 loss: 0.0476
Episode: 9641, avg. length 224.35
first_0:                 episode reward: -98.9500,                 loss: nan
second_0:                 episode reward: 98.9500,                 loss: 0.0474
Episode: 9661, avg. length 230.25
first_0:                 episode reward: -94.9500,                 loss: nan
second_0:                 episode reward: 94.9500,                 loss: 0.0470
Episode: 9681, avg. length 221.85
first_0:                 episode reward: -99.3500,                 loss: nan
second_0:                 episode reward: 99.3500,                 loss: 0.0473
Episode: 9701, avg. length 220.45
first_0:                 episode reward: -99.5500,                 loss: nan
second_0:                 episode reward: 99.5500,                 loss: 0.0462
Episode: 9721, avg. length 218.05
first_0:                 episode reward: -99.4500,                 loss: nan
second_0:                 episode reward: 99.4500,                 loss: 0.0453
Episode: 9741, avg. length 229.05
first_0:                 episode reward: -96.2000,                 loss: nan
second_0:                 episode reward: 96.2000,                 loss: 0.0463
Episode: 9761, avg. length 219.0
first_0:                 episode reward: -99.7500,                 loss: nan
second_0:                 episode reward: 99.7500,                 loss: 0.0468
Episode: 9781, avg. length 225.3
first_0:                 episode reward: -99.1000,                 loss: nan
second_0:                 episode reward: 99.1000,                 loss: 0.0454
Episode: 9801, avg. length 224.15
first_0:                 episode reward: -98.9000,                 loss: nan
second_0:                 episode reward: 98.9000,                 loss: 0.0462
Episode: 9821, avg. length 219.05
first_0:                 episode reward: -99.6500,                 loss: nan
second_0:                 episode reward: 99.6500,                 loss: 0.0462
Episode: 9841, avg. length 241.55
first_0:                 episode reward: -98.2000,                 loss: nan
second_0:                 episode reward: 98.2000,                 loss: 0.0456
Episode: 9861, avg. length 249.0
first_0:                 episode reward: -98.4000,                 loss: nan
second_0:                 episode reward: 98.4000,                 loss: 0.0459
Episode: 9881, avg. length 229.8
first_0:                 episode reward: -99.0500,                 loss: nan
second_0:                 episode reward: 99.0500,                 loss: 0.0467
Episode: 9901, avg. length 235.4
first_0:                 episode reward: -98.0500,                 loss: nan
second_0:                 episode reward: 98.0500,                 loss: 0.0462
Episode: 9921, avg. length 221.8
first_0:                 episode reward: -99.5000,                 loss: nan
second_0:                 episode reward: 99.5000,                 loss: 0.0479
Episode: 9941, avg. length 224.75
first_0:                 episode reward: -99.4000,                 loss: nan
second_0:                 episode reward: 99.4000,                 loss: 0.0497
Episode: 9961, avg. length 218.55
first_0:                 episode reward: -99.4500,                 loss: nan
second_0:                 episode reward: 99.4500,                 loss: 0.0468
Episode: 9981, avg. length 232.95
first_0:                 episode reward: -97.7500,                 loss: nan
second_0:                 episode reward: 97.7500,                 loss: 0.0476
