pygame 2.0.0 (SDL 2.0.12, python 3.7.10)
Hello from the pygame community. https://www.pygame.org/contribute.html
combat_plane_v1 pettingzoo
Load combat_plane_v1 environment in type pettingzoo.
Env observation space: Box(0.0, 1.0, (130,), float32) action space: Discrete(18)
random seed: 15
<env.wrappers.mars_wrappers.Dict2TupleWrapper object at 0x7f8cc0122850>
Agents No. [1] (index starting from 0) are not learnable.
Arguments:  {'env_name': 'combat_plane_v1', 'env_type': 'pettingzoo', 'num_envs': 1, 'ram': True, 'seed': 'random', 'algorithm': 'DQN', 'algorithm_spec': {'episodic_update': False, 'dueling': False, 'replay_buffer_size': '1e5', 'gamma': 0.99, 'multi_step': 1, 'target_update_interval': 1000, 'eps_start': 1.0, 'eps_final': 0.01, 'eps_decay': 30000}, 'batch_size': 128, 'max_episodes': 30000, 'max_steps_per_episode': 10000, 'train_start_frame': 0, 'optimizer': 'adam', 'learning_rate': '1e-4', 'device': 'gpu', 'update_itr': 1, 'log_avg_window': 20, 'log_interval': 20, 'render': False, 'test': False, 'exploit': False, 'load_model_idx': False, 'load_model_full_path': False, 'save_path': '', 'save_interval': 2000, 'net_architecture': {'hidden_dim_list': [64, 64, 64, 64], 'hidden_activation': 'ReLU', 'output_activation': False}, 'marl_method': 'selfplay', 'marl_spec': {'min_update_interval': 20, 'score_avg_window': 10, 'selfplay_score_delta': 10, 'trainable_agent_idx': 0, 'opponent_idx': 1}}
Save models to : /home/zihan/research/MARS/data/model/20211109_1530/pettingzoo_combat_plane_v1_selfplay. 
 Save logs to: /home/zihan/research/MARS/data/log/20211109_1530/pettingzoo_combat_plane_v1_selfplay.
Episode: 1, avg. length 2045.0
first_0:                 episode reward: 10.0000,                 loss: 0.3689
second_0:                 episode reward: -10.0000,                 loss: nan
Episode: 21, avg. length 2045.0
first_0:                 episode reward: 8.2500,                 loss: 0.1261
second_0:                 episode reward: -8.2500,                 loss: nan
Episode: 41, avg. length 2045.0
first_0:                 episode reward: 0.3000,                 loss: 0.0570
second_0:                 episode reward: -0.3000,                 loss: nan
Score delta: 17.2, udpate the opponent.
Episode: 61, avg. length 2045.0
first_0:                 episode reward: 1.2000,                 loss: 0.0188
second_0:                 episode reward: -1.2000,                 loss: nan
Episode: 81, avg. length 2045.0
first_0:                 episode reward: 0.3500,                 loss: 0.0185
second_0:                 episode reward: -0.3500,                 loss: nan
Episode: 101, avg. length 2045.0
first_0:                 episode reward: -0.6500,                 loss: 0.0160
second_0:                 episode reward: 0.6500,                 loss: nan
Episode: 121, avg. length 2045.0
first_0:                 episode reward: 0.0000,                 loss: 0.0159
second_0:                 episode reward: 0.0000,                 loss: nan
Episode: 141, avg. length 2045.0
first_0:                 episode reward: -0.5500,                 loss: 0.0172
second_0:                 episode reward: 0.5500,                 loss: nan
Episode: 161, avg. length 2045.0
first_0:                 episode reward: -0.1500,                 loss: 0.0165
second_0:                 episode reward: 0.1500,                 loss: nan
Episode: 181, avg. length 2045.0
first_0:                 episode reward: -0.1500,                 loss: 0.0149
second_0:                 episode reward: 0.1500,                 loss: nan
Episode: 201, avg. length 2045.0
first_0:                 episode reward: 0.2000,                 loss: 0.0151
second_0:                 episode reward: -0.2000,                 loss: nan
Episode: 221, avg. length 2045.0
first_0:                 episode reward: -0.7000,                 loss: 0.0159
second_0:                 episode reward: 0.7000,                 loss: nan
Episode: 241, avg. length 2045.0
first_0:                 episode reward: -1.0000,                 loss: 0.0155
second_0:                 episode reward: 1.0000,                 loss: nan
Episode: 261, avg. length 2045.0
first_0:                 episode reward: -1.1000,                 loss: 0.0155
second_0:                 episode reward: 1.1000,                 loss: nan
Episode: 281, avg. length 2045.0
first_0:                 episode reward: -0.7500,                 loss: 0.0151
second_0:                 episode reward: 0.7500,                 loss: nan
Episode: 301, avg. length 2045.0
first_0:                 episode reward: -0.3500,                 loss: 0.0150
second_0:                 episode reward: 0.3500,                 loss: nan
Episode: 321, avg. length 2045.0
first_0:                 episode reward: -0.7000,                 loss: 0.0152
second_0:                 episode reward: 0.7000,                 loss: nan
Episode: 341, avg. length 2045.0
first_0:                 episode reward: -0.5500,                 loss: 0.0156
second_0:                 episode reward: 0.5500,                 loss: nan
Episode: 361, avg. length 2045.0
first_0:                 episode reward: -0.5000,                 loss: 0.0154
second_0:                 episode reward: 0.5000,                 loss: nan
Episode: 381, avg. length 2045.0
first_0:                 episode reward: 0.4500,                 loss: 0.0170
second_0:                 episode reward: -0.4500,                 loss: nan
Episode: 401, avg. length 2045.0
first_0:                 episode reward: -0.4000,                 loss: 0.0186
second_0:                 episode reward: 0.4000,                 loss: nan
Episode: 421, avg. length 2045.0
first_0:                 episode reward: -0.1500,                 loss: 0.0164
second_0:                 episode reward: 0.1500,                 loss: nan
Episode: 441, avg. length 2045.0
first_0:                 episode reward: -0.1000,                 loss: 0.0166
second_0:                 episode reward: 0.1000,                 loss: nan
Episode: 461, avg. length 2045.0
first_0:                 episode reward: -0.2000,                 loss: 0.0151
second_0:                 episode reward: 0.2000,                 loss: nan
Episode: 481, avg. length 2045.0
first_0:                 episode reward: 0.0000,                 loss: 0.0148
second_0:                 episode reward: 0.0000,                 loss: nan
Episode: 501, avg. length 2045.0
first_0:                 episode reward: 1.2500,                 loss: 0.0144
second_0:                 episode reward: -1.2500,                 loss: nan
Episode: 521, avg. length 2045.0
first_0:                 episode reward: 1.3500,                 loss: 0.0137
second_0:                 episode reward: -1.3500,                 loss: nan
Episode: 541, avg. length 2045.0
first_0:                 episode reward: 0.2000,                 loss: 0.0136
second_0:                 episode reward: -0.2000,                 loss: nan
Episode: 561, avg. length 2045.0
first_0:                 episode reward: -1.2500,                 loss: 0.0134
second_0:                 episode reward: 1.2500,                 loss: nan
Episode: 581, avg. length 2045.0
first_0:                 episode reward: 0.5500,                 loss: 0.0135
second_0:                 episode reward: -0.5500,                 loss: nan
Episode: 601, avg. length 2045.0
first_0:                 episode reward: 0.2500,                 loss: 0.0136
second_0:                 episode reward: -0.2500,                 loss: nan
Episode: 621, avg. length 2045.0
first_0:                 episode reward: -0.1500,                 loss: 0.0140
second_0:                 episode reward: 0.1500,                 loss: nan
Episode: 641, avg. length 2045.0
first_0:                 episode reward: 0.4500,                 loss: 0.0139
second_0:                 episode reward: -0.4500,                 loss: nan
Episode: 661, avg. length 2045.0
first_0:                 episode reward: 1.2500,                 loss: 0.0140
second_0:                 episode reward: -1.2500,                 loss: nan
Episode: 681, avg. length 2045.0
first_0:                 episode reward: 1.5500,                 loss: 0.0137
second_0:                 episode reward: -1.5500,                 loss: nan
Episode: 701, avg. length 2045.0
first_0:                 episode reward: -0.7000,                 loss: 0.0140
second_0:                 episode reward: 0.7000,                 loss: nan
Episode: 721, avg. length 2045.0
first_0:                 episode reward: -0.3500,                 loss: 0.0142
second_0:                 episode reward: 0.3500,                 loss: nan
Episode: 741, avg. length 2045.0
first_0:                 episode reward: -0.7000,                 loss: 0.0148
second_0:                 episode reward: 0.7000,                 loss: nan
Episode: 761, avg. length 2045.0
first_0:                 episode reward: -0.0500,                 loss: 0.0153
second_0:                 episode reward: 0.0500,                 loss: nan
Episode: 781, avg. length 2045.0
first_0:                 episode reward: 0.1500,                 loss: 0.0159
second_0:                 episode reward: -0.1500,                 loss: nan
Episode: 801, avg. length 2045.0
first_0:                 episode reward: 1.1500,                 loss: 0.0149
second_0:                 episode reward: -1.1500,                 loss: nan
Episode: 821, avg. length 2045.0
first_0:                 episode reward: 0.0500,                 loss: 0.0152
second_0:                 episode reward: -0.0500,                 loss: nan
Episode: 841, avg. length 2045.0
first_0:                 episode reward: 0.2500,                 loss: 0.0173
second_0:                 episode reward: -0.2500,                 loss: nan
Episode: 861, avg. length 2045.0
first_0:                 episode reward: 0.4500,                 loss: 0.0236
second_0:                 episode reward: -0.4500,                 loss: nan
Episode: 881, avg. length 2045.0
first_0:                 episode reward: 0.7500,                 loss: 0.0204
second_0:                 episode reward: -0.7500,                 loss: nan
Episode: 901, avg. length 2045.0
first_0:                 episode reward: 0.3500,                 loss: 0.0181
second_0:                 episode reward: -0.3500,                 loss: nan
Episode: 921, avg. length 2045.0
first_0:                 episode reward: 1.1500,                 loss: 0.0186
second_0:                 episode reward: -1.1500,                 loss: nan
Episode: 941, avg. length 2045.0
first_0:                 episode reward: -0.5500,                 loss: 0.0182
second_0:                 episode reward: 0.5500,                 loss: nan
Episode: 961, avg. length 2045.0
first_0:                 episode reward: 1.3500,                 loss: 0.0179
second_0:                 episode reward: -1.3500,                 loss: nan
Episode: 981, avg. length 2045.0
first_0:                 episode reward: -0.1000,                 loss: 0.0177
second_0:                 episode reward: 0.1000,                 loss: nan
Episode: 1001, avg. length 2045.0
first_0:                 episode reward: 0.1000,                 loss: 0.0171
second_0:                 episode reward: -0.1000,                 loss: nan
Episode: 1021, avg. length 2045.0
first_0:                 episode reward: 0.2500,                 loss: 0.0174
second_0:                 episode reward: -0.2500,                 loss: nan
Episode: 1041, avg. length 2045.0
first_0:                 episode reward: 1.3000,                 loss: 0.4240
second_0:                 episode reward: -1.3000,                 loss: nan
Episode: 1061, avg. length 2045.0
first_0:                 episode reward: 0.7000,                 loss: 0.5332
second_0:                 episode reward: -0.7000,                 loss: nan
Episode: 1081, avg. length 2045.0
first_0:                 episode reward: 0.7500,                 loss: 0.5464
second_0:                 episode reward: -0.7500,                 loss: nan
Episode: 1101, avg. length 2045.0
first_0:                 episode reward: 1.1500,                 loss: 0.5148
second_0:                 episode reward: -1.1500,                 loss: nan
Episode: 1121, avg. length 2045.0
first_0:                 episode reward: -0.4500,                 loss: 0.4620
second_0:                 episode reward: 0.4500,                 loss: nan
Episode: 1141, avg. length 2045.0
first_0:                 episode reward: 0.5500,                 loss: 0.5438
second_0:                 episode reward: -0.5500,                 loss: nan
Episode: 1161, avg. length 2045.0
first_0:                 episode reward: 0.4500,                 loss: 0.4728
second_0:                 episode reward: -0.4500,                 loss: nan
Episode: 1181, avg. length 2045.0
first_0:                 episode reward: 0.5500,                 loss: 0.4905
second_0:                 episode reward: -0.5500,                 loss: nan
Episode: 1201, avg. length 2045.0
first_0:                 episode reward: 0.6500,                 loss: 0.5191
second_0:                 episode reward: -0.6500,                 loss: nan
Episode: 1221, avg. length 2045.0
first_0:                 episode reward: 1.2000,                 loss: 0.4713
second_0:                 episode reward: -1.2000,                 loss: nan
Episode: 1241, avg. length 2045.0
first_0:                 episode reward: -0.8000,                 loss: 0.4966
second_0:                 episode reward: 0.8000,                 loss: nan
Episode: 1261, avg. length 2045.0
first_0:                 episode reward: 0.1000,                 loss: 0.5149
second_0:                 episode reward: -0.1000,                 loss: nan
Episode: 1281, avg. length 2045.0
first_0:                 episode reward: 0.5000,                 loss: 0.5320
second_0:                 episode reward: -0.5000,                 loss: nan
Episode: 1301, avg. length 2045.0
first_0:                 episode reward: 1.1500,                 loss: 0.5279
second_0:                 episode reward: -1.1500,                 loss: nan
Episode: 1321, avg. length 2045.0
first_0:                 episode reward: 1.7500,                 loss: 0.5127
second_0:                 episode reward: -1.7500,                 loss: nan
Episode: 1341, avg. length 2045.0
first_0:                 episode reward: 1.3500,                 loss: 0.5203
second_0:                 episode reward: -1.3500,                 loss: nan
Episode: 1361, avg. length 2045.0
first_0:                 episode reward: 1.0500,                 loss: 0.5564
second_0:                 episode reward: -1.0500,                 loss: nan
Episode: 1381, avg. length 2045.0
first_0:                 episode reward: 0.5500,                 loss: 0.4948
second_0:                 episode reward: -0.5500,                 loss: nan
Episode: 1401, avg. length 2045.0
first_0:                 episode reward: 0.7500,                 loss: 0.5536
second_0:                 episode reward: -0.7500,                 loss: nan
Episode: 1421, avg. length 2045.0
first_0:                 episode reward: 1.1500,                 loss: 0.5267
second_0:                 episode reward: -1.1500,                 loss: nan
Episode: 1441, avg. length 2045.0
first_0:                 episode reward: -0.5000,                 loss: 0.4934
second_0:                 episode reward: 0.5000,                 loss: nan
Episode: 1461, avg. length 2045.0
first_0:                 episode reward: -0.4000,                 loss: 0.5584
second_0:                 episode reward: 0.4000,                 loss: nan
Episode: 1481, avg. length 2045.0
first_0:                 episode reward: -0.2500,                 loss: 0.5307
second_0:                 episode reward: 0.2500,                 loss: nan
Episode: 1501, avg. length 2045.0
first_0:                 episode reward: 0.5500,                 loss: 0.4842
second_0:                 episode reward: -0.5500,                 loss: nan
Episode: 1521, avg. length 2045.0
first_0:                 episode reward: 0.3000,                 loss: 0.5379
second_0:                 episode reward: -0.3000,                 loss: nan
Episode: 1541, avg. length 2045.0
first_0:                 episode reward: 1.8500,                 loss: 0.5314
second_0:                 episode reward: -1.8500,                 loss: nan
Episode: 1561, avg. length 2045.0
first_0:                 episode reward: -0.1500,                 loss: 0.4944
second_0:                 episode reward: 0.1500,                 loss: nan
Episode: 1581, avg. length 2045.0
first_0:                 episode reward: 0.5500,                 loss: 0.4739
second_0:                 episode reward: -0.5500,                 loss: nan
Episode: 1601, avg. length 2045.0
first_0:                 episode reward: 1.4500,                 loss: 0.5029
second_0:                 episode reward: -1.4500,                 loss: nan
Episode: 1621, avg. length 2045.0
first_0:                 episode reward: 1.4000,                 loss: 0.5271
second_0:                 episode reward: -1.4000,                 loss: nan
Episode: 1641, avg. length 2045.0
first_0:                 episode reward: 1.1000,                 loss: 0.5488
second_0:                 episode reward: -1.1000,                 loss: nan
Episode: 1661, avg. length 2045.0
first_0:                 episode reward: -0.3500,                 loss: 0.4913
second_0:                 episode reward: 0.3500,                 loss: nan
Episode: 1681, avg. length 2045.0
first_0:                 episode reward: -0.4000,                 loss: 0.4805
second_0:                 episode reward: 0.4000,                 loss: nan
Episode: 1701, avg. length 2045.0
first_0:                 episode reward: 0.9000,                 loss: 0.5398
second_0:                 episode reward: -0.9000,                 loss: nan
Episode: 1721, avg. length 2045.0
first_0:                 episode reward: 0.0000,                 loss: 0.4818
second_0:                 episode reward: 0.0000,                 loss: nan
Episode: 1741, avg. length 2045.0
first_0:                 episode reward: 0.2000,                 loss: 0.4995
second_0:                 episode reward: -0.2000,                 loss: nan
Episode: 1761, avg. length 2045.0
first_0:                 episode reward: -0.3000,                 loss: 0.5364
second_0:                 episode reward: 0.3000,                 loss: nan
Episode: 1781, avg. length 2045.0
first_0:                 episode reward: 0.2000,                 loss: 0.4990
second_0:                 episode reward: -0.2000,                 loss: nan
Episode: 1801, avg. length 2045.0
first_0:                 episode reward: 2.4000,                 loss: 0.4928
second_0:                 episode reward: -2.4000,                 loss: nan
Episode: 1821, avg. length 2045.0
first_0:                 episode reward: 0.7000,                 loss: 0.4847
second_0:                 episode reward: -0.7000,                 loss: nan
Episode: 1841, avg. length 2045.0
first_0:                 episode reward: -0.2000,                 loss: 0.5029
second_0:                 episode reward: 0.2000,                 loss: nan
Episode: 1861, avg. length 2045.0
first_0:                 episode reward: 1.4000,                 loss: 0.4824
second_0:                 episode reward: -1.4000,                 loss: nan
Episode: 1881, avg. length 2045.0
first_0:                 episode reward: 1.4500,                 loss: 0.5156
second_0:                 episode reward: -1.4500,                 loss: nan
Episode: 1901, avg. length 2045.0
first_0:                 episode reward: 1.5000,                 loss: 0.4876
second_0:                 episode reward: -1.5000,                 loss: nan
Episode: 1921, avg. length 2045.0
first_0:                 episode reward: 1.1500,                 loss: 0.5174
second_0:                 episode reward: -1.1500,                 loss: nan
Episode: 1941, avg. length 2045.0
first_0:                 episode reward: -0.4000,                 loss: 0.4842
second_0:                 episode reward: 0.4000,                 loss: nan
Episode: 1961, avg. length 2045.0
first_0:                 episode reward: 0.7000,                 loss: 0.4736
second_0:                 episode reward: -0.7000,                 loss: nan
Episode: 1981, avg. length 2045.0
first_0:                 episode reward: 1.0000,                 loss: 0.5172
second_0:                 episode reward: -1.0000,                 loss: nan
Episode: 2001, avg. length 2045.0
first_0:                 episode reward: 0.2500,                 loss: 0.4899
second_0:                 episode reward: -0.2500,                 loss: nan
Episode: 2021, avg. length 2045.0
first_0:                 episode reward: 0.3000,                 loss: 0.5667
second_0:                 episode reward: -0.3000,                 loss: nan
Episode: 2041, avg. length 2045.0
first_0:                 episode reward: 0.6000,                 loss: 0.5014
second_0:                 episode reward: -0.6000,                 loss: nan
Episode: 2061, avg. length 2045.0
first_0:                 episode reward: 0.4000,                 loss: 0.4617
second_0:                 episode reward: -0.4000,                 loss: nan
Episode: 2081, avg. length 2045.0
first_0:                 episode reward: -0.0500,                 loss: 0.5376
second_0:                 episode reward: 0.0500,                 loss: nan
Episode: 2101, avg. length 2045.0
first_0:                 episode reward: 1.9500,                 loss: 0.5002
second_0:                 episode reward: -1.9500,                 loss: nan
Episode: 2121, avg. length 2045.0
first_0:                 episode reward: 1.2500,                 loss: 0.4909
second_0:                 episode reward: -1.2500,                 loss: nan
Episode: 2141, avg. length 2045.0
first_0:                 episode reward: 1.8000,                 loss: 0.5321
second_0:                 episode reward: -1.8000,                 loss: nan
Episode: 2161, avg. length 2045.0
first_0:                 episode reward: 1.0500,                 loss: 0.4903
second_0:                 episode reward: -1.0500,                 loss: nan
Episode: 2181, avg. length 2045.0
first_0:                 episode reward: 0.0000,                 loss: 0.4860
second_0:                 episode reward: 0.0000,                 loss: nan
Episode: 2201, avg. length 2045.0
first_0:                 episode reward: 0.2500,                 loss: 0.5035
second_0:                 episode reward: -0.2500,                 loss: nan
Episode: 2221, avg. length 2045.0
first_0:                 episode reward: -0.7500,                 loss: 0.4788
second_0:                 episode reward: 0.7500,                 loss: nan
Episode: 2241, avg. length 2045.0
first_0:                 episode reward: -0.4500,                 loss: 0.5082
second_0:                 episode reward: 0.4500,                 loss: nan
Episode: 2261, avg. length 2045.0
first_0:                 episode reward: 0.5000,                 loss: 0.5216
second_0:                 episode reward: -0.5000,                 loss: nan
Episode: 2281, avg. length 2045.0
first_0:                 episode reward: 0.9500,                 loss: 0.4805
second_0:                 episode reward: -0.9500,                 loss: nan
Episode: 2301, avg. length 2045.0
first_0:                 episode reward: 1.1500,                 loss: 0.5327
second_0:                 episode reward: -1.1500,                 loss: nan
Episode: 2321, avg. length 2045.0
first_0:                 episode reward: 1.2500,                 loss: 0.5198
second_0:                 episode reward: -1.2500,                 loss: nan
Episode: 2341, avg. length 2045.0
first_0:                 episode reward: 0.7500,                 loss: 0.4999
second_0:                 episode reward: -0.7500,                 loss: nan
Episode: 2361, avg. length 2045.0
first_0:                 episode reward: 1.4500,                 loss: 0.4936
second_0:                 episode reward: -1.4500,                 loss: nan
Episode: 2381, avg. length 2045.0
first_0:                 episode reward: 0.9000,                 loss: 0.4993
second_0:                 episode reward: -0.9000,                 loss: nan
Episode: 2401, avg. length 2045.0
first_0:                 episode reward: -0.5000,                 loss: 0.5151
second_0:                 episode reward: 0.5000,                 loss: nan
Episode: 2421, avg. length 2045.0
first_0:                 episode reward: 0.5500,                 loss: 0.5144
second_0:                 episode reward: -0.5500,                 loss: nan
Episode: 2441, avg. length 2045.0
first_0:                 episode reward: 0.8000,                 loss: 0.5012
second_0:                 episode reward: -0.8000,                 loss: nan
Episode: 2461, avg. length 2045.0
first_0:                 episode reward: -0.7500,                 loss: 0.5336
second_0:                 episode reward: 0.7500,                 loss: nan
Episode: 2481, avg. length 2045.0
first_0:                 episode reward: 0.3000,                 loss: 0.5503
second_0:                 episode reward: -0.3000,                 loss: nan
Episode: 2501, avg. length 2045.0
first_0:                 episode reward: 0.4500,                 loss: 0.4709
second_0:                 episode reward: -0.4500,                 loss: nan
Episode: 2521, avg. length 2045.0
first_0:                 episode reward: 0.9500,                 loss: 0.5399
second_0:                 episode reward: -0.9500,                 loss: nan
Episode: 2541, avg. length 2045.0
first_0:                 episode reward: 1.3500,                 loss: 0.5220
second_0:                 episode reward: -1.3500,                 loss: nan
Episode: 2561, avg. length 2045.0
first_0:                 episode reward: 0.7500,                 loss: 0.4920
second_0:                 episode reward: -0.7500,                 loss: nan
Episode: 2581, avg. length 2045.0
first_0:                 episode reward: 0.5500,                 loss: 0.5052
second_0:                 episode reward: -0.5500,                 loss: nan
Episode: 2601, avg. length 2045.0
first_0:                 episode reward: 0.3500,                 loss: 0.5029
second_0:                 episode reward: -0.3500,                 loss: nan
Episode: 2621, avg. length 2045.0
first_0:                 episode reward: 1.1500,                 loss: 0.5053
second_0:                 episode reward: -1.1500,                 loss: nan
Episode: 2641, avg. length 2045.0
first_0:                 episode reward: 0.3500,                 loss: 0.5690
second_0:                 episode reward: -0.3500,                 loss: nan
Episode: 2661, avg. length 2045.0
first_0:                 episode reward: 1.3000,                 loss: 0.5126
second_0:                 episode reward: -1.3000,                 loss: nan
Episode: 2681, avg. length 2045.0
first_0:                 episode reward: 2.0000,                 loss: 0.5320
second_0:                 episode reward: -2.0000,                 loss: nan
Episode: 2701, avg. length 2045.0
first_0:                 episode reward: 0.8000,                 loss: 0.5195
second_0:                 episode reward: -0.8000,                 loss: nan
Episode: 2721, avg. length 2045.0
first_0:                 episode reward: 0.5000,                 loss: 0.4947
second_0:                 episode reward: -0.5000,                 loss: nan
Episode: 2741, avg. length 2045.0
first_0:                 episode reward: 0.4000,                 loss: 0.5037
second_0:                 episode reward: -0.4000,                 loss: nan
Episode: 2761, avg. length 2045.0
first_0:                 episode reward: -0.7500,                 loss: 0.5508
second_0:                 episode reward: 0.7500,                 loss: nan
Episode: 2781, avg. length 2045.0
first_0:                 episode reward: 1.0500,                 loss: 0.5122
second_0:                 episode reward: -1.0500,                 loss: nan
Episode: 2801, avg. length 2045.0
first_0:                 episode reward: 0.9000,                 loss: 0.4976
second_0:                 episode reward: -0.9000,                 loss: nan
Episode: 2821, avg. length 2045.0
first_0:                 episode reward: 1.0000,                 loss: 0.4732
second_0:                 episode reward: -1.0000,                 loss: nan
Episode: 2841, avg. length 2045.0
first_0:                 episode reward: 1.0000,                 loss: 0.5030
second_0:                 episode reward: -1.0000,                 loss: nan
Episode: 2861, avg. length 2045.0
first_0:                 episode reward: 1.1000,                 loss: 0.5405
second_0:                 episode reward: -1.1000,                 loss: nan
Episode: 2881, avg. length 2045.0
first_0:                 episode reward: 1.3500,                 loss: 0.5153
second_0:                 episode reward: -1.3500,                 loss: nan
Episode: 2901, avg. length 2045.0
first_0:                 episode reward: 0.9000,                 loss: 0.5248
second_0:                 episode reward: -0.9000,                 loss: nan
Episode: 2921, avg. length 2045.0
first_0:                 episode reward: 0.9000,                 loss: 0.5375
second_0:                 episode reward: -0.9000,                 loss: nan
Episode: 2941, avg. length 2045.0
first_0:                 episode reward: 1.2000,                 loss: 0.4777
second_0:                 episode reward: -1.2000,                 loss: nan
Episode: 2961, avg. length 2045.0
first_0:                 episode reward: 0.2500,                 loss: 0.5556
second_0:                 episode reward: -0.2500,                 loss: nan
Episode: 2981, avg. length 2045.0
first_0:                 episode reward: -0.3000,                 loss: 0.5174
second_0:                 episode reward: 0.3000,                 loss: nan
Episode: 3001, avg. length 2045.0
first_0:                 episode reward: 1.2000,                 loss: 0.5015
second_0:                 episode reward: -1.2000,                 loss: nan
Episode: 3021, avg. length 2045.0
first_0:                 episode reward: -0.4500,                 loss: 0.5341
second_0:                 episode reward: 0.4500,                 loss: nan
Episode: 3041, avg. length 2045.0
first_0:                 episode reward: -0.5500,                 loss: 0.5320
second_0:                 episode reward: 0.5500,                 loss: nan
Episode: 3061, avg. length 2045.0
first_0:                 episode reward: 0.1000,                 loss: 0.5157
second_0:                 episode reward: -0.1000,                 loss: nan
Episode: 3081, avg. length 2045.0
first_0:                 episode reward: 0.8000,                 loss: 0.5238
second_0:                 episode reward: -0.8000,                 loss: nan
Episode: 3101, avg. length 2045.0
first_0:                 episode reward: -0.4000,                 loss: 0.5083
second_0:                 episode reward: 0.4000,                 loss: nan
Episode: 3121, avg. length 2045.0
first_0:                 episode reward: 1.3000,                 loss: 0.5101
second_0:                 episode reward: -1.3000,                 loss: nan
Episode: 3141, avg. length 2045.0
first_0:                 episode reward: 0.5000,                 loss: 0.5095
second_0:                 episode reward: -0.5000,                 loss: nan
Episode: 3161, avg. length 2045.0
first_0:                 episode reward: 0.3000,                 loss: 0.5086
second_0:                 episode reward: -0.3000,                 loss: nan
Episode: 3181, avg. length 2045.0
first_0:                 episode reward: 1.0000,                 loss: 0.5146
second_0:                 episode reward: -1.0000,                 loss: nan
Episode: 3201, avg. length 2045.0
first_0:                 episode reward: 0.3000,                 loss: 0.5218
second_0:                 episode reward: -0.3000,                 loss: nan
Episode: 3221, avg. length 2045.0
first_0:                 episode reward: 0.2500,                 loss: 0.5005
second_0:                 episode reward: -0.2500,                 loss: nan
Episode: 3241, avg. length 2045.0
first_0:                 episode reward: 1.0500,                 loss: 0.5019
second_0:                 episode reward: -1.0500,                 loss: nan
Episode: 3261, avg. length 2045.0
first_0:                 episode reward: -0.1500,                 loss: 0.4910
second_0:                 episode reward: 0.1500,                 loss: nan
Episode: 3281, avg. length 2045.0
first_0:                 episode reward: 0.6000,                 loss: 0.4675
second_0:                 episode reward: -0.6000,                 loss: nan
Episode: 3301, avg. length 2045.0
first_0:                 episode reward: 1.0000,                 loss: 0.4811
second_0:                 episode reward: -1.0000,                 loss: nan
Episode: 3321, avg. length 2045.0
first_0:                 episode reward: 0.4500,                 loss: 0.4885
second_0:                 episode reward: -0.4500,                 loss: nan
Episode: 3341, avg. length 2045.0
first_0:                 episode reward: -0.5500,                 loss: 0.4896
second_0:                 episode reward: 0.5500,                 loss: nan
Episode: 3361, avg. length 2045.0
first_0:                 episode reward: 1.9500,                 loss: 0.5175
second_0:                 episode reward: -1.9500,                 loss: nan
Episode: 3381, avg. length 2045.0
first_0:                 episode reward: 0.2000,                 loss: 0.5094
second_0:                 episode reward: -0.2000,                 loss: nan
Episode: 3401, avg. length 2045.0
first_0:                 episode reward: 1.2500,                 loss: 0.5310
second_0:                 episode reward: -1.2500,                 loss: nan
Episode: 3421, avg. length 2045.0
first_0:                 episode reward: 0.3000,                 loss: 0.5378
second_0:                 episode reward: -0.3000,                 loss: nan
Episode: 3441, avg. length 2045.0
first_0:                 episode reward: 0.5500,                 loss: 0.4465
second_0:                 episode reward: -0.5500,                 loss: nan
Episode: 3461, avg. length 2045.0
first_0:                 episode reward: 0.4000,                 loss: 0.5012
second_0:                 episode reward: -0.4000,                 loss: nan
Episode: 3481, avg. length 2045.0
first_0:                 episode reward: 0.7000,                 loss: 0.5326
second_0:                 episode reward: -0.7000,                 loss: nan
Episode: 3501, avg. length 2045.0
first_0:                 episode reward: 0.7500,                 loss: 0.4844
second_0:                 episode reward: -0.7500,                 loss: nan
Episode: 3521, avg. length 2045.0
first_0:                 episode reward: 1.0500,                 loss: 0.5164
second_0:                 episode reward: -1.0500,                 loss: nan
Episode: 3541, avg. length 2045.0
first_0:                 episode reward: 0.8500,                 loss: 0.5029
second_0:                 episode reward: -0.8500,                 loss: nan
Episode: 3561, avg. length 2045.0
first_0:                 episode reward: -0.4000,                 loss: 0.5171
second_0:                 episode reward: 0.4000,                 loss: nan
Episode: 3581, avg. length 2045.0
first_0:                 episode reward: 0.9500,                 loss: 0.5326
second_0:                 episode reward: -0.9500,                 loss: nan
Episode: 3601, avg. length 2045.0
first_0:                 episode reward: 0.2000,                 loss: 0.5250
second_0:                 episode reward: -0.2000,                 loss: nan
Episode: 3621, avg. length 2045.0
first_0:                 episode reward: -0.2500,                 loss: 0.4892
second_0:                 episode reward: 0.2500,                 loss: nan
Episode: 3641, avg. length 2045.0
first_0:                 episode reward: 1.2500,                 loss: 0.5497
second_0:                 episode reward: -1.2500,                 loss: nan
Episode: 3661, avg. length 2045.0
first_0:                 episode reward: 1.6000,                 loss: 0.4980
second_0:                 episode reward: -1.6000,                 loss: nan
Episode: 3681, avg. length 2045.0
first_0:                 episode reward: -0.1000,                 loss: 0.5229
second_0:                 episode reward: 0.1000,                 loss: nan
Episode: 3701, avg. length 2045.0
first_0:                 episode reward: 0.3500,                 loss: 0.5517
second_0:                 episode reward: -0.3500,                 loss: nan
Episode: 3721, avg. length 2045.0
first_0:                 episode reward: 0.0500,                 loss: 0.4828
second_0:                 episode reward: -0.0500,                 loss: nan
Episode: 3741, avg. length 2045.0
first_0:                 episode reward: 0.1500,                 loss: 0.5223
second_0:                 episode reward: -0.1500,                 loss: nan
Episode: 3761, avg. length 2045.0
first_0:                 episode reward: 1.1500,                 loss: 0.5346
second_0:                 episode reward: -1.1500,                 loss: nan
Episode: 3781, avg. length 2045.0
first_0:                 episode reward: 0.4500,                 loss: 0.5139
second_0:                 episode reward: -0.4500,                 loss: nan
Episode: 3801, avg. length 2045.0
first_0:                 episode reward: 1.0500,                 loss: 0.5360
second_0:                 episode reward: -1.0500,                 loss: nan
Episode: 3821, avg. length 2045.0
first_0:                 episode reward: 0.8000,                 loss: 0.4805
second_0:                 episode reward: -0.8000,                 loss: nan
Episode: 3841, avg. length 2045.0
first_0:                 episode reward: 2.1500,                 loss: 0.4704
second_0:                 episode reward: -2.1500,                 loss: nan
Episode: 3861, avg. length 2045.0
first_0:                 episode reward: 1.6000,                 loss: 0.5298
second_0:                 episode reward: -1.6000,                 loss: nan
Episode: 3881, avg. length 2045.0
first_0:                 episode reward: 1.4500,                 loss: 0.5284
second_0:                 episode reward: -1.4500,                 loss: nan
Episode: 3901, avg. length 2045.0
first_0:                 episode reward: 0.0000,                 loss: 0.5382
second_0:                 episode reward: 0.0000,                 loss: nan
Episode: 3921, avg. length 2045.0
first_0:                 episode reward: -0.2500,                 loss: 0.5103
second_0:                 episode reward: 0.2500,                 loss: nan
Episode: 3941, avg. length 2045.0
first_0:                 episode reward: 1.0500,                 loss: 0.5065
second_0:                 episode reward: -1.0500,                 loss: nan
Episode: 3961, avg. length 2045.0
first_0:                 episode reward: 0.7500,                 loss: 0.4876
second_0:                 episode reward: -0.7500,                 loss: nan
Episode: 3981, avg. length 2045.0
first_0:                 episode reward: 0.2500,                 loss: 0.5189
second_0:                 episode reward: -0.2500,                 loss: nan
Episode: 4001, avg. length 2045.0
first_0:                 episode reward: 0.7000,                 loss: 0.4827
second_0:                 episode reward: -0.7000,                 loss: nan
Episode: 4021, avg. length 2045.0
first_0:                 episode reward: 1.3000,                 loss: 0.5469
second_0:                 episode reward: -1.3000,                 loss: nan
Episode: 4041, avg. length 2045.0
first_0:                 episode reward: 1.1000,                 loss: 0.4570
second_0:                 episode reward: -1.1000,                 loss: nan
Episode: 4061, avg. length 2045.0
first_0:                 episode reward: 0.9500,                 loss: 0.4993
second_0:                 episode reward: -0.9500,                 loss: nan
Episode: 4081, avg. length 2045.0
first_0:                 episode reward: 0.1000,                 loss: 0.5183
second_0:                 episode reward: -0.1000,                 loss: nan
Episode: 4101, avg. length 2045.0
first_0:                 episode reward: 0.3000,                 loss: 0.5048
second_0:                 episode reward: -0.3000,                 loss: nan
Episode: 4121, avg. length 2045.0
first_0:                 episode reward: -0.1000,                 loss: 0.5416
second_0:                 episode reward: 0.1000,                 loss: nan
Episode: 4141, avg. length 2045.0
first_0:                 episode reward: 0.9000,                 loss: 0.5467
second_0:                 episode reward: -0.9000,                 loss: nan
Episode: 4161, avg. length 2045.0
first_0:                 episode reward: 0.6000,                 loss: 0.4925
second_0:                 episode reward: -0.6000,                 loss: nan
Episode: 4181, avg. length 2045.0
first_0:                 episode reward: 1.4000,                 loss: 0.4621
second_0:                 episode reward: -1.4000,                 loss: nan
Episode: 4201, avg. length 2045.0
first_0:                 episode reward: 0.6500,                 loss: 0.5496
second_0:                 episode reward: -0.6500,                 loss: nan
Episode: 4221, avg. length 2045.0
first_0:                 episode reward: 1.2500,                 loss: 0.4868
second_0:                 episode reward: -1.2500,                 loss: nan
Episode: 4241, avg. length 2045.0
first_0:                 episode reward: 1.3500,                 loss: 0.4943
second_0:                 episode reward: -1.3500,                 loss: nan
Episode: 4261, avg. length 2045.0
first_0:                 episode reward: 0.8000,                 loss: 0.4820
second_0:                 episode reward: -0.8000,                 loss: nan
Episode: 4281, avg. length 2045.0
first_0:                 episode reward: -0.6000,                 loss: 0.4614
second_0:                 episode reward: 0.6000,                 loss: nan
Episode: 4301, avg. length 2045.0
first_0:                 episode reward: 0.0000,                 loss: 0.5260
second_0:                 episode reward: 0.0000,                 loss: nan
Episode: 4321, avg. length 2045.0
first_0:                 episode reward: 0.3000,                 loss: 0.5242
second_0:                 episode reward: -0.3000,                 loss: nan
Episode: 4341, avg. length 2045.0
first_0:                 episode reward: 0.5500,                 loss: 0.4546
second_0:                 episode reward: -0.5500,                 loss: nan
Episode: 4361, avg. length 2045.0
first_0:                 episode reward: 0.6500,                 loss: 0.5040
second_0:                 episode reward: -0.6500,                 loss: nan
Episode: 4381, avg. length 2045.0
first_0:                 episode reward: -0.5500,                 loss: 0.5035
second_0:                 episode reward: 0.5500,                 loss: nan
Episode: 4401, avg. length 2045.0
first_0:                 episode reward: 1.2000,                 loss: 0.4677
second_0:                 episode reward: -1.2000,                 loss: nan
Episode: 4421, avg. length 2045.0
first_0:                 episode reward: 0.2000,                 loss: 0.5084
second_0:                 episode reward: -0.2000,                 loss: nan
Episode: 4441, avg. length 2045.0
first_0:                 episode reward: 0.8000,                 loss: 0.4975
second_0:                 episode reward: -0.8000,                 loss: nan
Episode: 4461, avg. length 2045.0
first_0:                 episode reward: 1.3500,                 loss: 0.5244
second_0:                 episode reward: -1.3500,                 loss: nan
Episode: 4481, avg. length 2045.0
first_0:                 episode reward: 1.4500,                 loss: 0.5443
second_0:                 episode reward: -1.4500,                 loss: nan
Episode: 4501, avg. length 2045.0
first_0:                 episode reward: -0.0500,                 loss: 0.4835
second_0:                 episode reward: 0.0500,                 loss: nan
Episode: 4521, avg. length 2045.0
first_0:                 episode reward: 0.8500,                 loss: 0.4706
second_0:                 episode reward: -0.8500,                 loss: nan
Episode: 4541, avg. length 2045.0
first_0:                 episode reward: 2.0000,                 loss: 0.5073
second_0:                 episode reward: -2.0000,                 loss: nan
Episode: 4561, avg. length 2045.0
first_0:                 episode reward: 0.1000,                 loss: 0.4769
second_0:                 episode reward: -0.1000,                 loss: nan
Episode: 4581, avg. length 2045.0
first_0:                 episode reward: 0.5500,                 loss: 0.5604
second_0:                 episode reward: -0.5500,                 loss: nan
Episode: 4601, avg. length 2045.0
first_0:                 episode reward: 0.1500,                 loss: 0.4873
second_0:                 episode reward: -0.1500,                 loss: nan
Episode: 4621, avg. length 2045.0
first_0:                 episode reward: 0.5500,                 loss: 0.4677
second_0:                 episode reward: -0.5500,                 loss: nan
Episode: 4641, avg. length 2045.0
first_0:                 episode reward: 0.8500,                 loss: 0.5318
second_0:                 episode reward: -0.8500,                 loss: nan
Episode: 4661, avg. length 2045.0
first_0:                 episode reward: -0.0500,                 loss: 0.4925
second_0:                 episode reward: 0.0500,                 loss: nan
Episode: 4681, avg. length 2045.0
first_0:                 episode reward: 0.2500,                 loss: 0.4627
second_0:                 episode reward: -0.2500,                 loss: nan
Episode: 4701, avg. length 2045.0
first_0:                 episode reward: -0.3500,                 loss: 0.5177
second_0:                 episode reward: 0.3500,                 loss: nan
Episode: 4721, avg. length 2045.0
first_0:                 episode reward: -0.6000,                 loss: 0.4957
second_0:                 episode reward: 0.6000,                 loss: nan
Episode: 4741, avg. length 2045.0
first_0:                 episode reward: 1.1500,                 loss: 0.4984
second_0:                 episode reward: -1.1500,                 loss: nan
Episode: 4761, avg. length 2045.0
first_0:                 episode reward: 0.1000,                 loss: 0.5319
second_0:                 episode reward: -0.1000,                 loss: nan
Episode: 4781, avg. length 2045.0
first_0:                 episode reward: 0.4500,                 loss: 0.5114
second_0:                 episode reward: -0.4500,                 loss: nan
Episode: 4801, avg. length 2045.0
first_0:                 episode reward: 0.9500,                 loss: 0.5239
second_0:                 episode reward: -0.9500,                 loss: nan
Episode: 4821, avg. length 2045.0
first_0:                 episode reward: 1.3000,                 loss: 0.5371
second_0:                 episode reward: -1.3000,                 loss: nan
Episode: 4841, avg. length 2045.0
first_0:                 episode reward: 0.6500,                 loss: 0.4882
second_0:                 episode reward: -0.6500,                 loss: nan
Episode: 4861, avg. length 2045.0
first_0:                 episode reward: 1.2500,                 loss: 0.5095
second_0:                 episode reward: -1.2500,                 loss: nan
Episode: 4881, avg. length 2045.0
first_0:                 episode reward: 1.2000,                 loss: 0.5189
second_0:                 episode reward: -1.2000,                 loss: nan
Episode: 4901, avg. length 2045.0
first_0:                 episode reward: 0.7000,                 loss: 0.5360
second_0:                 episode reward: -0.7000,                 loss: nan
Episode: 4921, avg. length 2045.0
first_0:                 episode reward: 0.2000,                 loss: 0.5187
second_0:                 episode reward: -0.2000,                 loss: nan
Episode: 4941, avg. length 2045.0
first_0:                 episode reward: 1.1000,                 loss: 0.5153
second_0:                 episode reward: -1.1000,                 loss: nan
Episode: 4961, avg. length 2045.0
first_0:                 episode reward: 0.8500,                 loss: 0.5092
second_0:                 episode reward: -0.8500,                 loss: nan
Episode: 4981, avg. length 2045.0
first_0:                 episode reward: -0.1000,                 loss: 0.5376
second_0:                 episode reward: 0.1000,                 loss: nan
Episode: 5001, avg. length 2045.0
first_0:                 episode reward: 1.2500,                 loss: 0.4839
second_0:                 episode reward: -1.2500,                 loss: nan
Episode: 5021, avg. length 2045.0
first_0:                 episode reward: 1.3000,                 loss: 0.5237
second_0:                 episode reward: -1.3000,                 loss: nan
Episode: 5041, avg. length 2045.0
first_0:                 episode reward: 0.9500,                 loss: 0.5627
second_0:                 episode reward: -0.9500,                 loss: nan
Episode: 5061, avg. length 2045.0
first_0:                 episode reward: -0.7500,                 loss: 0.5199
second_0:                 episode reward: 0.7500,                 loss: nan
Episode: 5081, avg. length 2045.0
first_0:                 episode reward: 1.2000,                 loss: 0.5405
second_0:                 episode reward: -1.2000,                 loss: nan
Episode: 5101, avg. length 2045.0
first_0:                 episode reward: 1.5500,                 loss: 0.5030
second_0:                 episode reward: -1.5500,                 loss: nan
Episode: 5121, avg. length 2045.0
first_0:                 episode reward: 1.0500,                 loss: 0.4920
second_0:                 episode reward: -1.0500,                 loss: nan
Episode: 5141, avg. length 2045.0
first_0:                 episode reward: 0.6000,                 loss: 0.5626
second_0:                 episode reward: -0.6000,                 loss: nan
Episode: 5161, avg. length 2045.0
first_0:                 episode reward: 0.1000,                 loss: 0.5011
second_0:                 episode reward: -0.1000,                 loss: nan
Episode: 5181, avg. length 2045.0
first_0:                 episode reward: 1.0000,                 loss: 0.4744
second_0:                 episode reward: -1.0000,                 loss: nan
Episode: 5201, avg. length 2045.0
first_0:                 episode reward: 1.3500,                 loss: 0.5095
second_0:                 episode reward: -1.3500,                 loss: nan
Episode: 5221, avg. length 2045.0
first_0:                 episode reward: 1.0000,                 loss: 0.4948
second_0:                 episode reward: -1.0000,                 loss: nan
Episode: 5241, avg. length 2045.0
first_0:                 episode reward: 0.3000,                 loss: 0.5099
second_0:                 episode reward: -0.3000,                 loss: nan
Episode: 5261, avg. length 2045.0
first_0:                 episode reward: 1.0000,                 loss: 0.5495
second_0:                 episode reward: -1.0000,                 loss: nan
Episode: 5281, avg. length 2045.0
first_0:                 episode reward: 0.7000,                 loss: 0.4599
second_0:                 episode reward: -0.7000,                 loss: nan
Episode: 5301, avg. length 2045.0
first_0:                 episode reward: 1.1500,                 loss: 0.5172
second_0:                 episode reward: -1.1500,                 loss: nan
Episode: 5321, avg. length 2045.0
first_0:                 episode reward: 0.8000,                 loss: 0.5461
second_0:                 episode reward: -0.8000,                 loss: nan
Episode: 5341, avg. length 2045.0
first_0:                 episode reward: 0.1500,                 loss: 0.5123
second_0:                 episode reward: -0.1500,                 loss: nan
Episode: 5361, avg. length 2045.0
first_0:                 episode reward: 0.8500,                 loss: 0.5617
second_0:                 episode reward: -0.8500,                 loss: nan
Episode: 5381, avg. length 2045.0
first_0:                 episode reward: 0.6000,                 loss: 0.5009
second_0:                 episode reward: -0.6000,                 loss: nan
Episode: 5401, avg. length 2045.0
first_0:                 episode reward: -0.2500,                 loss: 0.5070
second_0:                 episode reward: 0.2500,                 loss: nan
Episode: 5421, avg. length 2045.0
first_0:                 episode reward: 0.8500,                 loss: 0.5293
second_0:                 episode reward: -0.8500,                 loss: nan
Episode: 5441, avg. length 2045.0
first_0:                 episode reward: 0.2500,                 loss: 0.4895
second_0:                 episode reward: -0.2500,                 loss: nan
Episode: 5461, avg. length 2045.0
first_0:                 episode reward: 1.1000,                 loss: 0.5336
second_0:                 episode reward: -1.1000,                 loss: nan
Episode: 5481, avg. length 2045.0
first_0:                 episode reward: 1.6000,                 loss: 0.5176
second_0:                 episode reward: -1.6000,                 loss: nan
Episode: 5501, avg. length 2045.0
first_0:                 episode reward: 1.4000,                 loss: 0.5029
second_0:                 episode reward: -1.4000,                 loss: nan
Episode: 5521, avg. length 2045.0
first_0:                 episode reward: 1.2000,                 loss: 0.5112
second_0:                 episode reward: -1.2000,                 loss: nan
Episode: 5541, avg. length 2045.0
first_0:                 episode reward: 0.4500,                 loss: 0.5548
second_0:                 episode reward: -0.4500,                 loss: nan
Episode: 5561, avg. length 2045.0
first_0:                 episode reward: 2.0000,                 loss: 0.4690
second_0:                 episode reward: -2.0000,                 loss: nan
Episode: 5581, avg. length 2045.0
first_0:                 episode reward: 0.6000,                 loss: 0.5689
second_0:                 episode reward: -0.6000,                 loss: nan
Episode: 5601, avg. length 2045.0
first_0:                 episode reward: -0.1000,                 loss: 0.5121
second_0:                 episode reward: 0.1000,                 loss: nan
Episode: 5621, avg. length 2045.0
first_0:                 episode reward: 0.9000,                 loss: 0.5202
second_0:                 episode reward: -0.9000,                 loss: nan
Episode: 5641, avg. length 2045.0
first_0:                 episode reward: -0.4000,                 loss: 0.4986
second_0:                 episode reward: 0.4000,                 loss: nan
Episode: 5661, avg. length 2045.0
first_0:                 episode reward: 0.3500,                 loss: 0.5073
second_0:                 episode reward: -0.3500,                 loss: nan
Episode: 5681, avg. length 2045.0
first_0:                 episode reward: 0.0500,                 loss: 0.5245
second_0:                 episode reward: -0.0500,                 loss: nan
Episode: 5701, avg. length 2045.0
first_0:                 episode reward: 1.0500,                 loss: 0.5148
second_0:                 episode reward: -1.0500,                 loss: nan
Episode: 5721, avg. length 2045.0
first_0:                 episode reward: 0.7000,                 loss: 0.5271
second_0:                 episode reward: -0.7000,                 loss: nan
Episode: 5741, avg. length 2045.0
first_0:                 episode reward: -0.3500,                 loss: 0.5433
second_0:                 episode reward: 0.3500,                 loss: nan
Episode: 5761, avg. length 2045.0
first_0:                 episode reward: -0.5000,                 loss: 0.5171
second_0:                 episode reward: 0.5000,                 loss: nan
Episode: 5781, avg. length 2045.0
first_0:                 episode reward: 0.0500,                 loss: 0.5305
second_0:                 episode reward: -0.0500,                 loss: nan
Episode: 5801, avg. length 2045.0
first_0:                 episode reward: 2.4000,                 loss: 0.5368
second_0:                 episode reward: -2.4000,                 loss: nan
Episode: 5821, avg. length 2045.0
first_0:                 episode reward: 0.1000,                 loss: 0.4899
second_0:                 episode reward: -0.1000,                 loss: nan
Episode: 5841, avg. length 2045.0
first_0:                 episode reward: 0.1000,                 loss: 0.4874
second_0:                 episode reward: -0.1000,                 loss: nan
Episode: 5861, avg. length 2045.0
first_0:                 episode reward: 1.4000,                 loss: 0.5291
second_0:                 episode reward: -1.4000,                 loss: nan
Episode: 5881, avg. length 2045.0
first_0:                 episode reward: 1.9500,                 loss: 0.4910
second_0:                 episode reward: -1.9500,                 loss: nan
Episode: 5901, avg. length 2045.0
first_0:                 episode reward: 1.0000,                 loss: 0.5398
second_0:                 episode reward: -1.0000,                 loss: nan
Episode: 5921, avg. length 2045.0
first_0:                 episode reward: 1.0500,                 loss: 0.5536
second_0:                 episode reward: -1.0500,                 loss: nan
Episode: 5941, avg. length 2045.0
first_0:                 episode reward: 0.2000,                 loss: 0.4918
second_0:                 episode reward: -0.2000,                 loss: nan
Episode: 5961, avg. length 2045.0
first_0:                 episode reward: 1.7000,                 loss: 0.5064
second_0:                 episode reward: -1.7000,                 loss: nan
Episode: 5981, avg. length 2045.0
first_0:                 episode reward: 1.4000,                 loss: 0.5299
second_0:                 episode reward: -1.4000,                 loss: nan
Episode: 6001, avg. length 2045.0
first_0:                 episode reward: 1.9000,                 loss: 0.4221
second_0:                 episode reward: -1.9000,                 loss: nan
Episode: 6021, avg. length 2045.0
first_0:                 episode reward: 1.0500,                 loss: 0.5658
second_0:                 episode reward: -1.0500,                 loss: nan
Episode: 6041, avg. length 2045.0
first_0:                 episode reward: 0.9000,                 loss: 0.5771
second_0:                 episode reward: -0.9000,                 loss: nan
Episode: 6061, avg. length 2045.0
first_0:                 episode reward: 1.0000,                 loss: 0.5108
second_0:                 episode reward: -1.0000,                 loss: nan
Episode: 6081, avg. length 2045.0
first_0:                 episode reward: 1.6500,                 loss: 0.5384
second_0:                 episode reward: -1.6500,                 loss: nan
Episode: 6101, avg. length 2045.0
first_0:                 episode reward: 1.0000,                 loss: 0.5401
second_0:                 episode reward: -1.0000,                 loss: nan
Episode: 6121, avg. length 2045.0
first_0:                 episode reward: 0.1500,                 loss: 0.5353
second_0:                 episode reward: -0.1500,                 loss: nan
Episode: 6141, avg. length 2045.0
first_0:                 episode reward: 0.2500,                 loss: 0.5015
second_0:                 episode reward: -0.2500,                 loss: nan
Episode: 6161, avg. length 2045.0
first_0:                 episode reward: 0.6000,                 loss: 0.5155
second_0:                 episode reward: -0.6000,                 loss: nan
Episode: 6181, avg. length 2045.0
first_0:                 episode reward: 0.5000,                 loss: 0.5200
second_0:                 episode reward: -0.5000,                 loss: nan
Episode: 6201, avg. length 2045.0
first_0:                 episode reward: 0.4500,                 loss: 0.5303
second_0:                 episode reward: -0.4500,                 loss: nan
Episode: 6221, avg. length 2045.0
first_0:                 episode reward: 0.0500,                 loss: 0.5041
second_0:                 episode reward: -0.0500,                 loss: nan
Episode: 6241, avg. length 2045.0
first_0:                 episode reward: 2.4000,                 loss: 0.5242
second_0:                 episode reward: -2.4000,                 loss: nan
Episode: 6261, avg. length 2045.0
first_0:                 episode reward: 0.7000,                 loss: 0.5335
second_0:                 episode reward: -0.7000,                 loss: nan
Episode: 6281, avg. length 2045.0
first_0:                 episode reward: 0.7000,                 loss: 0.4517
second_0:                 episode reward: -0.7000,                 loss: nan
Episode: 6301, avg. length 2045.0
first_0:                 episode reward: 0.2000,                 loss: 0.5143
second_0:                 episode reward: -0.2000,                 loss: nan
Episode: 6321, avg. length 2045.0
first_0:                 episode reward: 0.3500,                 loss: 0.5192
second_0:                 episode reward: -0.3500,                 loss: nan
Episode: 6341, avg. length 2045.0
first_0:                 episode reward: -0.7000,                 loss: 0.5325
second_0:                 episode reward: 0.7000,                 loss: nan
Episode: 6361, avg. length 2045.0
first_0:                 episode reward: 0.9000,                 loss: 0.5260
second_0:                 episode reward: -0.9000,                 loss: nan
Episode: 6381, avg. length 2045.0
first_0:                 episode reward: 0.6000,                 loss: 0.5026
second_0:                 episode reward: -0.6000,                 loss: nan
Episode: 6401, avg. length 2045.0
first_0:                 episode reward: 1.0000,                 loss: 0.5244
second_0:                 episode reward: -1.0000,                 loss: nan
Episode: 6421, avg. length 2045.0
first_0:                 episode reward: 1.7000,                 loss: 0.5226
second_0:                 episode reward: -1.7000,                 loss: nan
Episode: 6441, avg. length 2045.0
first_0:                 episode reward: 0.6500,                 loss: 0.4958
second_0:                 episode reward: -0.6500,                 loss: nan
Episode: 6461, avg. length 2045.0
first_0:                 episode reward: -0.0500,                 loss: 0.5624
second_0:                 episode reward: 0.0500,                 loss: nan
Episode: 6481, avg. length 2045.0
first_0:                 episode reward: -0.0500,                 loss: 0.5260
second_0:                 episode reward: 0.0500,                 loss: nan
Episode: 6501, avg. length 2045.0
first_0:                 episode reward: 1.0000,                 loss: 0.4659
second_0:                 episode reward: -1.0000,                 loss: nan
Episode: 6521, avg. length 2045.0
first_0:                 episode reward: 0.8500,                 loss: 0.5162
second_0:                 episode reward: -0.8500,                 loss: nan
Episode: 6541, avg. length 2045.0
first_0:                 episode reward: 0.4000,                 loss: 0.5039
second_0:                 episode reward: -0.4000,                 loss: nan
Episode: 6561, avg. length 2045.0
first_0:                 episode reward: 0.3500,                 loss: 0.4787
second_0:                 episode reward: -0.3500,                 loss: nan
Episode: 6581, avg. length 2045.0
first_0:                 episode reward: 0.0000,                 loss: 0.5598
second_0:                 episode reward: 0.0000,                 loss: nan
Episode: 6601, avg. length 2045.0
first_0:                 episode reward: 1.6000,                 loss: 0.4626
second_0:                 episode reward: -1.6000,                 loss: nan
Episode: 6621, avg. length 2045.0
first_0:                 episode reward: 0.7000,                 loss: 0.4994
second_0:                 episode reward: -0.7000,                 loss: nan
Episode: 6641, avg. length 2045.0
first_0:                 episode reward: -0.2000,                 loss: 0.5311
second_0:                 episode reward: 0.2000,                 loss: nan
Episode: 6661, avg. length 2045.0
first_0:                 episode reward: 1.7500,                 loss: 0.5235
second_0:                 episode reward: -1.7500,                 loss: nan
Episode: 6681, avg. length 2045.0
first_0:                 episode reward: 1.1500,                 loss: 0.5170
second_0:                 episode reward: -1.1500,                 loss: nan
Episode: 6701, avg. length 2045.0
first_0:                 episode reward: -0.5000,                 loss: 0.5619
second_0:                 episode reward: 0.5000,                 loss: nan
Episode: 6721, avg. length 2045.0
first_0:                 episode reward: 0.4500,                 loss: 0.4466
second_0:                 episode reward: -0.4500,                 loss: nan
Episode: 6741, avg. length 2045.0
first_0:                 episode reward: 0.8000,                 loss: 0.5058
second_0:                 episode reward: -0.8000,                 loss: nan
Episode: 6761, avg. length 2045.0
first_0:                 episode reward: -0.0500,                 loss: 0.5350
second_0:                 episode reward: 0.0500,                 loss: nan
Episode: 6781, avg. length 2045.0
first_0:                 episode reward: -0.8000,                 loss: 0.5256
second_0:                 episode reward: 0.8000,                 loss: nan
Episode: 6801, avg. length 2045.0
first_0:                 episode reward: 0.5500,                 loss: 0.5402
second_0:                 episode reward: -0.5500,                 loss: nan
Episode: 6821, avg. length 2045.0
first_0:                 episode reward: 0.1500,                 loss: 0.5408
second_0:                 episode reward: -0.1500,                 loss: nan
Episode: 6841, avg. length 2045.0
first_0:                 episode reward: 0.6500,                 loss: 0.5285
second_0:                 episode reward: -0.6500,                 loss: nan
Episode: 6861, avg. length 2045.0
first_0:                 episode reward: 0.1000,                 loss: 0.5075
second_0:                 episode reward: -0.1000,                 loss: nan
Episode: 6881, avg. length 2045.0
first_0:                 episode reward: 0.2500,                 loss: 0.5109
second_0:                 episode reward: -0.2500,                 loss: nan
Episode: 6901, avg. length 2045.0
first_0:                 episode reward: 1.4500,                 loss: 0.4865
second_0:                 episode reward: -1.4500,                 loss: nan
Episode: 6921, avg. length 2045.0
first_0:                 episode reward: -0.1000,                 loss: 0.5371
second_0:                 episode reward: 0.1000,                 loss: nan
Episode: 6941, avg. length 2045.0
first_0:                 episode reward: -0.5500,                 loss: 0.4890
second_0:                 episode reward: 0.5500,                 loss: nan
Episode: 6961, avg. length 2045.0
first_0:                 episode reward: 1.4000,                 loss: 0.4909
second_0:                 episode reward: -1.4000,                 loss: nan
Episode: 6981, avg. length 2045.0
first_0:                 episode reward: 2.1000,                 loss: 0.5364
second_0:                 episode reward: -2.1000,                 loss: nan
Episode: 7001, avg. length 2045.0
first_0:                 episode reward: 0.5000,                 loss: 0.4794
second_0:                 episode reward: -0.5000,                 loss: nan
Episode: 7021, avg. length 2045.0
first_0:                 episode reward: 0.7000,                 loss: 0.4958
second_0:                 episode reward: -0.7000,                 loss: nan
Episode: 7041, avg. length 2045.0
first_0:                 episode reward: 0.8500,                 loss: 0.5045
second_0:                 episode reward: -0.8500,                 loss: nan
Episode: 7061, avg. length 2045.0
first_0:                 episode reward: 1.1500,                 loss: 0.5035
second_0:                 episode reward: -1.1500,                 loss: nan
Episode: 7081, avg. length 2045.0
first_0:                 episode reward: -0.5500,                 loss: 0.5056
second_0:                 episode reward: 0.5500,                 loss: nan
Episode: 7101, avg. length 2045.0
first_0:                 episode reward: 1.1500,                 loss: 0.5046
second_0:                 episode reward: -1.1500,                 loss: nan
Episode: 7121, avg. length 2045.0
first_0:                 episode reward: -0.7000,                 loss: 0.5158
second_0:                 episode reward: 0.7000,                 loss: nan
Episode: 7141, avg. length 2045.0
first_0:                 episode reward: 0.9000,                 loss: 0.5107
second_0:                 episode reward: -0.9000,                 loss: nan
Episode: 7161, avg. length 2045.0
first_0:                 episode reward: 0.9500,                 loss: 0.5025
second_0:                 episode reward: -0.9500,                 loss: nan
Episode: 7181, avg. length 2045.0
first_0:                 episode reward: -0.2500,                 loss: 0.4948
second_0:                 episode reward: 0.2500,                 loss: nan
Episode: 7201, avg. length 2045.0
first_0:                 episode reward: -0.1000,                 loss: 0.4996
second_0:                 episode reward: 0.1000,                 loss: nan
Episode: 7221, avg. length 2045.0
first_0:                 episode reward: 0.2000,                 loss: 0.5295
second_0:                 episode reward: -0.2000,                 loss: nan
Episode: 7241, avg. length 2045.0
first_0:                 episode reward: 0.8000,                 loss: 0.4639
second_0:                 episode reward: -0.8000,                 loss: nan
Episode: 7261, avg. length 2045.0
first_0:                 episode reward: 2.0500,                 loss: 0.5177
second_0:                 episode reward: -2.0500,                 loss: nan
Episode: 7281, avg. length 2045.0
first_0:                 episode reward: 1.1500,                 loss: 0.5012
second_0:                 episode reward: -1.1500,                 loss: nan
Episode: 7301, avg. length 2045.0
first_0:                 episode reward: 0.5000,                 loss: 0.5183
second_0:                 episode reward: -0.5000,                 loss: nan
Episode: 7321, avg. length 2045.0
first_0:                 episode reward: 0.9000,                 loss: 0.5199
second_0:                 episode reward: -0.9000,                 loss: nan
Episode: 7341, avg. length 2045.0
first_0:                 episode reward: 1.2000,                 loss: 0.5217
second_0:                 episode reward: -1.2000,                 loss: nan
Episode: 7361, avg. length 2045.0
first_0:                 episode reward: 0.9000,                 loss: 0.5454
second_0:                 episode reward: -0.9000,                 loss: nan
Episode: 7381, avg. length 2045.0
first_0:                 episode reward: 1.3500,                 loss: 0.5366
second_0:                 episode reward: -1.3500,                 loss: nan
Episode: 7401, avg. length 2045.0
first_0:                 episode reward: 2.1500,                 loss: 0.4924
second_0:                 episode reward: -2.1500,                 loss: nan
Episode: 7421, avg. length 2045.0
first_0:                 episode reward: -0.4500,                 loss: 0.5382
second_0:                 episode reward: 0.4500,                 loss: nan
Episode: 7441, avg. length 2045.0
first_0:                 episode reward: 1.6500,                 loss: 0.5285
second_0:                 episode reward: -1.6500,                 loss: nan
Episode: 7461, avg. length 2045.0
first_0:                 episode reward: 0.7000,                 loss: 0.5214
second_0:                 episode reward: -0.7000,                 loss: nan
Episode: 7481, avg. length 2045.0
first_0:                 episode reward: 1.7500,                 loss: 0.5135
second_0:                 episode reward: -1.7500,                 loss: nan
Episode: 7501, avg. length 2045.0
first_0:                 episode reward: -0.3000,                 loss: 0.5140
second_0:                 episode reward: 0.3000,                 loss: nan
Episode: 7521, avg. length 2045.0
first_0:                 episode reward: 0.0500,                 loss: 0.5359
second_0:                 episode reward: -0.0500,                 loss: nan
Episode: 7541, avg. length 2045.0
first_0:                 episode reward: 1.5500,                 loss: 0.5172
second_0:                 episode reward: -1.5500,                 loss: nan
Episode: 7561, avg. length 2045.0
first_0:                 episode reward: 1.0000,                 loss: 0.5133
second_0:                 episode reward: -1.0000,                 loss: nan
Episode: 7581, avg. length 2045.0
first_0:                 episode reward: 0.1000,                 loss: 0.5201
second_0:                 episode reward: -0.1000,                 loss: nan
Episode: 7601, avg. length 2045.0
first_0:                 episode reward: 0.3000,                 loss: 0.5281
second_0:                 episode reward: -0.3000,                 loss: nan
Episode: 7621, avg. length 2045.0
first_0:                 episode reward: 0.5500,                 loss: 0.4782
second_0:                 episode reward: -0.5500,                 loss: nan
Episode: 7641, avg. length 2045.0
first_0:                 episode reward: 1.4000,                 loss: 0.4773
second_0:                 episode reward: -1.4000,                 loss: nan
Episode: 7661, avg. length 2045.0
first_0:                 episode reward: 0.1000,                 loss: 0.5013
second_0:                 episode reward: -0.1000,                 loss: nan
Episode: 7681, avg. length 2045.0
first_0:                 episode reward: 0.5500,                 loss: 0.4763
second_0:                 episode reward: -0.5500,                 loss: nan
Episode: 7701, avg. length 2045.0
first_0:                 episode reward: 0.8500,                 loss: 0.5372
second_0:                 episode reward: -0.8500,                 loss: nan
Episode: 7721, avg. length 2045.0
first_0:                 episode reward: -0.1000,                 loss: 0.5066
second_0:                 episode reward: 0.1000,                 loss: nan
Episode: 7741, avg. length 2045.0
first_0:                 episode reward: 1.4000,                 loss: 0.5017
second_0:                 episode reward: -1.4000,                 loss: nan
Episode: 7761, avg. length 2045.0
first_0:                 episode reward: 0.1000,                 loss: 0.5174
second_0:                 episode reward: -0.1000,                 loss: nan
Episode: 7781, avg. length 2045.0
first_0:                 episode reward: 2.7000,                 loss: 0.5313
second_0:                 episode reward: -2.7000,                 loss: nan
Episode: 7801, avg. length 2045.0
first_0:                 episode reward: 0.9000,                 loss: 0.4920
second_0:                 episode reward: -0.9000,                 loss: nan
Episode: 7821, avg. length 2045.0
first_0:                 episode reward: 1.2500,                 loss: 0.5108
second_0:                 episode reward: -1.2500,                 loss: nan
Episode: 7841, avg. length 2045.0
first_0:                 episode reward: -0.1000,                 loss: 0.4952
second_0:                 episode reward: 0.1000,                 loss: nan
Episode: 7861, avg. length 2045.0
first_0:                 episode reward: 0.7500,                 loss: 0.5110
second_0:                 episode reward: -0.7500,                 loss: nan
Episode: 7881, avg. length 2045.0
first_0:                 episode reward: -0.3000,                 loss: 0.5169
second_0:                 episode reward: 0.3000,                 loss: nan
Episode: 7901, avg. length 2045.0
first_0:                 episode reward: 0.3500,                 loss: 0.4865
second_0:                 episode reward: -0.3500,                 loss: nan
Episode: 7921, avg. length 2045.0
first_0:                 episode reward: 1.2500,                 loss: 0.5272
second_0:                 episode reward: -1.2500,                 loss: nan
Episode: 7941, avg. length 2045.0
first_0:                 episode reward: 0.1000,                 loss: 0.4762
second_0:                 episode reward: -0.1000,                 loss: nan
Episode: 7961, avg. length 2045.0
first_0:                 episode reward: 0.8500,                 loss: 0.5149
second_0:                 episode reward: -0.8500,                 loss: nan
Episode: 7981, avg. length 2045.0
first_0:                 episode reward: -0.8500,                 loss: 0.5278
second_0:                 episode reward: 0.8500,                 loss: nan
Episode: 8001, avg. length 2045.0
first_0:                 episode reward: -0.2500,                 loss: 0.5256
second_0:                 episode reward: 0.2500,                 loss: nan
Episode: 8021, avg. length 2045.0
first_0:                 episode reward: 1.2000,                 loss: 0.5479
second_0:                 episode reward: -1.2000,                 loss: nan
Episode: 8041, avg. length 2045.0
first_0:                 episode reward: 1.7500,                 loss: 0.5129
second_0:                 episode reward: -1.7500,                 loss: nan
Episode: 8061, avg. length 2045.0
first_0:                 episode reward: -1.1500,                 loss: 0.4931
second_0:                 episode reward: 1.1500,                 loss: nan
Episode: 8081, avg. length 2045.0
first_0:                 episode reward: 0.5000,                 loss: 0.5093
second_0:                 episode reward: -0.5000,                 loss: nan
Episode: 8101, avg. length 2045.0
first_0:                 episode reward: 0.8500,                 loss: 0.5690
second_0:                 episode reward: -0.8500,                 loss: nan
Episode: 8121, avg. length 2045.0
first_0:                 episode reward: 1.5500,                 loss: 0.5219
second_0:                 episode reward: -1.5500,                 loss: nan
Episode: 8141, avg. length 2045.0
first_0:                 episode reward: 0.4500,                 loss: 0.4985
second_0:                 episode reward: -0.4500,                 loss: nan
Episode: 8161, avg. length 2045.0
first_0:                 episode reward: 1.0000,                 loss: 0.4902
second_0:                 episode reward: -1.0000,                 loss: nan
Episode: 8181, avg. length 2045.0
first_0:                 episode reward: 0.7000,                 loss: 0.5165
second_0:                 episode reward: -0.7000,                 loss: nan
Episode: 8201, avg. length 2045.0
first_0:                 episode reward: 0.7500,                 loss: 0.5085
second_0:                 episode reward: -0.7500,                 loss: nan
Episode: 8221, avg. length 2045.0
first_0:                 episode reward: 0.1500,                 loss: 0.5256
second_0:                 episode reward: -0.1500,                 loss: nan
Episode: 8241, avg. length 2045.0
first_0:                 episode reward: 1.8500,                 loss: 0.5228
second_0:                 episode reward: -1.8500,                 loss: nan
Episode: 8261, avg. length 2045.0
first_0:                 episode reward: -0.4000,                 loss: 0.5098
second_0:                 episode reward: 0.4000,                 loss: nan
Episode: 8281, avg. length 2045.0
first_0:                 episode reward: 0.5500,                 loss: 0.5356
second_0:                 episode reward: -0.5500,                 loss: nan
Episode: 8301, avg. length 2045.0
first_0:                 episode reward: 0.7500,                 loss: 0.5372
second_0:                 episode reward: -0.7500,                 loss: nan
Episode: 8321, avg. length 2045.0
first_0:                 episode reward: 1.8000,                 loss: 0.5148
second_0:                 episode reward: -1.8000,                 loss: nan
Episode: 8341, avg. length 2045.0
first_0:                 episode reward: 0.4000,                 loss: 0.4808
second_0:                 episode reward: -0.4000,                 loss: nan
Episode: 8361, avg. length 2045.0
first_0:                 episode reward: -0.1500,                 loss: 0.5305
second_0:                 episode reward: 0.1500,                 loss: nan
Episode: 8381, avg. length 2045.0
first_0:                 episode reward: 0.1000,                 loss: 0.5081
second_0:                 episode reward: -0.1000,                 loss: nan
Episode: 8401, avg. length 2045.0
first_0:                 episode reward: -1.0500,                 loss: 0.5346
second_0:                 episode reward: 1.0500,                 loss: nan
Episode: 8421, avg. length 2045.0
first_0:                 episode reward: 1.2500,                 loss: 0.5329
second_0:                 episode reward: -1.2500,                 loss: nan
Episode: 8441, avg. length 2045.0
first_0:                 episode reward: 0.0500,                 loss: 0.4951
second_0:                 episode reward: -0.0500,                 loss: nan
Episode: 8461, avg. length 2045.0
first_0:                 episode reward: 0.2500,                 loss: 0.4885
second_0:                 episode reward: -0.2500,                 loss: nan
Episode: 8481, avg. length 2045.0
first_0:                 episode reward: 1.2000,                 loss: 0.5440
second_0:                 episode reward: -1.2000,                 loss: nan
Episode: 8501, avg. length 2045.0
first_0:                 episode reward: 0.6000,                 loss: 0.4809
second_0:                 episode reward: -0.6000,                 loss: nan
Episode: 8521, avg. length 2045.0
first_0:                 episode reward: 1.5500,                 loss: 0.5771