/home/zihan/anaconda3/envs/x/lib/python3.7/site-packages/numpy/core/fromnumeric.py:3441: RuntimeWarning: Mean of empty slice.
  out=out, **kwargs)
/home/zihan/anaconda3/envs/x/lib/python3.7/site-packages/numpy/core/_methods.py:189: RuntimeWarning: invalid value encountered in double_scalars
  ret = ret.dtype.type(ret / rcount)
pygame 2.0.0 (SDL 2.0.12, python 3.7.10)
Hello from the pygame community. https://www.pygame.org/contribute.html
boxing_v1 pettingzoo
Load boxing_v1 environment in type pettingzoo.
Env observation space: Box(0.0, 1.0, (130,), float32) action space: Discrete(18)
random seed: 36
<env.wrappers.mars_wrappers.Dict2TupleWrapper object at 0x7f72845084d0>
boxing_v1 pettingzoo
Load boxing_v1 environment in type pettingzoo.
Env observation space: Box(0.0, 1.0, (130,), float32) action space: Discrete(18)
random seed: 6
Agents No. [1] (index starting from 0) are not learnable.
Arguments:  {'env_name': 'boxing_v1', 'env_type': 'pettingzoo', 'num_envs': 1, 'ram': True, 'seed': 'random', 'algorithm': 'DQN', 'algorithm_spec': {'episodic_update': False, 'dueling': False, 'replay_buffer_size': '1e5', 'gamma': 0.99, 'multi_step': 1, 'target_update_interval': 1000, 'eps_start': 1.0, 'eps_final': 0.01, 'eps_decay': 30000}, 'batch_size': 128, 'max_episodes': 30000, 'max_steps_per_episode': 10000, 'train_start_frame': 0, 'optimizer': 'adam', 'learning_rate': '1e-4', 'device': 'gpu', 'update_itr': 1, 'log_avg_window': 20, 'log_interval': 20, 'render': False, 'test': False, 'exploit': False, 'load_model_idx': False, 'load_model_full_path': False, 'save_path': '', 'save_interval': 2000, 'net_architecture': {'hidden_dim_list': [64, 64, 64, 64], 'hidden_activation': 'ReLU', 'output_activation': False}, 'marl_method': 'nxdo', 'marl_spec': {'min_update_interval': 20, 'score_avg_window': 10, 'selfplay_score_delta': 60, 'trainable_agent_idx': 0, 'opponent_idx': 1}}
Save models to : /home/zihan/research/MARS/data/model/20211109_1530/pettingzoo_boxing_v1_nxdo. 
 Save logs to: /home/zihan/research/MARS/data/log/20211109_1530/pettingzoo_boxing_v1_nxdo.
Episode: 1, avg. length 1784.0
first_0:                 episode reward: 21.0000,                 loss: 0.4267
second_0:                 episode reward: -21.0000,                 loss: nan
Episode: 21, avg. length 1784.0
first_0:                 episode reward: 1.2000,                 loss: 0.0826
second_0:                 episode reward: -1.2000,                 loss: nan
Episode: 41, avg. length 1784.0
first_0:                 episode reward: 3.8500,                 loss: 0.0229
second_0:                 episode reward: -3.8500,                 loss: nan
Episode: 61, avg. length 1784.0
first_0:                 episode reward: 1.7500,                 loss: 0.0207
second_0:                 episode reward: -1.7500,                 loss: nan
Episode: 81, avg. length 1784.0
first_0:                 episode reward: 1.2500,                 loss: 0.0165
second_0:                 episode reward: -1.2500,                 loss: nan
Episode: 101, avg. length 1784.0
first_0:                 episode reward: 1.1500,                 loss: 0.0149
second_0:                 episode reward: -1.1500,                 loss: nan
Episode: 121, avg. length 1784.0
first_0:                 episode reward: 1.1000,                 loss: 0.0149
second_0:                 episode reward: -1.1000,                 loss: nan
Episode: 141, avg. length 1784.0
first_0:                 episode reward: 2.0500,                 loss: 0.0146
second_0:                 episode reward: -2.0500,                 loss: nan
Episode: 161, avg. length 1784.0
first_0:                 episode reward: 2.3500,                 loss: 0.0150
second_0:                 episode reward: -2.3500,                 loss: nan
Episode: 181, avg. length 1784.0
first_0:                 episode reward: 4.0000,                 loss: 0.0153
second_0:                 episode reward: -4.0000,                 loss: nan
Episode: 201, avg. length 1784.0
first_0:                 episode reward: 6.9000,                 loss: 0.0165
second_0:                 episode reward: -6.9000,                 loss: nan
Traceback (most recent call last):
  File "general_train.py", line 45, in <module>
    launch_rollout(parser_args.env, parser_args.method, parser_args.save_id)
  File "general_train.py", line 38, in launch_rollout
    rollout(env, model, args, save_id)
  File "/home/zihan/research/MARS/mars_core/rollout.py", line 19, in rollout
    rollout_normal(env, model, save_id, args)
  File "/home/zihan/research/MARS/mars_core/rollout.py", line 125, in rollout_normal
    model, logger, env, args
  File "/home/zihan/research/MARS/mars_core/marl/double_oracle.py", line 58, in step
    model.agents[self.current_learnable_model_idx].reinit(nets_init=False, buffer_init=True, schedulers_init=True)  # reinitialize the model
AttributeError: 'NXDOMetaLearner' object has no attribute 'current_learnable_model_idx'
