pygame 2.0.0 (SDL 2.0.12, python 3.7.10)
Hello from the pygame community. https://www.pygame.org/contribute.html
combat_plane_v1 pettingzoo
Load combat_plane_v1 environment in type pettingzoo.
Env observation space: Box(0.0, 1.0, (130,), float32) action space: Discrete(18)
random seed: 53
<env.wrappers.mars_wrappers.Dict2TupleWrapper object at 0x7ffad6d69390>
No agent are not learnable.
Arguments:  {'env_name': 'combat_plane_v1', 'env_type': 'pettingzoo', 'num_envs': 1, 'ram': True, 'seed': 'random', 'algorithm': 'DQN', 'algorithm_spec': {'episodic_update': False, 'dueling': False, 'replay_buffer_size': '1e5', 'gamma': 0.99, 'multi_step': 1, 'target_update_interval': 1000, 'eps_start': 1.0, 'eps_final': 0.01, 'eps_decay': 30000}, 'batch_size': 128, 'max_episodes': 30000, 'max_steps_per_episode': 10000, 'train_start_frame': 0, 'optimizer': 'adam', 'learning_rate': '1e-4', 'device': 'gpu', 'update_itr': 1, 'log_avg_window': 20, 'log_interval': 20, 'render': False, 'test': False, 'exploit': False, 'load_model_idx': False, 'load_model_full_path': False, 'save_path': '', 'save_interval': 2000, 'net_architecture': {'hidden_dim_list': [64, 64, 64, 64], 'hidden_activation': 'ReLU', 'output_activation': False}, 'marl_method': 'nfsp', 'marl_spec': {'min_update_interval': 20, 'score_avg_window': 10, 'eta': 0.1}}
Save models to : /home/zihan/research/MARS/data/model/20211109_1530/pettingzoo_combat_plane_v1_nfsp. 
 Save logs to: /home/zihan/research/MARS/data/log/20211109_1530/pettingzoo_combat_plane_v1_nfsp.
Episode: 1, avg. length 2045.0
first_0:                 episode reward: -4.0000,                 loss: 0.6802
second_0:                 episode reward: 4.0000,                 loss: 0.4517
Episode: 21, avg. length 2045.0
first_0:                 episode reward: -1.1500,                 loss: 0.0898
second_0:                 episode reward: 1.1500,                 loss: 0.1318
Episode: 41, avg. length 2045.0
first_0:                 episode reward: -1.3500,                 loss: 0.0243
second_0:                 episode reward: 1.3500,                 loss: 0.0777
Episode: 61, avg. length 2045.0
first_0:                 episode reward: -1.2500,                 loss: 0.0177
second_0:                 episode reward: 1.2500,                 loss: 0.0211
Episode: 81, avg. length 2045.0
first_0:                 episode reward: -0.0500,                 loss: 0.0174
second_0:                 episode reward: 0.0500,                 loss: 0.0232
Episode: 101, avg. length 2045.0
first_0:                 episode reward: 0.1500,                 loss: 0.0169
second_0:                 episode reward: -0.1500,                 loss: 0.0189
Episode: 121, avg. length 2045.0
first_0:                 episode reward: -0.6500,                 loss: 0.0158
second_0:                 episode reward: 0.6500,                 loss: 0.0216
Episode: 141, avg. length 2045.0
first_0:                 episode reward: -0.8000,                 loss: 0.0159
second_0:                 episode reward: 0.8000,                 loss: 0.0200
Episode: 161, avg. length 2045.0
first_0:                 episode reward: -1.2000,                 loss: 0.0160
second_0:                 episode reward: 1.2000,                 loss: 0.0200
Episode: 181, avg. length 2045.0
first_0:                 episode reward: 0.0500,                 loss: 0.0161
second_0:                 episode reward: -0.0500,                 loss: 0.0232
Episode: 201, avg. length 2045.0
first_0:                 episode reward: 0.2000,                 loss: 0.0156
second_0:                 episode reward: -0.2000,                 loss: 0.0249
Episode: 221, avg. length 2045.0
first_0:                 episode reward: -0.6000,                 loss: 0.0159
second_0:                 episode reward: 0.6000,                 loss: 0.0193
Episode: 241, avg. length 2045.0
first_0:                 episode reward: 2.1000,                 loss: 0.0161
second_0:                 episode reward: -2.1000,                 loss: 0.0189
Episode: 261, avg. length 2045.0
first_0:                 episode reward: 1.1000,                 loss: 0.0159
second_0:                 episode reward: -1.1000,                 loss: 0.0273
Episode: 281, avg. length 2045.0
first_0:                 episode reward: -1.5500,                 loss: 0.0157
second_0:                 episode reward: 1.5500,                 loss: 0.0282
Episode: 301, avg. length 2045.0
first_0:                 episode reward: -0.9500,                 loss: 0.0161
second_0:                 episode reward: 0.9500,                 loss: 0.0215
Episode: 321, avg. length 2045.0
first_0:                 episode reward: -1.3000,                 loss: 0.0161
second_0:                 episode reward: 1.3000,                 loss: 0.0214
Episode: 341, avg. length 2045.0
first_0:                 episode reward: -1.3000,                 loss: 0.0161
second_0:                 episode reward: 1.3000,                 loss: 0.0205
Episode: 361, avg. length 2045.0
first_0:                 episode reward: 0.7000,                 loss: 0.0155
second_0:                 episode reward: -0.7000,                 loss: 0.0251
Episode: 381, avg. length 2045.0
first_0:                 episode reward: 1.3500,                 loss: 0.0154
second_0:                 episode reward: -1.3500,                 loss: 0.0308
Episode: 401, avg. length 2045.0
first_0:                 episode reward: -0.5500,                 loss: 0.0156
second_0:                 episode reward: 0.5500,                 loss: 0.0211
Episode: 421, avg. length 2045.0
first_0:                 episode reward: 0.3000,                 loss: 0.0156
second_0:                 episode reward: -0.3000,                 loss: 0.0225
Episode: 441, avg. length 2045.0
first_0:                 episode reward: -0.7000,                 loss: 0.0156
second_0:                 episode reward: 0.7000,                 loss: 0.0313
Episode: 461, avg. length 2045.0
first_0:                 episode reward: 0.1000,                 loss: 0.0159
second_0:                 episode reward: -0.1000,                 loss: 0.0238
Episode: 481, avg. length 2045.0
first_0:                 episode reward: -0.5000,                 loss: 0.0156
second_0:                 episode reward: 0.5000,                 loss: 0.0410
Episode: 501, avg. length 2045.0
first_0:                 episode reward: 0.0500,                 loss: 0.0156
second_0:                 episode reward: -0.0500,                 loss: 0.0245
Episode: 521, avg. length 2045.0
first_0:                 episode reward: 0.8000,                 loss: 0.0155
second_0:                 episode reward: -0.8000,                 loss: 0.0315
Episode: 541, avg. length 2045.0
first_0:                 episode reward: 0.5000,                 loss: 0.0150
second_0:                 episode reward: -0.5000,                 loss: 0.0229
Episode: 561, avg. length 2045.0
first_0:                 episode reward: -0.3500,                 loss: 0.0153
second_0:                 episode reward: 0.3500,                 loss: 0.0234
Episode: 581, avg. length 2045.0
first_0:                 episode reward: 0.9000,                 loss: 0.0153
second_0:                 episode reward: -0.9000,                 loss: 0.0361
Episode: 601, avg. length 2045.0
first_0:                 episode reward: 0.1500,                 loss: 0.0152
second_0:                 episode reward: -0.1500,                 loss: 0.0225
Episode: 621, avg. length 2045.0
first_0:                 episode reward: 2.1000,                 loss: 0.0151
second_0:                 episode reward: -2.1000,                 loss: 0.0267
Episode: 641, avg. length 2045.0
first_0:                 episode reward: 1.4000,                 loss: 0.0145
second_0:                 episode reward: -1.4000,                 loss: 0.0245
Episode: 661, avg. length 2045.0
first_0:                 episode reward: -0.1500,                 loss: 0.0145
second_0:                 episode reward: 0.1500,                 loss: 0.0198
Episode: 681, avg. length 2045.0
first_0:                 episode reward: -0.1500,                 loss: 0.0149
second_0:                 episode reward: 0.1500,                 loss: 0.0198
Episode: 701, avg. length 2045.0
first_0:                 episode reward: 0.3500,                 loss: 0.0152
second_0:                 episode reward: -0.3500,                 loss: 0.0278
Episode: 721, avg. length 2045.0
first_0:                 episode reward: -1.1500,                 loss: 0.0151
second_0:                 episode reward: 1.1500,                 loss: 0.0288
Episode: 741, avg. length 2045.0
first_0:                 episode reward: 0.4500,                 loss: 0.0153
second_0:                 episode reward: -0.4500,                 loss: 0.0236
Episode: 761, avg. length 2045.0
first_0:                 episode reward: 0.0500,                 loss: 0.0159
second_0:                 episode reward: -0.0500,                 loss: 0.0211
Episode: 781, avg. length 2045.0
first_0:                 episode reward: -0.0500,                 loss: 0.0165
second_0:                 episode reward: 0.0500,                 loss: 0.0229
Episode: 801, avg. length 2045.0
first_0:                 episode reward: 0.9000,                 loss: 0.0163
second_0:                 episode reward: -0.9000,                 loss: 0.0230
Episode: 821, avg. length 2045.0
first_0:                 episode reward: 0.1500,                 loss: 0.0153
second_0:                 episode reward: -0.1500,                 loss: 0.0204
Episode: 841, avg. length 2045.0
first_0:                 episode reward: -1.1500,                 loss: 0.0144
second_0:                 episode reward: 1.1500,                 loss: 0.0192
Episode: 861, avg. length 2045.0
first_0:                 episode reward: 0.1000,                 loss: 0.0145
second_0:                 episode reward: -0.1000,                 loss: 0.0205
Episode: 881, avg. length 2045.0
first_0:                 episode reward: 0.8500,                 loss: 0.0144
second_0:                 episode reward: -0.8500,                 loss: 0.0264
Episode: 901, avg. length 2045.0
first_0:                 episode reward: 0.8500,                 loss: 0.0151
second_0:                 episode reward: -0.8500,                 loss: 0.0231
Episode: 921, avg. length 2045.0
first_0:                 episode reward: -0.2500,                 loss: 0.0156
second_0:                 episode reward: 0.2500,                 loss: 0.0264
Episode: 941, avg. length 2045.0
first_0:                 episode reward: 0.9500,                 loss: 0.0160
second_0:                 episode reward: -0.9500,                 loss: 0.0231
Episode: 961, avg. length 2045.0
first_0:                 episode reward: -0.5000,                 loss: 0.0161
second_0:                 episode reward: 0.5000,                 loss: 0.0214
Episode: 981, avg. length 2045.0
first_0:                 episode reward: 1.0000,                 loss: 0.0158
second_0:                 episode reward: -1.0000,                 loss: 0.0218
Episode: 1001, avg. length 2045.0
first_0:                 episode reward: 1.6000,                 loss: 0.0155
second_0:                 episode reward: -1.6000,                 loss: 0.0284
Episode: 1021, avg. length 2045.0
first_0:                 episode reward: 0.4000,                 loss: 0.0152
second_0:                 episode reward: -0.4000,                 loss: 0.0230
Episode: 1041, avg. length 2045.0
first_0:                 episode reward: -0.3500,                 loss: 0.0149
second_0:                 episode reward: 0.3500,                 loss: 0.0297
Episode: 1061, avg. length 2045.0
first_0:                 episode reward: 0.0500,                 loss: 0.0145
second_0:                 episode reward: -0.0500,                 loss: 0.0243
Episode: 1081, avg. length 2045.0
first_0:                 episode reward: 0.4500,                 loss: 0.0144
second_0:                 episode reward: -0.4500,                 loss: 0.0294
Episode: 1101, avg. length 2045.0
first_0:                 episode reward: -1.6500,                 loss: 0.0146
second_0:                 episode reward: 1.6500,                 loss: 0.0385
Episode: 1121, avg. length 2045.0
first_0:                 episode reward: -0.6500,                 loss: 0.0149
second_0:                 episode reward: 0.6500,                 loss: 0.0233
Episode: 1141, avg. length 2045.0
first_0:                 episode reward: 0.8500,                 loss: 0.0146
second_0:                 episode reward: -0.8500,                 loss: 0.0306
Episode: 1161, avg. length 2045.0
first_0:                 episode reward: 0.2000,                 loss: 0.0142
second_0:                 episode reward: -0.2000,                 loss: 0.0243
Episode: 1181, avg. length 2045.0
first_0:                 episode reward: -1.6500,                 loss: 0.0145
second_0:                 episode reward: 1.6500,                 loss: 0.0310
Episode: 1201, avg. length 2045.0
first_0:                 episode reward: -1.5500,                 loss: 0.0148
second_0:                 episode reward: 1.5500,                 loss: 0.0222
Episode: 1221, avg. length 2045.0
first_0:                 episode reward: -0.9000,                 loss: 0.0146
second_0:                 episode reward: 0.9000,                 loss: 0.0256
Episode: 1241, avg. length 2045.0
first_0:                 episode reward: 0.7500,                 loss: 0.0148
second_0:                 episode reward: -0.7500,                 loss: 0.0309
Episode: 1261, avg. length 2045.0
first_0:                 episode reward: -1.7000,                 loss: 0.0143
second_0:                 episode reward: 1.7000,                 loss: 0.0244
Episode: 1281, avg. length 2045.0
first_0:                 episode reward: 1.1000,                 loss: 0.0146
second_0:                 episode reward: -1.1000,                 loss: 0.0253
Episode: 1301, avg. length 2045.0
first_0:                 episode reward: -1.2500,                 loss: 0.0147
second_0:                 episode reward: 1.2500,                 loss: 0.0203
Episode: 1321, avg. length 2045.0
first_0:                 episode reward: 0.6000,                 loss: 0.0147
second_0:                 episode reward: -0.6000,                 loss: 0.0209
Episode: 1341, avg. length 2045.0
first_0:                 episode reward: -1.5500,                 loss: 0.0149
second_0:                 episode reward: 1.5500,                 loss: 0.0196
Episode: 1361, avg. length 2045.0
first_0:                 episode reward: -0.5000,                 loss: 0.0151
second_0:                 episode reward: 0.5000,                 loss: 0.0311
Episode: 1381, avg. length 2045.0
first_0:                 episode reward: 2.0000,                 loss: 0.0158
second_0:                 episode reward: -2.0000,                 loss: 0.0289
Episode: 1401, avg. length 2045.0
first_0:                 episode reward: -0.0500,                 loss: 0.0154
second_0:                 episode reward: 0.0500,                 loss: 0.0207
Episode: 1421, avg. length 2045.0
first_0:                 episode reward: -0.1500,                 loss: 0.0152
second_0:                 episode reward: 0.1500,                 loss: 0.0353
Episode: 1441, avg. length 2045.0
first_0:                 episode reward: 1.1000,                 loss: 0.0152
second_0:                 episode reward: -1.1000,                 loss: 0.0259
Episode: 1461, avg. length 2045.0
first_0:                 episode reward: 0.9500,                 loss: 0.0153
second_0:                 episode reward: -0.9500,                 loss: 0.0271
Episode: 1481, avg. length 2045.0
first_0:                 episode reward: -0.4000,                 loss: 0.0159
second_0:                 episode reward: 0.4000,                 loss: 0.0195
Episode: 1501, avg. length 2045.0
first_0:                 episode reward: 0.2000,                 loss: 0.0153
second_0:                 episode reward: -0.2000,                 loss: 0.0194
Episode: 1521, avg. length 2045.0
first_0:                 episode reward: -2.1000,                 loss: 0.0150
second_0:                 episode reward: 2.1000,                 loss: 0.0205
Episode: 1541, avg. length 2045.0
first_0:                 episode reward: -0.1500,                 loss: 0.0144
second_0:                 episode reward: 0.1500,                 loss: 0.0203
Episode: 1561, avg. length 2045.0
first_0:                 episode reward: 0.8000,                 loss: 0.0140
second_0:                 episode reward: -0.8000,                 loss: 0.0291
Episode: 1581, avg. length 2045.0
first_0:                 episode reward: -0.0500,                 loss: 0.0139
second_0:                 episode reward: 0.0500,                 loss: 0.0203
Episode: 1601, avg. length 2045.0
first_0:                 episode reward: 1.3500,                 loss: 0.0140
second_0:                 episode reward: -1.3500,                 loss: 0.0223
Episode: 1621, avg. length 2045.0
first_0:                 episode reward: 3.3500,                 loss: 0.0140
second_0:                 episode reward: -3.3500,                 loss: 0.0300
Episode: 1641, avg. length 2045.0
first_0:                 episode reward: -0.2000,                 loss: 0.0141
second_0:                 episode reward: 0.2000,                 loss: 0.0247
Episode: 1661, avg. length 2045.0
first_0:                 episode reward: 0.9000,                 loss: 0.0141
second_0:                 episode reward: -0.9000,                 loss: 0.0259
Episode: 1681, avg. length 2045.0
first_0:                 episode reward: -0.5000,                 loss: 0.0146
second_0:                 episode reward: 0.5000,                 loss: 0.0245
Episode: 1701, avg. length 2045.0
first_0:                 episode reward: -0.3000,                 loss: 0.0150
second_0:                 episode reward: 0.3000,                 loss: 0.0408
Episode: 1721, avg. length 2045.0
first_0:                 episode reward: 0.1000,                 loss: 0.0151
second_0:                 episode reward: -0.1000,                 loss: 0.0550
Episode: 1741, avg. length 2045.0
first_0:                 episode reward: 0.9500,                 loss: 0.0149
second_0:                 episode reward: -0.9500,                 loss: 0.0268
Episode: 1761, avg. length 2045.0
first_0:                 episode reward: -1.0000,                 loss: 0.0147
second_0:                 episode reward: 1.0000,                 loss: 0.0222
Episode: 1781, avg. length 2045.0
first_0:                 episode reward: 0.2500,                 loss: 0.0147
second_0:                 episode reward: -0.2500,                 loss: 0.0210
Episode: 1801, avg. length 2045.0
first_0:                 episode reward: 0.5500,                 loss: 0.0146
second_0:                 episode reward: -0.5500,                 loss: 0.0306
Episode: 1821, avg. length 2045.0
first_0:                 episode reward: 0.6500,                 loss: 0.0147
second_0:                 episode reward: -0.6500,                 loss: 0.0301
Episode: 1841, avg. length 2045.0
first_0:                 episode reward: 0.0000,                 loss: 0.0149
second_0:                 episode reward: 0.0000,                 loss: 0.0255
Episode: 1861, avg. length 2045.0
first_0:                 episode reward: -0.2500,                 loss: 0.0149
second_0:                 episode reward: 0.2500,                 loss: 0.0220
Episode: 1881, avg. length 2045.0
first_0:                 episode reward: -0.8500,                 loss: 0.0149
second_0:                 episode reward: 0.8500,                 loss: 0.0213
Episode: 1901, avg. length 2045.0
first_0:                 episode reward: -0.6000,                 loss: 0.0145
second_0:                 episode reward: 0.6000,                 loss: 0.0243
Episode: 1921, avg. length 2045.0
first_0:                 episode reward: 0.9000,                 loss: 0.0142
second_0:                 episode reward: -0.9000,                 loss: 0.0458
Episode: 1941, avg. length 2045.0
first_0:                 episode reward: -0.4000,                 loss: 0.0142
second_0:                 episode reward: 0.4000,                 loss: 0.0311
Episode: 1961, avg. length 2045.0
first_0:                 episode reward: 2.2000,                 loss: 0.0145
second_0:                 episode reward: -2.2000,                 loss: 0.0311
Episode: 1981, avg. length 2045.0
first_0:                 episode reward: 3.3500,                 loss: 0.0144
second_0:                 episode reward: -3.3500,                 loss: 0.0704
Episode: 2001, avg. length 2045.0
first_0:                 episode reward: 3.7000,                 loss: 0.0141
second_0:                 episode reward: -3.7000,                 loss: 0.0723
Episode: 2021, avg. length 2045.0
first_0:                 episode reward: -0.5000,                 loss: 0.0147
second_0:                 episode reward: 0.5000,                 loss: 0.0329
Episode: 2041, avg. length 2045.0
first_0:                 episode reward: 0.2500,                 loss: 0.0153
second_0:                 episode reward: -0.2500,                 loss: 0.0607
Episode: 2061, avg. length 2045.0
first_0:                 episode reward: 0.4000,                 loss: 0.0161
second_0:                 episode reward: -0.4000,                 loss: 0.0274
Episode: 2081, avg. length 2045.0
first_0:                 episode reward: 1.4000,                 loss: 0.0165
second_0:                 episode reward: -1.4000,                 loss: 0.0257
Episode: 2101, avg. length 2045.0
first_0:                 episode reward: 1.2000,                 loss: 0.0158
second_0:                 episode reward: -1.2000,                 loss: 0.0222
Episode: 2121, avg. length 2045.0
first_0:                 episode reward: 0.7500,                 loss: 0.0159
second_0:                 episode reward: -0.7500,                 loss: 0.0241
Episode: 2141, avg. length 2045.0
first_0:                 episode reward: 1.3000,                 loss: 0.0159
second_0:                 episode reward: -1.3000,                 loss: 0.0238
Episode: 2161, avg. length 2045.0
first_0:                 episode reward: 1.6500,                 loss: 0.0158
second_0:                 episode reward: -1.6500,                 loss: 0.0190
Episode: 2181, avg. length 2045.0
first_0:                 episode reward: 1.0000,                 loss: 0.0162
second_0:                 episode reward: -1.0000,                 loss: 0.0190
Episode: 2201, avg. length 2045.0
first_0:                 episode reward: -0.5500,                 loss: 0.0159
second_0:                 episode reward: 0.5500,                 loss: 0.0192
Episode: 2221, avg. length 2045.0
first_0:                 episode reward: 0.1000,                 loss: 0.0154
second_0:                 episode reward: -0.1000,                 loss: 0.0282
Episode: 2241, avg. length 2045.0
first_0:                 episode reward: -0.5500,                 loss: 0.0152
second_0:                 episode reward: 0.5500,                 loss: 0.0332
Episode: 2261, avg. length 2045.0
first_0:                 episode reward: 0.8500,                 loss: 0.0151
second_0:                 episode reward: -0.8500,                 loss: 0.0247
Episode: 2281, avg. length 2045.0
first_0:                 episode reward: 0.9000,                 loss: 0.0154
second_0:                 episode reward: -0.9000,                 loss: 0.0551
Episode: 2301, avg. length 2045.0
first_0:                 episode reward: 1.2500,                 loss: 0.0151
second_0:                 episode reward: -1.2500,                 loss: 0.0747
Episode: 2321, avg. length 2045.0
first_0:                 episode reward: -0.9000,                 loss: 0.0150
second_0:                 episode reward: 0.9000,                 loss: 0.0789
Episode: 2341, avg. length 2045.0
first_0:                 episode reward: 1.2000,                 loss: 0.0149
second_0:                 episode reward: -1.2000,                 loss: 0.0766
Episode: 2361, avg. length 2045.0
first_0:                 episode reward: 0.3500,                 loss: 0.0146
second_0:                 episode reward: -0.3500,                 loss: 0.0731
Episode: 2381, avg. length 2045.0
first_0:                 episode reward: 0.8000,                 loss: 0.0143
second_0:                 episode reward: -0.8000,                 loss: 0.0729
Episode: 2401, avg. length 2045.0
first_0:                 episode reward: -0.1500,                 loss: 0.0140
second_0:                 episode reward: 0.1500,                 loss: 0.0809
Episode: 2421, avg. length 2045.0
first_0:                 episode reward: -0.3000,                 loss: 0.0145
second_0:                 episode reward: 0.3000,                 loss: 0.0690
Episode: 2441, avg. length 2045.0
first_0:                 episode reward: 1.2000,                 loss: 0.0147
second_0:                 episode reward: -1.2000,                 loss: 0.0803
Episode: 2461, avg. length 2045.0
first_0:                 episode reward: 0.7500,                 loss: 0.0143
second_0:                 episode reward: -0.7500,                 loss: 0.0803
Episode: 2481, avg. length 2045.0
first_0:                 episode reward: 1.8000,                 loss: 0.0142
second_0:                 episode reward: -1.8000,                 loss: 0.0759
Episode: 2501, avg. length 2045.0
first_0:                 episode reward: 0.9500,                 loss: 0.0142
second_0:                 episode reward: -0.9500,                 loss: 0.0428
Episode: 2521, avg. length 2045.0
first_0:                 episode reward: 1.2000,                 loss: 0.0143
second_0:                 episode reward: -1.2000,                 loss: 0.0419
Episode: 2541, avg. length 2045.0
first_0:                 episode reward: 1.3500,                 loss: 0.0143
second_0:                 episode reward: -1.3500,                 loss: 0.0359
Episode: 2561, avg. length 2045.0
first_0:                 episode reward: 0.2500,                 loss: 0.0143
second_0:                 episode reward: -0.2500,                 loss: 0.0256
Episode: 2581, avg. length 2045.0
first_0:                 episode reward: 1.2500,                 loss: 0.0143
second_0:                 episode reward: -1.2500,                 loss: 0.0406
Episode: 2601, avg. length 2045.0
first_0:                 episode reward: -1.0000,                 loss: 0.0143
second_0:                 episode reward: 1.0000,                 loss: 0.0613
Episode: 2621, avg. length 2045.0
first_0:                 episode reward: -0.9000,                 loss: 0.0144
second_0:                 episode reward: 0.9000,                 loss: 0.1020
Episode: 2641, avg. length 2045.0
first_0:                 episode reward: -1.4000,                 loss: 0.0144
second_0:                 episode reward: 1.4000,                 loss: 0.0840
Episode: 2661, avg. length 2045.0
first_0:                 episode reward: 0.4000,                 loss: 0.0143
second_0:                 episode reward: -0.4000,                 loss: 0.0332
Episode: 2681, avg. length 2045.0
first_0:                 episode reward: -0.0500,                 loss: 0.0141
second_0:                 episode reward: 0.0500,                 loss: 0.0209
Episode: 2701, avg. length 2045.0
first_0:                 episode reward: 1.5000,                 loss: 0.0144
second_0:                 episode reward: -1.5000,                 loss: 0.0273
Episode: 2721, avg. length 2045.0
first_0:                 episode reward: -0.7500,                 loss: 0.0142
second_0:                 episode reward: 0.7500,                 loss: 0.0205
Episode: 2741, avg. length 2045.0
first_0:                 episode reward: -0.4000,                 loss: 0.0145
second_0:                 episode reward: 0.4000,                 loss: 0.0195
Episode: 2761, avg. length 2045.0
first_0:                 episode reward: 0.8500,                 loss: 0.0142
second_0:                 episode reward: -0.8500,                 loss: 0.0268
Episode: 2781, avg. length 2045.0
first_0:                 episode reward: 1.0500,                 loss: 0.0141
second_0:                 episode reward: -1.0500,                 loss: 0.0250
Episode: 2801, avg. length 2045.0
first_0:                 episode reward: 0.8000,                 loss: 0.0139
second_0:                 episode reward: -0.8000,                 loss: 0.0469
Episode: 2821, avg. length 2045.0
first_0:                 episode reward: -0.0500,                 loss: 0.0138
second_0:                 episode reward: 0.0500,                 loss: 0.0214
Episode: 2841, avg. length 2045.0
first_0:                 episode reward: 0.5500,                 loss: 0.0135
second_0:                 episode reward: -0.5500,                 loss: 0.0286
Episode: 2861, avg. length 2045.0
first_0:                 episode reward: 0.7000,                 loss: 0.0141
second_0:                 episode reward: -0.7000,                 loss: 0.0296
Episode: 2881, avg. length 2045.0
first_0:                 episode reward: 0.8500,                 loss: 0.0143
second_0:                 episode reward: -0.8500,                 loss: 0.0298
Episode: 2901, avg. length 2045.0
first_0:                 episode reward: 0.9000,                 loss: 0.0143
second_0:                 episode reward: -0.9000,                 loss: 0.0708
Episode: 2921, avg. length 2045.0
first_0:                 episode reward: -0.5000,                 loss: 0.0151
second_0:                 episode reward: 0.5000,                 loss: 0.0716
Episode: 2941, avg. length 2045.0
first_0:                 episode reward: -0.4500,                 loss: 0.0150
second_0:                 episode reward: 0.4500,                 loss: 0.0709
Episode: 2961, avg. length 2045.0
first_0:                 episode reward: 0.3000,                 loss: 0.0152
second_0:                 episode reward: -0.3000,                 loss: 0.0729
Episode: 2981, avg. length 2045.0
first_0:                 episode reward: -0.2000,                 loss: 0.0148
second_0:                 episode reward: 0.2000,                 loss: 0.0824
Episode: 3001, avg. length 2045.0
first_0:                 episode reward: 2.4500,                 loss: 0.0147
second_0:                 episode reward: -2.4500,                 loss: 0.0704
Episode: 3021, avg. length 2045.0
first_0:                 episode reward: 0.8500,                 loss: 0.0144
second_0:                 episode reward: -0.8500,                 loss: 0.0303
Episode: 3041, avg. length 2045.0
first_0:                 episode reward: 0.6500,                 loss: 0.0140
second_0:                 episode reward: -0.6500,                 loss: 0.0526
Episode: 3061, avg. length 2045.0
first_0:                 episode reward: 1.9000,                 loss: 0.0141
second_0:                 episode reward: -1.9000,                 loss: 0.0704
Episode: 3081, avg. length 2045.0
first_0:                 episode reward: 1.2000,                 loss: 0.0141
second_0:                 episode reward: -1.2000,                 loss: 0.0717
Episode: 3101, avg. length 2045.0
first_0:                 episode reward: 0.9500,                 loss: 0.0144
second_0:                 episode reward: -0.9500,                 loss: 0.0746
Episode: 3121, avg. length 2045.0
first_0:                 episode reward: 0.3000,                 loss: 0.0151
second_0:                 episode reward: -0.3000,                 loss: 0.0718
Episode: 3141, avg. length 2045.0
first_0:                 episode reward: 0.6500,                 loss: 0.0150
second_0:                 episode reward: -0.6500,                 loss: 0.0734
Episode: 3161, avg. length 2045.0
first_0:                 episode reward: 1.4000,                 loss: 0.0149
second_0:                 episode reward: -1.4000,                 loss: 0.0747
Episode: 3181, avg. length 2045.0
first_0:                 episode reward: 1.9000,                 loss: 0.0141
second_0:                 episode reward: -1.9000,                 loss: 0.0540
Episode: 3201, avg. length 2045.0
first_0:                 episode reward: 2.2000,                 loss: 0.0135
second_0:                 episode reward: -2.2000,                 loss: 0.0639
Episode: 3221, avg. length 2045.0
first_0:                 episode reward: 0.2500,                 loss: 0.0135
second_0:                 episode reward: -0.2500,                 loss: 0.0757
Episode: 3241, avg. length 2045.0
first_0:                 episode reward: 1.8000,                 loss: 0.0137
second_0:                 episode reward: -1.8000,                 loss: 0.0846
Episode: 3261, avg. length 2045.0
first_0:                 episode reward: 1.2000,                 loss: 0.0139
second_0:                 episode reward: -1.2000,                 loss: 0.0631
Episode: 3281, avg. length 2045.0
first_0:                 episode reward: 1.0500,                 loss: 0.0144
second_0:                 episode reward: -1.0500,                 loss: 0.0405
Episode: 3301, avg. length 2045.0
first_0:                 episode reward: 0.5500,                 loss: 0.0146
second_0:                 episode reward: -0.5500,                 loss: 0.0285
Episode: 3321, avg. length 2045.0
first_0:                 episode reward: 1.1000,                 loss: 0.0151
second_0:                 episode reward: -1.1000,                 loss: 0.0372
Episode: 3341, avg. length 2045.0
first_0:                 episode reward: 0.4000,                 loss: 0.0149
second_0:                 episode reward: -0.4000,                 loss: 0.0546
Episode: 3361, avg. length 2045.0
first_0:                 episode reward: -1.0500,                 loss: 0.0147
second_0:                 episode reward: 1.0500,                 loss: 0.1037
Episode: 3381, avg. length 2045.0
first_0:                 episode reward: -0.4500,                 loss: 0.0146
second_0:                 episode reward: 0.4500,                 loss: 0.1321
Episode: 3401, avg. length 2045.0
first_0:                 episode reward: -0.2000,                 loss: 0.0143
second_0:                 episode reward: 0.2000,                 loss: 0.1800
Episode: 3421, avg. length 2045.0
first_0:                 episode reward: -0.3000,                 loss: 0.0139
second_0:                 episode reward: 0.3000,                 loss: 0.1910
Episode: 3441, avg. length 2045.0
first_0:                 episode reward: 1.5000,                 loss: 0.0140
second_0:                 episode reward: -1.5000,                 loss: 0.1933
Episode: 3461, avg. length 2045.0
first_0:                 episode reward: 0.5500,                 loss: 0.0143
second_0:                 episode reward: -0.5500,                 loss: 0.2025
Episode: 3481, avg. length 2045.0
first_0:                 episode reward: 1.9000,                 loss: 0.0140
second_0:                 episode reward: -1.9000,                 loss: 0.2132
Episode: 3501, avg. length 2045.0
first_0:                 episode reward: 3.0500,                 loss: 0.0135
second_0:                 episode reward: -3.0500,                 loss: 0.2178
Episode: 3521, avg. length 2045.0
first_0:                 episode reward: 1.3000,                 loss: 0.0135
second_0:                 episode reward: -1.3000,                 loss: 0.2168
Episode: 3541, avg. length 2045.0
first_0:                 episode reward: 0.8000,                 loss: 0.0139
second_0:                 episode reward: -0.8000,                 loss: 0.1999
Episode: 3561, avg. length 2045.0
first_0:                 episode reward: -0.5500,                 loss: 0.0145
second_0:                 episode reward: 0.5500,                 loss: 0.0361
Episode: 3581, avg. length 2045.0
first_0:                 episode reward: 1.1000,                 loss: 0.0144
second_0:                 episode reward: -1.1000,                 loss: 0.0260
Episode: 3601, avg. length 2045.0
first_0:                 episode reward: 1.8000,                 loss: 0.0144
second_0:                 episode reward: -1.8000,                 loss: 0.0268
Episode: 3621, avg. length 2045.0
first_0:                 episode reward: 0.2000,                 loss: 0.0140
second_0:                 episode reward: -0.2000,                 loss: 0.0251
Episode: 3641, avg. length 2045.0
first_0:                 episode reward: -2.2000,                 loss: 0.0141
second_0:                 episode reward: 2.2000,                 loss: 0.0176
Episode: 3661, avg. length 2045.0
first_0:                 episode reward: -0.2000,                 loss: 0.0145
second_0:                 episode reward: 0.2000,                 loss: 0.0193
Episode: 3681, avg. length 2045.0
first_0:                 episode reward: -1.2000,                 loss: 0.0151
second_0:                 episode reward: 1.2000,                 loss: 0.0207
Episode: 3701, avg. length 2045.0
first_0:                 episode reward: -1.8500,                 loss: 0.0149
second_0:                 episode reward: 1.8500,                 loss: 0.0208
Episode: 3721, avg. length 2045.0
first_0:                 episode reward: -2.0000,                 loss: 0.0149
second_0:                 episode reward: 2.0000,                 loss: 0.0212
Episode: 3741, avg. length 2045.0
first_0:                 episode reward: -0.2500,                 loss: 0.0148
second_0:                 episode reward: 0.2500,                 loss: 0.0225
Episode: 3761, avg. length 2045.0
first_0:                 episode reward: 0.3500,                 loss: 0.0148
second_0:                 episode reward: -0.3500,                 loss: 0.0255
Episode: 3781, avg. length 2045.0
first_0:                 episode reward: 0.2500,                 loss: 0.0148
second_0:                 episode reward: -0.2500,                 loss: 0.0275
Episode: 3801, avg. length 2045.0
first_0:                 episode reward: -0.8500,                 loss: 0.0149
second_0:                 episode reward: 0.8500,                 loss: 0.0226
Episode: 3821, avg. length 2045.0
first_0:                 episode reward: 0.6500,                 loss: 0.0149
second_0:                 episode reward: -0.6500,                 loss: 0.0196
Episode: 3841, avg. length 2045.0
first_0:                 episode reward: -1.1000,                 loss: 0.0148
second_0:                 episode reward: 1.1000,                 loss: 0.0206
Episode: 3861, avg. length 2045.0
first_0:                 episode reward: -0.1000,                 loss: 0.0153
second_0:                 episode reward: 0.1000,                 loss: 0.0212
Episode: 3881, avg. length 2045.0
first_0:                 episode reward: -0.3000,                 loss: 0.0155
second_0:                 episode reward: 0.3000,                 loss: 0.0303
Episode: 3901, avg. length 2045.0
first_0:                 episode reward: 0.2000,                 loss: 0.0154
second_0:                 episode reward: -0.2000,                 loss: 0.0221
Episode: 3921, avg. length 2045.0
first_0:                 episode reward: -0.8500,                 loss: 0.0154
second_0:                 episode reward: 0.8500,                 loss: 0.0210
Episode: 3941, avg. length 2045.0
first_0:                 episode reward: -2.0000,                 loss: 0.0153
second_0:                 episode reward: 2.0000,                 loss: 0.0258
Episode: 3961, avg. length 2045.0
first_0:                 episode reward: 1.2500,                 loss: 0.0152
second_0:                 episode reward: -1.2500,                 loss: 0.0204
Episode: 3981, avg. length 2045.0
first_0:                 episode reward: -0.5500,                 loss: 0.0146
second_0:                 episode reward: 0.5500,                 loss: 0.0220
Episode: 4001, avg. length 2045.0
first_0:                 episode reward: 0.3000,                 loss: 0.0146
second_0:                 episode reward: -0.3000,                 loss: 0.0188
Episode: 4021, avg. length 2045.0
first_0:                 episode reward: 0.9500,                 loss: 0.0148
second_0:                 episode reward: -0.9500,                 loss: 0.0238
Episode: 4041, avg. length 2045.0
first_0:                 episode reward: -0.1500,                 loss: 0.0150
second_0:                 episode reward: 0.1500,                 loss: 0.0444
Episode: 4061, avg. length 2045.0
first_0:                 episode reward: 0.1500,                 loss: 0.0151
second_0:                 episode reward: -0.1500,                 loss: 0.0367
Episode: 4081, avg. length 2045.0
first_0:                 episode reward: 0.3000,                 loss: 0.0150
second_0:                 episode reward: -0.3000,                 loss: 0.0672
Episode: 4101, avg. length 2045.0
first_0:                 episode reward: 1.0500,                 loss: 0.0147
second_0:                 episode reward: -1.0500,                 loss: 0.0668
Episode: 4121, avg. length 2045.0
first_0:                 episode reward: 1.1500,                 loss: 0.0145
second_0:                 episode reward: -1.1500,                 loss: 0.0335
Episode: 4141, avg. length 2045.0
first_0:                 episode reward: -1.8500,                 loss: 0.0144
second_0:                 episode reward: 1.8500,                 loss: 0.0615
Episode: 4161, avg. length 2045.0
first_0:                 episode reward: 0.7000,                 loss: 0.0145
second_0:                 episode reward: -0.7000,                 loss: 0.0753
Episode: 4181, avg. length 2045.0
first_0:                 episode reward: -0.8500,                 loss: 0.0145
second_0:                 episode reward: 0.8500,                 loss: 0.0552
Episode: 4201, avg. length 2045.0
first_0:                 episode reward: 0.5000,                 loss: 0.0145
second_0:                 episode reward: -0.5000,                 loss: 0.0809
Episode: 4221, avg. length 2045.0
first_0:                 episode reward: 0.5000,                 loss: 0.0142
second_0:                 episode reward: -0.5000,                 loss: 0.0655
Episode: 4241, avg. length 2045.0
first_0:                 episode reward: 1.9500,                 loss: 0.0137
second_0:                 episode reward: -1.9500,                 loss: 0.0301
Episode: 4261, avg. length 2045.0
first_0:                 episode reward: 1.3000,                 loss: 0.0132
second_0:                 episode reward: -1.3000,                 loss: 0.0380
Episode: 4281, avg. length 2045.0
first_0:                 episode reward: 0.3500,                 loss: 0.0129
second_0:                 episode reward: -0.3500,                 loss: 0.0237
Episode: 4301, avg. length 2045.0
first_0:                 episode reward: -0.8000,                 loss: 0.0133
second_0:                 episode reward: 0.8000,                 loss: 0.0513
Episode: 4321, avg. length 2045.0
first_0:                 episode reward: -0.1500,                 loss: 0.0136
second_0:                 episode reward: 0.1500,                 loss: 0.0617
Episode: 4341, avg. length 2045.0
first_0:                 episode reward: -0.5500,                 loss: 0.0137
second_0:                 episode reward: 0.5500,                 loss: 0.0435
Episode: 4361, avg. length 2045.0
first_0:                 episode reward: -1.0000,                 loss: 0.0137
second_0:                 episode reward: 1.0000,                 loss: 0.0238
Episode: 4381, avg. length 2045.0
first_0:                 episode reward: 0.9500,                 loss: 0.0141
second_0:                 episode reward: -0.9500,                 loss: 0.0564
Episode: 4401, avg. length 2045.0
first_0:                 episode reward: 1.6000,                 loss: 0.0142
second_0:                 episode reward: -1.6000,                 loss: 0.0792
Episode: 4421, avg. length 2045.0
first_0:                 episode reward: 0.5500,                 loss: 0.0141
second_0:                 episode reward: -0.5500,                 loss: 0.0838
Episode: 4441, avg. length 2045.0
first_0:                 episode reward: 0.1000,                 loss: 0.0140
second_0:                 episode reward: -0.1000,                 loss: 0.0812
Episode: 4461, avg. length 2045.0
first_0:                 episode reward: -0.8500,                 loss: 0.0143
second_0:                 episode reward: 0.8500,                 loss: 0.0778
Episode: 4481, avg. length 2045.0
first_0:                 episode reward: -0.5000,                 loss: 0.0145
second_0:                 episode reward: 0.5000,                 loss: 0.0532
Episode: 4501, avg. length 2045.0
first_0:                 episode reward: 0.6000,                 loss: 0.0147
second_0:                 episode reward: -0.6000,                 loss: 0.0215
Episode: 4521, avg. length 2045.0
first_0:                 episode reward: -0.2500,                 loss: 0.0150
second_0:                 episode reward: 0.2500,                 loss: 0.0279
Episode: 4541, avg. length 2045.0
first_0:                 episode reward: 1.8000,                 loss: 0.0152
second_0:                 episode reward: -1.8000,                 loss: 0.0650
Episode: 4561, avg. length 2045.0
first_0:                 episode reward: 1.3000,                 loss: 0.0150
second_0:                 episode reward: -1.3000,                 loss: 0.0707
Episode: 4581, avg. length 2045.0
first_0:                 episode reward: 1.2500,                 loss: 0.0153
second_0:                 episode reward: -1.2500,                 loss: 0.0706
Episode: 4601, avg. length 2045.0
first_0:                 episode reward: 1.7000,                 loss: 0.0151
second_0:                 episode reward: -1.7000,                 loss: 0.0691
Episode: 4621, avg. length 2045.0
first_0:                 episode reward: -0.1500,                 loss: 0.0149
second_0:                 episode reward: 0.1500,                 loss: 0.0669
Episode: 4641, avg. length 2045.0
first_0:                 episode reward: 0.8000,                 loss: 0.0148
second_0:                 episode reward: -0.8000,                 loss: 0.0649
Episode: 4661, avg. length 2045.0
first_0:                 episode reward: 2.4500,                 loss: 0.0149
second_0:                 episode reward: -2.4500,                 loss: 0.0410
Episode: 4681, avg. length 2045.0
first_0:                 episode reward: 1.6000,                 loss: 0.0151
second_0:                 episode reward: -1.6000,                 loss: 0.0576
Episode: 4701, avg. length 2045.0
first_0:                 episode reward: 0.2500,                 loss: 0.0159
second_0:                 episode reward: -0.2500,                 loss: 0.0796
Episode: 4721, avg. length 2045.0
first_0:                 episode reward: -0.1000,                 loss: 0.0164
second_0:                 episode reward: 0.1000,                 loss: 0.0791
Episode: 4741, avg. length 2045.0
first_0:                 episode reward: 0.2000,                 loss: 0.0163
second_0:                 episode reward: -0.2000,                 loss: 0.0657
Episode: 4761, avg. length 2045.0
first_0:                 episode reward: -0.1000,                 loss: 0.0158
second_0:                 episode reward: 0.1000,                 loss: 0.0505
Episode: 4781, avg. length 2045.0
first_0:                 episode reward: 2.0000,                 loss: 0.0153
second_0:                 episode reward: -2.0000,                 loss: 0.0843
Episode: 4801, avg. length 2045.0
first_0:                 episode reward: 0.4000,                 loss: 0.0153
second_0:                 episode reward: -0.4000,                 loss: 0.0276
Episode: 4821, avg. length 2045.0
first_0:                 episode reward: 0.5500,                 loss: 0.0158
second_0:                 episode reward: -0.5500,                 loss: 0.0420
Episode: 4841, avg. length 2045.0
first_0:                 episode reward: -1.5500,                 loss: 0.0163
second_0:                 episode reward: 1.5500,                 loss: 0.0743
Episode: 4861, avg. length 2045.0
first_0:                 episode reward: -0.0500,                 loss: 0.0164
second_0:                 episode reward: 0.0500,                 loss: 0.0793
Episode: 4881, avg. length 2045.0
first_0:                 episode reward: 0.4000,                 loss: 0.0171
second_0:                 episode reward: -0.4000,                 loss: 0.0663
Episode: 4901, avg. length 2045.0
first_0:                 episode reward: 0.1500,                 loss: 0.0163
second_0:                 episode reward: -0.1500,                 loss: 0.0575
Episode: 4921, avg. length 2045.0
first_0:                 episode reward: 1.2000,                 loss: 0.0154
second_0:                 episode reward: -1.2000,                 loss: 0.0827
Episode: 4941, avg. length 2045.0
first_0:                 episode reward: -1.2500,                 loss: 0.0153
second_0:                 episode reward: 1.2500,                 loss: 0.0732
Episode: 4961, avg. length 2045.0
first_0:                 episode reward: 0.2000,                 loss: 0.0160
second_0:                 episode reward: -0.2000,                 loss: 0.0684
Episode: 4981, avg. length 2045.0
first_0:                 episode reward: -2.2000,                 loss: 0.0162
second_0:                 episode reward: 2.2000,                 loss: 0.0701
Episode: 5001, avg. length 2045.0
first_0:                 episode reward: -1.5000,                 loss: 0.0159
second_0:                 episode reward: 1.5000,                 loss: 0.0634
Episode: 5021, avg. length 2045.0
first_0:                 episode reward: 0.2500,                 loss: 0.0161
second_0:                 episode reward: -0.2500,                 loss: 0.0534
Episode: 5041, avg. length 2045.0
first_0:                 episode reward: 1.2000,                 loss: 0.0158
second_0:                 episode reward: -1.2000,                 loss: 0.0756
Episode: 5061, avg. length 2045.0
first_0:                 episode reward: -1.1500,                 loss: 0.0153
second_0:                 episode reward: 1.1500,                 loss: 0.0713
Episode: 5081, avg. length 2045.0
first_0:                 episode reward: -0.2500,                 loss: 0.0152
second_0:                 episode reward: 0.2500,                 loss: 0.0730
Episode: 5101, avg. length 2045.0
first_0:                 episode reward: 0.6500,                 loss: 0.0155
second_0:                 episode reward: -0.6500,                 loss: 0.0767
Episode: 5121, avg. length 2045.0
first_0:                 episode reward: -1.4500,                 loss: 0.0155
second_0:                 episode reward: 1.4500,                 loss: 0.0783
Episode: 5141, avg. length 2045.0
first_0:                 episode reward: -2.0000,                 loss: 0.0152
second_0:                 episode reward: 2.0000,                 loss: 0.0778
Episode: 5161, avg. length 2045.0
first_0:                 episode reward: -1.2000,                 loss: 0.0151
second_0:                 episode reward: 1.2000,                 loss: 0.0783
Episode: 5181, avg. length 2045.0
first_0:                 episode reward: -1.4500,                 loss: 0.0148
second_0:                 episode reward: 1.4500,                 loss: 0.0776
Episode: 5201, avg. length 2045.0
first_0:                 episode reward: -1.4500,                 loss: 0.0145
second_0:                 episode reward: 1.4500,                 loss: 0.0772
Episode: 5221, avg. length 2045.0
first_0:                 episode reward: -1.6500,                 loss: 0.0143
second_0:                 episode reward: 1.6500,                 loss: 0.0757
Episode: 5241, avg. length 2045.0
first_0:                 episode reward: -1.8500,                 loss: 0.0145
second_0:                 episode reward: 1.8500,                 loss: 0.0768
Episode: 5261, avg. length 2045.0
first_0:                 episode reward: -3.5000,                 loss: 0.0146
second_0:                 episode reward: 3.5000,                 loss: 0.0714
Episode: 5281, avg. length 2045.0
first_0:                 episode reward: -2.3500,                 loss: 0.0148
second_0:                 episode reward: 2.3500,                 loss: 0.0263
Episode: 5301, avg. length 2045.0
first_0:                 episode reward: -0.4000,                 loss: 0.0149
second_0:                 episode reward: 0.4000,                 loss: 0.0661
Episode: 5321, avg. length 2045.0
first_0:                 episode reward: 0.0500,                 loss: 0.0144
second_0:                 episode reward: -0.0500,                 loss: 0.0724
Episode: 5341, avg. length 2045.0
first_0:                 episode reward: -1.8500,                 loss: 0.0141
second_0:                 episode reward: 1.8500,                 loss: 0.0599
Episode: 5361, avg. length 2045.0
first_0:                 episode reward: -0.9000,                 loss: 0.0144
second_0:                 episode reward: 0.9000,                 loss: 0.0299
Episode: 5381, avg. length 2045.0
first_0:                 episode reward: -0.5000,                 loss: 0.0145
second_0:                 episode reward: 0.5000,                 loss: 0.0487
Episode: 5401, avg. length 2045.0
first_0:                 episode reward: 1.6500,                 loss: 0.0145
second_0:                 episode reward: -1.6500,                 loss: 0.0756
Episode: 5421, avg. length 2045.0
first_0:                 episode reward: 0.2500,                 loss: 0.0139
second_0:                 episode reward: -0.2500,                 loss: 0.0824
Episode: 5441, avg. length 2045.0
first_0:                 episode reward: 0.7500,                 loss: 0.0139
second_0:                 episode reward: -0.7500,                 loss: 0.0874
Episode: 5461, avg. length 2045.0
first_0:                 episode reward: 1.2500,                 loss: 0.0142
second_0:                 episode reward: -1.2500,                 loss: 0.0846
Episode: 5481, avg. length 2045.0
first_0:                 episode reward: 0.6000,                 loss: 0.0143
second_0:                 episode reward: -0.6000,                 loss: 0.0867
Episode: 5501, avg. length 2045.0
first_0:                 episode reward: -0.9500,                 loss: 0.0143
second_0:                 episode reward: 0.9500,                 loss: 0.0420
Episode: 5521, avg. length 2045.0
first_0:                 episode reward: 0.7000,                 loss: 0.0139
second_0:                 episode reward: -0.7000,                 loss: 0.0329
Episode: 5541, avg. length 2045.0
first_0:                 episode reward: 1.0500,                 loss: 0.0138
second_0:                 episode reward: -1.0500,                 loss: 0.0673
Episode: 5561, avg. length 2045.0
first_0:                 episode reward: 4.1500,                 loss: 0.0135
second_0:                 episode reward: -4.1500,                 loss: 0.0621
Episode: 5581, avg. length 2045.0
first_0:                 episode reward: 3.3500,                 loss: 0.0131
second_0:                 episode reward: -3.3500,                 loss: 0.0550
Episode: 5601, avg. length 2045.0
first_0:                 episode reward: 5.0500,                 loss: 0.0133
second_0:                 episode reward: -5.0500,                 loss: 0.0499
Episode: 5621, avg. length 2045.0
first_0:                 episode reward: 4.6000,                 loss: 0.0137
second_0:                 episode reward: -4.6000,                 loss: 0.0485
Episode: 5641, avg. length 2045.0
first_0:                 episode reward: 5.4500,                 loss: 0.0138
second_0:                 episode reward: -5.4500,                 loss: 0.0476
Episode: 5661, avg. length 2045.0
first_0:                 episode reward: 3.3500,                 loss: 0.0131
second_0:                 episode reward: -3.3500,                 loss: 0.0472
Episode: 5681, avg. length 2045.0
first_0:                 episode reward: 3.8500,                 loss: 0.0129
second_0:                 episode reward: -3.8500,                 loss: 0.0483
Episode: 5701, avg. length 2045.0
first_0:                 episode reward: 3.5500,                 loss: 0.0128
second_0:                 episode reward: -3.5500,                 loss: 0.0479
Episode: 5721, avg. length 2045.0
first_0:                 episode reward: 3.1500,                 loss: 0.0125
second_0:                 episode reward: -3.1500,                 loss: 0.0489
Episode: 5741, avg. length 2045.0
first_0:                 episode reward: 3.7500,                 loss: 0.0127
second_0:                 episode reward: -3.7500,                 loss: 0.0504
Episode: 5761, avg. length 2045.0
first_0:                 episode reward: 3.1500,                 loss: 0.0127
second_0:                 episode reward: -3.1500,                 loss: 0.0510
Episode: 5781, avg. length 2045.0
first_0:                 episode reward: 3.1500,                 loss: 0.0126
second_0:                 episode reward: -3.1500,                 loss: 0.0515
Episode: 5801, avg. length 2045.0
first_0:                 episode reward: 4.3500,                 loss: 0.0128
second_0:                 episode reward: -4.3500,                 loss: 0.0524
Episode: 5821, avg. length 2045.0
first_0:                 episode reward: 4.2500,                 loss: 0.0129
second_0:                 episode reward: -4.2500,                 loss: 0.0519
Episode: 5841, avg. length 2045.0
first_0:                 episode reward: 4.0000,                 loss: 0.0132
second_0:                 episode reward: -4.0000,                 loss: 0.0534