pygame 2.0.0 (SDL 2.0.12, python 3.7.10)
Hello from the pygame community. https://www.pygame.org/contribute.html
SlimeVolley-v0 slimevolley
Load SlimeVolley-v0 environment in type slimevolley.
Env observation space: Box(-3.4028234663852886e+38, 3.4028234663852886e+38, (12,), float32) action space: Discrete(6)
random seed: 66
<env.wrappers.mars_wrappers.Dict2TupleWrapper object at 0x7fdfd4b90fd0>
No agent are not learnable.
Arguments:  {'env_name': 'SlimeVolley-v0', 'env_type': 'slimevolley', 'num_envs': 1, 'ram': True, 'seed': 'random', 'against_baseline': False, 'algorithm': 'NashDQN', 'algorithm_spec': {'episodic_update': False, 'dueling': False, 'replay_buffer_size': '1e5', 'gamma': 0.99, 'multi_step': 1, 'target_update_interval': 1000, 'eps_start': 1.0, 'eps_final': 0.01, 'eps_decay': 30000, 'exploiter_update_itr': 1}, 'batch_size': 32, 'max_episodes': 30000, 'max_steps_per_episode': 10000, 'train_start_frame': 0, 'optimizer': 'adam', 'learning_rate': '1e-4', 'device': 'gpu', 'update_itr': 1, 'log_avg_window': 10, 'log_interval': 10, 'render': False, 'test': False, 'exploit': False, 'load_model_idx': False, 'load_model_full_path': False, 'save_path': '', 'save_interval': 2000, 'net_architecture': {'hidden_dim_list': [64, 64, 64], 'hidden_activation': 'Tanh', 'output_activation': False}, 'marl_method': 'nash', 'marl_spec': {}}
Episode: 1, avg. length 558.0
first_0:                 episode reward: 3.0000,                 loss: 0.0027
second_0:                 episode reward: -3.0000,                 loss: 0.0042
Episode: 11, avg. length 592.3
first_0:                 episode reward: -0.7000,                 loss: 0.0043
second_0:                 episode reward: 0.7000,                 loss: 0.0045
Episode: 21, avg. length 629.5
first_0:                 episode reward: -0.3000,                 loss: 0.0052
second_0:                 episode reward: 0.3000,                 loss: 0.0050
Episode: 31, avg. length 654.0
first_0:                 episode reward: 0.8000,                 loss: 0.0070
second_0:                 episode reward: -0.8000,                 loss: 0.0064
Episode: 41, avg. length 639.6
first_0:                 episode reward: 0.3000,                 loss: 0.0088
second_0:                 episode reward: -0.3000,                 loss: 0.0086
Episode: 51, avg. length 635.7
first_0:                 episode reward: 0.7000,                 loss: 0.0091
second_0:                 episode reward: -0.7000,                 loss: 0.0098
Episode: 61, avg. length 627.9
first_0:                 episode reward: -0.7000,                 loss: 0.0098
second_0:                 episode reward: 0.7000,                 loss: 0.0104
Episode: 71, avg. length 653.7
first_0:                 episode reward: -1.5000,                 loss: 0.0101
second_0:                 episode reward: 1.5000,                 loss: 0.0106
Episode: 81, avg. length 589.9
first_0:                 episode reward: -0.1000,                 loss: 0.0100
second_0:                 episode reward: 0.1000,                 loss: 0.0102
Episode: 91, avg. length 668.2
first_0:                 episode reward: 0.2000,                 loss: 0.0099
second_0:                 episode reward: -0.2000,                 loss: 0.0102
Episode: 101, avg. length 703.9
first_0:                 episode reward: 0.0000,                 loss: 0.0102
second_0:                 episode reward: 0.0000,                 loss: 0.0105
Episode: 111, avg. length 626.5
first_0:                 episode reward: -1.4000,                 loss: 0.0104
second_0:                 episode reward: 1.4000,                 loss: 0.0105
Episode: 121, avg. length 687.8
first_0:                 episode reward: -0.3000,                 loss: 0.0107
second_0:                 episode reward: 0.3000,                 loss: 0.0106
Episode: 131, avg. length 657.9
first_0:                 episode reward: 0.0000,                 loss: 0.0105
second_0:                 episode reward: 0.0000,                 loss: 0.0105
Episode: 141, avg. length 638.1
first_0:                 episode reward: -0.8000,                 loss: 0.0111
second_0:                 episode reward: 0.8000,                 loss: 0.0110
Episode: 151, avg. length 660.1
first_0:                 episode reward: 0.2000,                 loss: 0.0116
second_0:                 episode reward: -0.2000,                 loss: 0.0109
Episode: 161, avg. length 582.6
first_0:                 episode reward: 0.0000,                 loss: 0.0118
second_0:                 episode reward: 0.0000,                 loss: 0.0113
Episode: 171, avg. length 593.1
first_0:                 episode reward: -0.3000,                 loss: 0.0117
second_0:                 episode reward: 0.3000,                 loss: 0.0120
Episode: 181, avg. length 622.7
first_0:                 episode reward: 0.9000,                 loss: 0.0120
second_0:                 episode reward: -0.9000,                 loss: 0.0128
Episode: 191, avg. length 716.3
first_0:                 episode reward: -0.1000,                 loss: 0.0120
second_0:                 episode reward: 0.1000,                 loss: 0.0119
Episode: 201, avg. length 579.4
first_0:                 episode reward: 0.6000,                 loss: 0.0119
second_0:                 episode reward: -0.6000,                 loss: 0.0119
Episode: 211, avg. length 697.0
first_0:                 episode reward: 0.6000,                 loss: 0.0120
second_0:                 episode reward: -0.6000,                 loss: 0.0117
Episode: 221, avg. length 564.2
first_0:                 episode reward: 0.6000,                 loss: 0.0118
second_0:                 episode reward: -0.6000,                 loss: 0.0113
Episode: 231, avg. length 595.6
first_0:                 episode reward: 0.9000,                 loss: 0.0115
second_0:                 episode reward: -0.9000,                 loss: 0.0111
Episode: 241, avg. length 619.8
first_0:                 episode reward: 0.8000,                 loss: 0.0119
second_0:                 episode reward: -0.8000,                 loss: 0.0117
Episode: 251, avg. length 643.9
first_0:                 episode reward: 1.0000,                 loss: 0.0115
second_0:                 episode reward: -1.0000,                 loss: 0.0120
Episode: 261, avg. length 627.5
first_0:                 episode reward: 0.5000,                 loss: 0.0115
second_0:                 episode reward: -0.5000,                 loss: 0.0122
Episode: 271, avg. length 681.0
first_0:                 episode reward: 0.3000,                 loss: 0.0114
second_0:                 episode reward: -0.3000,                 loss: 0.0116
Episode: 281, avg. length 631.1
first_0:                 episode reward: -0.1000,                 loss: 0.0113
second_0:                 episode reward: 0.1000,                 loss: 0.0127
Episode: 291, avg. length 677.0
first_0:                 episode reward: -1.0000,                 loss: 0.0125
second_0:                 episode reward: 1.0000,                 loss: 0.0124
Episode: 301, avg. length 679.4
first_0:                 episode reward: 0.3000,                 loss: 0.0123
second_0:                 episode reward: -0.3000,                 loss: 0.0117
Episode: 311, avg. length 608.7
first_0:                 episode reward: -0.2000,                 loss: 0.0129
second_0:                 episode reward: 0.2000,                 loss: 0.0119
Episode: 321, avg. length 677.7
first_0:                 episode reward: -0.8000,                 loss: 0.0126
second_0:                 episode reward: 0.8000,                 loss: 0.0120
Episode: 331, avg. length 675.1
first_0:                 episode reward: -0.1000,                 loss: 0.0123
second_0:                 episode reward: 0.1000,                 loss: 0.0127
Episode: 341, avg. length 611.6
first_0:                 episode reward: 0.2000,                 loss: 0.0121
second_0:                 episode reward: -0.2000,                 loss: 0.0121
Episode: 351, avg. length 618.3
first_0:                 episode reward: -0.9000,                 loss: 0.0116
second_0:                 episode reward: 0.9000,                 loss: 0.0113
Episode: 361, avg. length 641.1
first_0:                 episode reward: 0.3000,                 loss: 0.0114
second_0:                 episode reward: -0.3000,                 loss: 0.0116
Episode: 371, avg. length 657.2
first_0:                 episode reward: 0.1000,                 loss: 0.0114
second_0:                 episode reward: -0.1000,                 loss: 0.0117
Episode: 381, avg. length 647.3
first_0:                 episode reward: -0.6000,                 loss: 0.0116
second_0:                 episode reward: 0.6000,                 loss: 0.0119
Episode: 391, avg. length 654.4
first_0:                 episode reward: -1.1000,                 loss: 0.0117
second_0:                 episode reward: 1.1000,                 loss: 0.0121
Episode: 401, avg. length 658.8
first_0:                 episode reward: -0.8000,                 loss: 0.0120
second_0:                 episode reward: 0.8000,                 loss: 0.0117
Episode: 411, avg. length 592.3
first_0:                 episode reward: -0.4000,                 loss: 0.0112
second_0:                 episode reward: 0.4000,                 loss: 0.0111
Episode: 421, avg. length 655.4
first_0:                 episode reward: -0.5000,                 loss: 0.0108
second_0:                 episode reward: 0.5000,                 loss: 0.0115
Episode: 431, avg. length 609.5
first_0:                 episode reward: 0.6000,                 loss: 0.0110
second_0:                 episode reward: -0.6000,                 loss: 0.0114
Episode: 441, avg. length 646.7
first_0:                 episode reward: -0.8000,                 loss: 0.0117
second_0:                 episode reward: 0.8000,                 loss: 0.0115
Episode: 451, avg. length 627.6
first_0:                 episode reward: -1.8000,                 loss: 0.0112
second_0:                 episode reward: 1.8000,                 loss: 0.0116
Episode: 461, avg. length 619.2
first_0:                 episode reward: -1.5000,                 loss: 0.0111
second_0:                 episode reward: 1.5000,                 loss: 0.0117
Episode: 471, avg. length 645.6
first_0:                 episode reward: 2.0000,                 loss: 0.0111
second_0:                 episode reward: -2.0000,                 loss: 0.0114
Episode: 481, avg. length 653.4
first_0:                 episode reward: -1.1000,                 loss: 0.0116
second_0:                 episode reward: 1.1000,                 loss: 0.0110
Episode: 491, avg. length 716.3
first_0:                 episode reward: -1.3000,                 loss: 0.0117
second_0:                 episode reward: 1.3000,                 loss: 0.0115
Episode: 501, avg. length 641.9
first_0:                 episode reward: -0.6000,                 loss: 0.0115
second_0:                 episode reward: 0.6000,                 loss: 0.0116
Episode: 511, avg. length 650.9
first_0:                 episode reward: 0.7000,                 loss: 0.0117
second_0:                 episode reward: -0.7000,                 loss: 0.0110
Episode: 521, avg. length 685.0
first_0:                 episode reward: -0.3000,                 loss: 0.0116
second_0:                 episode reward: 0.3000,                 loss: 0.0114
Episode: 531, avg. length 603.1
first_0:                 episode reward: -1.0000,                 loss: 0.0107
second_0:                 episode reward: 1.0000,                 loss: 0.0114
Episode: 541, avg. length 668.6
first_0:                 episode reward: 0.8000,                 loss: 0.0110
second_0:                 episode reward: -0.8000,                 loss: 0.0121
Episode: 551, avg. length 664.4
first_0:                 episode reward: -0.2000,                 loss: 0.0116
second_0:                 episode reward: 0.2000,                 loss: 0.0117
Episode: 561, avg. length 658.1
first_0:                 episode reward: 0.5000,                 loss: 0.0113
second_0:                 episode reward: -0.5000,                 loss: 0.0114
Episode: 571, avg. length 686.1
first_0:                 episode reward: -0.2000,                 loss: 0.0117
second_0:                 episode reward: 0.2000,                 loss: 0.0110
Episode: 581, avg. length 591.4
first_0:                 episode reward: 0.4000,                 loss: 0.0115
second_0:                 episode reward: -0.4000,                 loss: 0.0114
Episode: 591, avg. length 644.4
first_0:                 episode reward: -1.1000,                 loss: 0.0113
second_0:                 episode reward: 1.1000,                 loss: 0.0113
Episode: 601, avg. length 721.2
first_0:                 episode reward: 0.6000,                 loss: 0.0110
second_0:                 episode reward: -0.6000,                 loss: 0.0114
Episode: 611, avg. length 665.9
first_0:                 episode reward: 0.6000,                 loss: 0.0112
second_0:                 episode reward: -0.6000,                 loss: 0.0112
Episode: 621, avg. length 671.2
first_0:                 episode reward: -0.8000,                 loss: 0.0111
second_0:                 episode reward: 0.8000,                 loss: 0.0108
Episode: 631, avg. length 696.6
first_0:                 episode reward: -0.6000,                 loss: 0.0113
second_0:                 episode reward: 0.6000,                 loss: 0.0113
Episode: 641, avg. length 704.1
first_0:                 episode reward: 0.0000,                 loss: 0.0112
second_0:                 episode reward: 0.0000,                 loss: 0.0116
Episode: 651, avg. length 626.7
first_0:                 episode reward: 0.4000,                 loss: 0.0108
second_0:                 episode reward: -0.4000,                 loss: 0.0115
Episode: 661, avg. length 618.9
first_0:                 episode reward: 0.1000,                 loss: 0.0110
second_0:                 episode reward: -0.1000,                 loss: 0.0107
Episode: 671, avg. length 627.9
first_0:                 episode reward: 1.0000,                 loss: 0.0110
second_0:                 episode reward: -1.0000,                 loss: 0.0112
Episode: 681, avg. length 642.8
first_0:                 episode reward: -0.4000,                 loss: 0.0112
second_0:                 episode reward: 0.4000,                 loss: 0.0116
Episode: 691, avg. length 630.7
first_0:                 episode reward: -0.9000,                 loss: 0.0111
second_0:                 episode reward: 0.9000,                 loss: 0.0118
Episode: 701, avg. length 656.0
first_0:                 episode reward: 0.1000,                 loss: 0.0112
second_0:                 episode reward: -0.1000,                 loss: 0.0113
Episode: 711, avg. length 592.9
first_0:                 episode reward: -1.1000,                 loss: 0.0113
second_0:                 episode reward: 1.1000,                 loss: 0.0120
Episode: 721, avg. length 717.1
first_0:                 episode reward: -0.9000,                 loss: 0.0115
second_0:                 episode reward: 0.9000,                 loss: 0.0117
Episode: 731, avg. length 671.8
first_0:                 episode reward: 0.7000,                 loss: 0.0114
second_0:                 episode reward: -0.7000,                 loss: 0.0120
Episode: 741, avg. length 670.9
first_0:                 episode reward: 0.4000,                 loss: 0.0107
second_0:                 episode reward: -0.4000,                 loss: 0.0120
Episode: 751, avg. length 664.9
first_0:                 episode reward: -1.0000,                 loss: 0.0110
second_0:                 episode reward: 1.0000,                 loss: 0.0120
Episode: 761, avg. length 666.5
first_0:                 episode reward: -0.1000,                 loss: 0.0113
second_0:                 episode reward: 0.1000,                 loss: 0.0117
Episode: 771, avg. length 567.8
first_0:                 episode reward: -0.1000,                 loss: 0.0110
second_0:                 episode reward: 0.1000,                 loss: 0.0118
Episode: 781, avg. length 599.1
first_0:                 episode reward: -2.2000,                 loss: 0.0108
second_0:                 episode reward: 2.2000,                 loss: 0.0115
Episode: 791, avg. length 597.6
first_0:                 episode reward: -1.7000,                 loss: 0.0107
second_0:                 episode reward: 1.7000,                 loss: 0.0122
Episode: 801, avg. length 628.5
first_0:                 episode reward: -0.7000,                 loss: 0.0107
second_0:                 episode reward: 0.7000,                 loss: 0.0114
Episode: 811, avg. length 645.0
first_0:                 episode reward: -0.1000,                 loss: 0.0106
second_0:                 episode reward: 0.1000,                 loss: 0.0114
Episode: 821, avg. length 667.2
first_0:                 episode reward: 0.7000,                 loss: 0.0106
second_0:                 episode reward: -0.7000,                 loss: 0.0113
Episode: 831, avg. length 696.3
first_0:                 episode reward: 0.1000,                 loss: 0.0106
second_0:                 episode reward: -0.1000,                 loss: 0.0112
Episode: 841, avg. length 700.7
first_0:                 episode reward: 1.7000,                 loss: 0.0102
second_0:                 episode reward: -1.7000,                 loss: 0.0106
Episode: 851, avg. length 686.7
first_0:                 episode reward: -0.5000,                 loss: 0.0104
second_0:                 episode reward: 0.5000,                 loss: 0.0110
Episode: 861, avg. length 635.6
first_0:                 episode reward: -1.4000,                 loss: 0.0104
second_0:                 episode reward: 1.4000,                 loss: 0.0114
Episode: 871, avg. length 609.4
first_0:                 episode reward: -2.4000,                 loss: 0.0102
second_0:                 episode reward: 2.4000,                 loss: 0.0112
Episode: 881, avg. length 645.0
first_0:                 episode reward: 0.9000,                 loss: 0.0097
second_0:                 episode reward: -0.9000,                 loss: 0.0108
Episode: 891, avg. length 626.3
first_0:                 episode reward: 0.6000,                 loss: 0.0092
second_0:                 episode reward: -0.6000,                 loss: 0.0103
Episode: 901, avg. length 633.7
first_0:                 episode reward: 0.0000,                 loss: 0.0097
second_0:                 episode reward: 0.0000,                 loss: 0.0104
Episode: 911, avg. length 650.5
first_0:                 episode reward: 0.3000,                 loss: 0.0093
second_0:                 episode reward: -0.3000,                 loss: 0.0103
Episode: 921, avg. length 699.7
first_0:                 episode reward: -0.2000,                 loss: 0.0097
second_0:                 episode reward: 0.2000,                 loss: 0.0105
Episode: 931, avg. length 643.1
first_0:                 episode reward: -0.9000,                 loss: 0.0096
second_0:                 episode reward: 0.9000,                 loss: 0.0111
Episode: 941, avg. length 648.2
first_0:                 episode reward: -0.4000,                 loss: 0.0093
second_0:                 episode reward: 0.4000,                 loss: 0.0103
Episode: 951, avg. length 619.8
first_0:                 episode reward: 1.7000,                 loss: 0.0095
second_0:                 episode reward: -1.7000,                 loss: 0.0107
Episode: 961, avg. length 757.4
first_0:                 episode reward: -0.1000,                 loss: 0.0096
second_0:                 episode reward: 0.1000,                 loss: 0.0104
Episode: 971, avg. length 633.5
first_0:                 episode reward: 0.6000,                 loss: 0.0095
second_0:                 episode reward: -0.6000,                 loss: 0.0107
Episode: 981, avg. length 695.5
first_0:                 episode reward: -0.7000,                 loss: 0.0097
second_0:                 episode reward: 0.7000,                 loss: 0.0104
Episode: 991, avg. length 584.4
first_0:                 episode reward: -0.5000,                 loss: 0.0099
second_0:                 episode reward: 0.5000,                 loss: 0.0104
Episode: 1001, avg. length 598.5
first_0:                 episode reward: 0.6000,                 loss: 0.0095
second_0:                 episode reward: -0.6000,                 loss: 0.0103
Episode: 1011, avg. length 666.3
first_0:                 episode reward: 0.9000,                 loss: 0.0091
second_0:                 episode reward: -0.9000,                 loss: 0.0101
Episode: 1021, avg. length 605.9
first_0:                 episode reward: -0.8000,                 loss: 0.0093
second_0:                 episode reward: 0.8000,                 loss: 0.0099
Episode: 1031, avg. length 581.5
first_0:                 episode reward: -1.5000,                 loss: 0.0092
second_0:                 episode reward: 1.5000,                 loss: 0.0102
Episode: 1041, avg. length 693.5
first_0:                 episode reward: -0.9000,                 loss: 0.0090
second_0:                 episode reward: 0.9000,                 loss: 0.0103
Episode: 1051, avg. length 641.6
first_0:                 episode reward: -0.5000,                 loss: 0.0093
second_0:                 episode reward: 0.5000,                 loss: 0.0100
Episode: 1061, avg. length 635.3
first_0:                 episode reward: -2.2000,                 loss: 0.0097
second_0:                 episode reward: 2.2000,                 loss: 0.0101
Episode: 1071, avg. length 731.3
first_0:                 episode reward: 0.6000,                 loss: 0.0100
second_0:                 episode reward: -0.6000,                 loss: 0.0100
Episode: 1081, avg. length 610.7
first_0:                 episode reward: -0.9000,                 loss: 0.0096
second_0:                 episode reward: 0.9000,                 loss: 0.0104
Episode: 1091, avg. length 655.5
first_0:                 episode reward: 0.4000,                 loss: 0.0095
second_0:                 episode reward: -0.4000,                 loss: 0.0104
Episode: 1101, avg. length 687.5
first_0:                 episode reward: 0.1000,                 loss: 0.0099
second_0:                 episode reward: -0.1000,                 loss: 0.0102
Episode: 1111, avg. length 611.9
first_0:                 episode reward: -0.1000,                 loss: 0.0097
second_0:                 episode reward: 0.1000,                 loss: 0.0099
Episode: 1121, avg. length 670.5
first_0:                 episode reward: 0.8000,                 loss: 0.0094
second_0:                 episode reward: -0.8000,                 loss: 0.0100
Episode: 1131, avg. length 721.8
first_0:                 episode reward: 0.4000,                 loss: 0.0098
second_0:                 episode reward: -0.4000,                 loss: 0.0099
Episode: 1141, avg. length 695.6
first_0:                 episode reward: 0.9000,                 loss: 0.0099
second_0:                 episode reward: -0.9000,                 loss: 0.0096
Episode: 1151, avg. length 676.4
first_0:                 episode reward: 0.0000,                 loss: 0.0095
second_0:                 episode reward: 0.0000,                 loss: 0.0106
Episode: 1161, avg. length 687.9
first_0:                 episode reward: 0.2000,                 loss: 0.0098
second_0:                 episode reward: -0.2000,                 loss: 0.0102
Episode: 1171, avg. length 675.2
first_0:                 episode reward: -0.2000,                 loss: 0.0097
second_0:                 episode reward: 0.2000,                 loss: 0.0103
Episode: 1181, avg. length 667.1
first_0:                 episode reward: 0.7000,                 loss: 0.0102
second_0:                 episode reward: -0.7000,                 loss: 0.0105
Episode: 1191, avg. length 706.6
first_0:                 episode reward: -0.7000,                 loss: 0.0104
second_0:                 episode reward: 0.7000,                 loss: 0.0107
Episode: 1201, avg. length 708.1
first_0:                 episode reward: -0.8000,                 loss: 0.0103
second_0:                 episode reward: 0.8000,                 loss: 0.0106
Episode: 1211, avg. length 599.5
first_0:                 episode reward: -1.5000,                 loss: 0.0097
second_0:                 episode reward: 1.5000,                 loss: 0.0106
Episode: 1221, avg. length 606.1
first_0:                 episode reward: 1.0000,                 loss: 0.0098
second_0:                 episode reward: -1.0000,                 loss: 0.0098
Episode: 1231, avg. length 651.8
first_0:                 episode reward: -0.8000,                 loss: 0.0098
second_0:                 episode reward: 0.8000,                 loss: 0.0098
Episode: 1241, avg. length 660.1
first_0:                 episode reward: -0.6000,                 loss: 0.0100
second_0:                 episode reward: 0.6000,                 loss: 0.0101
Episode: 1251, avg. length 685.7
first_0:                 episode reward: -0.8000,                 loss: 0.0098
second_0:                 episode reward: 0.8000,                 loss: 0.0100
Episode: 1261, avg. length 670.2
first_0:                 episode reward: 0.5000,                 loss: 0.0095
second_0:                 episode reward: -0.5000,                 loss: 0.0099
Episode: 1271, avg. length 686.1
first_0:                 episode reward: 0.5000,                 loss: 0.0097
second_0:                 episode reward: -0.5000,                 loss: 0.0097
Episode: 1281, avg. length 647.4
first_0:                 episode reward: -0.5000,                 loss: 0.0100
second_0:                 episode reward: 0.5000,                 loss: 0.0099
Episode: 1291, avg. length 653.5
first_0:                 episode reward: -1.4000,                 loss: 0.0095
second_0:                 episode reward: 1.4000,                 loss: 0.0100
Episode: 1301, avg. length 660.0
first_0:                 episode reward: 1.4000,                 loss: 0.0097
second_0:                 episode reward: -1.4000,                 loss: 0.0104
Episode: 1311, avg. length 675.2
first_0:                 episode reward: 0.0000,                 loss: 0.0099
second_0:                 episode reward: 0.0000,                 loss: 0.0104
Episode: 1321, avg. length 652.6
first_0:                 episode reward: 0.0000,                 loss: 0.0095
second_0:                 episode reward: 0.0000,                 loss: 0.0106
Episode: 1331, avg. length 622.6
first_0:                 episode reward: -1.4000,                 loss: 0.0101
second_0:                 episode reward: 1.4000,                 loss: 0.0103
Episode: 1341, avg. length 630.8
first_0:                 episode reward: 0.3000,                 loss: 0.0102
second_0:                 episode reward: -0.3000,                 loss: 0.0101
Episode: 1351, avg. length 656.4
first_0:                 episode reward: -0.9000,                 loss: 0.0099
second_0:                 episode reward: 0.9000,                 loss: 0.0104
Episode: 1361, avg. length 727.4
first_0:                 episode reward: 1.0000,                 loss: 0.0101
second_0:                 episode reward: -1.0000,                 loss: 0.0107
Episode: 1371, avg. length 623.8
first_0:                 episode reward: -0.5000,                 loss: 0.0103
second_0:                 episode reward: 0.5000,                 loss: 0.0111
Episode: 1381, avg. length 643.4
first_0:                 episode reward: 0.4000,                 loss: 0.0101
second_0:                 episode reward: -0.4000,                 loss: 0.0106
Episode: 1391, avg. length 692.7
first_0:                 episode reward: -0.6000,                 loss: 0.0103
second_0:                 episode reward: 0.6000,                 loss: 0.0104
Episode: 1401, avg. length 714.5
first_0:                 episode reward: 0.7000,                 loss: 0.0098
second_0:                 episode reward: -0.7000,                 loss: 0.0106
Episode: 1411, avg. length 668.4
first_0:                 episode reward: -1.4000,                 loss: 0.0101
second_0:                 episode reward: 1.4000,                 loss: 0.0106
Episode: 1421, avg. length 697.5
first_0:                 episode reward: -0.2000,                 loss: 0.0104
second_0:                 episode reward: 0.2000,                 loss: 0.0106
Episode: 1431, avg. length 633.0
first_0:                 episode reward: -0.5000,                 loss: 0.0104
second_0:                 episode reward: 0.5000,                 loss: 0.0097
Episode: 1441, avg. length 672.9
first_0:                 episode reward: 0.1000,                 loss: 0.0098
second_0:                 episode reward: -0.1000,                 loss: 0.0100
Episode: 1451, avg. length 657.3
first_0:                 episode reward: -0.5000,                 loss: 0.0100
second_0:                 episode reward: 0.5000,                 loss: 0.0099
Episode: 1461, avg. length 641.0
first_0:                 episode reward: 0.6000,                 loss: 0.0094
second_0:                 episode reward: -0.6000,                 loss: 0.0099
Episode: 1471, avg. length 650.0
first_0:                 episode reward: 0.0000,                 loss: 0.0096
second_0:                 episode reward: 0.0000,                 loss: 0.0100
Episode: 1481, avg. length 635.1
first_0:                 episode reward: 1.5000,                 loss: 0.0092
second_0:                 episode reward: -1.5000,                 loss: 0.0101
Episode: 1491, avg. length 649.6
first_0:                 episode reward: 1.4000,                 loss: 0.0095
second_0:                 episode reward: -1.4000,                 loss: 0.0101
Episode: 1501, avg. length 577.3
first_0:                 episode reward: -1.4000,                 loss: 0.0096
second_0:                 episode reward: 1.4000,                 loss: 0.0100
Episode: 1511, avg. length 636.7
first_0:                 episode reward: 0.1000,                 loss: 0.0094
second_0:                 episode reward: -0.1000,                 loss: 0.0097
Episode: 1521, avg. length 617.7
first_0:                 episode reward: -1.5000,                 loss: 0.0093
second_0:                 episode reward: 1.5000,                 loss: 0.0102
Episode: 1531, avg. length 701.9
first_0:                 episode reward: -0.4000,                 loss: 0.0094
second_0:                 episode reward: 0.4000,                 loss: 0.0097
Episode: 1541, avg. length 649.6
first_0:                 episode reward: -0.5000,                 loss: 0.0097
second_0:                 episode reward: 0.5000,                 loss: 0.0100
Episode: 1551, avg. length 650.1
first_0:                 episode reward: 1.5000,                 loss: 0.0096
second_0:                 episode reward: -1.5000,                 loss: 0.0096
Episode: 1561, avg. length 688.5
first_0:                 episode reward: -0.9000,                 loss: 0.0090
second_0:                 episode reward: 0.9000,                 loss: 0.0095
Episode: 1571, avg. length 664.9
first_0:                 episode reward: 0.0000,                 loss: 0.0091
second_0:                 episode reward: 0.0000,                 loss: 0.0096
Episode: 1581, avg. length 597.0
first_0:                 episode reward: -0.1000,                 loss: 0.0092
second_0:                 episode reward: 0.1000,                 loss: 0.0097
Episode: 1591, avg. length 663.9
first_0:                 episode reward: -0.3000,                 loss: 0.0091
second_0:                 episode reward: 0.3000,                 loss: 0.0100
Episode: 1601, avg. length 647.7
first_0:                 episode reward: 0.1000,                 loss: 0.0093
second_0:                 episode reward: -0.1000,                 loss: 0.0102
Episode: 1611, avg. length 603.6
first_0:                 episode reward: 1.8000,                 loss: 0.0095
second_0:                 episode reward: -1.8000,                 loss: 0.0099
Episode: 1621, avg. length 701.9
first_0:                 episode reward: -0.2000,                 loss: 0.0096
second_0:                 episode reward: 0.2000,                 loss: 0.0098
Episode: 1631, avg. length 651.0
first_0:                 episode reward: -1.4000,                 loss: 0.0096
second_0:                 episode reward: 1.4000,                 loss: 0.0097
Episode: 1641, avg. length 653.1
first_0:                 episode reward: 0.6000,                 loss: 0.0094
second_0:                 episode reward: -0.6000,                 loss: 0.0092
Episode: 1651, avg. length 680.3
first_0:                 episode reward: -0.3000,                 loss: 0.0095
second_0:                 episode reward: 0.3000,                 loss: 0.0090
Episode: 1661, avg. length 677.1
first_0:                 episode reward: 0.2000,                 loss: 0.0095
second_0:                 episode reward: -0.2000,                 loss: 0.0092
Episode: 1671, avg. length 667.4
first_0:                 episode reward: -2.0000,                 loss: 0.0095
second_0:                 episode reward: 2.0000,                 loss: 0.0094
Episode: 1681, avg. length 665.7
first_0:                 episode reward: -0.8000,                 loss: 0.0099
second_0:                 episode reward: 0.8000,                 loss: 0.0097
Episode: 1691, avg. length 616.8
first_0:                 episode reward: -0.5000,                 loss: 0.0099
second_0:                 episode reward: 0.5000,                 loss: 0.0099
Episode: 1701, avg. length 625.3
first_0:                 episode reward: -1.1000,                 loss: 0.0103
second_0:                 episode reward: 1.1000,                 loss: 0.0094
Episode: 1711, avg. length 623.5
first_0:                 episode reward: -0.8000,                 loss: 0.0098
second_0:                 episode reward: 0.8000,                 loss: 0.0100
Episode: 1721, avg. length 655.1
first_0:                 episode reward: 0.1000,                 loss: 0.0099
second_0:                 episode reward: -0.1000,                 loss: 0.0107
Episode: 1731, avg. length 670.8
first_0:                 episode reward: -1.3000,                 loss: 0.0102
second_0:                 episode reward: 1.3000,                 loss: 0.0097
Episode: 1741, avg. length 678.2
first_0:                 episode reward: -1.4000,                 loss: 0.0101
second_0:                 episode reward: 1.4000,                 loss: 0.0102
Episode: 1751, avg. length 630.0
first_0:                 episode reward: -1.5000,                 loss: 0.0100
second_0:                 episode reward: 1.5000,                 loss: 0.0108
Episode: 1761, avg. length 657.0
first_0:                 episode reward: 0.4000,                 loss: 0.0099
second_0:                 episode reward: -0.4000,                 loss: 0.0100
Episode: 1771, avg. length 655.4
first_0:                 episode reward: -0.5000,                 loss: 0.0098
second_0:                 episode reward: 0.5000,                 loss: 0.0098
Episode: 1781, avg. length 658.9
first_0:                 episode reward: -1.4000,                 loss: 0.0096
second_0:                 episode reward: 1.4000,                 loss: 0.0099
Episode: 1791, avg. length 675.7
first_0:                 episode reward: -1.8000,                 loss: 0.0098
second_0:                 episode reward: 1.8000,                 loss: 0.0096
Episode: 1801, avg. length 652.0
first_0:                 episode reward: -0.7000,                 loss: 0.0094
second_0:                 episode reward: 0.7000,                 loss: 0.0094
Episode: 1811, avg. length 630.6
first_0:                 episode reward: 0.3000,                 loss: 0.0096
second_0:                 episode reward: -0.3000,                 loss: 0.0095
Episode: 1821, avg. length 674.9
first_0:                 episode reward: -0.7000,                 loss: 0.0096
second_0:                 episode reward: 0.7000,                 loss: 0.0095
Episode: 1831, avg. length 635.2
first_0:                 episode reward: 0.6000,                 loss: 0.0097
second_0:                 episode reward: -0.6000,                 loss: 0.0092
Episode: 1841, avg. length 617.1
first_0:                 episode reward: -0.4000,                 loss: 0.0094
second_0:                 episode reward: 0.4000,                 loss: 0.0090
Episode: 1851, avg. length 648.1
first_0:                 episode reward: -0.1000,                 loss: 0.0094
second_0:                 episode reward: 0.1000,                 loss: 0.0095
Episode: 1861, avg. length 632.6
first_0:                 episode reward: 0.2000,                 loss: 0.0098
second_0:                 episode reward: -0.2000,                 loss: 0.0091
Episode: 1871, avg. length 577.3
first_0:                 episode reward: -0.4000,                 loss: 0.0092
second_0:                 episode reward: 0.4000,                 loss: 0.0096
Episode: 1881, avg. length 686.2
first_0:                 episode reward: 0.3000,                 loss: 0.0092
second_0:                 episode reward: -0.3000,                 loss: 0.0092
Episode: 1891, avg. length 644.9
first_0:                 episode reward: 1.1000,                 loss: 0.0095
second_0:                 episode reward: -1.1000,                 loss: 0.0096
Episode: 1901, avg. length 688.0
first_0:                 episode reward: 0.4000,                 loss: 0.0091
second_0:                 episode reward: -0.4000,                 loss: 0.0097
Episode: 1911, avg. length 662.8
first_0:                 episode reward: 1.4000,                 loss: 0.0092
second_0:                 episode reward: -1.4000,                 loss: 0.0096
Episode: 1921, avg. length 692.9
first_0:                 episode reward: -0.4000,                 loss: 0.0093
second_0:                 episode reward: 0.4000,                 loss: 0.0098
Episode: 1931, avg. length 606.1
first_0:                 episode reward: -0.9000,                 loss: 0.0094
second_0:                 episode reward: 0.9000,                 loss: 0.0094
Episode: 1941, avg. length 678.4
first_0:                 episode reward: 0.1000,                 loss: 0.0092
second_0:                 episode reward: -0.1000,                 loss: 0.0092
Episode: 1951, avg. length 659.8
first_0:                 episode reward: -0.6000,                 loss: 0.0096
second_0:                 episode reward: 0.6000,                 loss: 0.0091
Episode: 1961, avg. length 645.4
first_0:                 episode reward: 0.7000,                 loss: 0.0097
second_0:                 episode reward: -0.7000,                 loss: 0.0094
Episode: 1971, avg. length 675.2
first_0:                 episode reward: -0.3000,                 loss: 0.0098
second_0:                 episode reward: 0.3000,                 loss: 0.0097
Episode: 1981, avg. length 688.8
first_0:                 episode reward: -0.3000,                 loss: 0.0098
second_0:                 episode reward: 0.3000,                 loss: 0.0093
Episode: 1991, avg. length 684.0
first_0:                 episode reward: -0.2000,                 loss: 0.0097
second_0:                 episode reward: 0.2000,                 loss: 0.0092
Episode: 2001, avg. length 641.2
first_0:                 episode reward: -1.1000,                 loss: 0.0095
second_0:                 episode reward: 1.1000,                 loss: 0.0098
Episode: 2011, avg. length 641.0
first_0:                 episode reward: 0.2000,                 loss: 0.0095
second_0:                 episode reward: -0.2000,                 loss: 0.0096
Episode: 2021, avg. length 580.1
first_0:                 episode reward: 3.0000,                 loss: 0.0099
second_0:                 episode reward: -3.0000,                 loss: 0.0100
Episode: 2031, avg. length 646.9
first_0:                 episode reward: -1.0000,                 loss: 0.0095
second_0:                 episode reward: 1.0000,                 loss: 0.0098
Episode: 2041, avg. length 677.1
first_0:                 episode reward: -0.4000,                 loss: 0.0096
second_0:                 episode reward: 0.4000,                 loss: 0.0097
Episode: 2051, avg. length 701.8
first_0:                 episode reward: -0.6000,                 loss: 0.0097
second_0:                 episode reward: 0.6000,                 loss: 0.0091
Episode: 2061, avg. length 614.6
first_0:                 episode reward: 2.0000,                 loss: 0.0099
second_0:                 episode reward: -2.0000,                 loss: 0.0092
Episode: 2071, avg. length 637.7
first_0:                 episode reward: -1.1000,                 loss: 0.0097
second_0:                 episode reward: 1.1000,                 loss: 0.0094
Episode: 2081, avg. length 590.8
first_0:                 episode reward: 0.4000,                 loss: 0.0098
second_0:                 episode reward: -0.4000,                 loss: 0.0093
Episode: 2091, avg. length 645.7
first_0:                 episode reward: -0.7000,                 loss: 0.0098
second_0:                 episode reward: 0.7000,                 loss: 0.0093
Episode: 2101, avg. length 575.0
first_0:                 episode reward: 1.2000,                 loss: 0.0095
second_0:                 episode reward: -1.2000,                 loss: 0.0097
Episode: 2111, avg. length 656.8
first_0:                 episode reward: 0.3000,                 loss: 0.0096
second_0:                 episode reward: -0.3000,                 loss: 0.0094
Episode: 2121, avg. length 673.7
first_0:                 episode reward: -0.3000,                 loss: 0.0096
second_0:                 episode reward: 0.3000,                 loss: 0.0096
Episode: 2131, avg. length 611.4
first_0:                 episode reward: 0.1000,                 loss: 0.0095
second_0:                 episode reward: -0.1000,                 loss: 0.0100
Episode: 2141, avg. length 673.1
first_0:                 episode reward: -0.3000,                 loss: 0.0096
second_0:                 episode reward: 0.3000,                 loss: 0.0096
Episode: 2151, avg. length 572.4
first_0:                 episode reward: -0.7000,                 loss: 0.0095
second_0:                 episode reward: 0.7000,                 loss: 0.0098
Episode: 2161, avg. length 702.1
first_0:                 episode reward: -0.8000,                 loss: 0.0095
second_0:                 episode reward: 0.8000,                 loss: 0.0096
Episode: 2171, avg. length 643.3
first_0:                 episode reward: -0.2000,                 loss: 0.0096
second_0:                 episode reward: 0.2000,                 loss: 0.0099
Episode: 2181, avg. length 571.1
first_0:                 episode reward: 0.1000,                 loss: 0.0097
second_0:                 episode reward: -0.1000,                 loss: 0.0088
Episode: 2191, avg. length 590.8
first_0:                 episode reward: 1.0000,                 loss: 0.0093
second_0:                 episode reward: -1.0000,                 loss: 0.0095
Episode: 2201, avg. length 645.5
first_0:                 episode reward: 0.9000,                 loss: 0.0096
second_0:                 episode reward: -0.9000,                 loss: 0.0090
Episode: 2211, avg. length 623.9
first_0:                 episode reward: 0.2000,                 loss: 0.0095
second_0:                 episode reward: -0.2000,                 loss: 0.0096
Episode: 2221, avg. length 581.3
first_0:                 episode reward: 0.3000,                 loss: 0.0094
second_0:                 episode reward: -0.3000,                 loss: 0.0093
Episode: 2231, avg. length 623.6
first_0:                 episode reward: -0.5000,                 loss: 0.0091
second_0:                 episode reward: 0.5000,                 loss: 0.0095
Episode: 2241, avg. length 695.7
first_0:                 episode reward: 0.1000,                 loss: 0.0093
second_0:                 episode reward: -0.1000,                 loss: 0.0095
Episode: 2251, avg. length 620.2
first_0:                 episode reward: -1.9000,                 loss: 0.0090
second_0:                 episode reward: 1.9000,                 loss: 0.0096
Episode: 2261, avg. length 564.6
first_0:                 episode reward: 0.4000,                 loss: 0.0091
second_0:                 episode reward: -0.4000,                 loss: 0.0095
Episode: 2271, avg. length 626.5
first_0:                 episode reward: -0.4000,                 loss: 0.0095
second_0:                 episode reward: 0.4000,                 loss: 0.0095
Episode: 2281, avg. length 653.2
first_0:                 episode reward: 0.7000,                 loss: 0.0095
second_0:                 episode reward: -0.7000,                 loss: 0.0095
Episode: 2291, avg. length 555.3
first_0:                 episode reward: -0.8000,                 loss: 0.0095
second_0:                 episode reward: 0.8000,                 loss: 0.0093
Episode: 2301, avg. length 656.2
first_0:                 episode reward: 0.3000,                 loss: 0.0092
second_0:                 episode reward: -0.3000,                 loss: 0.0100
Episode: 2311, avg. length 567.8
first_0:                 episode reward: -1.1000,                 loss: 0.0094
second_0:                 episode reward: 1.1000,                 loss: 0.0105
Episode: 2321, avg. length 589.8
first_0:                 episode reward: 0.7000,                 loss: 0.0092
second_0:                 episode reward: -0.7000,                 loss: 0.0102
Episode: 2331, avg. length 655.8
first_0:                 episode reward: 0.4000,                 loss: 0.0094
second_0:                 episode reward: -0.4000,                 loss: 0.0103
Episode: 2341, avg. length 644.8
first_0:                 episode reward: 0.1000,                 loss: 0.0092
second_0:                 episode reward: -0.1000,                 loss: 0.0100
Episode: 2351, avg. length 666.6
first_0:                 episode reward: 1.6000,                 loss: 0.0094
second_0:                 episode reward: -1.6000,                 loss: 0.0099
Episode: 2361, avg. length 676.2
first_0:                 episode reward: -0.7000,                 loss: 0.0094
second_0:                 episode reward: 0.7000,                 loss: 0.0100
Episode: 2371, avg. length 570.8
first_0:                 episode reward: -0.3000,                 loss: 0.0097
second_0:                 episode reward: 0.3000,                 loss: 0.0098
Episode: 2381, avg. length 690.0
first_0:                 episode reward: 0.5000,                 loss: 0.0088
second_0:                 episode reward: -0.5000,                 loss: 0.0101
Episode: 2391, avg. length 716.1
first_0:                 episode reward: 0.7000,                 loss: 0.0093
second_0:                 episode reward: -0.7000,                 loss: 0.0100
Episode: 2401, avg. length 598.1
first_0:                 episode reward: 0.3000,                 loss: 0.0096
second_0:                 episode reward: -0.3000,                 loss: 0.0101
Episode: 2411, avg. length 626.9
first_0:                 episode reward: -1.0000,                 loss: 0.0094
second_0:                 episode reward: 1.0000,                 loss: 0.0097
Episode: 2421, avg. length 678.6
first_0:                 episode reward: -0.2000,                 loss: 0.0096
second_0:                 episode reward: 0.2000,                 loss: 0.0104
Episode: 2431, avg. length 641.1
first_0:                 episode reward: -0.1000,                 loss: 0.0096
second_0:                 episode reward: 0.1000,                 loss: 0.0103
Episode: 2441, avg. length 682.1
first_0:                 episode reward: -0.8000,                 loss: 0.0093
second_0:                 episode reward: 0.8000,                 loss: 0.0104
Episode: 2451, avg. length 624.5
first_0:                 episode reward: -1.6000,                 loss: 0.0094
second_0:                 episode reward: 1.6000,                 loss: 0.0103
Episode: 2461, avg. length 635.4
first_0:                 episode reward: -1.7000,                 loss: 0.0095
second_0:                 episode reward: 1.7000,                 loss: 0.0108
Episode: 2471, avg. length 638.5
first_0:                 episode reward: 0.1000,                 loss: 0.0095
second_0:                 episode reward: -0.1000,                 loss: 0.0107
Episode: 2481, avg. length 613.8
first_0:                 episode reward: 0.2000,                 loss: 0.0093
second_0:                 episode reward: -0.2000,                 loss: 0.0104
Episode: 2491, avg. length 628.0
first_0:                 episode reward: -0.1000,                 loss: 0.0094
second_0:                 episode reward: 0.1000,                 loss: 0.0105
Episode: 2501, avg. length 663.6
first_0:                 episode reward: -0.5000,                 loss: 0.0095
second_0:                 episode reward: 0.5000,                 loss: 0.0107
Episode: 2511, avg. length 661.9
first_0:                 episode reward: 0.2000,                 loss: 0.0096
second_0:                 episode reward: -0.2000,                 loss: 0.0108
Episode: 2521, avg. length 635.6
first_0:                 episode reward: 0.4000,                 loss: 0.0095
second_0:                 episode reward: -0.4000,                 loss: 0.0107
Episode: 2531, avg. length 645.5
first_0:                 episode reward: -0.3000,                 loss: 0.0095
second_0:                 episode reward: 0.3000,                 loss: 0.0104
Episode: 2541, avg. length 624.3
first_0:                 episode reward: -1.0000,                 loss: 0.0094
second_0:                 episode reward: 1.0000,                 loss: 0.0103
Episode: 2551, avg. length 654.9
first_0:                 episode reward: -0.4000,                 loss: 0.0098
second_0:                 episode reward: 0.4000,                 loss: 0.0105
Episode: 2561, avg. length 684.3
first_0:                 episode reward: 0.6000,                 loss: 0.0095
second_0:                 episode reward: -0.6000,                 loss: 0.0100
Episode: 2571, avg. length 639.0
first_0:                 episode reward: 0.4000,                 loss: 0.0095
second_0:                 episode reward: -0.4000,                 loss: 0.0103
Episode: 2581, avg. length 648.8
first_0:                 episode reward: 0.1000,                 loss: 0.0095
second_0:                 episode reward: -0.1000,                 loss: 0.0099
Episode: 2591, avg. length 652.0
first_0:                 episode reward: 0.6000,                 loss: 0.0095
second_0:                 episode reward: -0.6000,                 loss: 0.0093
Episode: 2601, avg. length 669.1
first_0:                 episode reward: 0.6000,                 loss: 0.0093
second_0:                 episode reward: -0.6000,                 loss: 0.0098
Episode: 2611, avg. length 608.1
first_0:                 episode reward: -0.7000,                 loss: 0.0089
second_0:                 episode reward: 0.7000,                 loss: 0.0097
Episode: 2621, avg. length 660.1
first_0:                 episode reward: 0.4000,                 loss: 0.0091
second_0:                 episode reward: -0.4000,                 loss: 0.0094
Episode: 2631, avg. length 650.6
first_0:                 episode reward: 0.0000,                 loss: 0.0091
second_0:                 episode reward: 0.0000,                 loss: 0.0098
Episode: 2641, avg. length 690.6
first_0:                 episode reward: -0.2000,                 loss: 0.0092
second_0:                 episode reward: 0.2000,                 loss: 0.0097
Episode: 2651, avg. length 667.5
first_0:                 episode reward: 0.7000,                 loss: 0.0095
second_0:                 episode reward: -0.7000,                 loss: 0.0097
Episode: 2661, avg. length 620.5
first_0:                 episode reward: 1.2000,                 loss: 0.0091
second_0:                 episode reward: -1.2000,                 loss: 0.0099
Episode: 2671, avg. length 597.3
first_0:                 episode reward: 1.0000,                 loss: 0.0094
second_0:                 episode reward: -1.0000,                 loss: 0.0098
Episode: 2681, avg. length 702.6
first_0:                 episode reward: 0.4000,                 loss: 0.0094
second_0:                 episode reward: -0.4000,                 loss: 0.0097
Episode: 2691, avg. length 628.1
first_0:                 episode reward: 0.5000,                 loss: 0.0095
second_0:                 episode reward: -0.5000,                 loss: 0.0093
Episode: 2701, avg. length 647.7
first_0:                 episode reward: -0.4000,                 loss: 0.0092
second_0:                 episode reward: 0.4000,                 loss: 0.0095
Episode: 2711, avg. length 625.9
first_0:                 episode reward: -0.5000,                 loss: 0.0091
second_0:                 episode reward: 0.5000,                 loss: 0.0098
Episode: 2721, avg. length 671.6
first_0:                 episode reward: -0.1000,                 loss: 0.0090
second_0:                 episode reward: 0.1000,                 loss: 0.0096
Episode: 2731, avg. length 653.1
first_0:                 episode reward: 1.1000,                 loss: 0.0090
second_0:                 episode reward: -1.1000,                 loss: 0.0097
Episode: 2741, avg. length 693.7
first_0:                 episode reward: -1.1000,                 loss: 0.0093
second_0:                 episode reward: 1.1000,                 loss: 0.0099
Episode: 2751, avg. length 666.9
first_0:                 episode reward: 0.3000,                 loss: 0.0094
second_0:                 episode reward: -0.3000,                 loss: 0.0100
Episode: 2761, avg. length 578.4
first_0:                 episode reward: -0.6000,                 loss: 0.0094
second_0:                 episode reward: 0.6000,                 loss: 0.0096
Episode: 2771, avg. length 640.6
first_0:                 episode reward: 0.8000,                 loss: 0.0100
second_0:                 episode reward: -0.8000,                 loss: 0.0097
Episode: 2781, avg. length 673.0
first_0:                 episode reward: 0.6000,                 loss: 0.0099
second_0:                 episode reward: -0.6000,                 loss: 0.0102
Episode: 2791, avg. length 639.6
first_0:                 episode reward: -0.8000,                 loss: 0.0095
second_0:                 episode reward: 0.8000,                 loss: 0.0097
Episode: 2801, avg. length 605.1
first_0:                 episode reward: -0.3000,                 loss: 0.0098
second_0:                 episode reward: 0.3000,                 loss: 0.0099
Episode: 2811, avg. length 609.9
first_0:                 episode reward: 0.2000,                 loss: 0.0097
second_0:                 episode reward: -0.2000,                 loss: 0.0101
Episode: 2821, avg. length 679.5
first_0:                 episode reward: 0.0000,                 loss: 0.0098
second_0:                 episode reward: 0.0000,                 loss: 0.0103
Episode: 2831, avg. length 659.8
first_0:                 episode reward: 0.7000,                 loss: 0.0095
second_0:                 episode reward: -0.7000,                 loss: 0.0100
Episode: 2841, avg. length 663.1
first_0:                 episode reward: 1.7000,                 loss: 0.0094
second_0:                 episode reward: -1.7000,                 loss: 0.0100
Episode: 2851, avg. length 592.1
first_0:                 episode reward: -0.4000,                 loss: 0.0090
second_0:                 episode reward: 0.4000,                 loss: 0.0099
Episode: 2861, avg. length 685.6
first_0:                 episode reward: 0.3000,                 loss: 0.0094
second_0:                 episode reward: -0.3000,                 loss: 0.0097
Episode: 2871, avg. length 637.9
first_0:                 episode reward: 0.2000,                 loss: 0.0094
second_0:                 episode reward: -0.2000,                 loss: 0.0100
Episode: 2881, avg. length 641.0
first_0:                 episode reward: 0.2000,                 loss: 0.0093
second_0:                 episode reward: -0.2000,                 loss: 0.0103
Episode: 2891, avg. length 599.8
first_0:                 episode reward: -0.7000,                 loss: 0.0092
second_0:                 episode reward: 0.7000,                 loss: 0.0101
Episode: 2901, avg. length 670.6
first_0:                 episode reward: 0.5000,                 loss: 0.0092
second_0:                 episode reward: -0.5000,                 loss: 0.0102
Episode: 2911, avg. length 637.9
first_0:                 episode reward: 0.3000,                 loss: 0.0092
second_0:                 episode reward: -0.3000,                 loss: 0.0105
Episode: 2921, avg. length 647.2
first_0:                 episode reward: -0.4000,                 loss: 0.0095
second_0:                 episode reward: 0.4000,                 loss: 0.0106
Episode: 2931, avg. length 640.3
first_0:                 episode reward: 0.3000,                 loss: 0.0099
second_0:                 episode reward: -0.3000,                 loss: 0.0108
Episode: 2941, avg. length 594.0
first_0:                 episode reward: 0.2000,                 loss: 0.0093
second_0:                 episode reward: -0.2000,                 loss: 0.0103
Episode: 2951, avg. length 629.0
first_0:                 episode reward: -0.3000,                 loss: 0.0093
second_0:                 episode reward: 0.3000,                 loss: 0.0105
Episode: 2961, avg. length 547.1
first_0:                 episode reward: -0.4000,                 loss: 0.0094
second_0:                 episode reward: 0.4000,                 loss: 0.0107
Episode: 2971, avg. length 645.0
first_0:                 episode reward: -0.7000,                 loss: 0.0093
second_0:                 episode reward: 0.7000,                 loss: 0.0105
Episode: 2981, avg. length 664.6
first_0:                 episode reward: 1.5000,                 loss: 0.0091
second_0:                 episode reward: -1.5000,                 loss: 0.0102
Episode: 2991, avg. length 594.2
first_0:                 episode reward: 0.1000,                 loss: 0.0098
second_0:                 episode reward: -0.1000,                 loss: 0.0105
Episode: 3001, avg. length 657.9
first_0:                 episode reward: -2.0000,                 loss: 0.0098
second_0:                 episode reward: 2.0000,                 loss: 0.0102
Episode: 3011, avg. length 638.1
first_0:                 episode reward: 0.4000,                 loss: 0.0092
second_0:                 episode reward: -0.4000,                 loss: 0.0100
Episode: 3021, avg. length 633.5
first_0:                 episode reward: -0.3000,                 loss: 0.0094
second_0:                 episode reward: 0.3000,                 loss: 0.0100
Episode: 3031, avg. length 651.2
first_0:                 episode reward: 0.4000,                 loss: 0.0097
second_0:                 episode reward: -0.4000,                 loss: 0.0101
Episode: 3041, avg. length 664.4
first_0:                 episode reward: 1.4000,                 loss: 0.0096
second_0:                 episode reward: -1.4000,                 loss: 0.0096
Episode: 3051, avg. length 664.0
first_0:                 episode reward: -0.2000,                 loss: 0.0098
second_0:                 episode reward: 0.2000,                 loss: 0.0097
Episode: 3061, avg. length 687.3
first_0:                 episode reward: -0.3000,                 loss: 0.0095
second_0:                 episode reward: 0.3000,                 loss: 0.0103
Episode: 3071, avg. length 542.7
first_0:                 episode reward: 0.7000,                 loss: 0.0093
second_0:                 episode reward: -0.7000,                 loss: 0.0099
Episode: 3081, avg. length 628.4
first_0:                 episode reward: 0.0000,                 loss: 0.0092
second_0:                 episode reward: 0.0000,                 loss: 0.0098
Episode: 3091, avg. length 653.5
first_0:                 episode reward: -0.8000,                 loss: 0.0095
second_0:                 episode reward: 0.8000,                 loss: 0.0097
Episode: 3101, avg. length 624.1
first_0:                 episode reward: -1.2000,                 loss: 0.0093
second_0:                 episode reward: 1.2000,                 loss: 0.0097
Episode: 3111, avg. length 619.3
first_0:                 episode reward: 0.6000,                 loss: 0.0094
second_0:                 episode reward: -0.6000,                 loss: 0.0097
Episode: 3121, avg. length 633.4
first_0:                 episode reward: 0.2000,                 loss: 0.0090
second_0:                 episode reward: -0.2000,                 loss: 0.0102
Episode: 3131, avg. length 653.1
first_0:                 episode reward: 0.0000,                 loss: 0.0098
second_0:                 episode reward: 0.0000,                 loss: 0.0099
Episode: 3141, avg. length 643.5
first_0:                 episode reward: -1.2000,                 loss: 0.0091
second_0:                 episode reward: 1.2000,                 loss: 0.0104
Episode: 3151, avg. length 589.6
first_0:                 episode reward: 0.7000,                 loss: 0.0094
second_0:                 episode reward: -0.7000,                 loss: 0.0100
Episode: 3161, avg. length 586.3
first_0:                 episode reward: -1.0000,                 loss: 0.0095
second_0:                 episode reward: 1.0000,                 loss: 0.0100
Episode: 3171, avg. length 592.5
first_0:                 episode reward: 1.6000,                 loss: 0.0094
second_0:                 episode reward: -1.6000,                 loss: 0.0103
Episode: 3181, avg. length 635.2
first_0:                 episode reward: -1.7000,                 loss: 0.0093
second_0:                 episode reward: 1.7000,                 loss: 0.0099
Episode: 3191, avg. length 680.7
first_0:                 episode reward: 1.0000,                 loss: 0.0094
second_0:                 episode reward: -1.0000,                 loss: 0.0098
Episode: 3201, avg. length 683.2
first_0:                 episode reward: -0.3000,                 loss: 0.0097
second_0:                 episode reward: 0.3000,                 loss: 0.0098
Episode: 3211, avg. length 656.0
first_0:                 episode reward: -0.3000,                 loss: 0.0093
second_0:                 episode reward: 0.3000,                 loss: 0.0098
Episode: 3221, avg. length 640.8
first_0:                 episode reward: -0.1000,                 loss: 0.0093
second_0:                 episode reward: 0.1000,                 loss: 0.0105
Episode: 3231, avg. length 616.8
first_0:                 episode reward: 0.4000,                 loss: 0.0092
second_0:                 episode reward: -0.4000,                 loss: 0.0097
Episode: 3241, avg. length 600.1
first_0:                 episode reward: -0.9000,                 loss: 0.0095
second_0:                 episode reward: 0.9000,                 loss: 0.0101
Episode: 3251, avg. length 693.1
first_0:                 episode reward: 0.8000,                 loss: 0.0094
second_0:                 episode reward: -0.8000,                 loss: 0.0100
Episode: 3261, avg. length 655.6
first_0:                 episode reward: -0.3000,                 loss: 0.0096
second_0:                 episode reward: 0.3000,                 loss: 0.0097
Episode: 3271, avg. length 635.0
first_0:                 episode reward: 1.7000,                 loss: 0.0095
second_0:                 episode reward: -1.7000,                 loss: 0.0096
Episode: 3281, avg. length 638.3
first_0:                 episode reward: 0.5000,                 loss: 0.0097
second_0:                 episode reward: -0.5000,                 loss: 0.0099
Episode: 3291, avg. length 653.0
first_0:                 episode reward: -0.4000,                 loss: 0.0100
second_0:                 episode reward: 0.4000,                 loss: 0.0097
Episode: 3301, avg. length 669.3
first_0:                 episode reward: 0.0000,                 loss: 0.0101
second_0:                 episode reward: 0.0000,                 loss: 0.0101
Episode: 3311, avg. length 626.4
first_0:                 episode reward: -1.0000,                 loss: 0.0099
second_0:                 episode reward: 1.0000,                 loss: 0.0106
Episode: 3321, avg. length 638.5
first_0:                 episode reward: 1.2000,                 loss: 0.0098
second_0:                 episode reward: -1.2000,                 loss: 0.0101
Episode: 3331, avg. length 633.8
first_0:                 episode reward: -0.5000,                 loss: 0.0101
second_0:                 episode reward: 0.5000,                 loss: 0.0099
Episode: 3341, avg. length 702.6
first_0:                 episode reward: -0.4000,                 loss: 0.0094
second_0:                 episode reward: 0.4000,                 loss: 0.0098
Episode: 3351, avg. length 627.9
first_0:                 episode reward: 0.2000,                 loss: 0.0093
second_0:                 episode reward: -0.2000,                 loss: 0.0099
Episode: 3361, avg. length 629.5
first_0:                 episode reward: -0.1000,                 loss: 0.0098
second_0:                 episode reward: 0.1000,                 loss: 0.0096
Episode: 3371, avg. length 668.1
first_0:                 episode reward: 1.0000,                 loss: 0.0093
second_0:                 episode reward: -1.0000,                 loss: 0.0098
Episode: 3381, avg. length 598.8
first_0:                 episode reward: -0.1000,                 loss: 0.0093
second_0:                 episode reward: 0.1000,                 loss: 0.0100
Episode: 3391, avg. length 650.9
first_0:                 episode reward: -0.1000,                 loss: 0.0095
second_0:                 episode reward: 0.1000,                 loss: 0.0099
Episode: 3401, avg. length 645.3
first_0:                 episode reward: -1.4000,                 loss: 0.0096
second_0:                 episode reward: 1.4000,                 loss: 0.0098
Episode: 3411, avg. length 688.5
first_0:                 episode reward: -0.6000,                 loss: 0.0092
second_0:                 episode reward: 0.6000,                 loss: 0.0101
Episode: 3421, avg. length 681.3
first_0:                 episode reward: 0.2000,                 loss: 0.0097
second_0:                 episode reward: -0.2000,                 loss: 0.0097
Episode: 3431, avg. length 595.8
first_0:                 episode reward: -1.3000,                 loss: 0.0094
second_0:                 episode reward: 1.3000,                 loss: 0.0104
Episode: 3441, avg. length 642.1
first_0:                 episode reward: 1.0000,                 loss: 0.0094
second_0:                 episode reward: -1.0000,                 loss: 0.0101
Episode: 3451, avg. length 703.7
first_0:                 episode reward: 0.2000,                 loss: 0.0094
second_0:                 episode reward: -0.2000,                 loss: 0.0099
Episode: 3461, avg. length 609.5
first_0:                 episode reward: 2.4000,                 loss: 0.0093
second_0:                 episode reward: -2.4000,                 loss: 0.0103
Episode: 3471, avg. length 723.9
first_0:                 episode reward: 0.2000,                 loss: 0.0093
second_0:                 episode reward: -0.2000,                 loss: 0.0102
Episode: 3481, avg. length 667.0
first_0:                 episode reward: -1.5000,                 loss: 0.0092
second_0:                 episode reward: 1.5000,                 loss: 0.0112
Episode: 3491, avg. length 652.9
first_0:                 episode reward: -0.8000,                 loss: 0.0097
second_0:                 episode reward: 0.8000,                 loss: 0.0106
Episode: 3501, avg. length 637.2
first_0:                 episode reward: -1.3000,                 loss: 0.0095
second_0:                 episode reward: 1.3000,                 loss: 0.0102
Episode: 3511, avg. length 659.3
first_0:                 episode reward: -0.7000,                 loss: 0.0099
second_0:                 episode reward: 0.7000,                 loss: 0.0106
Episode: 3521, avg. length 711.7
first_0:                 episode reward: -0.2000,                 loss: 0.0097
second_0:                 episode reward: 0.2000,                 loss: 0.0106
Episode: 3531, avg. length 634.1
first_0:                 episode reward: 1.4000,                 loss: 0.0097
second_0:                 episode reward: -1.4000,                 loss: 0.0103
Episode: 3541, avg. length 617.2
first_0:                 episode reward: -1.0000,                 loss: 0.0097
second_0:                 episode reward: 1.0000,                 loss: 0.0104
Episode: 3551, avg. length 609.2
first_0:                 episode reward: 0.5000,                 loss: 0.0099
second_0:                 episode reward: -0.5000,                 loss: 0.0107
Episode: 3561, avg. length 686.4
first_0:                 episode reward: -0.3000,                 loss: 0.0098
second_0:                 episode reward: 0.3000,                 loss: 0.0107
Episode: 3571, avg. length 688.6
first_0:                 episode reward: -0.4000,                 loss: 0.0097
second_0:                 episode reward: 0.4000,                 loss: 0.0102
Episode: 3581, avg. length 641.9
first_0:                 episode reward: 0.6000,                 loss: 0.0096
second_0:                 episode reward: -0.6000,                 loss: 0.0105
Episode: 3591, avg. length 721.7
first_0:                 episode reward: 1.4000,                 loss: 0.0094
second_0:                 episode reward: -1.4000,                 loss: 0.0101
Episode: 3601, avg. length 646.1
first_0:                 episode reward: -0.1000,                 loss: 0.0101
second_0:                 episode reward: 0.1000,                 loss: 0.0101
Episode: 3611, avg. length 715.3
first_0:                 episode reward: 0.6000,                 loss: 0.0098
second_0:                 episode reward: -0.6000,                 loss: 0.0101
Episode: 3621, avg. length 674.9
first_0:                 episode reward: 0.7000,                 loss: 0.0093
second_0:                 episode reward: -0.7000,                 loss: 0.0109
Episode: 3631, avg. length 687.5
first_0:                 episode reward: 1.3000,                 loss: 0.0097
second_0:                 episode reward: -1.3000,                 loss: 0.0104
Episode: 3641, avg. length 653.6
first_0:                 episode reward: -0.4000,                 loss: 0.0092
second_0:                 episode reward: 0.4000,                 loss: 0.0103
Episode: 3651, avg. length 643.4
first_0:                 episode reward: -0.6000,                 loss: 0.0095
second_0:                 episode reward: 0.6000,                 loss: 0.0103
Episode: 3661, avg. length 634.1
first_0:                 episode reward: 2.0000,                 loss: 0.0093
second_0:                 episode reward: -2.0000,                 loss: 0.0098
Episode: 3671, avg. length 682.6
first_0:                 episode reward: -0.5000,                 loss: 0.0092
second_0:                 episode reward: 0.5000,                 loss: 0.0098
Episode: 3681, avg. length 701.2
first_0:                 episode reward: 0.6000,                 loss: 0.0090
second_0:                 episode reward: -0.6000,                 loss: 0.0104
Episode: 3691, avg. length 623.7
first_0:                 episode reward: 1.1000,                 loss: 0.0090
second_0:                 episode reward: -1.1000,                 loss: 0.0102
Episode: 3701, avg. length 695.8
first_0:                 episode reward: 0.3000,                 loss: 0.0090
second_0:                 episode reward: -0.3000,                 loss: 0.0100
Episode: 3711, avg. length 717.9
first_0:                 episode reward: -1.4000,                 loss: 0.0090
second_0:                 episode reward: 1.4000,                 loss: 0.0097
Episode: 3721, avg. length 691.8
first_0:                 episode reward: -1.4000,                 loss: 0.0092
second_0:                 episode reward: 1.4000,                 loss: 0.0097
Episode: 3731, avg. length 589.2
first_0:                 episode reward: -0.2000,                 loss: 0.0093
second_0:                 episode reward: 0.2000,                 loss: 0.0098
Episode: 3741, avg. length 663.3
first_0:                 episode reward: -1.0000,                 loss: 0.0095
second_0:                 episode reward: 1.0000,                 loss: 0.0098
Episode: 3751, avg. length 602.5
first_0:                 episode reward: -0.6000,                 loss: 0.0089
second_0:                 episode reward: 0.6000,                 loss: 0.0098
Episode: 3761, avg. length 618.0
first_0:                 episode reward: 0.7000,                 loss: 0.0094
second_0:                 episode reward: -0.7000,                 loss: 0.0098
Episode: 3771, avg. length 636.5
first_0:                 episode reward: 2.0000,                 loss: 0.0092
second_0:                 episode reward: -2.0000,                 loss: 0.0094
Episode: 3781, avg. length 678.2
first_0:                 episode reward: -0.7000,                 loss: 0.0095
second_0:                 episode reward: 0.7000,                 loss: 0.0096
Episode: 3791, avg. length 644.3
first_0:                 episode reward: -0.2000,                 loss: 0.0098
second_0:                 episode reward: 0.2000,                 loss: 0.0101
Episode: 3801, avg. length 662.3
first_0:                 episode reward: -1.4000,                 loss: 0.0097
second_0:                 episode reward: 1.4000,                 loss: 0.0102