pygame 2.0.0 (SDL 2.0.12, python 3.7.10)
Hello from the pygame community. https://www.pygame.org/contribute.html
boxing_v1 pettingzoo
Load boxing_v1 environment in type pettingzoo.
Env observation space: Box(0.0, 1.0, (130,), float32) action space: Discrete(18)
<env.wrappers.mars_wrappers.Dict2TupleWrapper object at 0x7f6d5cbf8d90>
Agents No. [1] (index starting from 0) are not learnable.
Arguments:  {'env_name': 'boxing_v1', 'env_type': 'pettingzoo', 'num_envs': 1, 'ram': True, 'seed': 1122, 'algorithm': 'DQN', 'algorithm_spec': {'episodic_update': False, 'dueling': False, 'replay_buffer_size': '1e5', 'gamma': 0.99, 'multi_step': 1, 'target_update_interval': 1000, 'eps_start': 1.0, 'eps_final': 0.01, 'eps_decay': 30000}, 'batch_size': 32, 'max_episodes': 30000, 'max_steps_per_episode': 10000, 'train_start_frame': 0, 'optimizer': 'adam', 'learning_rate': '1e-4', 'device': 'gpu', 'update_itr': 1, 'log_avg_window': 20, 'log_interval': 20, 'render': False, 'test': False, 'exploit': False, 'load_model_idx': False, 'load_model_full_path': False, 'save_path': '', 'save_interval': 2000, 'net_architecture': {'hidden_dim_list': [64, 64, 64], 'hidden_activation': 'ReLU', 'output_activation': False}, 'marl_method': 'selfplay', 'marl_spec': {'min_update_interval': 20, 'score_avg_window': 10, 'selfplay_score_delta': 60, 'trainable_agent_idx': 0, 'opponent_idx': 1}}
Save models to : /home/zihan/research/MARS/data/model/20211108100639/pettingzoo_boxingv1_selfplay_dqn. 
 Save logs to: /home/zihan/research/MARS/data/log/20211108100639/pettingzoo_boxingv1_selfplay_dqn.
Episode: 1, avg. length 1784.0
first_0:                 episode reward: 27.0000,                 loss: 0.0399
second_0:                 episode reward: -27.0000,                 loss: nan
Episode: 21, avg. length 1784.0
first_0:                 episode reward: 29.1000,                 loss: 0.0270
second_0:                 episode reward: -29.1000,                 loss: nan
Episode: 41, avg. length 1784.0
first_0:                 episode reward: 0.9000,                 loss: 0.0053
second_0:                 episode reward: -0.9000,                 loss: nan
Score delta: 62.6, udpate the opponent.
Episode: 61, avg. length 1784.0
first_0:                 episode reward: 0.9000,                 loss: 0.0028
second_0:                 episode reward: -0.9000,                 loss: nan
Episode: 81, avg. length 1784.0
first_0:                 episode reward: -0.3500,                 loss: 0.0063
second_0:                 episode reward: 0.3500,                 loss: nan
Episode: 101, avg. length 1784.0
first_0:                 episode reward: 0.4000,                 loss: 0.0066
second_0:                 episode reward: -0.4000,                 loss: nan
Episode: 121, avg. length 1784.0
first_0:                 episode reward: -0.2500,                 loss: 0.0051
second_0:                 episode reward: 0.2500,                 loss: nan
Episode: 141, avg. length 1784.0
first_0:                 episode reward: 0.6000,                 loss: 0.0047
second_0:                 episode reward: -0.6000,                 loss: nan
Episode: 161, avg. length 1784.0
first_0:                 episode reward: 1.1500,                 loss: 0.0059
second_0:                 episode reward: -1.1500,                 loss: nan
Episode: 181, avg. length 1784.0
first_0:                 episode reward: 3.2500,                 loss: 0.0099
second_0:                 episode reward: -3.2500,                 loss: nan
Episode: 201, avg. length 1784.0
first_0:                 episode reward: 2.9000,                 loss: 0.0136
second_0:                 episode reward: -2.9000,                 loss: nan
Episode: 221, avg. length 1784.0
first_0:                 episode reward: 4.2500,                 loss: 0.0167
second_0:                 episode reward: -4.2500,                 loss: nan
Episode: 241, avg. length 1784.0
first_0:                 episode reward: 4.9500,                 loss: 0.0180
second_0:                 episode reward: -4.9500,                 loss: nan
Episode: 261, avg. length 1784.0
first_0:                 episode reward: 4.2500,                 loss: 0.0180
second_0:                 episode reward: -4.2500,                 loss: nan
Episode: 281, avg. length 1784.0
first_0:                 episode reward: 3.9500,                 loss: 0.0179
second_0:                 episode reward: -3.9500,                 loss: nan
Episode: 301, avg. length 1784.0
first_0:                 episode reward: 6.8000,                 loss: 0.0243
second_0:                 episode reward: -6.8000,                 loss: nan
Episode: 321, avg. length 1784.0
first_0:                 episode reward: 11.4000,                 loss: 0.0240
second_0:                 episode reward: -11.4000,                 loss: nan
Episode: 341, avg. length 1784.0
first_0:                 episode reward: 5.8000,                 loss: 0.0324
second_0:                 episode reward: -5.8000,                 loss: nan
Episode: 361, avg. length 1784.0
first_0:                 episode reward: 19.4000,                 loss: 0.0330
second_0:                 episode reward: -19.4000,                 loss: nan
Episode: 381, avg. length 1784.0
first_0:                 episode reward: 18.9000,                 loss: 0.0438
second_0:                 episode reward: -18.9000,                 loss: nan
Score delta: 63.0, udpate the opponent.
Episode: 401, avg. length 1784.0
first_0:                 episode reward: 24.1000,                 loss: 0.0783
second_0:                 episode reward: -24.1000,                 loss: nan
Episode: 421, avg. length 1784.0
first_0:                 episode reward: 25.0500,                 loss: 0.1123
second_0:                 episode reward: -25.0500,                 loss: nan
Score delta: 60.2, udpate the opponent.
Episode: 441, avg. length 1784.0
first_0:                 episode reward: 27.2000,                 loss: 0.0517
second_0:                 episode reward: -27.2000,                 loss: nan
Score delta: 76.6, udpate the opponent.
Episode: 461, avg. length 1527.45
first_0:                 episode reward: 77.0000,                 loss: 0.1111
second_0:                 episode reward: -77.0000,                 loss: nan
Score delta: 188.0, udpate the opponent.
Episode: 481, avg. length 1784.0
first_0:                 episode reward: 7.8000,                 loss: 0.0295
second_0:                 episode reward: -7.8000,                 loss: nan
Episode: 501, avg. length 1784.0
first_0:                 episode reward: 17.1000,                 loss: 0.0392
second_0:                 episode reward: -17.1000,                 loss: nan
Episode: 521, avg. length 1784.0
first_0:                 episode reward: 19.4000,                 loss: 0.0485
second_0:                 episode reward: -19.4000,                 loss: nan
Episode: 541, avg. length 1784.0
first_0:                 episode reward: 28.6000,                 loss: 0.0548
second_0:                 episode reward: -28.6000,                 loss: nan
Score delta: 61.4, udpate the opponent.
Episode: 561, avg. length 1784.0
first_0:                 episode reward: 17.1500,                 loss: 0.0311
second_0:                 episode reward: -17.1500,                 loss: nan
Episode: 581, avg. length 1784.0
first_0:                 episode reward: 8.0500,                 loss: 0.0194
second_0:                 episode reward: -8.0500,                 loss: nan
Score delta: 60.6, udpate the opponent.
Episode: 601, avg. length 1784.0
first_0:                 episode reward: 20.4000,                 loss: 0.0326
second_0:                 episode reward: -20.4000,                 loss: nan
Episode: 621, avg. length 1778.85
first_0:                 episode reward: 33.0500,                 loss: 0.0387
second_0:                 episode reward: -33.0500,                 loss: nan
Score delta: 62.6, udpate the opponent.
Episode: 641, avg. length 1719.4
first_0:                 episode reward: 57.2000,                 loss: 0.0912
second_0:                 episode reward: -57.2000,                 loss: nan
Score delta: 100.0, udpate the opponent.
Episode: 661, avg. length 1762.9
first_0:                 episode reward: 13.5000,                 loss: 0.0879
second_0:                 episode reward: -13.5000,                 loss: nan
Score delta: 115.4, udpate the opponent.
Episode: 681, avg. length 1775.1
first_0:                 episode reward: 23.4500,                 loss: 0.1062
second_0:                 episode reward: -23.4500,                 loss: nan
Score delta: 65.8, udpate the opponent.
Episode: 701, avg. length 1784.0
first_0:                 episode reward: 10.2500,                 loss: 0.0755
second_0:                 episode reward: -10.2500,                 loss: nan
Episode: 721, avg. length 1784.0
first_0:                 episode reward: 16.5000,                 loss: 0.1008
second_0:                 episode reward: -16.5000,                 loss: nan
Episode: 741, avg. length 1784.0
first_0:                 episode reward: 15.9500,                 loss: 0.0963
second_0:                 episode reward: -15.9500,                 loss: nan
Episode: 761, avg. length 1784.0
first_0:                 episode reward: 27.1500,                 loss: 0.0698
second_0:                 episode reward: -27.1500,                 loss: nan
Score delta: 61.2, udpate the opponent.
Episode: 781, avg. length 1784.0
first_0:                 episode reward: 21.9500,                 loss: 0.0788
second_0:                 episode reward: -21.9500,                 loss: nan
Score delta: 62.6, udpate the opponent.
Episode: 801, avg. length 1683.25
first_0:                 episode reward: 26.4500,                 loss: 0.0919
second_0:                 episode reward: -26.4500,                 loss: nan
Score delta: 79.8, udpate the opponent.
Episode: 821, avg. length 1761.65
first_0:                 episode reward: 19.8000,                 loss: 0.0895
second_0:                 episode reward: -19.8000,                 loss: nan
Score delta: 62.4, udpate the opponent.
Episode: 841, avg. length 1784.0
first_0:                 episode reward: 25.9500,                 loss: 0.0587
second_0:                 episode reward: -25.9500,                 loss: nan
Score delta: 68.6, udpate the opponent.
Episode: 861, avg. length 1784.0
first_0:                 episode reward: 15.7500,                 loss: 0.0597
second_0:                 episode reward: -15.7500,                 loss: nan
Episode: 881, avg. length 1747.45
first_0:                 episode reward: 4.2000,                 loss: 0.0617
second_0:                 episode reward: -4.2000,                 loss: nan
Score delta: 66.8, udpate the opponent.
Episode: 901, avg. length 1784.0
first_0:                 episode reward: 1.3500,                 loss: 0.0775
second_0:                 episode reward: -1.3500,                 loss: nan
Episode: 921, avg. length 1784.0
first_0:                 episode reward: 2.4500,                 loss: 0.0795
second_0:                 episode reward: -2.4500,                 loss: nan
Episode: 941, avg. length 1745.65
first_0:                 episode reward: 17.7000,                 loss: 0.0988
second_0:                 episode reward: -17.7000,                 loss: nan
Score delta: 72.8, udpate the opponent.
Episode: 961, avg. length 1784.0
first_0:                 episode reward: -19.5500,                 loss: 0.1053
second_0:                 episode reward: 19.5500,                 loss: nan
Episode: 981, avg. length 1784.0
first_0:                 episode reward: -5.0000,                 loss: 0.1176
second_0:                 episode reward: 5.0000,                 loss: nan
Episode: 1001, avg. length 1784.0
first_0:                 episode reward: -0.4000,                 loss: 0.1168
second_0:                 episode reward: 0.4000,                 loss: nan
Episode: 1021, avg. length 1784.0
first_0:                 episode reward: 1.0000,                 loss: 0.0922
second_0:                 episode reward: -1.0000,                 loss: nan
Episode: 1041, avg. length 1764.5
first_0:                 episode reward: 16.8500,                 loss: 0.0854
second_0:                 episode reward: -16.8500,                 loss: nan
Episode: 1061, avg. length 1740.1
first_0:                 episode reward: 18.9000,                 loss: 0.0756
second_0:                 episode reward: -18.9000,                 loss: nan
Score delta: 76.2, udpate the opponent.
Episode: 1081, avg. length 1784.0
first_0:                 episode reward: 35.7000,                 loss: 0.1265
second_0:                 episode reward: -35.7000,                 loss: nan
Score delta: 61.2, udpate the opponent.
Episode: 1101, avg. length 1636.7
first_0:                 episode reward: 50.2000,                 loss: 0.1581
second_0:                 episode reward: -50.2000,                 loss: nan
Score delta: 131.6, udpate the opponent.
Episode: 1121, avg. length 1641.5
first_0:                 episode reward: 43.1500,                 loss: 0.1976
second_0:                 episode reward: -43.1500,                 loss: nan
Score delta: 141.4, udpate the opponent.
Episode: 1141, avg. length 1708.85
first_0:                 episode reward: 19.3500,                 loss: 0.1676
second_0:                 episode reward: -19.3500,                 loss: nan
Score delta: 68.2, udpate the opponent.
Episode: 1161, avg. length 1717.3
first_0:                 episode reward: 32.3500,                 loss: 0.0715
second_0:                 episode reward: -32.3500,                 loss: nan
Score delta: 83.4, udpate the opponent.
Episode: 1181, avg. length 1332.75
first_0:                 episode reward: 61.0000,                 loss: 0.1579
second_0:                 episode reward: -61.0000,                 loss: nan
Score delta: 150.6, udpate the opponent.
Episode: 1201, avg. length 1436.15
first_0:                 episode reward: 61.8500,                 loss: 0.1131
second_0:                 episode reward: -61.8500,                 loss: nan
Score delta: 152.0, udpate the opponent.
Episode: 1221, avg. length 1693.65
first_0:                 episode reward: 57.3000,                 loss: 0.1009
second_0:                 episode reward: -57.3000,                 loss: nan
Episode: 1241, avg. length 1755.25
first_0:                 episode reward: 24.8000,                 loss: 0.0722
second_0:                 episode reward: -24.8000,                 loss: nan
Score delta: 155.4, udpate the opponent.
Episode: 1261, avg. length 1640.8
first_0:                 episode reward: 53.5000,                 loss: 0.0892
second_0:                 episode reward: -53.5000,                 loss: nan
Score delta: 82.6, udpate the opponent.
Episode: 1281, avg. length 1681.75
first_0:                 episode reward: 28.4500,                 loss: 0.0805
second_0:                 episode reward: -28.4500,                 loss: nan
Score delta: 144.2, udpate the opponent.
Episode: 1301, avg. length 1777.55
first_0:                 episode reward: 25.0500,                 loss: 0.0705
second_0:                 episode reward: -25.0500,                 loss: nan
Score delta: 63.0, udpate the opponent.
Episode: 1321, avg. length 1737.85
first_0:                 episode reward: 52.4500,                 loss: 0.0873
second_0:                 episode reward: -52.4500,                 loss: nan
Score delta: 136.8, udpate the opponent.
Episode: 1341, avg. length 1412.6
first_0:                 episode reward: 53.1500,                 loss: 0.1302
second_0:                 episode reward: -53.1500,                 loss: nan
Score delta: 162.2, udpate the opponent.
Episode: 1361, avg. length 1784.0
first_0:                 episode reward: 27.9000,                 loss: 0.0792
second_0:                 episode reward: -27.9000,                 loss: nan
Score delta: 93.2, udpate the opponent.
Episode: 1381, avg. length 1784.0
first_0:                 episode reward: 21.8000,                 loss: 0.0728
second_0:                 episode reward: -21.8000,                 loss: nan
Score delta: 60.2, udpate the opponent.
Episode: 1401, avg. length 1775.7
first_0:                 episode reward: 28.9500,                 loss: 0.0660
second_0:                 episode reward: -28.9500,                 loss: nan
Score delta: 85.8, udpate the opponent.
Episode: 1421, avg. length 1737.0
first_0:                 episode reward: 31.2000,                 loss: 0.0555
second_0:                 episode reward: -31.2000,                 loss: nan
Score delta: 95.8, udpate the opponent.
Episode: 1441, avg. length 1735.95
first_0:                 episode reward: 30.0000,                 loss: 0.0558
second_0:                 episode reward: -30.0000,                 loss: nan
Score delta: 91.6, udpate the opponent.
Episode: 1461, avg. length 1784.0
first_0:                 episode reward: 5.7500,                 loss: 0.0334
second_0:                 episode reward: -5.7500,                 loss: nan
Episode: 1481, avg. length 1784.0
first_0:                 episode reward: 16.5000,                 loss: 0.0380
second_0:                 episode reward: -16.5000,                 loss: nan
Episode: 1501, avg. length 1737.8
first_0:                 episode reward: 24.1500,                 loss: 0.0585
second_0:                 episode reward: -24.1500,                 loss: nan
Score delta: 64.2, udpate the opponent.
Episode: 1521, avg. length 1720.5
first_0:                 episode reward: 45.3000,                 loss: 0.0677
second_0:                 episode reward: -45.3000,                 loss: nan
Score delta: 125.2, udpate the opponent.
Episode: 1541, avg. length 1429.25
first_0:                 episode reward: 59.3000,                 loss: 0.0801
second_0:                 episode reward: -59.3000,                 loss: nan
Score delta: 171.8, udpate the opponent.
Episode: 1561, avg. length 1722.8
first_0:                 episode reward: 46.3000,                 loss: 0.0802
second_0:                 episode reward: -46.3000,                 loss: nan
Score delta: 126.2, udpate the opponent.
Episode: 1581, avg. length 1784.0
first_0:                 episode reward: 11.1000,                 loss: 0.0797
second_0:                 episode reward: -11.1000,                 loss: nan
Episode: 1601, avg. length 1777.65
first_0:                 episode reward: 23.3000,                 loss: 0.0651
second_0:                 episode reward: -23.3000,                 loss: nan
Score delta: 70.8, udpate the opponent.
Episode: 1621, avg. length 1784.0
first_0:                 episode reward: 24.2500,                 loss: 0.0652
second_0:                 episode reward: -24.2500,                 loss: nan
Score delta: 64.8, udpate the opponent.
Episode: 1641, avg. length 1784.0
first_0:                 episode reward: 4.5000,                 loss: 0.0253
second_0:                 episode reward: -4.5000,                 loss: nan
Episode: 1661, avg. length 1754.85
first_0:                 episode reward: 40.1000,                 loss: 0.0546
second_0:                 episode reward: -40.1000,                 loss: nan
Score delta: 63.2, udpate the opponent.
Episode: 1681, avg. length 1638.7
first_0:                 episode reward: 18.0500,                 loss: 0.0838
second_0:                 episode reward: -18.0500,                 loss: nan
Score delta: 103.2, udpate the opponent.
Episode: 1701, avg. length 1784.0
first_0:                 episode reward: 12.4500,                 loss: 0.0741
second_0:                 episode reward: -12.4500,                 loss: nan
Episode: 1721, avg. length 1784.0
first_0:                 episode reward: 13.7500,                 loss: 0.0684
second_0:                 episode reward: -13.7500,                 loss: nan
Episode: 1741, avg. length 1784.0
first_0:                 episode reward: 12.6500,                 loss: 0.0783
second_0:                 episode reward: -12.6500,                 loss: nan
Episode: 1761, avg. length 1784.0
first_0:                 episode reward: 14.8500,                 loss: 0.0799
second_0:                 episode reward: -14.8500,                 loss: nan
Episode: 1781, avg. length 1784.0
first_0:                 episode reward: 21.4500,                 loss: 0.0892
second_0:                 episode reward: -21.4500,                 loss: nan
Episode: 1801, avg. length 1784.0
first_0:                 episode reward: 16.8000,                 loss: 0.1041
second_0:                 episode reward: -16.8000,                 loss: nan
Episode: 1821, avg. length 1784.0
first_0:                 episode reward: 23.6500,                 loss: 0.1090
second_0:                 episode reward: -23.6500,                 loss: nan
Episode: 1841, avg. length 1784.0
first_0:                 episode reward: 13.6500,                 loss: 0.1245
second_0:                 episode reward: -13.6500,                 loss: nan
Episode: 1861, avg. length 1784.0
first_0:                 episode reward: 17.5500,                 loss: 0.1635
second_0:                 episode reward: -17.5500,                 loss: nan
Episode: 1881, avg. length 1784.0
first_0:                 episode reward: 20.2500,                 loss: 0.2106
second_0:                 episode reward: -20.2500,                 loss: nan
Score delta: 60.8, udpate the opponent.
Episode: 1901, avg. length 1666.0
first_0:                 episode reward: 41.3000,                 loss: 0.1650
second_0:                 episode reward: -41.3000,                 loss: nan
Score delta: 108.4, udpate the opponent.
Episode: 1921, avg. length 1769.2
first_0:                 episode reward: 50.2000,                 loss: 0.1421
second_0:                 episode reward: -50.2000,                 loss: nan
Score delta: 137.6, udpate the opponent.
Episode: 1941, avg. length 1665.75
first_0:                 episode reward: 58.9500,                 loss: 0.1645
second_0:                 episode reward: -58.9500,                 loss: nan
Score delta: 134.8, udpate the opponent.
Episode: 1961, avg. length 1637.9
first_0:                 episode reward: 63.9500,                 loss: 0.1381
second_0:                 episode reward: -63.9500,                 loss: nan
Score delta: 123.6, udpate the opponent.
Episode: 1981, avg. length 1086.7
first_0:                 episode reward: 81.1000,                 loss: 0.2210
second_0:                 episode reward: -81.1000,                 loss: nan
Score delta: 192.2, udpate the opponent.
Episode: 2001, avg. length 1641.25
first_0:                 episode reward: 65.6500,                 loss: 0.1392
second_0:                 episode reward: -65.6500,                 loss: nan
Score delta: 158.8, udpate the opponent.
Episode: 2021, avg. length 1418.7
first_0:                 episode reward: 73.8000,                 loss: 0.1755
second_0:                 episode reward: -73.8000,                 loss: nan
Score delta: 174.0, udpate the opponent.
Episode: 2041, avg. length 1528.05
first_0:                 episode reward: 62.8500,                 loss: 0.1612
second_0:                 episode reward: -62.8500,                 loss: nan
Score delta: 153.0, udpate the opponent.
Episode: 2061, avg. length 1404.2
first_0:                 episode reward: 69.9500,                 loss: 0.1754
second_0:                 episode reward: -69.9500,                 loss: nan
Score delta: 157.4, udpate the opponent.
Episode: 2081, avg. length 1369.7
first_0:                 episode reward: 76.3000,                 loss: 0.1594
second_0:                 episode reward: -76.3000,                 loss: nan
Episode: 2101, avg. length 1730.6
first_0:                 episode reward: 25.5000,                 loss: 0.1121
second_0:                 episode reward: -25.5000,                 loss: nan
Score delta: 179.4, udpate the opponent.
Episode: 2121, avg. length 1467.25
first_0:                 episode reward: 62.5500,                 loss: 0.1237
second_0:                 episode reward: -62.5500,                 loss: nan
Score delta: 68.8, udpate the opponent.
Episode: 2141, avg. length 1516.5
first_0:                 episode reward: 71.5000,                 loss: 0.1202
second_0:                 episode reward: -71.5000,                 loss: nan
Score delta: 158.6, udpate the opponent.
Episode: 2161, avg. length 1517.2
first_0:                 episode reward: 77.6500,                 loss: 0.1352
second_0:                 episode reward: -77.6500,                 loss: nan
Score delta: 182.6, udpate the opponent.
Episode: 2181, avg. length 1526.45
first_0:                 episode reward: 72.1000,                 loss: 0.1169
second_0:                 episode reward: -72.1000,                 loss: nan
Score delta: 170.6, udpate the opponent.
Episode: 2201, avg. length 1463.7
first_0:                 episode reward: 60.9500,                 loss: 0.1229
second_0:                 episode reward: -60.9500,                 loss: nan
Score delta: 180.8, udpate the opponent.
Episode: 2221, avg. length 1485.9
first_0:                 episode reward: 69.9000,                 loss: 0.1401
second_0:                 episode reward: -69.9000,                 loss: nan
Score delta: 137.0, udpate the opponent.
Episode: 2241, avg. length 1501.7
first_0:                 episode reward: 54.5000,                 loss: 0.1158
second_0:                 episode reward: -54.5000,                 loss: nan
Score delta: 176.0, udpate the opponent.
Episode: 2261, avg. length 1734.55
first_0:                 episode reward: 46.3500,                 loss: 0.0941
second_0:                 episode reward: -46.3500,                 loss: nan
Score delta: 117.4, udpate the opponent.
Episode: 2281, avg. length 1717.8
first_0:                 episode reward: 55.2000,                 loss: 0.1042
second_0:                 episode reward: -55.2000,                 loss: nan
Score delta: 126.0, udpate the opponent.
Episode: 2301, avg. length 1536.4
first_0:                 episode reward: 58.2500,                 loss: 0.1185
second_0:                 episode reward: -58.2500,                 loss: nan
Score delta: 136.0, udpate the opponent.
Episode: 2321, avg. length 1431.3
first_0:                 episode reward: 70.0000,                 loss: 0.1230
second_0:                 episode reward: -70.0000,                 loss: nan
Score delta: 160.0, udpate the opponent.
Episode: 2341, avg. length 1516.25
first_0:                 episode reward: 65.1500,                 loss: 0.1362
second_0:                 episode reward: -65.1500,                 loss: nan
Score delta: 157.0, udpate the opponent.
Episode: 2361, avg. length 1450.5
first_0:                 episode reward: 67.7500,                 loss: 0.1191
second_0:                 episode reward: -67.7500,                 loss: nan
Score delta: 175.6, udpate the opponent.
Episode: 2381, avg. length 1552.2
first_0:                 episode reward: 57.9000,                 loss: 0.1216
second_0:                 episode reward: -57.9000,                 loss: nan
Score delta: 148.6, udpate the opponent.
Episode: 2401, avg. length 1722.4
first_0:                 episode reward: 46.2000,                 loss: 0.1304
second_0:                 episode reward: -46.2000,                 loss: nan
Score delta: 113.6, udpate the opponent.
Episode: 2421, avg. length 1563.45
first_0:                 episode reward: 65.7000,                 loss: 0.1296
second_0:                 episode reward: -65.7000,                 loss: nan
Score delta: 158.2, udpate the opponent.
Episode: 2441, avg. length 1508.8
first_0:                 episode reward: 64.8500,                 loss: 0.1471
second_0:                 episode reward: -64.8500,                 loss: nan
Score delta: 142.2, udpate the opponent.
Episode: 2461, avg. length 1594.8
first_0:                 episode reward: 62.9500,                 loss: 0.1067
second_0:                 episode reward: -62.9500,                 loss: nan
Score delta: 158.2, udpate the opponent.
Episode: 2481, avg. length 1575.5
first_0:                 episode reward: 63.8500,                 loss: 0.1084
second_0:                 episode reward: -63.8500,                 loss: nan
Score delta: 153.8, udpate the opponent.
Episode: 2501, avg. length 1634.2
first_0:                 episode reward: 66.5500,                 loss: 0.0950
second_0:                 episode reward: -66.5500,                 loss: nan
Episode: 2521, avg. length 1535.5
first_0:                 episode reward: 64.0500,                 loss: 0.1051
second_0:                 episode reward: -64.0500,                 loss: nan
Score delta: 166.6, udpate the opponent.
Episode: 2541, avg. length 1505.45
first_0:                 episode reward: 63.7000,                 loss: 0.1308
second_0:                 episode reward: -63.7000,                 loss: nan
Score delta: 163.8, udpate the opponent.
Episode: 2561, avg. length 1601.05
first_0:                 episode reward: 56.5500,                 loss: 0.1165
second_0:                 episode reward: -56.5500,                 loss: nan
Score delta: 162.2, udpate the opponent.
Episode: 2581, avg. length 1660.95
first_0:                 episode reward: 45.2500,                 loss: 0.1131
second_0:                 episode reward: -45.2500,                 loss: nan
Score delta: 140.2, udpate the opponent.
Episode: 2601, avg. length 1654.2
first_0:                 episode reward: 53.0000,                 loss: 0.1068
second_0:                 episode reward: -53.0000,                 loss: nan
Score delta: 124.6, udpate the opponent.
Episode: 2621, avg. length 1566.45
first_0:                 episode reward: 38.0500,                 loss: 0.1085
second_0:                 episode reward: -38.0500,                 loss: nan
Score delta: 149.2, udpate the opponent.
Episode: 2641, avg. length 1698.85
first_0:                 episode reward: 35.9000,                 loss: 0.1096
second_0:                 episode reward: -35.9000,                 loss: nan
Score delta: 62.4, udpate the opponent.
Episode: 2661, avg. length 1437.25
first_0:                 episode reward: 43.9500,                 loss: 0.1225
second_0:                 episode reward: -43.9500,                 loss: nan
Score delta: 140.8, udpate the opponent.
Episode: 2681, avg. length 1748.75
first_0:                 episode reward: 33.8000,                 loss: 0.1334
second_0:                 episode reward: -33.8000,                 loss: nan
Score delta: 85.8, udpate the opponent.
Episode: 2701, avg. length 1745.75
first_0:                 episode reward: 56.6000,                 loss: 0.1250
second_0:                 episode reward: -56.6000,                 loss: nan
Score delta: 108.8, udpate the opponent.
Episode: 2721, avg. length 1333.25
first_0:                 episode reward: 67.3000,                 loss: 0.1356
second_0:                 episode reward: -67.3000,                 loss: nan
Score delta: 167.6, udpate the opponent.
Episode: 2741, avg. length 1575.4
first_0:                 episode reward: 49.3500,                 loss: 0.1437
second_0:                 episode reward: -49.3500,                 loss: nan
Score delta: 146.0, udpate the opponent.
Episode: 2761, avg. length 1703.55
first_0:                 episode reward: 33.6000,                 loss: 0.0957
second_0:                 episode reward: -33.6000,                 loss: nan
Score delta: 99.4, udpate the opponent.
Episode: 2781, avg. length 1784.0
first_0:                 episode reward: 27.2000,                 loss: 0.1071
second_0:                 episode reward: -27.2000,                 loss: nan
Score delta: 64.4, udpate the opponent.
Episode: 2801, avg. length 1650.1
first_0:                 episode reward: 53.1000,                 loss: 0.1573
second_0:                 episode reward: -53.1000,                 loss: nan
Score delta: 133.8, udpate the opponent.
Episode: 2821, avg. length 1759.15
first_0:                 episode reward: 36.4000,                 loss: 0.1530
second_0:                 episode reward: -36.4000,                 loss: nan
Score delta: 100.0, udpate the opponent.
Episode: 2841, avg. length 1300.5
first_0:                 episode reward: 83.7000,                 loss: 0.2034
second_0:                 episode reward: -83.7000,                 loss: nan
Score delta: 172.6, udpate the opponent.
Episode: 2861, avg. length 1485.5
first_0:                 episode reward: 54.1500,                 loss: 0.1600
second_0:                 episode reward: -54.1500,                 loss: nan
Score delta: 134.4, udpate the opponent.
Episode: 2881, avg. length 1784.0
first_0:                 episode reward: 3.2500,                 loss: 0.1038
second_0:                 episode reward: -3.2500,                 loss: nan
Episode: 2901, avg. length 1784.0
first_0:                 episode reward: 20.3000,                 loss: 0.1037
second_0:                 episode reward: -20.3000,                 loss: nan
Episode: 2921, avg. length 1784.0
first_0:                 episode reward: 29.8500,                 loss: 0.0916
second_0:                 episode reward: -29.8500,                 loss: nan
Score delta: 69.4, udpate the opponent.
Episode: 2941, avg. length 1758.95
first_0:                 episode reward: 37.8000,                 loss: 0.1119
second_0:                 episode reward: -37.8000,                 loss: nan
Score delta: 87.4, udpate the opponent.
Episode: 2961, avg. length 1777.1
first_0:                 episode reward: 44.3000,                 loss: 0.1451
second_0:                 episode reward: -44.3000,                 loss: nan
Score delta: 119.4, udpate the opponent.
Episode: 2981, avg. length 1570.55
first_0:                 episode reward: 69.8500,                 loss: 0.1252
second_0:                 episode reward: -69.8500,                 loss: nan
Score delta: 157.0, udpate the opponent.
Episode: 3001, avg. length 1436.15
first_0:                 episode reward: 69.2000,                 loss: 0.1751
second_0:                 episode reward: -69.2000,                 loss: nan
Score delta: 146.6, udpate the opponent.
Episode: 3021, avg. length 1391.95
first_0:                 episode reward: 77.9000,                 loss: 0.1560
second_0:                 episode reward: -77.9000,                 loss: nan
Score delta: 171.8, udpate the opponent.
Episode: 3041, avg. length 1693.6
first_0:                 episode reward: 50.8500,                 loss: 0.1736
second_0:                 episode reward: -50.8500,                 loss: nan
Score delta: 134.6, udpate the opponent.
Episode: 3061, avg. length 1784.0
first_0:                 episode reward: 37.5500,                 loss: 0.1551
second_0:                 episode reward: -37.5500,                 loss: nan
Score delta: 83.8, udpate the opponent.
Episode: 3081, avg. length 1717.65
first_0:                 episode reward: 32.9000,                 loss: 0.1522
second_0:                 episode reward: -32.9000,                 loss: nan
Episode: 3101, avg. length 1686.2
first_0:                 episode reward: 48.0000,                 loss: 0.1508
second_0:                 episode reward: -48.0000,                 loss: nan
Score delta: 104.4, udpate the opponent.
Episode: 3121, avg. length 1643.65
first_0:                 episode reward: 61.0000,                 loss: 0.1491
second_0:                 episode reward: -61.0000,                 loss: nan
Score delta: 136.4, udpate the opponent.
Episode: 3141, avg. length 1385.85
first_0:                 episode reward: 76.5500,                 loss: 0.1828
second_0:                 episode reward: -76.5500,                 loss: nan
Score delta: 169.2, udpate the opponent.
Episode: 3161, avg. length 1647.45
first_0:                 episode reward: 41.3000,                 loss: 0.1766
second_0:                 episode reward: -41.3000,                 loss: nan
Score delta: 174.4, udpate the opponent.
Episode: 3181, avg. length 1405.3
first_0:                 episode reward: 76.9000,                 loss: 0.2640
second_0:                 episode reward: -76.9000,                 loss: nan
Score delta: 96.6, udpate the opponent.
Episode: 3201, avg. length 1458.35
first_0:                 episode reward: 36.7000,                 loss: 0.2986
second_0:                 episode reward: -36.7000,                 loss: nan
Score delta: 192.2, udpate the opponent.
Episode: 3221, avg. length 1784.0
first_0:                 episode reward: 19.3500,                 loss: 0.2181
second_0:                 episode reward: -19.3500,                 loss: nan
Score delta: 62.0, udpate the opponent.
Episode: 3241, avg. length 1784.0
first_0:                 episode reward: 11.9000,                 loss: 0.2087
second_0:                 episode reward: -11.9000,                 loss: nan
Episode: 3261, avg. length 1784.0
first_0:                 episode reward: 15.2500,                 loss: 0.2246
second_0:                 episode reward: -15.2500,                 loss: nan
Episode: 3281, avg. length 1784.0
first_0:                 episode reward: 16.6000,                 loss: 0.2232
second_0:                 episode reward: -16.6000,                 loss: nan
Episode: 3301, avg. length 1760.2
first_0:                 episode reward: 21.2000,                 loss: 0.1486
second_0:                 episode reward: -21.2000,                 loss: nan
Score delta: 70.4, udpate the opponent.
Episode: 3321, avg. length 1784.0
first_0:                 episode reward: 14.7000,                 loss: 0.1184
second_0:                 episode reward: -14.7000,                 loss: nan
Episode: 3341, avg. length 1784.0
first_0:                 episode reward: 15.9000,                 loss: 0.1166
second_0:                 episode reward: -15.9000,                 loss: nan
Episode: 3361, avg. length 1784.0
first_0:                 episode reward: 26.2500,                 loss: 0.1096
second_0:                 episode reward: -26.2500,                 loss: nan
Score delta: 63.4, udpate the opponent.
Episode: 3381, avg. length 1656.9
first_0:                 episode reward: 47.9000,                 loss: 0.1530
second_0:                 episode reward: -47.9000,                 loss: nan
Score delta: 135.0, udpate the opponent.
Episode: 3401, avg. length 1784.0
first_0:                 episode reward: 11.1500,                 loss: 0.1513
second_0:                 episode reward: -11.1500,                 loss: nan
Episode: 3421, avg. length 1784.0
first_0:                 episode reward: 6.4000,                 loss: 0.2065
second_0:                 episode reward: -6.4000,                 loss: nan
Episode: 3441, avg. length 1784.0
first_0:                 episode reward: 10.7500,                 loss: 0.2028
second_0:                 episode reward: -10.7500,                 loss: nan
Episode: 3461, avg. length 1765.1
first_0:                 episode reward: 12.1500,                 loss: 0.1979
second_0:                 episode reward: -12.1500,                 loss: nan
Episode: 3481, avg. length 1768.0
first_0:                 episode reward: 25.7000,                 loss: 0.2980
second_0:                 episode reward: -25.7000,                 loss: nan
Score delta: 63.4, udpate the opponent.
Episode: 3501, avg. length 1591.5
first_0:                 episode reward: 55.1000,                 loss: 0.3392
second_0:                 episode reward: -55.1000,                 loss: nan
Score delta: 149.6, udpate the opponent.
Episode: 3521, avg. length 1705.75
first_0:                 episode reward: 45.0000,                 loss: 0.1593
second_0:                 episode reward: -45.0000,                 loss: nan
Score delta: 112.8, udpate the opponent.
Episode: 3541, avg. length 1784.0
first_0:                 episode reward: 35.1000,                 loss: 0.1413
second_0:                 episode reward: -35.1000,                 loss: nan
Score delta: 94.6, udpate the opponent.
Episode: 3561, avg. length 1784.0
first_0:                 episode reward: 25.3000,                 loss: 0.1518
second_0:                 episode reward: -25.3000,                 loss: nan
Score delta: 67.2, udpate the opponent.
Episode: 3581, avg. length 1784.0
first_0:                 episode reward: 27.6500,                 loss: 0.0735
second_0:                 episode reward: -27.6500,                 loss: nan
Score delta: 75.0, udpate the opponent.
Episode: 3601, avg. length 1585.6
first_0:                 episode reward: 58.1000,                 loss: 0.1194
second_0:                 episode reward: -58.1000,                 loss: nan
Score delta: 142.4, udpate the opponent.
Episode: 3621, avg. length 1614.55
first_0:                 episode reward: 60.9500,                 loss: 0.1177
second_0:                 episode reward: -60.9500,                 loss: nan
Score delta: 151.8, udpate the opponent.
Episode: 3641, avg. length 1342.25
first_0:                 episode reward: 77.3000,                 loss: 0.1846
second_0:                 episode reward: -77.3000,                 loss: nan
Episode: 3661, avg. length 1368.95
first_0:                 episode reward: 74.0500,                 loss: 0.1963
second_0:                 episode reward: -74.0500,                 loss: nan
Score delta: 186.8, udpate the opponent.
Episode: 3681, avg. length 1536.5
first_0:                 episode reward: 68.3500,                 loss: 0.1431
second_0:                 episode reward: -68.3500,                 loss: nan
Score delta: 182.2, udpate the opponent.
Episode: 3701, avg. length 1650.8
first_0:                 episode reward: 67.9500,                 loss: 0.1227
second_0:                 episode reward: -67.9500,                 loss: nan
Score delta: 168.6, udpate the opponent.
Episode: 3721, avg. length 1680.2
first_0:                 episode reward: 60.3000,                 loss: 0.1259
second_0:                 episode reward: -60.3000,                 loss: nan
Score delta: 136.4, udpate the opponent.
Episode: 3741, avg. length 1533.6
first_0:                 episode reward: 76.3500,                 loss: 0.1303
second_0:                 episode reward: -76.3500,                 loss: nan
Score delta: 152.6, udpate the opponent.
Episode: 3761, avg. length 1640.0
first_0:                 episode reward: 72.7000,                 loss: 0.1375
second_0:                 episode reward: -72.7000,                 loss: nan
Score delta: 193.0, udpate the opponent.
Episode: 3781, avg. length 1513.15
first_0:                 episode reward: 70.4000,                 loss: 0.1392
second_0:                 episode reward: -70.4000,                 loss: nan
Score delta: 174.8, udpate the opponent.
Episode: 3801, avg. length 1439.5
first_0:                 episode reward: 66.8000,                 loss: 0.1302
second_0:                 episode reward: -66.8000,                 loss: nan
Score delta: 180.2, udpate the opponent.
Episode: 3821, avg. length 1706.85
first_0:                 episode reward: 55.0000,                 loss: 0.1228
second_0:                 episode reward: -55.0000,                 loss: nan
Score delta: 157.8, udpate the opponent.
Episode: 3841, avg. length 1762.3
first_0:                 episode reward: 46.5500,                 loss: 0.0993
second_0:                 episode reward: -46.5500,                 loss: nan
Score delta: 121.6, udpate the opponent.
Episode: 3861, avg. length 1762.85
first_0:                 episode reward: 38.7000,                 loss: 0.1203
second_0:                 episode reward: -38.7000,                 loss: nan
Score delta: 107.0, udpate the opponent.
Episode: 3881, avg. length 1784.0
first_0:                 episode reward: 40.9500,                 loss: 0.1070
second_0:                 episode reward: -40.9500,                 loss: nan
Score delta: 90.0, udpate the opponent.
Episode: 3901, avg. length 1484.85
first_0:                 episode reward: 73.4500,                 loss: 0.1112
second_0:                 episode reward: -73.4500,                 loss: nan
Score delta: 171.6, udpate the opponent.
Episode: 3921, avg. length 1440.0
first_0:                 episode reward: 71.1500,                 loss: 0.1322
second_0:                 episode reward: -71.1500,                 loss: nan
Score delta: 159.8, udpate the opponent.
Episode: 3941, avg. length 1417.9
first_0:                 episode reward: 80.6500,                 loss: 0.1119
second_0:                 episode reward: -80.6500,                 loss: nan
Score delta: 192.4, udpate the opponent.
Episode: 3961, avg. length 1305.6
first_0:                 episode reward: 76.7000,                 loss: 0.1566
second_0:                 episode reward: -76.7000,                 loss: nan
Score delta: 181.4, udpate the opponent.
Episode: 3981, avg. length 1644.9
first_0:                 episode reward: 54.3000,                 loss: 0.1026
second_0:                 episode reward: -54.3000,                 loss: nan
Score delta: 126.0, udpate the opponent.
Episode: 4001, avg. length 1522.15
first_0:                 episode reward: 66.7500,                 loss: 0.1355
second_0:                 episode reward: -66.7500,                 loss: nan
Score delta: 159.0, udpate the opponent.
Episode: 4021, avg. length 1718.3
first_0:                 episode reward: 60.6000,                 loss: 0.1424
second_0:                 episode reward: -60.6000,                 loss: nan
Score delta: 129.2, udpate the opponent.
Episode: 4041, avg. length 1417.05
first_0:                 episode reward: 91.6000,                 loss: 0.1483
second_0:                 episode reward: -91.6000,                 loss: nan
Score delta: 192.4, udpate the opponent.
Episode: 4061, avg. length 1486.8
first_0:                 episode reward: 71.8000,                 loss: 0.1384
second_0:                 episode reward: -71.8000,                 loss: nan
Episode: 4081, avg. length 1303.35
first_0:                 episode reward: 71.8500,                 loss: 0.1523
second_0:                 episode reward: -71.8500,                 loss: nan
Score delta: 163.0, udpate the opponent.
Episode: 4101, avg. length 1577.7
first_0:                 episode reward: 70.3500,                 loss: 0.1287
second_0:                 episode reward: -70.3500,                 loss: nan
Score delta: 171.2, udpate the opponent.
Episode: 4121, avg. length 1446.95
first_0:                 episode reward: 75.5000,                 loss: 0.1682
second_0:                 episode reward: -75.5000,                 loss: nan
Score delta: 175.0, udpate the opponent.
Episode: 4141, avg. length 1541.8
first_0:                 episode reward: 73.2500,                 loss: 0.2196
second_0:                 episode reward: -73.2500,                 loss: nan
Score delta: 183.4, udpate the opponent.
Episode: 4161, avg. length 1407.0
first_0:                 episode reward: 76.0500,                 loss: 0.1878
second_0:                 episode reward: -76.0500,                 loss: nan
Score delta: 174.6, udpate the opponent.
Episode: 4181, avg. length 1550.9
first_0:                 episode reward: 66.5000,                 loss: 0.2010
second_0:                 episode reward: -66.5000,                 loss: nan
Score delta: 167.4, udpate the opponent.
Episode: 4201, avg. length 1575.8
first_0:                 episode reward: 75.8000,                 loss: 0.1743
second_0:                 episode reward: -75.8000,                 loss: nan
Score delta: 172.2, udpate the opponent.
Episode: 4221, avg. length 1471.1
first_0:                 episode reward: 64.3000,                 loss: 0.2017
second_0:                 episode reward: -64.3000,                 loss: nan
Score delta: 181.2, udpate the opponent.
Episode: 4241, avg. length 1716.25
first_0:                 episode reward: 63.7500,                 loss: 0.2191
second_0:                 episode reward: -63.7500,                 loss: nan
Score delta: 144.4, udpate the opponent.
Episode: 4261, avg. length 1755.15
first_0:                 episode reward: 40.0000,                 loss: 0.1549
second_0:                 episode reward: -40.0000,                 loss: nan
Score delta: 133.4, udpate the opponent.
Episode: 4281, avg. length 1669.5
first_0:                 episode reward: 61.7500,                 loss: 0.1413
second_0:                 episode reward: -61.7500,                 loss: nan
Score delta: 125.8, udpate the opponent.
Episode: 4301, avg. length 1403.0
first_0:                 episode reward: 82.0500,                 loss: 0.1868
second_0:                 episode reward: -82.0500,                 loss: nan
Score delta: 197.6, udpate the opponent.
Episode: 4321, avg. length 1317.3
first_0:                 episode reward: 72.1000,                 loss: 0.1814
second_0:                 episode reward: -72.1000,                 loss: nan
Score delta: 194.8, udpate the opponent.
Episode: 4341, avg. length 1732.1
first_0:                 episode reward: 55.4500,                 loss: 0.1523
second_0:                 episode reward: -55.4500,                 loss: nan
Score delta: 137.2, udpate the opponent.
Episode: 4361, avg. length 1404.35
first_0:                 episode reward: 83.2500,                 loss: 0.1705
second_0:                 episode reward: -83.2500,                 loss: nan
Score delta: 187.4, udpate the opponent.
Episode: 4381, avg. length 1304.05
first_0:                 episode reward: 79.5500,                 loss: 0.1889
second_0:                 episode reward: -79.5500,                 loss: nan
Score delta: 183.6, udpate the opponent.
Episode: 4401, avg. length 1512.2
first_0:                 episode reward: 74.0000,                 loss: 0.1878
second_0:                 episode reward: -74.0000,                 loss: nan
Score delta: 177.6, udpate the opponent.
Episode: 4421, avg. length 1556.4
first_0:                 episode reward: 68.6500,                 loss: 0.2398
second_0:                 episode reward: -68.6500,                 loss: nan
Score delta: 160.8, udpate the opponent.
Episode: 4441, avg. length 1628.7
first_0:                 episode reward: 62.4500,                 loss: 0.1625
second_0:                 episode reward: -62.4500,                 loss: nan
Score delta: 155.0, udpate the opponent.
Episode: 4461, avg. length 1601.55
first_0:                 episode reward: 66.5000,                 loss: 0.1275
second_0:                 episode reward: -66.5000,                 loss: nan
Score delta: 161.6, udpate the opponent.
Episode: 4481, avg. length 1619.1
first_0:                 episode reward: 67.9500,                 loss: 0.1087
second_0:                 episode reward: -67.9500,                 loss: nan
Episode: 4501, avg. length 1630.1
first_0:                 episode reward: 60.7000,                 loss: 0.0851
second_0:                 episode reward: -60.7000,                 loss: nan
Score delta: 158.8, udpate the opponent.
Episode: 4521, avg. length 1524.75
first_0:                 episode reward: 68.5000,                 loss: 0.1130
second_0:                 episode reward: -68.5000,                 loss: nan
Score delta: 156.8, udpate the opponent.
Episode: 4541, avg. length 1461.25
first_0:                 episode reward: 71.5000,                 loss: 0.1203
second_0:                 episode reward: -71.5000,                 loss: nan
Score delta: 162.0, udpate the opponent.
Episode: 4561, avg. length 1392.4
first_0:                 episode reward: 76.1000,                 loss: 0.1179
second_0:                 episode reward: -76.1000,                 loss: nan
Score delta: 175.8, udpate the opponent.
Episode: 4581, avg. length 1408.55
first_0:                 episode reward: 78.5000,                 loss: 0.1190
second_0:                 episode reward: -78.5000,                 loss: nan
Score delta: 187.4, udpate the opponent.
Episode: 4601, avg. length 1320.2
first_0:                 episode reward: 82.5000,                 loss: 0.1320
second_0:                 episode reward: -82.5000,                 loss: nan
Score delta: 166.8, udpate the opponent.
Episode: 4621, avg. length 1431.6
first_0:                 episode reward: 60.4500,                 loss: 0.1233
second_0:                 episode reward: -60.4500,                 loss: nan
Score delta: 196.2, udpate the opponent.
Episode: 4641, avg. length 1670.7
first_0:                 episode reward: 45.1000,                 loss: 0.0886
second_0:                 episode reward: -45.1000,                 loss: nan
Score delta: 133.8, udpate the opponent.
Episode: 4661, avg. length 1593.9
first_0:                 episode reward: 65.3000,                 loss: 0.0936
second_0:                 episode reward: -65.3000,                 loss: nan
Score delta: 107.4, udpate the opponent.
Episode: 4681, avg. length 1396.9
first_0:                 episode reward: 71.8000,                 loss: 0.1079
second_0:                 episode reward: -71.8000,                 loss: nan
Score delta: 186.8, udpate the opponent.
Episode: 4701, avg. length 1535.75
first_0:                 episode reward: 66.2000,                 loss: 0.0928
second_0:                 episode reward: -66.2000,                 loss: nan
Score delta: 176.0, udpate the opponent.
Episode: 4721, avg. length 1539.55
first_0:                 episode reward: 58.1500,                 loss: 0.0891
second_0:                 episode reward: -58.1500,                 loss: nan
Score delta: 156.8, udpate the opponent.
Episode: 4741, avg. length 1777.45
first_0:                 episode reward: 42.2500,                 loss: 0.0849
second_0:                 episode reward: -42.2500,                 loss: nan
Score delta: 100.8, udpate the opponent.
Episode: 4761, avg. length 1784.0
first_0:                 episode reward: 42.9000,                 loss: 0.0845
second_0:                 episode reward: -42.9000,                 loss: nan
Score delta: 88.4, udpate the opponent.
Episode: 4781, avg. length 1535.3
first_0:                 episode reward: 79.5500,                 loss: 0.1373
second_0:                 episode reward: -79.5500,                 loss: nan
Score delta: 188.0, udpate the opponent.
Episode: 4801, avg. length 1458.85
first_0:                 episode reward: 76.3000,                 loss: 0.1416
second_0:                 episode reward: -76.3000,                 loss: nan
Score delta: 180.0, udpate the opponent.
Episode: 4821, avg. length 1241.6
first_0:                 episode reward: 92.4500,                 loss: 0.2369
second_0:                 episode reward: -92.4500,                 loss: nan
Score delta: 198.2, udpate the opponent.
Episode: 4841, avg. length 1385.5
first_0:                 episode reward: 83.1500,                 loss: 0.2079
second_0:                 episode reward: -83.1500,                 loss: nan
Score delta: 180.0, udpate the opponent.
Episode: 4861, avg. length 1194.1
first_0:                 episode reward: 88.4000,                 loss: 0.2261
second_0:                 episode reward: -88.4000,                 loss: nan
Score delta: 192.6, udpate the opponent.
Episode: 4881, avg. length 1607.75
first_0:                 episode reward: 58.8000,                 loss: 0.2209
second_0:                 episode reward: -58.8000,                 loss: nan
Score delta: 136.0, udpate the opponent.
Episode: 4901, avg. length 1748.0
first_0:                 episode reward: 42.6500,                 loss: 0.2605
second_0:                 episode reward: -42.6500,                 loss: nan
Episode: 4921, avg. length 1533.45
first_0:                 episode reward: 80.9000,                 loss: 0.3751
second_0:                 episode reward: -80.9000,                 loss: nan
Score delta: 115.6, udpate the opponent.
Episode: 4941, avg. length 1683.85
first_0:                 episode reward: 47.7000,                 loss: 0.5009
second_0:                 episode reward: -47.7000,                 loss: nan
Score delta: 195.8, udpate the opponent.
Episode: 4961, avg. length 1583.5
first_0:                 episode reward: 61.2000,                 loss: 0.6563
second_0:                 episode reward: -61.2000,                 loss: nan
Score delta: 120.2, udpate the opponent.
Episode: 4981, avg. length 1627.85
first_0:                 episode reward: 72.8500,                 loss: 0.7051
second_0:                 episode reward: -72.8500,                 loss: nan
Score delta: 166.4, udpate the opponent.
Episode: 5001, avg. length 1663.25
first_0:                 episode reward: 52.5500,                 loss: 0.6601
second_0:                 episode reward: -52.5500,                 loss: nan
Score delta: 185.2, udpate the opponent.
Episode: 5021, avg. length 1784.0
first_0:                 episode reward: 51.3000,                 loss: 0.3965
second_0:                 episode reward: -51.3000,                 loss: nan
Score delta: 125.6, udpate the opponent.
Episode: 5041, avg. length 1691.0
first_0:                 episode reward: 41.7000,                 loss: 0.2317
second_0:                 episode reward: -41.7000,                 loss: nan
Score delta: 133.6, udpate the opponent.
Episode: 5061, avg. length 1764.65
first_0:                 episode reward: 31.5500,                 loss: 0.1706