/home/zihan/anaconda3/envs/x/lib/python3.7/site-packages/ecos/ecos.py:26: UserWarning: Converting G to a CSC matrix; may take a while.
  warn("Converting G to a CSC matrix; may take a while.")
/home/zihan/anaconda3/envs/x/lib/python3.7/site-packages/ecos/ecos.py:29: UserWarning: Converting A to a CSC matrix; may take a while.
  warn("Converting A to a CSC matrix; may take a while.")
/home/zihan/anaconda3/envs/x/lib/python3.7/site-packages/tensorflow/python/framework/dtypes.py:516: FutureWarning: Passing (type, 1) or '1type' as a synonym of type is deprecated; in a future version of numpy, it will be understood as (type, (1,)) / '(1,)type'.
  _np_qint8 = np.dtype([("qint8", np.int8, 1)])
/home/zihan/anaconda3/envs/x/lib/python3.7/site-packages/tensorflow/python/framework/dtypes.py:517: FutureWarning: Passing (type, 1) or '1type' as a synonym of type is deprecated; in a future version of numpy, it will be understood as (type, (1,)) / '(1,)type'.
  _np_quint8 = np.dtype([("quint8", np.uint8, 1)])
/home/zihan/anaconda3/envs/x/lib/python3.7/site-packages/tensorflow/python/framework/dtypes.py:518: FutureWarning: Passing (type, 1) or '1type' as a synonym of type is deprecated; in a future version of numpy, it will be understood as (type, (1,)) / '(1,)type'.
  _np_qint16 = np.dtype([("qint16", np.int16, 1)])
/home/zihan/anaconda3/envs/x/lib/python3.7/site-packages/tensorflow/python/framework/dtypes.py:519: FutureWarning: Passing (type, 1) or '1type' as a synonym of type is deprecated; in a future version of numpy, it will be understood as (type, (1,)) / '(1,)type'.
  _np_quint16 = np.dtype([("quint16", np.uint16, 1)])
/home/zihan/anaconda3/envs/x/lib/python3.7/site-packages/tensorflow/python/framework/dtypes.py:520: FutureWarning: Passing (type, 1) or '1type' as a synonym of type is deprecated; in a future version of numpy, it will be understood as (type, (1,)) / '(1,)type'.
  _np_qint32 = np.dtype([("qint32", np.int32, 1)])
/home/zihan/anaconda3/envs/x/lib/python3.7/site-packages/tensorflow/python/framework/dtypes.py:525: FutureWarning: Passing (type, 1) or '1type' as a synonym of type is deprecated; in a future version of numpy, it will be understood as (type, (1,)) / '(1,)type'.
  np_resource = np.dtype([("resource", np.ubyte, 1)])
wandb: Currently logged in as: quantumiracle. Use `wandb login --relogin` to force relogin
wandb: wandb version 0.13.3 is available!  To upgrade, please run:
wandb:  $ pip install wandb --upgrade
wandb: Tracking run with wandb version 0.13.0
wandb: Run data is saved locally in /home/zihan/research/MARS/wandb/run-20220919_190613-2bcuwjes
wandb: Run `wandb offline` to turn off syncing.
wandb: Syncing run pettingzoo_double_dunk_v3_selfplay_202209191906
wandb: ⭐️ View project at https://wandb.ai/quantumiracle/Pettingzoo_MARS
wandb: 🚀 View run at https://wandb.ai/quantumiracle/Pettingzoo_MARS/runs/2bcuwjes
/home/zihan/anaconda3/envs/x/lib/python3.7/site-packages/gym/wrappers/record_video.py:42: UserWarning: [33mWARN: Overwriting existing videos at /home/zihan/research/MARS/data/videos/pettingzoo_double_dunk_v3_DQN_202209191906 folder (try specifying a different `video_folder` for the `RecordVideo` wrapper if this is not desired)[0m
  f"Overwriting existing videos at {self.video_folder} folder (try specifying a different `video_folder` for the `RecordVideo` wrapper if this is not desired)"
wandb: 429 encountered (Filestream rate limit exceeded, retrying in 2.067295853132755 seconds), retrying request
wandb: 429 encountered (Filestream rate limit exceeded, retrying in 2.264197678825462 seconds), retrying request
ffmpeg: /home/zihan/anaconda3/envs/x/lib/libtinfo.so.6: no version information available (required by /lib/x86_64-linux-gnu/libcaca.so.0)
ffmpeg: /home/zihan/anaconda3/envs/x/lib/libncursesw.so.6: no version information available (required by /lib/x86_64-linux-gnu/libcaca.so.0)
ffmpeg: /home/zihan/anaconda3/envs/x/lib/libncursesw.so.6: no version information available (required by /lib/x86_64-linux-gnu/libcaca.so.0)
/home/zihan/research/MARS/mars/rollout.py:21: FutureWarning: arrays to stack must be passed as a "sequence" type such as list or tuple. Support for non-sequence iterables such as generators is deprecated as of NumPy 1.16 and will raise an error in the future.
  rollout_normal(env, model, save_id, args)
/home/zihan/anaconda3/envs/x/lib/python3.7/site-packages/numpy/core/shape_base.py:420: VisibleDeprecationWarning: Creating an ndarray from ragged nested sequences (which is a list-or-tuple of lists-or-tuples-or ndarrays with different lengths or shapes) is deprecated. If you meant to do this, you must specify 'dtype=object' when creating the ndarray.
  arrays = [asanyarray(arr) for arr in arrays]
/home/zihan/anaconda3/envs/x/lib/python3.7/site-packages/numpy/core/fromnumeric.py:3441: RuntimeWarning: Mean of empty slice.
  out=out, **kwargs)
/home/zihan/anaconda3/envs/x/lib/python3.7/site-packages/numpy/core/_methods.py:189: RuntimeWarning: invalid value encountered in double_scalars
  ret = ret.dtype.type(ret / rcount)
wandb: 429 encountered (Filestream rate limit exceeded, retrying in 2.203019545817761 seconds), retrying request
ffmpeg: /home/zihan/anaconda3/envs/x/lib/libtinfo.so.6: no version information available (required by /lib/x86_64-linux-gnu/libcaca.so.0)
ffmpeg: /home/zihan/anaconda3/envs/x/lib/libncursesw.so.6: no version information available (required by /lib/x86_64-linux-gnu/libcaca.so.0)
ffmpeg: /home/zihan/anaconda3/envs/x/lib/libncursesw.so.6: no version information available (required by /lib/x86_64-linux-gnu/libcaca.so.0)
/home/zihan/research/MARS/mars/rollout.py:21: FutureWarning: arrays to stack must be passed as a "sequence" type such as list or tuple. Support for non-sequence iterables such as generators is deprecated as of NumPy 1.16 and will raise an error in the future.
  rollout_normal(env, model, save_id, args)
/home/zihan/anaconda3/envs/x/lib/python3.7/site-packages/numpy/core/shape_base.py:420: VisibleDeprecationWarning: Creating an ndarray from ragged nested sequences (which is a list-or-tuple of lists-or-tuples-or ndarrays with different lengths or shapes) is deprecated. If you meant to do this, you must specify 'dtype=object' when creating the ndarray.
  arrays = [asanyarray(arr) for arr in arrays]
wandb: 429 encountered (Filestream rate limit exceeded, retrying in 4.051977401708178 seconds), retrying request
wandb: 429 encountered (Filestream rate limit exceeded, retrying in 2.372063581778724 seconds), retrying request
wandb: 429 encountered (Filestream rate limit exceeded, retrying in 4.6394891242190734 seconds), retrying request
ffmpeg: /home/zihan/anaconda3/envs/x/lib/libtinfo.so.6: no version information available (required by /lib/x86_64-linux-gnu/libcaca.so.0)
ffmpeg: /home/zihan/anaconda3/envs/x/lib/libncursesw.so.6: no version information available (required by /lib/x86_64-linux-gnu/libcaca.so.0)
ffmpeg: /home/zihan/anaconda3/envs/x/lib/libncursesw.so.6: no version information available (required by /lib/x86_64-linux-gnu/libcaca.so.0)
/home/zihan/research/MARS/mars/rollout.py:21: FutureWarning: arrays to stack must be passed as a "sequence" type such as list or tuple. Support for non-sequence iterables such as generators is deprecated as of NumPy 1.16 and will raise an error in the future.
  rollout_normal(env, model, save_id, args)
/home/zihan/anaconda3/envs/x/lib/python3.7/site-packages/numpy/core/shape_base.py:420: VisibleDeprecationWarning: Creating an ndarray from ragged nested sequences (which is a list-or-tuple of lists-or-tuples-or ndarrays with different lengths or shapes) is deprecated. If you meant to do this, you must specify 'dtype=object' when creating the ndarray.
  arrays = [asanyarray(arr) for arr in arrays]
wandb: 429 encountered (Filestream rate limit exceeded, retrying in 8.820495398191419 seconds), retrying request
ffmpeg: /home/zihan/anaconda3/envs/x/lib/libtinfo.so.6: no version information available (required by /lib/x86_64-linux-gnu/libcaca.so.0)
ffmpeg: /home/zihan/anaconda3/envs/x/lib/libncursesw.so.6: no version information available (required by /lib/x86_64-linux-gnu/libcaca.so.0)
ffmpeg: /home/zihan/anaconda3/envs/x/lib/libncursesw.so.6: no version information available (required by /lib/x86_64-linux-gnu/libcaca.so.0)
ffmpeg: /home/zihan/anaconda3/envs/x/lib/libtinfo.so.6: no version information available (required by /lib/x86_64-linux-gnu/libcaca.so.0)
ffmpeg: /home/zihan/anaconda3/envs/x/lib/libncursesw.so.6: no version information available (required by /lib/x86_64-linux-gnu/libcaca.so.0)
ffmpeg: /home/zihan/anaconda3/envs/x/lib/libncursesw.so.6: no version information available (required by /lib/x86_64-linux-gnu/libcaca.so.0)
ffmpeg: /home/zihan/anaconda3/envs/x/lib/libtinfo.so.6: no version information available (required by /lib/x86_64-linux-gnu/libcaca.so.0)
ffmpeg: /home/zihan/anaconda3/envs/x/lib/libncursesw.so.6: no version information available (required by /lib/x86_64-linux-gnu/libcaca.so.0)
ffmpeg: /home/zihan/anaconda3/envs/x/lib/libncursesw.so.6: no version information available (required by /lib/x86_64-linux-gnu/libcaca.so.0)
/home/zihan/research/MARS/mars/rollout.py:21: FutureWarning: arrays to stack must be passed as a "sequence" type such as list or tuple. Support for non-sequence iterables such as generators is deprecated as of NumPy 1.16 and will raise an error in the future.
  rollout_normal(env, model, save_id, args)
/home/zihan/anaconda3/envs/x/lib/python3.7/site-packages/numpy/core/shape_base.py:420: VisibleDeprecationWarning: Creating an ndarray from ragged nested sequences (which is a list-or-tuple of lists-or-tuples-or ndarrays with different lengths or shapes) is deprecated. If you meant to do this, you must specify 'dtype=object' when creating the ndarray.
  arrays = [asanyarray(arr) for arr in arrays]
/home/zihan/research/MARS/mars/rollout.py:21: FutureWarning: arrays to stack must be passed as a "sequence" type such as list or tuple. Support for non-sequence iterables such as generators is deprecated as of NumPy 1.16 and will raise an error in the future.
  rollout_normal(env, model, save_id, args)
/home/zihan/anaconda3/envs/x/lib/python3.7/site-packages/numpy/core/shape_base.py:420: VisibleDeprecationWarning: Creating an ndarray from ragged nested sequences (which is a list-or-tuple of lists-or-tuples-or ndarrays with different lengths or shapes) is deprecated. If you meant to do this, you must specify 'dtype=object' when creating the ndarray.
  arrays = [asanyarray(arr) for arr in arrays]
/home/zihan/research/MARS/mars/rollout.py:21: FutureWarning: arrays to stack must be passed as a "sequence" type such as list or tuple. Support for non-sequence iterables such as generators is deprecated as of NumPy 1.16 and will raise an error in the future.
  rollout_normal(env, model, save_id, args)
/home/zihan/anaconda3/envs/x/lib/python3.7/site-packages/numpy/core/shape_base.py:420: VisibleDeprecationWarning: Creating an ndarray from ragged nested sequences (which is a list-or-tuple of lists-or-tuples-or ndarrays with different lengths or shapes) is deprecated. If you meant to do this, you must specify 'dtype=object' when creating the ndarray.
  arrays = [asanyarray(arr) for arr in arrays]
wandb: 429 encountered (Filestream rate limit exceeded, retrying in 2.3209873253765623 seconds), retrying request
ffmpeg: /home/zihan/anaconda3/envs/x/lib/libtinfo.so.6: no version information available (required by /lib/x86_64-linux-gnu/libcaca.so.0)
ffmpeg: /home/zihan/anaconda3/envs/x/lib/libncursesw.so.6: no version information available (required by /lib/x86_64-linux-gnu/libcaca.so.0)
ffmpeg: /home/zihan/anaconda3/envs/x/lib/libncursesw.so.6: no version information available (required by /lib/x86_64-linux-gnu/libcaca.so.0)
ffmpeg: /home/zihan/anaconda3/envs/x/lib/libtinfo.so.6: no version information available (required by /lib/x86_64-linux-gnu/libcaca.so.0)
ffmpeg: /home/zihan/anaconda3/envs/x/lib/libncursesw.so.6: no version information available (required by /lib/x86_64-linux-gnu/libcaca.so.0)
ffmpeg: /home/zihan/anaconda3/envs/x/lib/libncursesw.so.6: no version information available (required by /lib/x86_64-linux-gnu/libcaca.so.0)
ffmpeg: /home/zihan/anaconda3/envs/x/lib/libtinfo.so.6: no version information available (required by /lib/x86_64-linux-gnu/libcaca.so.0)
ffmpeg: /home/zihan/anaconda3/envs/x/lib/libncursesw.so.6: no version information available (required by /lib/x86_64-linux-gnu/libcaca.so.0)
ffmpeg: /home/zihan/anaconda3/envs/x/lib/libncursesw.so.6: no version information available (required by /lib/x86_64-linux-gnu/libcaca.so.0)
ffmpeg: /home/zihan/anaconda3/envs/x/lib/libtinfo.so.6: no version information available (required by /lib/x86_64-linux-gnu/libcaca.so.0)
ffmpeg: /home/zihan/anaconda3/envs/x/lib/libncursesw.so.6: no version information available (required by /lib/x86_64-linux-gnu/libcaca.so.0)
ffmpeg: /home/zihan/anaconda3/envs/x/lib/libncursesw.so.6: no version information available (required by /lib/x86_64-linux-gnu/libcaca.so.0)
ffmpeg: /home/zihan/anaconda3/envs/x/lib/libtinfo.so.6: no version information available (required by /lib/x86_64-linux-gnu/libcaca.so.0)
ffmpeg: /home/zihan/anaconda3/envs/x/lib/libncursesw.so.6: no version information available (required by /lib/x86_64-linux-gnu/libcaca.so.0)
ffmpeg: /home/zihan/anaconda3/envs/x/lib/libncursesw.so.6: no version information available (required by /lib/x86_64-linux-gnu/libcaca.so.0)
ffmpeg: /home/zihan/anaconda3/envs/x/lib/libtinfo.so.6: no version information available (required by /lib/x86_64-linux-gnu/libcaca.so.0)
ffmpeg: /home/zihan/anaconda3/envs/x/lib/libncursesw.so.6: no version information available (required by /lib/x86_64-linux-gnu/libcaca.so.0)
ffmpeg: /home/zihan/anaconda3/envs/x/lib/libncursesw.so.6: no version information available (required by /lib/x86_64-linux-gnu/libcaca.so.0)
ffmpeg: /home/zihan/anaconda3/envs/x/lib/libtinfo.so.6: no version information available (required by /lib/x86_64-linux-gnu/libcaca.so.0)
ffmpeg: /home/zihan/anaconda3/envs/x/lib/libncursesw.so.6: no version information available (required by /lib/x86_64-linux-gnu/libcaca.so.0)
ffmpeg: /home/zihan/anaconda3/envs/x/lib/libncursesw.so.6: no version information available (required by /lib/x86_64-linux-gnu/libcaca.so.0)
ffmpeg: /home/zihan/anaconda3/envs/x/lib/libtinfo.so.6: no version information available (required by /lib/x86_64-linux-gnu/libcaca.so.0)
ffmpeg: /home/zihan/anaconda3/envs/x/lib/libncursesw.so.6: no version information available (required by /lib/x86_64-linux-gnu/libcaca.so.0)
ffmpeg: /home/zihan/anaconda3/envs/x/lib/libncursesw.so.6: no version information available (required by /lib/x86_64-linux-gnu/libcaca.so.0)
ffmpeg: /home/zihan/anaconda3/envs/x/lib/libtinfo.so.6: no version information available (required by /lib/x86_64-linux-gnu/libcaca.so.0)
ffmpeg: /home/zihan/anaconda3/envs/x/lib/libncursesw.so.6: no version information available (required by /lib/x86_64-linux-gnu/libcaca.so.0)
ffmpeg: /home/zihan/anaconda3/envs/x/lib/libncursesw.so.6: no version information available (required by /lib/x86_64-linux-gnu/libcaca.so.0)
ffmpeg: /home/zihan/anaconda3/envs/x/lib/libtinfo.so.6: no version information available (required by /lib/x86_64-linux-gnu/libcaca.so.0)
ffmpeg: /home/zihan/anaconda3/envs/x/lib/libncursesw.so.6: no version information available (required by /lib/x86_64-linux-gnu/libcaca.so.0)
ffmpeg: /home/zihan/anaconda3/envs/x/lib/libncursesw.so.6: no version information available (required by /lib/x86_64-linux-gnu/libcaca.so.0)
ffmpeg: /home/zihan/anaconda3/envs/x/lib/libtinfo.so.6: no version information available (required by /lib/x86_64-linux-gnu/libcaca.so.0)
ffmpeg: /home/zihan/anaconda3/envs/x/lib/libncursesw.so.6: no version information available (required by /lib/x86_64-linux-gnu/libcaca.so.0)
ffmpeg: /home/zihan/anaconda3/envs/x/lib/libncursesw.so.6: no version information available (required by /lib/x86_64-linux-gnu/libcaca.so.0)
/home/zihan/research/MARS/mars/rollout.py:21: FutureWarning: arrays to stack must be passed as a "sequence" type such as list or tuple. Support for non-sequence iterables such as generators is deprecated as of NumPy 1.16 and will raise an error in the future.
  rollout_normal(env, model, save_id, args)
/home/zihan/anaconda3/envs/x/lib/python3.7/site-packages/numpy/core/shape_base.py:420: VisibleDeprecationWarning: Creating an ndarray from ragged nested sequences (which is a list-or-tuple of lists-or-tuples-or ndarrays with different lengths or shapes) is deprecated. If you meant to do this, you must specify 'dtype=object' when creating the ndarray.
  arrays = [asanyarray(arr) for arr in arrays]
/home/zihan/anaconda3/envs/x/lib/python3.7/site-packages/numpy/core/fromnumeric.py:3441: RuntimeWarning: Mean of empty slice.
  out=out, **kwargs)
/home/zihan/anaconda3/envs/x/lib/python3.7/site-packages/numpy/core/_methods.py:189: RuntimeWarning: invalid value encountered in double_scalars
  ret = ret.dtype.type(ret / rcount)
/home/zihan/research/MARS/mars/rollout.py:21: FutureWarning: arrays to stack must be passed as a "sequence" type such as list or tuple. Support for non-sequence iterables such as generators is deprecated as of NumPy 1.16 and will raise an error in the future.
  rollout_normal(env, model, save_id, args)
/home/zihan/anaconda3/envs/x/lib/python3.7/site-packages/numpy/core/shape_base.py:420: VisibleDeprecationWarning: Creating an ndarray from ragged nested sequences (which is a list-or-tuple of lists-or-tuples-or ndarrays with different lengths or shapes) is deprecated. If you meant to do this, you must specify 'dtype=object' when creating the ndarray.
  arrays = [asanyarray(arr) for arr in arrays]
/home/zihan/research/MARS/mars/rollout.py:21: FutureWarning: arrays to stack must be passed as a "sequence" type such as list or tuple. Support for non-sequence iterables such as generators is deprecated as of NumPy 1.16 and will raise an error in the future.
  rollout_normal(env, model, save_id, args)
/home/zihan/anaconda3/envs/x/lib/python3.7/site-packages/numpy/core/shape_base.py:420: VisibleDeprecationWarning: Creating an ndarray from ragged nested sequences (which is a list-or-tuple of lists-or-tuples-or ndarrays with different lengths or shapes) is deprecated. If you meant to do this, you must specify 'dtype=object' when creating the ndarray.
  arrays = [asanyarray(arr) for arr in arrays]
/home/zihan/research/MARS/mars/rollout.py:21: FutureWarning: arrays to stack must be passed as a "sequence" type such as list or tuple. Support for non-sequence iterables such as generators is deprecated as of NumPy 1.16 and will raise an error in the future.
  rollout_normal(env, model, save_id, args)
/home/zihan/anaconda3/envs/x/lib/python3.7/site-packages/numpy/core/shape_base.py:420: VisibleDeprecationWarning: Creating an ndarray from ragged nested sequences (which is a list-or-tuple of lists-or-tuples-or ndarrays with different lengths or shapes) is deprecated. If you meant to do this, you must specify 'dtype=object' when creating the ndarray.
  arrays = [asanyarray(arr) for arr in arrays]
/home/zihan/research/MARS/mars/rollout.py:21: FutureWarning: arrays to stack must be passed as a "sequence" type such as list or tuple. Support for non-sequence iterables such as generators is deprecated as of NumPy 1.16 and will raise an error in the future.
  rollout_normal(env, model, save_id, args)
/home/zihan/anaconda3/envs/x/lib/python3.7/site-packages/numpy/core/shape_base.py:420: VisibleDeprecationWarning: Creating an ndarray from ragged nested sequences (which is a list-or-tuple of lists-or-tuples-or ndarrays with different lengths or shapes) is deprecated. If you meant to do this, you must specify 'dtype=object' when creating the ndarray.
  arrays = [asanyarray(arr) for arr in arrays]
/home/zihan/research/MARS/mars/rollout.py:21: FutureWarning: arrays to stack must be passed as a "sequence" type such as list or tuple. Support for non-sequence iterables such as generators is deprecated as of NumPy 1.16 and will raise an error in the future.
  rollout_normal(env, model, save_id, args)
/home/zihan/anaconda3/envs/x/lib/python3.7/site-packages/numpy/core/shape_base.py:420: VisibleDeprecationWarning: Creating an ndarray from ragged nested sequences (which is a list-or-tuple of lists-or-tuples-or ndarrays with different lengths or shapes) is deprecated. If you meant to do this, you must specify 'dtype=object' when creating the ndarray.
  arrays = [asanyarray(arr) for arr in arrays]
/home/zihan/research/MARS/mars/rollout.py:21: FutureWarning: arrays to stack must be passed as a "sequence" type such as list or tuple. Support for non-sequence iterables such as generators is deprecated as of NumPy 1.16 and will raise an error in the future.
  rollout_normal(env, model, save_id, args)
/home/zihan/anaconda3/envs/x/lib/python3.7/site-packages/numpy/core/shape_base.py:420: VisibleDeprecationWarning: Creating an ndarray from ragged nested sequences (which is a list-or-tuple of lists-or-tuples-or ndarrays with different lengths or shapes) is deprecated. If you meant to do this, you must specify 'dtype=object' when creating the ndarray.
  arrays = [asanyarray(arr) for arr in arrays]
/home/zihan/anaconda3/envs/x/lib/python3.7/site-packages/numpy/core/fromnumeric.py:3441: RuntimeWarning: Mean of empty slice.
  out=out, **kwargs)
/home/zihan/anaconda3/envs/x/lib/python3.7/site-packages/numpy/core/_methods.py:189: RuntimeWarning: invalid value encountered in double_scalars
  ret = ret.dtype.type(ret / rcount)
/home/zihan/research/MARS/mars/rollout.py:21: FutureWarning: arrays to stack must be passed as a "sequence" type such as list or tuple. Support for non-sequence iterables such as generators is deprecated as of NumPy 1.16 and will raise an error in the future.
  rollout_normal(env, model, save_id, args)
/home/zihan/anaconda3/envs/x/lib/python3.7/site-packages/numpy/core/shape_base.py:420: VisibleDeprecationWarning: Creating an ndarray from ragged nested sequences (which is a list-or-tuple of lists-or-tuples-or ndarrays with different lengths or shapes) is deprecated. If you meant to do this, you must specify 'dtype=object' when creating the ndarray.
  arrays = [asanyarray(arr) for arr in arrays]
/home/zihan/research/MARS/mars/rollout.py:21: FutureWarning: arrays to stack must be passed as a "sequence" type such as list or tuple. Support for non-sequence iterables such as generators is deprecated as of NumPy 1.16 and will raise an error in the future.
  rollout_normal(env, model, save_id, args)
/home/zihan/anaconda3/envs/x/lib/python3.7/site-packages/numpy/core/shape_base.py:420: VisibleDeprecationWarning: Creating an ndarray from ragged nested sequences (which is a list-or-tuple of lists-or-tuples-or ndarrays with different lengths or shapes) is deprecated. If you meant to do this, you must specify 'dtype=object' when creating the ndarray.
  arrays = [asanyarray(arr) for arr in arrays]
/home/zihan/research/MARS/mars/rollout.py:21: FutureWarning: arrays to stack must be passed as a "sequence" type such as list or tuple. Support for non-sequence iterables such as generators is deprecated as of NumPy 1.16 and will raise an error in the future.
  rollout_normal(env, model, save_id, args)
/home/zihan/anaconda3/envs/x/lib/python3.7/site-packages/numpy/core/shape_base.py:420: VisibleDeprecationWarning: Creating an ndarray from ragged nested sequences (which is a list-or-tuple of lists-or-tuples-or ndarrays with different lengths or shapes) is deprecated. If you meant to do this, you must specify 'dtype=object' when creating the ndarray.
  arrays = [asanyarray(arr) for arr in arrays]
/home/zihan/research/MARS/mars/rollout.py:21: FutureWarning: arrays to stack must be passed as a "sequence" type such as list or tuple. Support for non-sequence iterables such as generators is deprecated as of NumPy 1.16 and will raise an error in the future.
  rollout_normal(env, model, save_id, args)
/home/zihan/anaconda3/envs/x/lib/python3.7/site-packages/numpy/core/shape_base.py:420: VisibleDeprecationWarning: Creating an ndarray from ragged nested sequences (which is a list-or-tuple of lists-or-tuples-or ndarrays with different lengths or shapes) is deprecated. If you meant to do this, you must specify 'dtype=object' when creating the ndarray.
  arrays = [asanyarray(arr) for arr in arrays]
ffmpeg: /home/zihan/anaconda3/envs/x/lib/libtinfo.so.6: no version information available (required by /lib/x86_64-linux-gnu/libcaca.so.0)
ffmpeg: /home/zihan/anaconda3/envs/x/lib/libncursesw.so.6: no version information available (required by /lib/x86_64-linux-gnu/libcaca.so.0)
ffmpeg: /home/zihan/anaconda3/envs/x/lib/libncursesw.so.6: no version information available (required by /lib/x86_64-linux-gnu/libcaca.so.0)
ffmpeg: /home/zihan/anaconda3/envs/x/lib/libtinfo.so.6: no version information available (required by /lib/x86_64-linux-gnu/libcaca.so.0)
ffmpeg: /home/zihan/anaconda3/envs/x/lib/libncursesw.so.6: no version information available (required by /lib/x86_64-linux-gnu/libcaca.so.0)
ffmpeg: /home/zihan/anaconda3/envs/x/lib/libncursesw.so.6: no version information available (required by /lib/x86_64-linux-gnu/libcaca.so.0)
ffmpeg: /home/zihan/anaconda3/envs/x/lib/libtinfo.so.6: no version information available (required by /lib/x86_64-linux-gnu/libcaca.so.0)
ffmpeg: /home/zihan/anaconda3/envs/x/lib/libncursesw.so.6: no version information available (required by /lib/x86_64-linux-gnu/libcaca.so.0)
ffmpeg: /home/zihan/anaconda3/envs/x/lib/libncursesw.so.6: no version information available (required by /lib/x86_64-linux-gnu/libcaca.so.0)
ffmpeg: /home/zihan/anaconda3/envs/x/lib/libtinfo.so.6: no version information available (required by /lib/x86_64-linux-gnu/libcaca.so.0)
ffmpeg: /home/zihan/anaconda3/envs/x/lib/libncursesw.so.6: no version information available (required by /lib/x86_64-linux-gnu/libcaca.so.0)
ffmpeg: /home/zihan/anaconda3/envs/x/lib/libncursesw.so.6: no version information available (required by /lib/x86_64-linux-gnu/libcaca.so.0)
ffmpeg: /home/zihan/anaconda3/envs/x/lib/libtinfo.so.6: no version information available (required by /lib/x86_64-linux-gnu/libcaca.so.0)
ffmpeg: /home/zihan/anaconda3/envs/x/lib/libncursesw.so.6: no version information available (required by /lib/x86_64-linux-gnu/libcaca.so.0)
ffmpeg: /home/zihan/anaconda3/envs/x/lib/libncursesw.so.6: no version information available (required by /lib/x86_64-linux-gnu/libcaca.so.0)
ffmpeg: /home/zihan/anaconda3/envs/x/lib/libtinfo.so.6: no version information available (required by /lib/x86_64-linux-gnu/libcaca.so.0)
ffmpeg: /home/zihan/anaconda3/envs/x/lib/libncursesw.so.6: no version information available (required by /lib/x86_64-linux-gnu/libcaca.so.0)
ffmpeg: /home/zihan/anaconda3/envs/x/lib/libncursesw.so.6: no version information available (required by /lib/x86_64-linux-gnu/libcaca.so.0)
ffmpeg: /home/zihan/anaconda3/envs/x/lib/libtinfo.so.6: no version information available (required by /lib/x86_64-linux-gnu/libcaca.so.0)
ffmpeg: /home/zihan/anaconda3/envs/x/lib/libncursesw.so.6: no version information available (required by /lib/x86_64-linux-gnu/libcaca.so.0)
ffmpeg: /home/zihan/anaconda3/envs/x/lib/libncursesw.so.6: no version information available (required by /lib/x86_64-linux-gnu/libcaca.so.0)
ffmpeg: /home/zihan/anaconda3/envs/x/lib/libtinfo.so.6: no version information available (required by /lib/x86_64-linux-gnu/libcaca.so.0)
ffmpeg: /home/zihan/anaconda3/envs/x/lib/libncursesw.so.6: no version information available (required by /lib/x86_64-linux-gnu/libcaca.so.0)
ffmpeg: /home/zihan/anaconda3/envs/x/lib/libncursesw.so.6: no version information available (required by /lib/x86_64-linux-gnu/libcaca.so.0)
ffmpeg: /home/zihan/anaconda3/envs/x/lib/libtinfo.so.6: no version information available (required by /lib/x86_64-linux-gnu/libcaca.so.0)
ffmpeg: /home/zihan/anaconda3/envs/x/lib/libncursesw.so.6: no version information available (required by /lib/x86_64-linux-gnu/libcaca.so.0)
ffmpeg: /home/zihan/anaconda3/envs/x/lib/libncursesw.so.6: no version information available (required by /lib/x86_64-linux-gnu/libcaca.so.0)
ffmpeg: /home/zihan/anaconda3/envs/x/lib/libtinfo.so.6: no version information available (required by /lib/x86_64-linux-gnu/libcaca.so.0)
ffmpeg: /home/zihan/anaconda3/envs/x/lib/libncursesw.so.6: no version information available (required by /lib/x86_64-linux-gnu/libcaca.so.0)
ffmpeg: /home/zihan/anaconda3/envs/x/lib/libncursesw.so.6: no version information available (required by /lib/x86_64-linux-gnu/libcaca.so.0)
ffmpeg: /home/zihan/anaconda3/envs/x/lib/libtinfo.so.6: no version information available (required by /lib/x86_64-linux-gnu/libcaca.so.0)
ffmpeg: /home/zihan/anaconda3/envs/x/lib/libncursesw.so.6: no version information available (required by /lib/x86_64-linux-gnu/libcaca.so.0)
ffmpeg: /home/zihan/anaconda3/envs/x/lib/libncursesw.so.6: no version information available (required by /lib/x86_64-linux-gnu/libcaca.so.0)
ffmpeg: /home/zihan/anaconda3/envs/x/lib/libtinfo.so.6: no version information available (required by /lib/x86_64-linux-gnu/libcaca.so.0)
ffmpeg: /home/zihan/anaconda3/envs/x/lib/libncursesw.so.6: no version information available (required by /lib/x86_64-linux-gnu/libcaca.so.0)
ffmpeg: /home/zihan/anaconda3/envs/x/lib/libncursesw.so.6: no version information available (required by /lib/x86_64-linux-gnu/libcaca.so.0)
/home/zihan/research/MARS/mars/rollout.py:21: FutureWarning: arrays to stack must be passed as a "sequence" type such as list or tuple. Support for non-sequence iterables such as generators is deprecated as of NumPy 1.16 and will raise an error in the future.
  rollout_normal(env, model, save_id, args)
/home/zihan/anaconda3/envs/x/lib/python3.7/site-packages/numpy/core/shape_base.py:420: VisibleDeprecationWarning: Creating an ndarray from ragged nested sequences (which is a list-or-tuple of lists-or-tuples-or ndarrays with different lengths or shapes) is deprecated. If you meant to do this, you must specify 'dtype=object' when creating the ndarray.
  arrays = [asanyarray(arr) for arr in arrays]
/home/zihan/research/MARS/mars/rollout.py:21: FutureWarning: arrays to stack must be passed as a "sequence" type such as list or tuple. Support for non-sequence iterables such as generators is deprecated as of NumPy 1.16 and will raise an error in the future.
  rollout_normal(env, model, save_id, args)
/home/zihan/anaconda3/envs/x/lib/python3.7/site-packages/numpy/core/shape_base.py:420: VisibleDeprecationWarning: Creating an ndarray from ragged nested sequences (which is a list-or-tuple of lists-or-tuples-or ndarrays with different lengths or shapes) is deprecated. If you meant to do this, you must specify 'dtype=object' when creating the ndarray.
  arrays = [asanyarray(arr) for arr in arrays]
/home/zihan/research/MARS/mars/rollout.py:21: FutureWarning: arrays to stack must be passed as a "sequence" type such as list or tuple. Support for non-sequence iterables such as generators is deprecated as of NumPy 1.16 and will raise an error in the future.
  rollout_normal(env, model, save_id, args)
/home/zihan/anaconda3/envs/x/lib/python3.7/site-packages/numpy/core/shape_base.py:420: VisibleDeprecationWarning: Creating an ndarray from ragged nested sequences (which is a list-or-tuple of lists-or-tuples-or ndarrays with different lengths or shapes) is deprecated. If you meant to do this, you must specify 'dtype=object' when creating the ndarray.
  arrays = [asanyarray(arr) for arr in arrays]
/home/zihan/research/MARS/mars/rollout.py:21: FutureWarning: arrays to stack must be passed as a "sequence" type such as list or tuple. Support for non-sequence iterables such as generators is deprecated as of NumPy 1.16 and will raise an error in the future.
  rollout_normal(env, model, save_id, args)
/home/zihan/anaconda3/envs/x/lib/python3.7/site-packages/numpy/core/shape_base.py:420: VisibleDeprecationWarning: Creating an ndarray from ragged nested sequences (which is a list-or-tuple of lists-or-tuples-or ndarrays with different lengths or shapes) is deprecated. If you meant to do this, you must specify 'dtype=object' when creating the ndarray.
  arrays = [asanyarray(arr) for arr in arrays]
/home/zihan/research/MARS/mars/rollout.py:21: FutureWarning: arrays to stack must be passed as a "sequence" type such as list or tuple. Support for non-sequence iterables such as generators is deprecated as of NumPy 1.16 and will raise an error in the future.
  rollout_normal(env, model, save_id, args)
/home/zihan/anaconda3/envs/x/lib/python3.7/site-packages/numpy/core/shape_base.py:420: VisibleDeprecationWarning: Creating an ndarray from ragged nested sequences (which is a list-or-tuple of lists-or-tuples-or ndarrays with different lengths or shapes) is deprecated. If you meant to do this, you must specify 'dtype=object' when creating the ndarray.
  arrays = [asanyarray(arr) for arr in arrays]
/home/zihan/research/MARS/mars/rollout.py:21: FutureWarning: arrays to stack must be passed as a "sequence" type such as list or tuple. Support for non-sequence iterables such as generators is deprecated as of NumPy 1.16 and will raise an error in the future.
  rollout_normal(env, model, save_id, args)
/home/zihan/anaconda3/envs/x/lib/python3.7/site-packages/numpy/core/shape_base.py:420: VisibleDeprecationWarning: Creating an ndarray from ragged nested sequences (which is a list-or-tuple of lists-or-tuples-or ndarrays with different lengths or shapes) is deprecated. If you meant to do this, you must specify 'dtype=object' when creating the ndarray.
  arrays = [asanyarray(arr) for arr in arrays]
/home/zihan/research/MARS/mars/rollout.py:21: FutureWarning: arrays to stack must be passed as a "sequence" type such as list or tuple. Support for non-sequence iterables such as generators is deprecated as of NumPy 1.16 and will raise an error in the future.
  rollout_normal(env, model, save_id, args)
/home/zihan/anaconda3/envs/x/lib/python3.7/site-packages/numpy/core/shape_base.py:420: VisibleDeprecationWarning: Creating an ndarray from ragged nested sequences (which is a list-or-tuple of lists-or-tuples-or ndarrays with different lengths or shapes) is deprecated. If you meant to do this, you must specify 'dtype=object' when creating the ndarray.
  arrays = [asanyarray(arr) for arr in arrays]
/home/zihan/research/MARS/mars/rollout.py:21: FutureWarning: arrays to stack must be passed as a "sequence" type such as list or tuple. Support for non-sequence iterables such as generators is deprecated as of NumPy 1.16 and will raise an error in the future.
  rollout_normal(env, model, save_id, args)
/home/zihan/anaconda3/envs/x/lib/python3.7/site-packages/numpy/core/shape_base.py:420: VisibleDeprecationWarning: Creating an ndarray from ragged nested sequences (which is a list-or-tuple of lists-or-tuples-or ndarrays with different lengths or shapes) is deprecated. If you meant to do this, you must specify 'dtype=object' when creating the ndarray.
  arrays = [asanyarray(arr) for arr in arrays]
/home/zihan/anaconda3/envs/x/lib/python3.7/site-packages/numpy/core/fromnumeric.py:3441: RuntimeWarning: Mean of empty slice.
  out=out, **kwargs)
/home/zihan/anaconda3/envs/x/lib/python3.7/site-packages/numpy/core/_methods.py:189: RuntimeWarning: invalid value encountered in double_scalars
  ret = ret.dtype.type(ret / rcount)
/home/zihan/research/MARS/mars/rollout.py:21: FutureWarning: arrays to stack must be passed as a "sequence" type such as list or tuple. Support for non-sequence iterables such as generators is deprecated as of NumPy 1.16 and will raise an error in the future.
  rollout_normal(env, model, save_id, args)
/home/zihan/anaconda3/envs/x/lib/python3.7/site-packages/numpy/core/shape_base.py:420: VisibleDeprecationWarning: Creating an ndarray from ragged nested sequences (which is a list-or-tuple of lists-or-tuples-or ndarrays with different lengths or shapes) is deprecated. If you meant to do this, you must specify 'dtype=object' when creating the ndarray.
  arrays = [asanyarray(arr) for arr in arrays]
/home/zihan/research/MARS/mars/rollout.py:21: FutureWarning: arrays to stack must be passed as a "sequence" type such as list or tuple. Support for non-sequence iterables such as generators is deprecated as of NumPy 1.16 and will raise an error in the future.
  rollout_normal(env, model, save_id, args)
/home/zihan/anaconda3/envs/x/lib/python3.7/site-packages/numpy/core/shape_base.py:420: VisibleDeprecationWarning: Creating an ndarray from ragged nested sequences (which is a list-or-tuple of lists-or-tuples-or ndarrays with different lengths or shapes) is deprecated. If you meant to do this, you must specify 'dtype=object' when creating the ndarray.
  arrays = [asanyarray(arr) for arr in arrays]
/home/zihan/research/MARS/mars/rollout.py:21: FutureWarning: arrays to stack must be passed as a "sequence" type such as list or tuple. Support for non-sequence iterables such as generators is deprecated as of NumPy 1.16 and will raise an error in the future.
  rollout_normal(env, model, save_id, args)
/home/zihan/anaconda3/envs/x/lib/python3.7/site-packages/numpy/core/shape_base.py:420: VisibleDeprecationWarning: Creating an ndarray from ragged nested sequences (which is a list-or-tuple of lists-or-tuples-or ndarrays with different lengths or shapes) is deprecated. If you meant to do this, you must specify 'dtype=object' when creating the ndarray.
  arrays = [asanyarray(arr) for arr in arrays]
/home/zihan/research/MARS/mars/rollout.py:21: FutureWarning: arrays to stack must be passed as a "sequence" type such as list or tuple. Support for non-sequence iterables such as generators is deprecated as of NumPy 1.16 and will raise an error in the future.
  rollout_normal(env, model, save_id, args)
ffmpeg: /home/zihan/anaconda3/envs/x/lib/libtinfo.so.6: no version information available (required by /lib/x86_64-linux-gnu/libcaca.so.0)
ffmpeg: /home/zihan/anaconda3/envs/x/lib/libncursesw.so.6: no version information available (required by /lib/x86_64-linux-gnu/libcaca.so.0)
ffmpeg: /home/zihan/anaconda3/envs/x/lib/libncursesw.so.6: no version information available (required by /lib/x86_64-linux-gnu/libcaca.so.0)
ffmpeg: /home/zihan/anaconda3/envs/x/lib/libtinfo.so.6: no version information available (required by /lib/x86_64-linux-gnu/libcaca.so.0)
ffmpeg: /home/zihan/anaconda3/envs/x/lib/libncursesw.so.6: no version information available (required by /lib/x86_64-linux-gnu/libcaca.so.0)
ffmpeg: /home/zihan/anaconda3/envs/x/lib/libncursesw.so.6: no version information available (required by /lib/x86_64-linux-gnu/libcaca.so.0)
ffmpeg: /home/zihan/anaconda3/envs/x/lib/libtinfo.so.6: no version information available (required by /lib/x86_64-linux-gnu/libcaca.so.0)
ffmpeg: /home/zihan/anaconda3/envs/x/lib/libncursesw.so.6: no version information available (required by /lib/x86_64-linux-gnu/libcaca.so.0)
ffmpeg: /home/zihan/anaconda3/envs/x/lib/libncursesw.so.6: no version information available (required by /lib/x86_64-linux-gnu/libcaca.so.0)
ffmpeg: /home/zihan/anaconda3/envs/x/lib/libtinfo.so.6: no version information available (required by /lib/x86_64-linux-gnu/libcaca.so.0)
ffmpeg: /home/zihan/anaconda3/envs/x/lib/libncursesw.so.6: no version information available (required by /lib/x86_64-linux-gnu/libcaca.so.0)
ffmpeg: /home/zihan/anaconda3/envs/x/lib/libncursesw.so.6: no version information available (required by /lib/x86_64-linux-gnu/libcaca.so.0)
ffmpeg: /home/zihan/anaconda3/envs/x/lib/libtinfo.so.6: no version information available (required by /lib/x86_64-linux-gnu/libcaca.so.0)
ffmpeg: /home/zihan/anaconda3/envs/x/lib/libncursesw.so.6: no version information available (required by /lib/x86_64-linux-gnu/libcaca.so.0)
ffmpeg: /home/zihan/anaconda3/envs/x/lib/libncursesw.so.6: no version information available (required by /lib/x86_64-linux-gnu/libcaca.so.0)
ffmpeg: /home/zihan/anaconda3/envs/x/lib/libtinfo.so.6: no version information available (required by /lib/x86_64-linux-gnu/libcaca.so.0)
ffmpeg: /home/zihan/anaconda3/envs/x/lib/libncursesw.so.6: no version information available (required by /lib/x86_64-linux-gnu/libcaca.so.0)
ffmpeg: /home/zihan/anaconda3/envs/x/lib/libncursesw.so.6: no version information available (required by /lib/x86_64-linux-gnu/libcaca.so.0)
ffmpeg: /home/zihan/anaconda3/envs/x/lib/libtinfo.so.6: no version information available (required by /lib/x86_64-linux-gnu/libcaca.so.0)
ffmpeg: /home/zihan/anaconda3/envs/x/lib/libncursesw.so.6: no version information available (required by /lib/x86_64-linux-gnu/libcaca.so.0)
ffmpeg: /home/zihan/anaconda3/envs/x/lib/libncursesw.so.6: no version information available (required by /lib/x86_64-linux-gnu/libcaca.so.0)
ffmpeg: /home/zihan/anaconda3/envs/x/lib/libtinfo.so.6: no version information available (required by /lib/x86_64-linux-gnu/libcaca.so.0)
ffmpeg: /home/zihan/anaconda3/envs/x/lib/libncursesw.so.6: no version information available (required by /lib/x86_64-linux-gnu/libcaca.so.0)
ffmpeg: /home/zihan/anaconda3/envs/x/lib/libncursesw.so.6: no version information available (required by /lib/x86_64-linux-gnu/libcaca.so.0)
pettingzoo_double_dunk_v3
default:  {'env_name': 'double_dunk_v3', 'env_type': 'pettingzoo', 'num_envs': 5, 'ram': True, 'seed': 'random', 'record_video': False, 'algorithm': 'DQN', 'algorithm_spec': {'episodic_update': False, 'dueling': False, 'replay_buffer_size': '1e5', 'gamma': 0.99, 'multi_step': 1, 'target_update_interval': 1000, 'eps_start': 1.0, 'eps_final': 0.001, 'eps_decay': 100000}, 'num_process': 1, 'batch_size': 128, 'max_episodes': 10000, 'max_steps_per_episode': 300, 'train_start_frame': 0, 'save_id': 0, 'optimizer': 'adam', 'learning_rate': '1e-4', 'device': 'gpu', 'update_itr': 1, 'log_avg_window': 20, 'log_interval': 20, 'render': False, 'test': False, 'exploit': False, 'load_model_idx': False, 'load_model_full_path': False, 'multiprocess': False, 'eval_models': False, 'save_path': '', 'save_interval': 2000, 'wandb_activate': False, 'wandb_entity': '', 'wandb_project': '', 'wandb_group': '', 'wandb_name': '', 'net_architecture': {'hidden_dim_list': [128, 128, 128, 128], 'hidden_activation': 'ReLU', 'output_activation': False}, 'marl_method': 'selfplay', 'marl_spec': {'min_update_interval': 20, 'score_avg_window': 10, 'global_state': False, 'selfplay_score_delta': 15, 'trainable_agent_idx': 0, 'opponent_idx': 1}}
{'env_name': 'double_dunk_v3', 'env_type': 'pettingzoo', 'num_envs': 5, 'ram': True, 'seed': 'random', 'record_video': True, 'algorithm': 'DQN', 'algorithm_spec': {'episodic_update': False, 'dueling': False, 'replay_buffer_size': '1e5', 'gamma': 0.99, 'multi_step': 1, 'target_update_interval': 1000, 'eps_start': 1.0, 'eps_final': 0.001, 'eps_decay': 100000}, 'num_process': 1, 'batch_size': 128, 'max_episodes': 10000, 'max_steps_per_episode': 300, 'train_start_frame': 0, 'save_id': 202209191906, 'optimizer': 'adam', 'learning_rate': '1e-4', 'device': 'gpu', 'update_itr': 1, 'log_avg_window': 20, 'log_interval': 20, 'render': False, 'test': False, 'exploit': False, 'load_model_idx': False, 'load_model_full_path': False, 'multiprocess': False, 'eval_models': False, 'save_path': '', 'save_interval': 2000, 'wandb_activate': True, 'wandb_entity': 'quantumiracle', 'wandb_project': '', 'wandb_group': '', 'wandb_name': '', 'net_architecture': {'hidden_dim_list': [128, 128, 128, 128], 'hidden_activation': 'ReLU', 'output_activation': False}, 'marl_method': 'selfplay', 'marl_spec': {'min_update_interval': 20, 'score_avg_window': 10, 'global_state': False, 'selfplay_score_delta': 15, 'trainable_agent_idx': 0, 'opponent_idx': 1}, 'record_video_interval': 1000}
args:  {'env_name': 'double_dunk_v3', 'env_type': 'pettingzoo', 'num_envs': 5, 'ram': True, 'seed': 'random', 'record_video': True, 'algorithm': 'DQN', 'algorithm_spec': {'episodic_update': False, 'dueling': False, 'replay_buffer_size': '1e5', 'gamma': 0.99, 'multi_step': 1, 'target_update_interval': 1000, 'eps_start': 1.0, 'eps_final': 0.001, 'eps_decay': 100000}, 'num_process': 1, 'batch_size': 128, 'max_episodes': 10000, 'max_steps_per_episode': 300, 'train_start_frame': 0, 'save_id': 202209191906, 'optimizer': 'adam', 'learning_rate': '1e-4', 'device': 'gpu', 'update_itr': 1, 'log_avg_window': 20, 'log_interval': 20, 'render': False, 'test': False, 'exploit': False, 'load_model_idx': False, 'load_model_full_path': False, 'multiprocess': False, 'eval_models': False, 'save_path': '', 'save_interval': 2000, 'wandb_activate': True, 'wandb_entity': 'quantumiracle', 'wandb_project': 'Pettingzoo_MARS', 'wandb_group': '202209191906', 'wandb_name': 'pettingzoo_double_dunk_v3_selfplay_202209191906', 'net_architecture': {'hidden_dim_list': [128, 128, 128, 128], 'hidden_activation': 'ReLU', 'output_activation': False}, 'marl_method': 'selfplay', 'marl_spec': {'min_update_interval': 20, 'score_avg_window': 10, 'global_state': False, 'selfplay_score_delta': 15, 'trainable_agent_idx': 0, 'opponent_idx': 1}, 'record_video_interval': 1000}
double_dunk_v3 pettingzoo
record video: interval 1000, length 300
Load double_dunk_v3 environment in type pettingzoo.
Env observation space: <bound method aec_to_parallel_wrapper.observation_space of <pettingzoo.utils.conversions.aec_to_parallel_wrapper object at 0x7fd284136cc0>> action space: <bound method aec_to_parallel_wrapper.action_space of <pettingzoo.utils.conversions.aec_to_parallel_wrapper object at 0x7fd284136cc0>>
random seed: [15, 620, 353, 21, 790]
<mars.env.wrappers.mars_wrappers.SSVecWrapper object at 0x7fd2841643c8>
discrete_policy 18 Discrete(18)
discrete_policy 18 Discrete(18)
discrete_policy 18 Discrete(18)
Agents No. [1] (index starting from 0) are not learnable.
Arguments:  {'env_name': 'double_dunk_v3', 'env_type': 'pettingzoo', 'num_envs': 5, 'ram': True, 'seed': 'random', 'record_video': True, 'algorithm': 'DQN', 'algorithm_spec': {'episodic_update': False, 'dueling': False, 'replay_buffer_size': '1e5', 'gamma': 0.99, 'multi_step': 1, 'target_update_interval': 1000, 'eps_start': 1.0, 'eps_final': 0.001, 'eps_decay': 100000}, 'num_process': 1, 'batch_size': 128, 'max_episodes': 10000, 'max_steps_per_episode': 300, 'train_start_frame': 0, 'save_id': 202209191906, 'optimizer': 'adam', 'learning_rate': '1e-4', 'device': 'gpu', 'update_itr': 1, 'log_avg_window': 20, 'log_interval': 20, 'render': False, 'test': False, 'exploit': False, 'load_model_idx': False, 'load_model_full_path': False, 'multiprocess': False, 'eval_models': False, 'save_path': '', 'save_interval': 2000, 'wandb_activate': True, 'wandb_entity': 'quantumiracle', 'wandb_project': 'Pettingzoo_MARS', 'wandb_group': '202209191906', 'wandb_name': 'pettingzoo_double_dunk_v3_selfplay_202209191906', 'net_architecture': {'hidden_dim_list': [128, 128, 128, 128], 'hidden_activation': 'ReLU', 'output_activation': False}, 'marl_method': 'selfplay', 'marl_spec': {'min_update_interval': 20, 'score_avg_window': 10, 'global_state': False, 'selfplay_score_delta': 15, 'trainable_agent_idx': 0, 'opponent_idx': 1}, 'record_video_interval': 1000}
Save models to : /home/zihan/research/MARS/data/model/202209191906/pettingzoo_double_dunk_v3_selfplay. 
 Save logs to: /home/zihan/research/MARS/data/log/202209191906/pettingzoo_double_dunk_v3_selfplay.
Episode: 1/10000 (0.0100%),                 avg. length: 299.0,                last time consumption/overall running time: 3.20s / 3.20 s
first_0:                 episode reward: 10.0000,                 loss: 0.9819
second_0:                 episode reward: -10.0000,                 loss: nan
Episode: 21/10000 (0.2100%),                 avg. length: 299.0,                last time consumption/overall running time: 60.32s / 63.52 s
first_0:                 episode reward: 8.1500,                 loss: 0.3598
second_0:                 episode reward: -8.1500,                 loss: nan
Score delta: 18.2, update the opponent.
Episode: 41/10000 (0.4100%),                 avg. length: 299.0,                last time consumption/overall running time: 60.28s / 123.80 s
first_0:                 episode reward: -7.9500,                 loss: nan
second_0:                 episode reward: 7.9500,                 loss: 0.1385
Episode: 61/10000 (0.6100%),                 avg. length: 299.0,                last time consumption/overall running time: 61.24s / 185.03 s
first_0:                 episode reward: 0.4000,                 loss: 0.0972
second_0:                 episode reward: -0.4000,                 loss: 0.1118
Score delta: 15.8, update the opponent.
Episode: 81/10000 (0.8100%),                 avg. length: 299.0,                last time consumption/overall running time: 62.37s / 247.41 s
first_0:                 episode reward: 0.8000,                 loss: 0.0759
second_0:                 episode reward: -0.8000,                 loss: nan
Episode: 101/10000 (1.0100%),                 avg. length: 299.0,                last time consumption/overall running time: 62.92s / 310.33 s
first_0:                 episode reward: 1.0000,                 loss: 0.0616
second_0:                 episode reward: -1.0000,                 loss: nan
Episode: 121/10000 (1.2100%),                 avg. length: 299.0,                last time consumption/overall running time: 63.08s / 373.41 s
first_0:                 episode reward: 0.8500,                 loss: 0.0530ffmpeg: /home/zihan/anaconda3/envs/x/lib/libtinfo.so.6: no version information available (required by /lib/x86_64-linux-gnu/libcaca.so.0)
ffmpeg: /home/zihan/anaconda3/envs/x/lib/libncursesw.so.6: no version information available (required by /lib/x86_64-linux-gnu/libcaca.so.0)
ffmpeg: /home/zihan/anaconda3/envs/x/lib/libncursesw.so.6: no version information available (required by /lib/x86_64-linux-gnu/libcaca.so.0)
ffmpeg: /home/zihan/anaconda3/envs/x/lib/libtinfo.so.6: no version information available (required by /lib/x86_64-linux-gnu/libcaca.so.0)
ffmpeg: /home/zihan/anaconda3/envs/x/lib/libncursesw.so.6: no version information available (required by /lib/x86_64-linux-gnu/libcaca.so.0)
ffmpeg: /home/zihan/anaconda3/envs/x/lib/libncursesw.so.6: no version information available (required by /lib/x86_64-linux-gnu/libcaca.so.0)
ffmpeg: /home/zihan/anaconda3/envs/x/lib/libtinfo.so.6: no version information available (required by /lib/x86_64-linux-gnu/libcaca.so.0)
ffmpeg: /home/zihan/anaconda3/envs/x/lib/libncursesw.so.6: no version information available (required by /lib/x86_64-linux-gnu/libcaca.so.0)
ffmpeg: /home/zihan/anaconda3/envs/x/lib/libncursesw.so.6: no version information available (required by /lib/x86_64-linux-gnu/libcaca.so.0)
/home/zihan/anaconda3/envs/x/lib/python3.7/site-packages/numpy/core/shape_base.py:420: VisibleDeprecationWarning: Creating an ndarray from ragged nested sequences (which is a list-or-tuple of lists-or-tuples-or ndarrays with different lengths or shapes) is deprecated. If you meant to do this, you must specify 'dtype=object' when creating the ndarray.
  arrays = [asanyarray(arr) for arr in arrays]
/home/zihan/research/MARS/mars/rollout.py:21: FutureWarning: arrays to stack must be passed as a "sequence" type such as list or tuple. Support for non-sequence iterables such as generators is deprecated as of NumPy 1.16 and will raise an error in the future.
  rollout_normal(env, model, save_id, args)
/home/zihan/anaconda3/envs/x/lib/python3.7/site-packages/numpy/core/shape_base.py:420: VisibleDeprecationWarning: Creating an ndarray from ragged nested sequences (which is a list-or-tuple of lists-or-tuples-or ndarrays with different lengths or shapes) is deprecated. If you meant to do this, you must specify 'dtype=object' when creating the ndarray.
  arrays = [asanyarray(arr) for arr in arrays]
/home/zihan/research/MARS/mars/rollout.py:21: FutureWarning: arrays to stack must be passed as a "sequence" type such as list or tuple. Support for non-sequence iterables such as generators is deprecated as of NumPy 1.16 and will raise an error in the future.
  rollout_normal(env, model, save_id, args)
/home/zihan/anaconda3/envs/x/lib/python3.7/site-packages/numpy/core/shape_base.py:420: VisibleDeprecationWarning: Creating an ndarray from ragged nested sequences (which is a list-or-tuple of lists-or-tuples-or ndarrays with different lengths or shapes) is deprecated. If you meant to do this, you must specify 'dtype=object' when creating the ndarray.
  arrays = [asanyarray(arr) for arr in arrays]
/home/zihan/anaconda3/envs/x/lib/python3.7/site-packages/numpy/core/fromnumeric.py:3441: RuntimeWarning: Mean of empty slice.
  out=out, **kwargs)
/home/zihan/anaconda3/envs/x/lib/python3.7/site-packages/numpy/core/_methods.py:189: RuntimeWarning: invalid value encountered in double_scalars
  ret = ret.dtype.type(ret / rcount)
/home/zihan/research/MARS/mars/rollout.py:21: FutureWarning: arrays to stack must be passed as a "sequence" type such as list or tuple. Support for non-sequence iterables such as generators is deprecated as of NumPy 1.16 and will raise an error in the future.
  rollout_normal(env, model, save_id, args)
/home/zihan/anaconda3/envs/x/lib/python3.7/site-packages/numpy/core/shape_base.py:420: VisibleDeprecationWarning: Creating an ndarray from ragged nested sequences (which is a list-or-tuple of lists-or-tuples-or ndarrays with different lengths or shapes) is deprecated. If you meant to do this, you must specify 'dtype=object' when creating the ndarray.
  arrays = [asanyarray(arr) for arr in arrays]
/home/zihan/research/MARS/mars/rollout.py:21: FutureWarning: arrays to stack must be passed as a "sequence" type such as list or tuple. Support for non-sequence iterables such as generators is deprecated as of NumPy 1.16 and will raise an error in the future.
  rollout_normal(env, model, save_id, args)
/home/zihan/anaconda3/envs/x/lib/python3.7/site-packages/numpy/core/shape_base.py:420: VisibleDeprecationWarning: Creating an ndarray from ragged nested sequences (which is a list-or-tuple of lists-or-tuples-or ndarrays with different lengths or shapes) is deprecated. If you meant to do this, you must specify 'dtype=object' when creating the ndarray.
  arrays = [asanyarray(arr) for arr in arrays]
/home/zihan/research/MARS/mars/rollout.py:21: FutureWarning: arrays to stack must be passed as a "sequence" type such as list or tuple. Support for non-sequence iterables such as generators is deprecated as of NumPy 1.16 and will raise an error in the future.
  rollout_normal(env, model, save_id, args)
/home/zihan/anaconda3/envs/x/lib/python3.7/site-packages/numpy/core/shape_base.py:420: VisibleDeprecationWarning: Creating an ndarray from ragged nested sequences (which is a list-or-tuple of lists-or-tuples-or ndarrays with different lengths or shapes) is deprecated. If you meant to do this, you must specify 'dtype=object' when creating the ndarray.
  arrays = [asanyarray(arr) for arr in arrays]
/home/zihan/research/MARS/mars/rollout.py:21: FutureWarning: arrays to stack must be passed as a "sequence" type such as list or tuple. Support for non-sequence iterables such as generators is deprecated as of NumPy 1.16 and will raise an error in the future.
  rollout_normal(env, model, save_id, args)
/home/zihan/anaconda3/envs/x/lib/python3.7/site-packages/numpy/core/shape_base.py:420: VisibleDeprecationWarning: Creating an ndarray from ragged nested sequences (which is a list-or-tuple of lists-or-tuples-or ndarrays with different lengths or shapes) is deprecated. If you meant to do this, you must specify 'dtype=object' when creating the ndarray.
  arrays = [asanyarray(arr) for arr in arrays]
/home/zihan/research/MARS/mars/rollout.py:21: FutureWarning: arrays to stack must be passed as a "sequence" type such as list or tuple. Support for non-sequence iterables such as generators is deprecated as of NumPy 1.16 and will raise an error in the future.
  rollout_normal(env, model, save_id, args)
/home/zihan/anaconda3/envs/x/lib/python3.7/site-packages/numpy/core/shape_base.py:420: VisibleDeprecationWarning: Creating an ndarray from ragged nested sequences (which is a list-or-tuple of lists-or-tuples-or ndarrays with different lengths or shapes) is deprecated. If you meant to do this, you must specify 'dtype=object' when creating the ndarray.
  arrays = [asanyarray(arr) for arr in arrays]
/home/zihan/research/MARS/mars/rollout.py:21: FutureWarning: arrays to stack must be passed as a "sequence" type such as list or tuple. Support for non-sequence iterables such as generators is deprecated as of NumPy 1.16 and will raise an error in the future.
  rollout_normal(env, model, save_id, args)
/home/zihan/anaconda3/envs/x/lib/python3.7/site-packages/numpy/core/shape_base.py:420: VisibleDeprecationWarning: Creating an ndarray from ragged nested sequences (which is a list-or-tuple of lists-or-tuples-or ndarrays with different lengths or shapes) is deprecated. If you meant to do this, you must specify 'dtype=object' when creating the ndarray.
  arrays = [asanyarray(arr) for arr in arrays]
/home/zihan/anaconda3/envs/x/lib/python3.7/site-packages/numpy/core/fromnumeric.py:3441: RuntimeWarning: Mean of empty slice.
  out=out, **kwargs)
/home/zihan/anaconda3/envs/x/lib/python3.7/site-packages/numpy/core/_methods.py:189: RuntimeWarning: invalid value encountered in double_scalars
  ret = ret.dtype.type(ret / rcount)
/home/zihan/research/MARS/mars/rollout.py:21: FutureWarning: arrays to stack must be passed as a "sequence" type such as list or tuple. Support for non-sequence iterables such as generators is deprecated as of NumPy 1.16 and will raise an error in the future.
  rollout_normal(env, model, save_id, args)
/home/zihan/anaconda3/envs/x/lib/python3.7/site-packages/numpy/core/shape_base.py:420: VisibleDeprecationWarning: Creating an ndarray from ragged nested sequences (which is a list-or-tuple of lists-or-tuples-or ndarrays with different lengths or shapes) is deprecated. If you meant to do this, you must specify 'dtype=object' when creating the ndarray.
  arrays = [asanyarray(arr) for arr in arrays]
/home/zihan/research/MARS/mars/rollout.py:21: FutureWarning: arrays to stack must be passed as a "sequence" type such as list or tuple. Support for non-sequence iterables such as generators is deprecated as of NumPy 1.16 and will raise an error in the future.
  rollout_normal(env, model, save_id, args)
/home/zihan/anaconda3/envs/x/lib/python3.7/site-packages/numpy/core/shape_base.py:420: VisibleDeprecationWarning: Creating an ndarray from ragged nested sequences (which is a list-or-tuple of lists-or-tuples-or ndarrays with different lengths or shapes) is deprecated. If you meant to do this, you must specify 'dtype=object' when creating the ndarray.
  arrays = [asanyarray(arr) for arr in arrays]
/home/zihan/research/MARS/mars/rollout.py:21: FutureWarning: arrays to stack must be passed as a "sequence" type such as list or tuple. Support for non-sequence iterables such as generators is deprecated as of NumPy 1.16 and will raise an error in the future.
  rollout_normal(env, model, save_id, args)
ffmpeg: /home/zihan/anaconda3/envs/x/lib/libtinfo.so.6: no version information available (required by /lib/x86_64-linux-gnu/libcaca.so.0)
ffmpeg: /home/zihan/anaconda3/envs/x/lib/libncursesw.so.6: no version information available (required by /lib/x86_64-linux-gnu/libcaca.so.0)
ffmpeg: /home/zihan/anaconda3/envs/x/lib/libncursesw.so.6: no version information available (required by /lib/x86_64-linux-gnu/libcaca.so.0)
ffmpeg: /home/zihan/anaconda3/envs/x/lib/libtinfo.so.6: no version information available (required by /lib/x86_64-linux-gnu/libcaca.so.0)
ffmpeg: /home/zihan/anaconda3/envs/x/lib/libncursesw.so.6: no version information available (required by /lib/x86_64-linux-gnu/libcaca.so.0)
ffmpeg: /home/zihan/anaconda3/envs/x/lib/libncursesw.so.6: no version information available (required by /lib/x86_64-linux-gnu/libcaca.so.0)
ffmpeg: /home/zihan/anaconda3/envs/x/lib/libtinfo.so.6: no version information available (required by /lib/x86_64-linux-gnu/libcaca.so.0)
ffmpeg: /home/zihan/anaconda3/envs/x/lib/libncursesw.so.6: no version information available (required by /lib/x86_64-linux-gnu/libcaca.so.0)
ffmpeg: /home/zihan/anaconda3/envs/x/lib/libncursesw.so.6: no version information available (required by /lib/x86_64-linux-gnu/libcaca.so.0)
ffmpeg: /home/zihan/anaconda3/envs/x/lib/libtinfo.so.6: no version information available (required by /lib/x86_64-linux-gnu/libcaca.so.0)
ffmpeg: /home/zihan/anaconda3/envs/x/lib/libncursesw.so.6: no version information available (required by /lib/x86_64-linux-gnu/libcaca.so.0)
ffmpeg: /home/zihan/anaconda3/envs/x/lib/libncursesw.so.6: no version information available (required by /lib/x86_64-linux-gnu/libcaca.so.0)
ffmpeg: /home/zihan/anaconda3/envs/x/lib/libtinfo.so.6: no version information available (required by /lib/x86_64-linux-gnu/libcaca.so.0)
ffmpeg: /home/zihan/anaconda3/envs/x/lib/libncursesw.so.6: no version information available (required by /lib/x86_64-linux-gnu/libcaca.so.0)
ffmpeg: /home/zihan/anaconda3/envs/x/lib/libncursesw.so.6: no version information available (required by /lib/x86_64-linux-gnu/libcaca.so.0)
ffmpeg: /home/zihan/anaconda3/envs/x/lib/libtinfo.so.6: no version information available (required by /lib/x86_64-linux-gnu/libcaca.so.0)
ffmpeg: /home/zihan/anaconda3/envs/x/lib/libncursesw.so.6: no version information available (required by /lib/x86_64-linux-gnu/libcaca.so.0)
ffmpeg: /home/zihan/anaconda3/envs/x/lib/libncursesw.so.6: no version information available (required by /lib/x86_64-linux-gnu/libcaca.so.0)
ffmpeg: /home/zihan/anaconda3/envs/x/lib/libtinfo.so.6: no version information available (required by /lib/x86_64-linux-gnu/libcaca.so.0)
ffmpeg: /home/zihan/anaconda3/envs/x/lib/libncursesw.so.6: no version information available (required by /lib/x86_64-linux-gnu/libcaca.so.0)
ffmpeg: /home/zihan/anaconda3/envs/x/lib/libncursesw.so.6: no version information available (required by /lib/x86_64-linux-gnu/libcaca.so.0)
ffmpeg: /home/zihan/anaconda3/envs/x/lib/libtinfo.so.6: no version information available (required by /lib/x86_64-linux-gnu/libcaca.so.0)
ffmpeg: /home/zihan/anaconda3/envs/x/lib/libncursesw.so.6: no version information available (required by /lib/x86_64-linux-gnu/libcaca.so.0)
ffmpeg: /home/zihan/anaconda3/envs/x/lib/libncursesw.so.6: no version information available (required by /lib/x86_64-linux-gnu/libcaca.so.0)
ffmpeg: /home/zihan/anaconda3/envs/x/lib/libtinfo.so.6: no version information available (required by /lib/x86_64-linux-gnu/libcaca.so.0)
ffmpeg: /home/zihan/anaconda3/envs/x/lib/libncursesw.so.6: no version information available (required by /lib/x86_64-linux-gnu/libcaca.so.0)
ffmpeg: /home/zihan/anaconda3/envs/x/lib/libncursesw.so.6: no version information available (required by /lib/x86_64-linux-gnu/libcaca.so.0)
ffmpeg: /home/zihan/anaconda3/envs/x/lib/libtinfo.so.6: no version information available (required by /lib/x86_64-linux-gnu/libcaca.so.0)
ffmpeg: /home/zihan/anaconda3/envs/x/lib/libncursesw.so.6: no version information available (required by /lib/x86_64-linux-gnu/libcaca.so.0)
ffmpeg: /home/zihan/anaconda3/envs/x/lib/libncursesw.so.6: no version information available (required by /lib/x86_64-linux-gnu/libcaca.so.0)
ffmpeg: /home/zihan/anaconda3/envs/x/lib/libtinfo.so.6: no version information available (required by /lib/x86_64-linux-gnu/libcaca.so.0)
ffmpeg: /home/zihan/anaconda3/envs/x/lib/libncursesw.so.6: no version information available (required by /lib/x86_64-linux-gnu/libcaca.so.0)
ffmpeg: /home/zihan/anaconda3/envs/x/lib/libncursesw.so.6: no version information available (required by /lib/x86_64-linux-gnu/libcaca.so.0)
/home/zihan/anaconda3/envs/x/lib/python3.7/site-packages/numpy/core/shape_base.py:420: VisibleDeprecationWarning: Creating an ndarray from ragged nested sequences (which is a list-or-tuple of lists-or-tuples-or ndarrays with different lengths or shapes) is deprecated. If you meant to do this, you must specify 'dtype=object' when creating the ndarray.
  arrays = [asanyarray(arr) for arr in arrays]
/home/zihan/research/MARS/mars/rollout.py:21: FutureWarning: arrays to stack must be passed as a "sequence" type such as list or tuple. Support for non-sequence iterables such as generators is deprecated as of NumPy 1.16 and will raise an error in the future.
  rollout_normal(env, model, save_id, args)
/home/zihan/anaconda3/envs/x/lib/python3.7/site-packages/numpy/core/shape_base.py:420: VisibleDeprecationWarning: Creating an ndarray from ragged nested sequences (which is a list-or-tuple of lists-or-tuples-or ndarrays with different lengths or shapes) is deprecated. If you meant to do this, you must specify 'dtype=object' when creating the ndarray.
  arrays = [asanyarray(arr) for arr in arrays]
/home/zihan/research/MARS/mars/rollout.py:21: FutureWarning: arrays to stack must be passed as a "sequence" type such as list or tuple. Support for non-sequence iterables such as generators is deprecated as of NumPy 1.16 and will raise an error in the future.
  rollout_normal(env, model, save_id, args)
/home/zihan/anaconda3/envs/x/lib/python3.7/site-packages/numpy/core/shape_base.py:420: VisibleDeprecationWarning: Creating an ndarray from ragged nested sequences (which is a list-or-tuple of lists-or-tuples-or ndarrays with different lengths or shapes) is deprecated. If you meant to do this, you must specify 'dtype=object' when creating the ndarray.
  arrays = [asanyarray(arr) for arr in arrays]
/home/zihan/research/MARS/mars/rollout.py:21: FutureWarning: arrays to stack must be passed as a "sequence" type such as list or tuple. Support for non-sequence iterables such as generators is deprecated as of NumPy 1.16 and will raise an error in the future.
  rollout_normal(env, model, save_id, args)
/home/zihan/anaconda3/envs/x/lib/python3.7/site-packages/numpy/core/shape_base.py:420: VisibleDeprecationWarning: Creating an ndarray from ragged nested sequences (which is a list-or-tuple of lists-or-tuples-or ndarrays with different lengths or shapes) is deprecated. If you meant to do this, you must specify 'dtype=object' when creating the ndarray.
  arrays = [asanyarray(arr) for arr in arrays]
/home/zihan/anaconda3/envs/x/lib/python3.7/site-packages/numpy/core/fromnumeric.py:3441: RuntimeWarning: Mean of empty slice.
  out=out, **kwargs)
/home/zihan/anaconda3/envs/x/lib/python3.7/site-packages/numpy/core/_methods.py:189: RuntimeWarning: invalid value encountered in double_scalars
  ret = ret.dtype.type(ret / rcount)
/home/zihan/research/MARS/mars/rollout.py:21: FutureWarning: arrays to stack must be passed as a "sequence" type such as list or tuple. Support for non-sequence iterables such as generators is deprecated as of NumPy 1.16 and will raise an error in the future.
  rollout_normal(env, model, save_id, args)
/home/zihan/anaconda3/envs/x/lib/python3.7/site-packages/numpy/core/shape_base.py:420: VisibleDeprecationWarning: Creating an ndarray from ragged nested sequences (which is a list-or-tuple of lists-or-tuples-or ndarrays with different lengths or shapes) is deprecated. If you meant to do this, you must specify 'dtype=object' when creating the ndarray.
  arrays = [asanyarray(arr) for arr in arrays]
/home/zihan/research/MARS/mars/rollout.py:21: FutureWarning: arrays to stack must be passed as a "sequence" type such as list or tuple. Support for non-sequence iterables such as generators is deprecated as of NumPy 1.16 and will raise an error in the future.
  rollout_normal(env, model, save_id, args)
/home/zihan/anaconda3/envs/x/lib/python3.7/site-packages/numpy/core/shape_base.py:420: VisibleDeprecationWarning: Creating an ndarray from ragged nested sequences (which is a list-or-tuple of lists-or-tuples-or ndarrays with different lengths or shapes) is deprecated. If you meant to do this, you must specify 'dtype=object' when creating the ndarray.
  arrays = [asanyarray(arr) for arr in arrays]
/home/zihan/research/MARS/mars/rollout.py:21: FutureWarning: arrays to stack must be passed as a "sequence" type such as list or tuple. Support for non-sequence iterables such as generators is deprecated as of NumPy 1.16 and will raise an error in the future.
  rollout_normal(env, model, save_id, args)
/home/zihan/anaconda3/envs/x/lib/python3.7/site-packages/numpy/core/shape_base.py:420: VisibleDeprecationWarning: Creating an ndarray from ragged nested sequences (which is a list-or-tuple of lists-or-tuples-or ndarrays with different lengths or shapes) is deprecated. If you meant to do this, you must specify 'dtype=object' when creating the ndarray.
  arrays = [asanyarray(arr) for arr in arrays]
/home/zihan/research/MARS/mars/rollout.py:21: FutureWarning: arrays to stack must be passed as a "sequence" type such as list or tuple. Support for non-sequence iterables such as generators is deprecated as of NumPy 1.16 and will raise an error in the future.
  rollout_normal(env, model, save_id, args)
/home/zihan/anaconda3/envs/x/lib/python3.7/site-packages/numpy/core/shape_base.py:420: VisibleDeprecationWarning: Creating an ndarray from ragged nested sequences (which is a list-or-tuple of lists-or-tuples-or ndarrays with different lengths or shapes) is deprecated. If you meant to do this, you must specify 'dtype=object' when creating the ndarray.
  arrays = [asanyarray(arr) for arr in arrays]
/home/zihan/research/MARS/mars/rollout.py:21: FutureWarning: arrays to stack must be passed as a "sequence" type such as list or tuple. Support for non-sequence iterables such as generators is deprecated as of NumPy 1.16 and will raise an error in the future.
  rollout_normal(env, model, save_id, args)
/home/zihan/anaconda3/envs/x/lib/python3.7/site-packages/numpy/core/shape_base.py:420: VisibleDeprecationWarning: Creating an ndarray from ragged nested sequences (which is a list-or-tuple of lists-or-tuples-or ndarrays with different lengths or shapes) is deprecated. If you meant to do this, you must specify 'dtype=object' when creating the ndarray.
  arrays = [asanyarray(arr) for arr in arrays]
/home/zihan/research/MARS/mars/rollout.py:21: FutureWarning: arrays to stack must be passed as a "sequence" type such as list or tuple. Support for non-sequence iterables such as generators is deprecated as of NumPy 1.16 and will raise an error in the future.
  rollout_normal(env, model, save_id, args)
/home/zihan/anaconda3/envs/x/lib/python3.7/site-packages/numpy/core/shape_base.py:420: VisibleDeprecationWarning: Creating an ndarray from ragged nested sequences (which is a list-or-tuple of lists-or-tuples-or ndarrays with different lengths or shapes) is deprecated. If you meant to do this, you must specify 'dtype=object' when creating the ndarray.
  arrays = [asanyarray(arr) for arr in arrays]
/home/zihan/anaconda3/envs/x/lib/python3.7/site-packages/numpy/core/fromnumeric.py:3441: RuntimeWarning: Mean of empty slice.
  out=out, **kwargs)
/home/zihan/anaconda3/envs/x/lib/python3.7/site-packages/numpy/core/_methods.py:189: RuntimeWarning: invalid value encountered in double_scalars
  ret = ret.dtype.type(ret / rcount)
/home/zihan/research/MARS/mars/rollout.py:21: FutureWarning: arrays to stack must be passed as a "sequence" type such as list or tuple. Support for non-sequence iterables such as generators is deprecated as of NumPy 1.16 and will raise an error in the future.
  rollout_normal(env, model, save_id, args)
/home/zihan/anaconda3/envs/x/lib/python3.7/site-packages/numpy/core/shape_base.py:420: VisibleDeprecationWarning: Creating an ndarray from ragged nested sequences (which is a list-or-tuple of lists-or-tuples-or ndarrays with different lengths or shapes) is deprecated. If you meant to do this, you must specify 'dtype=object' when creating the ndarray.
  arrays = [asanyarray(arr) for arr in arrays]
/home/zihan/research/MARS/mars/rollout.py:21: FutureWarning: arrays to stack must be passed as a "sequence" type such as list or tuple. Support for non-sequence iterables such as generators is deprecated as of NumPy 1.16 and will raise an error in the future.
  rollout_normal(env, model, save_id, args)
ffmpeg: /home/zihan/anaconda3/envs/x/lib/libtinfo.so.6: no version information available (required by /lib/x86_64-linux-gnu/libcaca.so.0)
ffmpeg: /home/zihan/anaconda3/envs/x/lib/libncursesw.so.6: no version information available (required by /lib/x86_64-linux-gnu/libcaca.so.0)
ffmpeg: /home/zihan/anaconda3/envs/x/lib/libncursesw.so.6: no version information available (required by /lib/x86_64-linux-gnu/libcaca.so.0)
ffmpeg: /home/zihan/anaconda3/envs/x/lib/libtinfo.so.6: no version information available (required by /lib/x86_64-linux-gnu/libcaca.so.0)
ffmpeg: /home/zihan/anaconda3/envs/x/lib/libncursesw.so.6: no version information available (required by /lib/x86_64-linux-gnu/libcaca.so.0)
ffmpeg: /home/zihan/anaconda3/envs/x/lib/libncursesw.so.6: no version information available (required by /lib/x86_64-linux-gnu/libcaca.so.0)
ffmpeg: /home/zihan/anaconda3/envs/x/lib/libtinfo.so.6: no version information available (required by /lib/x86_64-linux-gnu/libcaca.so.0)
ffmpeg: /home/zihan/anaconda3/envs/x/lib/libncursesw.so.6: no version information available (required by /lib/x86_64-linux-gnu/libcaca.so.0)
ffmpeg: /home/zihan/anaconda3/envs/x/lib/libncursesw.so.6: no version information available (required by /lib/x86_64-linux-gnu/libcaca.so.0)
ffmpeg: /home/zihan/anaconda3/envs/x/lib/libtinfo.so.6: no version information available (required by /lib/x86_64-linux-gnu/libcaca.so.0)
ffmpeg: /home/zihan/anaconda3/envs/x/lib/libncursesw.so.6: no version information available (required by /lib/x86_64-linux-gnu/libcaca.so.0)
ffmpeg: /home/zihan/anaconda3/envs/x/lib/libncursesw.so.6: no version information available (required by /lib/x86_64-linux-gnu/libcaca.so.0)
ffmpeg: /home/zihan/anaconda3/envs/x/lib/libtinfo.so.6: no version information available (required by /lib/x86_64-linux-gnu/libcaca.so.0)
ffmpeg: /home/zihan/anaconda3/envs/x/lib/libncursesw.so.6: no version information available (required by /lib/x86_64-linux-gnu/libcaca.so.0)
ffmpeg: /home/zihan/anaconda3/envs/x/lib/libncursesw.so.6: no version information available (required by /lib/x86_64-linux-gnu/libcaca.so.0)
ffmpeg: /home/zihan/anaconda3/envs/x/lib/libtinfo.so.6: no version information available (required by /lib/x86_64-linux-gnu/libcaca.so.0)
ffmpeg: /home/zihan/anaconda3/envs/x/lib/libncursesw.so.6: no version information available (required by /lib/x86_64-linux-gnu/libcaca.so.0)
ffmpeg: /home/zihan/anaconda3/envs/x/lib/libncursesw.so.6: no version information available (required by /lib/x86_64-linux-gnu/libcaca.so.0)
ffmpeg: /home/zihan/anaconda3/envs/x/lib/libtinfo.so.6: no version information available (required by /lib/x86_64-linux-gnu/libcaca.so.0)
ffmpeg: /home/zihan/anaconda3/envs/x/lib/libncursesw.so.6: no version information available (required by /lib/x86_64-linux-gnu/libcaca.so.0)
ffmpeg: /home/zihan/anaconda3/envs/x/lib/libncursesw.so.6: no version information available (required by /lib/x86_64-linux-gnu/libcaca.so.0)
ffmpeg: /home/zihan/anaconda3/envs/x/lib/libtinfo.so.6: no version information available (required by /lib/x86_64-linux-gnu/libcaca.so.0)
ffmpeg: /home/zihan/anaconda3/envs/x/lib/libncursesw.so.6: no version information available (required by /lib/x86_64-linux-gnu/libcaca.so.0)
ffmpeg: /home/zihan/anaconda3/envs/x/lib/libncursesw.so.6: no version information available (required by /lib/x86_64-linux-gnu/libcaca.so.0)
/home/zihan/anaconda3/envs/x/lib/python3.7/site-packages/numpy/core/shape_base.py:420: VisibleDeprecationWarning: Creating an ndarray from ragged nested sequences (which is a list-or-tuple of lists-or-tuples-or ndarrays with different lengths or shapes) is deprecated. If you meant to do this, you must specify 'dtype=object' when creating the ndarray.
  arrays = [asanyarray(arr) for arr in arrays]
/home/zihan/research/MARS/mars/rollout.py:21: FutureWarning: arrays to stack must be passed as a "sequence" type such as list or tuple. Support for non-sequence iterables such as generators is deprecated as of NumPy 1.16 and will raise an error in the future.
  rollout_normal(env, model, save_id, args)
/home/zihan/anaconda3/envs/x/lib/python3.7/site-packages/numpy/core/shape_base.py:420: VisibleDeprecationWarning: Creating an ndarray from ragged nested sequences (which is a list-or-tuple of lists-or-tuples-or ndarrays with different lengths or shapes) is deprecated. If you meant to do this, you must specify 'dtype=object' when creating the ndarray.
  arrays = [asanyarray(arr) for arr in arrays]
/home/zihan/research/MARS/mars/rollout.py:21: FutureWarning: arrays to stack must be passed as a "sequence" type such as list or tuple. Support for non-sequence iterables such as generators is deprecated as of NumPy 1.16 and will raise an error in the future.
  rollout_normal(env, model, save_id, args)
/home/zihan/anaconda3/envs/x/lib/python3.7/site-packages/numpy/core/shape_base.py:420: VisibleDeprecationWarning: Creating an ndarray from ragged nested sequences (which is a list-or-tuple of lists-or-tuples-or ndarrays with different lengths or shapes) is deprecated. If you meant to do this, you must specify 'dtype=object' when creating the ndarray.
  arrays = [asanyarray(arr) for arr in arrays]
/home/zihan/research/MARS/mars/rollout.py:21: FutureWarning: arrays to stack must be passed as a "sequence" type such as list or tuple. Support for non-sequence iterables such as generators is deprecated as of NumPy 1.16 and will raise an error in the future.
  rollout_normal(env, model, save_id, args)
/home/zihan/anaconda3/envs/x/lib/python3.7/site-packages/numpy/core/shape_base.py:420: VisibleDeprecationWarning: Creating an ndarray from ragged nested sequences (which is a list-or-tuple of lists-or-tuples-or ndarrays with different lengths or shapes) is deprecated. If you meant to do this, you must specify 'dtype=object' when creating the ndarray.
  arrays = [asanyarray(arr) for arr in arrays]
/home/zihan/research/MARS/mars/rollout.py:21: FutureWarning: arrays to stack must be passed as a "sequence" type such as list or tuple. Support for non-sequence iterables such as generators is deprecated as of NumPy 1.16 and will raise an error in the future.
  rollout_normal(env, model, save_id, args)
/home/zihan/anaconda3/envs/x/lib/python3.7/site-packages/numpy/core/shape_base.py:420: VisibleDeprecationWarning: Creating an ndarray from ragged nested sequences (which is a list-or-tuple of lists-or-tuples-or ndarrays with different lengths or shapes) is deprecated. If you meant to do this, you must specify 'dtype=object' when creating the ndarray.
  arrays = [asanyarray(arr) for arr in arrays]
/home/zihan/anaconda3/envs/x/lib/python3.7/site-packages/numpy/core/fromnumeric.py:3441: RuntimeWarning: Mean of empty slice.
  out=out, **kwargs)
/home/zihan/anaconda3/envs/x/lib/python3.7/site-packages/numpy/core/_methods.py:189: RuntimeWarning: invalid value encountered in double_scalars
  ret = ret.dtype.type(ret / rcount)
/home/zihan/research/MARS/mars/rollout.py:21: FutureWarning: arrays to stack must be passed as a "sequence" type such as list or tuple. Support for non-sequence iterables such as generators is deprecated as of NumPy 1.16 and will raise an error in the future.
  rollout_normal(env, model, save_id, args)
/home/zihan/anaconda3/envs/x/lib/python3.7/site-packages/numpy/core/shape_base.py:420: VisibleDeprecationWarning: Creating an ndarray from ragged nested sequences (which is a list-or-tuple of lists-or-tuples-or ndarrays with different lengths or shapes) is deprecated. If you meant to do this, you must specify 'dtype=object' when creating the ndarray.
  arrays = [asanyarray(arr) for arr in arrays]
/home/zihan/research/MARS/mars/rollout.py:21: FutureWarning: arrays to stack must be passed as a "sequence" type such as list or tuple. Support for non-sequence iterables such as generators is deprecated as of NumPy 1.16 and will raise an error in the future.
  rollout_normal(env, model, save_id, args)
/home/zihan/anaconda3/envs/x/lib/python3.7/site-packages/numpy/core/shape_base.py:420: VisibleDeprecationWarning: Creating an ndarray from ragged nested sequences (which is a list-or-tuple of lists-or-tuples-or ndarrays with different lengths or shapes) is deprecated. If you meant to do this, you must specify 'dtype=object' when creating the ndarray.
  arrays = [asanyarray(arr) for arr in arrays]
/home/zihan/research/MARS/mars/rollout.py:21: FutureWarning: arrays to stack must be passed as a "sequence" type such as list or tuple. Support for non-sequence iterables such as generators is deprecated as of NumPy 1.16 and will raise an error in the future.
  rollout_normal(env, model, save_id, args)
/home/zihan/anaconda3/envs/x/lib/python3.7/site-packages/numpy/core/shape_base.py:420: VisibleDeprecationWarning: Creating an ndarray from ragged nested sequences (which is a list-or-tuple of lists-or-tuples-or ndarrays with different lengths or shapes) is deprecated. If you meant to do this, you must specify 'dtype=object' when creating the ndarray.
  arrays = [asanyarray(arr) for arr in arrays]
/home/zihan/research/MARS/mars/rollout.py:21: FutureWarning: arrays to stack must be passed as a "sequence" type such as list or tuple. Support for non-sequence iterables such as generators is deprecated as of NumPy 1.16 and will raise an error in the future.
  rollout_normal(env, model, save_id, args)
/home/zihan/anaconda3/envs/x/lib/python3.7/site-packages/numpy/core/shape_base.py:420: VisibleDeprecationWarning: Creating an ndarray from ragged nested sequences (which is a list-or-tuple of lists-or-tuples-or ndarrays with different lengths or shapes) is deprecated. If you meant to do this, you must specify 'dtype=object' when creating the ndarray.
  arrays = [asanyarray(arr) for arr in arrays]
wandb: 429 encountered (Filestream rate limit exceeded, retrying in 2.423537109815935 seconds), retrying request
ffmpeg: /home/zihan/anaconda3/envs/x/lib/libtinfo.so.6: no version information available (required by /lib/x86_64-linux-gnu/libcaca.so.0)
ffmpeg: /home/zihan/anaconda3/envs/x/lib/libncursesw.so.6: no version information available (required by /lib/x86_64-linux-gnu/libcaca.so.0)
ffmpeg: /home/zihan/anaconda3/envs/x/lib/libncursesw.so.6: no version information available (required by /lib/x86_64-linux-gnu/libcaca.so.0)
/home/zihan/research/MARS/mars/rollout.py:21: FutureWarning: arrays to stack must be passed as a "sequence" type such as list or tuple. Support for non-sequence iterables such as generators is deprecated as of NumPy 1.16 and will raise an error in the future.
  rollout_normal(env, model, save_id, args)
/home/zihan/anaconda3/envs/x/lib/python3.7/site-packages/numpy/core/shape_base.py:420: VisibleDeprecationWarning: Creating an ndarray from ragged nested sequences (which is a list-or-tuple of lists-or-tuples-or ndarrays with different lengths or shapes) is deprecated. If you meant to do this, you must specify 'dtype=object' when creating the ndarray.
  arrays = [asanyarray(arr) for arr in arrays]
wandb: 429 encountered (Filestream rate limit exceeded, retrying in 4.513495548295204 seconds), retrying request
ffmpeg: /home/zihan/anaconda3/envs/x/lib/libtinfo.so.6: no version information available (required by /lib/x86_64-linux-gnu/libcaca.so.0)
ffmpeg: /home/zihan/anaconda3/envs/x/lib/libncursesw.so.6: no version information available (required by /lib/x86_64-linux-gnu/libcaca.so.0)
ffmpeg: /home/zihan/anaconda3/envs/x/lib/libncursesw.so.6: no version information available (required by /lib/x86_64-linux-gnu/libcaca.so.0)
ffmpeg: /home/zihan/anaconda3/envs/x/lib/libtinfo.so.6: no version information available (required by /lib/x86_64-linux-gnu/libcaca.so.0)
ffmpeg: /home/zihan/anaconda3/envs/x/lib/libncursesw.so.6: no version information available (required by /lib/x86_64-linux-gnu/libcaca.so.0)
ffmpeg: /home/zihan/anaconda3/envs/x/lib/libncursesw.so.6: no version information available (required by /lib/x86_64-linux-gnu/libcaca.so.0)
/home/zihan/research/MARS/mars/rollout.py:21: FutureWarning: arrays to stack must be passed as a "sequence" type such as list or tuple. Support for non-sequence iterables such as generators is deprecated as of NumPy 1.16 and will raise an error in the future.
  rollout_normal(env, model, save_id, args)
/home/zihan/anaconda3/envs/x/lib/python3.7/site-packages/numpy/core/shape_base.py:420: VisibleDeprecationWarning: Creating an ndarray from ragged nested sequences (which is a list-or-tuple of lists-or-tuples-or ndarrays with different lengths or shapes) is deprecated. If you meant to do this, you must specify 'dtype=object' when creating the ndarray.
  arrays = [asanyarray(arr) for arr in arrays]
/home/zihan/anaconda3/envs/x/lib/python3.7/site-packages/numpy/core/fromnumeric.py:3441: RuntimeWarning: Mean of empty slice.
  out=out, **kwargs)
/home/zihan/anaconda3/envs/x/lib/python3.7/site-packages/numpy/core/_methods.py:189: RuntimeWarning: invalid value encountered in double_scalars
  ret = ret.dtype.type(ret / rcount)
/home/zihan/research/MARS/mars/rollout.py:21: FutureWarning: arrays to stack must be passed as a "sequence" type such as list or tuple. Support for non-sequence iterables such as generators is deprecated as of NumPy 1.16 and will raise an error in the future.
  rollout_normal(env, model, save_id, args)
/home/zihan/anaconda3/envs/x/lib/python3.7/site-packages/numpy/core/shape_base.py:420: VisibleDeprecationWarning: Creating an ndarray from ragged nested sequences (which is a list-or-tuple of lists-or-tuples-or ndarrays with different lengths or shapes) is deprecated. If you meant to do this, you must specify 'dtype=object' when creating the ndarray.
  arrays = [asanyarray(arr) for arr in arrays]
wandb: 429 encountered (Filestream rate limit exceeded, retrying in 2.0875085853194673 seconds), retrying request
ffmpeg: /home/zihan/anaconda3/envs/x/lib/libtinfo.so.6: no version information available (required by /lib/x86_64-linux-gnu/libcaca.so.0)
ffmpeg: /home/zihan/anaconda3/envs/x/lib/libncursesw.so.6: no version information available (required by /lib/x86_64-linux-gnu/libcaca.so.0)
ffmpeg: /home/zihan/anaconda3/envs/x/lib/libncursesw.so.6: no version information available (required by /lib/x86_64-linux-gnu/libcaca.so.0)
ffmpeg: /home/zihan/anaconda3/envs/x/lib/libtinfo.so.6: no version information available (required by /lib/x86_64-linux-gnu/libcaca.so.0)
ffmpeg: /home/zihan/anaconda3/envs/x/lib/libncursesw.so.6: no version information available (required by /lib/x86_64-linux-gnu/libcaca.so.0)
ffmpeg: /home/zihan/anaconda3/envs/x/lib/libncursesw.so.6: no version information available (required by /lib/x86_64-linux-gnu/libcaca.so.0)
/home/zihan/research/MARS/mars/rollout.py:21: FutureWarning: arrays to stack must be passed as a "sequence" type such as list or tuple. Support for non-sequence iterables such as generators is deprecated as of NumPy 1.16 and will raise an error in the future.
  rollout_normal(env, model, save_id, args)
/home/zihan/anaconda3/envs/x/lib/python3.7/site-packages/numpy/core/shape_base.py:420: VisibleDeprecationWarning: Creating an ndarray from ragged nested sequences (which is a list-or-tuple of lists-or-tuples-or ndarrays with different lengths or shapes) is deprecated. If you meant to do this, you must specify 'dtype=object' when creating the ndarray.
  arrays = [asanyarray(arr) for arr in arrays]
/home/zihan/research/MARS/mars/rollout.py:21: FutureWarning: arrays to stack must be passed as a "sequence" type such as list or tuple. Support for non-sequence iterables such as generators is deprecated as of NumPy 1.16 and will raise an error in the future.
  rollout_normal(env, model, save_id, args)
/home/zihan/anaconda3/envs/x/lib/python3.7/site-packages/numpy/core/shape_base.py:420: VisibleDeprecationWarning: Creating an ndarray from ragged nested sequences (which is a list-or-tuple of lists-or-tuples-or ndarrays with different lengths or shapes) is deprecated. If you meant to do this, you must specify 'dtype=object' when creating the ndarray.
  arrays = [asanyarray(arr) for arr in arrays]
wandb: 429 encountered (Filestream rate limit exceeded, retrying in 2.102150478343261 seconds), retrying request
ffmpeg: /home/zihan/anaconda3/envs/x/lib/libtinfo.so.6: no version information available (required by /lib/x86_64-linux-gnu/libcaca.so.0)
ffmpeg: /home/zihan/anaconda3/envs/x/lib/libncursesw.so.6: no version information available (required by /lib/x86_64-linux-gnu/libcaca.so.0)
ffmpeg: /home/zihan/anaconda3/envs/x/lib/libncursesw.so.6: no version information available (required by /lib/x86_64-linux-gnu/libcaca.so.0)
