pygame 2.0.1 (SDL 2.0.14, Python 3.7.0)
Hello from the pygame community. https://www.pygame.org/contribute.html
pong_v2 pettingzoo
/home/zihan/anaconda3/envs/x/lib/python3.7/site-packages/ecos/ecos.py:26: UserWarning: Converting G to a CSC matrix; may take a while.
  warn("Converting G to a CSC matrix; may take a while.")
/home/zihan/anaconda3/envs/x/lib/python3.7/site-packages/ecos/ecos.py:29: UserWarning: Converting A to a CSC matrix; may take a while.
  warn("Converting A to a CSC matrix; may take a while.")
random seed: [36, 3]
<SubprocVectorEnv instance>
ParallelDQN(
  (net): MLP(
    (body): Sequential(
      (0): Linear(in_features=128, out_features=128, bias=True)
      (1): ReLU()
      (2): Linear(in_features=128, out_features=128, bias=True)
      (3): ReLU()
      (4): Linear(in_features=128, out_features=128, bias=True)
      (5): ReLU()
      (6): Linear(in_features=128, out_features=128, bias=True)
      (7): ReLU()
      (8): Linear(in_features=128, out_features=6, bias=True)
    )
  )
)
ParallelDQN(
  (net): MLP(
    (body): Sequential(
      (0): Linear(in_features=128, out_features=128, bias=True)
      (1): ReLU()
      (2): Linear(in_features=128, out_features=128, bias=True)
      (3): ReLU()
      (4): Linear(in_features=128, out_features=128, bias=True)
      (5): ReLU()
      (6): Linear(in_features=128, out_features=128, bias=True)
      (7): ReLU()
      (8): Linear(in_features=128, out_features=6, bias=True)
    )
  )
)
Agents No. [1] (index starting from 0) are not learnable.
Arguments:  {'env_name': 'pong_v2', 'env_type': 'pettingzoo', 'num_envs': 2, 'ram': True, 'seed': 'random', 'algorithm': 'DQN', 'algorithm_spec': {'episodic_update': False, 'dueling': False, 'replay_buffer_size': '1e5', 'gamma': 0.99, 'multi_step': 1, 'target_update_interval': 1000, 'eps_start': 1.0, 'eps_final': 0.01, 'eps_decay': 30000}, 'batch_size': 128, 'max_episodes': 10000, 'max_steps_per_episode': 10000, 'train_start_frame': 0, 'optimizer': 'adam', 'learning_rate': '1e-4', 'device': 'gpu', 'update_itr': 1, 'log_avg_window': 20, 'log_interval': 20, 'render': False, 'test': False, 'exploit': False, 'load_model_idx': False, 'load_model_full_path': False, 'multiprocess': False, 'eval_models': False, 'save_path': '', 'save_interval': 2000, 'net_architecture': {'hidden_dim_list': [128, 128, 128, 128], 'hidden_activation': 'ReLU', 'output_activation': False}, 'marl_method': 'fictitious_selfplay2', 'marl_spec': {'min_update_interval': 20, 'score_avg_window': 10, 'global_state': False, 'selfplay_score_delta': 20, 'trainable_agent_idx': 0, 'opponent_idx': 1}}
Save models to : /home/zihan/research/MARS/data/model/20220114_1944/pettingzoo_pong_v2_fictitious_selfplay2. 
 Save logs to: /home/zihan/research/MARS/data/log/20220114_1944/pettingzoo_pong_v2_fictitious_selfplay2.
Episode: 1/10000 (0.0100%),                 avg. length: 737.0,                last time consumption/overall running time: 8.7873s / 8.7873 s
env0_first_0:                 episode reward: 20.0000,                 loss: 0.0126
env0_second_0:                 episode reward: -20.0000,                 loss: nan
env1_first_0:                 episode reward: 21.0000,                 loss: nan
env1_second_0:                 episode reward: -21.0000,                 loss: nan
Episode: 21/10000 (0.2100%),                 avg. length: 737.9,                last time consumption/overall running time: 141.7557s / 150.5430 s
env0_first_0:                 episode reward: 20.5000,                 loss: 0.0016
env0_second_0:                 episode reward: -20.5000,                 loss: nan
env1_first_0:                 episode reward: 20.5500,                 loss: nan
env1_second_0:                 episode reward: -20.5500,                 loss: nan
Score delta: 41.2, save the model to .//data/model/20220114_1944/pettingzoo_pong_v2_fictitious_selfplay2/21_0.
Episode: 41/10000 (0.4100%),                 avg. length: 871.45,                last time consumption/overall running time: 169.7074s / 320.2504 s
env0_first_0:                 episode reward: -4.7500,                 loss: nan
env0_second_0:                 episode reward: 4.7500,                 loss: 0.0030
env1_first_0:                 episode reward: -3.7000,                 loss: nan
env1_second_0:                 episode reward: 3.7000,                 loss: nan
Episode: 61/10000 (0.6100%),                 avg. length: 973.3,                last time consumption/overall running time: 195.5109s / 515.7613 s
env0_first_0:                 episode reward: -9.5000,                 loss: nan
env0_second_0:                 episode reward: 9.5000,                 loss: nan
env1_first_0:                 episode reward: -10.1500,                 loss: nan
env1_second_0:                 episode reward: 10.1500,                 loss: nan
Score delta: 20.2, save the model to .//data/model/20220114_1944/pettingzoo_pong_v2_fictitious_selfplay2/57_1.
Episode: 81/10000 (0.8100%),                 avg. length: 1415.5,                last time consumption/overall running time: 285.8294s / 801.5907 s
env0_first_0:                 episode reward: -0.6000,                 loss: 0.0036
env0_second_0:                 episode reward: 0.6000,                 loss: nan
env1_first_0:                 episode reward: -2.0500,                 loss: nan
env1_second_0:                 episode reward: 2.0500,                 loss: nan
Episode: 101/10000 (1.0100%),                 avg. length: 1295.5,                last time consumption/overall running time: 264.4659s / 1066.0567 s
env0_first_0:                 episode reward: 6.9500,                 loss: nan
env0_second_0:                 episode reward: -6.9500,                 loss: nan
env1_first_0:                 episode reward: 4.6000,                 loss: nan
env1_second_0:                 episode reward: -4.6000,                 loss: nan
Score delta: 21.6, save the model to .//data/model/20220114_1944/pettingzoo_pong_v2_fictitious_selfplay2/97_0.
Episode: 121/10000 (1.2100%),                 avg. length: 1080.1,                last time consumption/overall running time: 219.6999s / 1285.7566 s
env0_first_0:                 episode reward: -16.7500,                 loss: nan
env0_second_0:                 episode reward: 16.7500,                 loss: nan
env1_first_0:                 episode reward: -15.5500,                 loss: nan
env1_second_0:                 episode reward: 15.5500,                 loss: nan
Score delta: 51.0, save the model to .//data/model/20220114_1944/pettingzoo_pong_v2_fictitious_selfplay2/118_1.
Episode: 141/10000 (1.4100%),                 avg. length: 780.75,                last time consumption/overall running time: 159.9487s / 1445.7053 s
env0_first_0:                 episode reward: -0.7000,                 loss: nan
env0_second_0:                 episode reward: 0.7000,                 loss: nan
env1_first_0:                 episode reward: -0.7500,                 loss: nan
env1_second_0:                 episode reward: 0.7500,                 loss: nan
Score delta: 24.6, save the model to .//data/model/20220114_1944/pettingzoo_pong_v2_fictitious_selfplay2/140_0.
Episode: 161/10000 (1.6100%),                 avg. length: 1661.85,                last time consumption/overall running time: 338.5590s / 1784.2643 s
env0_first_0:                 episode reward: -43.2000,                 loss: nan
env0_second_0:                 episode reward: 43.2000,                 loss: 0.0075
env1_first_0:                 episode reward: -43.0000,                 loss: nan
env1_second_0:                 episode reward: 43.0000,                 loss: nan
Score delta: 69.0, save the model to .//data/model/20220114_1944/pettingzoo_pong_v2_fictitious_selfplay2/161_1.
Episode: 181/10000 (1.8100%),                 avg. length: 880.75,                last time consumption/overall running time: 179.8531s / 1964.1173 s
env0_first_0:                 episode reward: -0.9000,                 loss: 0.0092
env0_second_0:                 episode reward: 0.9000,                 loss: nan
env1_first_0:                 episode reward: -1.7500,                 loss: nan
env1_second_0:                 episode reward: 1.7500,                 loss: nan
Episode: 201/10000 (2.0100%),                 avg. length: 914.25,                last time consumption/overall running time: 186.0674s / 2150.1847 s
env0_first_0:                 episode reward: -5.4500,                 loss: 0.0066
env0_second_0:                 episode reward: 5.4500,                 loss: nan
env1_first_0:                 episode reward: -5.1500,                 loss: nan
env1_second_0:                 episode reward: 5.1500,                 loss: nan
Episode: 221/10000 (2.2100%),                 avg. length: 938.8,                last time consumption/overall running time: 192.7445s / 2342.9292 s
env0_first_0:                 episode reward: 1.8500,                 loss: 0.0074
env0_second_0:                 episode reward: -1.8500,                 loss: nan
env1_first_0:                 episode reward: 2.2000,                 loss: nan
env1_second_0:                 episode reward: -2.2000,                 loss: nan
Episode: 241/10000 (2.4100%),                 avg. length: 1054.15,                last time consumption/overall running time: 215.8625s / 2558.7917 s
env0_first_0:                 episode reward: 5.2500,                 loss: 0.0089
env0_second_0:                 episode reward: -5.2500,                 loss: nan
env1_first_0:                 episode reward: 4.6000,                 loss: nan
env1_second_0:                 episode reward: -4.6000,                 loss: nan
Score delta: 25.6, save the model to .//data/model/20220114_1944/pettingzoo_pong_v2_fictitious_selfplay2/241_0.
Episode: 261/10000 (2.6100%),                 avg. length: 1002.5,                last time consumption/overall running time: 205.2022s / 2763.9939 s
env0_first_0:                 episode reward: -16.8000,                 loss: nan
env0_second_0:                 episode reward: 16.8000,                 loss: 0.0095
env1_first_0:                 episode reward: -16.1000,                 loss: nan
env1_second_0:                 episode reward: 16.1000,                 loss: nan
Episode: 281/10000 (2.8100%),                 avg. length: 1233.8,                last time consumption/overall running time: 251.6742s / 3015.6681 s
env0_first_0:                 episode reward: 1.7000,                 loss: nan
env0_second_0:                 episode reward: -1.7000,                 loss: nan
env1_first_0:                 episode reward: 3.1000,                 loss: nan
env1_second_0:                 episode reward: -3.1000,                 loss: nan
Score delta: 39.2, save the model to .//data/model/20220114_1944/pettingzoo_pong_v2_fictitious_selfplay2/262_1.
Episode: 301/10000 (3.0100%),                 avg. length: 1456.45,                last time consumption/overall running time: 295.4348s / 3311.1029 s
env0_first_0:                 episode reward: 4.7000,                 loss: 0.0235
env0_second_0:                 episode reward: -4.7000,                 loss: nan
env1_first_0:                 episode reward: 3.1000,                 loss: nan
env1_second_0:                 episode reward: -3.1000,                 loss: nan
Episode: 321/10000 (3.2100%),                 avg. length: 2386.25,                last time consumption/overall running time: 485.2739s / 3796.3769 s
env0_first_0:                 episode reward: -55.3000,                 loss: nan
env0_second_0:                 episode reward: 55.3000,                 loss: nan
env1_first_0:                 episode reward: -54.2000,                 loss: nan
env1_second_0:                 episode reward: 54.2000,                 loss: nan
Score delta: 21.0, save the model to .//data/model/20220114_1944/pettingzoo_pong_v2_fictitious_selfplay2/303_0.
Episode: 341/10000 (3.4100%),                 avg. length: 2504.9,                last time consumption/overall running time: 506.7800s / 4303.1568 s
env0_first_0:                 episode reward: -32.5500,                 loss: nan
env0_second_0:                 episode reward: 32.5500,                 loss: nan
env1_first_0:                 episode reward: -35.2500,                 loss: nan
env1_second_0:                 episode reward: 35.2500,                 loss: nan
Score delta: 204.4, save the model to .//data/model/20220114_1944/pettingzoo_pong_v2_fictitious_selfplay2/324_1.
Episode: 361/10000 (3.6100%),                 avg. length: 4121.15,                last time consumption/overall running time: 836.2707s / 5139.4275 s
env0_first_0:                 episode reward: -115.5000,                 loss: nan
env0_second_0:                 episode reward: 115.5000,                 loss: nan
env1_first_0:                 episode reward: -115.3000,                 loss: nan
env1_second_0:                 episode reward: 115.3000,                 loss: nan
Score delta: 22.8, save the model to .//data/model/20220114_1944/pettingzoo_pong_v2_fictitious_selfplay2/345_0.
Episode: 381/10000 (3.8100%),                 avg. length: 993.8,                last time consumption/overall running time: 199.7953s / 5339.2228 s
env0_first_0:                 episode reward: -5.8000,                 loss: nan
env0_second_0:                 episode reward: 5.8000,                 loss: nan
env1_first_0:                 episode reward: -6.0500,                 loss: nan
env1_second_0:                 episode reward: 6.0500,                 loss: nan
Score delta: 148.6, save the model to .//data/model/20220114_1944/pettingzoo_pong_v2_fictitious_selfplay2/366_1.
Episode: 401/10000 (4.0100%),                 avg. length: 1216.7,                last time consumption/overall running time: 246.1039s / 5585.3267 s
env0_first_0:                 episode reward: -3.2000,                 loss: 0.0155
env0_second_0:                 episode reward: 3.2000,                 loss: nan
env1_first_0:                 episode reward: -3.5000,                 loss: nan
env1_second_0:                 episode reward: 3.5000,                 loss: nan
Episode: 421/10000 (4.2100%),                 avg. length: 1569.3,                last time consumption/overall running time: 318.7400s / 5904.0667 s
env0_first_0:                 episode reward: -5.6000,                 loss: nan
env0_second_0:                 episode reward: 5.6000,                 loss: nan
env1_first_0:                 episode reward: -5.3000,                 loss: nan
env1_second_0:                 episode reward: 5.3000,                 loss: nan
Score delta: 21.6, save the model to .//data/model/20220114_1944/pettingzoo_pong_v2_fictitious_selfplay2/409_0.
Episode: 441/10000 (4.4100%),                 avg. length: 1153.45,                last time consumption/overall running time: 234.2902s / 6138.3569 s
env0_first_0:                 episode reward: -15.7500,                 loss: nan
env0_second_0:                 episode reward: 15.7500,                 loss: nan
env1_first_0:                 episode reward: -14.8000,                 loss: nan
env1_second_0:                 episode reward: 14.8000,                 loss: nan
Score delta: 28.8, save the model to .//data/model/20220114_1944/pettingzoo_pong_v2_fictitious_selfplay2/430_1.
Episode: 461/10000 (4.6100%),                 avg. length: 1214.35,                last time consumption/overall running time: 245.3602s / 6383.7171 s
env0_first_0:                 episode reward: -6.6500,                 loss: 0.0081
env0_second_0:                 episode reward: 6.6500,                 loss: nan
env1_first_0:                 episode reward: -8.8500,                 loss: nan
env1_second_0:                 episode reward: 8.8500,                 loss: nan
Episode: 481/10000 (4.8100%),                 avg. length: 1291.6,                last time consumption/overall running time: 260.3325s / 6644.0497 s
env0_first_0:                 episode reward: -4.1500,                 loss: 0.0135
env0_second_0:                 episode reward: 4.1500,                 loss: nan
env1_first_0:                 episode reward: -1.8000,                 loss: nan
env1_second_0:                 episode reward: 1.8000,                 loss: nan
Episode: 501/10000 (5.0100%),                 avg. length: 1384.6,                last time consumption/overall running time: 280.9717s / 6925.0214 s
env0_first_0:                 episode reward: -0.2500,                 loss: nan
env0_second_0:                 episode reward: 0.2500,                 loss: nan
env1_first_0:                 episode reward: 0.3500,                 loss: nan
env1_second_0:                 episode reward: -0.3500,                 loss: nan
Score delta: 21.0, save the model to .//data/model/20220114_1944/pettingzoo_pong_v2_fictitious_selfplay2/485_0.
Episode: 521/10000 (5.2100%),                 avg. length: 2348.9,                last time consumption/overall running time: 471.2035s / 7396.2249 s
env0_first_0:                 episode reward: -24.7500,                 loss: nan
env0_second_0:                 episode reward: 24.7500,                 loss: nan
env1_first_0:                 episode reward: -25.2500,                 loss: nan
env1_second_0:                 episode reward: 25.2500,                 loss: nan
Score delta: 38.2, save the model to .//data/model/20220114_1944/pettingzoo_pong_v2_fictitious_selfplay2/506_1.
Episode: 541/10000 (5.4100%),                 avg. length: 1833.3,                last time consumption/overall running time: 369.6774s / 7765.9023 s
env0_first_0:                 episode reward: 8.1000,                 loss: 0.0197
env0_second_0:                 episode reward: -8.1000,                 loss: nan
env1_first_0:                 episode reward: 7.7500,                 loss: nan
env1_second_0:                 episode reward: -7.7500,                 loss: nan
Episode: 561/10000 (5.6100%),                 avg. length: 1646.05,                last time consumption/overall running time: 333.1352s / 8099.0375 s
env0_first_0:                 episode reward: 6.1500,                 loss: nan
env0_second_0:                 episode reward: -6.1500,                 loss: nan
env1_first_0:                 episode reward: 7.9000,                 loss: nan
env1_second_0:                 episode reward: -7.9000,                 loss: nan
Score delta: 20.4, save the model to .//data/model/20220114_1944/pettingzoo_pong_v2_fictitious_selfplay2/560_0.
Episode: 581/10000 (5.8100%),                 avg. length: 2604.65,                last time consumption/overall running time: 526.1121s / 8625.1496 s
env0_first_0:                 episode reward: -59.9500,                 loss: nan
env0_second_0:                 episode reward: 59.9500,                 loss: 0.0098
env1_first_0:                 episode reward: -58.1000,                 loss: nan
env1_second_0:                 episode reward: 58.1000,                 loss: nan
Score delta: 219.0, save the model to .//data/model/20220114_1944/pettingzoo_pong_v2_fictitious_selfplay2/581_1.
Episode: 601/10000 (6.0100%),                 avg. length: 1303.55,                last time consumption/overall running time: 263.8234s / 8888.9730 s
env0_first_0:                 episode reward: -8.6500,                 loss: 0.0303
env0_second_0:                 episode reward: 8.6500,                 loss: nan
env1_first_0:                 episode reward: -7.7500,                 loss: nan
env1_second_0:                 episode reward: 7.7500,                 loss: nan
Episode: 621/10000 (6.2100%),                 avg. length: 1712.55,                last time consumption/overall running time: 348.5398s / 9237.5128 s
env0_first_0:                 episode reward: 7.4500,                 loss: 0.0181
env0_second_0:                 episode reward: -7.4500,                 loss: nan
env1_first_0:                 episode reward: 7.1500,                 loss: nan
env1_second_0:                 episode reward: -7.1500,                 loss: nan
Score delta: 22.0, save the model to .//data/model/20220114_1944/pettingzoo_pong_v2_fictitious_selfplay2/621_0.
Episode: 641/10000 (6.4100%),                 avg. length: 2194.9,                last time consumption/overall running time: 442.5998s / 9680.1126 s
env0_first_0:                 episode reward: -41.7500,                 loss: nan
env0_second_0:                 episode reward: 41.7500,                 loss: 0.0134
env1_first_0:                 episode reward: -41.5000,                 loss: nan
env1_second_0:                 episode reward: 41.5000,                 loss: nan
Episode: 661/10000 (6.6100%),                 avg. length: 1048.0,                last time consumption/overall running time: 215.9147s / 9896.0273 s
env0_first_0:                 episode reward: -14.3500,                 loss: nan
env0_second_0:                 episode reward: 14.3500,                 loss: nan
env1_first_0:                 episode reward: -15.2500,                 loss: nan
env1_second_0:                 episode reward: 15.2500,                 loss: nan
Score delta: 27.4, save the model to .//data/model/20220114_1944/pettingzoo_pong_v2_fictitious_selfplay2/642_1.
Episode: 681/10000 (6.8100%),                 avg. length: 1472.9,                last time consumption/overall running time: 300.3623s / 10196.3895 s
env0_first_0:                 episode reward: -5.3500,                 loss: 0.0101
env0_second_0:                 episode reward: 5.3500,                 loss: nan
env1_first_0:                 episode reward: -5.4000,                 loss: nan
env1_second_0:                 episode reward: 5.4000,                 loss: nan
Episode: 701/10000 (7.0100%),                 avg. length: 1760.05,                last time consumption/overall running time: 356.3517s / 10552.7412 s
env0_first_0:                 episode reward: 0.1500,                 loss: 0.0157
env0_second_0:                 episode reward: -0.1500,                 loss: nan
env1_first_0:                 episode reward: -0.1500,                 loss: nan
env1_second_0:                 episode reward: 0.1500,                 loss: nan
Episode: 721/10000 (7.2100%),                 avg. length: 2419.1,                last time consumption/overall running time: 489.9717s / 11042.7129 s
env0_first_0:                 episode reward: -30.1500,                 loss: nan
env0_second_0:                 episode reward: 30.1500,                 loss: nan
env1_first_0:                 episode reward: -31.3000,                 loss: nan
env1_second_0:                 episode reward: 31.3000,                 loss: nan
Score delta: 24.2, save the model to .//data/model/20220114_1944/pettingzoo_pong_v2_fictitious_selfplay2/711_0.
Episode: 741/10000 (7.4100%),                 avg. length: 1209.9,                last time consumption/overall running time: 244.4183s / 11287.1312 s
env0_first_0:                 episode reward: -14.9500,                 loss: nan
env0_second_0:                 episode reward: 14.9500,                 loss: nan
env1_first_0:                 episode reward: -15.1500,                 loss: nan
env1_second_0:                 episode reward: 15.1500,                 loss: nan
Score delta: 23.6, save the model to .//data/model/20220114_1944/pettingzoo_pong_v2_fictitious_selfplay2/732_1.
Episode: 761/10000 (7.6100%),                 avg. length: 994.8,                last time consumption/overall running time: 201.5746s / 11488.7057 s
env0_first_0:                 episode reward: -16.6500,                 loss: 0.0075
env0_second_0:                 episode reward: 16.6500,                 loss: nan
env1_first_0:                 episode reward: -16.0000,                 loss: nan
env1_second_0:                 episode reward: 16.0000,                 loss: nan
Episode: 781/10000 (7.8100%),                 avg. length: 1371.25,                last time consumption/overall running time: 278.9561s / 11767.6619 s
env0_first_0:                 episode reward: -11.7000,                 loss: 0.0090
env0_second_0:                 episode reward: 11.7000,                 loss: nan
env1_first_0:                 episode reward: -11.5000,                 loss: nan
env1_second_0:                 episode reward: 11.5000,                 loss: nan
Episode: 801/10000 (8.0100%),                 avg. length: 1369.4,                last time consumption/overall running time: 278.1948s / 12045.8567 s
env0_first_0:                 episode reward: -6.1500,                 loss: 0.0133
env0_second_0:                 episode reward: 6.1500,                 loss: nan
env1_first_0:                 episode reward: -7.3500,                 loss: nan
env1_second_0:                 episode reward: 7.3500,                 loss: nan
Episode: 821/10000 (8.2100%),                 avg. length: 1866.15,                last time consumption/overall running time: 379.0396s / 12424.8964 s
env0_first_0:                 episode reward: -1.2000,                 loss: 0.0171
env0_second_0:                 episode reward: 1.2000,                 loss: nan
env1_first_0:                 episode reward: -2.1000,                 loss: nan
env1_second_0:                 episode reward: 2.1000,                 loss: nan
Episode: 841/10000 (8.4100%),                 avg. length: 1770.85,                last time consumption/overall running time: 358.7535s / 12783.6499 s
env0_first_0:                 episode reward: 4.7500,                 loss: 0.0137
env0_second_0:                 episode reward: -4.7500,                 loss: nan
env1_first_0:                 episode reward: 1.9500,                 loss: nan
env1_second_0:                 episode reward: -1.9500,                 loss: nan
Episode: 861/10000 (8.6100%),                 avg. length: 1875.45,                last time consumption/overall running time: 382.3917s / 13166.0416 s
env0_first_0:                 episode reward: -5.9500,                 loss: nan
env0_second_0:                 episode reward: 5.9500,                 loss: nan
env1_first_0:                 episode reward: -4.7000,                 loss: nan
env1_second_0:                 episode reward: 4.7000,                 loss: nan
Score delta: 21.4, save the model to .//data/model/20220114_1944/pettingzoo_pong_v2_fictitious_selfplay2/851_0.
Episode: 881/10000 (8.8100%),                 avg. length: 1494.0,                last time consumption/overall running time: 303.7203s / 13469.7619 s
env0_first_0:                 episode reward: -20.3000,                 loss: nan
env0_second_0:                 episode reward: 20.3000,                 loss: nan
env1_first_0:                 episode reward: -17.9500,                 loss: nan
env1_second_0:                 episode reward: 17.9500,                 loss: nan
Score delta: 56.4, save the model to .//data/model/20220114_1944/pettingzoo_pong_v2_fictitious_selfplay2/872_1.
Episode: 901/10000 (9.0100%),                 avg. length: 1341.05,                last time consumption/overall running time: 271.1911s / 13740.9530 s
env0_first_0:                 episode reward: -9.2000,                 loss: 0.0154
env0_second_0:                 episode reward: 9.2000,                 loss: nan
env1_first_0:                 episode reward: -10.8000,                 loss: nan
env1_second_0:                 episode reward: 10.8000,                 loss: nan
Episode: 921/10000 (9.2100%),                 avg. length: 1784.1,                last time consumption/overall running time: 362.5051s / 14103.4581 s
env0_first_0:                 episode reward: -2.3000,                 loss: 0.0110
env0_second_0:                 episode reward: 2.3000,                 loss: nan
env1_first_0:                 episode reward: 1.2000,                 loss: nan
env1_second_0:                 episode reward: -1.2000,                 loss: nan
Episode: 941/10000 (9.4100%),                 avg. length: 2116.15,                last time consumption/overall running time: 428.9014s / 14532.3595 s
env0_first_0:                 episode reward: 1.5000,                 loss: 0.0118
env0_second_0:                 episode reward: -1.5000,                 loss: nan
env1_first_0:                 episode reward: 2.7000,                 loss: nan
env1_second_0:                 episode reward: -2.7000,                 loss: nan
Episode: 961/10000 (9.6100%),                 avg. length: 1965.15,                last time consumption/overall running time: 400.3227s / 14932.6821 s
env0_first_0:                 episode reward: -10.2500,                 loss: nan
env0_second_0:                 episode reward: 10.2500,                 loss: nan
env1_first_0:                 episode reward: -11.1000,                 loss: nan
env1_second_0:                 episode reward: 11.1000,                 loss: nan
Score delta: 23.0, save the model to .//data/model/20220114_1944/pettingzoo_pong_v2_fictitious_selfplay2/953_0.
Episode: 981/10000 (9.8100%),                 avg. length: 1684.3,                last time consumption/overall running time: 342.5321s / 15275.2142 s
env0_first_0:                 episode reward: -14.4000,                 loss: nan
env0_second_0:                 episode reward: 14.4000,                 loss: nan
env1_first_0:                 episode reward: -11.3000,                 loss: nan
env1_second_0:                 episode reward: 11.3000,                 loss: nan
Score delta: 33.8, save the model to .//data/model/20220114_1944/pettingzoo_pong_v2_fictitious_selfplay2/974_1.
Episode: 1001/10000 (10.0100%),                 avg. length: 1943.35,                last time consumption/overall running time: 392.2124s / 15667.4266 s
env0_first_0:                 episode reward: -7.8000,                 loss: 0.0195
env0_second_0:                 episode reward: 7.8000,                 loss: nan
env1_first_0:                 episode reward: -4.9000,                 loss: nan
env1_second_0:                 episode reward: 4.9000,                 loss: nan
Episode: 1021/10000 (10.2100%),                 avg. length: 1141.55,                last time consumption/overall running time: 231.2637s / 15898.6903 s
env0_first_0:                 episode reward: 16.9000,                 loss: nan
env0_second_0:                 episode reward: -16.9000,                 loss: nan
env1_first_0:                 episode reward: 15.7500,                 loss: nan
env1_second_0:                 episode reward: -15.7500,                 loss: nan
Score delta: 22.2, save the model to .//data/model/20220114_1944/pettingzoo_pong_v2_fictitious_selfplay2/1005_0.
Episode: 1041/10000 (10.4100%),                 avg. length: 2121.15,                last time consumption/overall running time: 427.9124s / 16326.6027 s
env0_first_0:                 episode reward: -9.0500,                 loss: nan
env0_second_0:                 episode reward: 9.0500,                 loss: nan
env1_first_0:                 episode reward: -9.5000,                 loss: nan
env1_second_0:                 episode reward: 9.5000,                 loss: nan
Score delta: 58.2, save the model to .//data/model/20220114_1944/pettingzoo_pong_v2_fictitious_selfplay2/1034_1.
Episode: 1061/10000 (10.6100%),                 avg. length: 1881.5,                last time consumption/overall running time: 384.6717s / 16711.2744 s
env0_first_0:                 episode reward: 5.1000,                 loss: nan
env0_second_0:                 episode reward: -5.1000,                 loss: nan
env1_first_0:                 episode reward: 4.4000,                 loss: nan
env1_second_0:                 episode reward: -4.4000,                 loss: nan
Score delta: 21.2, save the model to .//data/model/20220114_1944/pettingzoo_pong_v2_fictitious_selfplay2/1055_0.
Episode: 1081/10000 (10.8100%),                 avg. length: 2828.05,                last time consumption/overall running time: 576.3551s / 17287.6295 s
env0_first_0:                 episode reward: -36.9000,                 loss: nan
env0_second_0:                 episode reward: 36.9000,                 loss: nan
env1_first_0:                 episode reward: -38.7500,                 loss: nan
env1_second_0:                 episode reward: 38.7500,                 loss: nan
Score delta: 84.6, save the model to .//data/model/20220114_1944/pettingzoo_pong_v2_fictitious_selfplay2/1076_1.
Episode: 1101/10000 (11.0100%),                 avg. length: 2019.8,                last time consumption/overall running time: 410.7376s / 17698.3670 s
env0_first_0:                 episode reward: 8.8500,                 loss: 0.0076
env0_second_0:                 episode reward: -8.8500,                 loss: nan
env1_first_0:                 episode reward: 7.1000,                 loss: nan
env1_second_0:                 episode reward: -7.1000,                 loss: nan
Episode: 1121/10000 (11.2100%),                 avg. length: 2879.8,                last time consumption/overall running time: 583.0055s / 18281.3725 s
env0_first_0:                 episode reward: -3.8000,                 loss: nan
env0_second_0:                 episode reward: 3.8000,                 loss: nan
env1_first_0:                 episode reward: -2.7500,                 loss: nan
env1_second_0:                 episode reward: 2.7500,                 loss: nan
Score delta: 66.6, save the model to .//data/model/20220114_1944/pettingzoo_pong_v2_fictitious_selfplay2/1108_0.