2022-01-16 20:42:51.012120: W tensorflow/stream_executor/platform/default/dso_loader.cc:55] Could not load dynamic library 'libnvinfer.so.6'; dlerror: libnvinfer.so.6: cannot open shared object file: No such file or directory; LD_LIBRARY_PATH: :/home/quantumiracle/.mujoco/mujoco200/bin:/home/quantumiracle/.mujoco/mujoco210/bin:/usr/lib/nvidia:/home/quantumiracle/.mujoco/mujoco200/bin:/home/quantumiracle/.mujoco/mujoco210/bin:/usr/lib/nvidia
2022-01-16 20:42:51.012301: W tensorflow/stream_executor/platform/default/dso_loader.cc:55] Could not load dynamic library 'libnvinfer_plugin.so.6'; dlerror: libnvinfer_plugin.so.6: cannot open shared object file: No such file or directory; LD_LIBRARY_PATH: :/home/quantumiracle/.mujoco/mujoco200/bin:/home/quantumiracle/.mujoco/mujoco210/bin:/usr/lib/nvidia:/home/quantumiracle/.mujoco/mujoco200/bin:/home/quantumiracle/.mujoco/mujoco210/bin:/usr/lib/nvidia
2022-01-16 20:42:51.012316: W tensorflow/compiler/tf2tensorrt/utils/py_utils.cc:30] Cannot dlopen some TensorRT libraries. If you would like to use Nvidia GPU with TensorRT, please make sure the missing libraries mentioned above are installed properly.
pygame 2.0.1 (SDL 2.0.14, Python 3.6.13)
Hello from the pygame community. https://www.pygame.org/contribute.html
arbitrary_mdp mdp
Load arbitrary_mdp environment in type mdp.
Env observation space: Box(0.0, 12.0, (1,), float32) action space: Discrete(3)
<mars.env.mdp.mdp_wrapper.MDPWrapper object at 0x7f4296154278>
DQNBase(
  (net): MLP(
    (body): Sequential(
      (0): Linear(in_features=1, out_features=128, bias=True)
      (1): ReLU()
      (2): Linear(in_features=128, out_features=128, bias=True)
      (3): ReLU()
      (4): Linear(in_features=128, out_features=128, bias=True)
      (5): ReLU()
      (6): Linear(in_features=128, out_features=3, bias=True)
    )
  )
)
DQNBase(
  (net): MLP(
    (body): Sequential(
      (0): Linear(in_features=1, out_features=128, bias=True)
      (1): ReLU()
      (2): Linear(in_features=128, out_features=128, bias=True)
      (3): ReLU()
      (4): Linear(in_features=128, out_features=128, bias=True)
      (5): ReLU()
      (6): Linear(in_features=128, out_features=3, bias=True)
    )
  )
)
Agents No. [0] (index starting from 0) are not learnable.
Load meta strategy:  [[0.005 0.005 0.005 ... 0.005 0.005 0.005]
 [0.005 0.005 0.005 ... 0.005 0.005 0.005]]
Load checkpoints (policy family):  [['88' '1915' '4963' ... '98448' '99033' '99466']
 ['144' '2004' '5072' ... '98629' '99196' '99562']]
Arguments:  {'env_name': 'arbitrary_mdp', 'env_type': 'mdp', 'num_envs': 1, 'ram': True, 'seed': 1, 'algorithm': 'DQN', 'algorithm_spec': {'episodic_update': False, 'dueling': False, 'replay_buffer_size': '1e5', 'gamma': 0.99, 'multi_step': 1, 'target_update_interval': 1000, 'eps_start': 1.0, 'eps_final': 0.01, 'eps_decay': 30000, 'update_itr': 1}, 'batch_size': 640, 'max_episodes': 10000, 'max_steps_per_episode': 10000, 'train_start_frame': 0, 'optimizer': 'adam', 'learning_rate': '1e-4', 'device': 'cpu', 'update_itr': 1, 'log_avg_window': 20, 'log_interval': 20, 'render': False, 'test': False, 'exploit': True, 'load_model_idx': False, 'load_model_full_path': 'data/model/20220116200302/epi_100000/', 'multiprocess': False, 'eval_models': False, 'save_path': '', 'save_interval': 2000, 'net_architecture': {'hidden_dim_list': [128, 128, 128], 'hidden_activation': 'ReLU', 'output_activation': False}, 'marl_method': 'fictitious_selfplay2', 'marl_spec': {'min_update_interval': 20, 'score_avg_window': 10, 'global_state': True, 'selfplay_score_delta': 1.5, 'trainable_agent_idx': 0, 'opponent_idx': 1}, 'against_baseline': False}
Save models to : /home/quantumiracle/research/MARS/data/model/20220116200302_exploit_100000/mdp_arbitrary_mdp_fictitious_selfplay2. 
 Save logs to: /home/quantumiracle/research/MARS/data/log/20220116200302_exploit_100000/mdp_arbitrary_mdp_fictitious_selfplay2.
Episode: 1/10000 (0.0100%),                 avg. length: 2.0,                last time consumption/overall running time: 1.8950s / 1.8950 s
agent0:                 episode reward: 0.4347,                 loss: nan
agent1:                 episode reward: -0.4347,                 loss: nan
Episode: 21/10000 (0.2100%),                 avg. length: 2.0,                last time consumption/overall running time: 7.9887s / 9.8838 s
agent0:                 episode reward: 0.1027,                 loss: nan
agent1:                 episode reward: -0.1027,                 loss: nan
Episode: 41/10000 (0.4100%),                 avg. length: 2.0,                last time consumption/overall running time: 7.6859s / 17.5697 s
agent0:                 episode reward: -0.2436,                 loss: nan
agent1:                 episode reward: 0.2436,                 loss: nan
Episode: 61/10000 (0.6100%),                 avg. length: 2.0,                last time consumption/overall running time: 8.3707s / 25.9404 s
agent0:                 episode reward: 0.1627,                 loss: nan
agent1:                 episode reward: -0.1627,                 loss: nan
Episode: 81/10000 (0.8100%),                 avg. length: 2.0,                last time consumption/overall running time: 7.5961s / 33.5365 s
agent0:                 episode reward: -0.1454,                 loss: nan
agent1:                 episode reward: 0.1454,                 loss: nan
Episode: 101/10000 (1.0100%),                 avg. length: 2.0,                last time consumption/overall running time: 8.0866s / 41.6231 s
agent0:                 episode reward: -0.2505,                 loss: nan
agent1:                 episode reward: 0.2505,                 loss: nan
Episode: 121/10000 (1.2100%),                 avg. length: 2.0,                last time consumption/overall running time: 8.2453s / 49.8683 s
agent0:                 episode reward: -0.1904,                 loss: nan
agent1:                 episode reward: 0.1904,                 loss: nan
Episode: 141/10000 (1.4100%),                 avg. length: 2.0,                last time consumption/overall running time: 8.0948s / 57.9631 s
agent0:                 episode reward: 0.0469,                 loss: nan
agent1:                 episode reward: -0.0469,                 loss: nan
Episode: 161/10000 (1.6100%),                 avg. length: 2.0,                last time consumption/overall running time: 8.2680s / 66.2311 s
agent0:                 episode reward: 0.4387,                 loss: nan
agent1:                 episode reward: -0.4387,                 loss: nan
Episode: 181/10000 (1.8100%),                 avg. length: 2.0,                last time consumption/overall running time: 7.7442s / 73.9753 s
agent0:                 episode reward: -0.1962,                 loss: nan
agent1:                 episode reward: 0.1962,                 loss: nan
Episode: 201/10000 (2.0100%),                 avg. length: 2.0,                last time consumption/overall running time: 9.0681s / 83.0434 s
agent0:                 episode reward: -0.2088,                 loss: nan
agent1:                 episode reward: 0.2088,                 loss: nan
Episode: 221/10000 (2.2100%),                 avg. length: 2.0,                last time consumption/overall running time: 74.0844s / 157.1278 s
agent0:                 episode reward: 0.1219,                 loss: nan
agent1:                 episode reward: -0.1219,                 loss: 0.1972
Episode: 241/10000 (2.4100%),                 avg. length: 2.0,                last time consumption/overall running time: 162.7518s / 319.8796 s
agent0:                 episode reward: 0.0347,                 loss: nan
agent1:                 episode reward: -0.0347,                 loss: 0.1880
Episode: 261/10000 (2.6100%),                 avg. length: 2.0,                last time consumption/overall running time: 154.4560s / 474.3356 s
agent0:                 episode reward: -0.1876,                 loss: nan
agent1:                 episode reward: 0.1876,                 loss: 0.1765
Episode: 281/10000 (2.8100%),                 avg. length: 2.0,                last time consumption/overall running time: 156.0440s / 630.3796 s
agent0:                 episode reward: 0.2199,                 loss: nan
agent1:                 episode reward: -0.2199,                 loss: 0.1702
Episode: 301/10000 (3.0100%),                 avg. length: 2.0,                last time consumption/overall running time: 158.3886s / 788.7681 s
agent0:                 episode reward: 0.1743,                 loss: nan
agent1:                 episode reward: -0.1743,                 loss: 0.1682
Episode: 321/10000 (3.2100%),                 avg. length: 2.0,                last time consumption/overall running time: 155.4447s / 944.2128 s
agent0:                 episode reward: 0.3688,                 loss: nan
agent1:                 episode reward: -0.3688,                 loss: 0.1647
Episode: 341/10000 (3.4100%),                 avg. length: 2.0,                last time consumption/overall running time: 154.4642s / 1098.6770 s
agent0:                 episode reward: -0.0342,                 loss: nan
agent1:                 episode reward: 0.0342,                 loss: 0.1634
Episode: 361/10000 (3.6100%),                 avg. length: 2.0,                last time consumption/overall running time: 155.0188s / 1253.6957 s
agent0:                 episode reward: -0.2028,                 loss: nan