pygame 2.0.1 (SDL 2.0.14, Python 3.7.0)
Hello from the pygame community. https://www.pygame.org/contribute.html
/home/zihan/anaconda3/envs/x/lib/python3.7/site-packages/ecos/ecos.py:26: UserWarning: Converting G to a CSC matrix; may take a while.
  warn("Converting G to a CSC matrix; may take a while.")
/home/zihan/anaconda3/envs/x/lib/python3.7/site-packages/ecos/ecos.py:29: UserWarning: Converting A to a CSC matrix; may take a while.
  warn("Converting A to a CSC matrix; may take a while.")
SlimeVolley-v0 slimevolley
Load SlimeVolley-v0 environment in type slimevolley.
Env observation space: Box(-3.4028234663852886e+38, 3.4028234663852886e+38, (12,), float32) action space: Discrete(6)
random seed: 37
<mars.env.wrappers.mars_wrappers.Dict2TupleWrapper object at 0x7fa5648b97f0>
DQNBase(
  (net): MLP(
    (body): Sequential(
      (0): Linear(in_features=12, out_features=128, bias=True)
      (1): ReLU()
      (2): Linear(in_features=128, out_features=128, bias=True)
      (3): ReLU()
      (4): Linear(in_features=128, out_features=128, bias=True)
      (5): ReLU()
      (6): Linear(in_features=128, out_features=6, bias=True)
    )
  )
)
DQNBase(
  (net): MLP(
    (body): Sequential(
      (0): Linear(in_features=12, out_features=128, bias=True)
      (1): ReLU()
      (2): Linear(in_features=128, out_features=128, bias=True)
      (3): ReLU()
      (4): Linear(in_features=128, out_features=128, bias=True)
      (5): ReLU()
      (6): Linear(in_features=128, out_features=6, bias=True)
    )
  )
)
Agents No. [1] (index starting from 0) are not learnable.
{'env_name': 'SlimeVolley-v0', 'env_type': 'slimevolley', 'num_envs': 1, 'ram': True, 'seed': 'random', 'against_baseline': False, 'algorithm': 'NashDQN', 'algorithm_spec': {'episodic_update': False, 'dueling': False, 'replay_buffer_size': '1e5', 'gamma': 0.99, 'multi_step': 1, 'target_update_interval': 1000, 'eps_start': 1.0, 'eps_final': 0.001, 'eps_decay': 1000000}, 'num_process': 5, 'batch_size': 128, 'max_episodes': 50000, 'max_steps_per_episode': 300, 'train_start_frame': 0, 'optimizer': 'adam', 'learning_rate': '1e-4', 'device': 'gpu', 'update_itr': 1, 'log_avg_window': 20, 'log_interval': 20, 'render': False, 'test': False, 'exploit': False, 'load_model_idx': False, 'load_model_full_path': False, 'multiprocess': True, 'eval_models': False, 'save_path': '', 'save_interval': 2000, 'net_architecture': {'hidden_dim_list': [128, 128, 128], 'hidden_activation': 'ReLU', 'output_activation': False}, 'marl_method': 'nash_dqn', 'marl_spec': {'min_update_interval': 20, 'score_avg_window': 10, 'global_state': False}, 'add_components': {'replay_buffer': <AutoProxy[replay_buffer] object, typeid 'replay_buffer' at 0x7fa5648a7e10>}}
pygame 2.0.1 (SDL 2.0.14, Python 3.7.0)
Hello from the pygame community. https://www.pygame.org/contribute.html
SlimeVolley-v0 slimevolley
Load SlimeVolley-v0 environment in type slimevolley.
Env observation space: Box(-3.4028234663852886e+38, 3.4028234663852886e+38, (12,), float32) action space: Discrete(6)
random seed: 37
Arguments:  {'env_name': 'SlimeVolley-v0', 'env_type': 'slimevolley', 'num_envs': 1, 'ram': True, 'seed': 'random', 'against_baseline': False, 'algorithm': 'NashDQN', 'algorithm_spec': {'episodic_update': False, 'dueling': False, 'replay_buffer_size': '1e5', 'gamma': 0.99, 'multi_step': 1, 'target_update_interval': 1000, 'eps_start': 1.0, 'eps_final': 0.001, 'eps_decay': 1000000}, 'num_process': 5, 'batch_size': 128, 'max_episodes': 50000, 'max_steps_per_episode': 300, 'train_start_frame': 0, 'optimizer': 'adam', 'learning_rate': '1e-4', 'device': 'gpu', 'update_itr': 1, 'log_avg_window': 20, 'log_interval': 20, 'render': False, 'test': False, 'exploit': False, 'load_model_idx': False, 'load_model_full_path': False, 'multiprocess': True, 'eval_models': False, 'save_path': '', 'save_interval': 2000, 'net_architecture': {'hidden_dim_list': [128, 128, 128], 'hidden_activation': 'ReLU', 'output_activation': False}, 'marl_method': 'nash_dqn', 'marl_spec': {'min_update_interval': 20, 'score_avg_window': 10, 'global_state': False}, 'add_components': {'replay_buffer': <AutoProxy[replay_buffer] object, typeid 'replay_buffer' at 0x7f3c44d3de48>}}
Save models to : /home/zihan/research/MARS/data/model/20220418_0313/slimevolley_SlimeVolley-v0_nash_dqn. 
 Save logs to: /home/zihan/research/MARS/data/log/20220418_0313/slimevolley_SlimeVolley-v0_nash_dqn.
Process ID: 0, episode: 20/50000 (0.0400%),                     avg. length: 299.0,                    last time consumption/overall running time: 3.07s / 3.07 s
first_0:                     episode reward: 0.1500
second_0:                     episode reward: -0.1500
Process ID: 0, episode: 40/50000 (0.0800%),                     avg. length: 299.0,                    last time consumption/overall running time: 2.24s / 5.31 s
first_0:                     episode reward: 0.0500
second_0:                     episode reward: -0.0500
Process ID: 0, episode: 60/50000 (0.1200%),                     avg. length: 299.0,                    last time consumption/overall running time: 2.38s / 7.70 s
first_0:                     episode reward: -0.5000
second_0:                     episode reward: 0.5000
Process ID: 0, episode: 80/50000 (0.1600%),                     avg. length: 299.0,                    last time consumption/overall running time: 2.39s / 10.09 s
first_0:                     episode reward: -0.3500
second_0:                     episode reward: 0.3500
Process ID: 0, episode: 100/50000 (0.2000%),                     avg. length: 299.0,                    last time consumption/overall running time: 2.62s / 12.71 s
first_0:                     episode reward: 0.1000
second_0:                     episode reward: -0.1000
Process ID: 0, episode: 120/50000 (0.2400%),                     avg. length: 299.0,                    last time consumption/overall running time: 2.55s / 15.27 s
first_0:                     episode reward: 0.1000
second_0:                     episode reward: -0.1000
Process ID: 0, episode: 140/50000 (0.2800%),                     avg. length: 299.0,                    last time consumption/overall running time: 2.77s / 18.04 s
first_0:                     episode reward: -0.2000
second_0:                     episode reward: 0.2000
Process ID: 0, episode: 160/50000 (0.3200%),                     avg. length: 299.0,                    last time consumption/overall running time: 2.91s / 20.95 s
first_0:                     episode reward: -0.2500
second_0:                     episode reward: 0.2500
Process ID: 0, episode: 180/50000 (0.3600%),                     avg. length: 299.0,                    last time consumption/overall running time: 2.84s / 23.79 s
first_0:                     episode reward: 0.0500
second_0:                     episode reward: -0.0500
Process ID: 0, episode: 200/50000 (0.4000%),                     avg. length: 299.0,                    last time consumption/overall running time: 3.22s / 27.01 s
first_0:                     episode reward: 0.3500
second_0:                     episode reward: -0.3500
Process ID: 0, episode: 220/50000 (0.4400%),                     avg. length: 299.0,                    last time consumption/overall running time: 3.32s / 30.32 s
first_0:                     episode reward: -0.1000
second_0:                     episode reward: 0.1000
Process ID: 0, episode: 240/50000 (0.4800%),                     avg. length: 299.0,                    last time consumption/overall running time: 3.29s / 33.61 s
first_0:                     episode reward: -0.8000
second_0:                     episode reward: 0.8000
Process ID: 0, episode: 260/50000 (0.5200%),                     avg. length: 299.0,                    last time consumption/overall running time: 3.81s / 37.42 s
first_0:                     episode reward: -0.0500
second_0:                     episode reward: 0.0500
Process ID: 0, episode: 280/50000 (0.5600%),                     avg. length: 299.0,                    last time consumption/overall running time: 3.48s / 40.90 s
first_0:                     episode reward: 0.0500
second_0:                     episode reward: -0.0500
Process ID: 0, episode: 300/50000 (0.6000%),                     avg. length: 299.0,                    last time consumption/overall running time: 3.76s / 44.66 s
first_0:                     episode reward: -0.5500
second_0:                     episode reward: 0.5500
Process ID: 0, episode: 320/50000 (0.6400%),                     avg. length: 299.0,                    last time consumption/overall running time: 3.48s / 48.14 s
first_0:                     episode reward: 0.1500
second_0:                     episode reward: -0.1500
Process ID: 0, episode: 340/50000 (0.6800%),                     avg. length: 299.0,                    last time consumption/overall running time: 3.81s / 51.95 s
first_0:                     episode reward: 0.0000
second_0:                     episode reward: 0.0000
Process ID: 0, episode: 360/50000 (0.7200%),                     avg. length: 299.0,                    last time consumption/overall running time: 3.73s / 55.68 s
first_0:                     episode reward: 0.4500
second_0:                     episode reward: -0.4500
Process ID: 0, episode: 380/50000 (0.7600%),                     avg. length: 299.0,                    last time consumption/overall running time: 3.59s / 59.27 s
first_0:                     episode reward: 0.0500
second_0:                     episode reward: -0.0500
Process ID: 0, episode: 400/50000 (0.8000%),                     avg. length: 299.0,                    last time consumption/overall running time: 3.99s / 63.27 s
first_0:                     episode reward: -0.0500
second_0:                     episode reward: 0.0500
Process ID: 0, episode: 420/50000 (0.8400%),                     avg. length: 299.0,                    last time consumption/overall running time: 3.99s / 67.26 s
first_0:                     episode reward: 0.4000
second_0:                     episode reward: -0.4000
Process ID: 0, episode: 440/50000 (0.8800%),                     avg. length: 299.0,                    last time consumption/overall running time: 4.19s / 71.44 s
first_0:                     episode reward: -0.3000
second_0:                     episode reward: 0.3000
Process ID: 0, episode: 460/50000 (0.9200%),                     avg. length: 299.0,                    last time consumption/overall running time: 3.88s / 75.33 s
first_0:                     episode reward: -1.1000
second_0:                     episode reward: 1.1000
Process ID: 0, episode: 480/50000 (0.9600%),                     avg. length: 299.0,                    last time consumption/overall running time: 3.90s / 79.23 s
first_0:                     episode reward: 0.2500
second_0:                     episode reward: -0.2500
Process ID: 0, episode: 500/50000 (1.0000%),                     avg. length: 299.0,                    last time consumption/overall running time: 3.69s / 82.92 s/home/zihan/anaconda3/envs/x/lib/python3.7/multiprocessing/semaphore_tracker.py:144: UserWarning: semaphore_tracker: There appear to be 3 leaked semaphores to clean up at shutdown
  len(cache))
