pygame 2.0.0 (SDL 2.0.12, python 3.7.10)
Hello from the pygame community. https://www.pygame.org/contribute.html
surround_v1 pettingzoo
Load surround_v1 environment in type pettingzoo.
Env observation space: Box(0.0, 1.0, (128,), float32) action space: Discrete(5)
random seed: 2
<env.wrappers.mars_wrappers.Dict2TupleWrapper object at 0x7fbca35d3290>
Agents No. [0] (index starting from 0) are not learnable.
Agent No. [0] loads model from:  ../data/model/20211205_2243/pettingzoo_surround_v1_nxdo2/28364_0
Arguments:  {'env_name': 'surround_v1', 'env_type': 'pettingzoo', 'num_envs': 1, 'ram': True, 'seed': 'random', 'algorithm': 'DQN', 'algorithm_spec': {'episodic_update': False, 'dueling': False, 'replay_buffer_size': '1e5', 'gamma': 0.99, 'multi_step': 1, 'target_update_interval': 1000, 'eps_start': 1.0, 'eps_final': 0.01, 'eps_decay': 30000}, 'batch_size': 128, 'max_episodes': 10000, 'max_steps_per_episode': 10000, 'train_start_frame': 0, 'optimizer': 'adam', 'learning_rate': '1e-4', 'device': 'gpu', 'update_itr': 1, 'log_avg_window': 20, 'log_interval': 20, 'render': False, 'test': False, 'exploit': True, 'load_model_idx': False, 'load_model_full_path': '../data/model/20211205_2243/pettingzoo_surround_v1_nxdo2/28364_0', 'save_path': '', 'save_interval': 2000, 'net_architecture': {'hidden_dim_list': [64, 64, 64, 64], 'hidden_activation': 'ReLU', 'output_activation': False}, 'marl_method': 'nxdo2', 'marl_spec': {'min_update_interval': 20, 'score_avg_window': 10, 'selfplay_score_delta': 16, 'trainable_agent_idx': 0, 'opponent_idx': 1}, 'against_baseline': False}
Save models to : /home/zihan/research/MARS/data/model/20211205_2243_exploit/pettingzoo_surround_v1_nxdo2. 
 Save logs to: /home/zihan/research/MARS/data/log/20211205_2243_exploit/pettingzoo_surround_v1_nxdo2.
Episode: 1, avg. length 1155.0
first_0:                 episode reward: 9.0000,                 loss: nan
second_0:                 episode reward: -9.0000,                 loss: 0.4880
Episode: 21, avg. length 1468.45
first_0:                 episode reward: 6.4500,                 loss: nan
second_0:                 episode reward: -6.4500,                 loss: 0.0418
Episode: 41, avg. length 1559.75
first_0:                 episode reward: 6.3500,                 loss: nan
second_0:                 episode reward: -6.3500,                 loss: 0.0398
Episode: 61, avg. length 1888.2
first_0:                 episode reward: 3.2500,                 loss: nan
second_0:                 episode reward: -3.2500,                 loss: 0.0450
Episode: 81, avg. length 1964.15
first_0:                 episode reward: 1.0500,                 loss: nan
second_0:                 episode reward: -1.0500,                 loss: 0.0475
Episode: 101, avg. length 1066.75
first_0:                 episode reward: 9.5000,                 loss: nan
second_0:                 episode reward: -9.5000,                 loss: 0.0446
Episode: 121, avg. length 1369.35
first_0:                 episode reward: 7.3500,                 loss: nan
second_0:                 episode reward: -7.3500,                 loss: 0.0458
Episode: 141, avg. length 1861.7
first_0:                 episode reward: -2.4500,                 loss: nan
second_0:                 episode reward: 2.4500,                 loss: 0.0418
Episode: 161, avg. length 1594.2
first_0:                 episode reward: 2.5000,                 loss: nan
second_0:                 episode reward: -2.5000,                 loss: 0.0411
Episode: 181, avg. length 1582.25
first_0:                 episode reward: -6.9000,                 loss: nan
second_0:                 episode reward: 6.9000,                 loss: 0.0412
Episode: 201, avg. length 1768.6
first_0:                 episode reward: -4.9000,                 loss: nan
second_0:                 episode reward: 4.9000,                 loss: 0.0408
Episode: 221, avg. length 1798.9
first_0:                 episode reward: -5.4000,                 loss: nan
second_0:                 episode reward: 5.4000,                 loss: 0.0427
Episode: 241, avg. length 1931.2
first_0:                 episode reward: -3.1500,                 loss: nan
second_0:                 episode reward: 3.1500,                 loss: 0.0407
Episode: 261, avg. length 1756.1
first_0:                 episode reward: -4.1000,                 loss: nan
second_0:                 episode reward: 4.1000,                 loss: 0.0435
Episode: 281, avg. length 1481.35
first_0:                 episode reward: -3.5000,                 loss: nan
second_0:                 episode reward: 3.5000,                 loss: 0.0382
Episode: 301, avg. length 1757.25
first_0:                 episode reward: -1.8500,                 loss: nan
second_0:                 episode reward: 1.8500,                 loss: 0.0394
Episode: 321, avg. length 1622.55
first_0:                 episode reward: -6.3000,                 loss: nan
second_0:                 episode reward: 6.3000,                 loss: 0.0390
Episode: 341, avg. length 1705.4
first_0:                 episode reward: -6.0500,                 loss: nan
second_0:                 episode reward: 6.0500,                 loss: 0.0409
Episode: 361, avg. length 1670.85
first_0:                 episode reward: -6.3500,                 loss: nan
second_0:                 episode reward: 6.3500,                 loss: 0.0341
Episode: 381, avg. length 1699.2
first_0:                 episode reward: -5.4000,                 loss: nan
second_0:                 episode reward: 5.4000,                 loss: 0.0306
Episode: 401, avg. length 1500.45
first_0:                 episode reward: -7.4500,                 loss: nan
second_0:                 episode reward: 7.4500,                 loss: 0.0328
Episode: 421, avg. length 1617.15
first_0:                 episode reward: -6.3500,                 loss: nan
second_0:                 episode reward: 6.3500,                 loss: 0.0372
Episode: 441, avg. length 1809.25
first_0:                 episode reward: -5.4500,                 loss: nan
second_0:                 episode reward: 5.4500,                 loss: 0.0330
Episode: 461, avg. length 1594.25
first_0:                 episode reward: -6.4500,                 loss: nan
second_0:                 episode reward: 6.4500,                 loss: 0.0328
Episode: 481, avg. length 1548.6
first_0:                 episode reward: -7.3500,                 loss: nan
second_0:                 episode reward: 7.3500,                 loss: 0.0357
Episode: 501, avg. length 1469.2
first_0:                 episode reward: -7.5000,                 loss: nan
second_0:                 episode reward: 7.5000,                 loss: 0.0360
Episode: 521, avg. length 1639.45
first_0:                 episode reward: -5.8500,                 loss: nan
second_0:                 episode reward: 5.8500,                 loss: 0.0340
Episode: 541, avg. length 2103.8
first_0:                 episode reward: -1.3000,                 loss: nan
second_0:                 episode reward: 1.3000,                 loss: 0.0349
Episode: 561, avg. length 1981.4
first_0:                 episode reward: -3.6000,                 loss: nan
second_0:                 episode reward: 3.6000,                 loss: 0.0387
Episode: 581, avg. length 1416.35
first_0:                 episode reward: -7.8500,                 loss: nan
second_0:                 episode reward: 7.8500,                 loss: 0.0367
Episode: 601, avg. length 1460.05
first_0:                 episode reward: -7.7500,                 loss: nan
second_0:                 episode reward: 7.7500,                 loss: 0.0374
Episode: 621, avg. length 1559.55
first_0:                 episode reward: -6.0500,                 loss: nan
second_0:                 episode reward: 6.0500,                 loss: 0.0302
Episode: 641, avg. length 1484.7
first_0:                 episode reward: -7.5500,                 loss: nan
second_0:                 episode reward: 7.5500,                 loss: 0.0276
Episode: 661, avg. length 1446.8
first_0:                 episode reward: -7.4000,                 loss: nan
second_0:                 episode reward: 7.4000,                 loss: 0.0275
Episode: 681, avg. length 1350.35
first_0:                 episode reward: -7.8000,                 loss: nan
second_0:                 episode reward: 7.8000,                 loss: 0.0257
Episode: 701, avg. length 1283.25
first_0:                 episode reward: -8.4500,                 loss: nan
second_0:                 episode reward: 8.4500,                 loss: 0.0236
Episode: 721, avg. length 1302.95
first_0:                 episode reward: -8.3500,                 loss: nan
second_0:                 episode reward: 8.3500,                 loss: 0.0236
Episode: 741, avg. length 1363.75
first_0:                 episode reward: -7.5000,                 loss: nan
second_0:                 episode reward: 7.5000,                 loss: 0.0232
Episode: 761, avg. length 1516.1
first_0:                 episode reward: -6.9000,                 loss: nan
second_0:                 episode reward: 6.9000,                 loss: 0.0228
Episode: 781, avg. length 1440.95
first_0:                 episode reward: -7.3500,                 loss: nan
second_0:                 episode reward: 7.3500,                 loss: 0.0225
Episode: 801, avg. length 1610.0
first_0:                 episode reward: -6.4500,                 loss: nan
second_0:                 episode reward: 6.4500,                 loss: 0.0237
Episode: 821, avg. length 1634.9
first_0:                 episode reward: -6.6000,                 loss: nan
second_0:                 episode reward: 6.6000,                 loss: 0.0250
Episode: 841, avg. length 1387.25
first_0:                 episode reward: -8.3500,                 loss: nan
second_0:                 episode reward: 8.3500,                 loss: 0.0309
Episode: 861, avg. length 1416.8
first_0:                 episode reward: -6.7000,                 loss: nan
second_0:                 episode reward: 6.7000,                 loss: 0.0325
Episode: 881, avg. length 1809.0
first_0:                 episode reward: -1.9000,                 loss: nan
second_0:                 episode reward: 1.9000,                 loss: 0.0282
Episode: 901, avg. length 1350.05
first_0:                 episode reward: -7.6000,                 loss: nan
second_0:                 episode reward: 7.6000,                 loss: 0.0253
Episode: 921, avg. length 1249.3
first_0:                 episode reward: -8.3000,                 loss: nan
second_0:                 episode reward: 8.3000,                 loss: 0.0245
Episode: 941, avg. length 1304.05
first_0:                 episode reward: -7.6000,                 loss: nan
second_0:                 episode reward: 7.6000,                 loss: 0.0261
Episode: 961, avg. length 1310.2
first_0:                 episode reward: -7.8000,                 loss: nan
second_0:                 episode reward: 7.8000,                 loss: 0.0285
Episode: 981, avg. length 1193.1
first_0:                 episode reward: -8.7500,                 loss: nan
second_0:                 episode reward: 8.7500,                 loss: 0.0260
Episode: 1001, avg. length 1421.75
first_0:                 episode reward: -7.6000,                 loss: nan
second_0:                 episode reward: 7.6000,                 loss: 0.0268
Episode: 1021, avg. length 1381.85
first_0:                 episode reward: -7.4500,                 loss: nan
second_0:                 episode reward: 7.4500,                 loss: 0.0251
Episode: 1041, avg. length 1257.7
first_0:                 episode reward: -8.0000,                 loss: nan
second_0:                 episode reward: 8.0000,                 loss: 0.0241
Episode: 1061, avg. length 1219.3
first_0:                 episode reward: -8.0500,                 loss: nan
second_0:                 episode reward: 8.0500,                 loss: 0.0235
Episode: 1081, avg. length 1347.4
first_0:                 episode reward: -7.5000,                 loss: nan
second_0:                 episode reward: 7.5000,                 loss: 0.0225
Episode: 1101, avg. length 1352.9
first_0:                 episode reward: -7.0500,                 loss: nan
second_0:                 episode reward: 7.0500,                 loss: 0.0225
Episode: 1121, avg. length 1076.9
first_0:                 episode reward: -9.3000,                 loss: nan
second_0:                 episode reward: 9.3000,                 loss: 0.0222
Episode: 1141, avg. length 1183.15
first_0:                 episode reward: -8.1500,                 loss: nan
second_0:                 episode reward: 8.1500,                 loss: 0.0217
Episode: 1161, avg. length 1157.2
first_0:                 episode reward: -8.9000,                 loss: nan
second_0:                 episode reward: 8.9000,                 loss: 0.0209
Episode: 1181, avg. length 1343.9
first_0:                 episode reward: -7.7000,                 loss: nan
second_0:                 episode reward: 7.7000,                 loss: 0.0207
Episode: 1201, avg. length 1635.5
first_0:                 episode reward: -5.6500,                 loss: nan
second_0:                 episode reward: 5.6500,                 loss: 0.0207
Episode: 1221, avg. length 1426.25
first_0:                 episode reward: -6.6500,                 loss: nan
second_0:                 episode reward: 6.6500,                 loss: 0.0236
Episode: 1241, avg. length 1186.3
first_0:                 episode reward: -8.8000,                 loss: nan
second_0:                 episode reward: 8.8000,                 loss: 0.0233
Episode: 1261, avg. length 1225.7
first_0:                 episode reward: -8.6000,                 loss: nan
second_0:                 episode reward: 8.6000,                 loss: 0.0233
Episode: 1281, avg. length 1261.15
first_0:                 episode reward: -7.8000,                 loss: nan
second_0:                 episode reward: 7.8000,                 loss: 0.0230
Episode: 1301, avg. length 1217.65
first_0:                 episode reward: -8.3500,                 loss: nan
second_0:                 episode reward: 8.3500,                 loss: 0.0206
Episode: 1321, avg. length 1160.25
first_0:                 episode reward: -8.6000,                 loss: nan
second_0:                 episode reward: 8.6000,                 loss: 0.0207
Episode: 1341, avg. length 1206.2
first_0:                 episode reward: -8.3500,                 loss: nan
second_0:                 episode reward: 8.3500,                 loss: 0.0217
Episode: 1361, avg. length 1082.6
first_0:                 episode reward: -9.0500,                 loss: nan
second_0:                 episode reward: 9.0500,                 loss: 0.0208
Episode: 1381, avg. length 1277.45
first_0:                 episode reward: -7.8500,                 loss: nan
second_0:                 episode reward: 7.8500,                 loss: 0.0208
Episode: 1401, avg. length 1220.85
first_0:                 episode reward: -8.1500,                 loss: nan
second_0:                 episode reward: 8.1500,                 loss: 0.0201
Episode: 1421, avg. length 1367.45
first_0:                 episode reward: -6.7000,                 loss: nan
second_0:                 episode reward: 6.7000,                 loss: 0.0201
Episode: 1441, avg. length 1263.7
first_0:                 episode reward: -7.3000,                 loss: nan
second_0:                 episode reward: 7.3000,                 loss: 0.0231
Episode: 1461, avg. length 1236.5
first_0:                 episode reward: -8.0000,                 loss: nan
second_0:                 episode reward: 8.0000,                 loss: 0.0230
Episode: 1481, avg. length 1204.65
first_0:                 episode reward: -8.2000,                 loss: nan
second_0:                 episode reward: 8.2000,                 loss: 0.0225
Episode: 1501, avg. length 1236.3
first_0:                 episode reward: -7.6500,                 loss: nan
second_0:                 episode reward: 7.6500,                 loss: 0.0215
Episode: 1521, avg. length 1196.65
first_0:                 episode reward: -8.3000,                 loss: nan
second_0:                 episode reward: 8.3000,                 loss: 0.0210
Episode: 1541, avg. length 1224.25
first_0:                 episode reward: -7.9500,                 loss: nan
second_0:                 episode reward: 7.9500,                 loss: 0.0197
Episode: 1561, avg. length 1258.1
first_0:                 episode reward: -7.4500,                 loss: nan
second_0:                 episode reward: 7.4500,                 loss: 0.0194
Episode: 1581, avg. length 1313.45
first_0:                 episode reward: -7.1500,                 loss: nan
second_0:                 episode reward: 7.1500,                 loss: 0.0193
Episode: 1601, avg. length 1343.0
first_0:                 episode reward: -7.1500,                 loss: nan
second_0:                 episode reward: 7.1500,                 loss: 0.0192
Episode: 1621, avg. length 1364.45
first_0:                 episode reward: -6.2000,                 loss: nan
second_0:                 episode reward: 6.2000,                 loss: 0.0212
Episode: 1641, avg. length 1290.85
first_0:                 episode reward: -7.6000,                 loss: nan
second_0:                 episode reward: 7.6000,                 loss: 0.0217
Episode: 1661, avg. length 1435.25
first_0:                 episode reward: -6.4500,                 loss: nan
second_0:                 episode reward: 6.4500,                 loss: 0.0226
Episode: 1681, avg. length 1380.85
first_0:                 episode reward: -6.1000,                 loss: nan
second_0:                 episode reward: 6.1000,                 loss: 0.0229
Episode: 1701, avg. length 1368.95
first_0:                 episode reward: -7.1000,                 loss: nan
second_0:                 episode reward: 7.1000,                 loss: 0.0228
Episode: 1721, avg. length 1303.8
first_0:                 episode reward: -7.7500,                 loss: nan
second_0:                 episode reward: 7.7500,                 loss: 0.0233
Episode: 1741, avg. length 1205.95
first_0:                 episode reward: -8.0000,                 loss: nan
second_0:                 episode reward: 8.0000,                 loss: 0.0221
Episode: 1761, avg. length 1263.2
first_0:                 episode reward: -7.8500,                 loss: nan
second_0:                 episode reward: 7.8500,                 loss: 0.0211
Episode: 1781, avg. length 1377.8
first_0:                 episode reward: -5.7500,                 loss: nan
second_0:                 episode reward: 5.7500,                 loss: 0.0216
Episode: 1801, avg. length 1178.7
first_0:                 episode reward: -8.1000,                 loss: nan
second_0:                 episode reward: 8.1000,                 loss: 0.0209
Episode: 1821, avg. length 1170.5
first_0:                 episode reward: -8.2500,                 loss: nan
second_0:                 episode reward: 8.2500,                 loss: 0.0214
Episode: 1841, avg. length 1097.85
first_0:                 episode reward: -8.7000,                 loss: nan
second_0:                 episode reward: 8.7000,                 loss: 0.0220
Episode: 1861, avg. length 1141.35
first_0:                 episode reward: -8.5000,                 loss: nan
second_0:                 episode reward: 8.5000,                 loss: 0.0219
Episode: 1881, avg. length 1062.9
first_0:                 episode reward: -8.9500,                 loss: nan
second_0:                 episode reward: 8.9500,                 loss: 0.0227
Episode: 1901, avg. length 1195.65
first_0:                 episode reward: -8.0000,                 loss: nan
second_0:                 episode reward: 8.0000,                 loss: 0.0216
Episode: 1921, avg. length 1241.8
first_0:                 episode reward: -7.7000,                 loss: nan
second_0:                 episode reward: 7.7000,                 loss: 0.0219
Episode: 1941, avg. length 1159.7
first_0:                 episode reward: -7.3000,                 loss: nan
second_0:                 episode reward: 7.3000,                 loss: 0.0243
Episode: 1961, avg. length 1082.6
first_0:                 episode reward: -9.0000,                 loss: nan
second_0:                 episode reward: 9.0000,                 loss: 0.0233
Episode: 1981, avg. length 1135.5
first_0:                 episode reward: -8.5000,                 loss: nan
second_0:                 episode reward: 8.5000,                 loss: 0.0217
Episode: 2001, avg. length 1262.0
first_0:                 episode reward: -7.1500,                 loss: nan
second_0:                 episode reward: 7.1500,                 loss: 0.0206
Episode: 2021, avg. length 1046.75
first_0:                 episode reward: -8.8000,                 loss: nan
second_0:                 episode reward: 8.8000,                 loss: 0.0199
Episode: 2041, avg. length 1160.55
first_0:                 episode reward: -8.4000,                 loss: nan
second_0:                 episode reward: 8.4000,                 loss: 0.0196
Episode: 2061, avg. length 1102.8
first_0:                 episode reward: -8.9000,                 loss: nan
second_0:                 episode reward: 8.9000,                 loss: 0.0189
Episode: 2081, avg. length 1194.7
first_0:                 episode reward: -7.8500,                 loss: nan
second_0:                 episode reward: 7.8500,                 loss: 0.0194
Episode: 2101, avg. length 1237.7
first_0:                 episode reward: -7.8500,                 loss: nan
second_0:                 episode reward: 7.8500,                 loss: 0.0198
Episode: 2121, avg. length 1275.45
first_0:                 episode reward: -7.8000,                 loss: nan
second_0:                 episode reward: 7.8000,                 loss: 0.0203
Episode: 2141, avg. length 1461.7
first_0:                 episode reward: -5.3000,                 loss: nan
second_0:                 episode reward: 5.3000,                 loss: 0.0219
Episode: 2161, avg. length 1226.25
first_0:                 episode reward: -7.7500,                 loss: nan
second_0:                 episode reward: 7.7500,                 loss: 0.0231
Episode: 2181, avg. length 1199.2
first_0:                 episode reward: -8.2500,                 loss: nan
second_0:                 episode reward: 8.2500,                 loss: 0.0230
Episode: 2201, avg. length 1208.9
first_0:                 episode reward: -8.0500,                 loss: nan
second_0:                 episode reward: 8.0500,                 loss: 0.0223
Episode: 2221, avg. length 1282.85
first_0:                 episode reward: -7.1000,                 loss: nan
second_0:                 episode reward: 7.1000,                 loss: 0.0211
Episode: 2241, avg. length 1080.75
first_0:                 episode reward: -8.5000,                 loss: nan
second_0:                 episode reward: 8.5000,                 loss: 0.0201
Episode: 2261, avg. length 990.25
first_0:                 episode reward: -9.5500,                 loss: nan
second_0:                 episode reward: 9.5500,                 loss: 0.0193
Episode: 2281, avg. length 1093.55
first_0:                 episode reward: -9.0000,                 loss: nan
second_0:                 episode reward: 9.0000,                 loss: 0.0196
Episode: 2301, avg. length 1159.45
first_0:                 episode reward: -6.9000,                 loss: nan
second_0:                 episode reward: 6.9000,                 loss: 0.0183
Episode: 2321, avg. length 1229.15
first_0:                 episode reward: -7.9500,                 loss: nan
second_0:                 episode reward: 7.9500,                 loss: 0.0181
Episode: 2341, avg. length 1187.2
first_0:                 episode reward: -8.2500,                 loss: nan
second_0:                 episode reward: 8.2500,                 loss: 0.0172
Episode: 2361, avg. length 1176.95
first_0:                 episode reward: -8.4000,                 loss: nan
second_0:                 episode reward: 8.4000,                 loss: 0.0180
Episode: 2381, avg. length 1123.3
first_0:                 episode reward: -8.7500,                 loss: nan
second_0:                 episode reward: 8.7500,                 loss: 0.0194
Episode: 2401, avg. length 1033.15
first_0:                 episode reward: -9.3000,                 loss: nan
second_0:                 episode reward: 9.3000,                 loss: 0.0183
Episode: 2421, avg. length 1158.05
first_0:                 episode reward: -8.3500,                 loss: nan
second_0:                 episode reward: 8.3500,                 loss: 0.0185
Episode: 2441, avg. length 1041.65
first_0:                 episode reward: -9.2000,                 loss: nan
second_0:                 episode reward: 9.2000,                 loss: 0.0174
Episode: 2461, avg. length 1163.0
first_0:                 episode reward: -8.4500,                 loss: nan
second_0:                 episode reward: 8.4500,                 loss: 0.0179
Episode: 2481, avg. length 1126.55
first_0:                 episode reward: -8.8000,                 loss: nan
second_0:                 episode reward: 8.8000,                 loss: 0.0182
Episode: 2501, avg. length 1059.6
first_0:                 episode reward: -9.0500,                 loss: nan
second_0:                 episode reward: 9.0500,                 loss: 0.0199
Episode: 2521, avg. length 1270.7
first_0:                 episode reward: -7.5500,                 loss: nan
second_0:                 episode reward: 7.5500,                 loss: 0.0220
Episode: 2541, avg. length 1277.15
first_0:                 episode reward: -7.4500,                 loss: nan
second_0:                 episode reward: 7.4500,                 loss: 0.0220
Episode: 2561, avg. length 1151.4
first_0:                 episode reward: -8.4500,                 loss: nan
second_0:                 episode reward: 8.4500,                 loss: 0.0213
Episode: 2581, avg. length 1156.5
first_0:                 episode reward: -8.2500,                 loss: nan
second_0:                 episode reward: 8.2500,                 loss: 0.0206
Episode: 2601, avg. length 1101.05
first_0:                 episode reward: -9.0000,                 loss: nan
second_0:                 episode reward: 9.0000,                 loss: 0.0208
Episode: 2621, avg. length 1080.95
first_0:                 episode reward: -8.8000,                 loss: nan
second_0:                 episode reward: 8.8000,                 loss: 0.0206
Episode: 2641, avg. length 1128.55
first_0:                 episode reward: -8.5000,                 loss: nan
second_0:                 episode reward: 8.5000,                 loss: 0.0197
Episode: 2661, avg. length 1176.25
first_0:                 episode reward: -8.5000,                 loss: nan
second_0:                 episode reward: 8.5000,                 loss: 0.0207
Episode: 2681, avg. length 1193.15
first_0:                 episode reward: -8.2000,                 loss: nan
second_0:                 episode reward: 8.2000,                 loss: 0.0210
Episode: 2701, avg. length 1087.55
first_0:                 episode reward: -8.9000,                 loss: nan
second_0:                 episode reward: 8.9000,                 loss: 0.0191
Episode: 2721, avg. length 1056.3
first_0:                 episode reward: -8.5500,                 loss: nan
second_0:                 episode reward: 8.5500,                 loss: 0.0192
Episode: 2741, avg. length 1001.8
first_0:                 episode reward: -9.3000,                 loss: nan
second_0:                 episode reward: 9.3000,                 loss: 0.0187
Episode: 2761, avg. length 959.2
first_0:                 episode reward: -9.8000,                 loss: nan
second_0:                 episode reward: 9.8000,                 loss: 0.0182
Episode: 2781, avg. length 987.6
first_0:                 episode reward: -9.5000,                 loss: nan
second_0:                 episode reward: 9.5000,                 loss: 0.0179
Episode: 2801, avg. length 1015.95
first_0:                 episode reward: -9.3000,                 loss: nan
second_0:                 episode reward: 9.3000,                 loss: 0.0174
Episode: 2821, avg. length 1089.95
first_0:                 episode reward: -8.9000,                 loss: nan
second_0:                 episode reward: 8.9000,                 loss: 0.0165
Episode: 2841, avg. length 1370.85
first_0:                 episode reward: -7.0500,                 loss: nan
second_0:                 episode reward: 7.0500,                 loss: 0.0171
Episode: 2861, avg. length 1287.8
first_0:                 episode reward: -7.8000,                 loss: nan
second_0:                 episode reward: 7.8000,                 loss: 0.0188
Episode: 2881, avg. length 1242.2
first_0:                 episode reward: -8.1000,                 loss: nan
second_0:                 episode reward: 8.1000,                 loss: 0.0201
Episode: 2901, avg. length 1034.85
first_0:                 episode reward: -9.3000,                 loss: nan
second_0:                 episode reward: 9.3000,                 loss: 0.0217
Episode: 2921, avg. length 1090.1
first_0:                 episode reward: -8.7500,                 loss: nan
second_0:                 episode reward: 8.7500,                 loss: 0.0225
Episode: 2941, avg. length 1079.95
first_0:                 episode reward: -9.0000,                 loss: nan
second_0:                 episode reward: 9.0000,                 loss: 0.0220
Episode: 2961, avg. length 1103.9
first_0:                 episode reward: -8.7000,                 loss: nan
second_0:                 episode reward: 8.7000,                 loss: 0.0202
Episode: 2981, avg. length 1031.3
first_0:                 episode reward: -9.1500,                 loss: nan
second_0:                 episode reward: 9.1500,                 loss: 0.0170
Episode: 3001, avg. length 1142.05
first_0:                 episode reward: -8.5500,                 loss: nan
second_0:                 episode reward: 8.5500,                 loss: 0.0167
Episode: 3021, avg. length 1160.6
first_0:                 episode reward: -8.6500,                 loss: nan
second_0:                 episode reward: 8.6500,                 loss: 0.0174
Episode: 3041, avg. length 1092.15
first_0:                 episode reward: -9.1000,                 loss: nan
second_0:                 episode reward: 9.1000,                 loss: 0.0179
Episode: 3061, avg. length 1257.8
first_0:                 episode reward: -7.6500,                 loss: nan
second_0:                 episode reward: 7.6500,                 loss: 0.0213
Episode: 3081, avg. length 1072.0
first_0:                 episode reward: -9.2500,                 loss: nan
second_0:                 episode reward: 9.2500,                 loss: 0.0263
Episode: 3101, avg. length 1112.95
first_0:                 episode reward: -8.8500,                 loss: nan
second_0:                 episode reward: 8.8500,                 loss: 0.0268
Episode: 3121, avg. length 1151.05
first_0:                 episode reward: -8.5500,                 loss: nan
second_0:                 episode reward: 8.5500,                 loss: 0.0227
Episode: 3141, avg. length 1161.85
first_0:                 episode reward: -8.3500,                 loss: nan
second_0:                 episode reward: 8.3500,                 loss: 0.0205
Episode: 3161, avg. length 1132.95
first_0:                 episode reward: -8.4500,                 loss: nan
second_0:                 episode reward: 8.4500,                 loss: 0.0193
Episode: 3181, avg. length 1112.85
first_0:                 episode reward: -8.4500,                 loss: nan
second_0:                 episode reward: 8.4500,                 loss: 0.0197
Episode: 3201, avg. length 1184.75
first_0:                 episode reward: -8.2000,                 loss: nan
second_0:                 episode reward: 8.2000,                 loss: 0.0197
Episode: 3221, avg. length 1153.8
first_0:                 episode reward: -8.6500,                 loss: nan
second_0:                 episode reward: 8.6500,                 loss: 0.0194
Episode: 3241, avg. length 1068.55
first_0:                 episode reward: -9.2000,                 loss: nan
second_0:                 episode reward: 9.2000,                 loss: 0.0188
Episode: 3261, avg. length 1024.25
first_0:                 episode reward: -9.4500,                 loss: nan
second_0:                 episode reward: 9.4500,                 loss: 0.0179
Episode: 3281, avg. length 1078.65
first_0:                 episode reward: -8.9500,                 loss: nan
second_0:                 episode reward: 8.9500,                 loss: 0.0172
Episode: 3301, avg. length 967.2
first_0:                 episode reward: -9.6000,                 loss: nan
second_0:                 episode reward: 9.6000,                 loss: 0.0181
Episode: 3321, avg. length 1002.5
first_0:                 episode reward: -9.4000,                 loss: nan
second_0:                 episode reward: 9.4000,                 loss: 0.0167
Episode: 3341, avg. length 1122.3
first_0:                 episode reward: -8.0500,                 loss: nan
second_0:                 episode reward: 8.0500,                 loss: 0.0169
Episode: 3361, avg. length 1036.9
first_0:                 episode reward: -9.3000,                 loss: nan
second_0:                 episode reward: 9.3000,                 loss: 0.0175
Episode: 3381, avg. length 972.85
first_0:                 episode reward: -9.6000,                 loss: nan
second_0:                 episode reward: 9.6000,                 loss: 0.0172
Episode: 3401, avg. length 974.9
first_0:                 episode reward: -9.5000,                 loss: nan
second_0:                 episode reward: 9.5000,                 loss: 0.0157
Episode: 3421, avg. length 1124.4
first_0:                 episode reward: -8.7000,                 loss: nan
second_0:                 episode reward: 8.7000,                 loss: 0.0159
Episode: 3441, avg. length 1173.9
first_0:                 episode reward: -8.4000,                 loss: nan
second_0:                 episode reward: 8.4000,                 loss: 0.0167
Episode: 3461, avg. length 1046.1
first_0:                 episode reward: -9.2000,                 loss: nan
second_0:                 episode reward: 9.2000,                 loss: 0.0168
Episode: 3481, avg. length 1144.7
first_0:                 episode reward: -8.3500,                 loss: nan
second_0:                 episode reward: 8.3500,                 loss: 0.0179
Episode: 3501, avg. length 1072.95
first_0:                 episode reward: -8.9000,                 loss: nan
second_0:                 episode reward: 8.9000,                 loss: 0.0188
Episode: 3521, avg. length 1169.4
first_0:                 episode reward: -8.3500,                 loss: nan
second_0:                 episode reward: 8.3500,                 loss: 0.0197
Episode: 3541, avg. length 1090.1
first_0:                 episode reward: -8.8000,                 loss: nan
second_0:                 episode reward: 8.8000,                 loss: 0.0188
Episode: 3561, avg. length 1240.6
first_0:                 episode reward: -7.6000,                 loss: nan
second_0:                 episode reward: 7.6000,                 loss: 0.0187
Episode: 3581, avg. length 1062.1
first_0:                 episode reward: -9.0000,                 loss: nan
second_0:                 episode reward: 9.0000,                 loss: 0.0199
Episode: 3601, avg. length 1123.8
first_0:                 episode reward: -7.8000,                 loss: nan
second_0:                 episode reward: 7.8000,                 loss: 0.0182
Episode: 3621, avg. length 1092.5
first_0:                 episode reward: -8.9500,                 loss: nan
second_0:                 episode reward: 8.9500,                 loss: 0.0169
Episode: 3641, avg. length 1089.35
first_0:                 episode reward: -9.0000,                 loss: nan
second_0:                 episode reward: 9.0000,                 loss: 0.0170
Episode: 3661, avg. length 1043.45
first_0:                 episode reward: -9.1500,                 loss: nan
second_0:                 episode reward: 9.1500,                 loss: 0.0179
Episode: 3681, avg. length 1056.65
first_0:                 episode reward: -9.2000,                 loss: nan
second_0:                 episode reward: 9.2000,                 loss: 0.0170
Episode: 3701, avg. length 1019.3
first_0:                 episode reward: -9.3500,                 loss: nan
second_0:                 episode reward: 9.3500,                 loss: 0.0165
Episode: 3721, avg. length 1001.65
first_0:                 episode reward: -9.4500,                 loss: nan
second_0:                 episode reward: 9.4500,                 loss: 0.0163
Episode: 3741, avg. length 1036.05
first_0:                 episode reward: -9.2000,                 loss: nan
second_0:                 episode reward: 9.2000,                 loss: 0.0160
Episode: 3761, avg. length 1015.5
first_0:                 episode reward: -9.4500,                 loss: nan
second_0:                 episode reward: 9.4500,                 loss: 0.0162
Episode: 3781, avg. length 1006.6
first_0:                 episode reward: -9.5000,                 loss: nan
second_0:                 episode reward: 9.5000,                 loss: 0.0165
Episode: 3801, avg. length 1054.0
first_0:                 episode reward: -9.2000,                 loss: nan
second_0:                 episode reward: 9.2000,                 loss: 0.0173
Episode: 3821, avg. length 998.2
first_0:                 episode reward: -9.5000,                 loss: nan
second_0:                 episode reward: 9.5000,                 loss: 0.0170
Episode: 3841, avg. length 1021.3
first_0:                 episode reward: -9.4000,                 loss: nan
second_0:                 episode reward: 9.4000,                 loss: 0.0181
Episode: 3861, avg. length 982.2
first_0:                 episode reward: -9.5500,                 loss: nan
second_0:                 episode reward: 9.5500,                 loss: 0.0176
Episode: 3881, avg. length 1029.65
first_0:                 episode reward: -9.1500,                 loss: nan
second_0:                 episode reward: 9.1500,                 loss: 0.0176
Episode: 3901, avg. length 1034.0
first_0:                 episode reward: -9.1500,                 loss: nan
second_0:                 episode reward: 9.1500,                 loss: 0.0163
Episode: 3921, avg. length 1050.35
first_0:                 episode reward: -9.1000,                 loss: nan
second_0:                 episode reward: 9.1000,                 loss: 0.0164
Episode: 3941, avg. length 972.65
first_0:                 episode reward: -9.5000,                 loss: nan
second_0:                 episode reward: 9.5000,                 loss: 0.0159
Episode: 3961, avg. length 995.75
first_0:                 episode reward: -9.3000,                 loss: nan
second_0:                 episode reward: 9.3000,                 loss: 0.0155
Episode: 3981, avg. length 948.85
first_0:                 episode reward: -9.7500,                 loss: nan
second_0:                 episode reward: 9.7500,                 loss: 0.0145
Episode: 4001, avg. length 938.6
first_0:                 episode reward: -9.7000,                 loss: nan
second_0:                 episode reward: 9.7000,                 loss: 0.0147
Episode: 4021, avg. length 941.25
first_0:                 episode reward: -9.7500,                 loss: nan
second_0:                 episode reward: 9.7500,                 loss: 0.0150
Episode: 4041, avg. length 1035.8
first_0:                 episode reward: -9.3500,                 loss: nan
second_0:                 episode reward: 9.3500,                 loss: 0.0153
Episode: 4061, avg. length 1069.95
first_0:                 episode reward: -8.9500,                 loss: nan
second_0:                 episode reward: 8.9500,                 loss: 0.0153
Episode: 4081, avg. length 1184.1
first_0:                 episode reward: -8.3500,                 loss: nan
second_0:                 episode reward: 8.3500,                 loss: 0.0164
Episode: 4101, avg. length 1023.85
first_0:                 episode reward: -9.3500,                 loss: nan
second_0:                 episode reward: 9.3500,                 loss: 0.0178
Episode: 4121, avg. length 1061.0
first_0:                 episode reward: -9.2000,                 loss: nan
second_0:                 episode reward: 9.2000,                 loss: 0.0185
Episode: 4141, avg. length 1062.6
first_0:                 episode reward: -9.1000,                 loss: nan
second_0:                 episode reward: 9.1000,                 loss: 0.0184
Episode: 4161, avg. length 1068.5
first_0:                 episode reward: -8.9500,                 loss: nan
second_0:                 episode reward: 8.9500,                 loss: 0.0183
Episode: 4181, avg. length 1124.5
first_0:                 episode reward: -8.8000,                 loss: nan
second_0:                 episode reward: 8.8000,                 loss: 0.0179
Episode: 4201, avg. length 1005.0
first_0:                 episode reward: -9.5500,                 loss: nan
second_0:                 episode reward: 9.5500,                 loss: 0.0173
Episode: 4221, avg. length 1070.85
first_0:                 episode reward: -9.1500,                 loss: nan
second_0:                 episode reward: 9.1500,                 loss: 0.0178
Episode: 4241, avg. length 1153.9
first_0:                 episode reward: -8.5500,                 loss: nan
second_0:                 episode reward: 8.5500,                 loss: 0.0192
Episode: 4261, avg. length 960.65
first_0:                 episode reward: -9.7500,                 loss: nan
second_0:                 episode reward: 9.7500,                 loss: 0.0198
Episode: 4281, avg. length 1020.6
first_0:                 episode reward: -9.2000,                 loss: nan
second_0:                 episode reward: 9.2000,                 loss: 0.0188
Episode: 4301, avg. length 1008.75
first_0:                 episode reward: -9.2500,                 loss: nan
second_0:                 episode reward: 9.2500,                 loss: 0.0192
Episode: 4321, avg. length 1055.3
first_0:                 episode reward: -8.9000,                 loss: nan
second_0:                 episode reward: 8.9000,                 loss: 0.0191
Episode: 4341, avg. length 1040.2
first_0:                 episode reward: -9.2500,                 loss: nan
second_0:                 episode reward: 9.2500,                 loss: 0.0186
Episode: 4361, avg. length 1057.7
first_0:                 episode reward: -9.1000,                 loss: nan
second_0:                 episode reward: 9.1000,                 loss: 0.0188
Episode: 4381, avg. length 1040.0
first_0:                 episode reward: -9.1000,                 loss: nan
second_0:                 episode reward: 9.1000,                 loss: 0.0200
Episode: 4401, avg. length 1016.95
first_0:                 episode reward: -9.1500,                 loss: nan
second_0:                 episode reward: 9.1500,                 loss: 0.0196
Episode: 4421, avg. length 985.65
first_0:                 episode reward: -9.5000,                 loss: nan
second_0:                 episode reward: 9.5000,                 loss: 0.0193
Episode: 4441, avg. length 1032.55
first_0:                 episode reward: -9.2500,                 loss: nan
second_0:                 episode reward: 9.2500,                 loss: 0.0200
Episode: 4461, avg. length 1062.15
first_0:                 episode reward: -9.2000,                 loss: nan
second_0:                 episode reward: 9.2000,                 loss: 0.0214
Episode: 4481, avg. length 1100.3
first_0:                 episode reward: -8.9000,                 loss: nan
second_0:                 episode reward: 8.9000,                 loss: 0.0230
Episode: 4501, avg. length 1079.25
first_0:                 episode reward: -8.9000,                 loss: nan
second_0:                 episode reward: 8.9000,                 loss: 0.0233
Episode: 4521, avg. length 1075.7
first_0:                 episode reward: -8.8500,                 loss: nan
second_0:                 episode reward: 8.8500,                 loss: 0.0228
Episode: 4541, avg. length 992.4
first_0:                 episode reward: -9.5000,                 loss: nan
second_0:                 episode reward: 9.5000,                 loss: 0.0229
Episode: 4561, avg. length 1295.85
first_0:                 episode reward: -6.9500,                 loss: nan
second_0:                 episode reward: 6.9500,                 loss: 0.0230
Episode: 4581, avg. length 1281.35
first_0:                 episode reward: -7.1000,                 loss: nan
second_0:                 episode reward: 7.1000,                 loss: 0.0238
Episode: 4601, avg. length 1118.0
first_0:                 episode reward: -8.9500,                 loss: nan
second_0:                 episode reward: 8.9500,                 loss: 0.0234
Episode: 4621, avg. length 1072.6
first_0:                 episode reward: -9.1500,                 loss: nan
second_0:                 episode reward: 9.1500,                 loss: 0.0242
Episode: 4641, avg. length 1198.9
first_0:                 episode reward: -8.7000,                 loss: nan
second_0:                 episode reward: 8.7000,                 loss: 0.0258
Episode: 4661, avg. length 1257.95
first_0:                 episode reward: -8.4500,                 loss: nan
second_0:                 episode reward: 8.4500,                 loss: 0.0256
Episode: 4681, avg. length 1120.7
first_0:                 episode reward: -8.9000,                 loss: nan
second_0:                 episode reward: 8.9000,                 loss: 0.0259
Episode: 4701, avg. length 1157.7
first_0:                 episode reward: -8.4000,                 loss: nan
second_0:                 episode reward: 8.4000,                 loss: 0.0264
Episode: 4721, avg. length 1111.0
first_0:                 episode reward: -8.8500,                 loss: nan
second_0:                 episode reward: 8.8500,                 loss: 0.0245
Episode: 4741, avg. length 1109.3
first_0:                 episode reward: -8.8500,                 loss: nan
second_0:                 episode reward: 8.8500,                 loss: 0.0236
Episode: 4761, avg. length 1207.85
first_0:                 episode reward: -8.2000,                 loss: nan
second_0:                 episode reward: 8.2000,                 loss: 0.0221
Episode: 4781, avg. length 1171.3
first_0:                 episode reward: -8.7000,                 loss: nan
second_0:                 episode reward: 8.7000,                 loss: 0.0208
Episode: 4801, avg. length 1270.8
first_0:                 episode reward: -7.6500,                 loss: nan
second_0:                 episode reward: 7.6500,                 loss: 0.0217
Episode: 4821, avg. length 1224.35
first_0:                 episode reward: -7.7500,                 loss: nan
second_0:                 episode reward: 7.7500,                 loss: 0.0208
Episode: 4841, avg. length 1125.2
first_0:                 episode reward: -8.6500,                 loss: nan
second_0:                 episode reward: 8.6500,                 loss: 0.0201
Episode: 4861, avg. length 1189.5
first_0:                 episode reward: -8.3000,                 loss: nan
second_0:                 episode reward: 8.3000,                 loss: 0.0202
Episode: 4881, avg. length 1187.95
first_0:                 episode reward: -8.0500,                 loss: nan
second_0:                 episode reward: 8.0500,                 loss: 0.0205
Episode: 4901, avg. length 1140.75
first_0:                 episode reward: -8.5500,                 loss: nan
second_0:                 episode reward: 8.5500,                 loss: 0.0205
Episode: 4921, avg. length 1018.45
first_0:                 episode reward: -9.5000,                 loss: nan
second_0:                 episode reward: 9.5000,                 loss: 0.0203
Episode: 4941, avg. length 1121.95
first_0:                 episode reward: -8.4500,                 loss: nan
second_0:                 episode reward: 8.4500,                 loss: 0.0201
Episode: 4961, avg. length 1039.45
first_0:                 episode reward: -9.3000,                 loss: nan
second_0:                 episode reward: 9.3000,                 loss: 0.0197
Episode: 4981, avg. length 1047.05
first_0:                 episode reward: -9.1500,                 loss: nan
second_0:                 episode reward: 9.1500,                 loss: 0.0193
Episode: 5001, avg. length 1023.45
first_0:                 episode reward: -9.3500,                 loss: nan
second_0:                 episode reward: 9.3500,                 loss: 0.0189
Episode: 5021, avg. length 990.7
first_0:                 episode reward: -9.5000,                 loss: nan
second_0:                 episode reward: 9.5000,                 loss: 0.0190
Episode: 5041, avg. length 1034.15
first_0:                 episode reward: -9.4000,                 loss: nan
second_0:                 episode reward: 9.4000,                 loss: 0.0184
Episode: 5061, avg. length 1094.15
first_0:                 episode reward: -8.9500,                 loss: nan
second_0:                 episode reward: 8.9500,                 loss: 0.0186
Episode: 5081, avg. length 1090.55
first_0:                 episode reward: -8.9000,                 loss: nan
second_0:                 episode reward: 8.9000,                 loss: 0.0193
Episode: 5101, avg. length 1053.55
first_0:                 episode reward: -8.9000,                 loss: nan
second_0:                 episode reward: 8.9000,                 loss: 0.0194
Episode: 5121, avg. length 1087.9
first_0:                 episode reward: -9.0000,                 loss: nan
second_0:                 episode reward: 9.0000,                 loss: 0.0196
Episode: 5141, avg. length 1176.5
first_0:                 episode reward: -8.3000,                 loss: nan
second_0:                 episode reward: 8.3000,                 loss: 0.0201
Episode: 5161, avg. length 1059.75
first_0:                 episode reward: -9.1000,                 loss: nan
second_0:                 episode reward: 9.1000,                 loss: 0.0201
Episode: 5181, avg. length 1082.35
first_0:                 episode reward: -8.7500,                 loss: nan
second_0:                 episode reward: 8.7500,                 loss: 0.0195
Episode: 5201, avg. length 1061.1
first_0:                 episode reward: -9.1000,                 loss: nan
second_0:                 episode reward: 9.1000,                 loss: 0.0187
Episode: 5221, avg. length 1040.85
first_0:                 episode reward: -9.3000,                 loss: nan
second_0:                 episode reward: 9.3000,                 loss: 0.0195
Episode: 5241, avg. length 1052.4
first_0:                 episode reward: -9.2000,                 loss: nan
second_0:                 episode reward: 9.2000,                 loss: 0.0209
Episode: 5261, avg. length 1081.0
first_0:                 episode reward: -9.0500,                 loss: nan
second_0:                 episode reward: 9.0500,                 loss: 0.0222
Episode: 5281, avg. length 1183.45
first_0:                 episode reward: -8.1500,                 loss: nan
second_0:                 episode reward: 8.1500,                 loss: 0.0230
Episode: 5301, avg. length 1191.0
first_0:                 episode reward: -8.2000,                 loss: nan
second_0:                 episode reward: 8.2000,                 loss: 0.0215
Episode: 5321, avg. length 1158.85
first_0:                 episode reward: -8.4500,                 loss: nan
second_0:                 episode reward: 8.4500,                 loss: 0.0219
Episode: 5341, avg. length 1049.05
first_0:                 episode reward: -9.3000,                 loss: nan
second_0:                 episode reward: 9.3000,                 loss: 0.0206
Episode: 5361, avg. length 1063.15
first_0:                 episode reward: -9.2000,                 loss: nan
second_0:                 episode reward: 9.2000,                 loss: 0.0194
Episode: 5381, avg. length 1031.05
first_0:                 episode reward: -9.3500,                 loss: nan
second_0:                 episode reward: 9.3500,                 loss: 0.0190
Episode: 5401, avg. length 1039.05
first_0:                 episode reward: -9.2500,                 loss: nan
second_0:                 episode reward: 9.2500,                 loss: 0.0180
Episode: 5421, avg. length 1071.8
first_0:                 episode reward: -9.0000,                 loss: nan
second_0:                 episode reward: 9.0000,                 loss: 0.0172
Episode: 5441, avg. length 1034.3
first_0:                 episode reward: -9.4500,                 loss: nan
second_0:                 episode reward: 9.4500,                 loss: 0.0176
Episode: 5461, avg. length 1065.45
first_0:                 episode reward: -9.0500,                 loss: nan
second_0:                 episode reward: 9.0500,                 loss: 0.0171
Episode: 5481, avg. length 1107.0
first_0:                 episode reward: -8.8500,                 loss: nan
second_0:                 episode reward: 8.8500,                 loss: 0.0173
Episode: 5501, avg. length 1154.0
first_0:                 episode reward: -8.4500,                 loss: nan
second_0:                 episode reward: 8.4500,                 loss: 0.0167
Episode: 5521, avg. length 1135.0
first_0:                 episode reward: -8.6500,                 loss: nan
second_0:                 episode reward: 8.6500,                 loss: 0.0170
Episode: 5541, avg. length 1090.05
first_0:                 episode reward: -9.2000,                 loss: nan
second_0:                 episode reward: 9.2000,                 loss: 0.0179
Episode: 5561, avg. length 1240.75
first_0:                 episode reward: -7.8500,                 loss: nan
second_0:                 episode reward: 7.8500,                 loss: 0.0184
Episode: 5581, avg. length 1147.7
first_0:                 episode reward: -8.4000,                 loss: nan
second_0:                 episode reward: 8.4000,                 loss: 0.0201
Episode: 5601, avg. length 1067.65
first_0:                 episode reward: -9.1000,                 loss: nan
second_0:                 episode reward: 9.1000,                 loss: 0.0199
Episode: 5621, avg. length 1036.1
first_0:                 episode reward: -9.3000,                 loss: nan
second_0:                 episode reward: 9.3000,                 loss: 0.0203
Episode: 5641, avg. length 1085.45
first_0:                 episode reward: -9.2500,                 loss: nan
second_0:                 episode reward: 9.2500,                 loss: 0.0213
Episode: 5661, avg. length 1102.75
first_0:                 episode reward: -9.1500,                 loss: nan
second_0:                 episode reward: 9.1500,                 loss: 0.0209
Episode: 5681, avg. length 1122.25
first_0:                 episode reward: -8.8500,                 loss: nan
second_0:                 episode reward: 8.8500,                 loss: 0.0205
Episode: 5701, avg. length 1123.4
first_0:                 episode reward: -8.8000,                 loss: nan
second_0:                 episode reward: 8.8000,                 loss: 0.0198
Episode: 5721, avg. length 1113.8
first_0:                 episode reward: -8.7500,                 loss: nan
second_0:                 episode reward: 8.7500,                 loss: 0.0188
Episode: 5741, avg. length 1093.9
first_0:                 episode reward: -9.0000,                 loss: nan
second_0:                 episode reward: 9.0000,                 loss: 0.0177
Episode: 5761, avg. length 1130.2
first_0:                 episode reward: -8.9000,                 loss: nan
second_0:                 episode reward: 8.9000,                 loss: 0.0180
Episode: 5781, avg. length 1075.0
first_0:                 episode reward: -9.0500,                 loss: nan
second_0:                 episode reward: 9.0500,                 loss: 0.0181
Episode: 5801, avg. length 1151.8
first_0:                 episode reward: -8.5000,                 loss: nan
second_0:                 episode reward: 8.5000,                 loss: 0.0188
Episode: 5821, avg. length 1015.7
first_0:                 episode reward: -9.5000,                 loss: nan
second_0:                 episode reward: 9.5000,                 loss: 0.0193
Episode: 5841, avg. length 1019.65
first_0:                 episode reward: -9.6000,                 loss: nan
second_0:                 episode reward: 9.6000,                 loss: 0.0198
Episode: 5861, avg. length 1075.7
first_0:                 episode reward: -9.0500,                 loss: nan
second_0:                 episode reward: 9.0500,                 loss: 0.0190
Episode: 5881, avg. length 1116.5
first_0:                 episode reward: -8.8000,                 loss: nan
second_0:                 episode reward: 8.8000,                 loss: 0.0179
Episode: 5901, avg. length 1116.95
first_0:                 episode reward: -8.9000,                 loss: nan
second_0:                 episode reward: 8.9000,                 loss: 0.0177
Episode: 5921, avg. length 1146.1
first_0:                 episode reward: -8.7500,                 loss: nan
second_0:                 episode reward: 8.7500,                 loss: 0.0177
Episode: 5941, avg. length 1054.35
first_0:                 episode reward: -9.4000,                 loss: nan
second_0:                 episode reward: 9.4000,                 loss: 0.0185
Episode: 5961, avg. length 1149.95
first_0:                 episode reward: -8.7500,                 loss: nan
second_0:                 episode reward: 8.7500,                 loss: 0.0184
Episode: 5981, avg. length 1115.05
first_0:                 episode reward: -8.9000,                 loss: nan
second_0:                 episode reward: 8.9000,                 loss: 0.0188
Episode: 6001, avg. length 1072.05
first_0:                 episode reward: -9.2500,                 loss: nan
second_0:                 episode reward: 9.2500,                 loss: 0.0181
Episode: 6021, avg. length 1129.25
first_0:                 episode reward: -8.5500,                 loss: nan
second_0:                 episode reward: 8.5500,                 loss: 0.0168
Episode: 6041, avg. length 1163.55
first_0:                 episode reward: -8.4500,                 loss: nan
second_0:                 episode reward: 8.4500,                 loss: 0.0168
Episode: 6061, avg. length 1056.6
first_0:                 episode reward: -9.3000,                 loss: nan
second_0:                 episode reward: 9.3000,                 loss: 0.0172
Episode: 6081, avg. length 1055.95
first_0:                 episode reward: -9.2000,                 loss: nan
second_0:                 episode reward: 9.2000,                 loss: 0.0166
Episode: 6101, avg. length 1206.25
first_0:                 episode reward: -8.2000,                 loss: nan
second_0:                 episode reward: 8.2000,                 loss: 0.0179
Episode: 6121, avg. length 1052.1
first_0:                 episode reward: -9.2000,                 loss: nan
second_0:                 episode reward: 9.2000,                 loss: 0.0177
Episode: 6141, avg. length 1103.05
first_0:                 episode reward: -8.8500,                 loss: nan
second_0:                 episode reward: 8.8500,                 loss: 0.0171
Episode: 6161, avg. length 1103.1
first_0:                 episode reward: -9.0000,                 loss: nan
second_0:                 episode reward: 9.0000,                 loss: 0.0184
Episode: 6181, avg. length 1109.95
first_0:                 episode reward: -8.7500,                 loss: nan
second_0:                 episode reward: 8.7500,                 loss: 0.0185
Episode: 6201, avg. length 1109.3
first_0:                 episode reward: -9.1000,                 loss: nan
second_0:                 episode reward: 9.1000,                 loss: 0.0183
Episode: 6221, avg. length 1069.6
first_0:                 episode reward: -9.1500,                 loss: nan
second_0:                 episode reward: 9.1500,                 loss: 0.0177
Episode: 6241, avg. length 1251.3
first_0:                 episode reward: -8.1500,                 loss: nan
second_0:                 episode reward: 8.1500,                 loss: 0.0183
Episode: 6261, avg. length 1157.65
first_0:                 episode reward: -8.8000,                 loss: nan
second_0:                 episode reward: 8.8000,                 loss: 0.0178
Episode: 6281, avg. length 1042.45
first_0:                 episode reward: -9.3500,                 loss: nan
second_0:                 episode reward: 9.3500,                 loss: 0.0178
Episode: 6301, avg. length 1067.2
first_0:                 episode reward: -9.1000,                 loss: nan
second_0:                 episode reward: 9.1000,                 loss: 0.0176
Episode: 6321, avg. length 1017.7
first_0:                 episode reward: -9.6000,                 loss: nan
second_0:                 episode reward: 9.6000,                 loss: 0.0170
Episode: 6341, avg. length 1081.6
first_0:                 episode reward: -9.1500,                 loss: nan
second_0:                 episode reward: 9.1500,                 loss: 0.0164
Episode: 6361, avg. length 1147.25
first_0:                 episode reward: -8.8500,                 loss: nan
second_0:                 episode reward: 8.8500,                 loss: 0.0161
Episode: 6381, avg. length 1088.9
first_0:                 episode reward: -9.2500,                 loss: nan
second_0:                 episode reward: 9.2500,                 loss: 0.0157
Episode: 6401, avg. length 1115.3
first_0:                 episode reward: -9.0000,                 loss: nan
second_0:                 episode reward: 9.0000,                 loss: 0.0162
Episode: 6421, avg. length 1114.7
first_0:                 episode reward: -8.9500,                 loss: nan
second_0:                 episode reward: 8.9500,                 loss: 0.0171
Episode: 6441, avg. length 1096.8
first_0:                 episode reward: -9.2000,                 loss: nan
second_0:                 episode reward: 9.2000,                 loss: 0.0170
Episode: 6461, avg. length 1057.35
first_0:                 episode reward: -9.3500,                 loss: nan
second_0:                 episode reward: 9.3500,                 loss: 0.0172
Episode: 6481, avg. length 1100.8
first_0:                 episode reward: -8.9500,                 loss: nan
second_0:                 episode reward: 8.9500,                 loss: 0.0177
Episode: 6501, avg. length 1106.55
first_0:                 episode reward: -9.0500,                 loss: nan
second_0:                 episode reward: 9.0500,                 loss: 0.0176
Episode: 6521, avg. length 1082.3
first_0:                 episode reward: -9.1000,                 loss: nan
second_0:                 episode reward: 9.1000,                 loss: 0.0173
Episode: 6541, avg. length 1116.4
first_0:                 episode reward: -8.7000,                 loss: nan
second_0:                 episode reward: 8.7000,                 loss: 0.0167
Episode: 6561, avg. length 1231.6
first_0:                 episode reward: -6.4500,                 loss: nan
second_0:                 episode reward: 6.4500,                 loss: 0.0169
Episode: 6581, avg. length 1239.1
first_0:                 episode reward: -8.0000,                 loss: nan
second_0:                 episode reward: 8.0000,                 loss: 0.0176
Episode: 6601, avg. length 1052.15
first_0:                 episode reward: -9.3500,                 loss: nan
second_0:                 episode reward: 9.3500,                 loss: 0.0171
Episode: 6621, avg. length 1085.35
first_0:                 episode reward: -9.1500,                 loss: nan
second_0:                 episode reward: 9.1500,                 loss: 0.0168
Episode: 6641, avg. length 1078.35
first_0:                 episode reward: -9.0000,                 loss: nan
second_0:                 episode reward: 9.0000,                 loss: 0.0166
Episode: 6661, avg. length 1072.45
first_0:                 episode reward: -9.2500,                 loss: nan
second_0:                 episode reward: 9.2500,                 loss: 0.0154
Episode: 6681, avg. length 1104.45
first_0:                 episode reward: -8.9500,                 loss: nan
second_0:                 episode reward: 8.9500,                 loss: 0.0156
Episode: 6701, avg. length 1083.25
first_0:                 episode reward: -9.0500,                 loss: nan
second_0:                 episode reward: 9.0500,                 loss: 0.0162
Episode: 6721, avg. length 1149.7
first_0:                 episode reward: -8.7500,                 loss: nan
second_0:                 episode reward: 8.7500,                 loss: 0.0165
Episode: 6741, avg. length 1091.65
first_0:                 episode reward: -9.0000,                 loss: nan
second_0:                 episode reward: 9.0000,                 loss: 0.0170
Episode: 6761, avg. length 1026.25
first_0:                 episode reward: -9.1000,                 loss: nan
second_0:                 episode reward: 9.1000,                 loss: 0.0168
Episode: 6781, avg. length 1027.8
first_0:                 episode reward: -9.4500,                 loss: nan
second_0:                 episode reward: 9.4500,                 loss: 0.0168
Episode: 6801, avg. length 1007.65
first_0:                 episode reward: -9.5500,                 loss: nan
second_0:                 episode reward: 9.5500,                 loss: 0.0164
Episode: 6821, avg. length 1031.3
first_0:                 episode reward: -9.5500,                 loss: nan
second_0:                 episode reward: 9.5500,                 loss: 0.0172
Episode: 6841, avg. length 1053.0
first_0:                 episode reward: -9.4500,                 loss: nan
second_0:                 episode reward: 9.4500,                 loss: 0.0168
Episode: 6861, avg. length 1168.15
first_0:                 episode reward: -8.1000,                 loss: nan
second_0:                 episode reward: 8.1000,                 loss: 0.0163
Episode: 6881, avg. length 1040.1
first_0:                 episode reward: -9.2500,                 loss: nan
second_0:                 episode reward: 9.2500,                 loss: 0.0168
Episode: 6901, avg. length 1031.1
first_0:                 episode reward: -9.3500,                 loss: nan
second_0:                 episode reward: 9.3500,                 loss: 0.0170
Episode: 6921, avg. length 1150.0
first_0:                 episode reward: -8.6000,                 loss: nan
second_0:                 episode reward: 8.6000,                 loss: 0.0171
Episode: 6941, avg. length 1051.6
first_0:                 episode reward: -9.3500,                 loss: nan
second_0:                 episode reward: 9.3500,                 loss: 0.0176
Episode: 6961, avg. length 1246.2
first_0:                 episode reward: -7.6000,                 loss: nan
second_0:                 episode reward: 7.6000,                 loss: 0.0175
Episode: 6981, avg. length 1059.5
first_0:                 episode reward: -9.2500,                 loss: nan
second_0:                 episode reward: 9.2500,                 loss: 0.0180
Episode: 7001, avg. length 1154.3
first_0:                 episode reward: -8.5000,                 loss: nan
second_0:                 episode reward: 8.5000,                 loss: 0.0182
Episode: 7021, avg. length 1110.85
first_0:                 episode reward: -9.1000,                 loss: nan
second_0:                 episode reward: 9.1000,                 loss: 0.0182
Episode: 7041, avg. length 1024.55
first_0:                 episode reward: -9.4000,                 loss: nan
second_0:                 episode reward: 9.4000,                 loss: 0.0178
Episode: 7061, avg. length 976.55
first_0:                 episode reward: -9.8000,                 loss: nan
second_0:                 episode reward: 9.8000,                 loss: 0.0165
Episode: 7081, avg. length 1069.85
first_0:                 episode reward: -8.5000,                 loss: nan
second_0:                 episode reward: 8.5000,                 loss: 0.0164
Episode: 7101, avg. length 1065.45
first_0:                 episode reward: -9.2500,                 loss: nan
second_0:                 episode reward: 9.2500,                 loss: 0.0159
Episode: 7121, avg. length 1056.75
first_0:                 episode reward: -9.3000,                 loss: nan
second_0:                 episode reward: 9.3000,                 loss: 0.0153
Episode: 7141, avg. length 1044.55
first_0:                 episode reward: -9.2500,                 loss: nan
second_0:                 episode reward: 9.2500,                 loss: 0.0150
Episode: 7161, avg. length 999.05
first_0:                 episode reward: -9.6000,                 loss: nan
second_0:                 episode reward: 9.6000,                 loss: 0.0151
Episode: 7181, avg. length 1080.7
first_0:                 episode reward: -9.0000,                 loss: nan
second_0:                 episode reward: 9.0000,                 loss: 0.0151
Episode: 7201, avg. length 1046.8
first_0:                 episode reward: -9.1500,                 loss: nan
second_0:                 episode reward: 9.1500,                 loss: 0.0155
Episode: 7221, avg. length 1036.35
first_0:                 episode reward: -9.5500,                 loss: nan
second_0:                 episode reward: 9.5500,                 loss: 0.0159
Episode: 7241, avg. length 1031.35
first_0:                 episode reward: -9.3500,                 loss: nan
second_0:                 episode reward: 9.3500,                 loss: 0.0161
Episode: 7261, avg. length 1200.9
first_0:                 episode reward: -8.1500,                 loss: nan
second_0:                 episode reward: 8.1500,                 loss: 0.0175
Episode: 7281, avg. length 1067.2
first_0:                 episode reward: -9.1000,                 loss: nan
second_0:                 episode reward: 9.1000,                 loss: 0.0178
Episode: 7301, avg. length 1043.95
first_0:                 episode reward: -9.3500,                 loss: nan
second_0:                 episode reward: 9.3500,                 loss: 0.0180
Episode: 7321, avg. length 1139.9
first_0:                 episode reward: -8.8000,                 loss: nan
second_0:                 episode reward: 8.8000,                 loss: 0.0204
Episode: 7341, avg. length 1139.15
first_0:                 episode reward: -8.8500,                 loss: nan
second_0:                 episode reward: 8.8500,                 loss: 0.0226
Episode: 7361, avg. length 1087.1
first_0:                 episode reward: -9.0500,                 loss: nan
second_0:                 episode reward: 9.0500,                 loss: 0.0222
Episode: 7381, avg. length 1140.15
first_0:                 episode reward: -8.7000,                 loss: nan
second_0:                 episode reward: 8.7000,                 loss: 0.0215
Episode: 7401, avg. length 1037.5
first_0:                 episode reward: -9.4500,                 loss: nan
second_0:                 episode reward: 9.4500,                 loss: 0.0205
Episode: 7421, avg. length 1067.25
first_0:                 episode reward: -9.0500,                 loss: nan
second_0:                 episode reward: 9.0500,                 loss: 0.0208
Episode: 7441, avg. length 1059.9
first_0:                 episode reward: -9.2000,                 loss: nan
second_0:                 episode reward: 9.2000,                 loss: 0.0203
Episode: 7461, avg. length 1070.7
first_0:                 episode reward: -9.1000,                 loss: nan
second_0:                 episode reward: 9.1000,                 loss: 0.0191
Episode: 7481, avg. length 1076.35
first_0:                 episode reward: -9.0500,                 loss: nan
second_0:                 episode reward: 9.0500,                 loss: 0.0188
Episode: 7501, avg. length 1167.75
first_0:                 episode reward: -8.5000,                 loss: nan
second_0:                 episode reward: 8.5000,                 loss: 0.0189
Episode: 7521, avg. length 1035.9
first_0:                 episode reward: -9.5000,                 loss: nan
second_0:                 episode reward: 9.5000,                 loss: 0.0176
Episode: 7541, avg. length 1113.9
first_0:                 episode reward: -8.9500,                 loss: nan
second_0:                 episode reward: 8.9500,                 loss: 0.0175
Episode: 7561, avg. length 1192.7
first_0:                 episode reward: -5.7500,                 loss: nan
second_0:                 episode reward: 5.7500,                 loss: 0.0184
Episode: 7581, avg. length 1163.45
first_0:                 episode reward: -8.5500,                 loss: nan
second_0:                 episode reward: 8.5500,                 loss: 0.0187
Episode: 7601, avg. length 1220.9
first_0:                 episode reward: -7.3000,                 loss: nan
second_0:                 episode reward: 7.3000,                 loss: 0.0194
Episode: 7621, avg. length 1063.2
first_0:                 episode reward: -9.1500,                 loss: nan
second_0:                 episode reward: 9.1500,                 loss: 0.0188
Episode: 7641, avg. length 1049.75
first_0:                 episode reward: -9.2000,                 loss: nan
second_0:                 episode reward: 9.2000,                 loss: 0.0179
Episode: 7661, avg. length 1140.6
first_0:                 episode reward: -8.5500,                 loss: nan
second_0:                 episode reward: 8.5500,                 loss: 0.0175
Episode: 7681, avg. length 1084.15
first_0:                 episode reward: -9.0500,                 loss: nan
second_0:                 episode reward: 9.0500,                 loss: 0.0175
Episode: 7701, avg. length 1063.3
first_0:                 episode reward: -9.1500,                 loss: nan
second_0:                 episode reward: 9.1500,                 loss: 0.0173
Episode: 7721, avg. length 1064.75
first_0:                 episode reward: -9.3000,                 loss: nan
second_0:                 episode reward: 9.3000,                 loss: 0.0175
Episode: 7741, avg. length 1081.9
first_0:                 episode reward: -9.1000,                 loss: nan
second_0:                 episode reward: 9.1000,                 loss: 0.0168
Episode: 7761, avg. length 1081.95
first_0:                 episode reward: -9.1500,                 loss: nan
second_0:                 episode reward: 9.1500,                 loss: 0.0165
Episode: 7781, avg. length 1101.0
first_0:                 episode reward: -8.8500,                 loss: nan
second_0:                 episode reward: 8.8500,                 loss: 0.0168
Episode: 7801, avg. length 1307.25
first_0:                 episode reward: -7.3000,                 loss: nan
second_0:                 episode reward: 7.3000,                 loss: 0.0181
Episode: 7821, avg. length 1167.2
first_0:                 episode reward: -8.7000,                 loss: nan
second_0:                 episode reward: 8.7000,                 loss: 0.0185
Episode: 7841, avg. length 1120.5
first_0:                 episode reward: -8.9000,                 loss: nan
second_0:                 episode reward: 8.9000,                 loss: 0.0185
Episode: 7861, avg. length 1050.6
first_0:                 episode reward: -9.3500,                 loss: nan
second_0:                 episode reward: 9.3500,                 loss: 0.0181
Episode: 7881, avg. length 1274.4
first_0:                 episode reward: -7.7000,                 loss: nan
second_0:                 episode reward: 7.7000,                 loss: 0.0188
Episode: 7901, avg. length 1152.1
first_0:                 episode reward: -8.6000,                 loss: nan
second_0:                 episode reward: 8.6000,                 loss: 0.0189
Episode: 7921, avg. length 1158.1
first_0:                 episode reward: -8.5500,                 loss: nan
second_0:                 episode reward: 8.5500,                 loss: 0.0188
Episode: 7941, avg. length 1216.1
first_0:                 episode reward: -8.1500,                 loss: nan
second_0:                 episode reward: 8.1500,                 loss: 0.0192
Episode: 7961, avg. length 1102.6
first_0:                 episode reward: -9.0500,                 loss: nan
second_0:                 episode reward: 9.0500,                 loss: 0.0189
Episode: 7981, avg. length 1152.55
first_0:                 episode reward: -8.4500,                 loss: nan
second_0:                 episode reward: 8.4500,                 loss: 0.0179
Episode: 8001, avg. length 1078.65
first_0:                 episode reward: -9.0500,                 loss: nan
second_0:                 episode reward: 9.0500,                 loss: 0.0177
Episode: 8021, avg. length 1277.3
first_0:                 episode reward: -7.5000,                 loss: nan
second_0:                 episode reward: 7.5000,                 loss: 0.0166
Episode: 8041, avg. length 1125.95
first_0:                 episode reward: -8.1000,                 loss: nan
second_0:                 episode reward: 8.1000,                 loss: 0.0167
Episode: 8061, avg. length 1170.05
first_0:                 episode reward: -8.5000,                 loss: nan
second_0:                 episode reward: 8.5000,                 loss: 0.0172
Episode: 8081, avg. length 1130.6
first_0:                 episode reward: -8.9000,                 loss: nan
second_0:                 episode reward: 8.9000,                 loss: 0.0177
Episode: 8101, avg. length 1194.4
first_0:                 episode reward: -8.2000,                 loss: nan
second_0:                 episode reward: 8.2000,                 loss: 0.0184
Episode: 8121, avg. length 1192.2
first_0:                 episode reward: -8.2500,                 loss: nan
second_0:                 episode reward: 8.2500,                 loss: 0.0181
Episode: 8141, avg. length 1221.2
first_0:                 episode reward: -8.1000,                 loss: nan
second_0:                 episode reward: 8.1000,                 loss: 0.0174
Episode: 8161, avg. length 1219.4
first_0:                 episode reward: -8.1000,                 loss: nan
second_0:                 episode reward: 8.1000,                 loss: 0.0178
Episode: 8181, avg. length 1092.75
first_0:                 episode reward: -9.0500,                 loss: nan
second_0:                 episode reward: 9.0500,                 loss: 0.0175
Episode: 8201, avg. length 1081.8
first_0:                 episode reward: -9.0000,                 loss: nan
second_0:                 episode reward: 9.0000,                 loss: 0.0170
Episode: 8221, avg. length 1069.15
first_0:                 episode reward: -9.2500,                 loss: nan
second_0:                 episode reward: 9.2500,                 loss: 0.0165
Episode: 8241, avg. length 1117.9
first_0:                 episode reward: -8.8000,                 loss: nan
second_0:                 episode reward: 8.8000,                 loss: 0.0169
Episode: 8261, avg. length 1065.85
first_0:                 episode reward: -9.2500,                 loss: nan
second_0:                 episode reward: 9.2500,                 loss: 0.0171
Episode: 8281, avg. length 1103.5
first_0:                 episode reward: -8.9000,                 loss: nan
second_0:                 episode reward: 8.9000,                 loss: 0.0166
Episode: 8301, avg. length 1055.35
first_0:                 episode reward: -9.3000,                 loss: nan
second_0:                 episode reward: 9.3000,                 loss: 0.0168
Episode: 8321, avg. length 1099.35
first_0:                 episode reward: -8.8500,                 loss: nan
second_0:                 episode reward: 8.8500,                 loss: 0.0166
Episode: 8341, avg. length 1117.7
first_0:                 episode reward: -8.9000,                 loss: nan
second_0:                 episode reward: 8.9000,                 loss: 0.0161
Episode: 8361, avg. length 1174.15
first_0:                 episode reward: -8.6500,                 loss: nan
second_0:                 episode reward: 8.6500,                 loss: 0.0172
Episode: 8381, avg. length 1213.95
first_0:                 episode reward: -8.2500,                 loss: nan
second_0:                 episode reward: 8.2500,                 loss: 0.0178
Episode: 8401, avg. length 1138.65
first_0:                 episode reward: -8.9000,                 loss: nan
second_0:                 episode reward: 8.9000,                 loss: 0.0185
Episode: 8421, avg. length 1136.8
first_0:                 episode reward: -8.7000,                 loss: nan
second_0:                 episode reward: 8.7000,                 loss: 0.0190
Episode: 8441, avg. length 1136.35
first_0:                 episode reward: -8.8500,                 loss: nan
second_0:                 episode reward: 8.8500,                 loss: 0.0186
Episode: 8461, avg. length 1174.9
first_0:                 episode reward: -8.4000,                 loss: nan
second_0:                 episode reward: 8.4000,                 loss: 0.0183
Episode: 8481, avg. length 1085.7
first_0:                 episode reward: -9.1500,                 loss: nan
second_0:                 episode reward: 9.1500,                 loss: 0.0177
Episode: 8501, avg. length 1062.05
first_0:                 episode reward: -9.3500,                 loss: nan
second_0:                 episode reward: 9.3500,                 loss: 0.0173
Episode: 8521, avg. length 1115.15
first_0:                 episode reward: -8.8500,                 loss: nan
second_0:                 episode reward: 8.8500,                 loss: 0.0172
Episode: 8541, avg. length 1120.85
first_0:                 episode reward: -8.9500,                 loss: nan
second_0:                 episode reward: 8.9500,                 loss: 0.0176
Episode: 8561, avg. length 1078.5
first_0:                 episode reward: -9.1500,                 loss: nan
second_0:                 episode reward: 9.1500,                 loss: 0.0172
Episode: 8581, avg. length 1198.3
first_0:                 episode reward: -8.3000,                 loss: nan
second_0:                 episode reward: 8.3000,                 loss: 0.0174
Episode: 8601, avg. length 1209.2
first_0:                 episode reward: -8.3500,                 loss: nan
second_0:                 episode reward: 8.3500,                 loss: 0.0194
Episode: 8621, avg. length 1167.55
first_0:                 episode reward: -8.4500,                 loss: nan
second_0:                 episode reward: 8.4500,                 loss: 0.0191
Episode: 8641, avg. length 1157.5
first_0:                 episode reward: -8.6500,                 loss: nan
second_0:                 episode reward: 8.6500,                 loss: 0.0185
Episode: 8661, avg. length 1202.1
first_0:                 episode reward: -8.3000,                 loss: nan
second_0:                 episode reward: 8.3000,                 loss: 0.0190
Episode: 8681, avg. length 1176.3
first_0:                 episode reward: -8.4500,                 loss: nan
second_0:                 episode reward: 8.4500,                 loss: 0.0181
Episode: 8701, avg. length 1169.1
first_0:                 episode reward: -8.6000,                 loss: nan
second_0:                 episode reward: 8.6000,                 loss: 0.0183
Episode: 8721, avg. length 1071.0
first_0:                 episode reward: -9.2000,                 loss: nan
second_0:                 episode reward: 9.2000,                 loss: 0.0180
Episode: 8741, avg. length 1119.6
first_0:                 episode reward: -9.0000,                 loss: nan
second_0:                 episode reward: 9.0000,                 loss: 0.0178
Episode: 8761, avg. length 1212.7
first_0:                 episode reward: -7.8000,                 loss: nan
second_0:                 episode reward: 7.8000,                 loss: 0.0182
Episode: 8781, avg. length 1154.75
first_0:                 episode reward: -8.6000,                 loss: nan
second_0:                 episode reward: 8.6000,                 loss: 0.0174
Episode: 8801, avg. length 1138.9
first_0:                 episode reward: -8.8500,                 loss: nan
second_0:                 episode reward: 8.8500,                 loss: 0.0171
Episode: 8821, avg. length 1140.85
first_0:                 episode reward: -8.6000,                 loss: nan
second_0:                 episode reward: 8.6000,                 loss: 0.0172
Episode: 8841, avg. length 1089.7
first_0:                 episode reward: -9.1000,                 loss: nan
second_0:                 episode reward: 9.1000,                 loss: 0.0168
Episode: 8861, avg. length 1117.0
first_0:                 episode reward: -8.8500,                 loss: nan
second_0:                 episode reward: 8.8500,                 loss: 0.0168
Episode: 8881, avg. length 1103.5
first_0:                 episode reward: -8.9000,                 loss: nan
second_0:                 episode reward: 8.9000,                 loss: 0.0168
Episode: 8901, avg. length 1188.55
first_0:                 episode reward: -8.2500,                 loss: nan
second_0:                 episode reward: 8.2500,                 loss: 0.0176
Episode: 8921, avg. length 1065.35
first_0:                 episode reward: -9.1500,                 loss: nan
second_0:                 episode reward: 9.1500,                 loss: 0.0180
Episode: 8941, avg. length 1113.35
first_0:                 episode reward: -9.1000,                 loss: nan
second_0:                 episode reward: 9.1000,                 loss: 0.0183
Episode: 8961, avg. length 1092.75
first_0:                 episode reward: -8.9000,                 loss: nan
second_0:                 episode reward: 8.9000,                 loss: 0.0179
Episode: 8981, avg. length 1063.35
first_0:                 episode reward: -9.2500,                 loss: nan
second_0:                 episode reward: 9.2500,                 loss: 0.0178
Episode: 9001, avg. length 1067.8
first_0:                 episode reward: -9.3500,                 loss: nan
second_0:                 episode reward: 9.3500,                 loss: 0.0173
Episode: 9021, avg. length 1109.15
first_0:                 episode reward: -8.8500,                 loss: nan
second_0:                 episode reward: 8.8500,                 loss: 0.0173
Episode: 9041, avg. length 1079.0
first_0:                 episode reward: -8.9500,                 loss: nan
second_0:                 episode reward: 8.9500,                 loss: 0.0177
Episode: 9061, avg. length 1068.7
first_0:                 episode reward: -9.2000,                 loss: nan
second_0:                 episode reward: 9.2000,                 loss: 0.0178
Episode: 9081, avg. length 1126.05
first_0:                 episode reward: -8.7000,                 loss: nan
second_0:                 episode reward: 8.7000,                 loss: 0.0176
Episode: 9101, avg. length 1091.8
first_0:                 episode reward: -8.9500,                 loss: nan
second_0:                 episode reward: 8.9500,                 loss: 0.0178
Episode: 9121, avg. length 1057.9
first_0:                 episode reward: -9.2500,                 loss: nan
second_0:                 episode reward: 9.2500,                 loss: 0.0180
Episode: 9141, avg. length 1121.75
first_0:                 episode reward: -8.9500,                 loss: nan
second_0:                 episode reward: 8.9500,                 loss: 0.0179
Episode: 9161, avg. length 1082.1
first_0:                 episode reward: -9.1000,                 loss: nan
second_0:                 episode reward: 9.1000,                 loss: 0.0173
Episode: 9181, avg. length 1100.15
first_0:                 episode reward: -8.9500,                 loss: nan
second_0:                 episode reward: 8.9500,                 loss: 0.0172
Episode: 9201, avg. length 1077.1
first_0:                 episode reward: -9.3000,                 loss: nan
second_0:                 episode reward: 9.3000,                 loss: 0.0175
Episode: 9221, avg. length 1103.1
first_0:                 episode reward: -9.0000,                 loss: nan
second_0:                 episode reward: 9.0000,                 loss: 0.0167
Episode: 9241, avg. length 1127.85
first_0:                 episode reward: -8.6000,                 loss: nan
second_0:                 episode reward: 8.6000,                 loss: 0.0168
Episode: 9261, avg. length 1133.5
first_0:                 episode reward: -8.5500,                 loss: nan
second_0:                 episode reward: 8.5500,                 loss: 0.0164
Episode: 9281, avg. length 1225.75
first_0:                 episode reward: -7.1500,                 loss: nan
second_0:                 episode reward: 7.1500,                 loss: 0.0171
Episode: 9301, avg. length 1139.95
first_0:                 episode reward: -8.7000,                 loss: nan
second_0:                 episode reward: 8.7000,                 loss: 0.0185
Episode: 9321, avg. length 1148.05
first_0:                 episode reward: -8.7000,                 loss: nan
second_0:                 episode reward: 8.7000,                 loss: 0.0188
Episode: 9341, avg. length 1080.1
first_0:                 episode reward: -9.2500,                 loss: nan
second_0:                 episode reward: 9.2500,                 loss: 0.0193
Episode: 9361, avg. length 1051.25
first_0:                 episode reward: -9.2500,                 loss: nan
second_0:                 episode reward: 9.2500,                 loss: 0.0184
Episode: 9381, avg. length 1091.85
first_0:                 episode reward: -9.1000,                 loss: nan
second_0:                 episode reward: 9.1000,                 loss: 0.0178
Episode: 9401, avg. length 1081.4
first_0:                 episode reward: -9.0500,                 loss: nan
second_0:                 episode reward: 9.0500,                 loss: 0.0177
Episode: 9421, avg. length 1056.6
first_0:                 episode reward: -9.0500,                 loss: nan
second_0:                 episode reward: 9.0500,                 loss: 0.0167
Episode: 9441, avg. length 1194.3
first_0:                 episode reward: -8.5000,                 loss: nan
second_0:                 episode reward: 8.5000,                 loss: 0.0178
Episode: 9461, avg. length 1143.1
first_0:                 episode reward: -8.6500,                 loss: nan
second_0:                 episode reward: 8.6500,                 loss: 0.0172
Episode: 9481, avg. length 1220.75
first_0:                 episode reward: -8.1000,                 loss: nan
second_0:                 episode reward: 8.1000,                 loss: 0.0176
Episode: 9501, avg. length 1165.7
first_0:                 episode reward: -8.5000,                 loss: nan
second_0:                 episode reward: 8.5000,                 loss: 0.0177
Episode: 9521, avg. length 1136.45
first_0:                 episode reward: -8.7000,                 loss: nan
second_0:                 episode reward: 8.7000,                 loss: 0.0174
Episode: 9541, avg. length 1202.55
first_0:                 episode reward: -8.0500,                 loss: nan
second_0:                 episode reward: 8.0500,                 loss: 0.0173
Episode: 9561, avg. length 1108.55
first_0:                 episode reward: -9.0500,                 loss: nan
second_0:                 episode reward: 9.0500,                 loss: 0.0167
Episode: 9581, avg. length 1119.7
first_0:                 episode reward: -8.7000,                 loss: nan
second_0:                 episode reward: 8.7000,                 loss: 0.0170
Episode: 9601, avg. length 1092.5
first_0:                 episode reward: -9.0000,                 loss: nan
second_0:                 episode reward: 9.0000,                 loss: 0.0175
Episode: 9621, avg. length 1236.05
first_0:                 episode reward: -7.8500,                 loss: nan
second_0:                 episode reward: 7.8500,                 loss: 0.0174
Episode: 9641, avg. length 1078.6
first_0:                 episode reward: -9.2000,                 loss: nan
second_0:                 episode reward: 9.2000,                 loss: 0.0162
Episode: 9661, avg. length 1162.65
first_0:                 episode reward: -8.7000,                 loss: nan
second_0:                 episode reward: 8.7000,                 loss: 0.0170
Episode: 9681, avg. length 1152.75
first_0:                 episode reward: -8.7500,                 loss: nan
second_0:                 episode reward: 8.7500,                 loss: 0.0171
Episode: 9701, avg. length 1193.75
first_0:                 episode reward: -8.5500,                 loss: nan
second_0:                 episode reward: 8.5500,                 loss: 0.0173
Episode: 9721, avg. length 1077.75
first_0:                 episode reward: -9.2500,                 loss: nan
second_0:                 episode reward: 9.2500,                 loss: 0.0172
Episode: 9741, avg. length 1072.15
first_0:                 episode reward: -9.1000,                 loss: nan
second_0:                 episode reward: 9.1000,                 loss: 0.0170
Episode: 9761, avg. length 1129.55
first_0:                 episode reward: -8.7000,                 loss: nan
second_0:                 episode reward: 8.7000,                 loss: 0.0166
Episode: 9781, avg. length 1120.5
first_0:                 episode reward: -8.8500,                 loss: nan
second_0:                 episode reward: 8.8500,                 loss: 0.0172
Episode: 9801, avg. length 1204.3
first_0:                 episode reward: -8.2500,                 loss: nan
second_0:                 episode reward: 8.2500,                 loss: 0.0174
Episode: 9821, avg. length 1108.8
first_0:                 episode reward: -9.0000,                 loss: nan
second_0:                 episode reward: 9.0000,                 loss: 0.0180
Episode: 9841, avg. length 1154.25
first_0:                 episode reward: -8.7000,                 loss: nan
second_0:                 episode reward: 8.7000,                 loss: 0.0189
Episode: 9861, avg. length 1132.4
first_0:                 episode reward: -8.5500,                 loss: nan
second_0:                 episode reward: 8.5500,                 loss: 0.0187
Episode: 9881, avg. length 1144.05
first_0:                 episode reward: -8.7000,                 loss: nan
second_0:                 episode reward: 8.7000,                 loss: 0.0192
Episode: 9901, avg. length 1168.5
first_0:                 episode reward: -8.8500,                 loss: nan
second_0:                 episode reward: 8.8500,                 loss: 0.0193
Episode: 9921, avg. length 1177.6
first_0:                 episode reward: -8.7000,                 loss: nan
second_0:                 episode reward: 8.7000,                 loss: 0.0199
Episode: 9941, avg. length 1138.9
first_0:                 episode reward: -8.7500,                 loss: nan
second_0:                 episode reward: 8.7500,                 loss: 0.0191
Episode: 9961, avg. length 1093.65
first_0:                 episode reward: -9.2500,                 loss: nan
second_0:                 episode reward: 9.2500,                 loss: 0.0181
Episode: 9981, avg. length 1070.05
first_0:                 episode reward: -9.2000,                 loss: nan
second_0:                 episode reward: 9.2000,                 loss: 0.0174
