pygame 2.0.0 (SDL 2.0.12, python 3.7.10)
Hello from the pygame community. https://www.pygame.org/contribute.html
double_dunk_v2 pettingzoo
Load double_dunk_v2 environment in type pettingzoo.
Env observation space: Box(0.0, 1.0, (128,), float32) action space: Discrete(18)
random seed: 3
<mars.env.wrappers.mars_wrappers.Dict2TupleWrapper object at 0x7fb1b5d48090>
No agent are not learnable.
{'env_name': 'double_dunk_v2', 'env_type': 'pettingzoo', 'num_envs': 2, 'ram': True, 'seed': 'random', 'algorithm': 'NashDQN', 'algorithm_spec': {'episodic_update': False, 'dueling': False, 'replay_buffer_size': '1e5', 'gamma': 0.99, 'multi_step': 1, 'target_update_interval': 1000, 'eps_start': 1.0, 'eps_final': 0.01, 'eps_decay': 30000}, 'batch_size': 128, 'max_episodes': 10000, 'max_steps_per_episode': 10000, 'train_start_frame': 0, 'optimizer': 'adam', 'learning_rate': '1e-4', 'device': 'gpu', 'update_itr': 0.1, 'log_avg_window': 20, 'log_interval': 20, 'render': False, 'test': False, 'exploit': False, 'load_model_idx': False, 'load_model_full_path': False, 'multiprocess': True, 'eval_models': False, 'save_path': '', 'save_interval': 2000, 'net_architecture': {'hidden_dim_list': [64, 64, 64, 64], 'hidden_activation': 'ReLU', 'output_activation': False}, 'marl_method': 'nash_dqn', 'marl_spec': {'min_update_interval': 20, 'score_avg_window': 10, 'global_state': False}}
pygame 2.0.0 (SDL 2.0.12, python 3.7.10)
Hello from the pygame community. https://www.pygame.org/contribute.html
double_dunk_v2 pettingzoo
Load double_dunk_v2 environment in type pettingzoo.
Env observation space: Box(0.0, 1.0, (128,), float32) action space: Discrete(18)
random seed: 89
Arguments:  {'env_name': 'double_dunk_v2', 'env_type': 'pettingzoo', 'num_envs': 2, 'ram': True, 'seed': 'random', 'algorithm': 'NashDQN', 'algorithm_spec': {'episodic_update': False, 'dueling': False, 'replay_buffer_size': '1e5', 'gamma': 0.99, 'multi_step': 1, 'target_update_interval': 1000, 'eps_start': 1.0, 'eps_final': 0.01, 'eps_decay': 30000}, 'batch_size': 128, 'max_episodes': 10000, 'max_steps_per_episode': 10000, 'train_start_frame': 0, 'optimizer': 'adam', 'learning_rate': '1e-4', 'device': 'gpu', 'update_itr': 0.1, 'log_avg_window': 20, 'log_interval': 20, 'render': False, 'test': False, 'exploit': False, 'load_model_idx': False, 'load_model_full_path': False, 'multiprocess': True, 'eval_models': False, 'save_path': '', 'save_interval': 2000, 'net_architecture': {'hidden_dim_list': [64, 64, 64, 64], 'hidden_activation': 'ReLU', 'output_activation': False}, 'marl_method': 'nash_dqn', 'marl_spec': {'min_update_interval': 20, 'score_avg_window': 10, 'global_state': False}}
Save models to : /home/zihan/research/MARS/data/model/0/pettingzoo_double_dunk_v2_nash_dqn. 
 Save logs to: /home/zihan/research/MARS/data/log/0/pettingzoo_double_dunk_v2_nash_dqn.
Process ID: 0, episode: 20/10000 (0.2000%),                     avg. length: 4268.0,                    last time consumption/overall running time: 644.1621s / 644.1621 s
first_0:                     episode reward: -31.2500
second_0:                     episode reward: 31.2500
Process ID: 0, episode: 40/10000 (0.4000%),                     avg. length: 4717.05,                    last time consumption/overall running time: 925.9029s / 1570.0649 s
first_0:                     episode reward: -31.7500
second_0:                     episode reward: 31.7500
Process ID: 0, episode: 60/10000 (0.6000%),                     avg. length: 3984.25,                    last time consumption/overall running time: 799.0909s / 2369.1558 s
first_0:                     episode reward: -24.4000
second_0:                     episode reward: 24.4000
Process ID: 0, episode: 80/10000 (0.8000%),                     avg. length: 4429.35,                    last time consumption/overall running time: 1142.0623s / 3511.2181 s
first_0:                     episode reward: -29.0500
second_0:                     episode reward: 29.0500
Process ID: 0, episode: 100/10000 (1.0000%),                     avg. length: 4079.75,                    last time consumption/overall running time: 1100.9690s / 4612.1871 s
first_0:                     episode reward: -26.8500
second_0:                     episode reward: 26.8500
Process ID: 0, episode: 120/10000 (1.2000%),                     avg. length: 4576.95,                    last time consumption/overall running time: 1227.7424s / 5839.9295 s
first_0:                     episode reward: -31.4500
second_0:                     episode reward: 31.4500
Process ID: 0, episode: 140/10000 (1.4000%),                     avg. length: 4491.05,                    last time consumption/overall running time: 1203.7380s / 7043.6675 s
first_0:                     episode reward: -30.1000
second_0:                     episode reward: 30.1000
Process ID: 0, episode: 160/10000 (1.6000%),                     avg. length: 4390.1,                    last time consumption/overall running time: 1187.6702s / 8231.3377 s
first_0:                     episode reward: -30.1000
second_0:                     episode reward: 30.1000
Process ID: 0, episode: 180/10000 (1.8000%),                     avg. length: 4096.6,                    last time consumption/overall running time: 1109.6967s / 9341.0344 s
first_0:                     episode reward: -25.3500
second_0:                     episode reward: 25.3500
Process ID: 0, episode: 200/10000 (2.0000%),                     avg. length: 4325.15,                    last time consumption/overall running time: 1163.8002s / 10504.8346 s
first_0:                     episode reward: -26.3000
second_0:                     episode reward: 26.3000
Process ID: 0, episode: 220/10000 (2.2000%),                     avg. length: 4681.3,                    last time consumption/overall running time: 1267.7773s / 11772.6120 s
first_0:                     episode reward: -33.3500
second_0:                     episode reward: 33.3500
Process ID: 0, episode: 240/10000 (2.4000%),                     avg. length: 4441.25,                    last time consumption/overall running time: 1197.4233s / 12970.0352 s
first_0:                     episode reward: -27.3000
second_0:                     episode reward: 27.3000
Process ID: 0, episode: 260/10000 (2.6000%),                     avg. length: 4084.6,                    last time consumption/overall running time: 1097.9295s / 14067.9648 s
first_0:                     episode reward: -27.3000
second_0:                     episode reward: 27.3000
Process ID: 0, episode: 280/10000 (2.8000%),                     avg. length: 4384.15,                    last time consumption/overall running time: 1179.0626s / 15247.0274 s
first_0:                     episode reward: -30.8500
second_0:                     episode reward: 30.8500
Process ID: 0, episode: 300/10000 (3.0000%),                     avg. length: 4405.2,                    last time consumption/overall running time: 1184.1239s / 16431.1513 s
first_0:                     episode reward: -29.9000
second_0:                     episode reward: 29.9000
Process ID: 0, episode: 320/10000 (3.2000%),                     avg. length: 4138.35,                    last time consumption/overall running time: 1112.3336s / 17543.4849 s
first_0:                     episode reward: -23.3000
second_0:                     episode reward: 23.3000
Process ID: 0, episode: 340/10000 (3.4000%),                     avg. length: 4406.35,                    last time consumption/overall running time: 1188.5083s / 18731.9932 s
first_0:                     episode reward: -27.8000
second_0:                     episode reward: 27.8000
Process ID: 0, episode: 360/10000 (3.6000%),                     avg. length: 4256.45,                    last time consumption/overall running time: 1146.9831s / 19878.9762 s
first_0:                     episode reward: -29.1000
second_0:                     episode reward: 29.1000
Process ID: 0, episode: 380/10000 (3.8000%),                     avg. length: 4239.0,                    last time consumption/overall running time: 1141.9582s / 21020.9344 s
first_0:                     episode reward: -26.3000
second_0:                     episode reward: 26.3000
Process ID: 0, episode: 400/10000 (4.0000%),                     avg. length: 4454.2,                    last time consumption/overall running time: 1209.9514s / 22230.8858 s
first_0:                     episode reward: -30.1500
second_0:                     episode reward: 30.1500
Process ID: 0, episode: 420/10000 (4.2000%),                     avg. length: 4578.7,                    last time consumption/overall running time: 1236.4688s / 23467.3547 s
first_0:                     episode reward: -29.3000
second_0:                     episode reward: 29.3000
Process ID: 0, episode: 440/10000 (4.4000%),                     avg. length: 4134.35,                    last time consumption/overall running time: 1121.4607s / 24588.8153 s
first_0:                     episode reward: -23.3500
second_0:                     episode reward: 23.3500
Process ID: 0, episode: 460/10000 (4.6000%),                     avg. length: 4161.35,                    last time consumption/overall running time: 1123.0982s / 25711.9135 s
first_0:                     episode reward: -26.8000
second_0:                     episode reward: 26.8000
Process ID: 0, episode: 480/10000 (4.8000%),                     avg. length: 4096.8,                    last time consumption/overall running time: 1110.1201s / 26822.0336 s
first_0:                     episode reward: -26.9000pygame 2.0.0 (SDL 2.0.12, python 3.7.10)
Hello from the pygame community. https://www.pygame.org/contribute.html
double_dunk_v2 pettingzoo
Load double_dunk_v2 environment in type pettingzoo.
Env observation space: Box(0.0, 1.0, (128,), float32) action space: Discrete(18)
random seed: 51
Arguments:  {'env_name': 'double_dunk_v2', 'env_type': 'pettingzoo', 'num_envs': 2, 'ram': True, 'seed': 'random', 'algorithm': 'NashDQN', 'algorithm_spec': {'episodic_update': False, 'dueling': False, 'replay_buffer_size': '1e5', 'gamma': 0.99, 'multi_step': 1, 'target_update_interval': 1000, 'eps_start': 1.0, 'eps_final': 0.01, 'eps_decay': 30000}, 'batch_size': 128, 'max_episodes': 10000, 'max_steps_per_episode': 10000, 'train_start_frame': 0, 'optimizer': 'adam', 'learning_rate': '1e-4', 'device': 'gpu', 'update_itr': 0.1, 'log_avg_window': 20, 'log_interval': 20, 'render': False, 'test': False, 'exploit': False, 'load_model_idx': False, 'load_model_full_path': False, 'multiprocess': True, 'eval_models': False, 'save_path': '', 'save_interval': 2000, 'net_architecture': {'hidden_dim_list': [64, 64, 64, 64], 'hidden_activation': 'ReLU', 'output_activation': False}, 'marl_method': 'nash_dqn', 'marl_spec': {'min_update_interval': 20, 'score_avg_window': 10, 'global_state': False}}
Save models to : /home/zihan/research/MARS/data/model/1/pettingzoo_double_dunk_v2_nash_dqn. 
 Save logs to: /home/zihan/research/MARS/data/log/1/pettingzoo_double_dunk_v2_nash_dqn.
Process ID: 1, episode: 20/10000 (0.2000%),                     avg. length: 4426.4,                    last time consumption/overall running time: 676.0515s / 676.0515 s
first_0:                     episode reward: -27.5500
second_0:                     episode reward: 27.5500
Process ID: 1, episode: 40/10000 (0.4000%),                     avg. length: 4029.45,                    last time consumption/overall running time: 799.3287s / 1475.3801 s
first_0:                     episode reward: -25.0500
second_0:                     episode reward: 25.0500
Process ID: 1, episode: 60/10000 (0.6000%),                     avg. length: 4470.5,                    last time consumption/overall running time: 892.0843s / 2367.4645 s
first_0:                     episode reward: -26.5500
second_0:                     episode reward: 26.5500
Process ID: 1, episode: 80/10000 (0.8000%),                     avg. length: 4324.5,                    last time consumption/overall running time: 1106.6506s / 3474.1151 s
first_0:                     episode reward: -28.6000
second_0:                     episode reward: 28.6000
Process ID: 1, episode: 100/10000 (1.0000%),                     avg. length: 4378.15,                    last time consumption/overall running time: 1189.9293s / 4664.0444 s
first_0:                     episode reward: -28.1000
second_0:                     episode reward: 28.1000
Process ID: 1, episode: 120/10000 (1.2000%),                     avg. length: 4103.6,                    last time consumption/overall running time: 1103.9782s / 5768.0226 s
first_0:                     episode reward: -28.4000
second_0:                     episode reward: 28.4000
Process ID: 1, episode: 140/10000 (1.4000%),                     avg. length: 4584.65,                    last time consumption/overall running time: 1228.6108s / 6996.6333 s
first_0:                     episode reward: -29.0000
second_0:                     episode reward: 29.0000
Process ID: 1, episode: 160/10000 (1.6000%),                     avg. length: 4370.3,                    last time consumption/overall running time: 1182.3328s / 8178.9661 s
first_0:                     episode reward: -28.1500
second_0:                     episode reward: 28.1500
Process ID: 1, episode: 180/10000 (1.8000%),                     avg. length: 4543.45,                    last time consumption/overall running time: 1224.3773s / 9403.3435 s
first_0:                     episode reward: -29.3000
second_0:                     episode reward: 29.3000
Process ID: 1, episode: 200/10000 (2.0000%),                     avg. length: 4537.5,                    last time consumption/overall running time: 1222.0700s / 10625.4135 s
first_0:                     episode reward: -29.0500
second_0:                     episode reward: 29.0500
Process ID: 1, episode: 220/10000 (2.2000%),                     avg. length: 4157.25,                    last time consumption/overall running time: 1123.9956s / 11749.4091 s
first_0:                     episode reward: -22.2500
second_0:                     episode reward: 22.2500
Process ID: 1, episode: 240/10000 (2.4000%),                     avg. length: 4463.15,                    last time consumption/overall running time: 1200.9886s / 12950.3976 s
first_0:                     episode reward: -28.9500
second_0:                     episode reward: 28.9500
Process ID: 1, episode: 260/10000 (2.6000%),                     avg. length: 4293.65,                    last time consumption/overall running time: 1164.1281s / 14114.5257 s
first_0:                     episode reward: -31.2500
second_0:                     episode reward: 31.2500
Process ID: 1, episode: 280/10000 (2.8000%),                     avg. length: 4509.0,                    last time consumption/overall running time: 1215.1220s / 15329.6477 s
first_0:                     episode reward: -29.4500
second_0:                     episode reward: 29.4500
Process ID: 1, episode: 300/10000 (3.0000%),                     avg. length: 4481.8,                    last time consumption/overall running time: 1209.7486s / 16539.3962 s
first_0:                     episode reward: -29.1000
second_0:                     episode reward: 29.1000
Process ID: 1, episode: 320/10000 (3.2000%),                     avg. length: 4488.1,                    last time consumption/overall running time: 1215.0346s / 17754.4309 s
first_0:                     episode reward: -25.6000
second_0:                     episode reward: 25.6000
Process ID: 1, episode: 340/10000 (3.4000%),                     avg. length: 4252.6,                    last time consumption/overall running time: 1146.9557s / 18901.3866 s
first_0:                     episode reward: -28.2500
second_0:                     episode reward: 28.2500
Process ID: 1, episode: 360/10000 (3.6000%),                     avg. length: 4539.3,                    last time consumption/overall running time: 1213.6207s / 20115.0073 s
first_0:                     episode reward: -31.0000
second_0:                     episode reward: 31.0000
Process ID: 1, episode: 380/10000 (3.8000%),                     avg. length: 4149.85,                    last time consumption/overall running time: 1116.7693s / 21231.7766 s
first_0:                     episode reward: -24.7500
second_0:                     episode reward: 24.7500
Process ID: 1, episode: 400/10000 (4.0000%),                     avg. length: 4330.6,                    last time consumption/overall running time: 1157.7723s / 22389.5488 s
first_0:                     episode reward: -28.9500
second_0:                     episode reward: 28.9500
Process ID: 1, episode: 420/10000 (4.2000%),                     avg. length: 4513.75,                    last time consumption/overall running time: 1214.0750s / 23603.6238 s
first_0:                     episode reward: -28.4000
second_0:                     episode reward: 28.4000
Process ID: 1, episode: 440/10000 (4.4000%),                     avg. length: 4506.6,                    last time consumption/overall running time: 1210.2614s / 24813.8852 s
first_0:                     episode reward: -29.6000
second_0:                     episode reward: 29.6000
Process ID: 1, episode: 460/10000 (4.6000%),                     avg. length: 4308.2,                    last time consumption/overall running time: 1158.7727s / 25972.6579 s
first_0:                     episode reward: -27.4000
second_0:                     episode reward: 27.4000
Process ID: 1, episode: 480/10000 (4.8000%),                     avg. length: 4292.45,                    last time consumption/overall running time: 1170.2924s / 27142.9503 s
first_0:                     episode reward: -29.2500
second_0:                     episode reward: 26.9000
Process ID: 0, episode: 500/10000 (5.0000%),                     avg. length: 4069.65,                    last time consumption/overall running time: 1098.9429s / 27920.9764 s
first_0:                     episode reward: -25.8500
second_0:                     episode reward: 25.8500
Process ID: 0, episode: 520/10000 (5.2000%),                     avg. length: 4759.55,                    last time consumption/overall running time: 1285.5086s / 29206.4850 s
first_0:                     episode reward: -31.8500
second_0:                     episode reward: 31.8500
Process ID: 0, episode: 540/10000 (5.4000%),                     avg. length: 4074.35,                    last time consumption/overall running time: 1100.8372s / 30307.3223 s
first_0:                     episode reward: -28.1500
second_0:                     episode reward: 28.1500
Process ID: 0, episode: 560/10000 (5.6000%),                     avg. length: 4248.05,                    last time consumption/overall running time: 1146.5404s / 31453.8627 s
first_0:                     episode reward: -24.4500
second_0:                     episode reward: 24.4500
Process ID: 0, episode: 580/10000 (5.8000%),                     avg. length: 4481.1,                    last time consumption/overall running time: 1211.1467s / 32665.0094 s
first_0:                     episode reward: -28.1000
second_0:                     episode reward: 28.1000
Process ID: 0, episode: 600/10000 (6.0000%),                     avg. length: 4242.85,                    last time consumption/overall running time: 1149.0367s / 33814.0460 s
first_0:                     episode reward: -28.1000
second_0:                     episode reward: 28.1000
Process ID: 0, episode: 620/10000 (6.2000%),                     avg. length: 4703.7,                    last time consumption/overall running time: 1279.7681s / 35093.8141 s
first_0:                     episode reward: -28.2000
second_0:                     episode reward: 28.2000
Process ID: 0, episode: 640/10000 (6.4000%),                     avg. length: 4320.85,                    last time consumption/overall running time: 1171.3620s / 36265.1761 s
first_0:                     episode reward: -26.0500
second_0:                     episode reward: 26.0500
Process ID: 0, episode: 660/10000 (6.6000%),                     avg. length: 4607.35,                    last time consumption/overall running time: 1255.8726s / 37521.0487 s
first_0:                     episode reward: -30.2500
second_0:                     episode reward: 30.2500
Process ID: 0, episode: 680/10000 (6.8000%),                     avg. length: 4242.2,                    last time consumption/overall running time: 1155.1295s / 38676.1782 s
first_0:                     episode reward: -24.0000
second_0:                     episode reward: 24.0000
Process ID: 0, episode: 700/10000 (7.0000%),                     avg. length: 4587.85,                    last time consumption/overall running time: 1247.6025s / 39923.7807 s
first_0:                     episode reward: -30.9000
second_0:                     episode reward: 30.9000
Process ID: 0, episode: 720/10000 (7.2000%),                     avg. length: 4528.45,                    last time consumption/overall running time: 1237.3690s / 41161.1498 s
first_0:                     episode reward: -27.4500
second_0:                     episode reward: 27.4500
Process ID: 0, episode: 740/10000 (7.4000%),                     avg. length: 4184.95,                    last time consumption/overall running time: 1136.1226s / 42297.2723 s
first_0:                     episode reward: -25.5000
second_0:                     episode reward: 25.5000
Process ID: 0, episode: 760/10000 (7.6000%),                     avg. length: 4408.7,                    last time consumption/overall running time: 1193.0471s / 43490.3194 s
first_0:                     episode reward: -25.0000
second_0:                     episode reward: 25.0000
Process ID: 0, episode: 780/10000 (7.8000%),                     avg. length: 4455.1,                    last time consumption/overall running time: 1210.8678s / 44701.1873 s
first_0:                     episode reward: -28.2500
second_0:                     episode reward: 28.2500
Process ID: 0, episode: 800/10000 (8.0000%),                     avg. length: 4453.35,                    last time consumption/overall running time: 1211.9769s / 45913.1642 s
first_0:                     episode reward: -30.3000
second_0:                     episode reward: 30.3000
Process ID: 0, episode: 820/10000 (8.2000%),                     avg. length: 4270.7,                    last time consumption/overall running time: 1159.4413s / 47072.6055 s
first_0:                     episode reward: -27.8000
second_0:                     episode reward: 27.8000
Process ID: 0, episode: 840/10000 (8.4000%),                     avg. length: 4263.9,                    last time consumption/overall running time: 1156.3239s / 48228.9294 s
first_0:                     episode reward: -28.9000
second_0:                     episode reward: 28.9000
Process ID: 0, episode: 860/10000 (8.6000%),                     avg. length: 4019.85,                    last time consumption/overall running time: 1093.0540s / 49321.9834 s
first_0:                     episode reward: -29.2000
second_0:                     episode reward: 29.2000
Process ID: 0, episode: 880/10000 (8.8000%),                     avg. length: 4403.55,                    last time consumption/overall running time: 1204.6799s / 50526.6632 s
first_0:                     episode reward: -25.7000
second_0:                     episode reward: 25.7000
Process ID: 0, episode: 900/10000 (9.0000%),                     avg. length: 4768.15,                    last time consumption/overall running time: 1287.2914s / 51813.9546 s
first_0:                     episode reward: -34.0000
second_0:                     episode reward: 34.0000
Process ID: 0, episode: 920/10000 (9.2000%),                     avg. length: 4572.05,                    last time consumption/overall running time: 1244.7110s / 53058.6656 s
first_0:                     episode reward: -28.2500
second_0:                     episode reward: 28.2500
Process ID: 0, episode: 940/10000 (9.4000%),                     avg. length: 4579.25,                    last time consumption/overall running time: 1282.5136s / 54341.1793 s
first_0:                     episode reward: -29.9500
second_0:                     episode reward: 29.9500
Process ID: 0, episode: 960/10000 (9.6000%),                     avg. length: 4270.35,                    last time consumption/overall running time: 1162.5509s / 55503.7302 s
first_0:                     episode reward: -26.1000
second_0:                     episode reward: 26.1000
Process ID: 0, episode: 980/10000 (9.8000%),                     avg. length: 4583.15,                    last time consumption/overall running time: 1248.0754s / 56751.8056 s
first_0:                     episode reward: -30.7500
second_0:                     episode reward: 30.7500
Process ID: 0, episode: 1000/10000 (10.0000%),                     avg. length: 4520.3,                    last time consumption/overall running time: 1224.3078s / 57976.1134 s
first_0:                     episode reward: -29.9500
second_0:                     episode reward: 29.9500
Process ID: 0, episode: 1020/10000 (10.2000%),                     avg. length: 4126.5,                    last time consumption/overall running time: 1123.5461s / 59099.6594 s
first_0:                     episode reward: -23.0000
second_0:                     episode reward: 23.0000
Process ID: 0, episode: 1040/10000 (10.4000%),                     avg. length: 4187.0,                    last time consumption/overall running time: 1137.7393s / 60237.3988 s
first_0:                     episode reward: -24.7500
second_0:                     episode reward: 24.7500
Process ID: 0, episode: 1060/10000 (10.6000%),                     avg. length: 4208.6,                    last time consumption/overall running time: 1144.8115s / 61382.2102 s
first_0:                     episode reward: -26.5000
second_0:                     episode reward: 29.2500
Process ID: 1, episode: 500/10000 (5.0000%),                     avg. length: 4657.0,                    last time consumption/overall running time: 1259.3154s / 28402.2657 s
first_0:                     episode reward: -29.6000
second_0:                     episode reward: 29.6000
Process ID: 1, episode: 520/10000 (5.2000%),                     avg. length: 4650.1,                    last time consumption/overall running time: 1250.7876s / 29653.0533 s
first_0:                     episode reward: -33.9000
second_0:                     episode reward: 33.9000
Process ID: 1, episode: 540/10000 (5.4000%),                     avg. length: 4353.7,                    last time consumption/overall running time: 1182.0563s / 30835.1095 s
first_0:                     episode reward: -26.3500
second_0:                     episode reward: 26.3500
Process ID: 1, episode: 560/10000 (5.6000%),                     avg. length: 4558.95,                    last time consumption/overall running time: 1233.9675s / 32069.0770 s
first_0:                     episode reward: -31.0500
second_0:                     episode reward: 31.0500
Process ID: 1, episode: 580/10000 (5.8000%),                     avg. length: 4225.5,                    last time consumption/overall running time: 1143.3819s / 33212.4589 s
first_0:                     episode reward: -29.4500
second_0:                     episode reward: 29.4500
Process ID: 1, episode: 600/10000 (6.0000%),                     avg. length: 4354.65,                    last time consumption/overall running time: 1182.7737s / 34395.2326 s
first_0:                     episode reward: -26.7500
second_0:                     episode reward: 26.7500
Process ID: 1, episode: 620/10000 (6.2000%),                     avg. length: 4219.55,                    last time consumption/overall running time: 1144.0287s / 35539.2614 s
first_0:                     episode reward: -27.3000
second_0:                     episode reward: 27.3000
Process ID: 1, episode: 640/10000 (6.4000%),                     avg. length: 4389.35,                    last time consumption/overall running time: 1195.1882s / 36734.4495 s
first_0:                     episode reward: -29.1500
second_0:                     episode reward: 29.1500
Process ID: 1, episode: 660/10000 (6.6000%),                     avg. length: 4266.85,                    last time consumption/overall running time: 1166.4589s / 37900.9084 s
first_0:                     episode reward: -27.4000
second_0:                     episode reward: 27.4000
Process ID: 1, episode: 680/10000 (6.8000%),                     avg. length: 4196.4,                    last time consumption/overall running time: 1138.6489s / 39039.5573 s
first_0:                     episode reward: -27.3000
second_0:                     episode reward: 27.3000
Process ID: 1, episode: 700/10000 (7.0000%),                     avg. length: 4246.25,                    last time consumption/overall running time: 1152.7520s / 40192.3093 s
first_0:                     episode reward: -29.1500
second_0:                     episode reward: 29.1500
Process ID: 1, episode: 720/10000 (7.2000%),                     avg. length: 4335.25,                    last time consumption/overall running time: 1181.4317s / 41373.7410 s
first_0:                     episode reward: -27.2500
second_0:                     episode reward: 27.2500
Process ID: 1, episode: 740/10000 (7.4000%),                     avg. length: 4415.95,                    last time consumption/overall running time: 1193.8163s / 42567.5574 s
first_0:                     episode reward: -25.9000
second_0:                     episode reward: 25.9000
Process ID: 1, episode: 760/10000 (7.6000%),                     avg. length: 4578.95,                    last time consumption/overall running time: 1252.0215s / 43819.5788 s
first_0:                     episode reward: -30.2500
second_0:                     episode reward: 30.2500
Process ID: 1, episode: 780/10000 (7.8000%),                     avg. length: 4416.3,                    last time consumption/overall running time: 1201.8184s / 45021.3972 s
first_0:                     episode reward: -28.9500
second_0:                     episode reward: 28.9500
Process ID: 1, episode: 800/10000 (8.0000%),                     avg. length: 4502.05,                    last time consumption/overall running time: 1222.2424s / 46243.6396 s
first_0:                     episode reward: -26.7000
second_0:                     episode reward: 26.7000
Process ID: 1, episode: 820/10000 (8.2000%),                     avg. length: 4224.55,                    last time consumption/overall running time: 1150.5147s / 47394.1543 s
first_0:                     episode reward: -29.8000
second_0:                     episode reward: 29.8000
Process ID: 1, episode: 840/10000 (8.4000%),                     avg. length: 4735.05,                    last time consumption/overall running time: 1288.6819s / 48682.8363 s
first_0:                     episode reward: -30.4000
second_0:                     episode reward: 30.4000
Process ID: 1, episode: 860/10000 (8.6000%),                     avg. length: 4695.6,                    last time consumption/overall running time: 1274.0920s / 49956.9282 s
first_0:                     episode reward: -32.0500
second_0:                     episode reward: 32.0500
Process ID: 1, episode: 880/10000 (8.8000%),                     avg. length: 4204.65,                    last time consumption/overall running time: 1143.8144s / 51100.7426 s
first_0:                     episode reward: -22.4000
second_0:                     episode reward: 22.4000
Process ID: 1, episode: 900/10000 (9.0000%),                     avg. length: 4571.15,                    last time consumption/overall running time: 1240.2207s / 52340.9633 s
first_0:                     episode reward: -29.0500
second_0:                     episode reward: 29.0500
Process ID: 1, episode: 920/10000 (9.2000%),                     avg. length: 4277.6,                    last time consumption/overall running time: 1162.7883s / 53503.7515 s
first_0:                     episode reward: -27.5500
second_0:                     episode reward: 27.5500
Process ID: 1, episode: 940/10000 (9.4000%),                     avg. length: 4065.7,                    last time consumption/overall running time: 1132.1240s / 54635.8756 s
first_0:                     episode reward: -25.9000
second_0:                     episode reward: 25.9000
Process ID: 1, episode: 960/10000 (9.6000%),                     avg. length: 4582.15,                    last time consumption/overall running time: 1248.1719s / 55884.0475 s
first_0:                     episode reward: -28.5000
second_0:                     episode reward: 28.5000
Process ID: 1, episode: 980/10000 (9.8000%),                     avg. length: 4357.2,                    last time consumption/overall running time: 1185.3825s / 57069.4300 s
first_0:                     episode reward: -26.6000
second_0:                     episode reward: 26.6000
Process ID: 1, episode: 1000/10000 (10.0000%),                     avg. length: 4041.0,                    last time consumption/overall running time: 1097.0869s / 58166.5169 s
first_0:                     episode reward: -22.7000
second_0:                     episode reward: 22.7000
Process ID: 1, episode: 1020/10000 (10.2000%),                     avg. length: 4234.3,                    last time consumption/overall running time: 1154.5321s / 59321.0490 s
first_0:                     episode reward: -27.5000
second_0:                     episode reward: 27.5000
Process ID: 1, episode: 1040/10000 (10.4000%),                     avg. length: 4017.65,                    last time consumption/overall running time: 1087.0280s / 60408.0770 s
first_0:                     episode reward: -23.2500
second_0:                     episode reward: 23.2500
Process ID: 1, episode: 1060/10000 (10.6000%),                     avg. length: 4329.6,                    last time consumption/overall running time: 1172.0719s / 61580.1489 s
first_0:                     episode reward: -24.6000