pygame 2.0.1 (SDL 2.0.14, Python 3.7.0)
Hello from the pygame community. https://www.pygame.org/contribute.html
/home/zihan/anaconda3/envs/x/lib/python3.7/site-packages/ecos/ecos.py:26: UserWarning: Converting G to a CSC matrix; may take a while.
  warn("Converting G to a CSC matrix; may take a while.")
/home/zihan/anaconda3/envs/x/lib/python3.7/site-packages/ecos/ecos.py:29: UserWarning: Converting A to a CSC matrix; may take a while.
  warn("Converting A to a CSC matrix; may take a while.")
SlimeVolley-v0 slimevolley
Load SlimeVolley-v0 environment in type slimevolley.
Env observation space: Box(-3.4028234663852886e+38, 3.4028234663852886e+38, (12,), float32) action space: Discrete(6)
random seed: 69
<mars.env.wrappers.mars_wrappers.Dict2TupleWrapper object at 0x7f34e834d908>
DQNBase(
  (net): MLP(
    (body): Sequential(
      (0): Linear(in_features=12, out_features=1024, bias=True)
      (1): Tanh()
      (2): Linear(in_features=1024, out_features=1024, bias=True)
      (3): Tanh()
      (4): Linear(in_features=1024, out_features=1024, bias=True)
      (5): Tanh()
      (6): Linear(in_features=1024, out_features=6, bias=True)
    )
  )
)
DQNBase(
  (net): MLP(
    (body): Sequential(
      (0): Linear(in_features=12, out_features=1024, bias=True)
      (1): Tanh()
      (2): Linear(in_features=1024, out_features=1024, bias=True)
      (3): Tanh()
      (4): Linear(in_features=1024, out_features=1024, bias=True)
      (5): Tanh()
      (6): Linear(in_features=1024, out_features=6, bias=True)
    )
  )
)
No agent are not learnable.
{'env_name': 'SlimeVolley-v0', 'env_type': 'slimevolley', 'num_envs': 1, 'ram': True, 'seed': 'random', 'against_baseline': False, 'algorithm': 'NashDQN', 'algorithm_spec': {'episodic_update': False, 'dueling': False, 'replay_buffer_size': '1e5', 'gamma': 0.99, 'multi_step': 1, 'target_update_interval': 1000, 'eps_start': 1.0, 'eps_final': 0.01, 'eps_decay': 30000}, 'batch_size': 32, 'max_episodes': 10000, 'max_steps_per_episode': 10000, 'train_start_frame': 0, 'optimizer': 'adam', 'learning_rate': '1e-4', 'device': 'gpu', 'update_itr': 0.1, 'log_avg_window': 20, 'log_interval': 20, 'render': False, 'test': False, 'exploit': False, 'load_model_idx': False, 'load_model_full_path': False, 'multiprocess': True, 'eval_models': False, 'save_path': '', 'save_interval': 2000, 'net_architecture': {'hidden_dim_list': [1024, 1024, 1024], 'hidden_activation': 'Tanh', 'output_activation': False}, 'marl_method': 'nash_dqn', 'marl_spec': {'min_update_interval': 20, 'score_avg_window': 10, 'global_state': False}, 'add_components': {'replay_buffer': <AutoProxy[replay_buffer] object, typeid 'replay_buffer' at 0x7f34e92e42e8>}}
pygame 2.0.1 (SDL 2.0.14, Python 3.7.0)
Hello from the pygame community. https://www.pygame.org/contribute.html
SlimeVolley-v0 slimevolley
Load SlimeVolley-v0 environment in type slimevolley.
Env observation space: Box(-3.4028234663852886e+38, 3.4028234663852886e+38, (12,), float32) action space: Discrete(6)
random seed: 7
Arguments:  {'env_name': 'SlimeVolley-v0', 'env_type': 'slimevolley', 'num_envs': 1, 'ram': True, 'seed': 'random', 'against_baseline': False, 'algorithm': 'NashDQN', 'algorithm_spec': {'episodic_update': False, 'dueling': False, 'replay_buffer_size': '1e5', 'gamma': 0.99, 'multi_step': 1, 'target_update_interval': 1000, 'eps_start': 1.0, 'eps_final': 0.01, 'eps_decay': 30000}, 'batch_size': 32, 'max_episodes': 10000, 'max_steps_per_episode': 10000, 'train_start_frame': 0, 'optimizer': 'adam', 'learning_rate': '1e-4', 'device': 'gpu', 'update_itr': 0.1, 'log_avg_window': 20, 'log_interval': 20, 'render': False, 'test': False, 'exploit': False, 'load_model_idx': False, 'load_model_full_path': False, 'multiprocess': True, 'eval_models': False, 'save_path': '', 'save_interval': 2000, 'net_architecture': {'hidden_dim_list': [1024, 1024, 1024], 'hidden_activation': 'Tanh', 'output_activation': False}, 'marl_method': 'nash_dqn', 'marl_spec': {'min_update_interval': 20, 'score_avg_window': 10, 'global_state': False}, 'add_components': {'replay_buffer': <AutoProxy[replay_buffer] object, typeid 'replay_buffer' at 0x7fc8684f64e0>}}
Save models to : /home/zihan/research/MARS/data/model/1/slimevolley_SlimeVolley-v0_nash_dqn. 
 Save logs to: /home/zihan/research/MARS/data/log/1/slimevolley_SlimeVolley-v0_nash_dqn.
Process ID: 1, episode: 20/10000 (0.2000%),                     avg. length: 628.1,                    last time consumption/overall running time: 32.6039s / 32.6039 s
first_0:                     episode reward: 0.1000
second_0:                     episode reward: -0.1000
Process ID: 1, episode: 40/10000 (0.4000%),                     avg. length: 642.5,                    last time consumption/overall running time: 46.4768s / 79.0807 s
first_0:                     episode reward: 1.0500
second_0:                     episode reward: -1.0500
Process ID: 1, episode: 60/10000 (0.6000%),                     avg. length: 631.95,                    last time consumption/overall running time: 55.9896s / 135.0703 s
first_0:                     episode reward: -0.1500
second_0:                     episode reward: 0.1500
Process ID: 1, episode: 80/10000 (0.8000%),                     avg. length: 612.95,                    last time consumption/overall running time: 54.9481s / 190.0184 s
first_0:                     episode reward: -0.5500
second_0:                     episode reward: 0.5500
Process ID: 1, episode: 100/10000 (1.0000%),                     avg. length: 599.75,                    last time consumption/overall running time: 60.1482s / 250.1666 s
first_0:                     episode reward: 1.3000
second_0:                     episode reward: -1.3000
pygame 2.0.1 (SDL 2.0.14, Python 3.7.0)
Hello from the pygame community. https://www.pygame.org/contribute.html
SlimeVolley-v0 slimevolley
Load SlimeVolley-v0 environment in type slimevolley.
Env observation space: Box(-3.4028234663852886e+38, 3.4028234663852886e+38, (12,), float32) action space: Discrete(6)
random seed: 10
Arguments:  {'env_name': 'SlimeVolley-v0', 'env_type': 'slimevolley', 'num_envs': 1, 'ram': True, 'seed': 'random', 'against_baseline': False, 'algorithm': 'NashDQN', 'algorithm_spec': {'episodic_update': False, 'dueling': False, 'replay_buffer_size': '1e5', 'gamma': 0.99, 'multi_step': 1, 'target_update_interval': 1000, 'eps_start': 1.0, 'eps_final': 0.01, 'eps_decay': 30000}, 'batch_size': 32, 'max_episodes': 10000, 'max_steps_per_episode': 10000, 'train_start_frame': 0, 'optimizer': 'adam', 'learning_rate': '1e-4', 'device': 'gpu', 'update_itr': 0.1, 'log_avg_window': 20, 'log_interval': 20, 'render': False, 'test': False, 'exploit': False, 'load_model_idx': False, 'load_model_full_path': False, 'multiprocess': True, 'eval_models': False, 'save_path': '', 'save_interval': 2000, 'net_architecture': {'hidden_dim_list': [1024, 1024, 1024], 'hidden_activation': 'Tanh', 'output_activation': False}, 'marl_method': 'nash_dqn', 'marl_spec': {'min_update_interval': 20, 'score_avg_window': 10, 'global_state': False}, 'add_components': {'replay_buffer': <AutoProxy[replay_buffer] object, typeid 'replay_buffer' at 0x7fc8684f54e0>}}
Save models to : /home/zihan/research/MARS/data/model/0/slimevolley_SlimeVolley-v0_nash_dqn. 
 Save logs to: /home/zihan/research/MARS/data/log/0/slimevolley_SlimeVolley-v0_nash_dqn.
Process ID: 0, episode: 20/10000 (0.2000%),                     avg. length: 627.9,                    last time consumption/overall running time: 31.1434s / 31.1434 s
first_0:                     episode reward: 0.7000
second_0:                     episode reward: -0.7000
Process ID: 0, episode: 40/10000 (0.4000%),                     avg. length: 635.55,                    last time consumption/overall running time: 46.5441s / 77.6875 s
first_0:                     episode reward: 0.0000
second_0:                     episode reward: 0.0000
Process ID: 0, episode: 60/10000 (0.6000%),                     avg. length: 660.4,                    last time consumption/overall running time: 58.8156s / 136.5032 s
first_0:                     episode reward: -0.2500
second_0:                     episode reward: 0.2500
Process ID: 0, episode: 80/10000 (0.8000%),                     avg. length: 636.7,                    last time consumption/overall running time: 57.7513s / 194.2545 s
first_0:                     episode reward: 0.2500
second_0:                     episode reward: -0.2500
Process ID: 0, episode: 100/10000 (1.0000%),                     avg. length: 664.55,                    last time consumption/overall running time: 64.9705s / 259.2250 s
first_0:                     episode reward: 0.1000
second_0:                     episode reward: -0.1000
/home/zihan/anaconda3/envs/x/lib/python3.7/site-packages/ecos/ecos.py:26: UserWarning: Converting G to a CSC matrix; may take a while.
  warn("Converting G to a CSC matrix; may take a while.")
/home/zihan/anaconda3/envs/x/lib/python3.7/site-packages/ecos/ecos.py:29: UserWarning: Converting A to a CSC matrix; may take a while.
  warn("Converting A to a CSC matrix; may take a while.")
Process Process-3:
Traceback (most recent call last):
  File "/home/zihan/anaconda3/envs/x/lib/python3.7/multiprocessing/process.py", line 297, in _bootstrap
    self.run()
  File "/home/zihan/anaconda3/envs/x/lib/python3.7/multiprocessing/process.py", line 99, in run
    self._target(*self._args, **self._kwargs)
  File "/home/zihan/research/MARS/rolloutExperience.py", line 25, in rolloutExperience
    rollout_normal(env, model, info_queue, save_id, args)
  File "/home/zihan/research/MARS/rolloutExperience.py", line 107, in rollout_normal
    model.store(sample)
  File "/home/zihan/research/MARS/mars/rl/agents/multiagent.py", line 210, in store
    agent.store(samples)
  File "/home/zihan/research/MARS/mars/rl/agents/dqn.py", line 100, in store
    self.buffer.push(sample)
  File "<string>", line 2, in push
  File "/home/zihan/anaconda3/envs/x/lib/python3.7/multiprocessing/managers.py", line 796, in _callmethod
    kind, result = conn.recv()
  File "/home/zihan/anaconda3/envs/x/lib/python3.7/multiprocessing/connection.py", line 250, in recv
    buf = self._recv_bytes()
  File "/home/zihan/anaconda3/envs/x/lib/python3.7/multiprocessing/connection.py", line 407, in _recv_bytes
    buf = self._recv(4)
  File "/home/zihan/anaconda3/envs/x/lib/python3.7/multiprocessing/connection.py", line 379, in _recv
    chunk = read(handle, remaining)
ConnectionResetError: [Errno 104] Connection reset by peer
/home/zihan/anaconda3/envs/x/lib/python3.7/site-packages/ecos/ecos.py:26: UserWarning: Converting G to a CSC matrix; may take a while.
  warn("Converting G to a CSC matrix; may take a while.")
/home/zihan/anaconda3/envs/x/lib/python3.7/site-packages/ecos/ecos.py:29: UserWarning: Converting A to a CSC matrix; may take a while.
  warn("Converting A to a CSC matrix; may take a while.")
Process Process-2:
Traceback (most recent call last):
  File "/home/zihan/anaconda3/envs/x/lib/python3.7/multiprocessing/process.py", line 297, in _bootstrap
    self.run()
  File "/home/zihan/anaconda3/envs/x/lib/python3.7/multiprocessing/process.py", line 99, in run
    self._target(*self._args, **self._kwargs)
  File "/home/zihan/research/MARS/rolloutExperience.py", line 25, in rolloutExperience
    rollout_normal(env, model, info_queue, save_id, args)
  File "/home/zihan/research/MARS/rolloutExperience.py", line 107, in rollout_normal
    model.store(sample)
  File "/home/zihan/research/MARS/mars/rl/agents/multiagent.py", line 210, in store
    agent.store(samples)
  File "/home/zihan/research/MARS/mars/rl/agents/dqn.py", line 100, in store
    self.buffer.push(sample)
  File "<string>", line 2, in push
  File "/home/zihan/anaconda3/envs/x/lib/python3.7/multiprocessing/managers.py", line 796, in _callmethod
    kind, result = conn.recv()
  File "/home/zihan/anaconda3/envs/x/lib/python3.7/multiprocessing/connection.py", line 250, in recv
    buf = self._recv_bytes()
  File "/home/zihan/anaconda3/envs/x/lib/python3.7/multiprocessing/connection.py", line 407, in _recv_bytes
    buf = self._recv(4)
  File "/home/zihan/anaconda3/envs/x/lib/python3.7/multiprocessing/connection.py", line 379, in _recv
    chunk = read(handle, remaining)
ConnectionResetError: [Errno 104] Connection reset by peer
pygame 2.0.1 (SDL 2.0.14, Python 3.7.0)
Hello from the pygame community. https://www.pygame.org/contribute.html
SlimeVolley-v0 slimevolley
Load SlimeVolley-v0 environment in type slimevolley.
Env observation space: Box(-3.4028234663852886e+38, 3.4028234663852886e+38, (12,), float32) action space: Discrete(6)
random seed: 47
Arguments:  {'env_name': 'SlimeVolley-v0', 'env_type': 'slimevolley', 'num_envs': 1, 'ram': True, 'seed': 'random', 'against_baseline': False, 'algorithm': 'NashDQN', 'algorithm_spec': {'episodic_update': False, 'dueling': False, 'replay_buffer_size': '1e5', 'gamma': 0.99, 'multi_step': 1, 'target_update_interval': 1000, 'eps_start': 1.0, 'eps_final': 0.01, 'eps_decay': 30000}, 'batch_size': 32, 'max_episodes': 10000, 'max_steps_per_episode': 10000, 'train_start_frame': 0, 'optimizer': 'adam', 'learning_rate': '1e-4', 'device': 'gpu', 'update_itr': 0.1, 'log_avg_window': 20, 'log_interval': 20, 'render': False, 'test': False, 'exploit': False, 'load_model_idx': False, 'load_model_full_path': False, 'multiprocess': True, 'eval_models': False, 'save_path': '', 'save_interval': 2000, 'net_architecture': {'hidden_dim_list': [1024, 1024, 1024], 'hidden_activation': 'Tanh', 'output_activation': False}, 'marl_method': 'nash_dqn', 'marl_spec': {'min_update_interval': 20, 'score_avg_window': 10, 'global_state': False}, 'add_components': {'replay_buffer': <AutoProxy[replay_buffer] object, typeid 'replay_buffer' at 0x7fc8684f64e0>}}
Save models to : /home/zihan/research/MARS/data/model/20220114_0520/slimevolley_SlimeVolley-v0_nash_dqn. 
 Save logs to: /home/zihan/research/MARS/data/log/20220114_0520/slimevolley_SlimeVolley-v0_nash_dqn.
/home/zihan/anaconda3/envs/x/lib/python3.7/site-packages/ecos/ecos.py:26: UserWarning: Converting G to a CSC matrix; may take a while.
  warn("Converting G to a CSC matrix; may take a while.")
/home/zihan/anaconda3/envs/x/lib/python3.7/site-packages/ecos/ecos.py:29: UserWarning: Converting A to a CSC matrix; may take a while.
  warn("Converting A to a CSC matrix; may take a while.")
/home/zihan/research/MARS/mars/rl/agents/nash_dqn.py:289: UserWarning: Creating a tensor from a list of numpy.ndarrays is extremely slow. Please consider converting the list to a single numpy.ndarray with numpy.array() before converting to a tensor. (Triggered internally at  /opt/conda/conda-bld/pytorch_1641801999604/work/torch/csrc/utils/tensor_new.cpp:210.)
  action = torch.FloatTensor(action).to(self.device)
Process Process-4:
Traceback (most recent call last):
  File "/home/zihan/anaconda3/envs/x/lib/python3.7/multiprocessing/process.py", line 297, in _bootstrap
    self.run()
  File "/home/zihan/anaconda3/envs/x/lib/python3.7/multiprocessing/process.py", line 99, in run
    self._target(*self._args, **self._kwargs)
  File "/home/zihan/research/MARS/updateModel.py", line 20, in updateModel
    update_normal(env, model, info_queue, save_id, args)
  File "/home/zihan/research/MARS/updateModel.py", line 42, in update_normal
    if model.ready_to_update:
  File "/home/zihan/research/MARS/mars/rl/agents/multiagent.py", line 313, in ready_to_update
    ready_state.append(agent.ready_to_update)
  File "/home/zihan/research/MARS/mars/rl/agents/dqn.py", line 105, in ready_to_update
    return True if self.buffer.get_len() > self.batch_size else False
  File "<string>", line 2, in get_len
  File "/home/zihan/anaconda3/envs/x/lib/python3.7/multiprocessing/managers.py", line 796, in _callmethod
    kind, result = conn.recv()
  File "/home/zihan/anaconda3/envs/x/lib/python3.7/multiprocessing/connection.py", line 250, in recv
    buf = self._recv_bytes()
  File "/home/zihan/anaconda3/envs/x/lib/python3.7/multiprocessing/connection.py", line 407, in _recv_bytes
    buf = self._recv(4)
  File "/home/zihan/anaconda3/envs/x/lib/python3.7/multiprocessing/connection.py", line 379, in _recv
    chunk = read(handle, remaining)
ConnectionResetError: [Errno 104] Connection reset by peer
/home/zihan/anaconda3/envs/x/lib/python3.7/multiprocessing/semaphore_tracker.py:144: UserWarning: semaphore_tracker: There appear to be 3 leaked semaphores to clean up at shutdown
  len(cache))
