wandb: W&B API key is configured. Use `wandb login --relogin` to force relogin
wandb: wandb version 0.13.3 is available!  To upgrade, please run:
wandb:  $ pip install wandb --upgrade
wandb: Tracking run with wandb version 0.13.0
wandb: Run data is saved locally in /home/zihan/research/MARS/wandb/run-20220920_023241-1uh9klcc
wandb: Run `wandb offline` to turn off syncing.
wandb: Syncing run pettingzoo_tennis_v3_nfsp_202209200232
wandb: ⭐️ View project at https://wandb.ai/quantumiracle/Pettingzoo_MARS
wandb: 🚀 View run at https://wandb.ai/quantumiracle/Pettingzoo_MARS/runs/1uh9klcc
wandb: 429 encountered (Filestream rate limit exceeded, retrying in 2.1772612093485444 seconds), retrying request
wandb: 429 encountered (Filestream rate limit exceeded, retrying in 2.385554473846859 seconds), retrying request
wandb: 429 encountered (Filestream rate limit exceeded, retrying in 4.542267775322027 seconds), retrying request
wandb: 429 encountered (Filestream rate limit exceeded, retrying in 2.2038440035634865 seconds), retrying request
wandb: 429 encountered (Filestream rate limit exceeded, retrying in 2.2804595333000948 seconds), retrying request
wandb: 429 encountered (Filestream rate limit exceeded, retrying in 4.323966427120665 seconds), retrying request
wandb: 429 encountered (Filestream rate limit exceeded, retrying in 2.443408367142046 seconds), retrying request
wandb: 429 encountered (Filestream rate limit exceeded, retrying in 4.899672573926741 seconds), retrying request
wandb: 429 encountered (Filestream rate limit exceeded, retrying in 2.2069337284370474 seconds), retrying request
wandb: 429 encountered (Filestream rate limit exceeded, retrying in 4.7855069703083775 seconds), retrying request
wandb: 429 encountered (Filestream rate limit exceeded, retrying in 4.854329863274146 seconds), retrying request
wandb: 429 encountered (Filestream rate limit exceeded, retrying in 2.0188804897961106 seconds), retrying request
wandb: 429 encountered (Filestream rate limit exceeded, retrying in 4.821739930834852 seconds), retrying request
wandb: 429 encountered (Filestream rate limit exceeded, retrying in 4.513092650679853 seconds), retrying request
wandb: 429 encountered (Filestream rate limit exceeded, retrying in 2.013972779588154 seconds), retrying request
wandb: 429 encountered (Filestream rate limit exceeded, retrying in 4.606078525112223 seconds), retrying request
wandb: 429 encountered (Filestream rate limit exceeded, retrying in 2.2138091785515197 seconds), retrying request
wandb: 429 encountered (Filestream rate limit exceeded, retrying in 2.4129256469445295 seconds), retrying request
wandb: 429 encountered (Filestream rate limit exceeded, retrying in 2.139117980152616 seconds), retrying request
wandb: 429 encountered (Filestream rate limit exceeded, retrying in 4.090116181849977 seconds), retrying request
wandb: 429 encountered (Filestream rate limit exceeded, retrying in 2.1464283656498138 seconds), retrying request
wandb: 429 encountered (Filestream rate limit exceeded, retrying in 4.81021134506503 seconds), retrying request
wandb: 429 encountered (Filestream rate limit exceeded, retrying in 2.475774487535029 seconds), retrying request
wandb: 429 encountered (Filestream rate limit exceeded, retrying in 9.133074614076241 seconds), retrying request
wandb: 429 encountered (Filestream rate limit exceeded, retrying in 16.725843639849813 seconds), retrying request
wandb: 429 encountered (Filestream rate limit exceeded, retrying in 34.33080493920663 seconds), retrying request
wandb: 429 encountered (Filestream rate limit exceeded, retrying in 2.1419233917032803 seconds), retrying request
wandb: 429 encountered (Filestream rate limit exceeded, retrying in 4.648754768916935 seconds), retrying request
wandb: 429 encountered (Filestream rate limit exceeded, retrying in 2.0842892097532704 seconds), retrying request
pettingzoo_tennis_v3
default:  {'env_name': 'tennis_v3', 'env_type': 'pettingzoo', 'num_envs': 5, 'ram': True, 'seed': 'random', 'record_video': False, 'algorithm': 'NFSP', 'algorithm_spec': {'episodic_update': False, 'dueling': False, 'replay_buffer_size': '1e5', 'gamma': 0.99, 'multi_step': 1, 'target_update_interval': 1000, 'eps_start': 1.0, 'eps_final': 0.001, 'eps_decay': 100000}, 'num_process': 1, 'batch_size': 128, 'max_episodes': 10000, 'max_steps_per_episode': 300, 'train_start_frame': 10000, 'save_id': 0, 'optimizer': 'adam', 'learning_rate': '1e-4', 'device': 'gpu', 'update_itr': 1, 'log_avg_window': 20, 'log_interval': 20, 'render': False, 'test': False, 'exploit': False, 'load_model_idx': False, 'load_model_full_path': False, 'multiprocess': False, 'eval_models': False, 'save_path': '', 'save_interval': 2000, 'wandb_activate': False, 'wandb_entity': '', 'wandb_project': '', 'wandb_group': '', 'wandb_name': '', 'net_architecture': {'hidden_dim_list': [128, 128, 128, 128], 'hidden_activation': 'ReLU', 'output_activation': False, 'policy': {'hidden_dim_list': [128, 128, 128, 128], 'hidden_activation': 'ReLU', 'output_activation': 'Softmax'}}, 'marl_method': 'nfsp', 'marl_spec': {'min_update_interval': 20, 'score_avg_window': 10, 'global_state': False, 'eta': 0.1}}
{'env_name': 'tennis_v3', 'env_type': 'pettingzoo', 'num_envs': 5, 'ram': True, 'seed': 'random', 'record_video': True, 'algorithm': 'NFSP', 'algorithm_spec': {'episodic_update': False, 'dueling': False, 'replay_buffer_size': '1e5', 'gamma': 0.99, 'multi_step': 1, 'target_update_interval': 1000, 'eps_start': 1.0, 'eps_final': 0.001, 'eps_decay': 100000}, 'num_process': 1, 'batch_size': 128, 'max_episodes': 10000, 'max_steps_per_episode': 300, 'train_start_frame': 10000, 'save_id': 202209200232, 'optimizer': 'adam', 'learning_rate': '1e-4', 'device': 'gpu', 'update_itr': 1, 'log_avg_window': 20, 'log_interval': 20, 'render': False, 'test': False, 'exploit': False, 'load_model_idx': False, 'load_model_full_path': False, 'multiprocess': False, 'eval_models': False, 'save_path': '', 'save_interval': 2000, 'wandb_activate': True, 'wandb_entity': 'quantumiracle', 'wandb_project': '', 'wandb_group': '', 'wandb_name': '', 'net_architecture': {'hidden_dim_list': [128, 128, 128, 128], 'hidden_activation': 'ReLU', 'output_activation': False, 'policy': {'hidden_dim_list': [128, 128, 128, 128], 'hidden_activation': 'ReLU', 'output_activation': 'Softmax'}}, 'marl_method': 'nfsp', 'marl_spec': {'min_update_interval': 20, 'score_avg_window': 10, 'global_state': False, 'eta': 0.1}, 'record_video_interval': 1000}
args:  {'env_name': 'tennis_v3', 'env_type': 'pettingzoo', 'num_envs': 5, 'ram': True, 'seed': 'random', 'record_video': True, 'algorithm': 'NFSP', 'algorithm_spec': {'episodic_update': False, 'dueling': False, 'replay_buffer_size': '1e5', 'gamma': 0.99, 'multi_step': 1, 'target_update_interval': 1000, 'eps_start': 1.0, 'eps_final': 0.001, 'eps_decay': 100000}, 'num_process': 1, 'batch_size': 128, 'max_episodes': 10000, 'max_steps_per_episode': 300, 'train_start_frame': 10000, 'save_id': 202209200232, 'optimizer': 'adam', 'learning_rate': '1e-4', 'device': 'gpu', 'update_itr': 1, 'log_avg_window': 20, 'log_interval': 20, 'render': False, 'test': False, 'exploit': False, 'load_model_idx': False, 'load_model_full_path': False, 'multiprocess': False, 'eval_models': False, 'save_path': '', 'save_interval': 2000, 'wandb_activate': True, 'wandb_entity': 'quantumiracle', 'wandb_project': 'Pettingzoo_MARS', 'wandb_group': '202209200232', 'wandb_name': 'pettingzoo_tennis_v3_nfsp_202209200232', 'net_architecture': {'hidden_dim_list': [128, 128, 128, 128], 'hidden_activation': 'ReLU', 'output_activation': False, 'policy': {'hidden_dim_list': [128, 128, 128, 128], 'hidden_activation': 'ReLU', 'output_activation': 'Softmax'}}, 'marl_method': 'nfsp', 'marl_spec': {'min_update_interval': 20, 'score_avg_window': 10, 'global_state': False, 'eta': 0.1}, 'record_video_interval': 1000}
tennis_v3 pettingzoo
record video: interval 1000, length 300
Load tennis_v3 environment in type pettingzoo.
Env observation space: <bound method aec_to_parallel_wrapper.observation_space of <pettingzoo.utils.conversions.aec_to_parallel_wrapper object at 0x7f2fb1f565f8>> action space: <bound method aec_to_parallel_wrapper.action_space of <pettingzoo.utils.conversions.aec_to_parallel_wrapper object at 0x7f2fb1f565f8>>
random seed: [616, 648, 155, 639, 313]
<mars.env.wrappers.mars_wrappers.SSVecWrapper object at 0x7f2fb1f56e80>
discrete_policy 18 Discrete(18)
discrete_policy 18 Discrete(18)
discrete_policy 18 Discrete(18)
discrete_policy 18 Discrete(18)
discrete_policy 18 Discrete(18)
No agent are not learnable.
Arguments:  {'env_name': 'tennis_v3', 'env_type': 'pettingzoo', 'num_envs': 5, 'ram': True, 'seed': 'random', 'record_video': True, 'algorithm': 'NFSP', 'algorithm_spec': {'episodic_update': False, 'dueling': False, 'replay_buffer_size': '1e5', 'gamma': 0.99, 'multi_step': 1, 'target_update_interval': 1000, 'eps_start': 1.0, 'eps_final': 0.001, 'eps_decay': 100000}, 'num_process': 1, 'batch_size': 128, 'max_episodes': 10000, 'max_steps_per_episode': 300, 'train_start_frame': 10000, 'save_id': 202209200232, 'optimizer': 'adam', 'learning_rate': '1e-4', 'device': 'gpu', 'update_itr': 1, 'log_avg_window': 20, 'log_interval': 20, 'render': False, 'test': False, 'exploit': False, 'load_model_idx': False, 'load_model_full_path': False, 'multiprocess': False, 'eval_models': False, 'save_path': '', 'save_interval': 2000, 'wandb_activate': True, 'wandb_entity': 'quantumiracle', 'wandb_project': 'Pettingzoo_MARS', 'wandb_group': '202209200232', 'wandb_name': 'pettingzoo_tennis_v3_nfsp_202209200232', 'net_architecture': {'hidden_dim_list': [128, 128, 128, 128], 'hidden_activation': 'ReLU', 'output_activation': False, 'policy': {'hidden_dim_list': [128, 128, 128, 128], 'hidden_activation': 'ReLU', 'output_activation': 'Softmax'}}, 'marl_method': 'nfsp', 'marl_spec': {'min_update_interval': 20, 'score_avg_window': 10, 'global_state': False, 'eta': 0.1}, 'record_video_interval': 1000}
Save models to : /home/zihan/research/MARS/data/model/202209200232/pettingzoo_tennis_v3_nfsp. 
 Save logs to: /home/zihan/research/MARS/data/log/202209200232/pettingzoo_tennis_v3_nfsp.
Episode: 1/10000 (0.0100%),                 avg. length: 299.0,                last time consumption/overall running time: 5.44s / 5.44 s
first_0:                 episode reward: 4.0000,                 loss: nan
second_0:                 episode reward: -4.0000,                 loss: nan
Episode: 21/10000 (0.2100%),                 avg. length: 299.0,                last time consumption/overall running time: 82.76s / 88.20 s
first_0:                 episode reward: 2.4500,                 loss: nan
second_0:                 episode reward: -2.4500,                 loss: nan
Episode: 41/10000 (0.4100%),                 avg. length: 299.0,                last time consumption/overall running time: 161.58s / 249.78 s
first_0:                 episode reward: 2.1500,                 loss: 3.4779
second_0:                 episode reward: -2.1500,                 loss: 3.5059
Episode: 61/10000 (0.6100%),                 avg. length: 299.0,                last time consumption/overall running time: 293.62s / 543.40 s
first_0:                 episode reward: 1.3000,                 loss: 2.9527
second_0:                 episode reward: -1.3000,                 loss: 2.9698
Episode: 81/10000 (0.8100%),                 avg. length: 299.0,                last time consumption/overall running time: 300.92s / 844.33 s
first_0:                 episode reward: 2.2500,                 loss: 2.9510
second_0:                 episode reward: -2.2500,                 loss: 2.9346
Episode: 101/10000 (1.0100%),                 avg. length: 299.0,                last time consumption/overall running time: 306.83s / 1151.16 s
first_0:                 episode reward: 1.9000,                 loss: 2.9418
second_0:                 episode reward: -1.9000,                 loss: 2.9167
Episode: 121/10000 (1.2100%),                 avg. length: 299.0,                last time consumption/overall running time: 323.29s / 1474.45 swandb: 429 encountered (Filestream rate limit exceeded, retrying in 2.2624141832639166 seconds), retrying request
wandb: 429 encountered (Filestream rate limit exceeded, retrying in 4.781257309689369 seconds), retrying request
wandb: 429 encountered (Filestream rate limit exceeded, retrying in 2.49619822803436 seconds), retrying request
wandb: 429 encountered (Filestream rate limit exceeded, retrying in 4.230299343034893 seconds), retrying request
wandb: 429 encountered (Filestream rate limit exceeded, retrying in 2.0649521912221775 seconds), retrying request
wandb: 429 encountered (Filestream rate limit exceeded, retrying in 2.2009409837885254 seconds), retrying request
wandb: 429 encountered (Filestream rate limit exceeded, retrying in 4.308668309100105 seconds), retrying request
wandb: 429 encountered (Filestream rate limit exceeded, retrying in 2.2174281478128584 seconds), retrying request
wandb: 429 encountered (Filestream rate limit exceeded, retrying in 2.205547156490238 seconds), retrying request
wandb: 429 encountered (Filestream rate limit exceeded, retrying in 2.369083683753118 seconds), retrying request
wandb: 429 encountered (Filestream rate limit exceeded, retrying in 2.358592143648904 seconds), retrying request
wandb: 429 encountered (Filestream rate limit exceeded, retrying in 4.186842708410483 seconds), retrying request
wandb: 429 encountered (Filestream rate limit exceeded, retrying in 2.3985142518858544 seconds), retrying request
wandb: 429 encountered (Filestream rate limit exceeded, retrying in 2.3392136409902022 seconds), retrying request
wandb: 429 encountered (Filestream rate limit exceeded, retrying in 4.919499497448655 seconds), retrying request
wandb: 429 encountered (Filestream rate limit exceeded, retrying in 2.2327826425284654 seconds), retrying request
wandb: 429 encountered (Filestream rate limit exceeded, retrying in 2.3025792281601456 seconds), retrying request
wandb: 429 encountered (Filestream rate limit exceeded, retrying in 2.38764782340418 seconds), retrying request
wandb: 429 encountered (Filestream rate limit exceeded, retrying in 4.028963856741549 seconds), retrying request
wandb: 429 encountered (Filestream rate limit exceeded, retrying in 2.2967674296362977 seconds), retrying request
wandb: 429 encountered (Filestream rate limit exceeded, retrying in 2.2232407578432265 seconds), retrying request
wandb: 429 encountered (Filestream rate limit exceeded, retrying in 2.0801966971726515 seconds), retrying request
wandb: 429 encountered (Filestream rate limit exceeded, retrying in 4.29286397545348 seconds), retrying request
wandb: 429 encountered (Filestream rate limit exceeded, retrying in 2.43168532166092 seconds), retrying request
wandb: 429 encountered (Filestream rate limit exceeded, retrying in 4.880643246745507 seconds), retrying request
wandb: 429 encountered (Filestream rate limit exceeded, retrying in 2.1572967991741594 seconds), retrying request
wandb: 429 encountered (Filestream rate limit exceeded, retrying in 4.607710231444367 seconds), retrying request
wandb: 429 encountered (Filestream rate limit exceeded, retrying in 2.1005028347129744 seconds), retrying request
wandb: 429 encountered (Filestream rate limit exceeded, retrying in 4.960107405122535 seconds), retrying request
wandb: 429 encountered (Filestream rate limit exceeded, retrying in 2.244313028161162 seconds), retrying request
wandb: 429 encountered (Filestream rate limit exceeded, retrying in 8.039373760440865 seconds), retrying request
wandb: 429 encountered (Filestream rate limit exceeded, retrying in 2.3333516894791337 seconds), retrying request
wandb: 429 encountered (Filestream rate limit exceeded, retrying in 4.2159556486292065 seconds), retrying request
wandb: 429 encountered (Filestream rate limit exceeded, retrying in 2.2946722966598707 seconds), retrying request
wandb: 429 encountered (Filestream rate limit exceeded, retrying in 2.0691338874649476 seconds), retrying request
wandb: 429 encountered (Filestream rate limit exceeded, retrying in 2.348321825781163 seconds), retrying request
wandb: 429 encountered (Filestream rate limit exceeded, retrying in 2.1162054689483805 seconds), retrying request
wandb: 429 encountered (Filestream rate limit exceeded, retrying in 2.2562274920625587 seconds), retrying request
wandb: 429 encountered (Filestream rate limit exceeded, retrying in 4.328375681061159 seconds), retrying request
wandb: 429 encountered (Filestream rate limit exceeded, retrying in 2.421408411695583 seconds), retrying request
wandb: 429 encountered (Filestream rate limit exceeded, retrying in 4.64933922408256 seconds), retrying request
wandb: 429 encountered (Filestream rate limit exceeded, retrying in 2.1413189030000237 seconds), retrying request
wandb: 429 encountered (Filestream rate limit exceeded, retrying in 2.3028834068739408 seconds), retrying request
wandb: 429 encountered (Filestream rate limit exceeded, retrying in 2.406205448070876 seconds), retrying request
wandb: 429 encountered (Filestream rate limit exceeded, retrying in 4.170282902342082 seconds), retrying request
wandb: 429 encountered (Filestream rate limit exceeded, retrying in 2.0906704663148297 seconds), retrying request
wandb: 429 encountered (Filestream rate limit exceeded, retrying in 4.260851413981245 seconds), retrying request
wandb: 429 encountered (Filestream rate limit exceeded, retrying in 8.921332279851967 seconds), retrying request
wandb: 429 encountered (Filestream rate limit exceeded, retrying in 16.75547155677476 seconds), retrying request
wandb: 429 encountered (Filestream rate limit exceeded, retrying in 2.151507543451829 seconds), retrying request
wandb: 429 encountered (Filestream rate limit exceeded, retrying in 2.352270438589658 seconds), retrying request
wandb: 429 encountered (Filestream rate limit exceeded, retrying in 4.998111155582388 seconds), retrying request
wandb: 429 encountered (Filestream rate limit exceeded, retrying in 2.1617066126659075 seconds), retrying request
wandb: 429 encountered (Filestream rate limit exceeded, retrying in 2.3164006755755704 seconds), retrying request
wandb: 429 encountered (Filestream rate limit exceeded, retrying in 4.972062633507513 seconds), retrying request
wandb: 429 encountered (Filestream rate limit exceeded, retrying in 2.2144951662970045 seconds), retrying request
wandb: 429 encountered (Filestream rate limit exceeded, retrying in 2.0157758004654798 seconds), retrying request
wandb: 429 encountered (Filestream rate limit exceeded, retrying in 2.297621670361206 seconds), retrying request
wandb: 429 encountered (Filestream rate limit exceeded, retrying in 4.808854067431571 seconds), retrying request
wandb: 429 encountered (Filestream rate limit exceeded, retrying in 2.3775488424354565 seconds), retrying request
wandb: 429 encountered (Filestream rate limit exceeded, retrying in 4.984831996842535 seconds), retrying request
wandb: 429 encountered (Filestream rate limit exceeded, retrying in 2.2915751026680007 seconds), retrying request
wandb: 429 encountered (Filestream rate limit exceeded, retrying in 4.990030816130022 seconds), retrying request
wandb: 429 encountered (Filestream rate limit exceeded, retrying in 2.342906821935193 seconds), retrying request
wandb: 429 encountered (Filestream rate limit exceeded, retrying in 2.482190560316223 seconds), retrying request
wandb: 429 encountered (Filestream rate limit exceeded, retrying in 2.3487859866484966 seconds), retrying request
wandb: 429 encountered (Filestream rate limit exceeded, retrying in 2.1208895529643463 seconds), retrying request
wandb: 429 encountered (Filestream rate limit exceeded, retrying in 2.2779474596857203 seconds), retrying request
wandb: 429 encountered (Filestream rate limit exceeded, retrying in 2.3039781301169944 seconds), retrying request
wandb: 429 encountered (Filestream rate limit exceeded, retrying in 2.186814337312414 seconds), retrying request
wandb: 429 encountered (Filestream rate limit exceeded, retrying in 4.3448289235967525 seconds), retrying request
wandb: 429 encountered (Filestream rate limit exceeded, retrying in 2.238696013162209 seconds), retrying request
wandb: 429 encountered (Filestream rate limit exceeded, retrying in 2.3794374449850357 seconds), retrying request
wandb: 429 encountered (Filestream rate limit exceeded, retrying in 4.275944085240849 seconds), retrying request
wandb: 429 encountered (Filestream rate limit exceeded, retrying in 9.409538681581214 seconds), retrying request
wandb: 429 encountered (Filestream rate limit exceeded, retrying in 19.0786569667732 seconds), retrying request
wandb: 429 encountered (Filestream rate limit exceeded, retrying in 2.3103183357451624 seconds), retrying request
wandb: 429 encountered (Filestream rate limit exceeded, retrying in 2.041904165766144 seconds), retrying request
wandb: 429 encountered (Filestream rate limit exceeded, retrying in 4.642173287404096 seconds), retrying request
wandb: 429 encountered (Filestream rate limit exceeded, retrying in 2.3014151124758015 seconds), retrying request
wandb: 429 encountered (Filestream rate limit exceeded, retrying in 4.61166701637389 seconds), retrying request
wandb: 429 encountered (Filestream rate limit exceeded, retrying in 9.641140793579918 seconds), retrying request
wandb: 429 encountered (Filestream rate limit exceeded, retrying in 18.984560736652263 seconds), retrying request
wandb: 429 encountered (Filestream rate limit exceeded, retrying in 2.021976790515407 seconds), retrying request
wandb: 429 encountered (Filestream rate limit exceeded, retrying in 4.985969156529057 seconds), retrying request
wandb: 429 encountered (Filestream rate limit exceeded, retrying in 2.4020504853658915 seconds), retrying request
wandb: 429 encountered (Filestream rate limit exceeded, retrying in 4.970685860288536 seconds), retrying request
wandb: 429 encountered (Filestream rate limit exceeded, retrying in 2.0199857931756586 seconds), retrying request
wandb: 429 encountered (Filestream rate limit exceeded, retrying in 4.955927139659449 seconds), retrying request
wandb: 429 encountered (Filestream rate limit exceeded, retrying in 2.222785329604386 seconds), retrying request
wandb: 429 encountered (Filestream rate limit exceeded, retrying in 2.342844298687442 seconds), retrying request
wandb: 429 encountered (Filestream rate limit exceeded, retrying in 4.106137202013919 seconds), retrying request
wandb: 429 encountered (Filestream rate limit exceeded, retrying in 2.008897302938122 seconds), retrying request
wandb: 429 encountered (Filestream rate limit exceeded, retrying in 2.182238713670544 seconds), retrying request
wandb: 429 encountered (Filestream rate limit exceeded, retrying in 4.8210455671094605 seconds), retrying request
wandb: 429 encountered (Filestream rate limit exceeded, retrying in 9.307982056157067 seconds), retrying request
wandb: 429 encountered (Filestream rate limit exceeded, retrying in 32.846222301548615 seconds), retrying request
wandb: 429 encountered (Filestream rate limit exceeded, retrying in 2.473018860670737 seconds), retrying request
wandb: 429 encountered (Filestream rate limit exceeded, retrying in 4.2770499065916985 seconds), retrying request
wandb: 429 encountered (Filestream rate limit exceeded, retrying in 2.379652013671735 seconds), retrying request
wandb: 429 encountered (Filestream rate limit exceeded, retrying in 2.001613437743823 seconds), retrying request
wandb: 429 encountered (Filestream rate limit exceeded, retrying in 2.4919273242611912 seconds), retrying request
wandb: 429 encountered (Filestream rate limit exceeded, retrying in 4.532053491129992 seconds), retrying request
wandb: 429 encountered (Filestream rate limit exceeded, retrying in 2.0650254145753095 seconds), retrying request
wandb: 429 encountered (Filestream rate limit exceeded, retrying in 2.4856336681703715 seconds), retrying request
wandb: 429 encountered (Filestream rate limit exceeded, retrying in 4.4665480560540125 seconds), retrying request
wandb: 429 encountered (Filestream rate limit exceeded, retrying in 2.3900559606305483 seconds), retrying request
wandb: 429 encountered (Filestream rate limit exceeded, retrying in 4.501862164130143 seconds), retrying request
wandb: 429 encountered (Filestream rate limit exceeded, retrying in 2.3370672635593284 seconds), retrying request
wandb: 429 encountered (Filestream rate limit exceeded, retrying in 2.3086975657706788 seconds), retrying request
wandb: 429 encountered (Filestream rate limit exceeded, retrying in 2.046048597748845 seconds), retrying request
wandb: 429 encountered (Filestream rate limit exceeded, retrying in 4.505472088295256 seconds), retrying request
wandb: 429 encountered (Filestream rate limit exceeded, retrying in 2.46198670807918 seconds), retrying request
wandb: 429 encountered (Filestream rate limit exceeded, retrying in 4.933067034482624 seconds), retrying request
wandb: 429 encountered (Filestream rate limit exceeded, retrying in 2.107257231642081 seconds), retrying request
wandb: 429 encountered (Filestream rate limit exceeded, retrying in 2.252489110169062 seconds), retrying request
wandb: 429 encountered (Filestream rate limit exceeded, retrying in 4.696258926360986 seconds), retrying request
wandb: 429 encountered (Filestream rate limit exceeded, retrying in 2.4935634190294085 seconds), retrying request
wandb: 429 encountered (Filestream rate limit exceeded, retrying in 2.155725768702371 seconds), retrying request
wandb: 429 encountered (Filestream rate limit exceeded, retrying in 4.664509456005401 seconds), retrying request
wandb: 429 encountered (Filestream rate limit exceeded, retrying in 2.2864005034857215 seconds), retrying request
wandb: 429 encountered (Filestream rate limit exceeded, retrying in 2.2699327824447244 seconds), retrying request
wandb: 429 encountered (Filestream rate limit exceeded, retrying in 2.0406026252689746 seconds), retrying request
wandb: 429 encountered (Filestream rate limit exceeded, retrying in 4.823763255906649 seconds), retrying request
wandb: 429 encountered (Filestream rate limit exceeded, retrying in 2.371366636030641 seconds), retrying request
wandb: 429 encountered (Filestream rate limit exceeded, retrying in 4.338087624429721 seconds), retrying request
wandb: 429 encountered (Filestream rate limit exceeded, retrying in 2.100225602812836 seconds), retrying request
wandb: 429 encountered (Filestream rate limit exceeded, retrying in 4.305579526543915 seconds), retrying request
wandb: 429 encountered (Filestream rate limit exceeded, retrying in 2.4798580403549537 seconds), retrying request
wandb: 429 encountered (Filestream rate limit exceeded, retrying in 4.995988657559462 seconds), retrying request
wandb: 429 encountered (Filestream rate limit exceeded, retrying in 2.4567025249742533 seconds), retrying request
wandb: 429 encountered (Filestream rate limit exceeded, retrying in 2.329711959258102 seconds), retrying request
wandb: 429 encountered (Filestream rate limit exceeded, retrying in 2.1137628120369576 seconds), retrying request
wandb: 429 encountered (Filestream rate limit exceeded, retrying in 2.201389728863579 seconds), retrying request
wandb: 429 encountered (Filestream rate limit exceeded, retrying in 4.361488403470061 seconds), retrying request
wandb: 429 encountered (Filestream rate limit exceeded, retrying in 2.276721860323996 seconds), retrying request
wandb: 429 encountered (Filestream rate limit exceeded, retrying in 2.097193172656232 seconds), retrying request
wandb: 429 encountered (Filestream rate limit exceeded, retrying in 4.487013125295025 seconds), retrying request
wandb: 429 encountered (Filestream rate limit exceeded, retrying in 2.307182162385136 seconds), retrying request
wandb: 429 encountered (Filestream rate limit exceeded, retrying in 2.2001021243344465 seconds), retrying request
wandb: 429 encountered (Filestream rate limit exceeded, retrying in 4.932086214320801 seconds), retrying request
wandb: 429 encountered (Filestream rate limit exceeded, retrying in 9.33703134324007 seconds), retrying request
wandb: 429 encountered (Filestream rate limit exceeded, retrying in 2.432777658777573 seconds), retrying request
wandb: 429 encountered (Filestream rate limit exceeded, retrying in 4.675676137429804 seconds), retrying request
wandb: 429 encountered (Filestream rate limit exceeded, retrying in 2.368058323118233 seconds), retrying request
wandb: 429 encountered (Filestream rate limit exceeded, retrying in 4.356212605997458 seconds), retrying request
wandb: 429 encountered (Filestream rate limit exceeded, retrying in 2.1975701467305897 seconds), retrying request
wandb: 429 encountered (Filestream rate limit exceeded, retrying in 2.4657370097482993 seconds), retrying request
wandb: 429 encountered (Filestream rate limit exceeded, retrying in 4.326517959649756 seconds), retrying request
wandb: 429 encountered (Filestream rate limit exceeded, retrying in 2.3498391237577207 seconds), retrying request
wandb: 429 encountered (Filestream rate limit exceeded, retrying in 4.463827762429764 seconds), retrying request
wandb: 429 encountered (Filestream rate limit exceeded, retrying in 2.012401102892208 seconds), retrying request
wandb: 429 encountered (Filestream rate limit exceeded, retrying in 2.012245751841791 seconds), retrying request
wandb: 429 encountered (Filestream rate limit exceeded, retrying in 4.603764486087749 seconds), retrying request
wandb: 429 encountered (Filestream rate limit exceeded, retrying in 2.0948911419570346 seconds), retrying request
wandb: 429 encountered (Filestream rate limit exceeded, retrying in 2.413644273554314 seconds), retrying request
wandb: 429 encountered (Filestream rate limit exceeded, retrying in 2.493106755240819 seconds), retrying request
wandb: 429 encountered (Filestream rate limit exceeded, retrying in 4.054159797962379 seconds), retrying request
wandb: 429 encountered (Filestream rate limit exceeded, retrying in 2.0065663769560325 seconds), retrying request
wandb: 429 encountered (Filestream rate limit exceeded, retrying in 4.034155316385945 seconds), retrying request
wandb: 429 encountered (Filestream rate limit exceeded, retrying in 2.000501461603246 seconds), retrying request
wandb: 429 encountered (Filestream rate limit exceeded, retrying in 4.126221317007282 seconds), retrying request
wandb: 429 encountered (Filestream rate limit exceeded, retrying in 8.890255778765098 seconds), retrying request
wandb: 429 encountered (Filestream rate limit exceeded, retrying in 2.321369046003343 seconds), retrying request
wandb: 429 encountered (Filestream rate limit exceeded, retrying in 4.364493212303382 seconds), retrying request
wandb: 429 encountered (Filestream rate limit exceeded, retrying in 2.339569389905872 seconds), retrying request
wandb: 429 encountered (Filestream rate limit exceeded, retrying in 4.757311248737986 seconds), retrying request

first_0:                 episode reward: 2.1500,                 loss: 2.8838
second_0:                 episode reward: -2.1500,                 loss: 2.8998
Episode: 141/10000 (1.4100%),                 avg. length: 299.0,                last time consumption/overall running time: 321.47s / 1795.92 s
first_0:                 episode reward: 2.1000,                 loss: 2.8895
second_0:                 episode reward: -2.1000,                 loss: 2.8894
Episode: 161/10000 (1.6100%),                 avg. length: 299.0,                last time consumption/overall running time: 327.21s / 2123.13 s
first_0:                 episode reward: 1.9500,                 loss: 2.8831
second_0:                 episode reward: -1.9500,                 loss: 2.8796
Episode: 181/10000 (1.8100%),                 avg. length: 299.0,                last time consumption/overall running time: 326.13s / 2449.25 s
first_0:                 episode reward: 1.7500,                 loss: 2.8689
second_0:                 episode reward: -1.7500,                 loss: 2.8632
Episode: 201/10000 (2.0100%),                 avg. length: 299.0,                last time consumption/overall running time: 326.62s / 2775.88 s
first_0:                 episode reward: 0.9000,                 loss: 2.8649
second_0:                 episode reward: -0.9000,                 loss: 2.8502
Episode: 221/10000 (2.2100%),                 avg. length: 299.0,                last time consumption/overall running time: 330.81s / 3106.68 s
first_0:                 episode reward: 1.7500,                 loss: 2.8695
second_0:                 episode reward: -1.7500,                 loss: 2.8420
Episode: 241/10000 (2.4100%),                 avg. length: 299.0,                last time consumption/overall running time: 331.04s / 3437.72 s
first_0:                 episode reward: -0.3500,                 loss: 2.8672
second_0:                 episode reward: 0.3500,                 loss: 2.8322
Episode: 261/10000 (2.6100%),                 avg. length: 299.0,                last time consumption/overall running time: 334.67s / 3772.39 s
first_0:                 episode reward: 1.5000,                 loss: 2.8557
second_0:                 episode reward: -1.5000,                 loss: 2.8247
Episode: 281/10000 (2.8100%),                 avg. length: 299.0,                last time consumption/overall running time: 337.42s / 4109.81 s
first_0:                 episode reward: 1.1500,                 loss: 2.8391
second_0:                 episode reward: -1.1500,                 loss: 2.8151
Episode: 301/10000 (3.0100%),                 avg. length: 299.0,                last time consumption/overall running time: 335.91s / 4445.72 s
first_0:                 episode reward: 0.6500,                 loss: 2.8315
second_0:                 episode reward: -0.6500,                 loss: 2.8091
Episode: 321/10000 (3.2100%),                 avg. length: 299.0,                last time consumption/overall running time: 337.46s / 4783.18 s
first_0:                 episode reward: 1.0000,                 loss: 2.8267
second_0:                 episode reward: -1.0000,                 loss: 2.8043
Episode: 341/10000 (3.4100%),                 avg. length: 299.0,                last time consumption/overall running time: 339.64s / 5122.82 s
first_0:                 episode reward: 1.0500,                 loss: 2.8237
second_0:                 episode reward: -1.0500,                 loss: 2.7987
Episode: 361/10000 (3.6100%),                 avg. length: 299.0,                last time consumption/overall running time: 341.89s / 5464.71 s
first_0:                 episode reward: 1.0000,                 loss: 2.8252
second_0:                 episode reward: -1.0000,                 loss: 2.7981
Episode: 381/10000 (3.8100%),                 avg. length: 299.0,                last time consumption/overall running time: 339.48s / 5804.19 s
first_0:                 episode reward: -0.0500,                 loss: 2.8359
second_0:                 episode reward: 0.0500,                 loss: 2.7953
Episode: 401/10000 (4.0100%),                 avg. length: 299.0,                last time consumption/overall running time: 342.24s / 6146.43 s
first_0:                 episode reward: 1.0500,                 loss: 2.8450
second_0:                 episode reward: -1.0500,                 loss: 2.7973
Episode: 421/10000 (4.2100%),                 avg. length: 299.0,                last time consumption/overall running time: 342.31s / 6488.74 s
first_0:                 episode reward: 0.1000,                 loss: 2.8355
second_0:                 episode reward: -0.1000,                 loss: 2.7908
Episode: 441/10000 (4.4100%),                 avg. length: 299.0,                last time consumption/overall running time: 341.03s / 6829.77 s
first_0:                 episode reward: 0.9000,                 loss: 2.8262
second_0:                 episode reward: -0.9000,                 loss: 2.7895
Episode: 461/10000 (4.6100%),                 avg. length: 299.0,                last time consumption/overall running time: 343.43s / 7173.20 s
first_0:                 episode reward: 0.5000,                 loss: 2.8219
second_0:                 episode reward: -0.5000,                 loss: 2.7864
Episode: 481/10000 (4.8100%),                 avg. length: 299.0,                last time consumption/overall running time: 346.34s / 7519.54 s
first_0:                 episode reward: 0.1500,                 loss: 2.8162
second_0:                 episode reward: -0.1500,                 loss: 2.7844
Episode: 501/10000 (5.0100%),                 avg. length: 299.0,                last time consumption/overall running time: 345.33s / 7864.87 s
first_0:                 episode reward: -0.0500,                 loss: 2.8078
second_0:                 episode reward: 0.0500,                 loss: 2.7788
Episode: 521/10000 (5.2100%),                 avg. length: 299.0,                last time consumption/overall running time: 348.24s / 8213.11 s
first_0:                 episode reward: -0.3000,                 loss: 2.8020
second_0:                 episode reward: 0.3000,                 loss: 2.7718
Episode: 541/10000 (5.4100%),                 avg. length: 299.0,                last time consumption/overall running time: 349.47s / 8562.58 s
first_0:                 episode reward: 0.2000,                 loss: 2.7985
second_0:                 episode reward: -0.2000,                 loss: 2.7661
Episode: 561/10000 (5.6100%),                 avg. length: 299.0,                last time consumption/overall running time: 351.94s / 8914.52 s
first_0:                 episode reward: -0.2000,                 loss: 2.7974
second_0:                 episode reward: 0.2000,                 loss: 2.7614
Episode: 581/10000 (5.8100%),                 avg. length: 299.0,                last time consumption/overall running time: 351.84s / 9266.36 s
first_0:                 episode reward: 0.4000,                 loss: 2.7946
second_0:                 episode reward: -0.4000,                 loss: 2.7634
Episode: 601/10000 (6.0100%),                 avg. length: 299.0,                last time consumption/overall running time: 352.26s / 9618.62 s
first_0:                 episode reward: 0.7000,                 loss: 2.7888
second_0:                 episode reward: -0.7000,                 loss: 2.7647
Episode: 621/10000 (6.2100%),                 avg. length: 299.0,                last time consumption/overall running time: 354.86s / 9973.47 s
first_0:                 episode reward: 1.2000,                 loss: 2.7775
second_0:                 episode reward: -1.2000,                 loss: 2.7641
Episode: 641/10000 (6.4100%),                 avg. length: 299.0,                last time consumption/overall running time: 355.76s / 10329.24 s
first_0:                 episode reward: -0.0500,                 loss: 2.7614
second_0:                 episode reward: 0.0500,                 loss: 2.7560
Episode: 661/10000 (6.6100%),                 avg. length: 299.0,                last time consumption/overall running time: 357.93s / 10687.16 s
first_0:                 episode reward: 0.8500,                 loss: 2.7524wandb: 429 encountered (Filestream rate limit exceeded, retrying in 2.405942392891186 seconds), retrying request
wandb: 429 encountered (Filestream rate limit exceeded, retrying in 4.348584398073733 seconds), retrying request
wandb: 429 encountered (Filestream rate limit exceeded, retrying in 2.0809273860906794 seconds), retrying request
wandb: 429 encountered (Filestream rate limit exceeded, retrying in 4.6712688141750744 seconds), retrying request
wandb: 429 encountered (Filestream rate limit exceeded, retrying in 2.2797186951786577 seconds), retrying request
wandb: 429 encountered (Filestream rate limit exceeded, retrying in 2.397780908681012 seconds), retrying request
wandb: 429 encountered (Filestream rate limit exceeded, retrying in 2.4736541158094294 seconds), retrying request
wandb: 429 encountered (Filestream rate limit exceeded, retrying in 4.344885383590228 seconds), retrying request
wandb: 429 encountered (Filestream rate limit exceeded, retrying in 2.45358071646093 seconds), retrying request
wandb: 429 encountered (Filestream rate limit exceeded, retrying in 4.273531205852172 seconds), retrying request
wandb: 429 encountered (Filestream rate limit exceeded, retrying in 2.060041346544285 seconds), retrying request
wandb: 429 encountered (Filestream rate limit exceeded, retrying in 2.34380629111839 seconds), retrying request
wandb: 429 encountered (Filestream rate limit exceeded, retrying in 19.294407863836717 seconds), retrying request
wandb: 429 encountered (Filestream rate limit exceeded, retrying in 33.39270581683264 seconds), retrying request
wandb: 429 encountered (Filestream rate limit exceeded, retrying in 2.2666572534971148 seconds), retrying request
wandb: 429 encountered (Filestream rate limit exceeded, retrying in 2.3188756889145834 seconds), retrying request
wandb: 429 encountered (Filestream rate limit exceeded, retrying in 4.052167447638083 seconds), retrying request
wandb: 429 encountered (Filestream rate limit exceeded, retrying in 2.351326650477887 seconds), retrying request
wandb: 429 encountered (Filestream rate limit exceeded, retrying in 4.141657976293102 seconds), retrying request
wandb: 429 encountered (Filestream rate limit exceeded, retrying in 2.3731155098957784 seconds), retrying request
wandb: 429 encountered (Filestream rate limit exceeded, retrying in 4.728659793927629 seconds), retrying request
wandb: 429 encountered (Filestream rate limit exceeded, retrying in 2.3177268938636573 seconds), retrying request
wandb: 429 encountered (Filestream rate limit exceeded, retrying in 4.0566905607248795 seconds), retrying request
wandb: 429 encountered (Filestream rate limit exceeded, retrying in 8.769294038354907 seconds), retrying request
wandb: 429 encountered (Filestream rate limit exceeded, retrying in 4.314350707091764 seconds), retrying request
wandb: 429 encountered (Filestream rate limit exceeded, retrying in 2.0769328083928236 seconds), retrying request
wandb: 429 encountered (Filestream rate limit exceeded, retrying in 4.831027664274775 seconds), retrying request
wandb: 429 encountered (Filestream rate limit exceeded, retrying in 2.4701662341318444 seconds), retrying request
wandb: 429 encountered (Filestream rate limit exceeded, retrying in 4.989971419075743 seconds), retrying request
wandb: 429 encountered (Filestream rate limit exceeded, retrying in 2.013673083445122 seconds), retrying request
wandb: 429 encountered (Filestream rate limit exceeded, retrying in 4.7298076958653335 seconds), retrying request
wandb: 429 encountered (Filestream rate limit exceeded, retrying in 2.0383490812312424 seconds), retrying request
wandb: 429 encountered (Filestream rate limit exceeded, retrying in 2.1517185263667336 seconds), retrying request
wandb: 429 encountered (Filestream rate limit exceeded, retrying in 4.425135157144407 seconds), retrying request
wandb: 429 encountered (Filestream rate limit exceeded, retrying in 2.452036461947541 seconds), retrying request
wandb: 429 encountered (Filestream rate limit exceeded, retrying in 2.0404527377339448 seconds), retrying request
wandb: 429 encountered (Filestream rate limit exceeded, retrying in 2.419048645359547 seconds), retrying request
wandb: 429 encountered (Filestream rate limit exceeded, retrying in 2.036499193253844 seconds), retrying request
wandb: 429 encountered (Filestream rate limit exceeded, retrying in 4.171419561239033 seconds), retrying request
wandb: 429 encountered (Filestream rate limit exceeded, retrying in 8.807623059384715 seconds), retrying request
wandb: 429 encountered (Filestream rate limit exceeded, retrying in 2.4245408265720703 seconds), retrying request
wandb: 429 encountered (Filestream rate limit exceeded, retrying in 4.767039403801924 seconds), retrying request
wandb: 429 encountered (Filestream rate limit exceeded, retrying in 2.117335389086901 seconds), retrying request
wandb: 429 encountered (Filestream rate limit exceeded, retrying in 2.2034964169054234 seconds), retrying request
wandb: 429 encountered (Filestream rate limit exceeded, retrying in 4.64366482691752 seconds), retrying request
wandb: 429 encountered (Filestream rate limit exceeded, retrying in 2.4030949400629984 seconds), retrying request
wandb: 429 encountered (Filestream rate limit exceeded, retrying in 4.920573026941339 seconds), retrying request
wandb: 429 encountered (Filestream rate limit exceeded, retrying in 2.0360091116943178 seconds), retrying request
wandb: 429 encountered (Filestream rate limit exceeded, retrying in 4.5097688038356285 seconds), retrying request
wandb: 429 encountered (Filestream rate limit exceeded, retrying in 8.63193934883597 seconds), retrying request
wandb: 429 encountered (Filestream rate limit exceeded, retrying in 17.57563015375471 seconds), retrying request
wandb: 429 encountered (Filestream rate limit exceeded, retrying in 39.12190560532802 seconds), retrying request
wandb: 429 encountered (Filestream rate limit exceeded, retrying in 2.4430105323581914 seconds), retrying request
wandb: 429 encountered (Filestream rate limit exceeded, retrying in 4.464950596431567 seconds), retrying request
wandb: 429 encountered (Filestream rate limit exceeded, retrying in 2.395784716539431 seconds), retrying request
wandb: 429 encountered (Filestream rate limit exceeded, retrying in 4.364567811966503 seconds), retrying request
wandb: 429 encountered (Filestream rate limit exceeded, retrying in 2.3899523536201013 seconds), retrying request
wandb: 429 encountered (Filestream rate limit exceeded, retrying in 2.0323493106947694 seconds), retrying request
wandb: 429 encountered (Filestream rate limit exceeded, retrying in 2.3754317142990287 seconds), retrying request
wandb: 429 encountered (Filestream rate limit exceeded, retrying in 2.285329353220033 seconds), retrying request
wandb: 429 encountered (Filestream rate limit exceeded, retrying in 2.3862082399570017 seconds), retrying request
wandb: 429 encountered (Filestream rate limit exceeded, retrying in 2.122969836385054 seconds), retrying request
wandb: 429 encountered (Filestream rate limit exceeded, retrying in 4.33182004043985 seconds), retrying request
wandb: 429 encountered (Filestream rate limit exceeded, retrying in 2.3959654585297177 seconds), retrying request
wandb: 429 encountered (Filestream rate limit exceeded, retrying in 4.296636782080958 seconds), retrying request
wandb: 429 encountered (Filestream rate limit exceeded, retrying in 9.40468926728303 seconds), retrying request
wandb: 429 encountered (Filestream rate limit exceeded, retrying in 18.02482171160062 seconds), retrying request
wandb: 429 encountered (Filestream rate limit exceeded, retrying in 37.48391949102849 seconds), retrying request
wandb: 429 encountered (Filestream rate limit exceeded, retrying in 2.383085738972819 seconds), retrying request
wandb: 429 encountered (Filestream rate limit exceeded, retrying in 4.174616254695377 seconds), retrying request
wandb: 429 encountered (Filestream rate limit exceeded, retrying in 2.313409464163798 seconds), retrying request
wandb: 429 encountered (Filestream rate limit exceeded, retrying in 2.476114432097451 seconds), retrying request
wandb: 429 encountered (Filestream rate limit exceeded, retrying in 4.29311950745217 seconds), retrying request
wandb: 429 encountered (Filestream rate limit exceeded, retrying in 2.4698837849831046 seconds), retrying request
wandb: 429 encountered (Filestream rate limit exceeded, retrying in 2.311877019945199 seconds), retrying request
wandb: 429 encountered (Filestream rate limit exceeded, retrying in 4.246995848696721 seconds), retrying request
wandb: 429 encountered (Filestream rate limit exceeded, retrying in 8.977994079254188 seconds), retrying request
wandb: 429 encountered (Filestream rate limit exceeded, retrying in 2.3865272902076495 seconds), retrying request
wandb: 429 encountered (Filestream rate limit exceeded, retrying in 4.95043626805783 seconds), retrying request
wandb: 429 encountered (Filestream rate limit exceeded, retrying in 2.176909752489854 seconds), retrying request
wandb: 429 encountered (Filestream rate limit exceeded, retrying in 4.661332803943314 seconds), retrying request
wandb: 429 encountered (Filestream rate limit exceeded, retrying in 2.1464852594645922 seconds), retrying request
wandb: 429 encountered (Filestream rate limit exceeded, retrying in 4.4361413859980985 seconds), retrying request
wandb: 429 encountered (Filestream rate limit exceeded, retrying in 2.0687003690309163 seconds), retrying request
wandb: 429 encountered (Filestream rate limit exceeded, retrying in 4.183893365226158 seconds), retrying request
wandb: 429 encountered (Filestream rate limit exceeded, retrying in 2.49180989864204 seconds), retrying request
wandb: 429 encountered (Filestream rate limit exceeded, retrying in 2.1526623814679913 seconds), retrying request
wandb: 429 encountered (Filestream rate limit exceeded, retrying in 4.94220966090309 seconds), retrying request
wandb: 429 encountered (Filestream rate limit exceeded, retrying in 2.1392179131491953 seconds), retrying request
wandb: 429 encountered (Filestream rate limit exceeded, retrying in 2.148496341174434 seconds), retrying request
wandb: 429 encountered (Filestream rate limit exceeded, retrying in 4.767736242086713 seconds), retrying request
wandb: 429 encountered (Filestream rate limit exceeded, retrying in 2.240751046574213 seconds), retrying request
wandb: 429 encountered (Filestream rate limit exceeded, retrying in 2.2295678239072814 seconds), retrying request
wandb: 429 encountered (Filestream rate limit exceeded, retrying in 4.764707831520829 seconds), retrying request
wandb: 429 encountered (Filestream rate limit exceeded, retrying in 2.4604959515902616 seconds), retrying request
wandb: 429 encountered (Filestream rate limit exceeded, retrying in 2.2491288910509746 seconds), retrying request
wandb: 429 encountered (Filestream rate limit exceeded, retrying in 2.111591771780287 seconds), retrying request
wandb: 429 encountered (Filestream rate limit exceeded, retrying in 4.225118437872654 seconds), retrying request
wandb: 429 encountered (Filestream rate limit exceeded, retrying in 2.47070804211903 seconds), retrying request
wandb: 429 encountered (Filestream rate limit exceeded, retrying in 4.201631698490964 seconds), retrying request
wandb: 429 encountered (Filestream rate limit exceeded, retrying in 2.0788425637647583 seconds), retrying request
wandb: 429 encountered (Filestream rate limit exceeded, retrying in 16.80648195673018 seconds), retrying request
wandb: 429 encountered (Filestream rate limit exceeded, retrying in 2.0464095191666387 seconds), retrying request
wandb: 429 encountered (Filestream rate limit exceeded, retrying in 4.657723378240634 seconds), retrying request
wandb: 429 encountered (Filestream rate limit exceeded, retrying in 2.260151698039083 seconds), retrying request
wandb: 429 encountered (Filestream rate limit exceeded, retrying in 4.926911369524384 seconds), retrying request
wandb: 429 encountered (Filestream rate limit exceeded, retrying in 2.4486414536218164 seconds), retrying request
wandb: 429 encountered (Filestream rate limit exceeded, retrying in 4.387442646584688 seconds), retrying request
wandb: 429 encountered (Filestream rate limit exceeded, retrying in 2.3074917694483794 seconds), retrying request
wandb: 429 encountered (Filestream rate limit exceeded, retrying in 4.807099983804 seconds), retrying request
wandb: 429 encountered (Filestream rate limit exceeded, retrying in 2.2856061758227746 seconds), retrying request
wandb: 429 encountered (Filestream rate limit exceeded, retrying in 4.334100515387945 seconds), retrying request
wandb: 429 encountered (Filestream rate limit exceeded, retrying in 4.230303944886734 seconds), retrying request
wandb: 429 encountered (Filestream rate limit exceeded, retrying in 2.024028801112209 seconds), retrying request
wandb: 429 encountered (Filestream rate limit exceeded, retrying in 2.151523206537071 seconds), retrying request
wandb: 429 encountered (Filestream rate limit exceeded, retrying in 2.3295020036553473 seconds), retrying request
wandb: 429 encountered (Filestream rate limit exceeded, retrying in 2.4027036281984113 seconds), retrying request
wandb: 429 encountered (Filestream rate limit exceeded, retrying in 4.377421353843977 seconds), retrying request
wandb: 429 encountered (Filestream rate limit exceeded, retrying in 2.3193820586608855 seconds), retrying request
wandb: 429 encountered (Filestream rate limit exceeded, retrying in 4.209816813543997 seconds), retrying request
wandb: 429 encountered (Filestream rate limit exceeded, retrying in 2.0161217356070256 seconds), retrying request
wandb: 429 encountered (Filestream rate limit exceeded, retrying in 2.1806435854195327 seconds), retrying request
wandb: 429 encountered (Filestream rate limit exceeded, retrying in 2.442460824086627 seconds), retrying request
wandb: 429 encountered (Filestream rate limit exceeded, retrying in 4.76875454345287 seconds), retrying request
wandb: 429 encountered (Filestream rate limit exceeded, retrying in 2.314396314740355 seconds), retrying request
wandb: 429 encountered (Filestream rate limit exceeded, retrying in 4.276997372823086 seconds), retrying request
wandb: 429 encountered (Filestream rate limit exceeded, retrying in 2.2071045424335125 seconds), retrying request
wandb: 429 encountered (Filestream rate limit exceeded, retrying in 2.340020899520445 seconds), retrying request
wandb: 429 encountered (Filestream rate limit exceeded, retrying in 2.409128938667951 seconds), retrying request
wandb: 429 encountered (Filestream rate limit exceeded, retrying in 2.2275396729029207 seconds), retrying request
wandb: 429 encountered (Filestream rate limit exceeded, retrying in 2.018068563852564 seconds), retrying request
wandb: 429 encountered (Filestream rate limit exceeded, retrying in 4.000911202553875 seconds), retrying request
wandb: 429 encountered (Filestream rate limit exceeded, retrying in 2.316408051935613 seconds), retrying request
wandb: 429 encountered (Filestream rate limit exceeded, retrying in 2.370342354264265 seconds), retrying request
wandb: 429 encountered (Filestream rate limit exceeded, retrying in 2.4670210081603883 seconds), retrying request
wandb: 429 encountered (Filestream rate limit exceeded, retrying in 4.319437190830957 seconds), retrying request
wandb: 429 encountered (Filestream rate limit exceeded, retrying in 8.896824077796596 seconds), retrying request
wandb: 429 encountered (Filestream rate limit exceeded, retrying in 2.4799880765697075 seconds), retrying request
wandb: 429 encountered (Filestream rate limit exceeded, retrying in 4.271642253763618 seconds), retrying request
wandb: 429 encountered (Filestream rate limit exceeded, retrying in 9.595419277165643 seconds), retrying request
wandb: 429 encountered (Filestream rate limit exceeded, retrying in 2.099445890096432 seconds), retrying request
wandb: 429 encountered (Filestream rate limit exceeded, retrying in 4.855847620596465 seconds), retrying request
wandb: 429 encountered (Filestream rate limit exceeded, retrying in 2.0504206844196187 seconds), retrying request
wandb: 429 encountered (Filestream rate limit exceeded, retrying in 2.059085965765619 seconds), retrying request
wandb: 429 encountered (Filestream rate limit exceeded, retrying in 4.960457035307883 seconds), retrying request
wandb: 429 encountered (Filestream rate limit exceeded, retrying in 2.3636243191082875 seconds), retrying request
wandb: 429 encountered (Filestream rate limit exceeded, retrying in 4.618229610793785 seconds), retrying request
wandb: 429 encountered (Filestream rate limit exceeded, retrying in 2.0150204802175438 seconds), retrying request
wandb: 429 encountered (Filestream rate limit exceeded, retrying in 2.4457538850323592 seconds), retrying request
wandb: 429 encountered (Filestream rate limit exceeded, retrying in 2.0922659684617497 seconds), retrying request
wandb: 429 encountered (Filestream rate limit exceeded, retrying in 2.211061059869517 seconds), retrying request
wandb: 429 encountered (Filestream rate limit exceeded, retrying in 4.1123436690663375 seconds), retrying request
wandb: 429 encountered (Filestream rate limit exceeded, retrying in 2.124379499841348 seconds), retrying request
wandb: 429 encountered (Filestream rate limit exceeded, retrying in 2.2922170525790158 seconds), retrying request
wandb: 429 encountered (Filestream rate limit exceeded, retrying in 4.203897986366029 seconds), retrying request
wandb: 429 encountered (Filestream rate limit exceeded, retrying in 2.488520432765939 seconds), retrying request
wandb: 429 encountered (Filestream rate limit exceeded, retrying in 2.312192462394328 seconds), retrying request
wandb: 429 encountered (Filestream rate limit exceeded, retrying in 2.0669079168395816 seconds), retrying request
wandb: 429 encountered (Filestream rate limit exceeded, retrying in 2.000170739702516 seconds), retrying request
wandb: 429 encountered (Filestream rate limit exceeded, retrying in 4.889320551941023 seconds), retrying request
wandb: 429 encountered (Filestream rate limit exceeded, retrying in 2.294408788321659 seconds), retrying request
wandb: 429 encountered (Filestream rate limit exceeded, retrying in 4.579896682290601 seconds), retrying request
wandb: 429 encountered (Filestream rate limit exceeded, retrying in 2.3817100627234984 seconds), retrying request
wandb: 429 encountered (Filestream rate limit exceeded, retrying in 4.751253281714009 seconds), retrying request
wandb: 429 encountered (Filestream rate limit exceeded, retrying in 2.120207529300529 seconds), retrying request
wandb: 429 encountered (Filestream rate limit exceeded, retrying in 9.3352555723246 seconds), retrying request
wandb: 429 encountered (Filestream rate limit exceeded, retrying in 2.0850242675798993 seconds), retrying request
wandb: 429 encountered (Filestream rate limit exceeded, retrying in 4.702052114244727 seconds), retrying request
wandb: 429 encountered (Filestream rate limit exceeded, retrying in 8.913433056948683 seconds), retrying request
wandb: 429 encountered (Filestream rate limit exceeded, retrying in 19.44911147040022 seconds), retrying request
wandb: 429 encountered (Filestream rate limit exceeded, retrying in 2.2763613184628744 seconds), retrying request
wandb: 429 encountered (Filestream rate limit exceeded, retrying in 4.425189087079276 seconds), retrying request
wandb: 429 encountered (Filestream rate limit exceeded, retrying in 2.490527291639597 seconds), retrying request
wandb: 429 encountered (Filestream rate limit exceeded, retrying in 2.0371925414623906 seconds), retrying request
wandb: 429 encountered (Filestream rate limit exceeded, retrying in 2.064097284399778 seconds), retrying request
wandb: 429 encountered (Filestream rate limit exceeded, retrying in 4.074982646796197 seconds), retrying request
wandb: 429 encountered (Filestream rate limit exceeded, retrying in 2.176250701105412 seconds), retrying request
wandb: 429 encountered (Filestream rate limit exceeded, retrying in 4.454249384174556 seconds), retrying request
wandb: 429 encountered (Filestream rate limit exceeded, retrying in 2.0218896589451023 seconds), retrying request
wandb: 429 encountered (Filestream rate limit exceeded, retrying in 4.402914402507727 seconds), retrying request
wandb: 429 encountered (Filestream rate limit exceeded, retrying in 8.59490865621294 seconds), retrying request
wandb: 429 encountered (Filestream rate limit exceeded, retrying in 2.1156670697005486 seconds), retrying request
wandb: 429 encountered (Filestream rate limit exceeded, retrying in 2.3784850725488895 seconds), retrying request
wandb: 429 encountered (Filestream rate limit exceeded, retrying in 4.818954504244676 seconds), retrying request
wandb: 429 encountered (Filestream rate limit exceeded, retrying in 2.3230943218838997 seconds), retrying request
wandb: 429 encountered (Filestream rate limit exceeded, retrying in 4.268133408567368 seconds), retrying request
wandb: 429 encountered (Filestream rate limit exceeded, retrying in 2.3815877859835166 seconds), retrying request
wandb: 429 encountered (Filestream rate limit exceeded, retrying in 2.337456371858486 seconds), retrying request
wandb: 429 encountered (Filestream rate limit exceeded, retrying in 2.169562118976933 seconds), retrying request
wandb: 429 encountered (Filestream rate limit exceeded, retrying in 4.671745459962796 seconds), retrying request
wandb: 429 encountered (Filestream rate limit exceeded, retrying in 2.223206026073721 seconds), retrying request
wandb: 429 encountered (Filestream rate limit exceeded, retrying in 4.023314882742394 seconds), retrying request
wandb: 429 encountered (Filestream rate limit exceeded, retrying in 2.344745254276019 seconds), retrying request
wandb: 429 encountered (Filestream rate limit exceeded, retrying in 2.263991514354809 seconds), retrying request
wandb: 429 encountered (Filestream rate limit exceeded, retrying in 2.069240523701764 seconds), retrying request
wandb: 429 encountered (Filestream rate limit exceeded, retrying in 4.330226038558586 seconds), retrying request
wandb: 429 encountered (Filestream rate limit exceeded, retrying in 2.3225411518033026 seconds), retrying request
wandb: 429 encountered (Filestream rate limit exceeded, retrying in 4.678577152483216 seconds), retrying request
wandb: 429 encountered (Filestream rate limit exceeded, retrying in 8.075247543309759 seconds), retrying request
wandb: 429 encountered (Filestream rate limit exceeded, retrying in 2.4236658563463593 seconds), retrying request
wandb: 429 encountered (Filestream rate limit exceeded, retrying in 4.820380612250819 seconds), retrying request
wandb: 429 encountered (Filestream rate limit exceeded, retrying in 2.3712856978675365 seconds), retrying request
wandb: 429 encountered (Filestream rate limit exceeded, retrying in 2.4942441791602414 seconds), retrying request
wandb: 429 encountered (Filestream rate limit exceeded, retrying in 4.262873631300894 seconds), retrying request

second_0:                 episode reward: -0.8500,                 loss: 2.7526
Episode: 681/10000 (6.8100%),                 avg. length: 299.0,                last time consumption/overall running time: 360.53s / 11047.70 s
first_0:                 episode reward: 0.4500,                 loss: 2.7471
second_0:                 episode reward: -0.4500,                 loss: 2.7491
Episode: 701/10000 (7.0100%),                 avg. length: 299.0,                last time consumption/overall running time: 359.39s / 11407.09 s
first_0:                 episode reward: -0.3000,                 loss: 2.7364
second_0:                 episode reward: 0.3000,                 loss: 2.7442
Episode: 721/10000 (7.2100%),                 avg. length: 299.0,                last time consumption/overall running time: 361.40s / 11768.48 s
first_0:                 episode reward: -0.5500,                 loss: 2.7285
second_0:                 episode reward: 0.5500,                 loss: 2.7370
Episode: 741/10000 (7.4100%),                 avg. length: 299.0,                last time consumption/overall running time: 358.20s / 12126.68 s
first_0:                 episode reward: -0.3500,                 loss: 2.7165
second_0:                 episode reward: 0.3500,                 loss: 2.7258
Episode: 761/10000 (7.6100%),                 avg. length: 299.0,                last time consumption/overall running time: 363.61s / 12490.29 s
first_0:                 episode reward: -1.2000,                 loss: 2.7012
second_0:                 episode reward: 1.2000,                 loss: 2.7139
Episode: 781/10000 (7.8100%),                 avg. length: 299.0,                last time consumption/overall running time: 361.92s / 12852.21 s
first_0:                 episode reward: -1.1500,                 loss: 2.6841
second_0:                 episode reward: 1.1500,                 loss: 2.7051
Episode: 801/10000 (8.0100%),                 avg. length: 299.0,                last time consumption/overall running time: 363.21s / 13215.42 s
first_0:                 episode reward: -1.7000,                 loss: 2.6732
second_0:                 episode reward: 1.7000,                 loss: 2.6979
Episode: 821/10000 (8.2100%),                 avg. length: 299.0,                last time consumption/overall running time: 357.14s / 13572.57 s
first_0:                 episode reward: -1.4500,                 loss: 2.6601
second_0:                 episode reward: 1.4500,                 loss: 2.6948
Episode: 841/10000 (8.4100%),                 avg. length: 299.0,                last time consumption/overall running time: 357.62s / 13930.18 s
first_0:                 episode reward: 0.0500,                 loss: 2.6468
second_0:                 episode reward: -0.0500,                 loss: 2.6900
Episode: 861/10000 (8.6100%),                 avg. length: 299.0,                last time consumption/overall running time: 360.71s / 14290.89 s
first_0:                 episode reward: 0.1500,                 loss: 2.6348
second_0:                 episode reward: -0.1500,                 loss: 2.6832
Episode: 881/10000 (8.8100%),                 avg. length: 299.0,                last time consumption/overall running time: 360.37s / 14651.26 s
first_0:                 episode reward: 1.1000,                 loss: 2.6240
second_0:                 episode reward: -1.1000,                 loss: 2.6760
Episode: 901/10000 (9.0100%),                 avg. length: 299.0,                last time consumption/overall running time: 356.83s / 15008.08 s
first_0:                 episode reward: 1.8500,                 loss: 2.6100
second_0:                 episode reward: -1.8500,                 loss: 2.6661
Episode: 921/10000 (9.2100%),                 avg. length: 299.0,                last time consumption/overall running time: 362.19s / 15370.27 s
first_0:                 episode reward: 1.1500,                 loss: 2.6026
second_0:                 episode reward: -1.1500,                 loss: 2.6599
Episode: 941/10000 (9.4100%),                 avg. length: 299.0,                last time consumption/overall running time: 362.11s / 15732.39 s
first_0:                 episode reward: 1.6000,                 loss: 2.5865
second_0:                 episode reward: -1.6000,                 loss: 2.6538
Episode: 961/10000 (9.6100%),                 avg. length: 299.0,                last time consumption/overall running time: 364.08s / 16096.47 s
first_0:                 episode reward: 2.0000,                 loss: 2.5691
second_0:                 episode reward: -2.0000,                 loss: 2.6469
Episode: 981/10000 (9.8100%),                 avg. length: 299.0,                last time consumption/overall running time: 362.10s / 16458.56 s
first_0:                 episode reward: 1.4500,                 loss: 2.5541
second_0:                 episode reward: -1.4500,                 loss: 2.6406
Episode: 1001/10000 (10.0100%),                 avg. length: 299.0,                last time consumption/overall running time: 362.36s / 16820.92 s
first_0:                 episode reward: 2.6500,                 loss: 2.5436
second_0:                 episode reward: -2.6500,                 loss: 2.6333
Episode: 1021/10000 (10.2100%),                 avg. length: 299.0,                last time consumption/overall running time: 365.56s / 17186.48 s
first_0:                 episode reward: 1.9500,                 loss: 2.5344
second_0:                 episode reward: -1.9500,                 loss: 2.6255
Episode: 1041/10000 (10.4100%),                 avg. length: 299.0,                last time consumption/overall running time: 361.95s / 17548.43 s
first_0:                 episode reward: 2.8000,                 loss: 2.5250
second_0:                 episode reward: -2.8000,                 loss: 2.6183
Episode: 1061/10000 (10.6100%),                 avg. length: 299.0,                last time consumption/overall running time: 363.35s / 17911.78 s
first_0:                 episode reward: 0.3500,                 loss: 2.5227
second_0:                 episode reward: -0.3500,                 loss: 2.6106
Episode: 1081/10000 (10.8100%),                 avg. length: 299.0,                last time consumption/overall running time: 364.59s / 18276.36 s
first_0:                 episode reward: 1.4000,                 loss: 2.5156
second_0:                 episode reward: -1.4000,                 loss: 2.6048
Episode: 1101/10000 (11.0100%),                 avg. length: 299.0,                last time consumption/overall running time: 360.73s / 18637.09 s
first_0:                 episode reward: 1.2500,                 loss: 2.5066
second_0:                 episode reward: -1.2500,                 loss: 2.5990
Episode: 1121/10000 (11.2100%),                 avg. length: 299.0,                last time consumption/overall running time: 365.70s / 19002.80 s
first_0:                 episode reward: 0.2500,                 loss: 2.5032
second_0:                 episode reward: -0.2500,                 loss: 2.5912
Episode: 1141/10000 (11.4100%),                 avg. length: 299.0,                last time consumption/overall running time: 361.70s / 19364.50 s
first_0:                 episode reward: -0.6000,                 loss: 2.5024
second_0:                 episode reward: 0.6000,                 loss: 2.5857
Episode: 1161/10000 (11.6100%),                 avg. length: 299.0,                last time consumption/overall running time: 363.11s / 19727.61 s
first_0:                 episode reward: 0.5500,                 loss: 2.4950
second_0:                 episode reward: -0.5500,                 loss: 2.5790
Episode: 1181/10000 (11.8100%),                 avg. length: 299.0,                last time consumption/overall running time: 361.28s / 20088.90 s
first_0:                 episode reward: -1.0500,                 loss: 2.4934
second_0:                 episode reward: 1.0500,                 loss: 2.5704
Episode: 1201/10000 (12.0100%),                 avg. length: 299.0,                last time consumption/overall running time: 358.42s / 20447.31 s
first_0:                 episode reward: -0.6000,                 loss: 2.4857wandb: 429 encountered (Filestream rate limit exceeded, retrying in 2.2871015050373664 seconds), retrying request
wandb: 429 encountered (Filestream rate limit exceeded, retrying in 4.152641342361996 seconds), retrying request
wandb: 429 encountered (Filestream rate limit exceeded, retrying in 9.988353034635098 seconds), retrying request
wandb: 429 encountered (Filestream rate limit exceeded, retrying in 17.104089454741487 seconds), retrying request
wandb: 429 encountered (Filestream rate limit exceeded, retrying in 38.5472692800633 seconds), retrying request
wandb: 429 encountered (Filestream rate limit exceeded, retrying in 2.1921522457806613 seconds), retrying request
wandb: 429 encountered (Filestream rate limit exceeded, retrying in 4.485637706121137 seconds), retrying request
wandb: 429 encountered (Filestream rate limit exceeded, retrying in 2.281795489947585 seconds), retrying request
wandb: 429 encountered (Filestream rate limit exceeded, retrying in 2.019294987177134 seconds), retrying request
wandb: 429 encountered (Filestream rate limit exceeded, retrying in 4.717652812885636 seconds), retrying request
wandb: 429 encountered (Filestream rate limit exceeded, retrying in 2.052545078741009 seconds), retrying request
wandb: 429 encountered (Filestream rate limit exceeded, retrying in 4.098746488667618 seconds), retrying request
wandb: 429 encountered (Filestream rate limit exceeded, retrying in 9.006428100150996 seconds), retrying request
wandb: 429 encountered (Filestream rate limit exceeded, retrying in 2.3957738358426734 seconds), retrying request
wandb: 429 encountered (Filestream rate limit exceeded, retrying in 4.407426616418542 seconds), retrying request
wandb: 429 encountered (Filestream rate limit exceeded, retrying in 2.367638818948358 seconds), retrying request
wandb: 429 encountered (Filestream rate limit exceeded, retrying in 2.388905706104936 seconds), retrying request
wandb: 429 encountered (Filestream rate limit exceeded, retrying in 4.70949084632629 seconds), retrying request
wandb: 429 encountered (Filestream rate limit exceeded, retrying in 9.932593583182065 seconds), retrying request
wandb: 429 encountered (Filestream rate limit exceeded, retrying in 18.66868197416847 seconds), retrying request
wandb: 429 encountered (Filestream rate limit exceeded, retrying in 35.28678096077405 seconds), retrying request
wandb: 429 encountered (Filestream rate limit exceeded, retrying in 2.0079886389058728 seconds), retrying request
wandb: 429 encountered (Filestream rate limit exceeded, retrying in 4.903361735312726 seconds), retrying request
wandb: 429 encountered (Filestream rate limit exceeded, retrying in 2.3389929979146205 seconds), retrying request
wandb: 429 encountered (Filestream rate limit exceeded, retrying in 4.9536860311484325 seconds), retrying request
wandb: 429 encountered (Filestream rate limit exceeded, retrying in 2.2817963776989263 seconds), retrying request
wandb: 429 encountered (Filestream rate limit exceeded, retrying in 4.683513262910775 seconds), retrying request
wandb: 429 encountered (Filestream rate limit exceeded, retrying in 4.976707418247534 seconds), retrying request
wandb: 429 encountered (Filestream rate limit exceeded, retrying in 2.1187162778966324 seconds), retrying request
wandb: 429 encountered (Filestream rate limit exceeded, retrying in 4.205826077642829 seconds), retrying request
wandb: 429 encountered (Filestream rate limit exceeded, retrying in 2.3173388756087876 seconds), retrying request
wandb: 429 encountered (Filestream rate limit exceeded, retrying in 4.821108397090172 seconds), retrying request
wandb: 429 encountered (Filestream rate limit exceeded, retrying in 2.4699061120958223 seconds), retrying request
wandb: 429 encountered (Filestream rate limit exceeded, retrying in 4.023450347541813 seconds), retrying request
wandb: 429 encountered (Filestream rate limit exceeded, retrying in 2.4455973228279353 seconds), retrying request
wandb: 429 encountered (Filestream rate limit exceeded, retrying in 4.702496751766969 seconds), retrying request
wandb: 429 encountered (Filestream rate limit exceeded, retrying in 2.0207221305480294 seconds), retrying request
wandb: 429 encountered (Filestream rate limit exceeded, retrying in 4.88634370508538 seconds), retrying request
wandb: 429 encountered (Filestream rate limit exceeded, retrying in 2.1172561320217724 seconds), retrying request
wandb: 429 encountered (Filestream rate limit exceeded, retrying in 4.077807654482744 seconds), retrying request
wandb: 429 encountered (Filestream rate limit exceeded, retrying in 2.459681566932967 seconds), retrying request
wandb: 429 encountered (Filestream rate limit exceeded, retrying in 4.745212599571927 seconds), retrying request
wandb: 429 encountered (Filestream rate limit exceeded, retrying in 9.330139729975956 seconds), retrying request
wandb: 429 encountered (Filestream rate limit exceeded, retrying in 2.2098842398400405 seconds), retrying request
wandb: 429 encountered (Filestream rate limit exceeded, retrying in 2.1834800692921803 seconds), retrying request
wandb: 429 encountered (Filestream rate limit exceeded, retrying in 2.3631297436462377 seconds), retrying request
wandb: 429 encountered (Filestream rate limit exceeded, retrying in 4.811962804951634 seconds), retrying request
wandb: 429 encountered (Filestream rate limit exceeded, retrying in 2.4727459850662328 seconds), retrying request
wandb: 429 encountered (Filestream rate limit exceeded, retrying in 4.953766499440977 seconds), retrying request
wandb: 429 encountered (Filestream rate limit exceeded, retrying in 2.4306095162909633 seconds), retrying request
wandb: 429 encountered (Filestream rate limit exceeded, retrying in 4.864961698229379 seconds), retrying request
wandb: 429 encountered (Filestream rate limit exceeded, retrying in 2.3771830025274516 seconds), retrying request
wandb: 429 encountered (Filestream rate limit exceeded, retrying in 4.179351009971503 seconds), retrying request
wandb: 429 encountered (Filestream rate limit exceeded, retrying in 2.157619869871952 seconds), retrying request
wandb: 429 encountered (Filestream rate limit exceeded, retrying in 4.957259452864967 seconds), retrying request
wandb: 429 encountered (Filestream rate limit exceeded, retrying in 2.3941866758532218 seconds), retrying request
wandb: 429 encountered (Filestream rate limit exceeded, retrying in 4.585838918408589 seconds), retrying request
wandb: 429 encountered (Filestream rate limit exceeded, retrying in 2.370301003055647 seconds), retrying request
wandb: 429 encountered (Filestream rate limit exceeded, retrying in 4.740688563639049 seconds), retrying request
wandb: 429 encountered (Filestream rate limit exceeded, retrying in 2.397096098832474 seconds), retrying request
wandb: 429 encountered (Filestream rate limit exceeded, retrying in 2.001667474316874 seconds), retrying request
wandb: 429 encountered (Filestream rate limit exceeded, retrying in 2.0530825101143795 seconds), retrying request
wandb: 429 encountered (Filestream rate limit exceeded, retrying in 2.168093501744042 seconds), retrying request
wandb: 429 encountered (Filestream rate limit exceeded, retrying in 4.527585427496048 seconds), retrying request
wandb: 429 encountered (Filestream rate limit exceeded, retrying in 2.281408228600874 seconds), retrying request
wandb: 429 encountered (Filestream rate limit exceeded, retrying in 2.4232000523075574 seconds), retrying request
wandb: 429 encountered (Filestream rate limit exceeded, retrying in 2.0367421844478764 seconds), retrying request
wandb: 429 encountered (Filestream rate limit exceeded, retrying in 4.161703846725137 seconds), retrying request
wandb: 429 encountered (Filestream rate limit exceeded, retrying in 8.038118794366838 seconds), retrying request
wandb: 429 encountered (Filestream rate limit exceeded, retrying in 2.4068232400297225 seconds), retrying request
wandb: 429 encountered (Filestream rate limit exceeded, retrying in 4.197190632611769 seconds), retrying request
wandb: 429 encountered (Filestream rate limit exceeded, retrying in 2.1740176557308613 seconds), retrying request
wandb: 429 encountered (Filestream rate limit exceeded, retrying in 4.6938115046988385 seconds), retrying request
wandb: 429 encountered (Filestream rate limit exceeded, retrying in 2.148747462559001 seconds), retrying request
wandb: 429 encountered (Filestream rate limit exceeded, retrying in 4.910069150350667 seconds), retrying request
wandb: 429 encountered (Filestream rate limit exceeded, retrying in 8.854449783481382 seconds), retrying request
wandb: 429 encountered (Filestream rate limit exceeded, retrying in 2.3350489331995226 seconds), retrying request
wandb: 429 encountered (Filestream rate limit exceeded, retrying in 2.268370458035577 seconds), retrying request
wandb: 429 encountered (Filestream rate limit exceeded, retrying in 2.3602749494430695 seconds), retrying request
Exception in thread Thread-5:
Traceback (most recent call last):
  File "/home/zihan/anaconda3/envs/x/lib/python3.7/threading.py", line 917, in _bootstrap_inner
    self.run()
  File "/home/zihan/anaconda3/envs/x/lib/python3.7/site-packages/tensorboard/summary/writer/event_file_writer.py", line 211, in run
    self._record_writer.write(data)
  File "/home/zihan/anaconda3/envs/x/lib/python3.7/site-packages/tensorboard/summary/writer/record_writer.py", line 39, in write
    self._writer.write(header + header_crc + data + footer_crc)
  File "/home/zihan/anaconda3/envs/x/lib/python3.7/site-packages/tensorflow/python/lib/io/file_io.py", line 108, in write
    compat.as_bytes(file_content), self._writable_file)
tensorflow.python.framework.errors_impl.ResourceExhaustedError: data/tensorboard/202209200232/pettingzoo_tennis_v3_nfsp/events.out.tfevents.1663641599.princeton-rbtg.3808636.0; No space left on device

wandb: 429 encountered (Filestream rate limit exceeded, retrying in 2.4147549770722168 seconds), retrying request
/home/zihan/anaconda3/envs/x/lib/python3.7/site-packages/tensorflow/python/framework/dtypes.py:516: FutureWarning: Passing (type, 1) or '1type' as a synonym of type is deprecated; in a future version of numpy, it will be understood as (type, (1,)) / '(1,)type'.
  _np_qint8 = np.dtype([("qint8", np.int8, 1)])
/home/zihan/anaconda3/envs/x/lib/python3.7/site-packages/tensorflow/python/framework/dtypes.py:517: FutureWarning: Passing (type, 1) or '1type' as a synonym of type is deprecated; in a future version of numpy, it will be understood as (type, (1,)) / '(1,)type'.
  _np_quint8 = np.dtype([("quint8", np.uint8, 1)])
/home/zihan/anaconda3/envs/x/lib/python3.7/site-packages/tensorflow/python/framework/dtypes.py:518: FutureWarning: Passing (type, 1) or '1type' as a synonym of type is deprecated; in a future version of numpy, it will be understood as (type, (1,)) / '(1,)type'.
  _np_qint16 = np.dtype([("qint16", np.int16, 1)])
/home/zihan/anaconda3/envs/x/lib/python3.7/site-packages/tensorflow/python/framework/dtypes.py:519: FutureWarning: Passing (type, 1) or '1type' as a synonym of type is deprecated; in a future version of numpy, it will be understood as (type, (1,)) / '(1,)type'.
  _np_quint16 = np.dtype([("quint16", np.uint16, 1)])
/home/zihan/anaconda3/envs/x/lib/python3.7/site