pygame 2.0.1 (SDL 2.0.14, Python 3.7.0)
Hello from the pygame community. https://www.pygame.org/contribute.html
tennis_v2 pettingzoo
/home/zihan/anaconda3/envs/x/lib/python3.7/site-packages/ecos/ecos.py:26: UserWarning: Converting G to a CSC matrix; may take a while.
  warn("Converting G to a CSC matrix; may take a while.")
/home/zihan/anaconda3/envs/x/lib/python3.7/site-packages/ecos/ecos.py:29: UserWarning: Converting A to a CSC matrix; may take a while.
  warn("Converting A to a CSC matrix; may take a while.")
random seed: [91, 69]
<SubprocVectorEnv instance>
ParallelDQN(
  (net): MLP(
    (body): Sequential(
      (0): Linear(in_features=128, out_features=128, bias=True)
      (1): ReLU()
      (2): Linear(in_features=128, out_features=128, bias=True)
      (3): ReLU()
      (4): Linear(in_features=128, out_features=128, bias=True)
      (5): ReLU()
      (6): Linear(in_features=128, out_features=128, bias=True)
      (7): ReLU()
      (8): Linear(in_features=128, out_features=18, bias=True)
    )
  )
)
ParallelDQN(
  (net): MLP(
    (body): Sequential(
      (0): Linear(in_features=128, out_features=128, bias=True)
      (1): ReLU()
      (2): Linear(in_features=128, out_features=128, bias=True)
      (3): ReLU()
      (4): Linear(in_features=128, out_features=128, bias=True)
      (5): ReLU()
      (6): Linear(in_features=128, out_features=128, bias=True)
      (7): ReLU()
      (8): Linear(in_features=128, out_features=18, bias=True)
    )
  )
)
Agents No. [1] (index starting from 0) are not learnable.
Arguments:  {'env_name': 'tennis_v2', 'env_type': 'pettingzoo', 'num_envs': 2, 'ram': True, 'seed': 'random', 'algorithm': 'DQN', 'algorithm_spec': {'episodic_update': False, 'dueling': False, 'replay_buffer_size': '1e5', 'gamma': 0.99, 'multi_step': 1, 'target_update_interval': 1000, 'eps_start': 1.0, 'eps_final': 0.01, 'eps_decay': 30000}, 'batch_size': 128, 'max_episodes': 10000, 'max_steps_per_episode': 10000, 'train_start_frame': 0, 'optimizer': 'adam', 'learning_rate': '1e-4', 'device': 'gpu', 'update_itr': 1, 'log_avg_window': 20, 'log_interval': 20, 'render': False, 'test': False, 'exploit': False, 'load_model_idx': False, 'load_model_full_path': False, 'multiprocess': False, 'eval_models': False, 'save_path': '', 'save_interval': 2000, 'net_architecture': {'hidden_dim_list': [128, 128, 128, 128], 'hidden_activation': 'ReLU', 'output_activation': False}, 'marl_method': 'fictitious_selfplay2', 'marl_spec': {'min_update_interval': 20, 'score_avg_window': 10, 'global_state': False, 'selfplay_score_delta': 50, 'trainable_agent_idx': 0, 'opponent_idx': 1}}
Save models to : /home/zihan/research/MARS/data/model/20220119_0524/pettingzoo_tennis_v2_fictitious_selfplay2. 
 Save logs to: /home/zihan/research/MARS/data/log/20220119_0524/pettingzoo_tennis_v2_fictitious_selfplay2.
Episode: 1/10000 (0.0100%),                 avg. length: 9999.0,                last time consumption/overall running time: 147.6635s / 147.6635 s
env0_first_0:                 episode reward: 219.0000,                 loss: 0.0102
env0_second_0:                 episode reward: -219.0000,                 loss: nan
env1_first_0:                 episode reward: 219.0000,                 loss: nan
env1_second_0:                 episode reward: -219.0000,                 loss: nan
Episode: 21/10000 (0.2100%),                 avg. length: 9999.0,                last time consumption/overall running time: 4440.0646s / 4587.7281 s
env0_first_0:                 episode reward: 217.1000,                 loss: 0.0099
env0_second_0:                 episode reward: -217.1000,                 loss: nan
env1_first_0:                 episode reward: 216.8500,                 loss: nan
env1_second_0:                 episode reward: -216.8500,                 loss: nan
Score delta: 434.6, save the model to .//data/model/20220119_0524/pettingzoo_tennis_v2_fictitious_selfplay2/21_0.
Episode: 41/10000 (0.4100%),                 avg. length: 2361.8,                last time consumption/overall running time: 1052.2202s / 5639.9483 s
env0_first_0:                 episode reward: -10.6000,                 loss: nan
env0_second_0:                 episode reward: 10.6000,                 loss: 0.0061
env1_first_0:                 episode reward: -10.2500,                 loss: nan
env1_second_0:                 episode reward: 10.2500,                 loss: nan
Episode: 61/10000 (0.6100%),                 avg. length: 1669.8,                last time consumption/overall running time: 750.7135s / 6390.6617 s
env0_first_0:                 episode reward: -20.6500,                 loss: nan
env0_second_0:                 episode reward: 20.6500,                 loss: 0.0054
env1_first_0:                 episode reward: -21.0500,                 loss: nan
env1_second_0:                 episode reward: 21.0500,                 loss: nan
Episode: 81/10000 (0.8100%),                 avg. length: 1599.65,                last time consumption/overall running time: 720.3210s / 7110.9827 s
env0_first_0:                 episode reward: -23.6500,                 loss: 0.0106
env0_second_0:                 episode reward: 23.6500,                 loss: 0.0044
env1_first_0:                 episode reward: -24.1500,                 loss: nan
env1_second_0:                 episode reward: 24.1500,                 loss: nan
Score delta: 50.4, save the model to .//data/model/20220119_0524/pettingzoo_tennis_v2_fictitious_selfplay2/69_1.
Episode: 101/10000 (1.0100%),                 avg. length: 1648.95,                last time consumption/overall running time: 743.0741s / 7854.0568 s
env0_first_0:                 episode reward: -24.0000,                 loss: 0.0075
env0_second_0:                 episode reward: 24.0000,                 loss: nan
env1_first_0:                 episode reward: -24.5500,                 loss: nan
env1_second_0:                 episode reward: 24.5500,                 loss: nan
Episode: 121/10000 (1.2100%),                 avg. length: 1893.4,                last time consumption/overall running time: 853.1307s / 8707.1875 s
env0_first_0:                 episode reward: -20.0000,                 loss: 0.0052
env0_second_0:                 episode reward: 20.0000,                 loss: nan
env1_first_0:                 episode reward: -20.1000,                 loss: nan
env1_second_0:                 episode reward: 20.1000,                 loss: nan
Episode: 141/10000 (1.4100%),                 avg. length: 3397.5,                last time consumption/overall running time: 1528.2708s / 10235.4583 s
env0_first_0:                 episode reward: -6.4500,                 loss: 0.0056
env0_second_0:                 episode reward: 6.4500,                 loss: nan
env1_first_0:                 episode reward: -3.0500,                 loss: nan
env1_second_0:                 episode reward: 3.0500,                 loss: nan
Episode: 161/10000 (1.6100%),                 avg. length: 3289.2,                last time consumption/overall running time: 1479.0449s / 11714.5031 s
env0_first_0:                 episode reward: -12.2500,                 loss: 0.0056
env0_second_0:                 episode reward: 12.2500,                 loss: nan
env1_first_0:                 episode reward: -6.2000,                 loss: nan
env1_second_0:                 episode reward: 6.2000,                 loss: nan
Episode: 181/10000 (1.8100%),                 avg. length: 2092.2,                last time consumption/overall running time: 941.1797s / 12655.6828 s
env0_first_0:                 episode reward: 19.0500,                 loss: 0.0044
env0_second_0:                 episode reward: -19.0500,                 loss: nan
env1_first_0:                 episode reward: 17.9000,                 loss: nan
env1_second_0:                 episode reward: -17.9000,                 loss: nan
Episode: 201/10000 (2.0100%),                 avg. length: 1842.45,                last time consumption/overall running time: 830.5495s / 13486.2323 s
env0_first_0:                 episode reward: 19.9000,                 loss: 0.0021
env0_second_0:                 episode reward: -19.9000,                 loss: nan
env1_first_0:                 episode reward: 20.9000,                 loss: nan
env1_second_0:                 episode reward: -20.9000,                 loss: nan
Episode: 221/10000 (2.2100%),                 avg. length: 1725.9,                last time consumption/overall running time: 777.8665s / 14264.0988 s
env0_first_0:                 episode reward: 22.2500,                 loss: 0.0016
env0_second_0:                 episode reward: -22.2500,                 loss: nan
env1_first_0:                 episode reward: 21.2500,                 loss: nan
env1_second_0:                 episode reward: -21.2500,                 loss: nan
Episode: 241/10000 (2.4100%),                 avg. length: 1828.35,                last time consumption/overall running time: 824.0980s / 15088.1968 s
env0_first_0:                 episode reward: 21.0500,                 loss: 0.0013
env0_second_0:                 episode reward: -21.0500,                 loss: nan
env1_first_0:                 episode reward: 20.9000,                 loss: nan
env1_second_0:                 episode reward: -20.9000,                 loss: nan
Episode: 261/10000 (2.6100%),                 avg. length: 1837.25,                last time consumption/overall running time: 826.9112s / 15915.1080 s
env0_first_0:                 episode reward: 19.8000,                 loss: 0.0016
env0_second_0:                 episode reward: -19.8000,                 loss: nan
env1_first_0:                 episode reward: 21.3000,                 loss: nan
env1_second_0:                 episode reward: -21.3000,                 loss: nan
Episode: 281/10000 (2.8100%),                 avg. length: 1752.65,                last time consumption/overall running time: 788.4520s / 16703.5599 s
env0_first_0:                 episode reward: 21.1500,                 loss: 0.0017
env0_second_0:                 episode reward: -21.1500,                 loss: nan
env1_first_0:                 episode reward: 21.4500,                 loss: nan
env1_second_0:                 episode reward: -21.4500,                 loss: nan
Episode: 301/10000 (3.0100%),                 avg. length: 1771.05,                last time consumption/overall running time: 796.6784s / 17500.2383 s
env0_first_0:                 episode reward: 21.7000,                 loss: 0.0014
env0_second_0:                 episode reward: -21.7000,                 loss: nan
env1_first_0:                 episode reward: 20.1500,                 loss: nan
env1_second_0:                 episode reward: -20.1500,                 loss: nan
Episode: 321/10000 (3.2100%),                 avg. length: 1727.35,                last time consumption/overall running time: 777.9065s / 18278.1448 s
env0_first_0:                 episode reward: 19.0500,                 loss: 0.0015
env0_second_0:                 episode reward: -19.0500,                 loss: nan
env1_first_0:                 episode reward: 21.4000,                 loss: nan
env1_second_0:                 episode reward: -21.4000,                 loss: nan
Episode: 341/10000 (3.4100%),                 avg. length: 1748.1,                last time consumption/overall running time: 786.4418s / 19064.5867 s
env0_first_0:                 episode reward: 20.6500,                 loss: 0.0016
env0_second_0:                 episode reward: -20.6500,                 loss: nan
env1_first_0:                 episode reward: 20.9500,                 loss: nan
env1_second_0:                 episode reward: -20.9500,                 loss: nan
Episode: 361/10000 (3.6100%),                 avg. length: 1678.15,                last time consumption/overall running time: 755.1986s / 19819.7853 s
env0_first_0:                 episode reward: 21.3000,                 loss: 0.0015
env0_second_0:                 episode reward: -21.3000,                 loss: nan
env1_first_0:                 episode reward: 22.2000,                 loss: nan
env1_second_0:                 episode reward: -22.2000,                 loss: nan
Episode: 381/10000 (3.8100%),                 avg. length: 1629.1,                last time consumption/overall running time: 733.8841s / 20553.6694 s
env0_first_0:                 episode reward: 21.6500,                 loss: 0.0015
env0_second_0:                 episode reward: -21.6500,                 loss: nan
env1_first_0:                 episode reward: 21.7000,                 loss: nan
env1_second_0:                 episode reward: -21.7000,                 loss: nan
Episode: 401/10000 (4.0100%),                 avg. length: 1569.0,                last time consumption/overall running time: 706.7225s / 21260.3919 s
env0_first_0:                 episode reward: 22.5500,                 loss: 0.0016
env0_second_0:                 episode reward: -22.5500,                 loss: nan
env1_first_0:                 episode reward: 21.9500,                 loss: nan
env1_second_0:                 episode reward: -21.9500,                 loss: nan
Episode: 421/10000 (4.2100%),                 avg. length: 1533.0,                last time consumption/overall running time: 689.9932s / 21950.3852 s
env0_first_0:                 episode reward: 24.0000,                 loss: 0.0015
env0_second_0:                 episode reward: -24.0000,                 loss: nan
env1_first_0:                 episode reward: 24.5000,                 loss: nan
env1_second_0:                 episode reward: -24.5000,                 loss: nan
Episode: 441/10000 (4.4100%),                 avg. length: 2010.35,                last time consumption/overall running time: 905.3728s / 22855.7579 s
env0_first_0:                 episode reward: 3.7000,                 loss: 0.0017
env0_second_0:                 episode reward: -3.7000,                 loss: 0.0045
env1_first_0:                 episode reward: -0.8500,                 loss: nan
env1_second_0:                 episode reward: 0.8500,                 loss: nan
Score delta: 51.2, save the model to .//data/model/20220119_0524/pettingzoo_tennis_v2_fictitious_selfplay2/430_0.
Episode: 461/10000 (4.6100%),                 avg. length: 3422.95,                last time consumption/overall running time: 1542.8333s / 24398.5912 s
env0_first_0:                 episode reward: -15.0500,                 loss: nan
env0_second_0:                 episode reward: 15.0500,                 loss: 0.0048
env1_first_0:                 episode reward: -10.7500,                 loss: nan
env1_second_0:                 episode reward: 10.7500,                 loss: nan
Episode: 481/10000 (4.8100%),                 avg. length: 1788.75,                last time consumption/overall running time: 805.2267s / 25203.8179 s
env0_first_0:                 episode reward: -25.6500,                 loss: 0.0104
env0_second_0:                 episode reward: 25.6500,                 loss: 0.0053
env1_first_0:                 episode reward: -25.1000,                 loss: nan
env1_second_0:                 episode reward: 25.1000,                 loss: nan
Score delta: 50.2, save the model to .//data/model/20220119_0524/pettingzoo_tennis_v2_fictitious_selfplay2/473_1.
Episode: 501/10000 (5.0100%),                 avg. length: 1733.4,                last time consumption/overall running time: 781.8222s / 25985.6401 s
env0_first_0:                 episode reward: -24.8000,                 loss: 0.0079
env0_second_0:                 episode reward: 24.8000,                 loss: nan
env1_first_0:                 episode reward: -22.8000,                 loss: nan
env1_second_0:                 episode reward: 22.8000,                 loss: nan
Episode: 521/10000 (5.2100%),                 avg. length: 2593.45,                last time consumption/overall running time: 1178.7176s / 27164.3578 s
env0_first_0:                 episode reward: -26.0500,                 loss: 0.0064
env0_second_0:                 episode reward: 26.0500,                 loss: nan
env1_first_0:                 episode reward: -25.4000,                 loss: nan
env1_second_0:                 episode reward: 25.4000,                 loss: nan
Episode: 541/10000 (5.4100%),                 avg. length: 3868.0,                last time consumption/overall running time: 1755.5469s / 28919.9047 s
env0_first_0:                 episode reward: -0.8500,                 loss: 0.0063
env0_second_0:                 episode reward: 0.8500,                 loss: nan
env1_first_0:                 episode reward: -3.6500,                 loss: nan
env1_second_0:                 episode reward: 3.6500,                 loss: nan
Episode: 561/10000 (5.6100%),                 avg. length: 4052.0,                last time consumption/overall running time: 1839.4229s / 30759.3275 s
env0_first_0:                 episode reward: -8.4000,                 loss: 0.0066
env0_second_0:                 episode reward: 8.4000,                 loss: nan
env1_first_0:                 episode reward: -4.2500,                 loss: nan
env1_second_0:                 episode reward: 4.2500,                 loss: nan
Episode: 581/10000 (5.8100%),                 avg. length: 2175.85,                last time consumption/overall running time: 988.6863s / 31748.0138 s
env0_first_0:                 episode reward: 18.9000,                 loss: 0.0045
env0_second_0:                 episode reward: -18.9000,                 loss: nan
env1_first_0:                 episode reward: 19.5500,                 loss: nan
env1_second_0:                 episode reward: -19.5500,                 loss: nan
Episode: 601/10000 (6.0100%),                 avg. length: 2535.1,                last time consumption/overall running time: 1152.7918s / 32900.8056 s
env0_first_0:                 episode reward: 19.6500,                 loss: 0.0037
env0_second_0:                 episode reward: -19.6500,                 loss: nan
env1_first_0:                 episode reward: 17.6000,                 loss: nan
env1_second_0:                 episode reward: -17.6000,                 loss: nan
Episode: 621/10000 (6.2100%),                 avg. length: 2134.55,                last time consumption/overall running time: 969.9444s / 33870.7499 s
env0_first_0:                 episode reward: 20.1500,                 loss: 0.0035
env0_second_0:                 episode reward: -20.1500,                 loss: nan
env1_first_0:                 episode reward: 19.7500,                 loss: nan
env1_second_0:                 episode reward: -19.7500,                 loss: nan
Episode: 641/10000 (6.4100%),                 avg. length: 2224.05,                last time consumption/overall running time: 1007.2074s / 34877.9573 s
env0_first_0:                 episode reward: 18.4000,                 loss: 0.0032
env0_second_0:                 episode reward: -18.4000,                 loss: nan
env1_first_0:                 episode reward: 20.3500,                 loss: nan
env1_second_0:                 episode reward: -20.3500,                 loss: nan
Episode: 661/10000 (6.6100%),                 avg. length: 2083.55,                last time consumption/overall running time: 940.1621s / 35818.1194 s
env0_first_0:                 episode reward: 22.0000,                 loss: 0.0028
env0_second_0:                 episode reward: -22.0000,                 loss: nan
env1_first_0:                 episode reward: 19.7000,                 loss: nan
env1_second_0:                 episode reward: -19.7000,                 loss: nan
Episode: 681/10000 (6.8100%),                 avg. length: 1968.2,                last time consumption/overall running time: 887.7558s / 36705.8752 s
env0_first_0:                 episode reward: 20.3500,                 loss: 0.0028
env0_second_0:                 episode reward: -20.3500,                 loss: nan
env1_first_0:                 episode reward: 20.3000,                 loss: nan
env1_second_0:                 episode reward: -20.3000,                 loss: nan
Episode: 701/10000 (7.0100%),                 avg. length: 2315.85,                last time consumption/overall running time: 1114.9179s / 37820.7931 s
env0_first_0:                 episode reward: 21.0000,                 loss: 0.0031
env0_second_0:                 episode reward: -21.0000,                 loss: nan
env1_first_0:                 episode reward: 20.4000,                 loss: nan
env1_second_0:                 episode reward: -20.4000,                 loss: nan
Episode: 721/10000 (7.2100%),                 avg. length: 1954.35,                last time consumption/overall running time: 1037.2675s / 38858.0605 s
env0_first_0:                 episode reward: 22.3500,                 loss: 0.0034
env0_second_0:                 episode reward: -22.3500,                 loss: nan
env1_first_0:                 episode reward: 21.4500,                 loss: nan
env1_second_0:                 episode reward: -21.4500,                 loss: nan
Episode: 741/10000 (7.4100%),                 avg. length: 2129.85,                last time consumption/overall running time: 1134.3255s / 39992.3860 s
env0_first_0:                 episode reward: 20.5500,                 loss: 0.0030
env0_second_0:                 episode reward: -20.5500,                 loss: nan
env1_first_0:                 episode reward: 20.2000,                 loss: nan
env1_second_0:                 episode reward: -20.2000,                 loss: nan
Episode: 761/10000 (7.6100%),                 avg. length: 2197.85,                last time consumption/overall running time: 1172.0241s / 41164.4101 s
env0_first_0:                 episode reward: 21.2500,                 loss: 0.0031
env0_second_0:                 episode reward: -21.2500,                 loss: nan
env1_first_0:                 episode reward: 20.4000,                 loss: nan
env1_second_0:                 episode reward: -20.4000,                 loss: nan
Episode: 781/10000 (7.8100%),                 avg. length: 2100.95,                last time consumption/overall running time: 1120.1601s / 42284.5703 s
env0_first_0:                 episode reward: 21.2000,                 loss: 0.0030
env0_second_0:                 episode reward: -21.2000,                 loss: nan
env1_first_0:                 episode reward: 20.2500,                 loss: nan
env1_second_0:                 episode reward: -20.2500,                 loss: nan
Episode: 801/10000 (8.0100%),                 avg. length: 2040.55,                last time consumption/overall running time: 1087.3789s / 43371.9492 s
env0_first_0:                 episode reward: 21.1500,                 loss: 0.0029
env0_second_0:                 episode reward: -21.1500,                 loss: nan
env1_first_0:                 episode reward: 22.2000,                 loss: nan
env1_second_0:                 episode reward: -22.2000,                 loss: nan
Episode: 821/10000 (8.2100%),                 avg. length: 2092.6,                last time consumption/overall running time: 1115.0591s / 44487.0082 s
env0_first_0:                 episode reward: 21.9500,                 loss: 0.0027
env0_second_0:                 episode reward: -21.9500,                 loss: nan
env1_first_0:                 episode reward: 22.2000,                 loss: nan
env1_second_0:                 episode reward: -22.2000,                 loss: nan
Episode: 841/10000 (8.4100%),                 avg. length: 1970.35,                last time consumption/overall running time: 1050.0737s / 45537.0819 s
env0_first_0:                 episode reward: 22.5000,                 loss: 0.0030
env0_second_0:                 episode reward: -22.5000,                 loss: nan
env1_first_0:                 episode reward: 20.6500,                 loss: nan
env1_second_0:                 episode reward: -20.6500,                 loss: nan
Episode: 861/10000 (8.6100%),                 avg. length: 2175.1,                last time consumption/overall running time: 1159.7272s / 46696.8091 s
env0_first_0:                 episode reward: 19.3000,                 loss: 0.0031
env0_second_0:                 episode reward: -19.3000,                 loss: nan
env1_first_0:                 episode reward: 19.9500,                 loss: nan
env1_second_0:                 episode reward: -19.9500,                 loss: nan
Episode: 881/10000 (8.8100%),                 avg. length: 2084.85,                last time consumption/overall running time: 1111.2251s / 47808.0342 s
env0_first_0:                 episode reward: 22.0500,                 loss: 0.0031
env0_second_0:                 episode reward: -22.0500,                 loss: nan
env1_first_0:                 episode reward: 19.3000,                 loss: nan
env1_second_0:                 episode reward: -19.3000,                 loss: nan
Episode: 901/10000 (9.0100%),                 avg. length: 2842.2,                last time consumption/overall running time: 1522.2974s / 49330.3316 s
env0_first_0:                 episode reward: 1.8500,                 loss: 0.0029
env0_second_0:                 episode reward: -1.8500,                 loss: 0.0056
env1_first_0:                 episode reward: -1.6000,                 loss: nan
env1_second_0:                 episode reward: 1.6000,                 loss: nan
Score delta: 50.2, save the model to .//data/model/20220119_0524/pettingzoo_tennis_v2_fictitious_selfplay2/884_0.
Episode: 921/10000 (9.2100%),                 avg. length: 3444.9,                last time consumption/overall running time: 1841.0945s / 51171.4261 s
env0_first_0:                 episode reward: -0.9500,                 loss: nan
env0_second_0:                 episode reward: 0.9500,                 loss: 0.0057
env1_first_0:                 episode reward: 3.9000,                 loss: nan
env1_second_0:                 episode reward: -3.9000,                 loss: nan
Episode: 941/10000 (9.4100%),                 avg. length: 2561.5,                last time consumption/overall running time: 1366.2754s / 52537.7015 s
env0_first_0:                 episode reward: -17.6000,                 loss: nan
env0_second_0:                 episode reward: 17.6000,                 loss: 0.0054
env1_first_0:                 episode reward: -21.2000,                 loss: nan
env1_second_0:                 episode reward: 21.2000,                 loss: nan
Episode: 961/10000 (9.6100%),                 avg. length: 3508.45,                last time consumption/overall running time: 1869.3219s / 54407.0234 s
env0_first_0:                 episode reward: -11.5000,                 loss: 0.0043
env0_second_0:                 episode reward: 11.5000,                 loss: 0.0050
env1_first_0:                 episode reward: -7.3500,                 loss: nan
env1_second_0:                 episode reward: 7.3500,                 loss: nan
Score delta: 60.8, save the model to .//data/model/20220119_0524/pettingzoo_tennis_v2_fictitious_selfplay2/947_1.
Episode: 981/10000 (9.8100%),                 avg. length: 2718.6,                last time consumption/overall running time: 1449.1719s / 55856.1952 s
env0_first_0:                 episode reward: 14.2000,                 loss: 0.0036
env0_second_0:                 episode reward: -14.2000,                 loss: nan
env1_first_0:                 episode reward: 14.2000,                 loss: nan
env1_second_0:                 episode reward: -14.2000,                 loss: nan
Episode: 1001/10000 (10.0100%),                 avg. length: 3558.4,                last time consumption/overall running time: 1896.0633s / 57752.2585 s
env0_first_0:                 episode reward: 16.3000,                 loss: 0.0034
env0_second_0:                 episode reward: -16.3000,                 loss: nan
env1_first_0:                 episode reward: 13.0000,                 loss: nan
env1_second_0:                 episode reward: -13.0000,                 loss: nan
Episode: 1021/10000 (10.2100%),                 avg. length: 2970.6,                last time consumption/overall running time: 1583.2119s / 59335.4704 s
env0_first_0:                 episode reward: 17.4500,                 loss: 0.0032
env0_second_0:                 episode reward: -17.4500,                 loss: nan
env1_first_0:                 episode reward: 18.7500,                 loss: nan
env1_second_0:                 episode reward: -18.7500,                 loss: nan
Episode: 1041/10000 (10.4100%),                 avg. length: 2989.45,                last time consumption/overall running time: 1591.9050s / 60927.3754 s
env0_first_0:                 episode reward: 15.5500,                 loss: 0.0033
env0_second_0:                 episode reward: -15.5500,                 loss: nan
env1_first_0:                 episode reward: 19.6000,                 loss: nan
env1_second_0:                 episode reward: -19.6000,                 loss: nan
Episode: 1061/10000 (10.6100%),                 avg. length: 2642.65,                last time consumption/overall running time: 1409.4211s / 62336.7965 s
env0_first_0:                 episode reward: 17.6500,                 loss: 0.0032
env0_second_0:                 episode reward: -17.6500,                 loss: nan
env1_first_0:                 episode reward: 17.9000,                 loss: nan
env1_second_0:                 episode reward: -17.9000,                 loss: nan
Episode: 1081/10000 (10.8100%),                 avg. length: 2557.3,                last time consumption/overall running time: 1363.4049s / 63700.2014 s
env0_first_0:                 episode reward: 16.5000,                 loss: 0.0029
env0_second_0:                 episode reward: -16.5000,                 loss: nan
env1_first_0:                 episode reward: 20.2500,                 loss: nan
env1_second_0:                 episode reward: -20.2500,                 loss: nan
Episode: 1101/10000 (11.0100%),                 avg. length: 2424.5,                last time consumption/overall running time: 1292.9783s / 64993.1796 s
env0_first_0:                 episode reward: 19.5000,                 loss: 0.0029
env0_second_0:                 episode reward: -19.5000,                 loss: nan
env1_first_0:                 episode reward: 19.6000,                 loss: nan
env1_second_0:                 episode reward: -19.6000,                 loss: nan
Episode: 1121/10000 (11.2100%),                 avg. length: 2312.5,                last time consumption/overall running time: 1232.9511s / 66226.1308 s
env0_first_0:                 episode reward: 17.9000,                 loss: 0.0028
env0_second_0:                 episode reward: -17.9000,                 loss: nan
env1_first_0:                 episode reward: 17.0500,                 loss: nan
env1_second_0:                 episode reward: -17.0500,                 loss: nan
Episode: 1141/10000 (11.4100%),                 avg. length: 2463.7,                last time consumption/overall running time: 1313.2125s / 67539.3433 s
env0_first_0:                 episode reward: 18.4000,                 loss: 0.0031
env0_second_0:                 episode reward: -18.4000,                 loss: nan
env1_first_0:                 episode reward: 20.0500,                 loss: nan
env1_second_0:                 episode reward: -20.0500,                 loss: nan
Episode: 1161/10000 (11.6100%),                 avg. length: 2334.15,                last time consumption/overall running time: 1244.6976s / 68784.0408 s
env0_first_0:                 episode reward: 17.5500,                 loss: 0.0031
env0_second_0:                 episode reward: -17.5500,                 loss: nan
env1_first_0:                 episode reward: 19.6500,                 loss: nan
env1_second_0:                 episode reward: -19.6500,                 loss: nan
Episode: 1181/10000 (11.8100%),                 avg. length: 2547.85,                last time consumption/overall running time: 1358.8197s / 70142.8606 s
env0_first_0:                 episode reward: 19.5000,                 loss: 0.0029
env0_second_0:                 episode reward: -19.5000,                 loss: nan
env1_first_0:                 episode reward: 16.4500,                 loss: nan
env1_second_0:                 episode reward: -16.4500,                 loss: nan
Episode: 1201/10000 (12.0100%),                 avg. length: 2441.0,                last time consumption/overall running time: 1300.2622s / 71443.1228 s
env0_first_0:                 episode reward: 17.8500,                 loss: 0.0030
env0_second_0:                 episode reward: -17.8500,                 loss: nan
env1_first_0:                 episode reward: 18.8500,                 loss: nan
env1_second_0:                 episode reward: -18.8500,                 loss: nan
Episode: 1221/10000 (12.2100%),                 avg. length: 2443.4,                last time consumption/overall running time: 1302.1942s / 72745.3170 s
env0_first_0:                 episode reward: 20.6500,                 loss: 0.0028
env0_second_0:                 episode reward: -20.6500,                 loss: nan
env1_first_0:                 episode reward: 20.7000,                 loss: nan
env1_second_0:                 episode reward: -20.7000,                 loss: nan
Episode: 1241/10000 (12.4100%),                 avg. length: 2582.85,                last time consumption/overall running time: 1375.8230s / 74121.1400 s
env0_first_0:                 episode reward: 17.8000,                 loss: 0.0030
env0_second_0:                 episode reward: -17.8000,                 loss: nan
env1_first_0:                 episode reward: 19.4500,                 loss: nan
env1_second_0:                 episode reward: -19.4500,                 loss: nan
Episode: 1261/10000 (12.6100%),                 avg. length: 2269.35,                last time consumption/overall running time: 1209.2607s / 75330.4008 s
env0_first_0:                 episode reward: 21.5500,                 loss: 0.0032
env0_second_0:                 episode reward: -21.5500,                 loss: nan
env1_first_0:                 episode reward: 21.8500,                 loss: nan
env1_second_0:                 episode reward: -21.8500,                 loss: nan
Episode: 1281/10000 (12.8100%),                 avg. length: 2508.45,                last time consumption/overall running time: 1336.6591s / 76667.0599 s
env0_first_0:                 episode reward: 20.2000,                 loss: 0.0029
env0_second_0:                 episode reward: -20.2000,                 loss: nan
env1_first_0:                 episode reward: 22.4000,                 loss: nan
env1_second_0:                 episode reward: -22.4000,                 loss: nan
Episode: 1301/10000 (13.0100%),                 avg. length: 2246.6,                last time consumption/overall running time: 1197.2009s / 77864.2608 s
env0_first_0:                 episode reward: 22.1000,                 loss: 0.0031
env0_second_0:                 episode reward: -22.1000,                 loss: nan
env1_first_0:                 episode reward: 21.4500,                 loss: nan
env1_second_0:                 episode reward: -21.4500,                 loss: nan
Episode: 1321/10000 (13.2100%),                 avg. length: 2246.5,                last time consumption/overall running time: 1196.5912s / 79060.8520 s
env0_first_0:                 episode reward: 23.4000,                 loss: 0.0031
env0_second_0:                 episode reward: -23.4000,                 loss: nan
env1_first_0:                 episode reward: 22.6000,                 loss: nan
env1_second_0:                 episode reward: -22.6000,                 loss: nan
Episode: 1341/10000 (13.4100%),                 avg. length: 2261.7,                last time consumption/overall running time: 1205.1356s / 80265.9877 s
env0_first_0:                 episode reward: 20.5500,                 loss: 0.0032
env0_second_0:                 episode reward: -20.5500,                 loss: nan
env1_first_0:                 episode reward: 22.1500,                 loss: nan
env1_second_0:                 episode reward: -22.1500,                 loss: nan
Episode: 1361/10000 (13.6100%),                 avg. length: 2378.9,                last time consumption/overall running time: 1266.9674s / 81532.9551 s
env0_first_0:                 episode reward: 20.5500,                 loss: 0.0032
env0_second_0:                 episode reward: -20.5500,                 loss: nan
env1_first_0:                 episode reward: 21.8500,                 loss: nan
env1_second_0:                 episode reward: -21.8500,                 loss: nan
Episode: 1381/10000 (13.8100%),                 avg. length: 2406.85,                last time consumption/overall running time: 1282.5452s / 82815.5003 s
env0_first_0:                 episode reward: 21.1000,                 loss: 0.0034
env0_second_0:                 episode reward: -21.1000,                 loss: nan
env1_first_0:                 episode reward: 20.7000,                 loss: nan
env1_second_0:                 episode reward: -20.7000,                 loss: nan
Episode: 1401/10000 (14.0100%),                 avg. length: 2480.8,                last time consumption/overall running time: 1321.8651s / 84137.3654 s
env0_first_0:                 episode reward: 19.8500,                 loss: 0.0031
env0_second_0:                 episode reward: -19.8500,                 loss: nan
env1_first_0:                 episode reward: 18.3000,                 loss: nan
env1_second_0:                 episode reward: -18.3000,                 loss: nan
Episode: 1421/10000 (14.2100%),                 avg. length: 2409.55,                last time consumption/overall running time: 1283.3605s / 85420.7259 s
env0_first_0:                 episode reward: 22.1000,                 loss: 0.0029
env0_second_0:                 episode reward: -22.1000,                 loss: nan
env1_first_0:                 episode reward: 22.1500,                 loss: nan
env1_second_0:                 episode reward: -22.1500,                 loss: nan
Episode: 1441/10000 (14.4100%),                 avg. length: 2454.65,                last time consumption/overall running time: 1307.6744s / 86728.4003 s
env0_first_0:                 episode reward: 21.7500,                 loss: 0.0031
env0_second_0:                 episode reward: -21.7500,                 loss: nan
env1_first_0:                 episode reward: 23.1500,                 loss: nan
env1_second_0:                 episode reward: -23.1500,                 loss: nan
Episode: 1461/10000 (14.6100%),                 avg. length: 2261.95,                last time consumption/overall running time: 1205.2562s / 87933.6565 s
env0_first_0:                 episode reward: 19.9500,                 loss: 0.0033
env0_second_0:                 episode reward: -19.9500,                 loss: nan
env1_first_0:                 episode reward: 22.0500,                 loss: nan
env1_second_0:                 episode reward: -22.0500,                 loss: nan
Episode: 1481/10000 (14.8100%),                 avg. length: 2290.8,                last time consumption/overall running time: 1220.9227s / 89154.5792 s
env0_first_0:                 episode reward: 19.2500,                 loss: 0.0028
env0_second_0:                 episode reward: -19.2500,                 loss: nan
env1_first_0:                 episode reward: 20.9500,                 loss: nan
env1_second_0:                 episode reward: -20.9500,                 loss: nan
Episode: 1501/10000 (15.0100%),                 avg. length: 2299.8,                last time consumption/overall running time: 1225.8761s / 90380.4554 s
env0_first_0:                 episode reward: 22.5500,                 loss: 0.0028
env0_second_0:                 episode reward: -22.5500,                 loss: nan
env1_first_0:                 episode reward: 19.2500,                 loss: nan
env1_second_0:                 episode reward: -19.2500,                 loss: nan
Episode: 1521/10000 (15.2100%),                 avg. length: 2309.4,                last time consumption/overall running time: 1230.4356s / 91610.8910 s
env0_first_0:                 episode reward: 20.7500,                 loss: 0.0028
env0_second_0:                 episode reward: -20.7500,                 loss: nan
env1_first_0:                 episode reward: 21.2000,                 loss: nan
env1_second_0:                 episode reward: -21.2000,                 loss: nan
Episode: 1541/10000 (15.4100%),                 avg. length: 2315.95,                last time consumption/overall running time: 1235.1658s / 92846.0568 s
env0_first_0:                 episode reward: 20.6500,                 loss: 0.0030
env0_second_0:                 episode reward: -20.6500,                 loss: nan
env1_first_0:                 episode reward: 19.6500,                 loss: nan
env1_second_0:                 episode reward: -19.6500,                 loss: nan
Episode: 1561/10000 (15.6100%),                 avg. length: 2231.75,                last time consumption/overall running time: 1190.1844s / 94036.2413 s
env0_first_0:                 episode reward: 20.5000,                 loss: 0.0031
env0_second_0:                 episode reward: -20.5000,                 loss: nan
env1_first_0:                 episode reward: 22.6500,                 loss: nan
env1_second_0:                 episode reward: -22.6500,                 loss: nan
Episode: 1581/10000 (15.8100%),                 avg. length: 2524.15,                last time consumption/overall running time: 1346.5037s / 95382.7450 s
env0_first_0:                 episode reward: 21.6000,                 loss: 0.0030
env0_second_0:                 episode reward: -21.6000,                 loss: nan
env1_first_0:                 episode reward: 17.7000,                 loss: nan
env1_second_0:                 episode reward: -17.7000,                 loss: nan
Episode: 1601/10000 (16.0100%),                 avg. length: 2396.55,                last time consumption/overall running time: 1277.7763s / 96660.5213 s
env0_first_0:                 episode reward: 21.5500,                 loss: 0.0032
env0_second_0:                 episode reward: -21.5500,                 loss: nan
env1_first_0:                 episode reward: 20.9500,                 loss: nan
env1_second_0:                 episode reward: -20.9500,                 loss: nan
Episode: 1621/10000 (16.2100%),                 avg. length: 2164.05,                last time consumption/overall running time: 1152.3919s / 97812.9132 s
env0_first_0:                 episode reward: 22.0000,                 loss: 0.0031
env0_second_0:                 episode reward: -22.0000,                 loss: nan
env1_first_0:                 episode reward: 20.8500,                 loss: nan
env1_second_0:                 episode reward: -20.8500,                 loss: nan
Episode: 1641/10000 (16.4100%),                 avg. length: 2224.7,                last time consumption/overall running time: 1183.5834s / 98996.4965 s
env0_first_0:                 episode reward: 21.8000,                 loss: 0.0029
env0_second_0:                 episode reward: -21.8000,                 loss: nan
env1_first_0:                 episode reward: 21.1500,                 loss: nan
env1_second_0:                 episode reward: -21.1500,                 loss: nan
Episode: 1661/10000 (16.6100%),                 avg. length: 2299.25,                last time consumption/overall running time: 1222.9691s / 100219.4657 s
env0_first_0:                 episode reward: 21.2500,                 loss: 0.0029
env0_second_0:                 episode reward: -21.2500,                 loss: nan
env1_first_0:                 episode reward: 21.1500,                 loss: nan
env1_second_0:                 episode reward: -21.1500,                 loss: nan
Episode: 1681/10000 (16.8100%),                 avg. length: 2084.3,                last time consumption/overall running time: 1108.2161s / 101327.6818 s
env0_first_0:                 episode reward: 21.9500,                 loss: 0.0027
env0_second_0:                 episode reward: -21.9500,                 loss: nan
env1_first_0:                 episode reward: 24.2000,                 loss: nan
env1_second_0:                 episode reward: -24.2000,                 loss: nan
Episode: 1701/10000 (17.0100%),                 avg. length: 2332.55,                last time consumption/overall running time: 1240.4539s / 102568.1357 s
env0_first_0:                 episode reward: 21.3500,                 loss: 0.0028
env0_second_0:                 episode reward: -21.3500,                 loss: nan
env1_first_0:                 episode reward: 19.9500,                 loss: nan
env1_second_0:                 episode reward: -19.9500,                 loss: nan
Episode: 1721/10000 (17.2100%),                 avg. length: 2113.4,                last time consumption/overall running time: 1124.2721s / 103692.4078 s
env0_first_0:                 episode reward: 20.2000,                 loss: 0.0027
env0_second_0:                 episode reward: -20.2000,                 loss: nan
env1_first_0:                 episode reward: 21.3500,                 loss: nan
env1_second_0:                 episode reward: -21.3500,                 loss: nan
Episode: 1741/10000 (17.4100%),                 avg. length: 2106.1,                last time consumption/overall running time: 1120.3931s / 104812.8009 s
env0_first_0:                 episode reward: 21.4500,                 loss: 0.0026
env0_second_0:                 episode reward: -21.4500,                 loss: nan
env1_first_0:                 episode reward: 20.9000,                 loss: nan
env1_second_0:                 episode reward: -20.9000,                 loss: nan
Episode: 1761/10000 (17.6100%),                 avg. length: 2226.95,                last time consumption/overall running time: 1184.4932s / 105997.2941 s
env0_first_0:                 episode reward: 21.9000,                 loss: 0.0025
env0_second_0:                 episode reward: -21.9000,                 loss: nan
env1_first_0:                 episode reward: 21.2000,                 loss: nan
env1_second_0:                 episode reward: -21.2000,                 loss: nan
Episode: 1781/10000 (17.8100%),                 avg. length: 2148.85,                last time consumption/overall running time: 1143.4293s / 107140.7234 s
env0_first_0:                 episode reward: 22.0500,                 loss: 0.0027
env0_second_0:                 episode reward: -22.0500,                 loss: nan
env1_first_0:                 episode reward: 19.5000,                 loss: nan
env1_second_0:                 episode reward: -19.5000,                 loss: nan
Episode: 1801/10000 (18.0100%),                 avg. length: 2349.1,                last time consumption/overall running time: 1249.0627s / 108389.7861 s
env0_first_0:                 episode reward: 18.6000,                 loss: 0.0029
env0_second_0:                 episode reward: -18.6000,                 loss: nan
env1_first_0:                 episode reward: 21.3000,                 loss: nan
env1_second_0:                 episode reward: -21.3000,                 loss: nan
Episode: 1821/10000 (18.2100%),                 avg. length: 2104.15,                last time consumption/overall running time: 1119.6277s / 109509.4138 s
env0_first_0:                 episode reward: 21.5500,                 loss: 0.0028
env0_second_0:                 episode reward: -21.5500,                 loss: nan
env1_first_0:                 episode reward: 22.6500,                 loss: nan
env1_second_0:                 episode reward: -22.6500,                 loss: nan
Episode: 1841/10000 (18.4100%),                 avg. length: 2142.2,                last time consumption/overall running time: 1140.5568s / 110649.9706 s
env0_first_0:                 episode reward: 23.1500,                 loss: 0.0029
env0_second_0:                 episode reward: -23.1500,                 loss: nan
env1_first_0:                 episode reward: 23.6500,                 loss: nan
env1_second_0:                 episode reward: -23.6500,                 loss: nan
Episode: 1861/10000 (18.6100%),                 avg. length: 2243.35,                last time consumption/overall running time: 1193.0890s / 111843.0596 s
env0_first_0:                 episode reward: 21.5000,                 loss: 0.0028
env0_second_0:                 episode reward: -21.5000,                 loss: nan
env1_first_0:                 episode reward: 22.3500,                 loss: nan
env1_second_0:                 episode reward: -22.3500,                 loss: nan
Episode: 1881/10000 (18.8100%),                 avg. length: 2105.55,                last time consumption/overall running time: 1120.4868s / 112963.5463 s
env0_first_0:                 episode reward: 21.8000,                 loss: 0.0029
env0_second_0:                 episode reward: -21.8000,                 loss: nan
env1_first_0:                 episode reward: 22.1000,                 loss: nan
env1_second_0:                 episode reward: -22.1000,                 loss: nan
Episode: 1901/10000 (19.0100%),                 avg. length: 2035.0,                last time consumption/overall running time: 1082.4072s / 114045.9536 s
env0_first_0:                 episode reward: 22.5500,                 loss: 0.0028
env0_second_0:                 episode reward: -22.5500,                 loss: nan
env1_first_0:                 episode reward: 20.5500,                 loss: nan
env1_second_0:                 episode reward: -20.5500,                 loss: nan
Episode: 1921/10000 (19.2100%),                 avg. length: 2179.3,                last time consumption/overall running time: 1159.1683s / 115205.1218 s
env0_first_0:                 episode reward: 22.0500,                 loss: 0.0028
env0_second_0:                 episode reward: -22.0500,                 loss: nan
env1_first_0:                 episode reward: 22.1000,                 loss: nan
env1_second_0:                 episode reward: -22.1000,                 loss: nan
Episode: 1941/10000 (19.4100%),                 avg. length: 2360.75,                last time consumption/overall running time: 1255.3653s / 116460.4872 s
env0_first_0:                 episode reward: 19.6000,                 loss: 0.0031
env0_second_0:                 episode reward: -19.6000,                 loss: nan
env1_first_0:                 episode reward: 20.9500,                 loss: nan
env1_second_0:                 episode reward: -20.9500,                 loss: nan
Episode: 1961/10000 (19.6100%),                 avg. length: 2551.05,                last time consumption/overall running time: 1356.3813s / 117816.8684 s
env0_first_0:                 episode reward: 25.7000,                 loss: 0.0031
env0_second_0:                 episode reward: -25.7000,                 loss: 0.0072
env1_first_0:                 episode reward: 24.1000,                 loss: nan
env1_second_0:                 episode reward: -24.1000,                 loss: nan
Score delta: 51.6, save the model to .//data/model/20220119_0524/pettingzoo_tennis_v2_fictitious_selfplay2/1957_0.
Episode: 1981/10000 (19.8100%),                 avg. length: 3558.15,                last time consumption/overall running time: 1890.5348s / 119707.4033 s
env0_first_0:                 episode reward: 0.0000,                 loss: nan
env0_second_0:                 episode reward: 0.0000,                 loss: 0.0065
env1_first_0:                 episode reward: -1.0000,                 loss: nan
env1_second_0:                 episode reward: 1.0000,                 loss: nan
Episode: 2001/10000 (20.0100%),                 avg. length: 2901.75,                last time consumption/overall running time: 1542.7258s / 121250.1290 s
env0_first_0:                 episode reward: -4.4000,                 loss: nan
env0_second_0:                 episode reward: 4.4000,                 loss: 0.0057
env1_first_0:                 episode reward: -18.1000,                 loss: nan
env1_second_0:                 episode reward: 18.1000,                 loss: nan
Episode: 2021/10000 (20.2100%),                 avg. length: 3799.4,                last time consumption/overall running time: 2019.6956s / 123269.8247 s
env0_first_0:                 episode reward: -7.2500,                 loss: nan
env0_second_0:                 episode reward: 7.2500,                 loss: 0.0063
env1_first_0:                 episode reward: -10.8500,                 loss: nan
env1_second_0:                 episode reward: 10.8500,                 loss: nan
Episode: 2041/10000 (20.4100%),                 avg. length: 3365.4,                last time consumption/overall running time: 1789.0632s / 125058.8879 s
env0_first_0:                 episode reward: -14.6500,                 loss: 0.0045
env0_second_0:                 episode reward: 14.6500,                 loss: 0.0057
env1_first_0:                 episode reward: -12.7000,                 loss: nan
env1_second_0:                 episode reward: 12.7000,                 loss: nan
Score delta: 62.8, save the model to .//data/model/20220119_0524/pettingzoo_tennis_v2_fictitious_selfplay2/2036_1.
Episode: 2061/10000 (20.6100%),                 avg. length: 4553.55,                last time consumption/overall running time: 2420.2775s / 127479.1654 s
env0_first_0:                 episode reward: 7.6500,                 loss: 0.0045
env0_second_0:                 episode reward: -7.6500,                 loss: nan
env1_first_0:                 episode reward: 5.5500,                 loss: nan
env1_second_0:                 episode reward: -5.5500,                 loss: nan
Episode: 2081/10000 (20.8100%),                 avg. length: 6156.8,                last time consumption/overall running time: 3271.9849s / 130751.1503 s
env0_first_0:                 episode reward: 13.2000,                 loss: 0.0047
env0_second_0:                 episode reward: -13.2000,                 loss: nan
env1_first_0:                 episode reward: 20.0500,                 loss: nan
env1_second_0:                 episode reward: -20.0500,                 loss: nan
Episode: 2101/10000 (21.0100%),                 avg. length: 6464.3,                last time consumption/overall running time: 3435.3391s / 134186.4894 s
env0_first_0:                 episode reward: -4.1500,                 loss: 0.0055
env0_second_0:                 episode reward: 4.1500,                 loss: nan
env1_first_0:                 episode reward: -9.9500,                 loss: nan
env1_second_0:                 episode reward: 9.9500,                 loss: nan
Episode: 2121/10000 (21.2100%),                 avg. length: 5475.95,                last time consumption/overall running time: 2911.1099s / 137097.5993 s
env0_first_0:                 episode reward: 12.0000,                 loss: 0.0049
env0_second_0:                 episode reward: -12.0000,                 loss: 0.0062
env1_first_0:                 episode reward: 6.3000,                 loss: nan
env1_second_0:                 episode reward: -6.3000,                 loss: nan
Score delta: 81.0, save the model to .//data/model/20220119_0524/pettingzoo_tennis_v2_fictitious_selfplay2/2112_0.
Episode: 2141/10000 (21.4100%),                 avg. length: 3775.0,                last time consumption/overall running time: 2006.3310s / 139103.9303 s
env0_first_0:                 episode reward: -21.5000,                 loss: 0.0055
env0_second_0:                 episode reward: 21.5000,                 loss: 0.0060
env1_first_0:                 episode reward: -24.0000,                 loss: nan
env1_second_0:                 episode reward: 24.0000,                 loss: nan
Score delta: 50.4, save the model to .//data/model/20220119_0524/pettingzoo_tennis_v2_fictitious_selfplay2/2135_1.
Episode: 2161/10000 (21.6100%),                 avg. length: 4867.25,                last time consumption/overall running time: 2587.1947s / 141691.1250 s
env0_first_0:                 episode reward: 5.7500,                 loss: 0.0046
env0_second_0:                 episode reward: -5.7500,                 loss: nan
env1_first_0:                 episode reward: 2.4500,                 loss: nan
env1_second_0:                 episode reward: -2.4500,                 loss: nan
Episode: 2181/10000 (21.8100%),                 avg. length: 5415.65,                last time consumption/overall running time: 2852.1498s / 144543.2748 s
env0_first_0:                 episode reward: 4.4500,                 loss: 0.0034
env0_second_0:                 episode reward: -4.4500,                 loss: nan
env1_first_0:                 episode reward: 0.3500,                 loss: nan
env1_second_0:                 episode reward: -0.3500,                 loss: nan
Episode: 2201/10000 (22.0100%),                 avg. length: 4206.6,                last time consumption/overall running time: 2095.6484s / 146638.9232 s
env0_first_0:                 episode reward: 11.6000,                 loss: 0.0032
env0_second_0:                 episode reward: -11.6000,                 loss: nan
env1_first_0:                 episode reward: 6.2000,                 loss: nan
env1_second_0:                 episode reward: -6.2000,                 loss: nan
Episode: 2221/10000 (22.2100%),                 avg. length: 5140.1,                last time consumption/overall running time: 2559.2311s / 149198.1543 s
env0_first_0:                 episode reward: 8.7000,                 loss: 0.0032
env0_second_0:                 episode reward: -8.7000,                 loss: nan
env1_first_0:                 episode reward: 7.1000,                 loss: nan
env1_second_0:                 episode reward: -7.1000,                 loss: nan