pygame 2.0.1 (SDL 2.0.14, Python 3.7.0)
Hello from the pygame community. https://www.pygame.org/contribute.html
SlimeVolley-v0 slimevolley
/home/zihan/anaconda3/envs/x/lib/python3.7/site-packages/ecos/ecos.py:26: UserWarning: Converting G to a CSC matrix; may take a while.
  warn("Converting G to a CSC matrix; may take a while.")
/home/zihan/anaconda3/envs/x/lib/python3.7/site-packages/ecos/ecos.py:29: UserWarning: Converting A to a CSC matrix; may take a while.
  warn("Converting A to a CSC matrix; may take a while.")
random seed: [91, 69]
<SubprocVectorEnv instance>
ParallelDQN(
  (net): MLP(
    (body): Sequential(
      (0): Linear(in_features=12, out_features=1024, bias=True)
      (1): Tanh()
      (2): Linear(in_features=1024, out_features=1024, bias=True)
      (3): Tanh()
      (4): Linear(in_features=1024, out_features=1024, bias=True)
      (5): Tanh()
      (6): Linear(in_features=1024, out_features=6, bias=True)
    )
  )
)
ParallelDQN(
  (net): MLP(
    (body): Sequential(
      (0): Linear(in_features=12, out_features=1024, bias=True)
      (1): Tanh()
      (2): Linear(in_features=1024, out_features=1024, bias=True)
      (3): Tanh()
      (4): Linear(in_features=1024, out_features=1024, bias=True)
      (5): Tanh()
      (6): Linear(in_features=1024, out_features=6, bias=True)
    )
  )
)
No agent are not learnable.
Arguments:  {'env_name': 'SlimeVolley-v0', 'env_type': 'slimevolley', 'num_envs': 2, 'ram': True, 'seed': 'random', 'against_baseline': False, 'algorithm': 'NashDQN', 'algorithm_spec': {'episodic_update': False, 'dueling': False, 'replay_buffer_size': '1e5', 'gamma': 0.99, 'multi_step': 1, 'target_update_interval': 1000, 'eps_start': 1.0, 'eps_final': 0.01, 'eps_decay': 30000}, 'batch_size': 32, 'max_episodes': 10000, 'max_steps_per_episode': 10000, 'train_start_frame': 0, 'optimizer': 'adam', 'learning_rate': '1e-4', 'device': 'gpu', 'update_itr': 0.1, 'log_avg_window': 20, 'log_interval': 20, 'render': False, 'test': False, 'exploit': False, 'load_model_idx': False, 'load_model_full_path': False, 'multiprocess': False, 'eval_models': False, 'save_path': '', 'save_interval': 2000, 'net_architecture': {'hidden_dim_list': [1024, 1024, 1024], 'hidden_activation': 'Tanh', 'output_activation': False}, 'marl_method': 'nash_dqn', 'marl_spec': {'min_update_interval': 20, 'score_avg_window': 10, 'global_state': False}}
Save models to : /home/zihan/research/MARS/data/model/20220119_0524/slimevolley_SlimeVolley-v0_nash_dqn. 
 Save logs to: /home/zihan/research/MARS/data/log/20220119_0524/slimevolley_SlimeVolley-v0_nash_dqn.
Episode: 1/10000 (0.0100%),                 avg. length: 508.0,                last time consumption/overall running time: 5.6704s / 5.6704 s
env0_first_0:                 episode reward: 0.0000,                 loss: 0.0145
env0_second_0:                 episode reward: 0.0000,                 loss: 0.0152
env1_first_0:                 episode reward: 4.0000,                 loss: nan
env1_second_0:                 episode reward: -4.0000,                 loss: nan
Episode: 21/10000 (0.2100%),                 avg. length: 574.3,                last time consumption/overall running time: 114.0071s / 119.6775 s
env0_first_0:                 episode reward: 0.0000,                 loss: 0.0139
env0_second_0:                 episode reward: 0.0000,                 loss: 0.0135
env1_first_0:                 episode reward: -0.7500,                 loss: nan
env1_second_0:                 episode reward: 0.7500,                 loss: nan
Episode: 41/10000 (0.4100%),                 avg. length: 593.0,                last time consumption/overall running time: 215.7486s / 335.4261 s
env0_first_0:                 episode reward: -0.9000,                 loss: 0.0129
env0_second_0:                 episode reward: 0.9000,                 loss: 0.0119
env1_first_0:                 episode reward: 0.0000,                 loss: nan
env1_second_0:                 episode reward: 0.0000,                 loss: nan
Episode: 61/10000 (0.6100%),                 avg. length: 582.6,                last time consumption/overall running time: 255.3547s / 590.7809 s
env0_first_0:                 episode reward: 0.8000,                 loss: 0.0116
env0_second_0:                 episode reward: -0.8000,                 loss: 0.0119
env1_first_0:                 episode reward: 0.8000,                 loss: nan
env1_second_0:                 episode reward: -0.8000,                 loss: nan
Episode: 81/10000 (0.8100%),                 avg. length: 605.4,                last time consumption/overall running time: 299.4737s / 890.2546 s
env0_first_0:                 episode reward: -1.0000,                 loss: 0.0122
env0_second_0:                 episode reward: 1.0000,                 loss: 0.0118
env1_first_0:                 episode reward: 0.1000,                 loss: nan
env1_second_0:                 episode reward: -0.1000,                 loss: nan
Episode: 101/10000 (1.0100%),                 avg. length: 603.7,                last time consumption/overall running time: 314.4510s / 1204.7056 s
env0_first_0:                 episode reward: 0.7500,                 loss: 0.0122
env0_second_0:                 episode reward: -0.7500,                 loss: 0.0120
env1_first_0:                 episode reward: -0.1500,                 loss: nan
env1_second_0:                 episode reward: 0.1500,                 loss: nan
Episode: 121/10000 (1.2100%),                 avg. length: 538.8,                last time consumption/overall running time: 296.3093s / 1501.0149 s
env0_first_0:                 episode reward: 0.8500,                 loss: 0.0119
env0_second_0:                 episode reward: -0.8500,                 loss: 0.0127
env1_first_0:                 episode reward: -0.2500,                 loss: nan
env1_second_0:                 episode reward: 0.2500,                 loss: nan
Episode: 141/10000 (1.4100%),                 avg. length: 570.15,                last time consumption/overall running time: 317.2729s / 1818.2878 s
env0_first_0:                 episode reward: 1.3000,                 loss: 0.0127
env0_second_0:                 episode reward: -1.3000,                 loss: 0.0137
env1_first_0:                 episode reward: -1.1500,                 loss: nan
env1_second_0:                 episode reward: 1.1500,                 loss: nan
Episode: 161/10000 (1.6100%),                 avg. length: 564.05,                last time consumption/overall running time: 319.9600s / 2138.2477 s
env0_first_0:                 episode reward: -0.2500,                 loss: 0.0165
env0_second_0:                 episode reward: 0.2500,                 loss: 0.0145
env1_first_0:                 episode reward: -0.9000,                 loss: nan
env1_second_0:                 episode reward: 0.9000,                 loss: nan
Episode: 181/10000 (1.8100%),                 avg. length: 563.15,                last time consumption/overall running time: 325.2267s / 2463.4744 s
env0_first_0:                 episode reward: -0.3000,                 loss: 0.0163
env0_second_0:                 episode reward: 0.3000,                 loss: 0.0150
env1_first_0:                 episode reward: -0.7500,                 loss: nan
env1_second_0:                 episode reward: 0.7500,                 loss: nan
Episode: 201/10000 (2.0100%),                 avg. length: 588.1,                last time consumption/overall running time: 346.0704s / 2809.5447 s
env0_first_0:                 episode reward: -0.7000,                 loss: 0.0170
env0_second_0:                 episode reward: 0.7000,                 loss: 0.0182
env1_first_0:                 episode reward: -0.3500,                 loss: nan
env1_second_0:                 episode reward: 0.3500,                 loss: nan
Episode: 221/10000 (2.2100%),                 avg. length: 584.4,                last time consumption/overall running time: 343.2173s / 3152.7620 s
env0_first_0:                 episode reward: 0.2000,                 loss: 0.0195
env0_second_0:                 episode reward: -0.2000,                 loss: 0.0180
env1_first_0:                 episode reward: -0.3000,                 loss: nan
env1_second_0:                 episode reward: 0.3000,                 loss: nan
Episode: 241/10000 (2.4100%),                 avg. length: 585.2,                last time consumption/overall running time: 343.4189s / 3496.1809 s
env0_first_0:                 episode reward: -1.1000,                 loss: 0.0202
env0_second_0:                 episode reward: 1.1000,                 loss: 0.0200
env1_first_0:                 episode reward: -0.1000,                 loss: nan
env1_second_0:                 episode reward: 0.1000,                 loss: nan
Episode: 261/10000 (2.6100%),                 avg. length: 564.2,                last time consumption/overall running time: 329.8520s / 3826.0328 s
env0_first_0:                 episode reward: -0.1000,                 loss: 0.0188
env0_second_0:                 episode reward: 0.1000,                 loss: 0.0200
env1_first_0:                 episode reward: 0.0000,                 loss: nan
env1_second_0:                 episode reward: 0.0000,                 loss: nan
Episode: 281/10000 (2.8100%),                 avg. length: 582.2,                last time consumption/overall running time: 344.9183s / 4170.9511 s
env0_first_0:                 episode reward: 0.3500,                 loss: 0.0193
env0_second_0:                 episode reward: -0.3500,                 loss: 0.0228
env1_first_0:                 episode reward: -0.4500,                 loss: nan
env1_second_0:                 episode reward: 0.4500,                 loss: nan
Episode: 301/10000 (3.0100%),                 avg. length: 561.7,                last time consumption/overall running time: 326.9922s / 4497.9433 s
env0_first_0:                 episode reward: -0.1500,                 loss: 0.0201
env0_second_0:                 episode reward: 0.1500,                 loss: 0.0215
env1_first_0:                 episode reward: 0.4500,                 loss: nan
env1_second_0:                 episode reward: -0.4500,                 loss: nan
Episode: 321/10000 (3.2100%),                 avg. length: 580.6,                last time consumption/overall running time: 345.4681s / 4843.4114 s
env0_first_0:                 episode reward: 0.1000,                 loss: 0.0208
env0_second_0:                 episode reward: -0.1000,                 loss: 0.0242
env1_first_0:                 episode reward: -0.4500,                 loss: nan
env1_second_0:                 episode reward: 0.4500,                 loss: nan
Episode: 341/10000 (3.4100%),                 avg. length: 591.15,                last time consumption/overall running time: 347.5373s / 5190.9487 s
env0_first_0:                 episode reward: -0.7000,                 loss: 0.0192
env0_second_0:                 episode reward: 0.7000,                 loss: 0.0223
env1_first_0:                 episode reward: -1.0000,                 loss: nan
env1_second_0:                 episode reward: 1.0000,                 loss: nan
Episode: 361/10000 (3.6100%),                 avg. length: 559.7,                last time consumption/overall running time: 332.3581s / 5523.3068 s
env0_first_0:                 episode reward: 0.1500,                 loss: 0.0215
env0_second_0:                 episode reward: -0.1500,                 loss: 0.0204
env1_first_0:                 episode reward: -0.9000,                 loss: nan
env1_second_0:                 episode reward: 0.9000,                 loss: nan
Episode: 381/10000 (3.8100%),                 avg. length: 564.0,                last time consumption/overall running time: 333.6037s / 5856.9104 s
env0_first_0:                 episode reward: 0.4000,                 loss: 0.0222
env0_second_0:                 episode reward: -0.4000,                 loss: 0.0214
env1_first_0:                 episode reward: -0.2000,                 loss: nan
env1_second_0:                 episode reward: 0.2000,                 loss: nan
Episode: 401/10000 (4.0100%),                 avg. length: 541.7,                last time consumption/overall running time: 323.1274s / 6180.0378 s
env0_first_0:                 episode reward: -0.1000,                 loss: 0.0238
env0_second_0:                 episode reward: 0.1000,                 loss: 0.0217
env1_first_0:                 episode reward: 0.1500,                 loss: nan
env1_second_0:                 episode reward: -0.1500,                 loss: nan
Episode: 421/10000 (4.2100%),                 avg. length: 584.3,                last time consumption/overall running time: 348.8250s / 6528.8628 s
env0_first_0:                 episode reward: 1.0000,                 loss: 0.0219
env0_second_0:                 episode reward: -1.0000,                 loss: 0.0206
env1_first_0:                 episode reward: 0.5500,                 loss: nan
env1_second_0:                 episode reward: -0.5500,                 loss: nan
Episode: 441/10000 (4.4100%),                 avg. length: 586.4,                last time consumption/overall running time: 350.5043s / 6879.3672 s
env0_first_0:                 episode reward: 0.2000,                 loss: 0.0218
env0_second_0:                 episode reward: -0.2000,                 loss: 0.0221
env1_first_0:                 episode reward: -0.7000,                 loss: nan
env1_second_0:                 episode reward: 0.7000,                 loss: nan
Episode: 461/10000 (4.6100%),                 avg. length: 557.8,                last time consumption/overall running time: 329.4382s / 7208.8054 s
env0_first_0:                 episode reward: -0.5000,                 loss: 0.0221
env0_second_0:                 episode reward: 0.5000,                 loss: 0.0226
env1_first_0:                 episode reward: 0.2000,                 loss: nan
env1_second_0:                 episode reward: -0.2000,                 loss: nan
Episode: 481/10000 (4.8100%),                 avg. length: 559.05,                last time consumption/overall running time: 329.6989s / 7538.5043 s
env0_first_0:                 episode reward: 0.8000,                 loss: 0.0235
env0_second_0:                 episode reward: -0.8000,                 loss: 0.0207
env1_first_0:                 episode reward: 0.0500,                 loss: nan
env1_second_0:                 episode reward: -0.0500,                 loss: nan
Episode: 501/10000 (5.0100%),                 avg. length: 573.85,                last time consumption/overall running time: 345.2792s / 7883.7835 s
env0_first_0:                 episode reward: -0.4500,                 loss: 0.0231
env0_second_0:                 episode reward: 0.4500,                 loss: 0.0211
env1_first_0:                 episode reward: 0.1500,                 loss: nan
env1_second_0:                 episode reward: -0.1500,                 loss: nan
Episode: 521/10000 (5.2100%),                 avg. length: 562.55,                last time consumption/overall running time: 333.6182s / 8217.4017 s
env0_first_0:                 episode reward: -0.0500,                 loss: 0.0228
env0_second_0:                 episode reward: 0.0500,                 loss: 0.0213
env1_first_0:                 episode reward: -0.5500,                 loss: nan
env1_second_0:                 episode reward: 0.5500,                 loss: nan
Episode: 541/10000 (5.4100%),                 avg. length: 539.35,                last time consumption/overall running time: 323.9085s / 8541.3102 s
env0_first_0:                 episode reward: -0.1000,                 loss: 0.0217
env0_second_0:                 episode reward: 0.1000,                 loss: 0.0221
env1_first_0:                 episode reward: -0.4000,                 loss: nan
env1_second_0:                 episode reward: 0.4000,                 loss: nan
Episode: 561/10000 (5.6100%),                 avg. length: 591.75,                last time consumption/overall running time: 352.6656s / 8893.9758 s
env0_first_0:                 episode reward: -0.1500,                 loss: 0.0225
env0_second_0:                 episode reward: 0.1500,                 loss: 0.0210
env1_first_0:                 episode reward: 0.7500,                 loss: nan
env1_second_0:                 episode reward: -0.7500,                 loss: nan
Episode: 581/10000 (5.8100%),                 avg. length: 554.45,                last time consumption/overall running time: 326.9652s / 9220.9410 s
env0_first_0:                 episode reward: 0.7500,                 loss: 0.0222
env0_second_0:                 episode reward: -0.7500,                 loss: 0.0200
env1_first_0:                 episode reward: 0.1500,                 loss: nan
env1_second_0:                 episode reward: -0.1500,                 loss: nan
Episode: 601/10000 (6.0100%),                 avg. length: 543.05,                last time consumption/overall running time: 322.1450s / 9543.0861 s
env0_first_0:                 episode reward: 0.1000,                 loss: 0.0223
env0_second_0:                 episode reward: -0.1000,                 loss: 0.0206
env1_first_0:                 episode reward: 0.9500,                 loss: nan
env1_second_0:                 episode reward: -0.9500,                 loss: nan
Episode: 621/10000 (6.2100%),                 avg. length: 560.05,                last time consumption/overall running time: 330.2243s / 9873.3103 s
env0_first_0:                 episode reward: 0.5500,                 loss: 0.0223
env0_second_0:                 episode reward: -0.5500,                 loss: 0.0228
env1_first_0:                 episode reward: 0.2500,                 loss: nan
env1_second_0:                 episode reward: -0.2500,                 loss: nan
Episode: 641/10000 (6.4100%),                 avg. length: 561.75,                last time consumption/overall running time: 329.0838s / 10202.3941 s
env0_first_0:                 episode reward: 0.7000,                 loss: 0.0218
env0_second_0:                 episode reward: -0.7000,                 loss: 0.0222
env1_first_0:                 episode reward: -0.3500,                 loss: nan
env1_second_0:                 episode reward: 0.3500,                 loss: nan
Episode: 661/10000 (6.6100%),                 avg. length: 578.9,                last time consumption/overall running time: 347.9687s / 10550.3628 s
env0_first_0:                 episode reward: 0.3000,                 loss: 0.0222
env0_second_0:                 episode reward: -0.3000,                 loss: 0.0215
env1_first_0:                 episode reward: 0.3000,                 loss: nan
env1_second_0:                 episode reward: -0.3000,                 loss: nan
Episode: 681/10000 (6.8100%),                 avg. length: 555.15,                last time consumption/overall running time: 325.6169s / 10875.9797 s
env0_first_0:                 episode reward: 0.3500,                 loss: 0.0189
env0_second_0:                 episode reward: -0.3500,                 loss: 0.0207
env1_first_0:                 episode reward: 0.1000,                 loss: nan
env1_second_0:                 episode reward: -0.1000,                 loss: nan
Episode: 701/10000 (7.0100%),                 avg. length: 558.45,                last time consumption/overall running time: 333.6206s / 11209.6003 s
env0_first_0:                 episode reward: -0.5500,                 loss: 0.0217
env0_second_0:                 episode reward: 0.5500,                 loss: 0.0233
env1_first_0:                 episode reward: 0.3500,                 loss: nan
env1_second_0:                 episode reward: -0.3500,                 loss: nan
Episode: 721/10000 (7.2100%),                 avg. length: 543.8,                last time consumption/overall running time: 320.1044s / 11529.7047 s
env0_first_0:                 episode reward: -0.6500,                 loss: 0.0197
env0_second_0:                 episode reward: 0.6500,                 loss: 0.0212
env1_first_0:                 episode reward: -0.1000,                 loss: nan
env1_second_0:                 episode reward: 0.1000,                 loss: nan
Episode: 741/10000 (7.4100%),                 avg. length: 550.75,                last time consumption/overall running time: 320.7508s / 11850.4555 s
env0_first_0:                 episode reward: 1.1000,                 loss: 0.0178
env0_second_0:                 episode reward: -1.1000,                 loss: 0.0223
env1_first_0:                 episode reward: -0.9000,                 loss: nan
env1_second_0:                 episode reward: 0.9000,                 loss: nan
Episode: 761/10000 (7.6100%),                 avg. length: 585.2,                last time consumption/overall running time: 345.4179s / 12195.8734 s
env0_first_0:                 episode reward: -1.1000,                 loss: 0.0187
env0_second_0:                 episode reward: 1.1000,                 loss: 0.0223
env1_first_0:                 episode reward: -0.3000,                 loss: nan
env1_second_0:                 episode reward: 0.3000,                 loss: nan
Episode: 781/10000 (7.8100%),                 avg. length: 552.0,                last time consumption/overall running time: 325.4989s / 12521.3723 s
env0_first_0:                 episode reward: 0.4000,                 loss: 0.0174
env0_second_0:                 episode reward: -0.4000,                 loss: 0.0225
env1_first_0:                 episode reward: 0.1500,                 loss: nan
env1_second_0:                 episode reward: -0.1500,                 loss: nan
Episode: 801/10000 (8.0100%),                 avg. length: 579.8,                last time consumption/overall running time: 351.1154s / 12872.4877 s
env0_first_0:                 episode reward: -0.7500,                 loss: 0.0173
env0_second_0:                 episode reward: 0.7500,                 loss: 0.0230
env1_first_0:                 episode reward: 0.7000,                 loss: nan
env1_second_0:                 episode reward: -0.7000,                 loss: nan
Episode: 821/10000 (8.2100%),                 avg. length: 600.2,                last time consumption/overall running time: 355.7780s / 13228.2657 s
env0_first_0:                 episode reward: -0.3500,                 loss: 0.0182
env0_second_0:                 episode reward: 0.3500,                 loss: 0.0238
env1_first_0:                 episode reward: 0.8000,                 loss: nan
env1_second_0:                 episode reward: -0.8000,                 loss: nan
Episode: 841/10000 (8.4100%),                 avg. length: 594.8,                last time consumption/overall running time: 354.1904s / 13582.4561 s
env0_first_0:                 episode reward: 0.2000,                 loss: 0.0176
env0_second_0:                 episode reward: -0.2000,                 loss: 0.0242
env1_first_0:                 episode reward: -1.0500,                 loss: nan
env1_second_0:                 episode reward: 1.0500,                 loss: nan
Episode: 861/10000 (8.6100%),                 avg. length: 585.5,                last time consumption/overall running time: 349.0341s / 13931.4902 s
env0_first_0:                 episode reward: -0.2500,                 loss: 0.0180
env0_second_0:                 episode reward: 0.2500,                 loss: 0.0219
env1_first_0:                 episode reward: 0.0500,                 loss: nan
env1_second_0:                 episode reward: -0.0500,                 loss: nan
Episode: 881/10000 (8.8100%),                 avg. length: 604.75,                last time consumption/overall running time: 360.8527s / 14292.3429 s
env0_first_0:                 episode reward: 0.2000,                 loss: 0.0174
env0_second_0:                 episode reward: -0.2000,                 loss: 0.0217
env1_first_0:                 episode reward: -0.1500,                 loss: nan
env1_second_0:                 episode reward: 0.1500,                 loss: nan
Episode: 901/10000 (9.0100%),                 avg. length: 555.1,                last time consumption/overall running time: 329.8919s / 14622.2348 s
env0_first_0:                 episode reward: -0.1500,                 loss: 0.0200
env0_second_0:                 episode reward: 0.1500,                 loss: 0.0213
env1_first_0:                 episode reward: 0.4000,                 loss: nan
env1_second_0:                 episode reward: -0.4000,                 loss: nan
Episode: 921/10000 (9.2100%),                 avg. length: 564.8,                last time consumption/overall running time: 334.0040s / 14956.2388 s
env0_first_0:                 episode reward: -0.0500,                 loss: 0.0183
env0_second_0:                 episode reward: 0.0500,                 loss: 0.0217
env1_first_0:                 episode reward: 0.6500,                 loss: nan
env1_second_0:                 episode reward: -0.6500,                 loss: nan
Episode: 941/10000 (9.4100%),                 avg. length: 565.55,                last time consumption/overall running time: 331.5191s / 15287.7579 s
env0_first_0:                 episode reward: -0.1500,                 loss: 0.0219
env0_second_0:                 episode reward: 0.1500,                 loss: 0.0216
env1_first_0:                 episode reward: -0.1000,                 loss: nan
env1_second_0:                 episode reward: 0.1000,                 loss: nan
Episode: 961/10000 (9.6100%),                 avg. length: 552.05,                last time consumption/overall running time: 326.4742s / 15614.2321 s
env0_first_0:                 episode reward: 0.4000,                 loss: 0.0197
env0_second_0:                 episode reward: -0.4000,                 loss: 0.0208
env1_first_0:                 episode reward: -0.1500,                 loss: nan
env1_second_0:                 episode reward: 0.1500,                 loss: nan
Episode: 981/10000 (9.8100%),                 avg. length: 571.75,                last time consumption/overall running time: 341.5016s / 15955.7337 s
env0_first_0:                 episode reward: 0.5000,                 loss: 0.0214
env0_second_0:                 episode reward: -0.5000,                 loss: 0.0200
env1_first_0:                 episode reward: 0.3500,                 loss: nan
env1_second_0:                 episode reward: -0.3500,                 loss: nan
Episode: 1001/10000 (10.0100%),                 avg. length: 537.7,                last time consumption/overall running time: 321.9603s / 16277.6940 s
env0_first_0:                 episode reward: -0.3000,                 loss: 0.0207
env0_second_0:                 episode reward: 0.3000,                 loss: 0.0207
env1_first_0:                 episode reward: -0.9000,                 loss: nan
env1_second_0:                 episode reward: 0.9000,                 loss: nan
Episode: 1021/10000 (10.2100%),                 avg. length: 556.85,                last time consumption/overall running time: 331.3935s / 16609.0875 s
env0_first_0:                 episode reward: 0.0000,                 loss: 0.0208
env0_second_0:                 episode reward: 0.0000,                 loss: 0.0200
env1_first_0:                 episode reward: 1.8500,                 loss: nan
env1_second_0:                 episode reward: -1.8500,                 loss: nan
Episode: 1041/10000 (10.4100%),                 avg. length: 558.2,                last time consumption/overall running time: 332.6996s / 16941.7871 s
env0_first_0:                 episode reward: 0.2500,                 loss: 0.0210
env0_second_0:                 episode reward: -0.2500,                 loss: 0.0223
env1_first_0:                 episode reward: 1.2000,                 loss: nan
env1_second_0:                 episode reward: -1.2000,                 loss: nan
Episode: 1061/10000 (10.6100%),                 avg. length: 577.3,                last time consumption/overall running time: 340.8879s / 17282.6750 s
env0_first_0:                 episode reward: 0.2000,                 loss: 0.0211
env0_second_0:                 episode reward: -0.2000,                 loss: 0.0217
env1_first_0:                 episode reward: -0.3500,                 loss: nan
env1_second_0:                 episode reward: 0.3500,                 loss: nan
Episode: 1081/10000 (10.8100%),                 avg. length: 564.55,                last time consumption/overall running time: 330.9498s / 17613.6248 s
env0_first_0:                 episode reward: 0.1000,                 loss: 0.0220
env0_second_0:                 episode reward: -0.1000,                 loss: 0.0220
env1_first_0:                 episode reward: 0.4500,                 loss: nan
env1_second_0:                 episode reward: -0.4500,                 loss: nan
Episode: 1101/10000 (11.0100%),                 avg. length: 580.1,                last time consumption/overall running time: 338.9162s / 17952.5411 s
env0_first_0:                 episode reward: 0.4500,                 loss: 0.0216
env0_second_0:                 episode reward: -0.4500,                 loss: 0.0227
env1_first_0:                 episode reward: 0.0000,                 loss: nan
env1_second_0:                 episode reward: 0.0000,                 loss: nan
Episode: 1121/10000 (11.2100%),                 avg. length: 580.0,                last time consumption/overall running time: 344.0780s / 18296.6191 s
env0_first_0:                 episode reward: 0.0500,                 loss: 0.0216
env0_second_0:                 episode reward: -0.0500,                 loss: 0.0219
env1_first_0:                 episode reward: -0.4500,                 loss: nan
env1_second_0:                 episode reward: 0.4500,                 loss: nan
Episode: 1141/10000 (11.4100%),                 avg. length: 493.7,                last time consumption/overall running time: 289.4095s / 18586.0286 s
env0_first_0:                 episode reward: 0.0500,                 loss: 0.0209
env0_second_0:                 episode reward: -0.0500,                 loss: 0.0217
env1_first_0:                 episode reward: 0.1000,                 loss: nan
env1_second_0:                 episode reward: -0.1000,                 loss: nan
Episode: 1161/10000 (11.6100%),                 avg. length: 579.75,                last time consumption/overall running time: 339.3874s / 18925.4160 s
env0_first_0:                 episode reward: -0.4000,                 loss: 0.0202
env0_second_0:                 episode reward: 0.4000,                 loss: 0.0223
env1_first_0:                 episode reward: -0.4500,                 loss: nan
env1_second_0:                 episode reward: 0.4500,                 loss: nan
Episode: 1181/10000 (11.8100%),                 avg. length: 587.9,                last time consumption/overall running time: 345.4510s / 19270.8670 s
env0_first_0:                 episode reward: 0.3500,                 loss: 0.0201
env0_second_0:                 episode reward: -0.3500,                 loss: 0.0222
env1_first_0:                 episode reward: 0.2000,                 loss: nan
env1_second_0:                 episode reward: -0.2000,                 loss: nan
Episode: 1201/10000 (12.0100%),                 avg. length: 535.5,                last time consumption/overall running time: 315.0256s / 19585.8926 s
env0_first_0:                 episode reward: -0.5000,                 loss: 0.0201
env0_second_0:                 episode reward: 0.5000,                 loss: 0.0222
env1_first_0:                 episode reward: -0.8500,                 loss: nan
env1_second_0:                 episode reward: 0.8500,                 loss: nan
Episode: 1221/10000 (12.2100%),                 avg. length: 588.15,                last time consumption/overall running time: 348.9236s / 19934.8162 s
env0_first_0:                 episode reward: -0.2000,                 loss: 0.0220
env0_second_0:                 episode reward: 0.2000,                 loss: 0.0223
env1_first_0:                 episode reward: 0.0000,                 loss: nan
env1_second_0:                 episode reward: 0.0000,                 loss: nan
Episode: 1241/10000 (12.4100%),                 avg. length: 563.3,                last time consumption/overall running time: 352.3343s / 20287.1504 s
env0_first_0:                 episode reward: -0.1000,                 loss: 0.0218
env0_second_0:                 episode reward: 0.1000,                 loss: 0.0227
env1_first_0:                 episode reward: 0.2000,                 loss: nan
env1_second_0:                 episode reward: -0.2000,                 loss: nan
Episode: 1261/10000 (12.6100%),                 avg. length: 530.85,                last time consumption/overall running time: 309.8228s / 20596.9732 s
env0_first_0:                 episode reward: 0.6500,                 loss: 0.0198
env0_second_0:                 episode reward: -0.6500,                 loss: 0.0220
env1_first_0:                 episode reward: 0.3500,                 loss: nan
env1_second_0:                 episode reward: -0.3500,                 loss: nan
Episode: 1281/10000 (12.8100%),                 avg. length: 599.1,                last time consumption/overall running time: 353.7909s / 20950.7641 s
env0_first_0:                 episode reward: 0.3000,                 loss: 0.0233
env0_second_0:                 episode reward: -0.3000,                 loss: 0.0245
env1_first_0:                 episode reward: 0.3500,                 loss: nan
env1_second_0:                 episode reward: -0.3500,                 loss: nan
Episode: 1301/10000 (13.0100%),                 avg. length: 555.75,                last time consumption/overall running time: 333.9307s / 21284.6948 s
env0_first_0:                 episode reward: 0.1500,                 loss: 0.0227
env0_second_0:                 episode reward: -0.1500,                 loss: 0.0228
env1_first_0:                 episode reward: 0.4000,                 loss: nan
env1_second_0:                 episode reward: -0.4000,                 loss: nan
Episode: 1321/10000 (13.2100%),                 avg. length: 589.35,                last time consumption/overall running time: 348.8395s / 21633.5343 s
env0_first_0:                 episode reward: 0.0000,                 loss: 0.0238
env0_second_0:                 episode reward: 0.0000,                 loss: 0.0195
env1_first_0:                 episode reward: 0.5000,                 loss: nan
env1_second_0:                 episode reward: -0.5000,                 loss: nan
Episode: 1341/10000 (13.4100%),                 avg. length: 575.3,                last time consumption/overall running time: 344.3643s / 21977.8986 s
env0_first_0:                 episode reward: 0.4500,                 loss: 0.0212
env0_second_0:                 episode reward: -0.4500,                 loss: 0.0219
env1_first_0:                 episode reward: -0.6000,                 loss: nan
env1_second_0:                 episode reward: 0.6000,                 loss: nan
Episode: 1361/10000 (13.6100%),                 avg. length: 583.45,                last time consumption/overall running time: 348.4343s / 22326.3329 s
env0_first_0:                 episode reward: -0.1000,                 loss: 0.0218
env0_second_0:                 episode reward: 0.1000,                 loss: 0.0212
env1_first_0:                 episode reward: -0.4500,                 loss: nan
env1_second_0:                 episode reward: 0.4500,                 loss: nan
Episode: 1381/10000 (13.8100%),                 avg. length: 535.7,                last time consumption/overall running time: 317.6428s / 22643.9757 s
env0_first_0:                 episode reward: 0.7000,                 loss: 0.0227
env0_second_0:                 episode reward: -0.7000,                 loss: 0.0223
env1_first_0:                 episode reward: 0.1500,                 loss: nan
env1_second_0:                 episode reward: -0.1500,                 loss: nan
Episode: 1401/10000 (14.0100%),                 avg. length: 544.05,                last time consumption/overall running time: 322.1148s / 22966.0905 s
env0_first_0:                 episode reward: -0.8000,                 loss: 0.0223
env0_second_0:                 episode reward: 0.8000,                 loss: 0.0208
env1_first_0:                 episode reward: 0.0500,                 loss: nan
env1_second_0:                 episode reward: -0.0500,                 loss: nan
Episode: 1421/10000 (14.2100%),                 avg. length: 616.25,                last time consumption/overall running time: 363.5694s / 23329.6599 s
env0_first_0:                 episode reward: -1.1000,                 loss: 0.0236
env0_second_0:                 episode reward: 1.1000,                 loss: 0.0224
env1_first_0:                 episode reward: 0.3000,                 loss: nan
env1_second_0:                 episode reward: -0.3000,                 loss: nan
Episode: 1441/10000 (14.4100%),                 avg. length: 561.8,                last time consumption/overall running time: 333.3286s / 23662.9885 s
env0_first_0:                 episode reward: 0.1000,                 loss: 0.0227
env0_second_0:                 episode reward: -0.1000,                 loss: 0.0233
env1_first_0:                 episode reward: 0.1500,                 loss: nan
env1_second_0:                 episode reward: -0.1500,                 loss: nan
Episode: 1461/10000 (14.6100%),                 avg. length: 578.1,                last time consumption/overall running time: 341.9863s / 24004.9748 s
env0_first_0:                 episode reward: -0.3500,                 loss: 0.0238
env0_second_0:                 episode reward: 0.3500,                 loss: 0.0230
env1_first_0:                 episode reward: -0.5000,                 loss: nan
env1_second_0:                 episode reward: 0.5000,                 loss: nan
Episode: 1481/10000 (14.8100%),                 avg. length: 560.7,                last time consumption/overall running time: 333.4735s / 24338.4483 s
env0_first_0:                 episode reward: -0.3500,                 loss: 0.0237
env0_second_0:                 episode reward: 0.3500,                 loss: 0.0225
env1_first_0:                 episode reward: -0.7500,                 loss: nan
env1_second_0:                 episode reward: 0.7500,                 loss: nan
Episode: 1501/10000 (15.0100%),                 avg. length: 565.5,                last time consumption/overall running time: 341.6249s / 24680.0732 s
env0_first_0:                 episode reward: -0.5500,                 loss: 0.0208
env0_second_0:                 episode reward: 0.5500,                 loss: 0.0232
env1_first_0:                 episode reward: -0.6500,                 loss: nan
env1_second_0:                 episode reward: 0.6500,                 loss: nan
Episode: 1521/10000 (15.2100%),                 avg. length: 607.65,                last time consumption/overall running time: 366.2034s / 25046.2766 s
env0_first_0:                 episode reward: 0.3500,                 loss: 0.0234
env0_second_0:                 episode reward: -0.3500,                 loss: 0.0233
env1_first_0:                 episode reward: -0.5500,                 loss: nan
env1_second_0:                 episode reward: 0.5500,                 loss: nan
Episode: 1541/10000 (15.4100%),                 avg. length: 592.65,                last time consumption/overall running time: 350.6700s / 25396.9466 s
env0_first_0:                 episode reward: 0.8000,                 loss: 0.0218
env0_second_0:                 episode reward: -0.8000,                 loss: 0.0253
env1_first_0:                 episode reward: 0.2500,                 loss: nan
env1_second_0:                 episode reward: -0.2500,                 loss: nan
Episode: 1561/10000 (15.6100%),                 avg. length: 577.35,                last time consumption/overall running time: 344.0603s / 25741.0069 s
env0_first_0:                 episode reward: 1.1500,                 loss: 0.0211
env0_second_0:                 episode reward: -1.1500,                 loss: 0.0247
env1_first_0:                 episode reward: 1.0000,                 loss: nan
env1_second_0:                 episode reward: -1.0000,                 loss: nan
Episode: 1581/10000 (15.8100%),                 avg. length: 548.8,                last time consumption/overall running time: 326.9077s / 26067.9146 s
env0_first_0:                 episode reward: -0.5500,                 loss: 0.0243
env0_second_0:                 episode reward: 0.5500,                 loss: 0.0232
env1_first_0:                 episode reward: 0.9000,                 loss: nan
env1_second_0:                 episode reward: -0.9000,                 loss: nan
Episode: 1601/10000 (16.0100%),                 avg. length: 564.9,                last time consumption/overall running time: 340.0143s / 26407.9289 s
env0_first_0:                 episode reward: 0.2000,                 loss: 0.0221
env0_second_0:                 episode reward: -0.2000,                 loss: 0.0225
env1_first_0:                 episode reward: 0.3000,                 loss: nan
env1_second_0:                 episode reward: -0.3000,                 loss: nan
Episode: 1621/10000 (16.2100%),                 avg. length: 581.45,                last time consumption/overall running time: 340.1877s / 26748.1166 s
env0_first_0:                 episode reward: 0.3500,                 loss: 0.0216
env0_second_0:                 episode reward: -0.3500,                 loss: 0.0221
env1_first_0:                 episode reward: -1.0500,                 loss: nan
env1_second_0:                 episode reward: 1.0500,                 loss: nan
Episode: 1641/10000 (16.4100%),                 avg. length: 542.0,                last time consumption/overall running time: 321.1132s / 27069.2298 s
env0_first_0:                 episode reward: 0.0000,                 loss: 0.0210
env0_second_0:                 episode reward: 0.0000,                 loss: 0.0221
env1_first_0:                 episode reward: -1.5000,                 loss: nan
env1_second_0:                 episode reward: 1.5000,                 loss: nan
Episode: 1661/10000 (16.6100%),                 avg. length: 567.0,                last time consumption/overall running time: 340.0953s / 27409.3251 s
env0_first_0:                 episode reward: 0.4000,                 loss: 0.0209
env0_second_0:                 episode reward: -0.4000,                 loss: 0.0242
env1_first_0:                 episode reward: 0.1000,                 loss: nan
env1_second_0:                 episode reward: -0.1000,                 loss: nan
Episode: 1681/10000 (16.8100%),                 avg. length: 548.9,                last time consumption/overall running time: 326.0130s / 27735.3380 s
env0_first_0:                 episode reward: -0.4500,                 loss: 0.0224
env0_second_0:                 episode reward: 0.4500,                 loss: 0.0223
env1_first_0:                 episode reward: -0.2000,                 loss: nan
env1_second_0:                 episode reward: 0.2000,                 loss: nan
Episode: 1701/10000 (17.0100%),                 avg. length: 590.65,                last time consumption/overall running time: 345.9352s / 28081.2732 s
env0_first_0:                 episode reward: -0.8000,                 loss: 0.0252
env0_second_0:                 episode reward: 0.8000,                 loss: 0.0242
env1_first_0:                 episode reward: 0.9000,                 loss: nan
env1_second_0:                 episode reward: -0.9000,                 loss: nan
Episode: 1721/10000 (17.2100%),                 avg. length: 607.45,                last time consumption/overall running time: 354.6746s / 28435.9478 s
env0_first_0:                 episode reward: -0.0500,                 loss: 0.0243
env0_second_0:                 episode reward: 0.0500,                 loss: 0.0231
env1_first_0:                 episode reward: 0.1000,                 loss: nan
env1_second_0:                 episode reward: -0.1000,                 loss: nan
Episode: 1741/10000 (17.4100%),                 avg. length: 542.8,                last time consumption/overall running time: 316.3941s / 28752.3419 s
env0_first_0:                 episode reward: -0.6500,                 loss: 0.0282
env0_second_0:                 episode reward: 0.6500,                 loss: 0.0215
env1_first_0:                 episode reward: -0.1500,                 loss: nan
env1_second_0:                 episode reward: 0.1500,                 loss: nan
Episode: 1761/10000 (17.6100%),                 avg. length: 543.3,                last time consumption/overall running time: 321.5061s / 29073.8480 s
env0_first_0:                 episode reward: -0.4500,                 loss: 0.0260
env0_second_0:                 episode reward: 0.4500,                 loss: 0.0227
env1_first_0:                 episode reward: -0.2000,                 loss: nan
env1_second_0:                 episode reward: 0.2000,                 loss: nan
Episode: 1781/10000 (17.8100%),                 avg. length: 540.75,                last time consumption/overall running time: 319.2692s / 29393.1172 s
env0_first_0:                 episode reward: 0.2500,                 loss: 0.0257
env0_second_0:                 episode reward: -0.2500,                 loss: 0.0217
env1_first_0:                 episode reward: 0.2500,                 loss: nan
env1_second_0:                 episode reward: -0.2500,                 loss: nan
Episode: 1801/10000 (18.0100%),                 avg. length: 574.45,                last time consumption/overall running time: 342.1247s / 29735.2419 s
env0_first_0:                 episode reward: 0.5000,                 loss: 0.0245
env0_second_0:                 episode reward: -0.5000,                 loss: 0.0212
env1_first_0:                 episode reward: 0.3500,                 loss: nan
env1_second_0:                 episode reward: -0.3500,                 loss: nan
Episode: 1821/10000 (18.2100%),                 avg. length: 532.55,                last time consumption/overall running time: 315.3749s / 30050.6167 s
env0_first_0:                 episode reward: 0.8000,                 loss: 0.0227
env0_second_0:                 episode reward: -0.8000,                 loss: 0.0211
env1_first_0:                 episode reward: 1.2500,                 loss: nan
env1_second_0:                 episode reward: -1.2500,                 loss: nan
Episode: 1841/10000 (18.4100%),                 avg. length: 554.7,                last time consumption/overall running time: 332.6790s / 30383.2958 s
env0_first_0:                 episode reward: 0.4000,                 loss: 0.0231
env0_second_0:                 episode reward: -0.4000,                 loss: 0.0225
env1_first_0:                 episode reward: 0.1000,                 loss: nan
env1_second_0:                 episode reward: -0.1000,                 loss: nan
Episode: 1861/10000 (18.6100%),                 avg. length: 545.7,                last time consumption/overall running time: 322.9765s / 30706.2722 s
env0_first_0:                 episode reward: -0.6000,                 loss: 0.0263
env0_second_0:                 episode reward: 0.6000,                 loss: 0.0222
env1_first_0:                 episode reward: -0.9000,                 loss: nan
env1_second_0:                 episode reward: 0.9000,                 loss: nan
Episode: 1881/10000 (18.8100%),                 avg. length: 584.6,                last time consumption/overall running time: 350.7724s / 31057.0446 s
env0_first_0:                 episode reward: 0.5500,                 loss: 0.0252
env0_second_0:                 episode reward: -0.5500,                 loss: 0.0217
env1_first_0:                 episode reward: 0.2500,                 loss: nan
env1_second_0:                 episode reward: -0.2500,                 loss: nan
Episode: 1901/10000 (19.0100%),                 avg. length: 626.45,                last time consumption/overall running time: 370.0437s / 31427.0883 s
env0_first_0:                 episode reward: -0.4000,                 loss: 0.0272
env0_second_0:                 episode reward: 0.4000,                 loss: 0.0230
env1_first_0:                 episode reward: 0.3500,                 loss: nan
env1_second_0:                 episode reward: -0.3500,                 loss: nan
Episode: 1921/10000 (19.2100%),                 avg. length: 566.9,                last time consumption/overall running time: 337.8555s / 31764.9438 s
env0_first_0:                 episode reward: 0.1000,                 loss: 0.0265
env0_second_0:                 episode reward: -0.1000,                 loss: 0.0232
env1_first_0:                 episode reward: -0.7000,                 loss: nan
env1_second_0:                 episode reward: 0.7000,                 loss: nan
Episode: 1941/10000 (19.4100%),                 avg. length: 567.3,                last time consumption/overall running time: 334.2979s / 32099.2417 s
env0_first_0:                 episode reward: -0.2500,                 loss: 0.0251
env0_second_0:                 episode reward: 0.2500,                 loss: 0.0222
env1_first_0:                 episode reward: 0.3000,                 loss: nan
env1_second_0:                 episode reward: -0.3000,                 loss: nan
Episode: 1961/10000 (19.6100%),                 avg. length: 550.9,                last time consumption/overall running time: 328.5914s / 32427.8331 s
env0_first_0:                 episode reward: 0.0000,                 loss: 0.0263
env0_second_0:                 episode reward: 0.0000,                 loss: 0.0229
env1_first_0:                 episode reward: 0.3000,                 loss: nan
env1_second_0:                 episode reward: -0.3000,                 loss: nan
Episode: 1981/10000 (19.8100%),                 avg. length: 593.65,                last time consumption/overall running time: 355.4384s / 32783.2715 s
env0_first_0:                 episode reward: 0.4000,                 loss: 0.0240
env0_second_0:                 episode reward: -0.4000,                 loss: 0.0232
env1_first_0:                 episode reward: -0.5000,                 loss: nan
env1_second_0:                 episode reward: 0.5000,                 loss: nan
Episode: 2001/10000 (20.0100%),                 avg. length: 537.85,                last time consumption/overall running time: 317.1951s / 33100.4665 s
env0_first_0:                 episode reward: 0.2000,                 loss: 0.0265
env0_second_0:                 episode reward: -0.2000,                 loss: 0.0212
env1_first_0:                 episode reward: -0.3500,                 loss: nan
env1_second_0:                 episode reward: 0.3500,                 loss: nan
Episode: 2021/10000 (20.2100%),                 avg. length: 620.85,                last time consumption/overall running time: 372.8151s / 33473.2817 s
env0_first_0:                 episode reward: -0.2500,                 loss: 0.0272
env0_second_0:                 episode reward: 0.2500,                 loss: 0.0223
env1_first_0:                 episode reward: -0.2500,                 loss: nan
env1_second_0:                 episode reward: 0.2500,                 loss: nan
Episode: 2041/10000 (20.4100%),                 avg. length: 564.35,                last time consumption/overall running time: 334.5929s / 33807.8746 s
env0_first_0:                 episode reward: -1.2000,                 loss: 0.0256
env0_second_0:                 episode reward: 1.2000,                 loss: 0.0251
env1_first_0:                 episode reward: 0.1000,                 loss: nan
env1_second_0:                 episode reward: -0.1000,                 loss: nan
Episode: 2061/10000 (20.6100%),                 avg. length: 585.1,                last time consumption/overall running time: 352.6553s / 34160.5299 s
env0_first_0:                 episode reward: 0.1000,                 loss: 0.0260
env0_second_0:                 episode reward: -0.1000,                 loss: 0.0228
env1_first_0:                 episode reward: 0.3000,                 loss: nan
env1_second_0:                 episode reward: -0.3000,                 loss: nan
Episode: 2081/10000 (20.8100%),                 avg. length: 554.7,                last time consumption/overall running time: 331.2953s / 34491.8252 s
env0_first_0:                 episode reward: -1.6000,                 loss: 0.0247
env0_second_0:                 episode reward: 1.6000,                 loss: 0.0244
env1_first_0:                 episode reward: 0.0500,                 loss: nan
env1_second_0:                 episode reward: -0.0500,                 loss: nan
Episode: 2101/10000 (21.0100%),                 avg. length: 598.95,                last time consumption/overall running time: 360.4094s / 34852.2346 s
env0_first_0:                 episode reward: 0.0500,                 loss: 0.0241
env0_second_0:                 episode reward: -0.0500,                 loss: 0.0225
env1_first_0:                 episode reward: -0.7000,                 loss: nan
env1_second_0:                 episode reward: 0.7000,                 loss: nan
Episode: 2121/10000 (21.2100%),                 avg. length: 559.7,                last time consumption/overall running time: 333.5700s / 35185.8046 s
env0_first_0:                 episode reward: 0.1500,                 loss: 0.0247
env0_second_0:                 episode reward: -0.1500,                 loss: 0.0239
env1_first_0:                 episode reward: 0.3000,                 loss: nan
env1_second_0:                 episode reward: -0.3000,                 loss: nan
Episode: 2141/10000 (21.4100%),                 avg. length: 575.7,                last time consumption/overall running time: 340.0141s / 35525.8187 s
env0_first_0:                 episode reward: -0.4000,                 loss: 0.0242
env0_second_0:                 episode reward: 0.4000,                 loss: 0.0222
env1_first_0:                 episode reward: -0.5000,                 loss: nan
env1_second_0:                 episode reward: 0.5000,                 loss: nan
Episode: 2161/10000 (21.6100%),                 avg. length: 553.85,                last time consumption/overall running time: 324.7707s / 35850.5894 s
env0_first_0:                 episode reward: 0.4500,                 loss: 0.0244
env0_second_0:                 episode reward: -0.4500,                 loss: 0.0240
env1_first_0:                 episode reward: -0.4500,                 loss: nan
env1_second_0:                 episode reward: 0.4500,                 loss: nan
Episode: 2181/10000 (21.8100%),                 avg. length: 587.5,                last time consumption/overall running time: 348.8564s / 36199.4458 s
env0_first_0:                 episode reward: 0.0000,                 loss: 0.0250
env0_second_0:                 episode reward: 0.0000,                 loss: 0.0253
env1_first_0:                 episode reward: -0.5000,                 loss: nan
env1_second_0:                 episode reward: 0.5000,                 loss: nan
Episode: 2201/10000 (22.0100%),                 avg. length: 559.55,                last time consumption/overall running time: 333.4517s / 36532.8975 s
env0_first_0:                 episode reward: -0.2500,                 loss: 0.0243
env0_second_0:                 episode reward: 0.2500,                 loss: 0.0253
env1_first_0:                 episode reward: 0.2000,                 loss: nan
env1_second_0:                 episode reward: -0.2000,                 loss: nan
Episode: 2221/10000 (22.2100%),                 avg. length: 556.55,                last time consumption/overall running time: 327.7367s / 36860.6341 s
env0_first_0:                 episode reward: 0.7000,                 loss: 0.0238
env0_second_0:                 episode reward: -0.7000,                 loss: 0.0239
env1_first_0:                 episode reward: -0.4000,                 loss: nan
env1_second_0:                 episode reward: 0.4000,                 loss: nan
Episode: 2241/10000 (22.4100%),                 avg. length: 556.7,                last time consumption/overall running time: 335.4452s / 37196.0794 s
env0_first_0:                 episode reward: -1.0000,                 loss: 0.0262
env0_second_0:                 episode reward: 1.0000,                 loss: 0.0232
env1_first_0:                 episode reward: -0.3500,                 loss: nan
env1_second_0:                 episode reward: 0.3500,                 loss: nan
Episode: 2261/10000 (22.6100%),                 avg. length: 584.25,                last time consumption/overall running time: 385.0997s / 37581.1790 s
env0_first_0:                 episode reward: -0.3000,                 loss: 0.0246
env0_second_0:                 episode reward: 0.3000,                 loss: 0.0245
env1_first_0:                 episode reward: -0.4000,                 loss: nan
env1_second_0:                 episode reward: 0.4000,                 loss: nan
Episode: 2281/10000 (22.8100%),                 avg. length: 585.25,                last time consumption/overall running time: 517.8076s / 38098.9866 s
env0_first_0:                 episode reward: 0.3500,                 loss: 0.0242
env0_second_0:                 episode reward: -0.3500,                 loss: 0.0226
env1_first_0:                 episode reward: -0.3500,                 loss: nan
env1_second_0:                 episode reward: 0.3500,                 loss: nan
Episode: 2301/10000 (23.0100%),                 avg. length: 613.25,                last time consumption/overall running time: 541.9595s / 38640.9461 s
env0_first_0:                 episode reward: -0.6000,                 loss: 0.0248
env0_second_0:                 episode reward: 0.6000,                 loss: 0.0243
env1_first_0:                 episode reward: -0.7000,                 loss: nan
env1_second_0:                 episode reward: 0.7000,                 loss: nan
Episode: 2321/10000 (23.2100%),                 avg. length: 584.4,                last time consumption/overall running time: 415.1709s / 39056.1170 s
env0_first_0:                 episode reward: 0.0000,                 loss: 0.0220
env0_second_0:                 episode reward: 0.0000,                 loss: 0.0250
env1_first_0:                 episode reward: 0.3000,                 loss: nan
env1_second_0:                 episode reward: -0.3000,                 loss: nan
Episode: 2341/10000 (23.4100%),                 avg. length: 563.3,                last time consumption/overall running time: 401.4190s / 39457.5361 s
env0_first_0:                 episode reward: -0.8500,                 loss: 0.0232
env0_second_0:                 episode reward: 0.8500,                 loss: 0.0264
env1_first_0:                 episode reward: 0.8500,                 loss: nan
env1_second_0:                 episode reward: -0.8500,                 loss: nan
Episode: 2361/10000 (23.6100%),                 avg. length: 543.05,                last time consumption/overall running time: 386.3024s / 39843.8384 s
env0_first_0:                 episode reward: 0.3500,                 loss: 0.0223
env0_second_0:                 episode reward: -0.3500,                 loss: 0.0255
env1_first_0:                 episode reward: 0.6000,                 loss: nan
env1_second_0:                 episode reward: -0.6000,                 loss: nan
Episode: 2381/10000 (23.8100%),                 avg. length: 579.15,                last time consumption/overall running time: 407.4031s / 40251.2416 s
env0_first_0:                 episode reward: -0.1000,                 loss: 0.0220
env0_second_0:                 episode reward: 0.1000,                 loss: 0.0268
env1_first_0:                 episode reward: 0.5500,                 loss: nan
env1_second_0:                 episode reward: -0.5500,                 loss: nan
Episode: 2401/10000 (24.0100%),                 avg. length: 581.2,                last time consumption/overall running time: 417.8200s / 40669.0616 s
env0_first_0:                 episode reward: -0.3000,                 loss: 0.0243
env0_second_0:                 episode reward: 0.3000,                 loss: 0.0247
env1_first_0:                 episode reward: 0.6500,                 loss: nan
env1_second_0:                 episode reward: -0.6500,                 loss: nan
Episode: 2421/10000 (24.2100%),                 avg. length: 585.65,                last time consumption/overall running time: 415.5169s / 41084.5785 s
env0_first_0:                 episode reward: -0.7000,                 loss: 0.0227
env0_second_0:                 episode reward: 0.7000,                 loss: 0.0244
env1_first_0:                 episode reward: -0.5000,                 loss: nan
env1_second_0:                 episode reward: 0.5000,                 loss: nan
Episode: 2441/10000 (24.4100%),                 avg. length: 575.3,                last time consumption/overall running time: 409.8185s / 41494.3970 s
env0_first_0:                 episode reward: 0.1000,                 loss: 0.0230
env0_second_0:                 episode reward: -0.1000,                 loss: 0.0223
env1_first_0:                 episode reward: -0.3000,                 loss: nan
env1_second_0:                 episode reward: 0.3000,                 loss: nan
Episode: 2461/10000 (24.6100%),                 avg. length: 567.1,                last time consumption/overall running time: 401.0737s / 41895.4707 s
env0_first_0:                 episode reward: 0.4000,                 loss: 0.0227
env0_second_0:                 episode reward: -0.4000,                 loss: 0.0240
env1_first_0:                 episode reward: -0.7500,                 loss: nan
env1_second_0:                 episode reward: 0.7500,                 loss: nan
Episode: 2481/10000 (24.8100%),                 avg. length: 564.9,                last time consumption/overall running time: 402.8697s / 42298.3404 s
env0_first_0:                 episode reward: -0.3000,                 loss: 0.0217
env0_second_0:                 episode reward: 0.3000,                 loss: 0.0239
env1_first_0:                 episode reward: 0.1500,                 loss: nan
env1_second_0:                 episode reward: -0.1500,                 loss: nan
Episode: 2501/10000 (25.0100%),                 avg. length: 555.05,                last time consumption/overall running time: 399.6495s / 42697.9899 s
env0_first_0:                 episode reward: 0.0500,                 loss: 0.0212
env0_second_0:                 episode reward: -0.0500,                 loss: 0.0238
env1_first_0:                 episode reward: -1.1000,                 loss: nan
env1_second_0:                 episode reward: 1.1000,                 loss: nan
Episode: 2521/10000 (25.2100%),                 avg. length: 565.1,                last time consumption/overall running time: 402.3939s / 43100.3838 s
env0_first_0:                 episode reward: -0.8000,                 loss: 0.0229
env0_second_0:                 episode reward: 0.8000,                 loss: 0.0255
env1_first_0:                 episode reward: 1.2000,                 loss: nan
env1_second_0:                 episode reward: -1.2000,                 loss: nan
Episode: 2541/10000 (25.4100%),                 avg. length: 583.95,                last time consumption/overall running time: 419.1655s / 43519.5493 s
env0_first_0:                 episode reward: -0.2000,                 loss: 0.0236
env0_second_0:                 episode reward: 0.2000,                 loss: 0.0238
env1_first_0:                 episode reward: 0.3500,                 loss: nan
env1_second_0:                 episode reward: -0.3500,                 loss: nan
Episode: 2561/10000 (25.6100%),                 avg. length: 569.9,                last time consumption/overall running time: 409.0057s / 43928.5550 s
env0_first_0:                 episode reward: -0.1500,                 loss: 0.0235
env0_second_0:                 episode reward: 0.1500,                 loss: 0.0243
env1_first_0:                 episode reward: 1.3500,                 loss: nan
env1_second_0:                 episode reward: -1.3500,                 loss: nan
Episode: 2581/10000 (25.8100%),                 avg. length: 609.05,                last time consumption/overall running time: 431.3969s / 44359.9519 s
env0_first_0:                 episode reward: -0.3500,                 loss: 0.0235
env0_second_0:                 episode reward: 0.3500,                 loss: 0.0248
env1_first_0:                 episode reward: -0.6000,                 loss: nan
env1_second_0:                 episode reward: 0.6000,                 loss: nan
Episode: 2601/10000 (26.0100%),                 avg. length: 579.05,                last time consumption/overall running time: 415.2176s / 44775.1695 s
env0_first_0:                 episode reward: -0.3500,                 loss: 0.0247
env0_second_0:                 episode reward: 0.3500,                 loss: 0.0245
env1_first_0:                 episode reward: 0.6500,                 loss: nan
env1_second_0:                 episode reward: -0.6500,                 loss: nan
Episode: 2621/10000 (26.2100%),                 avg. length: 566.3,                last time consumption/overall running time: 401.9737s / 45177.1433 s
env0_first_0:                 episode reward: 0.7000,                 loss: 0.0241
env0_second_0:                 episode reward: -0.7000,                 loss: 0.0237
env1_first_0:                 episode reward: -0.7500,                 loss: nan
env1_second_0:                 episode reward: 0.7500,                 loss: nan
Episode: 2641/10000 (26.4100%),                 avg. length: 587.95,                last time consumption/overall running time: 421.0428s / 45598.1861 s
env0_first_0:                 episode reward: 0.5500,                 loss: 0.0244
env0_second_0:                 episode reward: -0.5500,                 loss: 0.0232
env1_first_0:                 episode reward: 0.0000,                 loss: nan
env1_second_0:                 episode reward: 0.0000,                 loss: nan
Episode: 2661/10000 (26.6100%),                 avg. length: 564.7,                last time consumption/overall running time: 407.3138s / 46005.4999 s
env0_first_0:                 episode reward: 0.4500,                 loss: 0.0244
env0_second_0:                 episode reward: -0.4500,                 loss: 0.0245
env1_first_0:                 episode reward: 0.2500,                 loss: nan
env1_second_0:                 episode reward: -0.2500,                 loss: nan
Episode: 2681/10000 (26.8100%),                 avg. length: 597.45,                last time consumption/overall running time: 428.9250s / 46434.4248 s
env0_first_0:                 episode reward: -0.2500,                 loss: 0.0239
env0_second_0:                 episode reward: 0.2500,                 loss: 0.0242
env1_first_0:                 episode reward: -0.7000,                 loss: nan
env1_second_0:                 episode reward: 0.7000,                 loss: nan
Episode: 2701/10000 (27.0100%),                 avg. length: 588.5,                last time consumption/overall running time: 419.5386s / 46853.9634 s
env0_first_0:                 episode reward: 0.9500,                 loss: 0.0228
env0_second_0:                 episode reward: -0.9500,                 loss: 0.0256
env1_first_0:                 episode reward: -0.3500,                 loss: nan
env1_second_0:                 episode reward: 0.3500,                 loss: nan
Episode: 2721/10000 (27.2100%),                 avg. length: 570.2,                last time consumption/overall running time: 407.3961s / 47261.3595 s
env0_first_0:                 episode reward: -0.7500,                 loss: 0.0229
env0_second_0:                 episode reward: 0.7500,                 loss: 0.0224
env1_first_0:                 episode reward: -0.1000,                 loss: nan
env1_second_0:                 episode reward: 0.1000,                 loss: nan
Episode: 2741/10000 (27.4100%),                 avg. length: 549.15,                last time consumption/overall running time: 395.3383s / 47656.6978 s
env0_first_0:                 episode reward: -0.2500,                 loss: 0.0263
env0_second_0:                 episode reward: 0.2500,                 loss: 0.0241
env1_first_0:                 episode reward: -0.4500,                 loss: nan
env1_second_0:                 episode reward: 0.4500,                 loss: nan
Episode: 2761/10000 (27.6100%),                 avg. length: 589.1,                last time consumption/overall running time: 427.2864s / 48083.9843 s
env0_first_0:                 episode reward: -0.3000,                 loss: 0.0251
env0_second_0:                 episode reward: 0.3000,                 loss: 0.0228
env1_first_0:                 episode reward: 0.4000,                 loss: nan
env1_second_0:                 episode reward: -0.4000,                 loss: nan
Episode: 2781/10000 (27.8100%),                 avg. length: 563.85,                last time consumption/overall running time: 402.4047s / 48486.3889 s
env0_first_0:                 episode reward: 0.2000,                 loss: 0.0246
env0_second_0:                 episode reward: -0.2000,                 loss: 0.0241
env1_first_0:                 episode reward: -0.0500,                 loss: nan
env1_second_0:                 episode reward: 0.0500,                 loss: nan
Episode: 2801/10000 (28.0100%),                 avg. length: 565.05,                last time consumption/overall running time: 407.3965s / 48893.7854 s
env0_first_0:                 episode reward: 0.1000,                 loss: 0.0251
env0_second_0:                 episode reward: -0.1000,                 loss: 0.0232
env1_first_0:                 episode reward: -0.3500,                 loss: nan
env1_second_0:                 episode reward: 0.3500,                 loss: nan
Episode: 2821/10000 (28.2100%),                 avg. length: 544.8,                last time consumption/overall running time: 389.8422s / 49283.6277 s
env0_first_0:                 episode reward: 0.1000,                 loss: 0.0251
env0_second_0:                 episode reward: -0.1000,                 loss: 0.0229
env1_first_0:                 episode reward: 0.4500,                 loss: nan
env1_second_0:                 episode reward: -0.4500,                 loss: nan
Episode: 2841/10000 (28.4100%),                 avg. length: 552.9,                last time consumption/overall running time: 393.1427s / 49676.7704 s
env0_first_0:                 episode reward: -0.6000,                 loss: 0.0226
env0_second_0:                 episode reward: 0.6000,                 loss: 0.0222
env1_first_0:                 episode reward: -0.4500,                 loss: nan
env1_second_0:                 episode reward: 0.4500,                 loss: nan
Episode: 2861/10000 (28.6100%),                 avg. length: 572.45,                last time consumption/overall running time: 412.4252s / 50089.1956 s
env0_first_0:                 episode reward: -0.5000,                 loss: 0.0228
env0_second_0:                 episode reward: 0.5000,                 loss: 0.0224
env1_first_0:                 episode reward: 1.0000,                 loss: nan
env1_second_0:                 episode reward: -1.0000,                 loss: nan
Episode: 2881/10000 (28.8100%),                 avg. length: 550.25,                last time consumption/overall running time: 390.2710s / 50479.4665 s
env0_first_0:                 episode reward: 0.3000,                 loss: 0.0247
env0_second_0:                 episode reward: -0.3000,                 loss: 0.0232
env1_first_0:                 episode reward: 0.1000,                 loss: nan
env1_second_0:                 episode reward: -0.1000,                 loss: nan
Episode: 2901/10000 (29.0100%),                 avg. length: 598.7,                last time consumption/overall running time: 430.1386s / 50909.6051 s
env0_first_0:                 episode reward: 0.7000,                 loss: 0.0239
env0_second_0:                 episode reward: -0.7000,                 loss: 0.0235
env1_first_0:                 episode reward: 0.1500,                 loss: nan
env1_second_0:                 episode reward: -0.1500,                 loss: nan
Episode: 2921/10000 (29.2100%),                 avg. length: 551.7,                last time consumption/overall running time: 396.0837s / 51305.6889 s
env0_first_0:                 episode reward: -0.6000,                 loss: 0.0234
env0_second_0:                 episode reward: 0.6000,                 loss: 0.0228
env1_first_0:                 episode reward: 0.8500,                 loss: nan
env1_second_0:                 episode reward: -0.8500,                 loss: nan
Episode: 2941/10000 (29.4100%),                 avg. length: 554.15,                last time consumption/overall running time: 395.3639s / 51701.0527 s
env0_first_0:                 episode reward: -0.1500,                 loss: 0.0235
env0_second_0:                 episode reward: 0.1500,                 loss: 0.0229
env1_first_0:                 episode reward: 0.2000,                 loss: nan
env1_second_0:                 episode reward: -0.2000,                 loss: nan
Episode: 2961/10000 (29.6100%),                 avg. length: 547.6,                last time consumption/overall running time: 388.6779s / 52089.7307 s
env0_first_0:                 episode reward: -0.3000,                 loss: 0.0233
env0_second_0:                 episode reward: 0.3000,                 loss: 0.0241
env1_first_0:                 episode reward: -0.7000,                 loss: nan
env1_second_0:                 episode reward: 0.7000,                 loss: nan
Episode: 2981/10000 (29.8100%),                 avg. length: 572.75,                last time consumption/overall running time: 410.1317s / 52499.8623 s
env0_first_0:                 episode reward: 0.6500,                 loss: 0.0252
env0_second_0:                 episode reward: -0.6500,                 loss: 0.0230
env1_first_0:                 episode reward: -0.4500,                 loss: nan
env1_second_0:                 episode reward: 0.4500,                 loss: nan
Episode: 3001/10000 (30.0100%),                 avg. length: 560.2,                last time consumption/overall running time: 404.4031s / 52904.2654 s
env0_first_0:                 episode reward: -0.6500,                 loss: 0.0251
env0_second_0:                 episode reward: 0.6500,                 loss: 0.0253
env1_first_0:                 episode reward: 0.3500,                 loss: nan
env1_second_0:                 episode reward: -0.3500,                 loss: nan
Episode: 3021/10000 (30.2100%),                 avg. length: 595.85,                last time consumption/overall running time: 427.8543s / 53332.1197 s
env0_first_0:                 episode reward: 0.2500,                 loss: 0.0237
env0_second_0:                 episode reward: -0.2500,                 loss: 0.0244
env1_first_0:                 episode reward: 0.6000,                 loss: nan
env1_second_0:                 episode reward: -0.6000,                 loss: nan
Episode: 3041/10000 (30.4100%),                 avg. length: 572.15,                last time consumption/overall running time: 408.4456s / 53740.5653 s
env0_first_0:                 episode reward: 1.3000,                 loss: 0.0243
env0_second_0:                 episode reward: -1.3000,                 loss: 0.0229
env1_first_0:                 episode reward: -0.2500,                 loss: nan
env1_second_0:                 episode reward: 0.2500,                 loss: nan
Episode: 3061/10000 (30.6100%),                 avg. length: 563.8,                last time consumption/overall running time: 403.1326s / 54143.6979 s
env0_first_0:                 episode reward: 0.0500,                 loss: 0.0237
env0_second_0:                 episode reward: -0.0500,                 loss: 0.0224
env1_first_0:                 episode reward: -0.0500,                 loss: nan
env1_second_0:                 episode reward: 0.0500,                 loss: nan
Episode: 3081/10000 (30.8100%),                 avg. length: 591.7,                last time consumption/overall running time: 424.3693s / 54568.0672 s
env0_first_0:                 episode reward: -0.7500,                 loss: 0.0227
env0_second_0:                 episode reward: 0.7500,                 loss: 0.0252
env1_first_0:                 episode reward: 0.7000,                 loss: nan
env1_second_0:                 episode reward: -0.7000,                 loss: nan
Episode: 3101/10000 (31.0100%),                 avg. length: 571.95,                last time consumption/overall running time: 407.3747s / 54975.4419 s
env0_first_0:                 episode reward: -1.4000,                 loss: 0.0221
env0_second_0:                 episode reward: 1.4000,                 loss: 0.0236
env1_first_0:                 episode reward: 0.5500,                 loss: nan
env1_second_0:                 episode reward: -0.5500,                 loss: nan
Episode: 3121/10000 (31.2100%),                 avg. length: 601.65,                last time consumption/overall running time: 433.6480s / 55409.0899 s
env0_first_0:                 episode reward: 0.2500,                 loss: 0.0235
env0_second_0:                 episode reward: -0.2500,                 loss: 0.0258
env1_first_0:                 episode reward: 1.0500,                 loss: nan
env1_second_0:                 episode reward: -1.0500,                 loss: nan
Episode: 3141/10000 (31.4100%),                 avg. length: 562.8,                last time consumption/overall running time: 401.8629s / 55810.9528 s
env0_first_0:                 episode reward: -0.2000,                 loss: 0.0230
env0_second_0:                 episode reward: 0.2000,                 loss: 0.0259
env1_first_0:                 episode reward: -0.1000,                 loss: nan
env1_second_0:                 episode reward: 0.1000,                 loss: nan
Episode: 3161/10000 (31.6100%),                 avg. length: 586.15,                last time consumption/overall running time: 415.8101s / 56226.7629 s
env0_first_0:                 episode reward: -0.3000,                 loss: 0.0223
env0_second_0:                 episode reward: 0.3000,                 loss: 0.0262
env1_first_0:                 episode reward: 0.0500,                 loss: nan
env1_second_0:                 episode reward: -0.0500,                 loss: nan
Episode: 3181/10000 (31.8100%),                 avg. length: 598.3,                last time consumption/overall running time: 429.0195s / 56655.7825 s
env0_first_0:                 episode reward: -0.1000,                 loss: 0.0212
env0_second_0:                 episode reward: 0.1000,                 loss: 0.0248
env1_first_0:                 episode reward: 0.9500,                 loss: nan
env1_second_0:                 episode reward: -0.9500,                 loss: nan
Episode: 3201/10000 (32.0100%),                 avg. length: 552.7,                last time consumption/overall running time: 389.3638s / 57045.1462 s
env0_first_0:                 episode reward: 0.4500,                 loss: 0.0210
env0_second_0:                 episode reward: -0.4500,                 loss: 0.0241
env1_first_0:                 episode reward: -0.4000,                 loss: nan
env1_second_0:                 episode reward: 0.4000,                 loss: nan
Episode: 3221/10000 (32.2100%),                 avg. length: 576.05,                last time consumption/overall running time: 410.6711s / 57455.8174 s
env0_first_0:                 episode reward: 0.1000,                 loss: 0.0235
env0_second_0:                 episode reward: -0.1000,                 loss: 0.0251
env1_first_0:                 episode reward: 0.2000,                 loss: nan
env1_second_0:                 episode reward: -0.2000,                 loss: nan
Episode: 3241/10000 (32.4100%),                 avg. length: 579.45,                last time consumption/overall running time: 415.7222s / 57871.5396 s
env0_first_0:                 episode reward: 0.6000,                 loss: 0.0232
env0_second_0:                 episode reward: -0.6000,                 loss: 0.0252
env1_first_0:                 episode reward: -0.2500,                 loss: nan
env1_second_0:                 episode reward: 0.2500,                 loss: nan
Episode: 3261/10000 (32.6100%),                 avg. length: 570.05,                last time consumption/overall running time: 411.4725s / 58283.0121 s
env0_first_0:                 episode reward: 0.3500,                 loss: 0.0231
env0_second_0:                 episode reward: -0.3500,                 loss: 0.0234
env1_first_0:                 episode reward: -0.7000,                 loss: nan
env1_second_0:                 episode reward: 0.7000,                 loss: nan
Episode: 3281/10000 (32.8100%),                 avg. length: 568.45,                last time consumption/overall running time: 403.4178s / 58686.4299 s
env0_first_0:                 episode reward: 0.3000,                 loss: 0.0244
env0_second_0:                 episode reward: -0.3000,                 loss: 0.0243
env1_first_0:                 episode reward: -0.1500,                 loss: nan
env1_second_0:                 episode reward: 0.1500,                 loss: nan
Episode: 3301/10000 (33.0100%),                 avg. length: 557.15,                last time consumption/overall running time: 399.3656s / 59085.7954 s
env0_first_0:                 episode reward: 0.7000,                 loss: 0.0229
env0_second_0:                 episode reward: -0.7000,                 loss: 0.0241
env1_first_0:                 episode reward: -0.0500,                 loss: nan
env1_second_0:                 episode reward: 0.0500,                 loss: nan
Episode: 3321/10000 (33.2100%),                 avg. length: 571.7,                last time consumption/overall running time: 406.0045s / 59491.8000 s
env0_first_0:                 episode reward: 0.7000,                 loss: 0.0237
env0_second_0:                 episode reward: -0.7000,                 loss: 0.0239
env1_first_0:                 episode reward: 0.8500,                 loss: nan
env1_second_0:                 episode reward: -0.8500,                 loss: nan
Episode: 3341/10000 (33.4100%),                 avg. length: 586.95,                last time consumption/overall running time: 415.6019s / 59907.4018 s
env0_first_0:                 episode reward: 0.2500,                 loss: 0.0218
env0_second_0:                 episode reward: -0.2500,                 loss: 0.0247
env1_first_0:                 episode reward: 0.2500,                 loss: nan
env1_second_0:                 episode reward: -0.2500,                 loss: nan
Episode: 3361/10000 (33.6100%),                 avg. length: 545.75,                last time consumption/overall running time: 385.7709s / 60293.1727 s
env0_first_0:                 episode reward: 0.4500,                 loss: 0.0252
env0_second_0:                 episode reward: -0.4500,                 loss: 0.0232
env1_first_0:                 episode reward: 0.5500,                 loss: nan
env1_second_0:                 episode reward: -0.5500,                 loss: nan
Episode: 3381/10000 (33.8100%),                 avg. length: 550.0,                last time consumption/overall running time: 395.4554s / 60688.6281 s
env0_first_0:                 episode reward: 0.7500,                 loss: 0.0236
env0_second_0:                 episode reward: -0.7500,                 loss: 0.0243
env1_first_0:                 episode reward: 0.0500,                 loss: nan
env1_second_0:                 episode reward: -0.0500,                 loss: nan
Episode: 3401/10000 (34.0100%),                 avg. length: 592.8,                last time consumption/overall running time: 422.7620s / 61111.3901 s
env0_first_0:                 episode reward: 1.0500,                 loss: 0.0238
env0_second_0:                 episode reward: -1.0500,                 loss: 0.0246
env1_first_0:                 episode reward: -0.8000,                 loss: nan
env1_second_0:                 episode reward: 0.8000,                 loss: nan
Episode: 3421/10000 (34.2100%),                 avg. length: 588.15,                last time consumption/overall running time: 422.1111s / 61533.5013 s
env0_first_0:                 episode reward: 0.2000,                 loss: 0.0227
env0_second_0:                 episode reward: -0.2000,                 loss: 0.0251
env1_first_0:                 episode reward: 0.1000,                 loss: nan
env1_second_0:                 episode reward: -0.1000,                 loss: nan
Episode: 3441/10000 (34.4100%),                 avg. length: 568.4,                last time consumption/overall running time: 408.5972s / 61942.0985 s
env0_first_0:                 episode reward: -0.0500,                 loss: 0.0224
env0_second_0:                 episode reward: 0.0500,                 loss: 0.0251
env1_first_0:                 episode reward: 0.7000,                 loss: nan
env1_second_0:                 episode reward: -0.7000,                 loss: nan
Episode: 3461/10000 (34.6100%),                 avg. length: 574.9,                last time consumption/overall running time: 413.2012s / 62355.2997 s
env0_first_0:                 episode reward: 0.7500,                 loss: 0.0245
env0_second_0:                 episode reward: -0.7500,                 loss: 0.0257
env1_first_0:                 episode reward: -0.4500,                 loss: nan
env1_second_0:                 episode reward: 0.4500,                 loss: nan
Episode: 3481/10000 (34.8100%),                 avg. length: 577.6,                last time consumption/overall running time: 414.5560s / 62769.8558 s
env0_first_0:                 episode reward: -0.5500,                 loss: 0.0238
env0_second_0:                 episode reward: 0.5500,                 loss: 0.0240
env1_first_0:                 episode reward: 1.2000,                 loss: nan
env1_second_0:                 episode reward: -1.2000,                 loss: nan
Episode: 3501/10000 (35.0100%),                 avg. length: 583.7,                last time consumption/overall running time: 418.6929s / 63188.5486 s
env0_first_0:                 episode reward: -0.0500,                 loss: 0.0224
env0_second_0:                 episode reward: 0.0500,                 loss: 0.0235
env1_first_0:                 episode reward: -0.3000,                 loss: nan
env1_second_0:                 episode reward: 0.3000,                 loss: nan
Episode: 3521/10000 (35.2100%),                 avg. length: 564.15,                last time consumption/overall running time: 405.5486s / 63594.0972 s
env0_first_0:                 episode reward: 0.4500,                 loss: 0.0241
env0_second_0:                 episode reward: -0.4500,                 loss: 0.0216
env1_first_0:                 episode reward: 0.0500,                 loss: nan
env1_second_0:                 episode reward: -0.0500,                 loss: nan
Episode: 3541/10000 (35.4100%),                 avg. length: 576.3,                last time consumption/overall running time: 414.3640s / 64008.4612 s
env0_first_0:                 episode reward: 1.0000,                 loss: 0.0234
env0_second_0:                 episode reward: -1.0000,                 loss: 0.0247
env1_first_0:                 episode reward: 0.3000,                 loss: nan
env1_second_0:                 episode reward: -0.3000,                 loss: nan
Episode: 3561/10000 (35.6100%),                 avg. length: 572.2,                last time consumption/overall running time: 411.6807s / 64420.1420 s
env0_first_0:                 episode reward: 0.4500,                 loss: 0.0236
env0_second_0:                 episode reward: -0.4500,                 loss: 0.0244
env1_first_0:                 episode reward: -0.9500,                 loss: nan
env1_second_0:                 episode reward: 0.9500,                 loss: nan
Episode: 3581/10000 (35.8100%),                 avg. length: 608.4,                last time consumption/overall running time: 435.6317s / 64855.7737 s
env0_first_0:                 episode reward: -0.3500,                 loss: 0.0228
env0_second_0:                 episode reward: 0.3500,                 loss: 0.0253
env1_first_0:                 episode reward: -1.0500,                 loss: nan
env1_second_0:                 episode reward: 1.0500,                 loss: nan
Episode: 3601/10000 (36.0100%),                 avg. length: 604.25,                last time consumption/overall running time: 436.8863s / 65292.6600 s
env0_first_0:                 episode reward: -0.5500,                 loss: 0.0243
env0_second_0:                 episode reward: 0.5500,                 loss: 0.0245
env1_first_0:                 episode reward: 0.3000,                 loss: nan
env1_second_0:                 episode reward: -0.3000,                 loss: nan
Episode: 3621/10000 (36.2100%),                 avg. length: 545.1,                last time consumption/overall running time: 387.0089s / 65679.6689 s
env0_first_0:                 episode reward: -0.5000,                 loss: 0.0236
env0_second_0:                 episode reward: 0.5000,                 loss: 0.0273
env1_first_0:                 episode reward: -1.2000,                 loss: nan
env1_second_0:                 episode reward: 1.2000,                 loss: nan
Episode: 3641/10000 (36.4100%),                 avg. length: 581.7,                last time consumption/overall running time: 413.7238s / 66093.3927 s
env0_first_0:                 episode reward: -0.2500,                 loss: 0.0204
env0_second_0:                 episode reward: 0.2500,                 loss: 0.0252
env1_first_0:                 episode reward: -0.2000,                 loss: nan
env1_second_0:                 episode reward: 0.2000,                 loss: nan
Episode: 3661/10000 (36.6100%),                 avg. length: 557.85,                last time consumption/overall running time: 395.3995s / 66488.7921 s